

================================================================
== Vitis HLS Report for 'mSP_findBounds'
================================================================
* Date:           Tue Aug  6 03:17:17 2024

* Version:        2020.2 (Build 3064766 on Wed Nov 18 09:12:45 MST 2020)
* Project:        PatchMaker_tanishGit
* Solution:       solutionSC5 (Vivado IP Flow Target)
* Product family: virtexuplus
* Target device:  xcvu19p-fsvb3824-2-e


================================================================
== Performance Estimates
================================================================
+ Timing: 
    * Summary: 
    +--------+---------+----------+------------+
    |  Clock |  Target | Estimated| Uncertainty|
    +--------+---------+----------+------------+
    |ap_clk  |  3.00 ns|  1.987 ns|     0.81 ns|
    +--------+---------+----------+------------+

+ Latency: 
    * Summary: 
    +---------+---------+----------+----------+-----+-----+---------+
    |  Latency (cycles) |  Latency (absolute) |  Interval | Pipeline|
    |   min   |   max   |    min   |    max   | min | max |   Type  |
    +---------+---------+----------+----------+-----+-----+---------+
    |        ?|        ?|         ?|         ?|    ?|    ?|     none|
    +---------+---------+----------+----------+-----+-----+---------+

    + Detail: 
        * Instance: 
        N/A

        * Loop: 
        +--------------------------------+---------+---------+----------+-----------+-----------+------+----------+
        |                                |  Latency (cycles) | Iteration|  Initiation Interval  | Trip |          |
        |            Loop Name           |   min   |   max   |  Latency |  achieved |   target  | Count| Pipelined|
        +--------------------------------+---------+---------+----------+-----------+-----------+------+----------+
        |- mSP_findLRBounds_LRdiscovery  |        ?|        ?|         3|          2|          1|     ?|       yes|
        +--------------------------------+---------+---------+----------+-----------+-----------+------+----------+

============================================================
+ Verbose Summary: Synthesis Manager
============================================================
InlineROM: 1
ExposeGlobal: 0
============================================================
+ Verbose Summary: CDFG Model
============================================================
IsTopModel: 0
ResetActiveHigh: 1
IsCombinational: 0
IsDatapathOnly: 0
HasWiredReturn: 1
HasMFsm: 0
HasVarLatency: 1
IsPipeline: 0
IsRtlPipelined: 0
IsInstanceOverlapped: 0
IsDontTouch: 0
HasImplIP: 0
IsGatedGlobalClock: 0

+ Individual pipeline summary: 
  * Pipeline-0: initiation interval (II) = 2, depth = 3


============================================================
+ Verbose Summary: Schedule
============================================================
* Number of FSM states : 6
* Pipeline : 1
  Pipeline-0 : II = 2, D = 3, States = { 3 4 5 }
* Dataflow Pipeline: 0

* FSM state transitions: 
1 --> 2 
2 --> 3 
3 --> 4 
4 --> 6 5 
5 --> 3 
6 --> 

* FSM state operations: 

State 1 <SV = 0> <Delay = 0.69>
ST_1 : Operation 7 [1/1] (0.00ns)   --->   "%i_read = read i3 @_ssdm_op_Read.ap_auto.i3, i3 %i"   --->   Operation 7 'read' 'i_read' <Predicate = true> <Delay = 0.00>
ST_1 : Operation 8 [1/1] (0.00ns)   --->   "%idxprom1 = zext i3 %i_read"   --->   Operation 8 'zext' 'idxprom1' <Predicate = true> <Delay = 0.00>
ST_1 : Operation 9 [1/1] (0.00ns)   --->   "%trapezoid_edges_V_addr = getelementptr i26 %trapezoid_edges_V, i64 0, i64 %idxprom1"   --->   Operation 9 'getelementptr' 'trapezoid_edges_V_addr' <Predicate = true> <Delay = 0.00>
ST_1 : Operation 10 [2/2] (0.69ns)   --->   "%rhs_10 = load i3 %trapezoid_edges_V_addr"   --->   Operation 10 'load' 'rhs_10' <Predicate = true> <Delay = 0.69> <CoreInst = "ROM">   --->   Core 101 'ROM' <Latency = 1> <II = 1> <Delay = 0.69> <Storage> <Opcode : 'load'> <Ports = 0> <Width = 26> <Depth = 5> <ROM>

State 2 <SV = 1> <Delay = 0.69>
ST_2 : Operation 11 [1/1] (0.00ns)   --->   "%projectionToRow_read = read i32 @_ssdm_op_Read.ap_auto.i32, i32 %projectionToRow"   --->   Operation 11 'read' 'projectionToRow_read' <Predicate = true> <Delay = 0.00>
ST_2 : Operation 12 [1/1] (0.00ns)   --->   "%row_list_size_read = read i32 @_ssdm_op_Read.ap_auto.i32, i32 %row_list_size"   --->   Operation 12 'read' 'row_list_size_read' <Predicate = true> <Delay = 0.00>
ST_2 : Operation 13 [1/1] (0.00ns)   --->   "%p_read_26957 = read i32 @_ssdm_op_Read.ap_auto.i32, i32 %p_read255"   --->   Operation 13 'read' 'p_read_26957' <Predicate = true> <Delay = 0.00>
ST_2 : Operation 14 [1/1] (0.00ns)   --->   "%p_read_26958 = read i32 @_ssdm_op_Read.ap_auto.i32, i32 %p_read254"   --->   Operation 14 'read' 'p_read_26958' <Predicate = true> <Delay = 0.00>
ST_2 : Operation 15 [1/1] (0.00ns)   --->   "%p_read_26959 = read i32 @_ssdm_op_Read.ap_auto.i32, i32 %p_read253"   --->   Operation 15 'read' 'p_read_26959' <Predicate = true> <Delay = 0.00>
ST_2 : Operation 16 [1/1] (0.00ns)   --->   "%p_read_26960 = read i32 @_ssdm_op_Read.ap_auto.i32, i32 %p_read252"   --->   Operation 16 'read' 'p_read_26960' <Predicate = true> <Delay = 0.00>
ST_2 : Operation 17 [1/1] (0.00ns)   --->   "%p_read_26961 = read i32 @_ssdm_op_Read.ap_auto.i32, i32 %p_read251"   --->   Operation 17 'read' 'p_read_26961' <Predicate = true> <Delay = 0.00>
ST_2 : Operation 18 [1/1] (0.00ns)   --->   "%p_read_26962 = read i32 @_ssdm_op_Read.ap_auto.i32, i32 %p_read250"   --->   Operation 18 'read' 'p_read_26962' <Predicate = true> <Delay = 0.00>
ST_2 : Operation 19 [1/1] (0.00ns)   --->   "%p_read_26963 = read i32 @_ssdm_op_Read.ap_auto.i32, i32 %p_read249"   --->   Operation 19 'read' 'p_read_26963' <Predicate = true> <Delay = 0.00>
ST_2 : Operation 20 [1/1] (0.00ns)   --->   "%p_read_26964 = read i32 @_ssdm_op_Read.ap_auto.i32, i32 %p_read248"   --->   Operation 20 'read' 'p_read_26964' <Predicate = true> <Delay = 0.00>
ST_2 : Operation 21 [1/1] (0.00ns)   --->   "%p_read_26965 = read i32 @_ssdm_op_Read.ap_auto.i32, i32 %p_read247"   --->   Operation 21 'read' 'p_read_26965' <Predicate = true> <Delay = 0.00>
ST_2 : Operation 22 [1/1] (0.00ns)   --->   "%p_read_26966 = read i32 @_ssdm_op_Read.ap_auto.i32, i32 %p_read246"   --->   Operation 22 'read' 'p_read_26966' <Predicate = true> <Delay = 0.00>
ST_2 : Operation 23 [1/1] (0.00ns)   --->   "%p_read_26967 = read i32 @_ssdm_op_Read.ap_auto.i32, i32 %p_read245"   --->   Operation 23 'read' 'p_read_26967' <Predicate = true> <Delay = 0.00>
ST_2 : Operation 24 [1/1] (0.00ns)   --->   "%p_read_26968 = read i32 @_ssdm_op_Read.ap_auto.i32, i32 %p_read244"   --->   Operation 24 'read' 'p_read_26968' <Predicate = true> <Delay = 0.00>
ST_2 : Operation 25 [1/1] (0.00ns)   --->   "%p_read_26969 = read i32 @_ssdm_op_Read.ap_auto.i32, i32 %p_read243"   --->   Operation 25 'read' 'p_read_26969' <Predicate = true> <Delay = 0.00>
ST_2 : Operation 26 [1/1] (0.00ns)   --->   "%p_read_26970 = read i32 @_ssdm_op_Read.ap_auto.i32, i32 %p_read242"   --->   Operation 26 'read' 'p_read_26970' <Predicate = true> <Delay = 0.00>
ST_2 : Operation 27 [1/1] (0.00ns)   --->   "%p_read_26971 = read i32 @_ssdm_op_Read.ap_auto.i32, i32 %p_read241"   --->   Operation 27 'read' 'p_read_26971' <Predicate = true> <Delay = 0.00>
ST_2 : Operation 28 [1/1] (0.00ns)   --->   "%p_read_26972 = read i32 @_ssdm_op_Read.ap_auto.i32, i32 %p_read240"   --->   Operation 28 'read' 'p_read_26972' <Predicate = true> <Delay = 0.00>
ST_2 : Operation 29 [1/1] (0.00ns)   --->   "%p_read_26973 = read i32 @_ssdm_op_Read.ap_auto.i32, i32 %p_read239"   --->   Operation 29 'read' 'p_read_26973' <Predicate = true> <Delay = 0.00>
ST_2 : Operation 30 [1/1] (0.00ns)   --->   "%p_read_26974 = read i32 @_ssdm_op_Read.ap_auto.i32, i32 %p_read238"   --->   Operation 30 'read' 'p_read_26974' <Predicate = true> <Delay = 0.00>
ST_2 : Operation 31 [1/1] (0.00ns)   --->   "%p_read_26975 = read i32 @_ssdm_op_Read.ap_auto.i32, i32 %p_read237"   --->   Operation 31 'read' 'p_read_26975' <Predicate = true> <Delay = 0.00>
ST_2 : Operation 32 [1/1] (0.00ns)   --->   "%p_read_26976 = read i32 @_ssdm_op_Read.ap_auto.i32, i32 %p_read236"   --->   Operation 32 'read' 'p_read_26976' <Predicate = true> <Delay = 0.00>
ST_2 : Operation 33 [1/1] (0.00ns)   --->   "%p_read_26977 = read i32 @_ssdm_op_Read.ap_auto.i32, i32 %p_read235"   --->   Operation 33 'read' 'p_read_26977' <Predicate = true> <Delay = 0.00>
ST_2 : Operation 34 [1/1] (0.00ns)   --->   "%p_read_26978 = read i32 @_ssdm_op_Read.ap_auto.i32, i32 %p_read234"   --->   Operation 34 'read' 'p_read_26978' <Predicate = true> <Delay = 0.00>
ST_2 : Operation 35 [1/1] (0.00ns)   --->   "%p_read_26979 = read i32 @_ssdm_op_Read.ap_auto.i32, i32 %p_read233"   --->   Operation 35 'read' 'p_read_26979' <Predicate = true> <Delay = 0.00>
ST_2 : Operation 36 [1/1] (0.00ns)   --->   "%p_read_26980 = read i32 @_ssdm_op_Read.ap_auto.i32, i32 %p_read232"   --->   Operation 36 'read' 'p_read_26980' <Predicate = true> <Delay = 0.00>
ST_2 : Operation 37 [1/1] (0.00ns)   --->   "%p_read_26981 = read i32 @_ssdm_op_Read.ap_auto.i32, i32 %p_read231"   --->   Operation 37 'read' 'p_read_26981' <Predicate = true> <Delay = 0.00>
ST_2 : Operation 38 [1/1] (0.00ns)   --->   "%p_read_26982 = read i32 @_ssdm_op_Read.ap_auto.i32, i32 %p_read230"   --->   Operation 38 'read' 'p_read_26982' <Predicate = true> <Delay = 0.00>
ST_2 : Operation 39 [1/1] (0.00ns)   --->   "%p_read_26983 = read i32 @_ssdm_op_Read.ap_auto.i32, i32 %p_read229"   --->   Operation 39 'read' 'p_read_26983' <Predicate = true> <Delay = 0.00>
ST_2 : Operation 40 [1/1] (0.00ns)   --->   "%p_read_26984 = read i32 @_ssdm_op_Read.ap_auto.i32, i32 %p_read228"   --->   Operation 40 'read' 'p_read_26984' <Predicate = true> <Delay = 0.00>
ST_2 : Operation 41 [1/1] (0.00ns)   --->   "%p_read_26985 = read i32 @_ssdm_op_Read.ap_auto.i32, i32 %p_read227"   --->   Operation 41 'read' 'p_read_26985' <Predicate = true> <Delay = 0.00>
ST_2 : Operation 42 [1/1] (0.00ns)   --->   "%p_read226482 = read i32 @_ssdm_op_Read.ap_auto.i32, i32 %p_read226"   --->   Operation 42 'read' 'p_read226482' <Predicate = true> <Delay = 0.00>
ST_2 : Operation 43 [1/1] (0.00ns)   --->   "%p_read225481 = read i32 @_ssdm_op_Read.ap_auto.i32, i32 %p_read225"   --->   Operation 43 'read' 'p_read225481' <Predicate = true> <Delay = 0.00>
ST_2 : Operation 44 [1/1] (0.00ns)   --->   "%p_read224480 = read i32 @_ssdm_op_Read.ap_auto.i32, i32 %p_read224"   --->   Operation 44 'read' 'p_read224480' <Predicate = true> <Delay = 0.00>
ST_2 : Operation 45 [1/1] (0.00ns)   --->   "%p_read223479 = read i32 @_ssdm_op_Read.ap_auto.i32, i32 %p_read223"   --->   Operation 45 'read' 'p_read223479' <Predicate = true> <Delay = 0.00>
ST_2 : Operation 46 [1/1] (0.00ns)   --->   "%p_read222478 = read i32 @_ssdm_op_Read.ap_auto.i32, i32 %p_read222"   --->   Operation 46 'read' 'p_read222478' <Predicate = true> <Delay = 0.00>
ST_2 : Operation 47 [1/1] (0.00ns)   --->   "%p_read221477 = read i32 @_ssdm_op_Read.ap_auto.i32, i32 %p_read221"   --->   Operation 47 'read' 'p_read221477' <Predicate = true> <Delay = 0.00>
ST_2 : Operation 48 [1/1] (0.00ns)   --->   "%p_read220476 = read i32 @_ssdm_op_Read.ap_auto.i32, i32 %p_read220"   --->   Operation 48 'read' 'p_read220476' <Predicate = true> <Delay = 0.00>
ST_2 : Operation 49 [1/1] (0.00ns)   --->   "%p_read219475 = read i32 @_ssdm_op_Read.ap_auto.i32, i32 %p_read219"   --->   Operation 49 'read' 'p_read219475' <Predicate = true> <Delay = 0.00>
ST_2 : Operation 50 [1/1] (0.00ns)   --->   "%p_read218474 = read i32 @_ssdm_op_Read.ap_auto.i32, i32 %p_read218"   --->   Operation 50 'read' 'p_read218474' <Predicate = true> <Delay = 0.00>
ST_2 : Operation 51 [1/1] (0.00ns)   --->   "%p_read217473 = read i32 @_ssdm_op_Read.ap_auto.i32, i32 %p_read217"   --->   Operation 51 'read' 'p_read217473' <Predicate = true> <Delay = 0.00>
ST_2 : Operation 52 [1/1] (0.00ns)   --->   "%p_read216472 = read i32 @_ssdm_op_Read.ap_auto.i32, i32 %p_read216"   --->   Operation 52 'read' 'p_read216472' <Predicate = true> <Delay = 0.00>
ST_2 : Operation 53 [1/1] (0.00ns)   --->   "%p_read215471 = read i32 @_ssdm_op_Read.ap_auto.i32, i32 %p_read215"   --->   Operation 53 'read' 'p_read215471' <Predicate = true> <Delay = 0.00>
ST_2 : Operation 54 [1/1] (0.00ns)   --->   "%p_read214470 = read i32 @_ssdm_op_Read.ap_auto.i32, i32 %p_read214"   --->   Operation 54 'read' 'p_read214470' <Predicate = true> <Delay = 0.00>
ST_2 : Operation 55 [1/1] (0.00ns)   --->   "%p_read213469 = read i32 @_ssdm_op_Read.ap_auto.i32, i32 %p_read213"   --->   Operation 55 'read' 'p_read213469' <Predicate = true> <Delay = 0.00>
ST_2 : Operation 56 [1/1] (0.00ns)   --->   "%p_read212468 = read i32 @_ssdm_op_Read.ap_auto.i32, i32 %p_read212"   --->   Operation 56 'read' 'p_read212468' <Predicate = true> <Delay = 0.00>
ST_2 : Operation 57 [1/1] (0.00ns)   --->   "%p_read211467 = read i32 @_ssdm_op_Read.ap_auto.i32, i32 %p_read211"   --->   Operation 57 'read' 'p_read211467' <Predicate = true> <Delay = 0.00>
ST_2 : Operation 58 [1/1] (0.00ns)   --->   "%p_read210466 = read i32 @_ssdm_op_Read.ap_auto.i32, i32 %p_read210"   --->   Operation 58 'read' 'p_read210466' <Predicate = true> <Delay = 0.00>
ST_2 : Operation 59 [1/1] (0.00ns)   --->   "%p_read209465 = read i32 @_ssdm_op_Read.ap_auto.i32, i32 %p_read209"   --->   Operation 59 'read' 'p_read209465' <Predicate = true> <Delay = 0.00>
ST_2 : Operation 60 [1/1] (0.00ns)   --->   "%p_read208464 = read i32 @_ssdm_op_Read.ap_auto.i32, i32 %p_read208"   --->   Operation 60 'read' 'p_read208464' <Predicate = true> <Delay = 0.00>
ST_2 : Operation 61 [1/1] (0.00ns)   --->   "%p_read207463 = read i32 @_ssdm_op_Read.ap_auto.i32, i32 %p_read207"   --->   Operation 61 'read' 'p_read207463' <Predicate = true> <Delay = 0.00>
ST_2 : Operation 62 [1/1] (0.00ns)   --->   "%p_read206462 = read i32 @_ssdm_op_Read.ap_auto.i32, i32 %p_read206"   --->   Operation 62 'read' 'p_read206462' <Predicate = true> <Delay = 0.00>
ST_2 : Operation 63 [1/1] (0.00ns)   --->   "%p_read205461 = read i32 @_ssdm_op_Read.ap_auto.i32, i32 %p_read205"   --->   Operation 63 'read' 'p_read205461' <Predicate = true> <Delay = 0.00>
ST_2 : Operation 64 [1/1] (0.00ns)   --->   "%p_read204460 = read i32 @_ssdm_op_Read.ap_auto.i32, i32 %p_read204"   --->   Operation 64 'read' 'p_read204460' <Predicate = true> <Delay = 0.00>
ST_2 : Operation 65 [1/1] (0.00ns)   --->   "%p_read203459 = read i32 @_ssdm_op_Read.ap_auto.i32, i32 %p_read203"   --->   Operation 65 'read' 'p_read203459' <Predicate = true> <Delay = 0.00>
ST_2 : Operation 66 [1/1] (0.00ns)   --->   "%p_read202458 = read i32 @_ssdm_op_Read.ap_auto.i32, i32 %p_read202"   --->   Operation 66 'read' 'p_read202458' <Predicate = true> <Delay = 0.00>
ST_2 : Operation 67 [1/1] (0.00ns)   --->   "%p_read201457 = read i32 @_ssdm_op_Read.ap_auto.i32, i32 %p_read201"   --->   Operation 67 'read' 'p_read201457' <Predicate = true> <Delay = 0.00>
ST_2 : Operation 68 [1/1] (0.00ns)   --->   "%p_read200456 = read i32 @_ssdm_op_Read.ap_auto.i32, i32 %p_read200"   --->   Operation 68 'read' 'p_read200456' <Predicate = true> <Delay = 0.00>
ST_2 : Operation 69 [1/1] (0.00ns)   --->   "%p_read_26986 = read i32 @_ssdm_op_Read.ap_auto.i32, i32 %p_read199"   --->   Operation 69 'read' 'p_read_26986' <Predicate = true> <Delay = 0.00>
ST_2 : Operation 70 [1/1] (0.00ns)   --->   "%p_read_26987 = read i32 @_ssdm_op_Read.ap_auto.i32, i32 %p_read198"   --->   Operation 70 'read' 'p_read_26987' <Predicate = true> <Delay = 0.00>
ST_2 : Operation 71 [1/1] (0.00ns)   --->   "%p_read_26988 = read i32 @_ssdm_op_Read.ap_auto.i32, i32 %p_read197"   --->   Operation 71 'read' 'p_read_26988' <Predicate = true> <Delay = 0.00>
ST_2 : Operation 72 [1/1] (0.00ns)   --->   "%p_read_26989 = read i32 @_ssdm_op_Read.ap_auto.i32, i32 %p_read196"   --->   Operation 72 'read' 'p_read_26989' <Predicate = true> <Delay = 0.00>
ST_2 : Operation 73 [1/1] (0.00ns)   --->   "%p_read_26990 = read i32 @_ssdm_op_Read.ap_auto.i32, i32 %p_read195"   --->   Operation 73 'read' 'p_read_26990' <Predicate = true> <Delay = 0.00>
ST_2 : Operation 74 [1/1] (0.00ns)   --->   "%p_read_26991 = read i32 @_ssdm_op_Read.ap_auto.i32, i32 %p_read194"   --->   Operation 74 'read' 'p_read_26991' <Predicate = true> <Delay = 0.00>
ST_2 : Operation 75 [1/1] (0.00ns)   --->   "%p_read_26992 = read i32 @_ssdm_op_Read.ap_auto.i32, i32 %p_read193"   --->   Operation 75 'read' 'p_read_26992' <Predicate = true> <Delay = 0.00>
ST_2 : Operation 76 [1/1] (0.00ns)   --->   "%p_read_26993 = read i32 @_ssdm_op_Read.ap_auto.i32, i32 %p_read192"   --->   Operation 76 'read' 'p_read_26993' <Predicate = true> <Delay = 0.00>
ST_2 : Operation 77 [1/1] (0.00ns)   --->   "%p_read_26994 = read i32 @_ssdm_op_Read.ap_auto.i32, i32 %p_read191"   --->   Operation 77 'read' 'p_read_26994' <Predicate = true> <Delay = 0.00>
ST_2 : Operation 78 [1/1] (0.00ns)   --->   "%p_read_26995 = read i32 @_ssdm_op_Read.ap_auto.i32, i32 %p_read190"   --->   Operation 78 'read' 'p_read_26995' <Predicate = true> <Delay = 0.00>
ST_2 : Operation 79 [1/1] (0.00ns)   --->   "%p_read_26996 = read i32 @_ssdm_op_Read.ap_auto.i32, i32 %p_read189"   --->   Operation 79 'read' 'p_read_26996' <Predicate = true> <Delay = 0.00>
ST_2 : Operation 80 [1/1] (0.00ns)   --->   "%p_read_26997 = read i32 @_ssdm_op_Read.ap_auto.i32, i32 %p_read188"   --->   Operation 80 'read' 'p_read_26997' <Predicate = true> <Delay = 0.00>
ST_2 : Operation 81 [1/1] (0.00ns)   --->   "%p_read_26998 = read i32 @_ssdm_op_Read.ap_auto.i32, i32 %p_read187"   --->   Operation 81 'read' 'p_read_26998' <Predicate = true> <Delay = 0.00>
ST_2 : Operation 82 [1/1] (0.00ns)   --->   "%p_read_26999 = read i32 @_ssdm_op_Read.ap_auto.i32, i32 %p_read186"   --->   Operation 82 'read' 'p_read_26999' <Predicate = true> <Delay = 0.00>
ST_2 : Operation 83 [1/1] (0.00ns)   --->   "%p_read_27000 = read i32 @_ssdm_op_Read.ap_auto.i32, i32 %p_read185"   --->   Operation 83 'read' 'p_read_27000' <Predicate = true> <Delay = 0.00>
ST_2 : Operation 84 [1/1] (0.00ns)   --->   "%p_read_27001 = read i32 @_ssdm_op_Read.ap_auto.i32, i32 %p_read184"   --->   Operation 84 'read' 'p_read_27001' <Predicate = true> <Delay = 0.00>
ST_2 : Operation 85 [1/1] (0.00ns)   --->   "%p_read_27002 = read i32 @_ssdm_op_Read.ap_auto.i32, i32 %p_read183"   --->   Operation 85 'read' 'p_read_27002' <Predicate = true> <Delay = 0.00>
ST_2 : Operation 86 [1/1] (0.00ns)   --->   "%p_read_27003 = read i32 @_ssdm_op_Read.ap_auto.i32, i32 %p_read182"   --->   Operation 86 'read' 'p_read_27003' <Predicate = true> <Delay = 0.00>
ST_2 : Operation 87 [1/1] (0.00ns)   --->   "%p_read_27004 = read i32 @_ssdm_op_Read.ap_auto.i32, i32 %p_read181"   --->   Operation 87 'read' 'p_read_27004' <Predicate = true> <Delay = 0.00>
ST_2 : Operation 88 [1/1] (0.00ns)   --->   "%p_read_27005 = read i32 @_ssdm_op_Read.ap_auto.i32, i32 %p_read180"   --->   Operation 88 'read' 'p_read_27005' <Predicate = true> <Delay = 0.00>
ST_2 : Operation 89 [1/1] (0.00ns)   --->   "%p_read_27006 = read i32 @_ssdm_op_Read.ap_auto.i32, i32 %p_read179"   --->   Operation 89 'read' 'p_read_27006' <Predicate = true> <Delay = 0.00>
ST_2 : Operation 90 [1/1] (0.00ns)   --->   "%p_read_27007 = read i32 @_ssdm_op_Read.ap_auto.i32, i32 %p_read178"   --->   Operation 90 'read' 'p_read_27007' <Predicate = true> <Delay = 0.00>
ST_2 : Operation 91 [1/1] (0.00ns)   --->   "%p_read_27008 = read i32 @_ssdm_op_Read.ap_auto.i32, i32 %p_read177"   --->   Operation 91 'read' 'p_read_27008' <Predicate = true> <Delay = 0.00>
ST_2 : Operation 92 [1/1] (0.00ns)   --->   "%p_read_27009 = read i32 @_ssdm_op_Read.ap_auto.i32, i32 %p_read176"   --->   Operation 92 'read' 'p_read_27009' <Predicate = true> <Delay = 0.00>
ST_2 : Operation 93 [1/1] (0.00ns)   --->   "%p_read_27010 = read i32 @_ssdm_op_Read.ap_auto.i32, i32 %p_read175"   --->   Operation 93 'read' 'p_read_27010' <Predicate = true> <Delay = 0.00>
ST_2 : Operation 94 [1/1] (0.00ns)   --->   "%p_read_27011 = read i32 @_ssdm_op_Read.ap_auto.i32, i32 %p_read174"   --->   Operation 94 'read' 'p_read_27011' <Predicate = true> <Delay = 0.00>
ST_2 : Operation 95 [1/1] (0.00ns)   --->   "%p_read_27012 = read i32 @_ssdm_op_Read.ap_auto.i32, i32 %p_read173"   --->   Operation 95 'read' 'p_read_27012' <Predicate = true> <Delay = 0.00>
ST_2 : Operation 96 [1/1] (0.00ns)   --->   "%p_read_27013 = read i32 @_ssdm_op_Read.ap_auto.i32, i32 %p_read172"   --->   Operation 96 'read' 'p_read_27013' <Predicate = true> <Delay = 0.00>
ST_2 : Operation 97 [1/1] (0.00ns)   --->   "%p_read_27014 = read i32 @_ssdm_op_Read.ap_auto.i32, i32 %p_read171"   --->   Operation 97 'read' 'p_read_27014' <Predicate = true> <Delay = 0.00>
ST_2 : Operation 98 [1/1] (0.00ns)   --->   "%p_read_27015 = read i32 @_ssdm_op_Read.ap_auto.i32, i32 %p_read170"   --->   Operation 98 'read' 'p_read_27015' <Predicate = true> <Delay = 0.00>
ST_2 : Operation 99 [1/1] (0.00ns)   --->   "%p_read_27016 = read i32 @_ssdm_op_Read.ap_auto.i32, i32 %p_read169"   --->   Operation 99 'read' 'p_read_27016' <Predicate = true> <Delay = 0.00>
ST_2 : Operation 100 [1/1] (0.00ns)   --->   "%p_read_27017 = read i32 @_ssdm_op_Read.ap_auto.i32, i32 %p_read168"   --->   Operation 100 'read' 'p_read_27017' <Predicate = true> <Delay = 0.00>
ST_2 : Operation 101 [1/1] (0.00ns)   --->   "%p_read_27018 = read i32 @_ssdm_op_Read.ap_auto.i32, i32 %p_read167"   --->   Operation 101 'read' 'p_read_27018' <Predicate = true> <Delay = 0.00>
ST_2 : Operation 102 [1/1] (0.00ns)   --->   "%p_read_27019 = read i32 @_ssdm_op_Read.ap_auto.i32, i32 %p_read166"   --->   Operation 102 'read' 'p_read_27019' <Predicate = true> <Delay = 0.00>
ST_2 : Operation 103 [1/1] (0.00ns)   --->   "%p_read_27020 = read i32 @_ssdm_op_Read.ap_auto.i32, i32 %p_read165"   --->   Operation 103 'read' 'p_read_27020' <Predicate = true> <Delay = 0.00>
ST_2 : Operation 104 [1/1] (0.00ns)   --->   "%p_read_27021 = read i32 @_ssdm_op_Read.ap_auto.i32, i32 %p_read164"   --->   Operation 104 'read' 'p_read_27021' <Predicate = true> <Delay = 0.00>
ST_2 : Operation 105 [1/1] (0.00ns)   --->   "%p_read_27022 = read i32 @_ssdm_op_Read.ap_auto.i32, i32 %p_read163"   --->   Operation 105 'read' 'p_read_27022' <Predicate = true> <Delay = 0.00>
ST_2 : Operation 106 [1/1] (0.00ns)   --->   "%p_read_27023 = read i32 @_ssdm_op_Read.ap_auto.i32, i32 %p_read162"   --->   Operation 106 'read' 'p_read_27023' <Predicate = true> <Delay = 0.00>
ST_2 : Operation 107 [1/1] (0.00ns)   --->   "%p_read_27024 = read i32 @_ssdm_op_Read.ap_auto.i32, i32 %p_read161"   --->   Operation 107 'read' 'p_read_27024' <Predicate = true> <Delay = 0.00>
ST_2 : Operation 108 [1/1] (0.00ns)   --->   "%p_read_27025 = read i32 @_ssdm_op_Read.ap_auto.i32, i32 %p_read160"   --->   Operation 108 'read' 'p_read_27025' <Predicate = true> <Delay = 0.00>
ST_2 : Operation 109 [1/1] (0.00ns)   --->   "%p_read_27026 = read i32 @_ssdm_op_Read.ap_auto.i32, i32 %p_read159"   --->   Operation 109 'read' 'p_read_27026' <Predicate = true> <Delay = 0.00>
ST_2 : Operation 110 [1/1] (0.00ns)   --->   "%p_read_27027 = read i32 @_ssdm_op_Read.ap_auto.i32, i32 %p_read158"   --->   Operation 110 'read' 'p_read_27027' <Predicate = true> <Delay = 0.00>
ST_2 : Operation 111 [1/1] (0.00ns)   --->   "%p_read_27028 = read i32 @_ssdm_op_Read.ap_auto.i32, i32 %p_read157"   --->   Operation 111 'read' 'p_read_27028' <Predicate = true> <Delay = 0.00>
ST_2 : Operation 112 [1/1] (0.00ns)   --->   "%p_read_27029 = read i32 @_ssdm_op_Read.ap_auto.i32, i32 %p_read156"   --->   Operation 112 'read' 'p_read_27029' <Predicate = true> <Delay = 0.00>
ST_2 : Operation 113 [1/1] (0.00ns)   --->   "%p_read_27030 = read i32 @_ssdm_op_Read.ap_auto.i32, i32 %p_read155"   --->   Operation 113 'read' 'p_read_27030' <Predicate = true> <Delay = 0.00>
ST_2 : Operation 114 [1/1] (0.00ns)   --->   "%p_read_27031 = read i32 @_ssdm_op_Read.ap_auto.i32, i32 %p_read154"   --->   Operation 114 'read' 'p_read_27031' <Predicate = true> <Delay = 0.00>
ST_2 : Operation 115 [1/1] (0.00ns)   --->   "%p_read_27032 = read i32 @_ssdm_op_Read.ap_auto.i32, i32 %p_read153"   --->   Operation 115 'read' 'p_read_27032' <Predicate = true> <Delay = 0.00>
ST_2 : Operation 116 [1/1] (0.00ns)   --->   "%p_read_27033 = read i32 @_ssdm_op_Read.ap_auto.i32, i32 %p_read152"   --->   Operation 116 'read' 'p_read_27033' <Predicate = true> <Delay = 0.00>
ST_2 : Operation 117 [1/1] (0.00ns)   --->   "%p_read_27034 = read i32 @_ssdm_op_Read.ap_auto.i32, i32 %p_read151"   --->   Operation 117 'read' 'p_read_27034' <Predicate = true> <Delay = 0.00>
ST_2 : Operation 118 [1/1] (0.00ns)   --->   "%p_read_27035 = read i32 @_ssdm_op_Read.ap_auto.i32, i32 %p_read150"   --->   Operation 118 'read' 'p_read_27035' <Predicate = true> <Delay = 0.00>
ST_2 : Operation 119 [1/1] (0.00ns)   --->   "%p_read_27036 = read i32 @_ssdm_op_Read.ap_auto.i32, i32 %p_read149"   --->   Operation 119 'read' 'p_read_27036' <Predicate = true> <Delay = 0.00>
ST_2 : Operation 120 [1/1] (0.00ns)   --->   "%p_read_27037 = read i32 @_ssdm_op_Read.ap_auto.i32, i32 %p_read148"   --->   Operation 120 'read' 'p_read_27037' <Predicate = true> <Delay = 0.00>
ST_2 : Operation 121 [1/1] (0.00ns)   --->   "%p_read_27038 = read i32 @_ssdm_op_Read.ap_auto.i32, i32 %p_read147"   --->   Operation 121 'read' 'p_read_27038' <Predicate = true> <Delay = 0.00>
ST_2 : Operation 122 [1/1] (0.00ns)   --->   "%p_read_27039 = read i32 @_ssdm_op_Read.ap_auto.i32, i32 %p_read146"   --->   Operation 122 'read' 'p_read_27039' <Predicate = true> <Delay = 0.00>
ST_2 : Operation 123 [1/1] (0.00ns)   --->   "%p_read_27040 = read i32 @_ssdm_op_Read.ap_auto.i32, i32 %p_read145"   --->   Operation 123 'read' 'p_read_27040' <Predicate = true> <Delay = 0.00>
ST_2 : Operation 124 [1/1] (0.00ns)   --->   "%p_read_27041 = read i32 @_ssdm_op_Read.ap_auto.i32, i32 %p_read144"   --->   Operation 124 'read' 'p_read_27041' <Predicate = true> <Delay = 0.00>
ST_2 : Operation 125 [1/1] (0.00ns)   --->   "%p_read_27042 = read i32 @_ssdm_op_Read.ap_auto.i32, i32 %p_read143"   --->   Operation 125 'read' 'p_read_27042' <Predicate = true> <Delay = 0.00>
ST_2 : Operation 126 [1/1] (0.00ns)   --->   "%p_read_27043 = read i32 @_ssdm_op_Read.ap_auto.i32, i32 %p_read142"   --->   Operation 126 'read' 'p_read_27043' <Predicate = true> <Delay = 0.00>
ST_2 : Operation 127 [1/1] (0.00ns)   --->   "%p_read_27044 = read i32 @_ssdm_op_Read.ap_auto.i32, i32 %p_read141"   --->   Operation 127 'read' 'p_read_27044' <Predicate = true> <Delay = 0.00>
ST_2 : Operation 128 [1/1] (0.00ns)   --->   "%p_read_27045 = read i32 @_ssdm_op_Read.ap_auto.i32, i32 %p_read140"   --->   Operation 128 'read' 'p_read_27045' <Predicate = true> <Delay = 0.00>
ST_2 : Operation 129 [1/1] (0.00ns)   --->   "%p_read_27046 = read i32 @_ssdm_op_Read.ap_auto.i32, i32 %p_read139"   --->   Operation 129 'read' 'p_read_27046' <Predicate = true> <Delay = 0.00>
ST_2 : Operation 130 [1/1] (0.00ns)   --->   "%p_read_27047 = read i32 @_ssdm_op_Read.ap_auto.i32, i32 %p_read138"   --->   Operation 130 'read' 'p_read_27047' <Predicate = true> <Delay = 0.00>
ST_2 : Operation 131 [1/1] (0.00ns)   --->   "%p_read_27048 = read i32 @_ssdm_op_Read.ap_auto.i32, i32 %p_read137"   --->   Operation 131 'read' 'p_read_27048' <Predicate = true> <Delay = 0.00>
ST_2 : Operation 132 [1/1] (0.00ns)   --->   "%p_read_27049 = read i32 @_ssdm_op_Read.ap_auto.i32, i32 %p_read136"   --->   Operation 132 'read' 'p_read_27049' <Predicate = true> <Delay = 0.00>
ST_2 : Operation 133 [1/1] (0.00ns)   --->   "%p_read_27050 = read i32 @_ssdm_op_Read.ap_auto.i32, i32 %p_read135"   --->   Operation 133 'read' 'p_read_27050' <Predicate = true> <Delay = 0.00>
ST_2 : Operation 134 [1/1] (0.00ns)   --->   "%p_read_27051 = read i32 @_ssdm_op_Read.ap_auto.i32, i32 %p_read134"   --->   Operation 134 'read' 'p_read_27051' <Predicate = true> <Delay = 0.00>
ST_2 : Operation 135 [1/1] (0.00ns)   --->   "%p_read_27052 = read i32 @_ssdm_op_Read.ap_auto.i32, i32 %p_read133"   --->   Operation 135 'read' 'p_read_27052' <Predicate = true> <Delay = 0.00>
ST_2 : Operation 136 [1/1] (0.00ns)   --->   "%p_read_27053 = read i32 @_ssdm_op_Read.ap_auto.i32, i32 %p_read132"   --->   Operation 136 'read' 'p_read_27053' <Predicate = true> <Delay = 0.00>
ST_2 : Operation 137 [1/1] (0.00ns)   --->   "%p_read_27054 = read i32 @_ssdm_op_Read.ap_auto.i32, i32 %p_read131"   --->   Operation 137 'read' 'p_read_27054' <Predicate = true> <Delay = 0.00>
ST_2 : Operation 138 [1/1] (0.00ns)   --->   "%p_read_27055 = read i32 @_ssdm_op_Read.ap_auto.i32, i32 %p_read130"   --->   Operation 138 'read' 'p_read_27055' <Predicate = true> <Delay = 0.00>
ST_2 : Operation 139 [1/1] (0.00ns)   --->   "%p_read_27056 = read i32 @_ssdm_op_Read.ap_auto.i32, i32 %p_read129"   --->   Operation 139 'read' 'p_read_27056' <Predicate = true> <Delay = 0.00>
ST_2 : Operation 140 [1/1] (0.00ns)   --->   "%p_read_27057 = read i32 @_ssdm_op_Read.ap_auto.i32, i32 %p_read128"   --->   Operation 140 'read' 'p_read_27057' <Predicate = true> <Delay = 0.00>
ST_2 : Operation 141 [1/1] (0.00ns)   --->   "%p_read_27058 = read i32 @_ssdm_op_Read.ap_auto.i32, i32 %p_read127"   --->   Operation 141 'read' 'p_read_27058' <Predicate = true> <Delay = 0.00>
ST_2 : Operation 142 [1/1] (0.00ns)   --->   "%p_read126382 = read i32 @_ssdm_op_Read.ap_auto.i32, i32 %p_read126"   --->   Operation 142 'read' 'p_read126382' <Predicate = true> <Delay = 0.00>
ST_2 : Operation 143 [1/1] (0.00ns)   --->   "%p_read125381 = read i32 @_ssdm_op_Read.ap_auto.i32, i32 %p_read125"   --->   Operation 143 'read' 'p_read125381' <Predicate = true> <Delay = 0.00>
ST_2 : Operation 144 [1/1] (0.00ns)   --->   "%p_read124380 = read i32 @_ssdm_op_Read.ap_auto.i32, i32 %p_read124"   --->   Operation 144 'read' 'p_read124380' <Predicate = true> <Delay = 0.00>
ST_2 : Operation 145 [1/1] (0.00ns)   --->   "%p_read123379 = read i32 @_ssdm_op_Read.ap_auto.i32, i32 %p_read123"   --->   Operation 145 'read' 'p_read123379' <Predicate = true> <Delay = 0.00>
ST_2 : Operation 146 [1/1] (0.00ns)   --->   "%p_read122378 = read i32 @_ssdm_op_Read.ap_auto.i32, i32 %p_read122"   --->   Operation 146 'read' 'p_read122378' <Predicate = true> <Delay = 0.00>
ST_2 : Operation 147 [1/1] (0.00ns)   --->   "%p_read121377 = read i32 @_ssdm_op_Read.ap_auto.i32, i32 %p_read121"   --->   Operation 147 'read' 'p_read121377' <Predicate = true> <Delay = 0.00>
ST_2 : Operation 148 [1/1] (0.00ns)   --->   "%p_read120376 = read i32 @_ssdm_op_Read.ap_auto.i32, i32 %p_read120"   --->   Operation 148 'read' 'p_read120376' <Predicate = true> <Delay = 0.00>
ST_2 : Operation 149 [1/1] (0.00ns)   --->   "%p_read119375 = read i32 @_ssdm_op_Read.ap_auto.i32, i32 %p_read119"   --->   Operation 149 'read' 'p_read119375' <Predicate = true> <Delay = 0.00>
ST_2 : Operation 150 [1/1] (0.00ns)   --->   "%p_read118374 = read i32 @_ssdm_op_Read.ap_auto.i32, i32 %p_read118"   --->   Operation 150 'read' 'p_read118374' <Predicate = true> <Delay = 0.00>
ST_2 : Operation 151 [1/1] (0.00ns)   --->   "%p_read117373 = read i32 @_ssdm_op_Read.ap_auto.i32, i32 %p_read117"   --->   Operation 151 'read' 'p_read117373' <Predicate = true> <Delay = 0.00>
ST_2 : Operation 152 [1/1] (0.00ns)   --->   "%p_read116372 = read i32 @_ssdm_op_Read.ap_auto.i32, i32 %p_read116"   --->   Operation 152 'read' 'p_read116372' <Predicate = true> <Delay = 0.00>
ST_2 : Operation 153 [1/1] (0.00ns)   --->   "%p_read115371 = read i32 @_ssdm_op_Read.ap_auto.i32, i32 %p_read115"   --->   Operation 153 'read' 'p_read115371' <Predicate = true> <Delay = 0.00>
ST_2 : Operation 154 [1/1] (0.00ns)   --->   "%p_read114370 = read i32 @_ssdm_op_Read.ap_auto.i32, i32 %p_read114"   --->   Operation 154 'read' 'p_read114370' <Predicate = true> <Delay = 0.00>
ST_2 : Operation 155 [1/1] (0.00ns)   --->   "%p_read113369 = read i32 @_ssdm_op_Read.ap_auto.i32, i32 %p_read113"   --->   Operation 155 'read' 'p_read113369' <Predicate = true> <Delay = 0.00>
ST_2 : Operation 156 [1/1] (0.00ns)   --->   "%p_read112368 = read i32 @_ssdm_op_Read.ap_auto.i32, i32 %p_read112"   --->   Operation 156 'read' 'p_read112368' <Predicate = true> <Delay = 0.00>
ST_2 : Operation 157 [1/1] (0.00ns)   --->   "%p_read111367 = read i32 @_ssdm_op_Read.ap_auto.i32, i32 %p_read111"   --->   Operation 157 'read' 'p_read111367' <Predicate = true> <Delay = 0.00>
ST_2 : Operation 158 [1/1] (0.00ns)   --->   "%p_read110366 = read i32 @_ssdm_op_Read.ap_auto.i32, i32 %p_read110"   --->   Operation 158 'read' 'p_read110366' <Predicate = true> <Delay = 0.00>
ST_2 : Operation 159 [1/1] (0.00ns)   --->   "%p_read109365 = read i32 @_ssdm_op_Read.ap_auto.i32, i32 %p_read109"   --->   Operation 159 'read' 'p_read109365' <Predicate = true> <Delay = 0.00>
ST_2 : Operation 160 [1/1] (0.00ns)   --->   "%p_read108364 = read i32 @_ssdm_op_Read.ap_auto.i32, i32 %p_read108"   --->   Operation 160 'read' 'p_read108364' <Predicate = true> <Delay = 0.00>
ST_2 : Operation 161 [1/1] (0.00ns)   --->   "%p_read107363 = read i32 @_ssdm_op_Read.ap_auto.i32, i32 %p_read107"   --->   Operation 161 'read' 'p_read107363' <Predicate = true> <Delay = 0.00>
ST_2 : Operation 162 [1/1] (0.00ns)   --->   "%p_read106362 = read i32 @_ssdm_op_Read.ap_auto.i32, i32 %p_read106"   --->   Operation 162 'read' 'p_read106362' <Predicate = true> <Delay = 0.00>
ST_2 : Operation 163 [1/1] (0.00ns)   --->   "%p_read105361 = read i32 @_ssdm_op_Read.ap_auto.i32, i32 %p_read105"   --->   Operation 163 'read' 'p_read105361' <Predicate = true> <Delay = 0.00>
ST_2 : Operation 164 [1/1] (0.00ns)   --->   "%p_read104360 = read i32 @_ssdm_op_Read.ap_auto.i32, i32 %p_read104"   --->   Operation 164 'read' 'p_read104360' <Predicate = true> <Delay = 0.00>
ST_2 : Operation 165 [1/1] (0.00ns)   --->   "%p_read103359 = read i32 @_ssdm_op_Read.ap_auto.i32, i32 %p_read103"   --->   Operation 165 'read' 'p_read103359' <Predicate = true> <Delay = 0.00>
ST_2 : Operation 166 [1/1] (0.00ns)   --->   "%p_read102358 = read i32 @_ssdm_op_Read.ap_auto.i32, i32 %p_read102"   --->   Operation 166 'read' 'p_read102358' <Predicate = true> <Delay = 0.00>
ST_2 : Operation 167 [1/1] (0.00ns)   --->   "%p_read101357 = read i32 @_ssdm_op_Read.ap_auto.i32, i32 %p_read101"   --->   Operation 167 'read' 'p_read101357' <Predicate = true> <Delay = 0.00>
ST_2 : Operation 168 [1/1] (0.00ns)   --->   "%p_read100356 = read i32 @_ssdm_op_Read.ap_auto.i32, i32 %p_read100"   --->   Operation 168 'read' 'p_read100356' <Predicate = true> <Delay = 0.00>
ST_2 : Operation 169 [1/1] (0.00ns)   --->   "%p_read99355 = read i32 @_ssdm_op_Read.ap_auto.i32, i32 %p_read99"   --->   Operation 169 'read' 'p_read99355' <Predicate = true> <Delay = 0.00>
ST_2 : Operation 170 [1/1] (0.00ns)   --->   "%p_read98354 = read i32 @_ssdm_op_Read.ap_auto.i32, i32 %p_read98"   --->   Operation 170 'read' 'p_read98354' <Predicate = true> <Delay = 0.00>
ST_2 : Operation 171 [1/1] (0.00ns)   --->   "%p_read97353 = read i32 @_ssdm_op_Read.ap_auto.i32, i32 %p_read97"   --->   Operation 171 'read' 'p_read97353' <Predicate = true> <Delay = 0.00>
ST_2 : Operation 172 [1/1] (0.00ns)   --->   "%p_read96352 = read i32 @_ssdm_op_Read.ap_auto.i32, i32 %p_read96"   --->   Operation 172 'read' 'p_read96352' <Predicate = true> <Delay = 0.00>
ST_2 : Operation 173 [1/1] (0.00ns)   --->   "%p_read95351 = read i32 @_ssdm_op_Read.ap_auto.i32, i32 %p_read95"   --->   Operation 173 'read' 'p_read95351' <Predicate = true> <Delay = 0.00>
ST_2 : Operation 174 [1/1] (0.00ns)   --->   "%p_read94350 = read i32 @_ssdm_op_Read.ap_auto.i32, i32 %p_read94"   --->   Operation 174 'read' 'p_read94350' <Predicate = true> <Delay = 0.00>
ST_2 : Operation 175 [1/1] (0.00ns)   --->   "%p_read93349 = read i32 @_ssdm_op_Read.ap_auto.i32, i32 %p_read93"   --->   Operation 175 'read' 'p_read93349' <Predicate = true> <Delay = 0.00>
ST_2 : Operation 176 [1/1] (0.00ns)   --->   "%p_read92348 = read i32 @_ssdm_op_Read.ap_auto.i32, i32 %p_read92"   --->   Operation 176 'read' 'p_read92348' <Predicate = true> <Delay = 0.00>
ST_2 : Operation 177 [1/1] (0.00ns)   --->   "%p_read91347 = read i32 @_ssdm_op_Read.ap_auto.i32, i32 %p_read91"   --->   Operation 177 'read' 'p_read91347' <Predicate = true> <Delay = 0.00>
ST_2 : Operation 178 [1/1] (0.00ns)   --->   "%p_read90346 = read i32 @_ssdm_op_Read.ap_auto.i32, i32 %p_read90"   --->   Operation 178 'read' 'p_read90346' <Predicate = true> <Delay = 0.00>
ST_2 : Operation 179 [1/1] (0.00ns)   --->   "%p_read89345 = read i32 @_ssdm_op_Read.ap_auto.i32, i32 %p_read89"   --->   Operation 179 'read' 'p_read89345' <Predicate = true> <Delay = 0.00>
ST_2 : Operation 180 [1/1] (0.00ns)   --->   "%p_read88344 = read i32 @_ssdm_op_Read.ap_auto.i32, i32 %p_read88"   --->   Operation 180 'read' 'p_read88344' <Predicate = true> <Delay = 0.00>
ST_2 : Operation 181 [1/1] (0.00ns)   --->   "%p_read87343 = read i32 @_ssdm_op_Read.ap_auto.i32, i32 %p_read87"   --->   Operation 181 'read' 'p_read87343' <Predicate = true> <Delay = 0.00>
ST_2 : Operation 182 [1/1] (0.00ns)   --->   "%p_read86342 = read i32 @_ssdm_op_Read.ap_auto.i32, i32 %p_read86"   --->   Operation 182 'read' 'p_read86342' <Predicate = true> <Delay = 0.00>
ST_2 : Operation 183 [1/1] (0.00ns)   --->   "%p_read85341 = read i32 @_ssdm_op_Read.ap_auto.i32, i32 %p_read85"   --->   Operation 183 'read' 'p_read85341' <Predicate = true> <Delay = 0.00>
ST_2 : Operation 184 [1/1] (0.00ns)   --->   "%p_read84340 = read i32 @_ssdm_op_Read.ap_auto.i32, i32 %p_read84"   --->   Operation 184 'read' 'p_read84340' <Predicate = true> <Delay = 0.00>
ST_2 : Operation 185 [1/1] (0.00ns)   --->   "%p_read83339 = read i32 @_ssdm_op_Read.ap_auto.i32, i32 %p_read83"   --->   Operation 185 'read' 'p_read83339' <Predicate = true> <Delay = 0.00>
ST_2 : Operation 186 [1/1] (0.00ns)   --->   "%p_read82338 = read i32 @_ssdm_op_Read.ap_auto.i32, i32 %p_read82"   --->   Operation 186 'read' 'p_read82338' <Predicate = true> <Delay = 0.00>
ST_2 : Operation 187 [1/1] (0.00ns)   --->   "%p_read81337 = read i32 @_ssdm_op_Read.ap_auto.i32, i32 %p_read81"   --->   Operation 187 'read' 'p_read81337' <Predicate = true> <Delay = 0.00>
ST_2 : Operation 188 [1/1] (0.00ns)   --->   "%p_read80336 = read i32 @_ssdm_op_Read.ap_auto.i32, i32 %p_read80"   --->   Operation 188 'read' 'p_read80336' <Predicate = true> <Delay = 0.00>
ST_2 : Operation 189 [1/1] (0.00ns)   --->   "%p_read79335 = read i32 @_ssdm_op_Read.ap_auto.i32, i32 %p_read79"   --->   Operation 189 'read' 'p_read79335' <Predicate = true> <Delay = 0.00>
ST_2 : Operation 190 [1/1] (0.00ns)   --->   "%p_read78334 = read i32 @_ssdm_op_Read.ap_auto.i32, i32 %p_read78"   --->   Operation 190 'read' 'p_read78334' <Predicate = true> <Delay = 0.00>
ST_2 : Operation 191 [1/1] (0.00ns)   --->   "%p_read77333 = read i32 @_ssdm_op_Read.ap_auto.i32, i32 %p_read77"   --->   Operation 191 'read' 'p_read77333' <Predicate = true> <Delay = 0.00>
ST_2 : Operation 192 [1/1] (0.00ns)   --->   "%p_read76332 = read i32 @_ssdm_op_Read.ap_auto.i32, i32 %p_read76"   --->   Operation 192 'read' 'p_read76332' <Predicate = true> <Delay = 0.00>
ST_2 : Operation 193 [1/1] (0.00ns)   --->   "%p_read75331 = read i32 @_ssdm_op_Read.ap_auto.i32, i32 %p_read75"   --->   Operation 193 'read' 'p_read75331' <Predicate = true> <Delay = 0.00>
ST_2 : Operation 194 [1/1] (0.00ns)   --->   "%p_read74330 = read i32 @_ssdm_op_Read.ap_auto.i32, i32 %p_read74"   --->   Operation 194 'read' 'p_read74330' <Predicate = true> <Delay = 0.00>
ST_2 : Operation 195 [1/1] (0.00ns)   --->   "%p_read73329 = read i32 @_ssdm_op_Read.ap_auto.i32, i32 %p_read73"   --->   Operation 195 'read' 'p_read73329' <Predicate = true> <Delay = 0.00>
ST_2 : Operation 196 [1/1] (0.00ns)   --->   "%p_read72328 = read i32 @_ssdm_op_Read.ap_auto.i32, i32 %p_read72"   --->   Operation 196 'read' 'p_read72328' <Predicate = true> <Delay = 0.00>
ST_2 : Operation 197 [1/1] (0.00ns)   --->   "%p_read71327 = read i32 @_ssdm_op_Read.ap_auto.i32, i32 %p_read71"   --->   Operation 197 'read' 'p_read71327' <Predicate = true> <Delay = 0.00>
ST_2 : Operation 198 [1/1] (0.00ns)   --->   "%p_read70326 = read i32 @_ssdm_op_Read.ap_auto.i32, i32 %p_read70"   --->   Operation 198 'read' 'p_read70326' <Predicate = true> <Delay = 0.00>
ST_2 : Operation 199 [1/1] (0.00ns)   --->   "%p_read69325 = read i32 @_ssdm_op_Read.ap_auto.i32, i32 %p_read69"   --->   Operation 199 'read' 'p_read69325' <Predicate = true> <Delay = 0.00>
ST_2 : Operation 200 [1/1] (0.00ns)   --->   "%p_read68324 = read i32 @_ssdm_op_Read.ap_auto.i32, i32 %p_read68"   --->   Operation 200 'read' 'p_read68324' <Predicate = true> <Delay = 0.00>
ST_2 : Operation 201 [1/1] (0.00ns)   --->   "%p_read67323 = read i32 @_ssdm_op_Read.ap_auto.i32, i32 %p_read67"   --->   Operation 201 'read' 'p_read67323' <Predicate = true> <Delay = 0.00>
ST_2 : Operation 202 [1/1] (0.00ns)   --->   "%p_read66322 = read i32 @_ssdm_op_Read.ap_auto.i32, i32 %p_read66"   --->   Operation 202 'read' 'p_read66322' <Predicate = true> <Delay = 0.00>
ST_2 : Operation 203 [1/1] (0.00ns)   --->   "%p_read65321 = read i32 @_ssdm_op_Read.ap_auto.i32, i32 %p_read65"   --->   Operation 203 'read' 'p_read65321' <Predicate = true> <Delay = 0.00>
ST_2 : Operation 204 [1/1] (0.00ns)   --->   "%p_read64320 = read i32 @_ssdm_op_Read.ap_auto.i32, i32 %p_read64"   --->   Operation 204 'read' 'p_read64320' <Predicate = true> <Delay = 0.00>
ST_2 : Operation 205 [1/1] (0.00ns)   --->   "%p_read63319 = read i32 @_ssdm_op_Read.ap_auto.i32, i32 %p_read63"   --->   Operation 205 'read' 'p_read63319' <Predicate = true> <Delay = 0.00>
ST_2 : Operation 206 [1/1] (0.00ns)   --->   "%p_read62318 = read i32 @_ssdm_op_Read.ap_auto.i32, i32 %p_read62"   --->   Operation 206 'read' 'p_read62318' <Predicate = true> <Delay = 0.00>
ST_2 : Operation 207 [1/1] (0.00ns)   --->   "%p_read61317 = read i32 @_ssdm_op_Read.ap_auto.i32, i32 %p_read61"   --->   Operation 207 'read' 'p_read61317' <Predicate = true> <Delay = 0.00>
ST_2 : Operation 208 [1/1] (0.00ns)   --->   "%p_read60316 = read i32 @_ssdm_op_Read.ap_auto.i32, i32 %p_read60"   --->   Operation 208 'read' 'p_read60316' <Predicate = true> <Delay = 0.00>
ST_2 : Operation 209 [1/1] (0.00ns)   --->   "%p_read59315 = read i32 @_ssdm_op_Read.ap_auto.i32, i32 %p_read59"   --->   Operation 209 'read' 'p_read59315' <Predicate = true> <Delay = 0.00>
ST_2 : Operation 210 [1/1] (0.00ns)   --->   "%p_read58314 = read i32 @_ssdm_op_Read.ap_auto.i32, i32 %p_read58"   --->   Operation 210 'read' 'p_read58314' <Predicate = true> <Delay = 0.00>
ST_2 : Operation 211 [1/1] (0.00ns)   --->   "%p_read57313 = read i32 @_ssdm_op_Read.ap_auto.i32, i32 %p_read57"   --->   Operation 211 'read' 'p_read57313' <Predicate = true> <Delay = 0.00>
ST_2 : Operation 212 [1/1] (0.00ns)   --->   "%p_read56312 = read i32 @_ssdm_op_Read.ap_auto.i32, i32 %p_read56"   --->   Operation 212 'read' 'p_read56312' <Predicate = true> <Delay = 0.00>
ST_2 : Operation 213 [1/1] (0.00ns)   --->   "%p_read55311 = read i32 @_ssdm_op_Read.ap_auto.i32, i32 %p_read55"   --->   Operation 213 'read' 'p_read55311' <Predicate = true> <Delay = 0.00>
ST_2 : Operation 214 [1/1] (0.00ns)   --->   "%p_read54310 = read i32 @_ssdm_op_Read.ap_auto.i32, i32 %p_read54"   --->   Operation 214 'read' 'p_read54310' <Predicate = true> <Delay = 0.00>
ST_2 : Operation 215 [1/1] (0.00ns)   --->   "%p_read53309 = read i32 @_ssdm_op_Read.ap_auto.i32, i32 %p_read53"   --->   Operation 215 'read' 'p_read53309' <Predicate = true> <Delay = 0.00>
ST_2 : Operation 216 [1/1] (0.00ns)   --->   "%p_read52308 = read i32 @_ssdm_op_Read.ap_auto.i32, i32 %p_read52"   --->   Operation 216 'read' 'p_read52308' <Predicate = true> <Delay = 0.00>
ST_2 : Operation 217 [1/1] (0.00ns)   --->   "%p_read51307 = read i32 @_ssdm_op_Read.ap_auto.i32, i32 %p_read51"   --->   Operation 217 'read' 'p_read51307' <Predicate = true> <Delay = 0.00>
ST_2 : Operation 218 [1/1] (0.00ns)   --->   "%p_read50306 = read i32 @_ssdm_op_Read.ap_auto.i32, i32 %p_read50"   --->   Operation 218 'read' 'p_read50306' <Predicate = true> <Delay = 0.00>
ST_2 : Operation 219 [1/1] (0.00ns)   --->   "%p_read49305 = read i32 @_ssdm_op_Read.ap_auto.i32, i32 %p_read49"   --->   Operation 219 'read' 'p_read49305' <Predicate = true> <Delay = 0.00>
ST_2 : Operation 220 [1/1] (0.00ns)   --->   "%p_read48304 = read i32 @_ssdm_op_Read.ap_auto.i32, i32 %p_read48"   --->   Operation 220 'read' 'p_read48304' <Predicate = true> <Delay = 0.00>
ST_2 : Operation 221 [1/1] (0.00ns)   --->   "%p_read47303 = read i32 @_ssdm_op_Read.ap_auto.i32, i32 %p_read47"   --->   Operation 221 'read' 'p_read47303' <Predicate = true> <Delay = 0.00>
ST_2 : Operation 222 [1/1] (0.00ns)   --->   "%p_read46302 = read i32 @_ssdm_op_Read.ap_auto.i32, i32 %p_read46"   --->   Operation 222 'read' 'p_read46302' <Predicate = true> <Delay = 0.00>
ST_2 : Operation 223 [1/1] (0.00ns)   --->   "%p_read45301 = read i32 @_ssdm_op_Read.ap_auto.i32, i32 %p_read45"   --->   Operation 223 'read' 'p_read45301' <Predicate = true> <Delay = 0.00>
ST_2 : Operation 224 [1/1] (0.00ns)   --->   "%p_read44300 = read i32 @_ssdm_op_Read.ap_auto.i32, i32 %p_read44"   --->   Operation 224 'read' 'p_read44300' <Predicate = true> <Delay = 0.00>
ST_2 : Operation 225 [1/1] (0.00ns)   --->   "%p_read43299 = read i32 @_ssdm_op_Read.ap_auto.i32, i32 %p_read43"   --->   Operation 225 'read' 'p_read43299' <Predicate = true> <Delay = 0.00>
ST_2 : Operation 226 [1/1] (0.00ns)   --->   "%p_read42298 = read i32 @_ssdm_op_Read.ap_auto.i32, i32 %p_read42"   --->   Operation 226 'read' 'p_read42298' <Predicate = true> <Delay = 0.00>
ST_2 : Operation 227 [1/1] (0.00ns)   --->   "%p_read41297 = read i32 @_ssdm_op_Read.ap_auto.i32, i32 %p_read41"   --->   Operation 227 'read' 'p_read41297' <Predicate = true> <Delay = 0.00>
ST_2 : Operation 228 [1/1] (0.00ns)   --->   "%p_read40296 = read i32 @_ssdm_op_Read.ap_auto.i32, i32 %p_read40"   --->   Operation 228 'read' 'p_read40296' <Predicate = true> <Delay = 0.00>
ST_2 : Operation 229 [1/1] (0.00ns)   --->   "%p_read39295 = read i32 @_ssdm_op_Read.ap_auto.i32, i32 %p_read39"   --->   Operation 229 'read' 'p_read39295' <Predicate = true> <Delay = 0.00>
ST_2 : Operation 230 [1/1] (0.00ns)   --->   "%p_read38294 = read i32 @_ssdm_op_Read.ap_auto.i32, i32 %p_read38"   --->   Operation 230 'read' 'p_read38294' <Predicate = true> <Delay = 0.00>
ST_2 : Operation 231 [1/1] (0.00ns)   --->   "%p_read37293 = read i32 @_ssdm_op_Read.ap_auto.i32, i32 %p_read37"   --->   Operation 231 'read' 'p_read37293' <Predicate = true> <Delay = 0.00>
ST_2 : Operation 232 [1/1] (0.00ns)   --->   "%p_read36292 = read i32 @_ssdm_op_Read.ap_auto.i32, i32 %p_read36"   --->   Operation 232 'read' 'p_read36292' <Predicate = true> <Delay = 0.00>
ST_2 : Operation 233 [1/1] (0.00ns)   --->   "%p_read35291 = read i32 @_ssdm_op_Read.ap_auto.i32, i32 %p_read35"   --->   Operation 233 'read' 'p_read35291' <Predicate = true> <Delay = 0.00>
ST_2 : Operation 234 [1/1] (0.00ns)   --->   "%p_read34290 = read i32 @_ssdm_op_Read.ap_auto.i32, i32 %p_read34"   --->   Operation 234 'read' 'p_read34290' <Predicate = true> <Delay = 0.00>
ST_2 : Operation 235 [1/1] (0.00ns)   --->   "%p_read33289 = read i32 @_ssdm_op_Read.ap_auto.i32, i32 %p_read33"   --->   Operation 235 'read' 'p_read33289' <Predicate = true> <Delay = 0.00>
ST_2 : Operation 236 [1/1] (0.00ns)   --->   "%p_read32288 = read i32 @_ssdm_op_Read.ap_auto.i32, i32 %p_read32"   --->   Operation 236 'read' 'p_read32288' <Predicate = true> <Delay = 0.00>
ST_2 : Operation 237 [1/1] (0.00ns)   --->   "%p_read31287 = read i32 @_ssdm_op_Read.ap_auto.i32, i32 %p_read31"   --->   Operation 237 'read' 'p_read31287' <Predicate = true> <Delay = 0.00>
ST_2 : Operation 238 [1/1] (0.00ns)   --->   "%p_read30286 = read i32 @_ssdm_op_Read.ap_auto.i32, i32 %p_read30"   --->   Operation 238 'read' 'p_read30286' <Predicate = true> <Delay = 0.00>
ST_2 : Operation 239 [1/1] (0.00ns)   --->   "%p_read29285 = read i32 @_ssdm_op_Read.ap_auto.i32, i32 %p_read29"   --->   Operation 239 'read' 'p_read29285' <Predicate = true> <Delay = 0.00>
ST_2 : Operation 240 [1/1] (0.00ns)   --->   "%p_read28284 = read i32 @_ssdm_op_Read.ap_auto.i32, i32 %p_read28"   --->   Operation 240 'read' 'p_read28284' <Predicate = true> <Delay = 0.00>
ST_2 : Operation 241 [1/1] (0.00ns)   --->   "%p_read27283 = read i32 @_ssdm_op_Read.ap_auto.i32, i32 %p_read27"   --->   Operation 241 'read' 'p_read27283' <Predicate = true> <Delay = 0.00>
ST_2 : Operation 242 [1/1] (0.00ns)   --->   "%p_read26282 = read i32 @_ssdm_op_Read.ap_auto.i32, i32 %p_read26"   --->   Operation 242 'read' 'p_read26282' <Predicate = true> <Delay = 0.00>
ST_2 : Operation 243 [1/1] (0.00ns)   --->   "%p_read25281 = read i32 @_ssdm_op_Read.ap_auto.i32, i32 %p_read25"   --->   Operation 243 'read' 'p_read25281' <Predicate = true> <Delay = 0.00>
ST_2 : Operation 244 [1/1] (0.00ns)   --->   "%p_read24280 = read i32 @_ssdm_op_Read.ap_auto.i32, i32 %p_read24"   --->   Operation 244 'read' 'p_read24280' <Predicate = true> <Delay = 0.00>
ST_2 : Operation 245 [1/1] (0.00ns)   --->   "%p_read23279 = read i32 @_ssdm_op_Read.ap_auto.i32, i32 %p_read23"   --->   Operation 245 'read' 'p_read23279' <Predicate = true> <Delay = 0.00>
ST_2 : Operation 246 [1/1] (0.00ns)   --->   "%p_read22278 = read i32 @_ssdm_op_Read.ap_auto.i32, i32 %p_read22"   --->   Operation 246 'read' 'p_read22278' <Predicate = true> <Delay = 0.00>
ST_2 : Operation 247 [1/1] (0.00ns)   --->   "%p_read21277 = read i32 @_ssdm_op_Read.ap_auto.i32, i32 %p_read21"   --->   Operation 247 'read' 'p_read21277' <Predicate = true> <Delay = 0.00>
ST_2 : Operation 248 [1/1] (0.00ns)   --->   "%p_read20276 = read i32 @_ssdm_op_Read.ap_auto.i32, i32 %p_read20"   --->   Operation 248 'read' 'p_read20276' <Predicate = true> <Delay = 0.00>
ST_2 : Operation 249 [1/1] (0.00ns)   --->   "%p_read19275 = read i32 @_ssdm_op_Read.ap_auto.i32, i32 %p_read19"   --->   Operation 249 'read' 'p_read19275' <Predicate = true> <Delay = 0.00>
ST_2 : Operation 250 [1/1] (0.00ns)   --->   "%p_read18274 = read i32 @_ssdm_op_Read.ap_auto.i32, i32 %p_read18"   --->   Operation 250 'read' 'p_read18274' <Predicate = true> <Delay = 0.00>
ST_2 : Operation 251 [1/1] (0.00ns)   --->   "%p_read17273 = read i32 @_ssdm_op_Read.ap_auto.i32, i32 %p_read17"   --->   Operation 251 'read' 'p_read17273' <Predicate = true> <Delay = 0.00>
ST_2 : Operation 252 [1/1] (0.00ns)   --->   "%p_read16272 = read i32 @_ssdm_op_Read.ap_auto.i32, i32 %p_read16"   --->   Operation 252 'read' 'p_read16272' <Predicate = true> <Delay = 0.00>
ST_2 : Operation 253 [1/1] (0.00ns)   --->   "%p_read15271 = read i32 @_ssdm_op_Read.ap_auto.i32, i32 %p_read15"   --->   Operation 253 'read' 'p_read15271' <Predicate = true> <Delay = 0.00>
ST_2 : Operation 254 [1/1] (0.00ns)   --->   "%p_read14270 = read i32 @_ssdm_op_Read.ap_auto.i32, i32 %p_read14"   --->   Operation 254 'read' 'p_read14270' <Predicate = true> <Delay = 0.00>
ST_2 : Operation 255 [1/1] (0.00ns)   --->   "%p_read13269 = read i32 @_ssdm_op_Read.ap_auto.i32, i32 %p_read13"   --->   Operation 255 'read' 'p_read13269' <Predicate = true> <Delay = 0.00>
ST_2 : Operation 256 [1/1] (0.00ns)   --->   "%p_read12268 = read i32 @_ssdm_op_Read.ap_auto.i32, i32 %p_read12"   --->   Operation 256 'read' 'p_read12268' <Predicate = true> <Delay = 0.00>
ST_2 : Operation 257 [1/1] (0.00ns)   --->   "%p_read11267 = read i32 @_ssdm_op_Read.ap_auto.i32, i32 %p_read11"   --->   Operation 257 'read' 'p_read11267' <Predicate = true> <Delay = 0.00>
ST_2 : Operation 258 [1/1] (0.00ns)   --->   "%p_read10266 = read i32 @_ssdm_op_Read.ap_auto.i32, i32 %p_read10"   --->   Operation 258 'read' 'p_read10266' <Predicate = true> <Delay = 0.00>
ST_2 : Operation 259 [1/1] (0.00ns)   --->   "%p_read9265 = read i32 @_ssdm_op_Read.ap_auto.i32, i32 %p_read9"   --->   Operation 259 'read' 'p_read9265' <Predicate = true> <Delay = 0.00>
ST_2 : Operation 260 [1/1] (0.00ns)   --->   "%p_read8264 = read i32 @_ssdm_op_Read.ap_auto.i32, i32 %p_read8"   --->   Operation 260 'read' 'p_read8264' <Predicate = true> <Delay = 0.00>
ST_2 : Operation 261 [1/1] (0.00ns)   --->   "%p_read7263 = read i32 @_ssdm_op_Read.ap_auto.i32, i32 %p_read7"   --->   Operation 261 'read' 'p_read7263' <Predicate = true> <Delay = 0.00>
ST_2 : Operation 262 [1/1] (0.00ns)   --->   "%p_read6262 = read i32 @_ssdm_op_Read.ap_auto.i32, i32 %p_read6"   --->   Operation 262 'read' 'p_read6262' <Predicate = true> <Delay = 0.00>
ST_2 : Operation 263 [1/1] (0.00ns)   --->   "%p_read5261 = read i32 @_ssdm_op_Read.ap_auto.i32, i32 %p_read5"   --->   Operation 263 'read' 'p_read5261' <Predicate = true> <Delay = 0.00>
ST_2 : Operation 264 [1/1] (0.00ns)   --->   "%p_read4260 = read i32 @_ssdm_op_Read.ap_auto.i32, i32 %p_read4"   --->   Operation 264 'read' 'p_read4260' <Predicate = true> <Delay = 0.00>
ST_2 : Operation 265 [1/1] (0.00ns)   --->   "%p_read3259 = read i32 @_ssdm_op_Read.ap_auto.i32, i32 %p_read3"   --->   Operation 265 'read' 'p_read3259' <Predicate = true> <Delay = 0.00>
ST_2 : Operation 266 [1/1] (0.00ns)   --->   "%p_read2258 = read i32 @_ssdm_op_Read.ap_auto.i32, i32 %p_read2"   --->   Operation 266 'read' 'p_read2258' <Predicate = true> <Delay = 0.00>
ST_2 : Operation 267 [1/1] (0.00ns)   --->   "%p_read1257 = read i32 @_ssdm_op_Read.ap_auto.i32, i32 %p_read1"   --->   Operation 267 'read' 'p_read1257' <Predicate = true> <Delay = 0.00>
ST_2 : Operation 268 [1/1] (0.00ns)   --->   "%p_read256 = read i32 @_ssdm_op_Read.ap_auto.i32, i32 %p_read"   --->   Operation 268 'read' 'p_read256' <Predicate = true> <Delay = 0.00>
ST_2 : Operation 269 [1/2] (0.69ns)   --->   "%rhs_10 = load i3 %trapezoid_edges_V_addr"   --->   Operation 269 'load' 'rhs_10' <Predicate = true> <Delay = 0.69> <CoreInst = "ROM">   --->   Core 101 'ROM' <Latency = 1> <II = 1> <Delay = 0.69> <Storage> <Opcode : 'load'> <Ports = 0> <Width = 26> <Depth = 5> <ROM>
ST_2 : Operation 270 [1/1] (0.00ns)   --->   "%trapezoid_edges_V_load_cast = zext i26 %rhs_10"   --->   Operation 270 'zext' 'trapezoid_edges_V_load_cast' <Predicate = true> <Delay = 0.00>
ST_2 : Operation 271 [1/1] (0.00ns)   --->   "%rhs = zext i26 %rhs_10"   --->   Operation 271 'zext' 'rhs' <Predicate = true> <Delay = 0.00>
ST_2 : Operation 272 [1/1] (0.38ns)   --->   "%br_ln1811 = br void" [patchMaker.cpp:1811]   --->   Operation 272 'br' 'br_ln1811' <Predicate = true> <Delay = 0.38>

State 3 <SV = 2> <Delay = 1.06>
ST_3 : Operation 273 [1/1] (0.00ns)   --->   "%j = phi i32 0, void %.lr.ph, i32 %add_ln1811, void %.split" [patchMaker.cpp:1818]   --->   Operation 273 'phi' 'j' <Predicate = true> <Delay = 0.00>
ST_3 : Operation 274 [1/1] (0.85ns)   --->   "%icmp_ln1811 = icmp_eq  i32 %j, i32 %row_list_size_read" [patchMaker.cpp:1811]   --->   Operation 274 'icmp' 'icmp_ln1811' <Predicate = true> <Delay = 0.85> <CoreInst = "Cmp">   --->   Core 9 'Cmp' <Latency = 0> <II = 1> <Delay = 1.06> <FuncUnit> <Opcode : 'icmp'> <InPorts = 2> <OutPorts = 1>
ST_3 : Operation 275 [1/1] (0.00ns)   --->   "%trunc_ln215 = trunc i32 %j"   --->   Operation 275 'trunc' 'trunc_ln215' <Predicate = (!icmp_ln1811)> <Delay = 0.00>
ST_3 : Operation 276 [1/1] (1.06ns)   --->   "%lhs = mux i32 @_ssdm_op_Mux.ap_auto.256i32.i8, i32 %p_read256, i32 %p_read1257, i32 %p_read2258, i32 %p_read3259, i32 %p_read4260, i32 %p_read5261, i32 %p_read6262, i32 %p_read7263, i32 %p_read8264, i32 %p_read9265, i32 %p_read10266, i32 %p_read11267, i32 %p_read12268, i32 %p_read13269, i32 %p_read14270, i32 %p_read15271, i32 %p_read16272, i32 %p_read17273, i32 %p_read18274, i32 %p_read19275, i32 %p_read20276, i32 %p_read21277, i32 %p_read22278, i32 %p_read23279, i32 %p_read24280, i32 %p_read25281, i32 %p_read26282, i32 %p_read27283, i32 %p_read28284, i32 %p_read29285, i32 %p_read30286, i32 %p_read31287, i32 %p_read32288, i32 %p_read33289, i32 %p_read34290, i32 %p_read35291, i32 %p_read36292, i32 %p_read37293, i32 %p_read38294, i32 %p_read39295, i32 %p_read40296, i32 %p_read41297, i32 %p_read42298, i32 %p_read43299, i32 %p_read44300, i32 %p_read45301, i32 %p_read46302, i32 %p_read47303, i32 %p_read48304, i32 %p_read49305, i32 %p_read50306, i32 %p_read51307, i32 %p_read52308, i32 %p_read53309, i32 %p_read54310, i32 %p_read55311, i32 %p_read56312, i32 %p_read57313, i32 %p_read58314, i32 %p_read59315, i32 %p_read60316, i32 %p_read61317, i32 %p_read62318, i32 %p_read63319, i32 %p_read64320, i32 %p_read65321, i32 %p_read66322, i32 %p_read67323, i32 %p_read68324, i32 %p_read69325, i32 %p_read70326, i32 %p_read71327, i32 %p_read72328, i32 %p_read73329, i32 %p_read74330, i32 %p_read75331, i32 %p_read76332, i32 %p_read77333, i32 %p_read78334, i32 %p_read79335, i32 %p_read80336, i32 %p_read81337, i32 %p_read82338, i32 %p_read83339, i32 %p_read84340, i32 %p_read85341, i32 %p_read86342, i32 %p_read87343, i32 %p_read88344, i32 %p_read89345, i32 %p_read90346, i32 %p_read91347, i32 %p_read92348, i32 %p_read93349, i32 %p_read94350, i32 %p_read95351, i32 %p_read96352, i32 %p_read97353, i32 %p_read98354, i32 %p_read99355, i32 %p_read100356, i32 %p_read101357, i32 %p_read102358, i32 %p_read103359, i32 %p_read104360, i32 %p_read105361, i32 %p_read106362, i32 %p_read107363, i32 %p_read108364, i32 %p_read109365, i32 %p_read110366, i32 %p_read111367, i32 %p_read112368, i32 %p_read113369, i32 %p_read114370, i32 %p_read115371, i32 %p_read116372, i32 %p_read117373, i32 %p_read118374, i32 %p_read119375, i32 %p_read120376, i32 %p_read121377, i32 %p_read122378, i32 %p_read123379, i32 %p_read124380, i32 %p_read125381, i32 %p_read126382, i32 %p_read_27058, i32 %p_read_27057, i32 %p_read_27056, i32 %p_read_27055, i32 %p_read_27054, i32 %p_read_27053, i32 %p_read_27052, i32 %p_read_27051, i32 %p_read_27050, i32 %p_read_27049, i32 %p_read_27048, i32 %p_read_27047, i32 %p_read_27046, i32 %p_read_27045, i32 %p_read_27044, i32 %p_read_27043, i32 %p_read_27042, i32 %p_read_27041, i32 %p_read_27040, i32 %p_read_27039, i32 %p_read_27038, i32 %p_read_27037, i32 %p_read_27036, i32 %p_read_27035, i32 %p_read_27034, i32 %p_read_27033, i32 %p_read_27032, i32 %p_read_27031, i32 %p_read_27030, i32 %p_read_27029, i32 %p_read_27028, i32 %p_read_27027, i32 %p_read_27026, i32 %p_read_27025, i32 %p_read_27024, i32 %p_read_27023, i32 %p_read_27022, i32 %p_read_27021, i32 %p_read_27020, i32 %p_read_27019, i32 %p_read_27018, i32 %p_read_27017, i32 %p_read_27016, i32 %p_read_27015, i32 %p_read_27014, i32 %p_read_27013, i32 %p_read_27012, i32 %p_read_27011, i32 %p_read_27010, i32 %p_read_27009, i32 %p_read_27008, i32 %p_read_27007, i32 %p_read_27006, i32 %p_read_27005, i32 %p_read_27004, i32 %p_read_27003, i32 %p_read_27002, i32 %p_read_27001, i32 %p_read_27000, i32 %p_read_26999, i32 %p_read_26998, i32 %p_read_26997, i32 %p_read_26996, i32 %p_read_26995, i32 %p_read_26994, i32 %p_read_26993, i32 %p_read_26992, i32 %p_read_26991, i32 %p_read_26990, i32 %p_read_26989, i32 %p_read_26988, i32 %p_read_26987, i32 %p_read_26986, i32 %p_read200456, i32 %p_read201457, i32 %p_read202458, i32 %p_read203459, i32 %p_read204460, i32 %p_read205461, i32 %p_read206462, i32 %p_read207463, i32 %p_read208464, i32 %p_read209465, i32 %p_read210466, i32 %p_read211467, i32 %p_read212468, i32 %p_read213469, i32 %p_read214470, i32 %p_read215471, i32 %p_read216472, i32 %p_read217473, i32 %p_read218474, i32 %p_read219475, i32 %p_read220476, i32 %p_read221477, i32 %p_read222478, i32 %p_read223479, i32 %p_read224480, i32 %p_read225481, i32 %p_read226482, i32 %p_read_26985, i32 %p_read_26984, i32 %p_read_26983, i32 %p_read_26982, i32 %p_read_26981, i32 %p_read_26980, i32 %p_read_26979, i32 %p_read_26978, i32 %p_read_26977, i32 %p_read_26976, i32 %p_read_26975, i32 %p_read_26974, i32 %p_read_26973, i32 %p_read_26972, i32 %p_read_26971, i32 %p_read_26970, i32 %p_read_26969, i32 %p_read_26968, i32 %p_read_26967, i32 %p_read_26966, i32 %p_read_26965, i32 %p_read_26964, i32 %p_read_26963, i32 %p_read_26962, i32 %p_read_26961, i32 %p_read_26960, i32 %p_read_26959, i32 %p_read_26958, i32 %p_read_26957, i8 %trunc_ln215"   --->   Operation 276 'mux' 'lhs' <Predicate = (!icmp_ln1811)> <Delay = 1.06> <CoreInst = "Multiplexer">   --->   Core 76 'Multiplexer' <Latency = 0> <II = 1> <Delay = 1.06> <FuncUnit> <Opcode : 'mux'> <InPorts = 2> <OutPorts = 1>

State 4 <SV = 3> <Delay = 1.98>
ST_4 : Operation 277 [1/1] (0.00ns)   --->   "%right_bound_write_assign = phi i32 0, void %.lr.ph, i32 %select_ln1822, void %.split" [patchMaker.cpp:1822]   --->   Operation 277 'phi' 'right_bound_write_assign' <Predicate = true> <Delay = 0.00>
ST_4 : Operation 278 [1/1] (0.00ns)   --->   "%left_bound_write_assign = phi i32 0, void %.lr.ph, i32 %select_ln1816, void %.split" [patchMaker.cpp:1816]   --->   Operation 278 'phi' 'left_bound_write_assign' <Predicate = true> <Delay = 0.00>
ST_4 : Operation 279 [1/1] (0.00ns)   --->   "%start_index_write_assign = phi i32 0, void %.lr.ph, i32 %select_ln1827, void %.split" [patchMaker.cpp:1827]   --->   Operation 279 'phi' 'start_index_write_assign' <Predicate = true> <Delay = 0.00>
ST_4 : Operation 280 [1/1] (0.00ns)   --->   "%start_value_write_assign = phi i64 9223372036854775807, void %.lr.ph, i64 %select_ln1827_1, void %.split" [patchMaker.cpp:1827]   --->   Operation 280 'phi' 'start_value_write_assign' <Predicate = true> <Delay = 0.00>
ST_4 : Operation 281 [1/1] (0.00ns)   --->   "%p_x_assign_7 = phi i64 9223372036854775807, void %.lr.ph, i64 %select_ln1827_2, void %.split" [patchMaker.cpp:1827]   --->   Operation 281 'phi' 'p_x_assign_7' <Predicate = true> <Delay = 0.00>
ST_4 : Operation 282 [1/1] (0.00ns)   --->   "%rbVal = phi i64 9223372036854775807, void %.lr.ph, i64 %rbVal_2, void %.split"   --->   Operation 282 'phi' 'rbVal' <Predicate = true> <Delay = 0.00>
ST_4 : Operation 283 [1/1] (0.00ns)   --->   "%lbVal = phi i64 9223372036854775807, void %.lr.ph, i64 %lbVal_2, void %.split"   --->   Operation 283 'phi' 'lbVal' <Predicate = true> <Delay = 0.00>
ST_4 : Operation 284 [1/1] (0.88ns)   --->   "%add_ln1811 = add i32 %j, i32 1" [patchMaker.cpp:1811]   --->   Operation 284 'add' 'add_ln1811' <Predicate = true> <Delay = 0.88> <CoreInst = "Adder">   --->   Core 1 'Adder' <Latency = 0> <II = 1> <Delay = 1.14> <FuncUnit> <Opcode : 'add' 'sub'> <InPorts = 2> <OutPorts = 1>
ST_4 : Operation 285 [1/1] (0.00ns)   --->   "%specpipeline_ln0 = specpipeline void @_ssdm_op_SpecPipeline, i32 4294967295, i32 0, i32 1, i32 0, void @p_str"   --->   Operation 285 'specpipeline' 'specpipeline_ln0' <Predicate = true> <Delay = 0.00>
ST_4 : Operation 286 [1/1] (0.00ns)   --->   "%br_ln1811 = br i1 %icmp_ln1811, void %.split, void %._crit_edge.loopexit" [patchMaker.cpp:1811]   --->   Operation 286 'br' 'br_ln1811' <Predicate = true> <Delay = 0.00>
ST_4 : Operation 287 [1/1] (0.00ns)   --->   "%sext_ln215 = sext i32 %lhs"   --->   Operation 287 'sext' 'sext_ln215' <Predicate = (!icmp_ln1811)> <Delay = 0.00>
ST_4 : Operation 288 [1/1] (0.88ns)   --->   "%ret = add i33 %sext_ln215, i33 %rhs"   --->   Operation 288 'add' 'ret' <Predicate = (!icmp_ln1811)> <Delay = 0.88> <CoreInst = "Adder">   --->   Core 1 'Adder' <Latency = 0> <II = 1> <Delay = 1.14> <FuncUnit> <Opcode : 'add' 'sub'> <InPorts = 2> <OutPorts = 1>
ST_4 : Operation 289 [1/1] (0.88ns)   --->   "%add_ln180 = add i32 %trapezoid_edges_V_load_cast, i32 %lhs" [C:/Xilinx/Vitis_HLS/2020.2/tps/mingw/6.2.0/win64.o/nt\lib\gcc\x86_64-w64-mingw32\6.2.0\include\c++\cstdlib:180]   --->   Operation 289 'add' 'add_ln180' <Predicate = (!icmp_ln1811)> <Delay = 0.88> <CoreInst = "Adder">   --->   Core 1 'Adder' <Latency = 0> <II = 1> <Delay = 1.14> <FuncUnit> <Opcode : 'add' 'sub'> <InPorts = 2> <OutPorts = 1>
ST_4 : Operation 290 [1/1] (0.88ns)   --->   "%sub_ln180 = sub i32 0, i32 %add_ln180" [C:/Xilinx/Vitis_HLS/2020.2/tps/mingw/6.2.0/win64.o/nt\lib\gcc\x86_64-w64-mingw32\6.2.0\include\c++\cstdlib:180]   --->   Operation 290 'sub' 'sub_ln180' <Predicate = (!icmp_ln1811)> <Delay = 0.88> <CoreInst = "Adder">   --->   Core 1 'Adder' <Latency = 0> <II = 1> <Delay = 1.14> <FuncUnit> <Opcode : 'add' 'sub'> <InPorts = 2> <OutPorts = 1>
ST_4 : Operation 291 [1/1] (0.00ns)   --->   "%tmp = bitselect i1 @_ssdm_op_BitSelect.i1.i33.i32, i33 %ret, i32 32" [C:/Xilinx/Vitis_HLS/2020.2/tps/mingw/6.2.0/win64.o/nt\lib\gcc\x86_64-w64-mingw32\6.2.0\include\c++\cstdlib:180]   --->   Operation 291 'bitselect' 'tmp' <Predicate = (!icmp_ln1811)> <Delay = 0.00>
ST_4 : Operation 292 [1/1] (0.22ns)   --->   "%adjustedZL = select i1 %tmp, i32 %sub_ln180, i32 %add_ln180" [C:/Xilinx/Vitis_HLS/2020.2/tps/mingw/6.2.0/win64.o/nt\lib\gcc\x86_64-w64-mingw32\6.2.0\include\c++\cstdlib:180]   --->   Operation 292 'select' 'adjustedZL' <Predicate = (!icmp_ln1811)> <Delay = 0.22> <CoreInst = "Sel">   --->   Core 73 'Sel' <Latency = 0> <II = 1> <Delay = 0.41> <FuncUnit> <Opcode : 'select'> <InPorts = 3> <OutPorts = 1>
ST_4 : Operation 293 [1/1] (0.88ns)   --->   "%ret_13 = sub i33 %sext_ln215, i33 %rhs"   --->   Operation 293 'sub' 'ret_13' <Predicate = (!icmp_ln1811)> <Delay = 0.88> <CoreInst = "Adder">   --->   Core 1 'Adder' <Latency = 0> <II = 1> <Delay = 1.14> <FuncUnit> <Opcode : 'add' 'sub'> <InPorts = 2> <OutPorts = 1>
ST_4 : Operation 294 [1/1] (0.00ns)   --->   "%trunc_ln180 = trunc i33 %ret_13" [C:/Xilinx/Vitis_HLS/2020.2/tps/mingw/6.2.0/win64.o/nt\lib\gcc\x86_64-w64-mingw32\6.2.0\include\c++\cstdlib:180]   --->   Operation 294 'trunc' 'trunc_ln180' <Predicate = (!icmp_ln1811)> <Delay = 0.00>
ST_4 : Operation 295 [1/1] (0.88ns)   --->   "%sub_ln180_7 = sub i32 0, i32 %trunc_ln180" [C:/Xilinx/Vitis_HLS/2020.2/tps/mingw/6.2.0/win64.o/nt\lib\gcc\x86_64-w64-mingw32\6.2.0\include\c++\cstdlib:180]   --->   Operation 295 'sub' 'sub_ln180_7' <Predicate = (!icmp_ln1811)> <Delay = 0.88> <CoreInst = "Adder">   --->   Core 1 'Adder' <Latency = 0> <II = 1> <Delay = 1.14> <FuncUnit> <Opcode : 'add' 'sub'> <InPorts = 2> <OutPorts = 1>
ST_4 : Operation 296 [1/1] (0.00ns)   --->   "%tmp_25 = bitselect i1 @_ssdm_op_BitSelect.i1.i33.i32, i33 %ret_13, i32 32" [C:/Xilinx/Vitis_HLS/2020.2/tps/mingw/6.2.0/win64.o/nt\lib\gcc\x86_64-w64-mingw32\6.2.0\include\c++\cstdlib:180]   --->   Operation 296 'bitselect' 'tmp_25' <Predicate = (!icmp_ln1811)> <Delay = 0.00>
ST_4 : Operation 297 [1/1] (0.22ns)   --->   "%adjustedZR = select i1 %tmp_25, i32 %sub_ln180_7, i32 %trunc_ln180" [C:/Xilinx/Vitis_HLS/2020.2/tps/mingw/6.2.0/win64.o/nt\lib\gcc\x86_64-w64-mingw32\6.2.0\include\c++\cstdlib:180]   --->   Operation 297 'select' 'adjustedZR' <Predicate = (!icmp_ln1811)> <Delay = 0.22> <CoreInst = "Sel">   --->   Core 73 'Sel' <Latency = 0> <II = 1> <Delay = 0.41> <FuncUnit> <Opcode : 'select'> <InPorts = 3> <OutPorts = 1>
ST_4 : Operation 298 [1/1] (0.88ns)   --->   "%adjustedZ = sub i32 %lhs, i32 %projectionToRow_read"   --->   Operation 298 'sub' 'adjustedZ' <Predicate = (!icmp_ln1811)> <Delay = 0.88> <CoreInst = "Adder">   --->   Core 1 'Adder' <Latency = 0> <II = 1> <Delay = 1.14> <FuncUnit> <Opcode : 'add' 'sub'> <InPorts = 2> <OutPorts = 1>
ST_4 : Operation 299 [1/1] (0.00ns)   --->   "%sext_ln180 = sext i32 %adjustedZ" [C:/Xilinx/Vitis_HLS/2020.2/tps/mingw/6.2.0/win64.o/nt\lib\gcc\x86_64-w64-mingw32\6.2.0\include\c++\cstdlib:180]   --->   Operation 299 'sext' 'sext_ln180' <Predicate = (!icmp_ln1811)> <Delay = 0.00>
ST_4 : Operation 300 [1/1] (0.88ns)   --->   "%sub_ln180_8 = sub i33 0, i33 %sext_ln180" [C:/Xilinx/Vitis_HLS/2020.2/tps/mingw/6.2.0/win64.o/nt\lib\gcc\x86_64-w64-mingw32\6.2.0\include\c++\cstdlib:180]   --->   Operation 300 'sub' 'sub_ln180_8' <Predicate = (!icmp_ln1811)> <Delay = 0.88> <CoreInst = "Adder">   --->   Core 1 'Adder' <Latency = 0> <II = 1> <Delay = 1.14> <FuncUnit> <Opcode : 'add' 'sub'> <InPorts = 2> <OutPorts = 1>
ST_4 : Operation 301 [1/1] (1.14ns)   --->   "%sub_ln180_9 = sub i64 0, i64 %p_x_assign_7" [C:/Xilinx/Vitis_HLS/2020.2/tps/mingw/6.2.0/win64.o/nt\lib\gcc\x86_64-w64-mingw32\6.2.0\include\c++\cstdlib:180]   --->   Operation 301 'sub' 'sub_ln180_9' <Predicate = (!icmp_ln1811)> <Delay = 1.14> <CoreInst = "Adder">   --->   Core 1 'Adder' <Latency = 0> <II = 1> <Delay = 1.14> <FuncUnit> <Opcode : 'add' 'sub'> <InPorts = 2> <OutPorts = 1>

State 5 <SV = 4> <Delay = 1.47>
ST_5 : Operation 302 [1/1] (0.00ns)   --->   "%specloopname_ln1807 = specloopname void @_ssdm_op_SpecLoopName, void @empty_13" [patchMaker.cpp:1807]   --->   Operation 302 'specloopname' 'specloopname_ln1807' <Predicate = (!icmp_ln1811)> <Delay = 0.00>
ST_5 : Operation 303 [1/1] (0.00ns)   --->   "%sext_ln878 = sext i32 %adjustedZL"   --->   Operation 303 'sext' 'sext_ln878' <Predicate = (!icmp_ln1811)> <Delay = 0.00>
ST_5 : Operation 304 [1/1] (1.06ns)   --->   "%icmp_ln878 = icmp_slt  i64 %sext_ln878, i64 %lbVal"   --->   Operation 304 'icmp' 'icmp_ln878' <Predicate = (!icmp_ln1811)> <Delay = 1.06> <CoreInst = "Cmp">   --->   Core 9 'Cmp' <Latency = 0> <II = 1> <Delay = 1.06> <FuncUnit> <Opcode : 'icmp'> <InPorts = 2> <OutPorts = 1>
ST_5 : Operation 305 [1/1] (0.22ns)   --->   "%select_ln1816 = select i1 %icmp_ln878, i32 %j, i32 %left_bound_write_assign" [patchMaker.cpp:1816]   --->   Operation 305 'select' 'select_ln1816' <Predicate = (!icmp_ln1811)> <Delay = 0.22> <CoreInst = "Sel">   --->   Core 73 'Sel' <Latency = 0> <II = 1> <Delay = 0.41> <FuncUnit> <Opcode : 'select'> <InPorts = 3> <OutPorts = 1>
ST_5 : Operation 306 [1/1] (0.41ns)   --->   "%lbVal_2 = select i1 %icmp_ln878, i64 %sext_ln878, i64 %lbVal" [patchMaker.cpp:1816]   --->   Operation 306 'select' 'lbVal_2' <Predicate = (!icmp_ln1811)> <Delay = 0.41> <CoreInst = "Sel">   --->   Core 73 'Sel' <Latency = 0> <II = 1> <Delay = 0.41> <FuncUnit> <Opcode : 'select'> <InPorts = 3> <OutPorts = 1>
ST_5 : Operation 307 [1/1] (0.00ns)   --->   "%sext_ln878_1 = sext i32 %adjustedZR"   --->   Operation 307 'sext' 'sext_ln878_1' <Predicate = (!icmp_ln1811)> <Delay = 0.00>
ST_5 : Operation 308 [1/1] (1.06ns)   --->   "%icmp_ln878_9 = icmp_slt  i64 %sext_ln878_1, i64 %rbVal"   --->   Operation 308 'icmp' 'icmp_ln878_9' <Predicate = (!icmp_ln1811)> <Delay = 1.06> <CoreInst = "Cmp">   --->   Core 9 'Cmp' <Latency = 0> <II = 1> <Delay = 1.06> <FuncUnit> <Opcode : 'icmp'> <InPorts = 2> <OutPorts = 1>
ST_5 : Operation 309 [1/1] (0.22ns)   --->   "%select_ln1822 = select i1 %icmp_ln878_9, i32 %j, i32 %right_bound_write_assign" [patchMaker.cpp:1822]   --->   Operation 309 'select' 'select_ln1822' <Predicate = (!icmp_ln1811)> <Delay = 0.22> <CoreInst = "Sel">   --->   Core 73 'Sel' <Latency = 0> <II = 1> <Delay = 0.41> <FuncUnit> <Opcode : 'select'> <InPorts = 3> <OutPorts = 1>
ST_5 : Operation 310 [1/1] (0.41ns)   --->   "%rbVal_2 = select i1 %icmp_ln878_9, i64 %sext_ln878_1, i64 %rbVal" [patchMaker.cpp:1822]   --->   Operation 310 'select' 'rbVal_2' <Predicate = (!icmp_ln1811)> <Delay = 0.41> <CoreInst = "Sel">   --->   Core 73 'Sel' <Latency = 0> <II = 1> <Delay = 0.41> <FuncUnit> <Opcode : 'select'> <InPorts = 3> <OutPorts = 1>
ST_5 : Operation 311 [1/1] (0.00ns)   --->   "%sext_ln534 = sext i32 %adjustedZ"   --->   Operation 311 'sext' 'sext_ln534' <Predicate = (!icmp_ln1811)> <Delay = 0.00>
ST_5 : Operation 312 [1/1] (0.00ns) (grouped into LUT with out node icmp_ln1827)   --->   "%tmp_26 = bitselect i1 @_ssdm_op_BitSelect.i1.i32.i32, i32 %adjustedZ, i32 31" [C:/Xilinx/Vitis_HLS/2020.2/tps/mingw/6.2.0/win64.o/nt\lib\gcc\x86_64-w64-mingw32\6.2.0\include\c++\cstdlib:180]   --->   Operation 312 'bitselect' 'tmp_26' <Predicate = (!icmp_ln1811)> <Delay = 0.00>
ST_5 : Operation 313 [1/1] (0.00ns) (grouped into LUT with out node icmp_ln1827)   --->   "%select_ln180 = select i1 %tmp_26, i33 %sub_ln180_8, i33 %sext_ln180" [C:/Xilinx/Vitis_HLS/2020.2/tps/mingw/6.2.0/win64.o/nt\lib\gcc\x86_64-w64-mingw32\6.2.0\include\c++\cstdlib:180]   --->   Operation 313 'select' 'select_ln180' <Predicate = (!icmp_ln1811)> <Delay = 0.00> <CoreInst = "Sel">   --->   Core 73 'Sel' <Latency = 0> <II = 1> <Delay = 0.41> <FuncUnit> <Opcode : 'select'> <InPorts = 3> <OutPorts = 1>
ST_5 : Operation 314 [1/1] (0.00ns) (grouped into LUT with out node icmp_ln1827)   --->   "%sext_ln180_1 = sext i33 %select_ln180" [C:/Xilinx/Vitis_HLS/2020.2/tps/mingw/6.2.0/win64.o/nt\lib\gcc\x86_64-w64-mingw32\6.2.0\include\c++\cstdlib:180]   --->   Operation 314 'sext' 'sext_ln180_1' <Predicate = (!icmp_ln1811)> <Delay = 0.00>
ST_5 : Operation 315 [1/1] (0.00ns) (grouped into LUT with out node icmp_ln1827)   --->   "%tmp_27 = bitselect i1 @_ssdm_op_BitSelect.i1.i64.i32, i64 %p_x_assign_7, i32 63" [C:/Xilinx/Vitis_HLS/2020.2/tps/mingw/6.2.0/win64.o/nt\lib\gcc\x86_64-w64-mingw32\6.2.0\include\c++\cstdlib:180]   --->   Operation 315 'bitselect' 'tmp_27' <Predicate = (!icmp_ln1811)> <Delay = 0.00>
ST_5 : Operation 316 [1/1] (0.00ns) (grouped into LUT with out node icmp_ln1827)   --->   "%select_ln180_7 = select i1 %tmp_27, i64 %sub_ln180_9, i64 %p_x_assign_7" [C:/Xilinx/Vitis_HLS/2020.2/tps/mingw/6.2.0/win64.o/nt\lib\gcc\x86_64-w64-mingw32\6.2.0\include\c++\cstdlib:180]   --->   Operation 316 'select' 'select_ln180_7' <Predicate = (!icmp_ln1811)> <Delay = 0.00> <CoreInst = "Sel">   --->   Core 73 'Sel' <Latency = 0> <II = 1> <Delay = 0.41> <FuncUnit> <Opcode : 'select'> <InPorts = 3> <OutPorts = 1>
ST_5 : Operation 317 [1/1] (1.06ns) (out node of the LUT)   --->   "%icmp_ln1827 = icmp_slt  i64 %sext_ln180_1, i64 %select_ln180_7" [patchMaker.cpp:1827]   --->   Operation 317 'icmp' 'icmp_ln1827' <Predicate = (!icmp_ln1811)> <Delay = 1.06> <CoreInst = "Cmp">   --->   Core 9 'Cmp' <Latency = 0> <II = 1> <Delay = 1.06> <FuncUnit> <Opcode : 'icmp'> <InPorts = 2> <OutPorts = 1>
ST_5 : Operation 318 [1/1] (0.22ns)   --->   "%select_ln1827 = select i1 %icmp_ln1827, i32 %j, i32 %start_index_write_assign" [patchMaker.cpp:1827]   --->   Operation 318 'select' 'select_ln1827' <Predicate = (!icmp_ln1811)> <Delay = 0.22> <CoreInst = "Sel">   --->   Core 73 'Sel' <Latency = 0> <II = 1> <Delay = 0.41> <FuncUnit> <Opcode : 'select'> <InPorts = 3> <OutPorts = 1>
ST_5 : Operation 319 [1/1] (0.41ns)   --->   "%select_ln1827_1 = select i1 %icmp_ln1827, i64 %sext_ln534, i64 %start_value_write_assign" [patchMaker.cpp:1827]   --->   Operation 319 'select' 'select_ln1827_1' <Predicate = (!icmp_ln1811)> <Delay = 0.41> <CoreInst = "Sel">   --->   Core 73 'Sel' <Latency = 0> <II = 1> <Delay = 0.41> <FuncUnit> <Opcode : 'select'> <InPorts = 3> <OutPorts = 1>
ST_5 : Operation 320 [1/1] (0.41ns)   --->   "%select_ln1827_2 = select i1 %icmp_ln1827, i64 %sext_ln534, i64 %p_x_assign_7" [patchMaker.cpp:1827]   --->   Operation 320 'select' 'select_ln1827_2' <Predicate = (!icmp_ln1811)> <Delay = 0.41> <CoreInst = "Sel">   --->   Core 73 'Sel' <Latency = 0> <II = 1> <Delay = 0.41> <FuncUnit> <Opcode : 'select'> <InPorts = 3> <OutPorts = 1>
ST_5 : Operation 321 [1/1] (0.00ns)   --->   "%br_ln0 = br void"   --->   Operation 321 'br' 'br_ln0' <Predicate = (!icmp_ln1811)> <Delay = 0.00>

State 6 <SV = 4> <Delay = 0.00>
ST_6 : Operation 322 [1/1] (0.00ns)   --->   "%mrv = insertvalue i160 <undef>, i32 %left_bound_write_assign" [patchMaker.cpp:1833]   --->   Operation 322 'insertvalue' 'mrv' <Predicate = true> <Delay = 0.00>
ST_6 : Operation 323 [1/1] (0.00ns)   --->   "%mrv_1 = insertvalue i160 %mrv, i32 %right_bound_write_assign" [patchMaker.cpp:1833]   --->   Operation 323 'insertvalue' 'mrv_1' <Predicate = true> <Delay = 0.00>
ST_6 : Operation 324 [1/1] (0.00ns)   --->   "%mrv_2 = insertvalue i160 %mrv_1, i32 %start_index_write_assign" [patchMaker.cpp:1833]   --->   Operation 324 'insertvalue' 'mrv_2' <Predicate = true> <Delay = 0.00>
ST_6 : Operation 325 [1/1] (0.00ns)   --->   "%mrv_3 = insertvalue i160 %mrv_2, i64 %start_value_write_assign" [patchMaker.cpp:1833]   --->   Operation 325 'insertvalue' 'mrv_3' <Predicate = true> <Delay = 0.00>
ST_6 : Operation 326 [1/1] (0.00ns)   --->   "%ret_ln1833 = ret i160 %mrv_3" [patchMaker.cpp:1833]   --->   Operation 326 'ret' 'ret_ln1833' <Predicate = true> <Delay = 0.00>


============================================================
+ Verbose Summary: Timing violations
============================================================
Target clock period: 3ns, clock uncertainty: 0.81ns.

 <State 1>: 0.699ns
The critical path consists of the following:
	wire read on port 'i' [520]  (0 ns)
	'getelementptr' operation ('trapezoid_edges_V_addr') [522]  (0 ns)
	'load' operation ('rhs') on array 'trapezoid_edges_V' [523]  (0.699 ns)

 <State 2>: 0.699ns
The critical path consists of the following:
	'load' operation ('rhs') on array 'trapezoid_edges_V' [523]  (0.699 ns)

 <State 3>: 1.07ns
The critical path consists of the following:
	'phi' operation ('j', patchMaker.cpp:1818) with incoming values : ('add_ln1811', patchMaker.cpp:1811) [532]  (0 ns)
	'mux' operation ('lhs') [543]  (1.07 ns)

 <State 4>: 1.99ns
The critical path consists of the following:
	'add' operation ('add_ln180', C:/Xilinx/Vitis_HLS/2020.2/tps/mingw/6.2.0/win64.o/nt\lib\gcc\x86_64-w64-mingw32\6.2.0\include\c++\cstdlib:180) [546]  (0.88 ns)
	'sub' operation ('sub_ln180', C:/Xilinx/Vitis_HLS/2020.2/tps/mingw/6.2.0/win64.o/nt\lib\gcc\x86_64-w64-mingw32\6.2.0\include\c++\cstdlib:180) [547]  (0.88 ns)
	'select' operation ('adjustedZL', C:/Xilinx/Vitis_HLS/2020.2/tps/mingw/6.2.0/win64.o/nt\lib\gcc\x86_64-w64-mingw32\6.2.0\include\c++\cstdlib:180) [549]  (0.227 ns)

 <State 5>: 1.48ns
The critical path consists of the following:
	'icmp' operation ('icmp_ln878') [557]  (1.06 ns)
	'select' operation ('lbVal', patchMaker.cpp:1816) [559]  (0.411 ns)

 <State 6>: 0ns
The critical path consists of the following:


============================================================
+ Verbose Summary: Binding
============================================================
N/A
* FSMD analyzer results:
  - Output states:
 - Input state : 
  - Chain level:
	State 1
	State 2
	State 3
	State 4
	State 5
	State 6


============================================================
+ Verbose Summary: Datapath Resource usage 
============================================================
N/A
