

================================================================
== Vitis HLS Report for 'add_patch_111'
================================================================
* Date:           Thu Jul 11 15:46:34 2024

* Version:        2020.2 (Build 3064766 on Wed Nov 18 09:12:45 MST 2020)
* Project:        PatchMaker_tanishGit
* Solution:       solution1 (Vivado IP Flow Target)
* Product family: virtexuplus
* Target device:  xcvu19p-fsvb3824-2-e


================================================================
== Performance Estimates
================================================================
+ Timing: 
    * Summary: 
    +--------+----------+----------+------------+
    |  Clock |  Target  | Estimated| Uncertainty|
    +--------+----------+----------+------------+
    |ap_clk  |  10.00 ns|  4.955 ns|     2.70 ns|
    +--------+----------+----------+------------+

+ Latency: 
    * Summary: 
    +---------+---------+----------+----------+-----+-----+---------+
    |  Latency (cycles) |  Latency (absolute) |  Interval | Pipeline|
    |   min   |   max   |    min   |    max   | min | max |   Type  |
    +---------+---------+----------+----------+-----+-----+---------+
    |        ?|        ?|         ?|         ?|    ?|    ?|     none|
    +---------+---------+----------+----------+-----+-----+---------+

    + Detail: 
        * Instance: 
        N/A

        * Loop: 
        +---------------------------------------------------------+---------+---------+----------+-----------+-----------+------+----------+
        |                                                         |  Latency (cycles) | Iteration|  Initiation Interval  | Trip |          |
        |                        Loop Name                        |   min   |   max   |  Latency |  achieved |   target  | Count| Pipelined|
        +---------------------------------------------------------+---------+---------+----------+-----------+-----------+------+----------+
        |- VITIS_LOOP_298_1_VITIS_LOOP_302_3_VITIS_LOOP_304_4     |      720|      720|         2|          1|          1|   720|       yes|
        |- VITIS_LOOP_312_5_VITIS_LOOP_314_6_VITIS_LOOP_316_7     |      120|      120|         2|          1|          1|   120|       yes|
        |- VITIS_LOOP_333_8                                       |        ?|        ?|         3|          3|          1|     ?|       yes|
        |- VITIS_LOOP_348_9_VITIS_LOOP_352_11_VITIS_LOOP_354_12   |      720|      720|         2|          1|          1|   720|       yes|
        |- VITIS_LOOP_362_13_VITIS_LOOP_364_14_VITIS_LOOP_366_15  |      120|      120|         2|          1|          1|   120|       yes|
        +---------------------------------------------------------+---------+---------+----------+-----------+-----------+------+----------+



================================================================
== Utilization Estimates
================================================================
* Summary: 
+---------------------+---------+------+---------+---------+-----+
|         Name        | BRAM_18K|  DSP |    FF   |   LUT   | URAM|
+---------------------+---------+------+---------+---------+-----+
|DSP                  |        -|     -|        -|        -|    -|
|Expression           |        -|     -|        0|     1543|    -|
|FIFO                 |        -|     -|        -|        -|    -|
|Instance             |        -|     -|        0|      156|    -|
|Memory               |        -|     -|        -|        -|    -|
|Multiplexer          |        -|     -|        -|     1786|    -|
|Register             |        -|     -|     1217|        -|    -|
+---------------------+---------+------+---------+---------+-----+
|Total                |        0|     0|     1217|     3485|    0|
+---------------------+---------+------+---------+---------+-----+
|Available SLR        |     1080|   960|  2042880|  1021440|   80|
+---------------------+---------+------+---------+---------+-----+
|Utilization SLR (%)  |        0|     0|       ~0|       ~0|    0|
+---------------------+---------+------+---------+---------+-----+
|Available            |     4320|  3840|  8171520|  4085760|  320|
+---------------------+---------+------+---------+---------+-----+
|Utilization (%)      |        0|     0|       ~0|       ~0|    0|
+---------------------+---------+------+---------+---------+-----+

+ Detail: 
    * Instance: 
    +--------------------+---------------+---------+----+---+----+-----+
    |      Instance      |     Module    | BRAM_18K| DSP| FF| LUT| URAM|
    +--------------------+---------------+---------+----+---+----+-----+
    |mux_53_64_1_1_U183  |mux_53_64_1_1  |        0|   0|  0|  26|    0|
    |mux_53_64_1_1_U184  |mux_53_64_1_1  |        0|   0|  0|  26|    0|
    |mux_53_64_1_1_U185  |mux_53_64_1_1  |        0|   0|  0|  26|    0|
    |mux_53_64_1_1_U186  |mux_53_64_1_1  |        0|   0|  0|  26|    0|
    |mux_53_64_1_1_U187  |mux_53_64_1_1  |        0|   0|  0|  26|    0|
    |mux_53_64_1_1_U188  |mux_53_64_1_1  |        0|   0|  0|  26|    0|
    +--------------------+---------------+---------+----+---+----+-----+
    |Total               |               |        0|   0|  0| 156|    0|
    +--------------------+---------------+---------+----+---+----+-----+

    * DSP: 
    N/A

    * Memory: 
    N/A

    * FIFO: 
    N/A

    * Expression: 
    +---------------------------+----------+----+---+----+------------+------------+
    |       Variable Name       | Operation| DSP| FF| LUT| Bitwidth P0| Bitwidth P1|
    +---------------------------+----------+----+---+----+------------+------------+
    |add_ln298_3_fu_3051_p2     |         +|   0|  0|  17|          10|           1|
    |add_ln298_fu_3063_p2       |         +|   0|  0|  10|           3|           1|
    |add_ln300_3_fu_3370_p2     |         +|   0|  0|  15|           8|           1|
    |add_ln300_fu_3147_p2       |         +|   0|  0|   9|           2|           1|
    |add_ln302_3_fu_3356_p2     |         +|   0|  0|  14|           7|           1|
    |add_ln302_fu_3227_p2       |         +|   0|  0|  12|           5|           1|
    |add_ln304_fu_3350_p2       |         +|   0|  0|   9|           2|           1|
    |add_ln306_10_fu_3293_p2    |         +|   0|  0|  69|          62|          62|
    |add_ln306_11_fu_3329_p2    |         +|   0|  0|  16|          10|          10|
    |add_ln306_12_fu_3335_p2    |         +|   0|  0|  16|           8|           8|
    |add_ln306_9_fu_3265_p2     |         +|   0|  0|  69|          62|          62|
    |add_ln306_fu_3179_p2       |         +|   0|  0|  14|           7|           7|
    |add_ln312_3_fu_3404_p2     |         +|   0|  0|  14|           7|           1|
    |add_ln312_fu_3416_p2       |         +|   0|  0|  10|           3|           1|
    |add_ln314_3_fu_3550_p2     |         +|   0|  0|  13|           6|           1|
    |add_ln314_fu_3462_p2       |         +|   0|  0|  10|           3|           1|
    |add_ln316_fu_3544_p2       |         +|   0|  0|  10|           3|           1|
    |add_ln318_fu_3524_p2       |         +|   0|  0|  16|          10|          10|
    |add_ln333_fu_2213_p2       |         +|   0|  0|  38|          31|           1|
    |add_ln335_3_fu_2249_p2     |         +|   0|  0|  17|          10|           7|
    |add_ln335_fu_2243_p2       |         +|   0|  0|  17|          10|          10|
    |add_ln336_fu_2291_p2       |         +|   0|  0|  17|          10|           7|
    |add_ln348_3_fu_2391_p2     |         +|   0|  0|  17|          10|           1|
    |add_ln348_fu_2403_p2       |         +|   0|  0|  10|           3|           1|
    |add_ln350_3_fu_2710_p2     |         +|   0|  0|  15|           8|           1|
    |add_ln350_fu_2487_p2       |         +|   0|  0|   9|           2|           1|
    |add_ln352_3_fu_2696_p2     |         +|   0|  0|  14|           7|           1|
    |add_ln352_fu_2567_p2       |         +|   0|  0|  12|           5|           1|
    |add_ln354_fu_2690_p2       |         +|   0|  0|   9|           2|           1|
    |add_ln356_10_fu_2633_p2    |         +|   0|  0|  69|          62|          62|
    |add_ln356_11_fu_2669_p2    |         +|   0|  0|  16|          10|          10|
    |add_ln356_12_fu_2675_p2    |         +|   0|  0|  16|           8|           8|
    |add_ln356_9_fu_2605_p2     |         +|   0|  0|  69|          62|          62|
    |add_ln356_fu_2519_p2       |         +|   0|  0|  14|           7|           7|
    |add_ln362_3_fu_2806_p2     |         +|   0|  0|  14|           7|           1|
    |add_ln362_fu_2818_p2       |         +|   0|  0|  10|           3|           1|
    |add_ln364_3_fu_2947_p2     |         +|   0|  0|  13|           6|           1|
    |add_ln364_fu_2864_p2       |         +|   0|  0|  10|           3|           1|
    |add_ln366_fu_2941_p2       |         +|   0|  0|  10|           3|           1|
    |add_ln368_5_fu_3002_p2     |         +|   0|  0|  16|          10|          10|
    |add_ln368_6_fu_2926_p2     |         +|   0|  0|  16|           5|           5|
    |add_ln368_fu_2964_p2       |         +|   0|  0|  42|          35|          35|
    |add_ln376_fu_3045_p2       |         +|   0|  0|  39|          32|           1|
    |sub_fu_2139_p2             |         +|   0|  0|  39|          32|           2|
    |empty_160_fu_2183_p2       |         -|   0|  0|  17|          10|          10|
    |sub_ln306_5_fu_3287_p2     |         -|   0|  0|  16|          10|          10|
    |sub_ln306_6_fu_3315_p2     |         -|   0|  0|  16|           8|           8|
    |sub_ln306_fu_3107_p2       |         -|   0|  0|  13|           6|           6|
    |sub_ln318_fu_3514_p2       |         -|   0|  0|  16|          10|          10|
    |sub_ln356_5_fu_2627_p2     |         -|   0|  0|  16|          10|          10|
    |sub_ln356_6_fu_2655_p2     |         -|   0|  0|  16|           8|           8|
    |sub_ln356_fu_2447_p2       |         -|   0|  0|  13|           6|           6|
    |sub_ln368_3_fu_2916_p2     |         -|   0|  0|  16|           5|           5|
    |sub_ln368_fu_2993_p2       |         -|   0|  0|  16|          10|          10|
    |and_ln298_3_fu_3141_p2     |       and|   0|  0|   2|           1|           1|
    |and_ln298_fu_3129_p2       |       and|   0|  0|   2|           1|           1|
    |and_ln300_fu_3221_p2       |       and|   0|  0|   2|           1|           1|
    |and_ln312_fu_3448_p2       |       and|   0|  0|   2|           1|           1|
    |and_ln348_3_fu_2481_p2     |       and|   0|  0|   2|           1|           1|
    |and_ln348_fu_2469_p2       |       and|   0|  0|   2|           1|           1|
    |and_ln350_fu_2561_p2       |       and|   0|  0|   2|           1|           1|
    |and_ln362_fu_2850_p2       |       and|   0|  0|   2|           1|           1|
    |ap_condition_2062          |       and|   0|  0|   2|           1|           1|
    |ap_condition_2351          |       and|   0|  0|   2|           1|           1|
    |icmp_ln295_fu_2133_p2      |      icmp|   0|  0|  20|          32|           1|
    |icmp_ln298_fu_3057_p2      |      icmp|   0|  0|  11|          10|          10|
    |icmp_ln300_fu_3069_p2      |      icmp|   0|  0|  11|           8|           8|
    |icmp_ln302_fu_3135_p2      |      icmp|   0|  0|  10|           7|           6|
    |icmp_ln304_fu_3123_p2      |      icmp|   0|  0|   8|           2|           2|
    |icmp_ln312_fu_3410_p2      |      icmp|   0|  0|  10|           7|           5|
    |icmp_ln314_fu_3422_p2      |      icmp|   0|  0|  10|           6|           5|
    |icmp_ln316_fu_3442_p2      |      icmp|   0|  0|   8|           3|           3|
    |icmp_ln333_2_fu_2208_p2    |      icmp|   0|  0|  20|          32|          32|
    |icmp_ln333_fu_2198_p2      |      icmp|   0|  0|  20|          32|           1|
    |icmp_ln335_fu_2343_p2      |      icmp|   0|  0|  29|          64|          64|
    |icmp_ln336_fu_2359_p2      |      icmp|   0|  0|  29|          64|          64|
    |icmp_ln346_fu_2374_p2      |      icmp|   0|  0|  17|          27|           1|
    |icmp_ln348_fu_2397_p2      |      icmp|   0|  0|  11|          10|          10|
    |icmp_ln350_fu_2409_p2      |      icmp|   0|  0|  11|           8|           8|
    |icmp_ln352_fu_2475_p2      |      icmp|   0|  0|  10|           7|           6|
    |icmp_ln354_fu_2463_p2      |      icmp|   0|  0|   8|           2|           2|
    |icmp_ln362_fu_2812_p2      |      icmp|   0|  0|  10|           7|           5|
    |icmp_ln364_fu_2824_p2      |      icmp|   0|  0|  10|           6|           5|
    |icmp_ln366_fu_2844_p2      |      icmp|   0|  0|   8|           3|           3|
    |empty_157_fu_2153_p2       |        or|   0|  0|  34|          34|           1|
    |or_ln300_3_fu_3215_p2      |        or|   0|  0|   2|           1|           1|
    |or_ln300_fu_3153_p2        |        or|   0|  0|   2|           1|           1|
    |or_ln302_3_fu_3239_p2      |        or|   0|  0|   2|           1|           1|
    |or_ln302_fu_3233_p2        |        or|   0|  0|   2|           1|           1|
    |or_ln314_fu_3468_p2        |        or|   0|  0|   2|           1|           1|
    |or_ln350_3_fu_2555_p2      |        or|   0|  0|   2|           1|           1|
    |or_ln350_fu_2493_p2        |        or|   0|  0|   2|           1|           1|
    |or_ln352_3_fu_2579_p2      |        or|   0|  0|   2|           1|           1|
    |or_ln352_fu_2573_p2        |        or|   0|  0|   2|           1|           1|
    |or_ln364_fu_2870_p2        |        or|   0|  0|   2|           1|           1|
    |select_ln298_3_fu_3083_p3  |    select|   0|  0|   3|           1|           3|
    |select_ln298_fu_3075_p3    |    select|   0|  0|   2|           1|           1|
    |select_ln300_5_fu_3167_p3  |    select|   0|  0|   2|           1|           2|
    |select_ln300_6_fu_3376_p3  |    select|   0|  0|   8|           1|           1|
    |select_ln300_fu_3159_p3    |    select|   0|  0|   5|           1|           1|
    |select_ln302_5_fu_3253_p3  |    select|   0|  0|   5|           1|           5|
    |select_ln302_6_fu_3362_p3  |    select|   0|  0|   7|           1|           1|
    |select_ln302_fu_3245_p3    |    select|   0|  0|   2|           1|           1|
    |select_ln312_3_fu_3454_p3  |    select|   0|  0|   3|           1|           3|
    |select_ln312_fu_3428_p3    |    select|   0|  0|   3|           1|           1|
    |select_ln314_5_fu_3482_p3  |    select|   0|  0|   3|           1|           3|
    |select_ln314_6_fu_3556_p3  |    select|   0|  0|   6|           1|           1|
    |select_ln314_fu_3474_p3    |    select|   0|  0|   3|           1|           1|
    |select_ln348_3_fu_2423_p3  |    select|   0|  0|   3|           1|           3|
    |select_ln348_fu_2415_p3    |    select|   0|  0|   2|           1|           1|
    |select_ln350_5_fu_2507_p3  |    select|   0|  0|   2|           1|           2|
    |select_ln350_6_fu_2716_p3  |    select|   0|  0|   8|           1|           1|
    |select_ln350_fu_2499_p3    |    select|   0|  0|   5|           1|           1|
    |select_ln352_5_fu_2593_p3  |    select|   0|  0|   5|           1|           5|
    |select_ln352_6_fu_2702_p3  |    select|   0|  0|   7|           1|           1|
    |select_ln352_fu_2585_p3    |    select|   0|  0|   2|           1|           1|
    |select_ln362_3_fu_2856_p3  |    select|   0|  0|   3|           1|           3|
    |select_ln362_fu_2830_p3    |    select|   0|  0|   3|           1|           1|
    |select_ln364_5_fu_2884_p3  |    select|   0|  0|   3|           1|           3|
    |select_ln364_6_fu_2953_p3  |    select|   0|  0|   6|           1|           1|
    |select_ln364_fu_2876_p3    |    select|   0|  0|   3|           1|           1|
    |ap_enable_pp1              |       xor|   0|  0|   2|           1|           2|
    |ap_enable_pp2              |       xor|   0|  0|   2|           1|           2|
    |ap_enable_pp3              |       xor|   0|  0|   2|           1|           2|
    |ap_enable_pp4              |       xor|   0|  0|   2|           1|           2|
    |ap_enable_reg_pp1_iter1    |       xor|   0|  0|   2|           2|           1|
    |ap_enable_reg_pp2_iter1    |       xor|   0|  0|   2|           2|           1|
    |ap_enable_reg_pp3_iter1    |       xor|   0|  0|   2|           2|           1|
    |ap_enable_reg_pp4_iter1    |       xor|   0|  0|   2|           2|           1|
    |xor_ln298_fu_3117_p2       |       xor|   0|  0|   2|           1|           2|
    |xor_ln300_fu_3209_p2       |       xor|   0|  0|   2|           1|           2|
    |xor_ln312_fu_3436_p2       |       xor|   0|  0|   2|           1|           2|
    |xor_ln348_fu_2457_p2       |       xor|   0|  0|   2|           1|           2|
    |xor_ln350_fu_2549_p2       |       xor|   0|  0|   2|           1|           2|
    |xor_ln362_fu_2838_p2       |       xor|   0|  0|   2|           1|           2|
    +---------------------------+----------+----+---+----+------------+------------+
    |Total                      |          |   0|  0|1543|        1119|         827|
    +---------------------------+----------+----+---+----+------------+------------+

    * Multiplexer: 
    +--------------------------------------+-----+-----------+-----+-----------+
    |                 Name                 | LUT | Input Size| Bits| Total Bits|
    +--------------------------------------+-----+-----------+-----+-----------+
    |a_15_reg_2089                         |    9|          2|    3|          6|
    |a_16_reg_1880                         |    9|          2|    3|          6|
    |a_17_reg_1957                         |    9|          2|    3|          6|
    |a_reg_2012                            |    9|          2|    3|          6|
    |ap_NS_fsm                             |   81|         17|    1|         17|
    |ap_enable_reg_pp1_iter1               |   14|          3|    1|          3|
    |ap_enable_reg_pp2_iter1               |   14|          3|    1|          3|
    |ap_enable_reg_pp3_iter1               |   14|          3|    1|          3|
    |ap_enable_reg_pp4_iter1               |   14|          3|    1|          3|
    |ap_phi_mux_a_15_phi_fu_2093_p4        |    9|          2|    3|          6|
    |ap_phi_mux_a_16_phi_fu_1884_p4        |    9|          2|    3|          6|
    |ap_phi_mux_a_17_phi_fu_1961_p4        |    9|          2|    3|          6|
    |ap_phi_mux_a_phi_fu_2016_p4           |    9|          2|    3|          6|
    |ap_phi_mux_b_18_phi_fu_2115_p4        |    9|          2|    3|          6|
    |ap_phi_mux_b_19_phi_fu_1906_p4        |    9|          2|    2|          4|
    |ap_phi_mux_b_20_phi_fu_1983_p4        |    9|          2|    3|          6|
    |ap_phi_mux_b_phi_fu_2038_p4           |    9|          2|    2|          4|
    |ap_phi_mux_c_19_phi_fu_1928_p4        |    9|          2|    5|         10|
    |ap_phi_mux_c_phi_fu_2060_p4           |    9|          2|    5|         10|
    |ap_phi_mux_empty_162_phi_fu_1670_p64  |  152|         33|   64|       2112|
    |ap_phi_mux_empty_163_phi_fu_1771_p64  |  152|         33|   64|       2112|
    |b_18_reg_2111                         |    9|          2|    3|          6|
    |b_19_reg_1902                         |    9|          2|    2|          4|
    |b_20_reg_1979                         |    9|          2|    3|          6|
    |b_reg_2034                            |    9|          2|    2|          4|
    |c_18_reg_2122                         |    9|          2|    3|          6|
    |c_19_reg_1924                         |    9|          2|    5|         10|
    |c_20_reg_1990                         |    9|          2|    3|          6|
    |c_reg_2056                            |    9|          2|    5|         10|
    |d_11_reg_1935                         |    9|          2|    2|          4|
    |d_reg_2067                            |    9|          2|    2|          4|
    |i_reg_1656                            |    9|          2|   31|         62|
    |indvar_flatten104_reg_1869            |    9|          2|   10|         20|
    |indvar_flatten112_reg_1968            |    9|          2|    6|         12|
    |indvar_flatten126_reg_1946            |    9|          2|    7|         14|
    |indvar_flatten13_reg_2023             |    9|          2|    8|         16|
    |indvar_flatten37_reg_2001             |    9|          2|   10|         20|
    |indvar_flatten44_reg_2100             |    9|          2|    6|         12|
    |indvar_flatten58_reg_2078             |    9|          2|    7|         14|
    |indvar_flatten66_reg_1913             |    9|          2|    7|         14|
    |indvar_flatten80_reg_1891             |    9|          2|    8|         16|
    |indvar_flatten_reg_2045               |    9|          2|    7|         14|
    |n_patches                             |   14|          3|   32|         96|
    |patches_parameters_0_address0         |   14|          3|   10|         30|
    |patches_parameters_0_d0               |   14|          3|   64|        192|
    |patches_parameters_1_address0         |   14|          3|   10|         30|
    |patches_parameters_1_d0               |   14|          3|   64|        192|
    |patches_parameters_2_address0         |   14|          3|   10|         30|
    |patches_parameters_2_d0               |   14|          3|   64|        192|
    |patches_parameters_3_address0         |   14|          3|   10|         30|
    |patches_parameters_3_d0               |   14|          3|   64|        192|
    |patches_parameters_4_address0         |   20|          4|   10|         40|
    |patches_parameters_4_d0               |   14|          3|   64|        192|
    |patches_superpoints_0_address0        |   26|          5|   10|         50|
    |patches_superpoints_0_d0              |   14|          3|   64|        192|
    |patches_superpoints_10_address0       |   20|          4|   10|         40|
    |patches_superpoints_11_address0       |   20|          4|   10|         40|
    |patches_superpoints_12_address0       |   20|          4|   10|         40|
    |patches_superpoints_13_address0       |   20|          4|   10|         40|
    |patches_superpoints_14_address0       |   20|          4|   10|         40|
    |patches_superpoints_15_address0       |   20|          4|   10|         40|
    |patches_superpoints_16_address0       |   20|          4|   10|         40|
    |patches_superpoints_17_address0       |   20|          4|   10|         40|
    |patches_superpoints_18_address0       |   20|          4|   10|         40|
    |patches_superpoints_19_address0       |   20|          4|   10|         40|
    |patches_superpoints_1_address0        |   20|          4|   10|         40|
    |patches_superpoints_20_address0       |   20|          4|   10|         40|
    |patches_superpoints_21_address0       |   20|          4|   10|         40|
    |patches_superpoints_22_address0       |   20|          4|   10|         40|
    |patches_superpoints_23_address0       |   20|          4|   10|         40|
    |patches_superpoints_24_address0       |   20|          4|   10|         40|
    |patches_superpoints_25_address0       |   20|          4|   10|         40|
    |patches_superpoints_26_address0       |   20|          4|   10|         40|
    |patches_superpoints_27_address0       |   20|          4|   10|         40|
    |patches_superpoints_28_address0       |   20|          4|   10|         40|
    |patches_superpoints_29_address0       |   20|          4|   10|         40|
    |patches_superpoints_2_address0        |   20|          4|   10|         40|
    |patches_superpoints_30_address0       |   20|          4|   10|         40|
    |patches_superpoints_31_address0       |   20|          4|   10|         40|
    |patches_superpoints_3_address0        |   20|          4|   10|         40|
    |patches_superpoints_4_address0        |   20|          4|   10|         40|
    |patches_superpoints_5_address0        |   20|          4|   10|         40|
    |patches_superpoints_6_address0        |   20|          4|   10|         40|
    |patches_superpoints_7_address0        |   20|          4|   10|         40|
    |patches_superpoints_8_address0        |   20|          4|   10|         40|
    |patches_superpoints_9_address0        |   20|          4|   10|         40|
    |wp_parameters5_address0               |   14|          3|    5|         15|
    |wp_parameters6_address0               |   14|          3|    5|         15|
    |wp_parameters7_address0               |   14|          3|    5|         15|
    |wp_parameters8_address0               |   14|          3|    5|         15|
    |wp_parameters_address0                |   14|          3|    5|         15|
    |wp_superpoints1_address0              |   14|          3|    8|         24|
    |wp_superpoints1_address1              |   14|          3|    8|         24|
    |wp_superpoints2_address0              |   14|          3|    8|         24|
    |wp_superpoints2_address1              |   14|          3|    8|         24|
    |wp_superpoints3_address0              |   14|          3|    8|         24|
    |wp_superpoints3_address1              |   14|          3|    8|         24|
    |wp_superpoints4_address0              |   14|          3|    8|         24|
    |wp_superpoints4_address1              |   14|          3|    8|         24|
    |wp_superpoints_address0               |   14|          3|    8|         24|
    |wp_superpoints_address1               |   14|          3|    8|         24|
    +--------------------------------------+-----+-----------+-----+-----------+
    |Total                                 | 1786|        376| 1205|       7628|
    +--------------------------------------+-----+-----------+-----+-----------+

    * Register: 
    +-----------------------------------------+----+----+-----+-----------+
    |                   Name                  | FF | LUT| Bits| Const Bits|
    +-----------------------------------------+----+----+-----+-----------+
    |a_15_reg_2089                            |   3|   0|    3|          0|
    |a_16_reg_1880                            |   3|   0|    3|          0|
    |a_17_reg_1957                            |   3|   0|    3|          0|
    |a_reg_2012                               |   3|   0|    3|          0|
    |add_ln306_11_reg_4224                    |  10|   0|   10|          0|
    |add_ln333_reg_3721                       |  31|   0|   31|          0|
    |add_ln356_11_reg_4093                    |  10|   0|   10|          0|
    |ap_CS_fsm                                |  16|   0|   16|          0|
    |ap_enable_reg_pp1_iter0                  |   1|   0|    1|          0|
    |ap_enable_reg_pp1_iter1                  |   1|   0|    1|          0|
    |ap_enable_reg_pp2_iter0                  |   1|   0|    1|          0|
    |ap_enable_reg_pp2_iter1                  |   1|   0|    1|          0|
    |ap_enable_reg_pp3_iter0                  |   1|   0|    1|          0|
    |ap_enable_reg_pp3_iter1                  |   1|   0|    1|          0|
    |ap_enable_reg_pp4_iter0                  |   1|   0|    1|          0|
    |ap_enable_reg_pp4_iter1                  |   1|   0|    1|          0|
    |b_18_reg_2111                            |   3|   0|    3|          0|
    |b_19_reg_1902                            |   2|   0|    2|          0|
    |b_20_reg_1979                            |   3|   0|    3|          0|
    |b_reg_2034                               |   2|   0|    2|          0|
    |c_18_reg_2122                            |   3|   0|    3|          0|
    |c_19_reg_1924                            |   5|   0|    5|          0|
    |c_20_reg_1990                            |   3|   0|    3|          0|
    |c_reg_2056                               |   5|   0|    5|          0|
    |d_11_reg_1935                            |   2|   0|    2|          0|
    |d_reg_2067                               |   2|   0|    2|          0|
    |empty_161_reg_3658                       |  32|   0|   32|          0|
    |i_reg_1656                               |  31|   0|   31|          0|
    |icmp_ln295_reg_3649                      |   1|   0|    1|          0|
    |icmp_ln298_reg_4204                      |   1|   0|    1|          0|
    |icmp_ln312_reg_4274                      |   1|   0|    1|          0|
    |icmp_ln333_2_reg_3717                    |   1|   0|    1|          0|
    |icmp_ln333_reg_3663                      |   1|   0|    1|          0|
    |icmp_ln335_reg_4052                      |   1|   0|    1|          0|
    |icmp_ln346_reg_4059                      |   1|   0|    1|          0|
    |icmp_ln348_reg_4073                      |   1|   0|    1|          0|
    |icmp_ln362_reg_4143                      |   1|   0|    1|          0|
    |indvar_flatten104_reg_1869               |  10|   0|   10|          0|
    |indvar_flatten112_reg_1968               |   6|   0|    6|          0|
    |indvar_flatten126_reg_1946               |   7|   0|    7|          0|
    |indvar_flatten13_reg_2023                |   8|   0|    8|          0|
    |indvar_flatten37_reg_2001                |  10|   0|   10|          0|
    |indvar_flatten44_reg_2100                |   6|   0|    6|          0|
    |indvar_flatten58_reg_2078                |   7|   0|    7|          0|
    |indvar_flatten66_reg_1913                |   7|   0|    7|          0|
    |indvar_flatten80_reg_1891                |   8|   0|    8|          0|
    |indvar_flatten_reg_2045                  |   7|   0|    7|          0|
    |patches_parameters_0_addr_reg_4289       |  10|   0|   10|          0|
    |patches_parameters_1_addr_reg_4294       |  10|   0|   10|          0|
    |patches_parameters_2_addr_reg_4299       |  10|   0|   10|          0|
    |patches_parameters_3_addr_reg_4304       |  10|   0|   10|          0|
    |patches_parameters_4_addr_5_reg_4309     |  10|   0|   10|          0|
    |patches_superpoints_0_addr_9_reg_3737    |   6|   0|   10|          4|
    |patches_superpoints_10_addr_8_reg_3837   |   6|   0|   10|          4|
    |patches_superpoints_11_addr_8_reg_3847   |   6|   0|   10|          4|
    |patches_superpoints_12_addr_8_reg_3857   |   6|   0|   10|          4|
    |patches_superpoints_13_addr_8_reg_3867   |   6|   0|   10|          4|
    |patches_superpoints_14_addr_8_reg_3877   |   6|   0|   10|          4|
    |patches_superpoints_15_addr_8_reg_3887   |   6|   0|   10|          4|
    |patches_superpoints_16_addr_8_reg_3897   |   6|   0|   10|          4|
    |patches_superpoints_17_addr_8_reg_3907   |   6|   0|   10|          4|
    |patches_superpoints_18_addr_8_reg_3917   |   6|   0|   10|          4|
    |patches_superpoints_19_addr_8_reg_3927   |   6|   0|   10|          4|
    |patches_superpoints_1_addr_8_reg_3747    |   6|   0|   10|          4|
    |patches_superpoints_20_addr_8_reg_3937   |   6|   0|   10|          4|
    |patches_superpoints_21_addr_8_reg_3947   |   6|   0|   10|          4|
    |patches_superpoints_22_addr_8_reg_3957   |   6|   0|   10|          4|
    |patches_superpoints_23_addr_8_reg_3967   |   6|   0|   10|          4|
    |patches_superpoints_24_addr_8_reg_3977   |   6|   0|   10|          4|
    |patches_superpoints_25_addr_8_reg_3987   |   6|   0|   10|          4|
    |patches_superpoints_26_addr_8_reg_3997   |   6|   0|   10|          4|
    |patches_superpoints_27_addr_8_reg_4007   |   6|   0|   10|          4|
    |patches_superpoints_28_addr_8_reg_4017   |   6|   0|   10|          4|
    |patches_superpoints_29_addr_8_reg_4027   |   6|   0|   10|          4|
    |patches_superpoints_2_addr_8_reg_3757    |   6|   0|   10|          4|
    |patches_superpoints_30_addr_9_reg_4037   |   6|   0|   10|          4|
    |patches_superpoints_31_addr_13_reg_4047  |   6|   0|   10|          4|
    |patches_superpoints_3_addr_8_reg_3767    |   6|   0|   10|          4|
    |patches_superpoints_4_addr_8_reg_3777    |   6|   0|   10|          4|
    |patches_superpoints_5_addr_8_reg_3787    |   6|   0|   10|          4|
    |patches_superpoints_6_addr_8_reg_3797    |   6|   0|   10|          4|
    |patches_superpoints_7_addr_8_reg_3807    |   6|   0|   10|          4|
    |patches_superpoints_8_addr_8_reg_3817    |   6|   0|   10|          4|
    |patches_superpoints_9_addr_8_reg_3827    |   6|   0|   10|          4|
    |select_ln298_3_reg_4208                  |   3|   0|    3|          0|
    |select_ln300_5_reg_4214                  |   2|   0|    2|          0|
    |select_ln302_5_reg_4219                  |   5|   0|    5|          0|
    |select_ln312_3_reg_4278                  |   3|   0|    3|          0|
    |select_ln314_5_reg_4284                  |   3|   0|    3|          0|
    |select_ln348_3_reg_4077                  |   3|   0|    3|          0|
    |select_ln350_5_reg_4083                  |   2|   0|    2|          0|
    |select_ln352_5_reg_4088                  |   5|   0|    5|          0|
    |select_ln362_3_reg_4147                  |   3|   0|    3|          0|
    |select_ln364_5_reg_4158                  |   3|   0|    3|          0|
    |select_ln364_reg_4153                    |   3|   0|    3|          0|
    |trunc_ln335_reg_3726                     |   3|   0|    3|          0|
    |wp_superpoints1_load_5_reg_3697          |  64|   0|   64|          0|
    |wp_superpoints1_load_reg_3672            |  64|   0|   64|          0|
    |wp_superpoints2_load_5_reg_3702          |  64|   0|   64|          0|
    |wp_superpoints2_load_reg_3677            |  64|   0|   64|          0|
    |wp_superpoints3_load_5_reg_3707          |  64|   0|   64|          0|
    |wp_superpoints3_load_reg_3682            |  64|   0|   64|          0|
    |wp_superpoints4_load_5_reg_3712          |  64|   0|   64|          0|
    |wp_superpoints4_load_reg_3687            |  64|   0|   64|          0|
    |wp_superpoints_load_5_reg_3692           |  64|   0|   64|          0|
    |wp_superpoints_load_reg_3667             |  64|   0|   64|          0|
    |zext_ln348_reg_4063                      |  32|   0|   35|          3|
    +-----------------------------------------+----+----+-----+-----------+
    |Total                                    |1217|   0| 1348|        131|
    +-----------------------------------------+----+----+-----+-----------+



================================================================
== Interface
================================================================
* Summary: 
+---------------------------------+-----+-----+------------+------------------------+--------------+
|            RTL Ports            | Dir | Bits|  Protocol  |      Source Object     |    C Type    |
+---------------------------------+-----+-----+------------+------------------------+--------------+
|ap_clk                           |   in|    1|  ap_ctrl_hs|           add_patch.111|  return value|
|ap_rst                           |   in|    1|  ap_ctrl_hs|           add_patch.111|  return value|
|ap_start                         |   in|    1|  ap_ctrl_hs|           add_patch.111|  return value|
|ap_done                          |  out|    1|  ap_ctrl_hs|           add_patch.111|  return value|
|ap_idle                          |  out|    1|  ap_ctrl_hs|           add_patch.111|  return value|
|ap_ready                         |  out|    1|  ap_ctrl_hs|           add_patch.111|  return value|
|n_patches                        |  out|   32|      ap_vld|               n_patches|       pointer|
|n_patches_ap_vld                 |  out|    1|      ap_vld|               n_patches|       pointer|
|n_patches_read                   |   in|   32|     ap_none|          n_patches_read|        scalar|
|patches_superpoints_0_address0   |  out|   10|   ap_memory|   patches_superpoints_0|         array|
|patches_superpoints_0_ce0        |  out|    1|   ap_memory|   patches_superpoints_0|         array|
|patches_superpoints_0_we0        |  out|    1|   ap_memory|   patches_superpoints_0|         array|
|patches_superpoints_0_d0         |  out|   64|   ap_memory|   patches_superpoints_0|         array|
|patches_superpoints_0_q0         |   in|   64|   ap_memory|   patches_superpoints_0|         array|
|patches_superpoints_1_address0   |  out|   10|   ap_memory|   patches_superpoints_1|         array|
|patches_superpoints_1_ce0        |  out|    1|   ap_memory|   patches_superpoints_1|         array|
|patches_superpoints_1_we0        |  out|    1|   ap_memory|   patches_superpoints_1|         array|
|patches_superpoints_1_d0         |  out|   64|   ap_memory|   patches_superpoints_1|         array|
|patches_superpoints_1_q0         |   in|   64|   ap_memory|   patches_superpoints_1|         array|
|patches_superpoints_2_address0   |  out|   10|   ap_memory|   patches_superpoints_2|         array|
|patches_superpoints_2_ce0        |  out|    1|   ap_memory|   patches_superpoints_2|         array|
|patches_superpoints_2_we0        |  out|    1|   ap_memory|   patches_superpoints_2|         array|
|patches_superpoints_2_d0         |  out|   64|   ap_memory|   patches_superpoints_2|         array|
|patches_superpoints_2_q0         |   in|   64|   ap_memory|   patches_superpoints_2|         array|
|patches_superpoints_3_address0   |  out|   10|   ap_memory|   patches_superpoints_3|         array|
|patches_superpoints_3_ce0        |  out|    1|   ap_memory|   patches_superpoints_3|         array|
|patches_superpoints_3_we0        |  out|    1|   ap_memory|   patches_superpoints_3|         array|
|patches_superpoints_3_d0         |  out|   64|   ap_memory|   patches_superpoints_3|         array|
|patches_superpoints_3_q0         |   in|   64|   ap_memory|   patches_superpoints_3|         array|
|patches_superpoints_4_address0   |  out|   10|   ap_memory|   patches_superpoints_4|         array|
|patches_superpoints_4_ce0        |  out|    1|   ap_memory|   patches_superpoints_4|         array|
|patches_superpoints_4_we0        |  out|    1|   ap_memory|   patches_superpoints_4|         array|
|patches_superpoints_4_d0         |  out|   64|   ap_memory|   patches_superpoints_4|         array|
|patches_superpoints_4_q0         |   in|   64|   ap_memory|   patches_superpoints_4|         array|
|patches_superpoints_5_address0   |  out|   10|   ap_memory|   patches_superpoints_5|         array|
|patches_superpoints_5_ce0        |  out|    1|   ap_memory|   patches_superpoints_5|         array|
|patches_superpoints_5_we0        |  out|    1|   ap_memory|   patches_superpoints_5|         array|
|patches_superpoints_5_d0         |  out|   64|   ap_memory|   patches_superpoints_5|         array|
|patches_superpoints_5_q0         |   in|   64|   ap_memory|   patches_superpoints_5|         array|
|patches_superpoints_6_address0   |  out|   10|   ap_memory|   patches_superpoints_6|         array|
|patches_superpoints_6_ce0        |  out|    1|   ap_memory|   patches_superpoints_6|         array|
|patches_superpoints_6_we0        |  out|    1|   ap_memory|   patches_superpoints_6|         array|
|patches_superpoints_6_d0         |  out|   64|   ap_memory|   patches_superpoints_6|         array|
|patches_superpoints_6_q0         |   in|   64|   ap_memory|   patches_superpoints_6|         array|
|patches_superpoints_7_address0   |  out|   10|   ap_memory|   patches_superpoints_7|         array|
|patches_superpoints_7_ce0        |  out|    1|   ap_memory|   patches_superpoints_7|         array|
|patches_superpoints_7_we0        |  out|    1|   ap_memory|   patches_superpoints_7|         array|
|patches_superpoints_7_d0         |  out|   64|   ap_memory|   patches_superpoints_7|         array|
|patches_superpoints_7_q0         |   in|   64|   ap_memory|   patches_superpoints_7|         array|
|patches_superpoints_8_address0   |  out|   10|   ap_memory|   patches_superpoints_8|         array|
|patches_superpoints_8_ce0        |  out|    1|   ap_memory|   patches_superpoints_8|         array|
|patches_superpoints_8_we0        |  out|    1|   ap_memory|   patches_superpoints_8|         array|
|patches_superpoints_8_d0         |  out|   64|   ap_memory|   patches_superpoints_8|         array|
|patches_superpoints_8_q0         |   in|   64|   ap_memory|   patches_superpoints_8|         array|
|patches_superpoints_9_address0   |  out|   10|   ap_memory|   patches_superpoints_9|         array|
|patches_superpoints_9_ce0        |  out|    1|   ap_memory|   patches_superpoints_9|         array|
|patches_superpoints_9_we0        |  out|    1|   ap_memory|   patches_superpoints_9|         array|
|patches_superpoints_9_d0         |  out|   64|   ap_memory|   patches_superpoints_9|         array|
|patches_superpoints_9_q0         |   in|   64|   ap_memory|   patches_superpoints_9|         array|
|patches_superpoints_10_address0  |  out|   10|   ap_memory|  patches_superpoints_10|         array|
|patches_superpoints_10_ce0       |  out|    1|   ap_memory|  patches_superpoints_10|         array|
|patches_superpoints_10_we0       |  out|    1|   ap_memory|  patches_superpoints_10|         array|
|patches_superpoints_10_d0        |  out|   64|   ap_memory|  patches_superpoints_10|         array|
|patches_superpoints_10_q0        |   in|   64|   ap_memory|  patches_superpoints_10|         array|
|patches_superpoints_11_address0  |  out|   10|   ap_memory|  patches_superpoints_11|         array|
|patches_superpoints_11_ce0       |  out|    1|   ap_memory|  patches_superpoints_11|         array|
|patches_superpoints_11_we0       |  out|    1|   ap_memory|  patches_superpoints_11|         array|
|patches_superpoints_11_d0        |  out|   64|   ap_memory|  patches_superpoints_11|         array|
|patches_superpoints_11_q0        |   in|   64|   ap_memory|  patches_superpoints_11|         array|
|patches_superpoints_12_address0  |  out|   10|   ap_memory|  patches_superpoints_12|         array|
|patches_superpoints_12_ce0       |  out|    1|   ap_memory|  patches_superpoints_12|         array|
|patches_superpoints_12_we0       |  out|    1|   ap_memory|  patches_superpoints_12|         array|
|patches_superpoints_12_d0        |  out|   64|   ap_memory|  patches_superpoints_12|         array|
|patches_superpoints_12_q0        |   in|   64|   ap_memory|  patches_superpoints_12|         array|
|patches_superpoints_13_address0  |  out|   10|   ap_memory|  patches_superpoints_13|         array|
|patches_superpoints_13_ce0       |  out|    1|   ap_memory|  patches_superpoints_13|         array|
|patches_superpoints_13_we0       |  out|    1|   ap_memory|  patches_superpoints_13|         array|
|patches_superpoints_13_d0        |  out|   64|   ap_memory|  patches_superpoints_13|         array|
|patches_superpoints_13_q0        |   in|   64|   ap_memory|  patches_superpoints_13|         array|
|patches_superpoints_14_address0  |  out|   10|   ap_memory|  patches_superpoints_14|         array|
|patches_superpoints_14_ce0       |  out|    1|   ap_memory|  patches_superpoints_14|         array|
|patches_superpoints_14_we0       |  out|    1|   ap_memory|  patches_superpoints_14|         array|
|patches_superpoints_14_d0        |  out|   64|   ap_memory|  patches_superpoints_14|         array|
|patches_superpoints_14_q0        |   in|   64|   ap_memory|  patches_superpoints_14|         array|
|patches_superpoints_15_address0  |  out|   10|   ap_memory|  patches_superpoints_15|         array|
|patches_superpoints_15_ce0       |  out|    1|   ap_memory|  patches_superpoints_15|         array|
|patches_superpoints_15_we0       |  out|    1|   ap_memory|  patches_superpoints_15|         array|
|patches_superpoints_15_d0        |  out|   64|   ap_memory|  patches_superpoints_15|         array|
|patches_superpoints_15_q0        |   in|   64|   ap_memory|  patches_superpoints_15|         array|
|patches_superpoints_16_address0  |  out|   10|   ap_memory|  patches_superpoints_16|         array|
|patches_superpoints_16_ce0       |  out|    1|   ap_memory|  patches_superpoints_16|         array|
|patches_superpoints_16_we0       |  out|    1|   ap_memory|  patches_superpoints_16|         array|
|patches_superpoints_16_d0        |  out|   64|   ap_memory|  patches_superpoints_16|         array|
|patches_superpoints_16_q0        |   in|   64|   ap_memory|  patches_superpoints_16|         array|
|patches_superpoints_17_address0  |  out|   10|   ap_memory|  patches_superpoints_17|         array|
|patches_superpoints_17_ce0       |  out|    1|   ap_memory|  patches_superpoints_17|         array|
|patches_superpoints_17_we0       |  out|    1|   ap_memory|  patches_superpoints_17|         array|
|patches_superpoints_17_d0        |  out|   64|   ap_memory|  patches_superpoints_17|         array|
|patches_superpoints_17_q0        |   in|   64|   ap_memory|  patches_superpoints_17|         array|
|patches_superpoints_18_address0  |  out|   10|   ap_memory|  patches_superpoints_18|         array|
|patches_superpoints_18_ce0       |  out|    1|   ap_memory|  patches_superpoints_18|         array|
|patches_superpoints_18_we0       |  out|    1|   ap_memory|  patches_superpoints_18|         array|
|patches_superpoints_18_d0        |  out|   64|   ap_memory|  patches_superpoints_18|         array|
|patches_superpoints_18_q0        |   in|   64|   ap_memory|  patches_superpoints_18|         array|
|patches_superpoints_19_address0  |  out|   10|   ap_memory|  patches_superpoints_19|         array|
|patches_superpoints_19_ce0       |  out|    1|   ap_memory|  patches_superpoints_19|         array|
|patches_superpoints_19_we0       |  out|    1|   ap_memory|  patches_superpoints_19|         array|
|patches_superpoints_19_d0        |  out|   64|   ap_memory|  patches_superpoints_19|         array|
|patches_superpoints_19_q0        |   in|   64|   ap_memory|  patches_superpoints_19|         array|
|patches_superpoints_20_address0  |  out|   10|   ap_memory|  patches_superpoints_20|         array|
|patches_superpoints_20_ce0       |  out|    1|   ap_memory|  patches_superpoints_20|         array|
|patches_superpoints_20_we0       |  out|    1|   ap_memory|  patches_superpoints_20|         array|
|patches_superpoints_20_d0        |  out|   64|   ap_memory|  patches_superpoints_20|         array|
|patches_superpoints_20_q0        |   in|   64|   ap_memory|  patches_superpoints_20|         array|
|patches_superpoints_21_address0  |  out|   10|   ap_memory|  patches_superpoints_21|         array|
|patches_superpoints_21_ce0       |  out|    1|   ap_memory|  patches_superpoints_21|         array|
|patches_superpoints_21_we0       |  out|    1|   ap_memory|  patches_superpoints_21|         array|
|patches_superpoints_21_d0        |  out|   64|   ap_memory|  patches_superpoints_21|         array|
|patches_superpoints_21_q0        |   in|   64|   ap_memory|  patches_superpoints_21|         array|
|patches_superpoints_22_address0  |  out|   10|   ap_memory|  patches_superpoints_22|         array|
|patches_superpoints_22_ce0       |  out|    1|   ap_memory|  patches_superpoints_22|         array|
|patches_superpoints_22_we0       |  out|    1|   ap_memory|  patches_superpoints_22|         array|
|patches_superpoints_22_d0        |  out|   64|   ap_memory|  patches_superpoints_22|         array|
|patches_superpoints_22_q0        |   in|   64|   ap_memory|  patches_superpoints_22|         array|
|patches_superpoints_23_address0  |  out|   10|   ap_memory|  patches_superpoints_23|         array|
|patches_superpoints_23_ce0       |  out|    1|   ap_memory|  patches_superpoints_23|         array|
|patches_superpoints_23_we0       |  out|    1|   ap_memory|  patches_superpoints_23|         array|
|patches_superpoints_23_d0        |  out|   64|   ap_memory|  patches_superpoints_23|         array|
|patches_superpoints_23_q0        |   in|   64|   ap_memory|  patches_superpoints_23|         array|
|patches_superpoints_24_address0  |  out|   10|   ap_memory|  patches_superpoints_24|         array|
|patches_superpoints_24_ce0       |  out|    1|   ap_memory|  patches_superpoints_24|         array|
|patches_superpoints_24_we0       |  out|    1|   ap_memory|  patches_superpoints_24|         array|
|patches_superpoints_24_d0        |  out|   64|   ap_memory|  patches_superpoints_24|         array|
|patches_superpoints_24_q0        |   in|   64|   ap_memory|  patches_superpoints_24|         array|
|patches_superpoints_25_address0  |  out|   10|   ap_memory|  patches_superpoints_25|         array|
|patches_superpoints_25_ce0       |  out|    1|   ap_memory|  patches_superpoints_25|         array|
|patches_superpoints_25_we0       |  out|    1|   ap_memory|  patches_superpoints_25|         array|
|patches_superpoints_25_d0        |  out|   64|   ap_memory|  patches_superpoints_25|         array|
|patches_superpoints_25_q0        |   in|   64|   ap_memory|  patches_superpoints_25|         array|
|patches_superpoints_26_address0  |  out|   10|   ap_memory|  patches_superpoints_26|         array|
|patches_superpoints_26_ce0       |  out|    1|   ap_memory|  patches_superpoints_26|         array|
|patches_superpoints_26_we0       |  out|    1|   ap_memory|  patches_superpoints_26|         array|
|patches_superpoints_26_d0        |  out|   64|   ap_memory|  patches_superpoints_26|         array|
|patches_superpoints_26_q0        |   in|   64|   ap_memory|  patches_superpoints_26|         array|
|patches_superpoints_27_address0  |  out|   10|   ap_memory|  patches_superpoints_27|         array|
|patches_superpoints_27_ce0       |  out|    1|   ap_memory|  patches_superpoints_27|         array|
|patches_superpoints_27_we0       |  out|    1|   ap_memory|  patches_superpoints_27|         array|
|patches_superpoints_27_d0        |  out|   64|   ap_memory|  patches_superpoints_27|         array|
|patches_superpoints_27_q0        |   in|   64|   ap_memory|  patches_superpoints_27|         array|
|patches_superpoints_28_address0  |  out|   10|   ap_memory|  patches_superpoints_28|         array|
|patches_superpoints_28_ce0       |  out|    1|   ap_memory|  patches_superpoints_28|         array|
|patches_superpoints_28_we0       |  out|    1|   ap_memory|  patches_superpoints_28|         array|
|patches_superpoints_28_d0        |  out|   64|   ap_memory|  patches_superpoints_28|         array|
|patches_superpoints_28_q0        |   in|   64|   ap_memory|  patches_superpoints_28|         array|
|patches_superpoints_29_address0  |  out|   10|   ap_memory|  patches_superpoints_29|         array|
|patches_superpoints_29_ce0       |  out|    1|   ap_memory|  patches_superpoints_29|         array|
|patches_superpoints_29_we0       |  out|    1|   ap_memory|  patches_superpoints_29|         array|
|patches_superpoints_29_d0        |  out|   64|   ap_memory|  patches_superpoints_29|         array|
|patches_superpoints_29_q0        |   in|   64|   ap_memory|  patches_superpoints_29|         array|
|patches_superpoints_30_address0  |  out|   10|   ap_memory|  patches_superpoints_30|         array|
|patches_superpoints_30_ce0       |  out|    1|   ap_memory|  patches_superpoints_30|         array|
|patches_superpoints_30_we0       |  out|    1|   ap_memory|  patches_superpoints_30|         array|
|patches_superpoints_30_d0        |  out|   64|   ap_memory|  patches_superpoints_30|         array|
|patches_superpoints_30_q0        |   in|   64|   ap_memory|  patches_superpoints_30|         array|
|patches_superpoints_31_address0  |  out|   10|   ap_memory|  patches_superpoints_31|         array|
|patches_superpoints_31_ce0       |  out|    1|   ap_memory|  patches_superpoints_31|         array|
|patches_superpoints_31_we0       |  out|    1|   ap_memory|  patches_superpoints_31|         array|
|patches_superpoints_31_d0        |  out|   64|   ap_memory|  patches_superpoints_31|         array|
|patches_superpoints_31_q0        |   in|   64|   ap_memory|  patches_superpoints_31|         array|
|patches_parameters_0_address0    |  out|   10|   ap_memory|    patches_parameters_0|         array|
|patches_parameters_0_ce0         |  out|    1|   ap_memory|    patches_parameters_0|         array|
|patches_parameters_0_we0         |  out|    1|   ap_memory|    patches_parameters_0|         array|
|patches_parameters_0_d0          |  out|   64|   ap_memory|    patches_parameters_0|         array|
|patches_parameters_1_address0    |  out|   10|   ap_memory|    patches_parameters_1|         array|
|patches_parameters_1_ce0         |  out|    1|   ap_memory|    patches_parameters_1|         array|
|patches_parameters_1_we0         |  out|    1|   ap_memory|    patches_parameters_1|         array|
|patches_parameters_1_d0          |  out|   64|   ap_memory|    patches_parameters_1|         array|
|patches_parameters_2_address0    |  out|   10|   ap_memory|    patches_parameters_2|         array|
|patches_parameters_2_ce0         |  out|    1|   ap_memory|    patches_parameters_2|         array|
|patches_parameters_2_we0         |  out|    1|   ap_memory|    patches_parameters_2|         array|
|patches_parameters_2_d0          |  out|   64|   ap_memory|    patches_parameters_2|         array|
|patches_parameters_3_address0    |  out|   10|   ap_memory|    patches_parameters_3|         array|
|patches_parameters_3_ce0         |  out|    1|   ap_memory|    patches_parameters_3|         array|
|patches_parameters_3_we0         |  out|    1|   ap_memory|    patches_parameters_3|         array|
|patches_parameters_3_d0          |  out|   64|   ap_memory|    patches_parameters_3|         array|
|patches_parameters_4_address0    |  out|   10|   ap_memory|    patches_parameters_4|         array|
|patches_parameters_4_ce0         |  out|    1|   ap_memory|    patches_parameters_4|         array|
|patches_parameters_4_we0         |  out|    1|   ap_memory|    patches_parameters_4|         array|
|patches_parameters_4_d0          |  out|   64|   ap_memory|    patches_parameters_4|         array|
|patches_parameters_4_q0          |   in|   64|   ap_memory|    patches_parameters_4|         array|
|wp_superpoints_address0          |  out|    8|   ap_memory|          wp_superpoints|         array|
|wp_superpoints_ce0               |  out|    1|   ap_memory|          wp_superpoints|         array|
|wp_superpoints_q0                |   in|   64|   ap_memory|          wp_superpoints|         array|
|wp_superpoints_address1          |  out|    8|   ap_memory|          wp_superpoints|         array|
|wp_superpoints_ce1               |  out|    1|   ap_memory|          wp_superpoints|         array|
|wp_superpoints_q1                |   in|   64|   ap_memory|          wp_superpoints|         array|
|wp_superpoints1_address0         |  out|    8|   ap_memory|         wp_superpoints1|         array|
|wp_superpoints1_ce0              |  out|    1|   ap_memory|         wp_superpoints1|         array|
|wp_superpoints1_q0               |   in|   64|   ap_memory|         wp_superpoints1|         array|
|wp_superpoints1_address1         |  out|    8|   ap_memory|         wp_superpoints1|         array|
|wp_superpoints1_ce1              |  out|    1|   ap_memory|         wp_superpoints1|         array|
|wp_superpoints1_q1               |   in|   64|   ap_memory|         wp_superpoints1|         array|
|wp_superpoints2_address0         |  out|    8|   ap_memory|         wp_superpoints2|         array|
|wp_superpoints2_ce0              |  out|    1|   ap_memory|         wp_superpoints2|         array|
|wp_superpoints2_q0               |   in|   64|   ap_memory|         wp_superpoints2|         array|
|wp_superpoints2_address1         |  out|    8|   ap_memory|         wp_superpoints2|         array|
|wp_superpoints2_ce1              |  out|    1|   ap_memory|         wp_superpoints2|         array|
|wp_superpoints2_q1               |   in|   64|   ap_memory|         wp_superpoints2|         array|
|wp_superpoints3_address0         |  out|    8|   ap_memory|         wp_superpoints3|         array|
|wp_superpoints3_ce0              |  out|    1|   ap_memory|         wp_superpoints3|         array|
|wp_superpoints3_q0               |   in|   64|   ap_memory|         wp_superpoints3|         array|
|wp_superpoints3_address1         |  out|    8|   ap_memory|         wp_superpoints3|         array|
|wp_superpoints3_ce1              |  out|    1|   ap_memory|         wp_superpoints3|         array|
|wp_superpoints3_q1               |   in|   64|   ap_memory|         wp_superpoints3|         array|
|wp_superpoints4_address0         |  out|    8|   ap_memory|         wp_superpoints4|         array|
|wp_superpoints4_ce0              |  out|    1|   ap_memory|         wp_superpoints4|         array|
|wp_superpoints4_q0               |   in|   64|   ap_memory|         wp_superpoints4|         array|
|wp_superpoints4_address1         |  out|    8|   ap_memory|         wp_superpoints4|         array|
|wp_superpoints4_ce1              |  out|    1|   ap_memory|         wp_superpoints4|         array|
|wp_superpoints4_q1               |   in|   64|   ap_memory|         wp_superpoints4|         array|
|wp_parameters_address0           |  out|    5|   ap_memory|           wp_parameters|         array|
|wp_parameters_ce0                |  out|    1|   ap_memory|           wp_parameters|         array|
|wp_parameters_q0                 |   in|   64|   ap_memory|           wp_parameters|         array|
|wp_parameters5_address0          |  out|    5|   ap_memory|          wp_parameters5|         array|
|wp_parameters5_ce0               |  out|    1|   ap_memory|          wp_parameters5|         array|
|wp_parameters5_q0                |   in|    1|   ap_memory|          wp_parameters5|         array|
|wp_parameters6_address0          |  out|    5|   ap_memory|          wp_parameters6|         array|
|wp_parameters6_ce0               |  out|    1|   ap_memory|          wp_parameters6|         array|
|wp_parameters6_q0                |   in|   64|   ap_memory|          wp_parameters6|         array|
|wp_parameters7_address0          |  out|    5|   ap_memory|          wp_parameters7|         array|
|wp_parameters7_ce0               |  out|    1|   ap_memory|          wp_parameters7|         array|
|wp_parameters7_q0                |   in|    1|   ap_memory|          wp_parameters7|         array|
|wp_parameters8_address0          |  out|    5|   ap_memory|          wp_parameters8|         array|
|wp_parameters8_ce0               |  out|    1|   ap_memory|          wp_parameters8|         array|
|wp_parameters8_q0                |   in|   64|   ap_memory|          wp_parameters8|         array|
+---------------------------------+-----+-----+------------+------------------------+--------------+

