

================================================================
== Synthesis Summary Report of 'makePatches_ShadowQuilt_fromEdges'
================================================================
+ General Information: 
    * Date:           Thu Jul 11 15:47:48 2024
    * Version:        2020.2 (Build 3064766 on Wed Nov 18 09:12:45 MST 2020)
    * Project:        PatchMaker_tanishGit
    * Solution:       solution1 (Vivado IP Flow Target)
    * Product family: virtexuplus
    * Target device:  xcvu19p-fsvb3824-2-e
    

+ Performance & Resource Estimates: 
    
    PS: '+' for module; 'o' for loop; '*' for dataflow
    +---------------------------------------------------------------+--------+-------+---------+-----------+----------+---------+------+----------+----------+----------+-------------+-------------+-----+
    |                            Modules                            |  Issue |       | Latency |  Latency  | Iteration|         | Trip |          |          |          |             |             |     |
    |                            & Loops                            |  Type  | Slack | (cycles)|    (ns)   |  Latency | Interval| Count| Pipelined|   BRAM   |    DSP   |      FF     |     LUT     | URAM|
    +---------------------------------------------------------------+--------+-------+---------+-----------+----------+---------+------+----------+----------+----------+-------------+-------------+-----+
    |+ makePatches_ShadowQuilt_fromEdges                            |  Timing|   0.00|        -|          -|         -|        -|     -|        no|   92 (2%)|  319 (8%)|  54063 (~0%)|  178684 (4%)|    -|
    | + grp_solveNextPatchPair_fu_293                               |  Timing|   0.00|        -|          -|         -|        -|     -|        no|   92 (2%)|  316 (8%)|  53507 (~0%)|  177202 (4%)|    -|
    |  + grp_makeThirdPatch_fu_1575                                 |  Timing|   0.00|        -|          -|         -|        -|     -|        no|  22 (~0%)|   83 (2%)|  18036 (~0%)|   49326 (1%)|    -|
    |   + grp_makePatch_alignedToLine_1_fu_654                      |       -|  -0.23|        -|          -|         -|        -|     -|        no|  22 (~0%)|   59 (1%)|   9571 (~0%)|  27656 (~0%)|    -|
    |    + grp_makeSuperPoint_alignedToLine_fu_1095                 |       -|  -0.23|        -|          -|         -|        -|     -|        no|   2 (~0%)|   45 (1%)|   4034 (~0%)|  14240 (~0%)|    -|
    |     o rowListSet_loop                                         |       -|  -7.30|        -|          -|         3|        1|     -|       yes|         -|         -|            -|            -|    -|
    |     o start_value_loop                                        |      II|  -7.30|        -|          -|         5|        3|     -|       yes|         -|         -|            -|            -|    -|
    |     o LRdiscovery_loop                                        |       -|  -7.30|        -|          -|         4|        1|     -|       yes|         -|         -|            -|            -|    -|
    |     o VITIS_LOOP_1181_1_VITIS_LOOP_1183_2                     |       -|  -7.30|        -|          -|         3|        1|     -|       yes|         -|         -|            -|            -|    -|
    |     o VITIS_LOOP_1193_3_VITIS_LOOP_1195_4                     |       -|  -7.30|        -|          -|         3|        1|     -|       yes|         -|         -|            -|            -|    -|
    |     o VITIS_LOOP_1222_5_VITIS_LOOP_1224_6                     |       -|  -7.30|        -|          -|         3|        1|     -|       yes|         -|         -|            -|            -|    -|
    |     o VITIS_LOOP_1234_7_VITIS_LOOP_1236_8                     |       -|  -7.30|        -|          -|         3|        1|     -|       yes|         -|         -|            -|            -|    -|
    |     o initWedgeSP_loop                                        |      II|  -7.30|        -|          -|         4|        4|     -|       yes|         -|         -|            -|            -|    -|
    |    + grp_add_patch_111_fu_1122                                |       -|  -2.35|        -|          -|         -|        -|     -|        no|         -|         -|   1217 (~0%)|   3485 (~0%)|    -|
    |     o VITIS_LOOP_298_1_VITIS_LOOP_302_3_VITIS_LOOP_304_4      |       -|  -7.30|      720|  7.200e+03|         2|        1|   720|       yes|         -|         -|            -|            -|    -|
    |     o VITIS_LOOP_312_5_VITIS_LOOP_314_6_VITIS_LOOP_316_7      |       -|  -7.30|      120|  1.200e+03|         2|        1|   120|       yes|         -|         -|            -|            -|    -|
    |     o VITIS_LOOP_333_8                                        |      II|  -7.30|        -|          -|         3|        3|     -|       yes|         -|         -|            -|            -|    -|
    |     o VITIS_LOOP_348_9_VITIS_LOOP_352_11_VITIS_LOOP_354_12    |       -|  -7.30|      720|  7.200e+03|         2|        1|   720|       yes|         -|         -|            -|            -|    -|
    |     o VITIS_LOOP_362_13_VITIS_LOOP_364_14_VITIS_LOOP_366_15   |       -|  -7.30|      120|  1.200e+03|         2|        1|   120|       yes|         -|         -|            -|            -|    -|
    |    + grp_straightLineProjectorFromLayerIJtoK_fu_1216          |      II|  -0.23|       11|    110.000|         -|        1|     -|       yes|         -|   6 (~0%)|    783 (~0%)|   2546 (~0%)|    -|
    |    + grp_straightLineProjectorFromLayerIJtoK_fu_1230          |      II|  -0.23|       11|    110.000|         -|        1|     -|       yes|         -|   6 (~0%)|    783 (~0%)|   2546 (~0%)|    -|
    |    + grp_get_acceptanceCorners_fu_1244                        |       -|  -4.88|        -|          -|         -|        -|     -|        no|         -|         -|    694 (~0%)|   1067 (~0%)|    -|
    |     o minMaxAcceptanceCorners_loop                            |      II|  -7.30|        -|          -|         3|        2|     -|       yes|         -|         -|            -|            -|    -|
    |    o VITIS_LOOP_1077_1_VITIS_LOOP_1081_3_VITIS_LOOP_1083_4    |       -|  -7.30|      720|  7.200e+03|         1|        1|   720|       yes|         -|         -|            -|            -|    -|
    |    o makeSuperpoint_loop                                      |       -|  -7.30|        -|          -|         -|        -|     -|        no|         -|         -|            -|            -|    -|
    |    o VITIS_LOOP_1105_5_VITIS_LOOP_1109_7_VITIS_LOOP_1111_8    |       -|  -7.30|      720|  7.200e+03|         1|        1|   720|       yes|         -|         -|            -|            -|    -|
    |    o VITIS_LOOP_1120_9_VITIS_LOOP_1122_10_VITIS_LOOP_1124_11  |       -|  -7.30|      120|  1.200e+03|         1|        1|   120|       yes|         -|         -|            -|            -|    -|
    |    o VITIS_LOOP_93_1_VITIS_LOOP_98_3_VITIS_LOOP_100_4         |       -|  -7.30|        -|          -|         2|        1|     -|       yes|         -|         -|            -|            -|    -|
    |    o getParallelograms_loop                                   |      II|  -7.30|        -|          -|        15|        3|     -|       yes|         -|         -|            -|            -|    -|
    |   + grp_getShadows_fu_755                                     |  Timing|   0.00|        -|          -|         -|        -|     -|        no|         -|  24 (~0%)|   5110 (~0%)|  11274 (~0%)|    -|
    |    + grp_straightLineProjectorFromLayerIJtoK_fu_298           |      II|  -0.23|       11|    110.000|         -|        1|     -|       yes|         -|   6 (~0%)|    783 (~0%)|   2546 (~0%)|    -|
    |    + grp_straightLineProjectorFromLayerIJtoK_fu_312           |      II|  -0.23|       11|    110.000|         -|        1|     -|       yes|         -|   6 (~0%)|    783 (~0%)|   2546 (~0%)|    -|
    |    + grp_straightLineProjectorFromLayerIJtoK_fu_326           |      II|  -0.23|       11|    110.000|         -|        1|     -|       yes|         -|   6 (~0%)|    783 (~0%)|   2546 (~0%)|    -|
    |    + grp_straightLineProjectorFromLayerIJtoK_fu_340           |      II|  -0.23|       11|    110.000|         -|        1|     -|       yes|         -|   6 (~0%)|    783 (~0%)|   2546 (~0%)|    -|
    |    o getShadows_loop                                          |       -|  -7.30|        -|          -|        13|        1|     -|       yes|         -|         -|            -|            -|    -|
    |    o GSmaxFinding_loop                                        |      II|  -7.30|        -|          -|         2|        2|     -|       yes|         -|         -|            -|            -|    -|
    |   + grp_delete_patch_1_fu_868                                 |       -|  -2.29|        -|          -|         -|        -|     -|        no|         -|         -|    793 (~0%)|   2253 (~0%)|    -|
    |    o VITIS_LOOP_391_1                                         |       -|  -7.30|        -|          -|       845|        -|     -|        no|         -|         -|            -|            -|    -|
    |     o VITIS_LOOP_393_2_VITIS_LOOP_397_4_VITIS_LOOP_399_5      |       -|  -7.30|      720|  7.200e+03|         2|        1|   720|       yes|         -|         -|            -|            -|    -|
    |     o VITIS_LOOP_407_6_VITIS_LOOP_409_7_VITIS_LOOP_411_8      |       -|  -7.30|      120|  1.200e+03|         2|        1|   120|       yes|         -|         -|            -|            -|    -|
    |    o Loop 2                                                   |       -|  -7.30|      720|  7.200e+03|         1|        1|   720|       yes|         -|         -|            -|            -|    -|
    |    o Loop 3                                                   |       -|  -7.30|      120|  1.200e+03|         1|        1|   120|       yes|         -|         -|            -|            -|    -|
    |   + grp_straightLineProjectorFromLayerIJtoK_fu_950            |      II|  -0.23|       11|    110.000|         -|        1|     -|       yes|         -|   6 (~0%)|    783 (~0%)|   2546 (~0%)|    -|
    |   + grp_straightLineProjectorFromLayerIJtoK_fu_964            |      II|  -0.23|       11|    110.000|         -|        1|     -|       yes|         -|   6 (~0%)|    783 (~0%)|   2546 (~0%)|    -|
    |   o thirdPatch_loop                                           |       -|  -7.30|        -|          -|         -|        -|     -|        no|         -|         -|            -|            -|    -|
    |  + grp_solveComplmentaryPatch_fu_1680                         |  Timing|   0.00|        -|          -|         -|        -|     -|        no|  22 (~0%)|  109 (2%)|  14276 (~0%)|   53653 (1%)|    -|
    |   + grp_makePatch_alignedToLine_2_fu_965                      |       -|  -0.23|        -|          -|         -|        -|     -|        no|  22 (~0%)|   59 (1%)|   9637 (~0%)|  27724 (~0%)|    -|
    |    + grp_makeSuperPoint_alignedToLine_fu_1085                 |       -|  -0.23|        -|          -|         -|        -|     -|        no|   2 (~0%)|   45 (1%)|   4034 (~0%)|  14240 (~0%)|    -|
    |     o rowListSet_loop                                         |       -|  -7.30|        -|          -|         3|        1|     -|       yes|         -|         -|            -|            -|    -|
    |     o start_value_loop                                        |      II|  -7.30|        -|          -|         5|        3|     -|       yes|         -|         -|            -|            -|    -|
    |     o LRdiscovery_loop                                        |       -|  -7.30|        -|          -|         4|        1|     -|       yes|         -|         -|            -|            -|    -|
    |     o VITIS_LOOP_1181_1_VITIS_LOOP_1183_2                     |       -|  -7.30|        -|          -|         3|        1|     -|       yes|         -|         -|            -|            -|    -|
    |     o VITIS_LOOP_1193_3_VITIS_LOOP_1195_4                     |       -|  -7.30|        -|          -|         3|        1|     -|       yes|         -|         -|            -|            -|    -|
    |     o VITIS_LOOP_1222_5_VITIS_LOOP_1224_6                     |       -|  -7.30|        -|          -|         3|        1|     -|       yes|         -|         -|            -|            -|    -|
    |     o VITIS_LOOP_1234_7_VITIS_LOOP_1236_8                     |       -|  -7.30|        -|          -|         3|        1|     -|       yes|         -|         -|            -|            -|    -|
    |     o initWedgeSP_loop                                        |      II|  -7.30|        -|          -|         4|        4|     -|       yes|         -|         -|            -|            -|    -|
    |    + grp_add_patch_214_fu_1113                                |       -|  -2.35|        -|          -|         -|        -|     -|        no|         -|         -|   1217 (~0%)|   3485 (~0%)|    -|
    |     o VITIS_LOOP_298_1_VITIS_LOOP_302_3_VITIS_LOOP_304_4      |       -|  -7.30|      720|  7.200e+03|         2|        1|   720|       yes|         -|         -|            -|            -|    -|
    |     o VITIS_LOOP_312_5_VITIS_LOOP_314_6_VITIS_LOOP_316_7      |       -|  -7.30|      120|  1.200e+03|         2|        1|   120|       yes|         -|         -|            -|            -|    -|
    |     o VITIS_LOOP_333_8                                        |      II|  -7.30|        -|          -|         3|        3|     -|       yes|         -|         -|            -|            -|    -|
    |     o VITIS_LOOP_348_9_VITIS_LOOP_352_11_VITIS_LOOP_354_12    |       -|  -7.30|      720|  7.200e+03|         2|        1|   720|       yes|         -|         -|            -|            -|    -|
    |     o VITIS_LOOP_362_13_VITIS_LOOP_364_14_VITIS_LOOP_366_15   |       -|  -7.30|      120|  1.200e+03|         2|        1|   120|       yes|         -|         -|            -|            -|    -|
    |    + grp_straightLineProjectorFromLayerIJtoK_fu_1207          |      II|  -0.23|       11|    110.000|         -|        1|     -|       yes|         -|   6 (~0%)|    783 (~0%)|   2546 (~0%)|    -|
    |    + grp_straightLineProjectorFromLayerIJtoK_fu_1221          |      II|  -0.23|       11|    110.000|         -|        1|     -|       yes|         -|   6 (~0%)|    783 (~0%)|   2546 (~0%)|    -|
    |    + grp_get_acceptanceCorners_fu_1235                        |       -|  -4.88|        -|          -|         -|        -|     -|        no|         -|         -|    694 (~0%)|   1067 (~0%)|    -|
    |     o minMaxAcceptanceCorners_loop                            |      II|  -7.30|        -|          -|         3|        2|     -|       yes|         -|         -|            -|            -|    -|
    |    o VITIS_LOOP_1077_1_VITIS_LOOP_1081_3_VITIS_LOOP_1083_4    |       -|  -7.30|      720|  7.200e+03|         1|        1|   720|       yes|         -|         -|            -|            -|    -|
    |    o makeSuperpoint_loop                                      |       -|  -7.30|        -|          -|         -|        -|     -|        no|         -|         -|            -|            -|    -|
    |    o VITIS_LOOP_1105_5_VITIS_LOOP_1109_7_VITIS_LOOP_1111_8    |       -|  -7.30|      720|  7.200e+03|         1|        1|   720|       yes|         -|         -|            -|            -|    -|
    |    o VITIS_LOOP_1120_9_VITIS_LOOP_1122_10_VITIS_LOOP_1124_11  |       -|  -7.30|      120|  1.200e+03|         1|        1|   120|       yes|         -|         -|            -|            -|    -|
    |    o VITIS_LOOP_93_1_VITIS_LOOP_98_3_VITIS_LOOP_100_4         |       -|  -7.30|        -|          -|         2|        1|     -|       yes|         -|         -|            -|            -|    -|
    |    o getParallelograms_loop                                   |      II|  -7.30|        -|          -|        15|        3|     -|       yes|         -|         -|            -|            -|    -|
    |   + grp_delete_patch_fu_1064                                  |       -|  -2.29|        -|          -|         -|        -|     -|        no|         -|         -|    793 (~0%)|   2253 (~0%)|    -|
    |    o VITIS_LOOP_391_1                                         |       -|  -7.30|        -|          -|       845|        -|     -|        no|         -|         -|            -|            -|    -|
    |     o VITIS_LOOP_393_2_VITIS_LOOP_397_4_VITIS_LOOP_399_5      |       -|  -7.30|      720|  7.200e+03|         2|        1|   720|       yes|         -|         -|            -|            -|    -|
    |     o VITIS_LOOP_407_6_VITIS_LOOP_409_7_VITIS_LOOP_411_8      |       -|  -7.30|      120|  1.200e+03|         2|        1|   120|       yes|         -|         -|            -|            -|    -|
    |    o Loop 2                                                   |       -|  -7.30|      720|  7.200e+03|         1|        1|   720|       yes|         -|         -|            -|            -|    -|
    |    o Loop 3                                                   |       -|  -7.30|      120|  1.200e+03|         1|        1|   120|       yes|         -|         -|            -|            -|    -|
    |   + grp_get_index_from_z_fu_1146                              |       -|  -1.14|        -|          -|         -|        -|     -|        no|         -|   8 (~0%)|    583 (~0%)|   2695 (~0%)|    -|
    |    o getIndexFromZ_loop                                       |       -|  -7.30|        -|          -|         6|        1|     -|       yes|         -|         -|            -|            -|    -|
    |   + grp_straightLineProjectorFromLayerIJtoK_fu_1160           |      II|  -0.23|       11|    110.000|         -|        1|     -|       yes|         -|   6 (~0%)|    783 (~0%)|   2546 (~0%)|    -|
    |   + grp_areWedgeSuperPointsEqual_1_fu_1176                    |      II|  -0.30|        2|     20.000|         -|        1|     -|       yes|         -|         -|      3 (~0%)|   2894 (~0%)|    -|
    |   + grp_areWedgeSuperPointsEqual_fu_1247                      |      II|  -0.30|        3|     30.000|         -|        2|     -|       yes|         -|         -|     17 (~0%)|   2874 (~0%)|    -|
    |   o VITIS_LOOP_860_1                                          |       -|  -7.30|        -|          -|         -|        -|     -|        no|         -|         -|            -|            -|    -|
    |   o VITIS_LOOP_868_2                                          |       -|  -7.30|        5|     50.000|         2|        1|     5|       yes|         -|         -|            -|            -|    -|
    |   o VITIS_LOOP_880_3                                          |       -|  -7.30|        5|     50.000|         2|        1|     5|       yes|         -|         -|            -|            -|    -|
    |   o VITIS_LOOP_889_4                                          |       -|  -7.30|        5|     50.000|         2|        1|     5|       yes|         -|         -|            -|            -|    -|
    |   o VITIS_LOOP_897_5                                          |       -|  -7.30|       11|    110.000|         8|        1|     5|       yes|         -|         -|            -|            -|    -|
    |   o VITIS_LOOP_902_6                                          |       -|  -7.30|        7|     70.000|         4|        1|     5|       yes|         -|         -|            -|            -|    -|
    |   o VITIS_LOOP_908_7                                          |       -|  -7.30|        7|     70.000|         4|        1|     5|       yes|         -|         -|            -|            -|    -|
    |   o VITIS_LOOP_914_8                                          |       -|  -7.30|       15|    150.000|        13|        1|     4|       yes|         -|         -|            -|            -|    -|
    |   o VITIS_LOOP_926_9                                          |       -|  -7.30|        5|     50.000|         3|        1|     4|       yes|         -|         -|            -|            -|    -|
    |   o superpointEqualCheck_2_loop                               |      II|  -7.30|       35|    350.000|         6|        6|     5|       yes|         -|         -|            -|            -|    -|
    |  + grp_makePatch_alignedToLine_1_fu_1792                      |       -|  -0.23|        -|          -|         -|        -|     -|        no|  22 (~0%)|   59 (1%)|   9571 (~0%)|  27656 (~0%)|    -|
    |   + grp_makeSuperPoint_alignedToLine_fu_1095                  |       -|  -0.23|        -|          -|         -|        -|     -|        no|   2 (~0%)|   45 (1%)|   4034 (~0%)|  14240 (~0%)|    -|
    |    o rowListSet_loop                                          |       -|  -7.30|        -|          -|         3|        1|     -|       yes|         -|         -|            -|            -|    -|
    |    o start_value_loop                                         |      II|  -7.30|        -|          -|         5|        3|     -|       yes|         -|         -|            -|            -|    -|
    |    o LRdiscovery_loop                                         |       -|  -7.30|        -|          -|         4|        1|     -|       yes|         -|         -|            -|            -|    -|
    |    o VITIS_LOOP_1181_1_VITIS_LOOP_1183_2                      |       -|  -7.30|        -|          -|         3|        1|     -|       yes|         -|         -|            -|            -|    -|
    |    o VITIS_LOOP_1193_3_VITIS_LOOP_1195_4                      |       -|  -7.30|        -|          -|         3|        1|     -|       yes|         -|         -|            -|            -|    -|
    |    o VITIS_LOOP_1222_5_VITIS_LOOP_1224_6                      |       -|  -7.30|        -|          -|         3|        1|     -|       yes|         -|         -|            -|            -|    -|
    |    o VITIS_LOOP_1234_7_VITIS_LOOP_1236_8                      |       -|  -7.30|        -|          -|         3|        1|     -|       yes|         -|         -|            -|            -|    -|
    |    o initWedgeSP_loop                                         |      II|  -7.30|        -|          -|         4|        4|     -|       yes|         -|         -|            -|            -|    -|
    |   + grp_add_patch_111_fu_1122                                 |       -|  -2.35|        -|          -|         -|        -|     -|        no|         -|         -|   1217 (~0%)|   3485 (~0%)|    -|
    |    o VITIS_LOOP_298_1_VITIS_LOOP_302_3_VITIS_LOOP_304_4       |       -|  -7.30|      720|  7.200e+03|         2|        1|   720|       yes|         -|         -|            -|            -|    -|
    |    o VITIS_LOOP_312_5_VITIS_LOOP_314_6_VITIS_LOOP_316_7       |       -|  -7.30|      120|  1.200e+03|         2|        1|   120|       yes|         -|         -|            -|            -|    -|
    |    o VITIS_LOOP_333_8                                         |      II|  -7.30|        -|          -|         3|        3|     -|       yes|         -|         -|            -|            -|    -|
    |    o VITIS_LOOP_348_9_VITIS_LOOP_352_11_VITIS_LOOP_354_12     |       -|  -7.30|      720|  7.200e+03|         2|        1|   720|       yes|         -|         -|            -|            -|    -|
    |    o VITIS_LOOP_362_13_VITIS_LOOP_364_14_VITIS_LOOP_366_15    |       -|  -7.30|      120|  1.200e+03|         2|        1|   120|       yes|         -|         -|            -|            -|    -|
    |   + grp_straightLineProjectorFromLayerIJtoK_fu_1216           |      II|  -0.23|       11|    110.000|         -|        1|     -|       yes|         -|   6 (~0%)|    783 (~0%)|   2546 (~0%)|    -|
    |   + grp_straightLineProjectorFromLayerIJtoK_fu_1230           |      II|  -0.23|       11|    110.000|         -|        1|     -|       yes|         -|   6 (~0%)|    783 (~0%)|   2546 (~0%)|    -|
    |   + grp_get_acceptanceCorners_fu_1244                         |       -|  -4.88|        -|          -|         -|        -|     -|        no|         -|         -|    694 (~0%)|   1067 (~0%)|    -|
    |    o minMaxAcceptanceCorners_loop                             |      II|  -7.30|        -|          -|         3|        2|     -|       yes|         -|         -|            -|            -|    -|
    |   o VITIS_LOOP_1077_1_VITIS_LOOP_1081_3_VITIS_LOOP_1083_4     |       -|  -7.30|      720|  7.200e+03|         1|        1|   720|       yes|         -|         -|            -|            -|    -|
    |   o makeSuperpoint_loop                                       |       -|  -7.30|        -|          -|         -|        -|     -|        no|         -|         -|            -|            -|    -|
    |   o VITIS_LOOP_1105_5_VITIS_LOOP_1109_7_VITIS_LOOP_1111_8     |       -|  -7.30|      720|  7.200e+03|         1|        1|   720|       yes|         -|         -|            -|            -|    -|
    |   o VITIS_LOOP_1120_9_VITIS_LOOP_1122_10_VITIS_LOOP_1124_11   |       -|  -7.30|      120|  1.200e+03|         1|        1|   120|       yes|         -|         -|            -|            -|    -|
    |   o VITIS_LOOP_93_1_VITIS_LOOP_98_3_VITIS_LOOP_100_4          |       -|  -7.30|        -|          -|         2|        1|     -|       yes|         -|         -|            -|            -|    -|
    |   o getParallelograms_loop                                    |      II|  -7.30|        -|          -|        15|        3|     -|       yes|         -|         -|            -|            -|    -|
    |  + grp_makePatch_alignedToLine_fu_1895                        |       -|  -0.23|        -|          -|         -|        -|     -|        no|  22 (~0%)|   47 (1%)|   8071 (~0%)|  22632 (~0%)|    -|
    |   + grp_makeSuperPoint_alignedToLine_fu_1085                  |       -|  -0.23|        -|          -|         -|        -|     -|        no|   2 (~0%)|   45 (1%)|   4034 (~0%)|  14240 (~0%)|    -|
    |    o rowListSet_loop                                          |       -|  -7.30|        -|          -|         3|        1|     -|       yes|         -|         -|            -|            -|    -|
    |    o start_value_loop                                         |      II|  -7.30|        -|          -|         5|        3|     -|       yes|         -|         -|            -|            -|    -|
    |    o LRdiscovery_loop                                         |       -|  -7.30|        -|          -|         4|        1|     -|       yes|         -|         -|            -|            -|    -|
    |    o VITIS_LOOP_1181_1_VITIS_LOOP_1183_2                      |       -|  -7.30|        -|          -|         3|        1|     -|       yes|         -|         -|            -|            -|    -|
    |    o VITIS_LOOP_1193_3_VITIS_LOOP_1195_4                      |       -|  -7.30|        -|          -|         3|        1|     -|       yes|         -|         -|            -|            -|    -|
    |    o VITIS_LOOP_1222_5_VITIS_LOOP_1224_6                      |       -|  -7.30|        -|          -|         3|        1|     -|       yes|         -|         -|            -|            -|    -|
    |    o VITIS_LOOP_1234_7_VITIS_LOOP_1236_8                      |       -|  -7.30|        -|          -|         3|        1|     -|       yes|         -|         -|            -|            -|    -|
    |    o initWedgeSP_loop                                         |      II|  -7.30|        -|          -|         4|        4|     -|       yes|         -|         -|            -|            -|    -|
    |   + grp_add_patch8_fu_1113                                    |       -|  -2.35|        -|          -|         -|        -|     -|        no|         -|         -|   1217 (~0%)|   3485 (~0%)|    -|
    |    o VITIS_LOOP_298_1_VITIS_LOOP_302_3_VITIS_LOOP_304_4       |       -|  -7.30|      720|  7.200e+03|         2|        1|   720|       yes|         -|         -|            -|            -|    -|
    |    o VITIS_LOOP_312_5_VITIS_LOOP_314_6_VITIS_LOOP_316_7       |       -|  -7.30|      120|  1.200e+03|         2|        1|   120|       yes|         -|         -|            -|            -|    -|
    |    o VITIS_LOOP_333_8                                         |      II|  -7.30|        -|          -|         3|        3|     -|       yes|         -|         -|            -|            -|    -|
    |    o VITIS_LOOP_348_9_VITIS_LOOP_352_11_VITIS_LOOP_354_12     |       -|  -7.30|      720|  7.200e+03|         2|        1|   720|       yes|         -|         -|            -|            -|    -|
    |    o VITIS_LOOP_362_13_VITIS_LOOP_364_14_VITIS_LOOP_366_15    |       -|  -7.30|      120|  1.200e+03|         2|        1|   120|       yes|         -|         -|            -|            -|    -|
    |   + grp_straightLineProjectorFromLayerIJtoK_fu_1207           |      II|  -0.23|       11|    110.000|         -|        1|     -|       yes|         -|   6 (~0%)|    783 (~0%)|   2546 (~0%)|    -|
    |   + grp_straightLineProjectorFromLayerIJtoK_fu_1221           |      II|  -0.23|       11|    110.000|         -|        1|     -|       yes|         -|   6 (~0%)|    783 (~0%)|   2546 (~0%)|    -|
    |   + grp_get_acceptanceCorners_fu_1235                         |       -|  -4.88|        -|          -|         -|        -|     -|        no|         -|         -|    694 (~0%)|   1067 (~0%)|    -|
    |    o minMaxAcceptanceCorners_loop                             |      II|  -7.30|        -|          -|         3|        2|     -|       yes|         -|         -|            -|            -|    -|
    |   o VITIS_LOOP_1077_1_VITIS_LOOP_1081_3_VITIS_LOOP_1083_4     |       -|  -7.30|      720|  7.200e+03|         1|        1|   720|       yes|         -|         -|            -|            -|    -|
    |   o makeSuperpoint_loop                                       |       -|  -7.30|        -|          -|         -|        -|     -|        no|         -|         -|            -|            -|    -|
    |   o VITIS_LOOP_1105_5_VITIS_LOOP_1109_7_VITIS_LOOP_1111_8     |       -|  -7.30|      720|  7.200e+03|         1|        1|   720|       yes|         -|         -|            -|            -|    -|
    |   o VITIS_LOOP_1120_9_VITIS_LOOP_1122_10_VITIS_LOOP_1124_11   |       -|  -7.30|      120|  1.200e+03|         1|        1|   120|       yes|         -|         -|            -|            -|    -|
    |   o VITIS_LOOP_93_1_VITIS_LOOP_98_3_VITIS_LOOP_100_4          |       -|  -7.30|        -|          -|         2|        1|     -|       yes|         -|         -|            -|            -|    -|
    |   o getParallelograms_loop                                    |      II|  -7.30|        -|          -|        15|        3|     -|       yes|         -|         -|            -|            -|    -|
    |  + grp_straightLineProjectorFromLayerIJtoK_fu_1997            |      II|  -0.23|       11|    110.000|         -|        1|     -|       yes|         -|   6 (~0%)|    783 (~0%)|   2546 (~0%)|    -|
    |  + grp_areWedgeSuperPointsEqual_1_fu_2013                     |      II|  -0.30|        2|     20.000|         -|        1|     -|       yes|         -|         -|      3 (~0%)|   2894 (~0%)|    -|
    |  + grp_areWedgeSuperPointsEqual_fu_2086                       |      II|  -0.30|        3|     30.000|         -|        2|     -|       yes|         -|         -|     17 (~0%)|   2874 (~0%)|    -|
    |  o superPointEqualCheck_loop                                  |       -|  -7.30|       41|    410.000|         7|        -|     5|        no|         -|         -|            -|            -|    -|
    |  o solvePatchPair_loop                                        |       -|  -7.30|        -|          -|         -|        -|     -|        no|         -|         -|            -|            -|    -|
    | o shadowQuilt_loop                                            |       -|  -7.30|        -|          -|         -|        -|     -|        no|         -|         -|            -|            -|    -|
    |  o solveNextColumn_loop                                       |       -|  -7.30|        -|          -|         -|        -|     -|        no|         -|         -|            -|            -|    -|
    +---------------------------------------------------------------+--------+-------+---------+-----------+----------+---------+------+----------+----------+----------+-------------+-------------+-----+

