

================================================================
== Vitis HLS Report for 'getShadows'
================================================================
* Date:           Sun Jul 14 15:03:06 2024

* Version:        2020.2 (Build 3064766 on Wed Nov 18 09:12:45 MST 2020)
* Project:        PatchMaker_tanishGit
* Solution:       solution1 (Vivado IP Flow Target)
* Product family: virtexuplus
* Target device:  xcvu19p-fsvb3824-2-e


================================================================
== Performance Estimates
================================================================
+ Timing: 
    * Summary: 
    +--------+----------+----------+------------+
    |  Clock |  Target  | Estimated| Uncertainty|
    +--------+----------+----------+------------+
    |ap_clk  |  10.00 ns|  7.300 ns|     2.70 ns|
    +--------+----------+----------+------------+

+ Latency: 
    * Summary: 
    +---------+---------+----------+----------+-----+-----+---------+
    |  Latency (cycles) |  Latency (absolute) |  Interval | Pipeline|
    |   min   |   max   |    min   |    max   | min | max |   Type  |
    +---------+---------+----------+----------+-----+-----+---------+
    |        ?|        ?|         ?|         ?|    ?|    ?|     none|
    +---------+---------+----------+----------+-----+-----+---------+

    + Detail: 
        * Instance: 
        +------------------------------------------------+-------------------------------------+---------+---------+----------+----------+-----+-----+---------+
        |                                                |                                     |  Latency (cycles) |  Latency (absolute) |  Interval | Pipeline|
        |                    Instance                    |                Module               |   min   |   max   |    min   |    max   | min | max |   Type  |
        +------------------------------------------------+-------------------------------------+---------+---------+----------+----------+-----+-----+---------+
        |grp_straightLineProjectorFromLayerIJtoK_fu_270  |straightLineProjectorFromLayerIJtoK  |       11|       11|  0.110 us|  0.110 us|    1|    1|      yes|
        |grp_straightLineProjectorFromLayerIJtoK_fu_284  |straightLineProjectorFromLayerIJtoK  |       11|       11|  0.110 us|  0.110 us|    1|    1|      yes|
        |grp_straightLineProjectorFromLayerIJtoK_fu_298  |straightLineProjectorFromLayerIJtoK  |       11|       11|  0.110 us|  0.110 us|    1|    1|      yes|
        |grp_straightLineProjectorFromLayerIJtoK_fu_312  |straightLineProjectorFromLayerIJtoK  |       11|       11|  0.110 us|  0.110 us|    1|    1|      yes|
        +------------------------------------------------+-------------------------------------+---------+---------+----------+----------+-----+-----+---------+

        * Loop: 
        +---------------------+---------+---------+----------+-----------+-----------+------+----------+
        |                     |  Latency (cycles) | Iteration|  Initiation Interval  | Trip |          |
        |      Loop Name      |   min   |   max   |  Latency |  achieved |   target  | Count| Pipelined|
        +---------------------+---------+---------+----------+-----------+-----------+------+----------+
        |- getShadows_loop    |        ?|        ?|        13|          1|          1|     ?|       yes|
        |- GSmaxFinding_loop  |        ?|        ?|         2|          2|          1|     ?|       yes|
        +---------------------+---------+---------+----------+-----------+-----------+------+----------+



================================================================
== Utilization Estimates
================================================================
* Summary: 
+---------------------+---------+------+---------+---------+-----+
|         Name        | BRAM_18K|  DSP |    FF   |   LUT   | URAM|
+---------------------+---------+------+---------+---------+-----+
|DSP                  |        -|     -|        -|        -|    -|
|Expression           |        -|     -|        0|      698|    -|
|FIFO                 |        -|     -|        -|        -|    -|
|Instance             |        0|    24|     3132|    10244|    -|
|Memory               |        -|     -|        -|        -|    -|
|Multiplexer          |        -|     -|        -|      219|    -|
|Register             |        -|     -|     1950|       64|    -|
+---------------------+---------+------+---------+---------+-----+
|Total                |        0|    24|     5082|    11225|    0|
+---------------------+---------+------+---------+---------+-----+
|Available SLR        |     1080|   960|  2042880|  1021440|   80|
+---------------------+---------+------+---------+---------+-----+
|Utilization SLR (%)  |        0|     2|       ~0|        1|    0|
+---------------------+---------+------+---------+---------+-----+
|Available            |     4320|  3840|  8171520|  4085760|  320|
+---------------------+---------+------+---------+---------+-----+
|Utilization (%)      |        0|    ~0|       ~0|       ~0|    0|
+---------------------+---------+------+---------+---------+-----+

+ Detail: 
    * Instance: 
    +------------------------------------------------+-------------------------------------+---------+----+-----+------+-----+
    |                    Instance                    |                Module               | BRAM_18K| DSP|  FF |  LUT | URAM|
    +------------------------------------------------+-------------------------------------+---------+----+-----+------+-----+
    |mux_42_64_1_1_U727                              |mux_42_64_1_1                        |        0|   0|    0|    20|    0|
    |mux_42_64_1_1_U728                              |mux_42_64_1_1                        |        0|   0|    0|    20|    0|
    |mux_42_64_1_1_U729                              |mux_42_64_1_1                        |        0|   0|    0|    20|    0|
    |grp_straightLineProjectorFromLayerIJtoK_fu_270  |straightLineProjectorFromLayerIJtoK  |        0|   6|  783|  2546|    0|
    |grp_straightLineProjectorFromLayerIJtoK_fu_284  |straightLineProjectorFromLayerIJtoK  |        0|   6|  783|  2546|    0|
    |grp_straightLineProjectorFromLayerIJtoK_fu_298  |straightLineProjectorFromLayerIJtoK  |        0|   6|  783|  2546|    0|
    |grp_straightLineProjectorFromLayerIJtoK_fu_312  |straightLineProjectorFromLayerIJtoK  |        0|   6|  783|  2546|    0|
    +------------------------------------------------+-------------------------------------+---------+----+-----+------+-----+
    |Total                                           |                                     |        0|  24| 3132| 10244|    0|
    +------------------------------------------------+-------------------------------------+---------+----+-----+------+-----+

    * DSP: 
    N/A

    * Memory: 
    N/A

    * FIFO: 
    N/A

    * Expression: 
    +------------------------+----------+----+---+----+------------+------------+
    |      Variable Name     | Operation| DSP| FF| LUT| Bitwidth P0| Bitwidth P1|
    +------------------------+----------+----+---+----+------------+------------+
    |add_ln155_fu_358_p2     |         +|   0|  0|  39|          32|           2|
    |add_ln157_fu_364_p2     |         +|   0|  0|  39|          32|           1|
    |add_ln159_fu_452_p2     |         +|   0|  0|  19|           8|           2|
    |add_ln174_fu_744_p2     |         +|   0|  0|  39|          32|           1|
    |sub_ln158_fu_407_p2     |         -|   0|  0|  15|           8|           8|
    |sub_ln159_fu_446_p2     |         -|   0|  0|  19|           8|           8|
    |icmp_ln146_fu_326_p2    |      icmp|   0|  0|  29|          64|          27|
    |icmp_ln147_fu_340_p2    |      icmp|   0|  0|  29|          64|          26|
    |icmp_ln155_fu_370_p2    |      icmp|   0|  0|  20|          32|          32|
    |icmp_ln174_fu_571_p2    |      icmp|   0|  0|  20|          32|          32|
    |icmp_ln176_1_fu_592_p2  |      icmp|   0|  0|   8|           2|           3|
    |icmp_ln176_2_fu_606_p2  |      icmp|   0|  0|   8|           2|           1|
    |icmp_ln176_fu_621_p2    |      icmp|   0|  0|  29|          64|          64|
    |icmp_ln180_fu_659_p2    |      icmp|   0|  0|  29|          64|          64|
    |icmp_ln184_fu_696_p2    |      icmp|   0|  0|  29|          64|          64|
    |icmp_ln188_fu_733_p2    |      icmp|   0|  0|  29|          64|          64|
    |or_ln158_fu_413_p2      |        or|   0|  0|   8|           8|           2|
    |or_ln159_fu_424_p2      |        or|   0|  0|  36|          36|           4|
    |topL_jL_3_8_fu_612_p3   |    select|   0|  0|  63|           1|          64|
    |topL_jL_3_fu_598_p3     |    select|   0|  0|  63|           1|          64|
    |zTop_max_fu_346_p3      |    select|   0|  0|  63|           1|          64|
    |zTop_min_fu_332_p3      |    select|   0|  0|  63|           1|          27|
    |ap_enable_pp0           |       xor|   0|  0|   2|           1|           2|
    +------------------------+----------+----+---+----+------------+------------+
    |Total                   |          |   0|  0| 698|         621|         626|
    +------------------------+----------+----+---+----+------------+------------+

    * Multiplexer: 
    +--------------------------------+----+-----------+-----+-----------+
    |              Name              | LUT| Input Size| Bits| Total Bits|
    +--------------------------------+----+-----------+-----+-----------+
    |ap_NS_fsm                       |  49|          9|    1|          9|
    |ap_enable_reg_pp0_iter12        |   9|          2|    1|          2|
    |ap_phi_mux_i_phi_fu_251_p4      |   9|          2|   32|         64|
    |empty_121_fu_148                |   9|          2|   64|        128|
    |empty_122_fu_152                |   9|          2|   64|        128|
    |empty_123_fu_156                |   9|          2|   64|        128|
    |i_21_reg_258                    |   9|          2|   32|         64|
    |i_reg_247                       |   9|          2|   32|         64|
    |patches_parameters_31_address0  |  26|          5|    7|         35|
    |patches_parameters_31_address1  |  20|          4|    7|         28|
    |patches_parameters_31_d0        |  26|          5|   64|        320|
    |patches_parameters_31_d1        |  26|          5|   64|        320|
    |topL_jL_3_6_fu_144              |   9|          2|   64|        128|
    +--------------------------------+----+-----------+-----+-----------+
    |Total                           | 219|         44|  496|       1418|
    +--------------------------------+----+-----------+-----+-----------+

    * Register: 
    +-------------------------------------------------------------+----+----+-----+-----------+
    |                             Name                            | FF | LUT| Bits| Const Bits|
    +-------------------------------------------------------------+----+----+-----+-----------+
    |add_ln155_reg_885                                            |  32|   0|   32|          0|
    |add_ln157_reg_891                                            |  32|   0|   32|          0|
    |ap_CS_fsm                                                    |   8|   0|    8|          0|
    |ap_enable_reg_pp0_iter0                                      |   1|   0|    1|          0|
    |ap_enable_reg_pp0_iter1                                      |   1|   0|    1|          0|
    |ap_enable_reg_pp0_iter10                                     |   1|   0|    1|          0|
    |ap_enable_reg_pp0_iter11                                     |   1|   0|    1|          0|
    |ap_enable_reg_pp0_iter12                                     |   1|   0|    1|          0|
    |ap_enable_reg_pp0_iter2                                      |   1|   0|    1|          0|
    |ap_enable_reg_pp0_iter3                                      |   1|   0|    1|          0|
    |ap_enable_reg_pp0_iter4                                      |   1|   0|    1|          0|
    |ap_enable_reg_pp0_iter5                                      |   1|   0|    1|          0|
    |ap_enable_reg_pp0_iter6                                      |   1|   0|    1|          0|
    |ap_enable_reg_pp0_iter7                                      |   1|   0|    1|          0|
    |ap_enable_reg_pp0_iter8                                      |   1|   0|    1|          0|
    |ap_enable_reg_pp0_iter9                                      |   1|   0|    1|          0|
    |empty_121_fu_148                                             |  64|   0|   64|          0|
    |empty_122_fu_152                                             |  64|   0|   64|          0|
    |empty_123_fu_156                                             |  64|   0|   64|          0|
    |grp_straightLineProjectorFromLayerIJtoK_fu_270_ap_start_reg  |   1|   0|    1|          0|
    |grp_straightLineProjectorFromLayerIJtoK_fu_284_ap_start_reg  |   1|   0|    1|          0|
    |grp_straightLineProjectorFromLayerIJtoK_fu_298_ap_start_reg  |   1|   0|    1|          0|
    |grp_straightLineProjectorFromLayerIJtoK_fu_312_ap_start_reg  |   1|   0|    1|          0|
    |i_21_reg_258                                                 |  32|   0|   32|          0|
    |i_reg_247                                                    |  32|   0|   32|          0|
    |icmp_ln155_reg_900                                           |   1|   0|    1|          0|
    |topL_jL_3_1_fu_80                                            |  64|   0|   64|          0|
    |topL_jL_3_1_load_reg_918                                     |  64|   0|   64|          0|
    |topL_jL_3_2_fu_96                                            |  64|   0|   64|          0|
    |topL_jL_3_4_fu_100                                           |  64|   0|   64|          0|
    |topL_jL_3_5_fu_104                                           |  64|   0|   64|          0|
    |topL_jL_3_6_fu_144                                           |  64|   0|   64|          0|
    |topL_jR_3_1_fu_108                                           |  64|   0|   64|          0|
    |topL_jR_3_2_fu_112                                           |  64|   0|   64|          0|
    |topL_jR_3_3_fu_116                                           |  64|   0|   64|          0|
    |topL_jR_3_fu_84                                              |  64|   0|   64|          0|
    |topL_jR_3_load_reg_924                                       |  64|   0|   64|          0|
    |topR_jL_3_1_fu_120                                           |  64|   0|   64|          0|
    |topR_jL_3_2_fu_124                                           |  64|   0|   64|          0|
    |topR_jL_3_3_fu_128                                           |  64|   0|   64|          0|
    |topR_jL_3_fu_88                                              |  64|   0|   64|          0|
    |topR_jL_3_load_reg_930                                       |  64|   0|   64|          0|
    |topR_jR_3_1_fu_132                                           |  64|   0|   64|          0|
    |topR_jR_3_2_fu_136                                           |  64|   0|   64|          0|
    |topR_jR_3_3_fu_140                                           |  64|   0|   64|          0|
    |topR_jR_3_fu_92                                              |  64|   0|   64|          0|
    |topR_jR_3_load_reg_936                                       |  64|   0|   64|          0|
    |trunc_ln158_1_reg_904                                        |   2|   0|    2|          0|
    |trunc_ln176_reg_973                                          |   2|   0|    2|          0|
    |zTop_max_reg_879                                             |  64|   0|   64|          0|
    |zTop_min_reg_873                                             |  64|   0|   64|          0|
    |icmp_ln155_reg_900                                           |  64|  32|    1|          0|
    |trunc_ln158_1_reg_904                                        |  64|  32|    2|          0|
    +-------------------------------------------------------------+----+----+-----+-----------+
    |Total                                                        |1950|  64| 1825|          0|
    +-------------------------------------------------------------+----+----+-----+-----------+



================================================================
== Interface
================================================================
* Summary: 
+---------------------------------+-----+-----+------------+------------------------+--------------+
|            RTL Ports            | Dir | Bits|  Protocol  |      Source Object     |    C Type    |
+---------------------------------+-----+-----+------------+------------------------+--------------+
|ap_clk                           |   in|    1|  ap_ctrl_hs|              getShadows|  return value|
|ap_rst                           |   in|    1|  ap_ctrl_hs|              getShadows|  return value|
|ap_start                         |   in|    1|  ap_ctrl_hs|              getShadows|  return value|
|ap_done                          |  out|    1|  ap_ctrl_hs|              getShadows|  return value|
|ap_idle                          |  out|    1|  ap_ctrl_hs|              getShadows|  return value|
|ap_ready                         |  out|    1|  ap_ctrl_hs|              getShadows|  return value|
|patches_superpoints_31_address0  |  out|    8|   ap_memory|  patches_superpoints_31|         array|
|patches_superpoints_31_ce0       |  out|    1|   ap_memory|  patches_superpoints_31|         array|
|patches_superpoints_31_q0        |   in|   64|   ap_memory|  patches_superpoints_31|         array|
|patches_superpoints_31_address1  |  out|    8|   ap_memory|  patches_superpoints_31|         array|
|patches_superpoints_31_ce1       |  out|    1|   ap_memory|  patches_superpoints_31|         array|
|patches_superpoints_31_q1        |   in|   64|   ap_memory|  patches_superpoints_31|         array|
|patches_parameters_31_address0   |  out|    7|   ap_memory|   patches_parameters_31|         array|
|patches_parameters_31_ce0        |  out|    1|   ap_memory|   patches_parameters_31|         array|
|patches_parameters_31_we0        |  out|    1|   ap_memory|   patches_parameters_31|         array|
|patches_parameters_31_d0         |  out|   64|   ap_memory|   patches_parameters_31|         array|
|patches_parameters_31_q0         |   in|   64|   ap_memory|   patches_parameters_31|         array|
|patches_parameters_31_address1   |  out|    7|   ap_memory|   patches_parameters_31|         array|
|patches_parameters_31_ce1        |  out|    1|   ap_memory|   patches_parameters_31|         array|
|patches_parameters_31_we1        |  out|    1|   ap_memory|   patches_parameters_31|         array|
|patches_parameters_31_d1         |  out|   64|   ap_memory|   patches_parameters_31|         array|
|zTopMin                          |   in|   64|     ap_none|                 zTopMin|        scalar|
|zTopMax                          |   in|   64|     ap_none|                 zTopMax|        scalar|
+---------------------------------+-----+-----+------------+------------------------+--------------+

