

================================================================
== Vitis HLS Report for 'makePatch_alignedToLine_1'
================================================================
* Date:           Sun Jul 14 15:02:40 2024

* Version:        2020.2 (Build 3064766 on Wed Nov 18 09:12:45 MST 2020)
* Project:        PatchMaker_tanishGit
* Solution:       solution1 (Vivado IP Flow Target)
* Product family: virtexuplus
* Target device:  xcvu19p-fsvb3824-2-e


================================================================
== Performance Estimates
================================================================
+ Timing: 
    * Summary: 
    +--------+----------+----------+------------+
    |  Clock |  Target  | Estimated| Uncertainty|
    +--------+----------+----------+------------+
    |ap_clk  |  10.00 ns|  7.069 ns|     2.70 ns|
    +--------+----------+----------+------------+

+ Latency: 
    * Summary: 
    +---------+---------+----------+----------+-----+-----+---------+
    |  Latency (cycles) |  Latency (absolute) |  Interval | Pipeline|
    |   min   |   max   |    min   |    max   | min | max |   Type  |
    +---------+---------+----------+----------+-----+-----+---------+
    |        ?|        ?|         ?|         ?|    ?|    ?|     none|
    +---------+---------+----------+----------+-----+-----+---------+

    + Detail: 
        * Instance: 
        +-------------------------------------------------+-------------------------------------+---------+---------+----------+----------+-----+-----+---------+
        |                                                 |                                     |  Latency (cycles) |  Latency (absolute) |  Interval | Pipeline|
        |                     Instance                    |                Module               |   min   |   max   |    min   |    max   | min | max |   Type  |
        +-------------------------------------------------+-------------------------------------+---------+---------+----------+----------+-----+-----+---------+
        |grp_makeSuperPoint_alignedToLine_fu_1067         |makeSuperPoint_alignedToLine         |        ?|        ?|         ?|         ?|    ?|    ?|     none|
        |grp_add_patch_111_fu_1094                        |add_patch_111                        |        ?|        ?|         ?|         ?|    ?|    ?|     none|
        |grp_straightLineProjectorFromLayerIJtoK_fu_1242  |straightLineProjectorFromLayerIJtoK  |       11|       11|  0.110 us|  0.110 us|    1|    1|      yes|
        |grp_straightLineProjectorFromLayerIJtoK_fu_1256  |straightLineProjectorFromLayerIJtoK  |       11|       11|  0.110 us|  0.110 us|    1|    1|      yes|
        |grp_get_acceptanceCorners_fu_1270                |get_acceptanceCorners                |        ?|        ?|         ?|         ?|    ?|    ?|     none|
        +-------------------------------------------------+-------------------------------------+---------+---------+----------+----------+-----+-----+---------+

        * Loop: 
        +---------------------------------------------------------+---------+---------+----------+-----------+-----------+------+----------+
        |                                                         |  Latency (cycles) | Iteration|  Initiation Interval  | Trip |          |
        |                        Loop Name                        |   min   |   max   |  Latency |  achieved |   target  | Count| Pipelined|
        +---------------------------------------------------------+---------+---------+----------+-----------+-----------+------+----------+
        |- VITIS_LOOP_1053_1_VITIS_LOOP_1055_2_VITIS_LOOP_1057_3  |      240|      240|         1|          1|          1|   240|       yes|
        |- makeSuperpoint_loop                                    |        ?|        ?|         ?|          -|          -|     5|        no|
        |- VITIS_LOOP_1078_4_VITIS_LOOP_1080_5_VITIS_LOOP_1082_6  |      240|      240|         1|          1|          1|   240|       yes|
        |- VITIS_LOOP_1090_7_VITIS_LOOP_1092_8_VITIS_LOOP_1094_9  |      120|      120|         1|          1|          1|   120|       yes|
        |- VITIS_LOOP_80_1_VITIS_LOOP_83_2_VITIS_LOOP_85_3        |        ?|        ?|         2|          1|          1|     ?|       yes|
        |- getParallelograms_loop                                 |        ?|        ?|        15|          3|          1|     ?|       yes|
        +---------------------------------------------------------+---------+---------+----------+-----------+-----------+------+----------+



================================================================
== Utilization Estimates
================================================================
* Summary: 
+---------------------+---------+------+---------+---------+-----+
|         Name        | BRAM_18K|  DSP |    FF   |   LUT   | URAM|
+---------------------+---------+------+---------+---------+-----+
|DSP                  |        -|     -|        -|        -|    -|
|Expression           |        -|     -|        0|     1280|    -|
|FIFO                 |        -|     -|        -|        -|    -|
|Instance             |        2|    59|     6918|    23199|    -|
|Memory               |        0|     -|      770|      783|    -|
|Multiplexer          |        -|     -|        -|     1512|    -|
|Register             |        -|     -|     1880|      128|    -|
+---------------------+---------+------+---------+---------+-----+
|Total                |        2|    59|     9568|    26902|    0|
+---------------------+---------+------+---------+---------+-----+
|Available SLR        |     1080|   960|  2042880|  1021440|   80|
+---------------------+---------+------+---------+---------+-----+
|Utilization SLR (%)  |       ~0|     6|       ~0|        2|    0|
+---------------------+---------+------+---------+---------+-----+
|Available            |     4320|  3840|  8171520|  4085760|  320|
+---------------------+---------+------+---------+---------+-----+
|Utilization (%)      |       ~0|     1|       ~0|       ~0|    0|
+---------------------+---------+------+---------+---------+-----+

+ Detail: 
    * Instance: 
    +-------------------------------------------------+-------------------------------------+---------+----+------+-------+-----+
    |                     Instance                    |                Module               | BRAM_18K| DSP|  FF  |  LUT  | URAM|
    +-------------------------------------------------+-------------------------------------+---------+----+------+-------+-----+
    |grp_add_patch_111_fu_1094                        |add_patch_111                        |        0|   0|  1030|   3340|    0|
    |grp_get_acceptanceCorners_fu_1270                |get_acceptanceCorners                |        0|   0|   694|   1067|    0|
    |grp_makeSuperPoint_alignedToLine_fu_1067         |makeSuperPoint_alignedToLine         |        2|  45|  3628|  13577|    0|
    |mul_64ns_7ns_70_1_1_U317                         |mul_64ns_7ns_70_1_1                  |        0|   2|     0|     45|    0|
    |mux_53_64_1_1_U318                               |mux_53_64_1_1                        |        0|   0|     0|     26|    0|
    |mux_53_64_1_1_U319                               |mux_53_64_1_1                        |        0|   0|     0|     26|    0|
    |mux_53_64_1_1_U320                               |mux_53_64_1_1                        |        0|   0|     0|     26|    0|
    |grp_straightLineProjectorFromLayerIJtoK_fu_1242  |straightLineProjectorFromLayerIJtoK  |        0|   6|   783|   2546|    0|
    |grp_straightLineProjectorFromLayerIJtoK_fu_1256  |straightLineProjectorFromLayerIJtoK  |        0|   6|   783|   2546|    0|
    +-------------------------------------------------+-------------------------------------+---------+----+------+-------+-----+
    |Total                                            |                                     |        2|  59|  6918|  23199|    0|
    +-------------------------------------------------+-------------------------------------+---------+----+------+-------+-----+

    * DSP: 
    N/A

    * Memory: 
    +----------------------------+----------------------------------------------------+---------+----+----+-----+------+-----+------+-------------+
    |           Memory           |                       Module                       | BRAM_18K| FF | LUT| URAM| Words| Bits| Banks| W*Bits*Banks|
    +----------------------------+----------------------------------------------------+---------+----+----+-----+------+-----+------+-------------+
    |NPpatches_parameters_128_U  |makePatch_alignedToLine_1_NPpatches_parameters_128  |        0|   2|   3|    0|    24|    1|     1|           24|
    |NPpatches_parameters_0_U    |makePatch_alignedToLine_NPpatches_parameters_0      |        0|  64|  65|    0|    24|   64|     1|         1536|
    |NPpatches_parameters_4_U    |makePatch_alignedToLine_NPpatches_parameters_0      |        0|  64|  65|    0|    24|   64|     1|         1536|
    |NPpatches_superpoints_0_U   |makePatch_alignedToLine_NPpatches_superpoints_0     |        0|  64|  65|    0|    48|   64|     1|         3072|
    |NPpatches_superpoints_1_U   |makePatch_alignedToLine_NPpatches_superpoints_0     |        0|  64|  65|    0|    48|   64|     1|         3072|
    |NPpatches_superpoints_2_U   |makePatch_alignedToLine_NPpatches_superpoints_0     |        0|  64|  65|    0|    48|   64|     1|         3072|
    |NPpatches_superpoints_3_U   |makePatch_alignedToLine_NPpatches_superpoints_0     |        0|  64|  65|    0|    48|   64|     1|         3072|
    |NPpatches_superpoints_4_U   |makePatch_alignedToLine_NPpatches_superpoints_0     |        0|  64|  65|    0|    48|   64|     1|         3072|
    |init_patch_0_U              |makePatch_alignedToLine_init_patch_0                |        0|  64|  65|    0|    48|   64|     1|         3072|
    |init_patch_1_U              |makePatch_alignedToLine_init_patch_0                |        0|  64|  65|    0|    48|   64|     1|         3072|
    |init_patch_2_U              |makePatch_alignedToLine_init_patch_0                |        0|  64|  65|    0|    48|   64|     1|         3072|
    |init_patch_3_U              |makePatch_alignedToLine_init_patch_0                |        0|  64|  65|    0|    48|   64|     1|         3072|
    |init_patch_4_U              |makePatch_alignedToLine_init_patch_0                |        0|  64|  65|    0|    48|   64|     1|         3072|
    +----------------------------+----------------------------------------------------+---------+----+----+-----+------+-----+------+-------------+
    |Total                       |                                                    |        0| 770| 783|    0|   552|  769|    13|        33816|
    +----------------------------+----------------------------------------------------+---------+----+----+-----+------+-----+------+-------------+

    * FIFO: 
    N/A

    * Expression: 
    +----------------------------+----------+----+---+----+------------+------------+
    |        Variable Name       | Operation| DSP| FF| LUT| Bitwidth P0| Bitwidth P1|
    +----------------------------+----------+----+---+----+------------+------------+
    |add_ln1053_2_fu_1280_p2     |         +|   0|  0|  15|           8|           1|
    |add_ln1053_fu_1292_p2       |         +|   0|  0|  10|           3|           1|
    |add_ln1055_2_fu_1413_p2     |         +|   0|  0|  14|           7|           1|
    |add_ln1055_fu_1338_p2       |         +|   0|  0|  12|           5|           1|
    |add_ln1057_fu_1407_p2       |         +|   0|  0|   9|           2|           1|
    |add_ln1059_fu_1392_p2       |         +|   0|  0|  13|           6|           6|
    |add_ln1078_2_fu_1447_p2     |         +|   0|  0|  15|           8|           1|
    |add_ln1078_fu_1459_p2       |         +|   0|  0|  10|           3|           1|
    |add_ln1080_2_fu_1580_p2     |         +|   0|  0|  14|           7|           1|
    |add_ln1080_fu_1505_p2       |         +|   0|  0|  12|           5|           1|
    |add_ln1082_fu_1574_p2       |         +|   0|  0|   9|           2|           1|
    |add_ln1084_fu_1559_p2       |         +|   0|  0|  13|           6|           6|
    |add_ln1090_2_fu_1594_p2     |         +|   0|  0|  14|           7|           1|
    |add_ln1090_fu_1606_p2       |         +|   0|  0|  10|           3|           1|
    |add_ln1092_2_fu_1732_p2     |         +|   0|  0|  13|           6|           1|
    |add_ln1092_fu_1652_p2       |         +|   0|  0|  10|           3|           1|
    |add_ln1094_fu_1726_p2       |         +|   0|  0|  10|           3|           1|
    |add_ln1096_fu_1714_p2       |         +|   0|  0|  13|           5|           5|
    |add_ln61_fu_2183_p2         |         +|   0|  0|  12|           5|           2|
    |add_ln62_fu_2193_p2         |         +|   0|  0|  12|           5|           2|
    |add_ln63_fu_2123_p2         |         +|   0|  0|  12|           5|           3|
    |add_ln64_fu_2134_p2         |         +|   0|  0|  12|           5|           3|
    |add_ln66_fu_2145_p2         |         +|   0|  0|  71|          64|           1|
    |add_ln80_fu_1760_p2         |         +|   0|  0|  77|          70|           1|
    |add_ln83_2_fu_1901_p2       |         +|   0|  0|  14|           7|           1|
    |add_ln83_fu_1821_p2         |         +|   0|  0|  12|           5|           1|
    |add_ln85_fu_1895_p2         |         +|   0|  0|   9|           2|           1|
    |add_ln88_fu_1875_p2         |         +|   0|  0|  13|           6|           6|
    |i_17_fu_1771_p2             |         +|   0|  0|  71|          64|           1|
    |i_fu_1427_p2                |         +|   0|  0|  10|           3|           1|
    |j_fu_2069_p2                |         +|   0|  0|  38|          31|           1|
    |sub_ln1059_fu_1382_p2       |         -|   0|  0|  13|           6|           6|
    |sub_ln1084_fu_1549_p2       |         -|   0|  0|  13|           6|           6|
    |sub_ln1096_fu_1704_p2       |         -|   0|  0|  13|           5|           5|
    |sub_ln59_fu_2063_p2         |         -|   0|  0|  12|           5|           5|
    |sub_ln60_fu_2117_p2         |         -|   0|  0|  12|           5|           5|
    |sub_ln88_fu_1865_p2         |         -|   0|  0|  13|           6|           6|
    |and_ln1053_fu_1324_p2       |       and|   0|  0|   2|           1|           1|
    |and_ln1078_fu_1491_p2       |       and|   0|  0|   2|           1|           1|
    |and_ln1090_fu_1638_p2       |       and|   0|  0|   2|           1|           1|
    |and_ln80_fu_1815_p2         |       and|   0|  0|   2|           1|           1|
    |icmp_ln1053_fu_1286_p2      |      icmp|   0|  0|  11|           8|           6|
    |icmp_ln1055_fu_1298_p2      |      icmp|   0|  0|  10|           7|           6|
    |icmp_ln1057_fu_1318_p2      |      icmp|   0|  0|   8|           2|           2|
    |icmp_ln1071_fu_1433_p2      |      icmp|   0|  0|   8|           3|           3|
    |icmp_ln1078_fu_1453_p2      |      icmp|   0|  0|  11|           8|           6|
    |icmp_ln1080_fu_1465_p2      |      icmp|   0|  0|  10|           7|           6|
    |icmp_ln1082_fu_1485_p2      |      icmp|   0|  0|   8|           2|           2|
    |icmp_ln1090_fu_1600_p2      |      icmp|   0|  0|  10|           7|           5|
    |icmp_ln1092_fu_1612_p2      |      icmp|   0|  0|  10|           6|           5|
    |icmp_ln1094_fu_1632_p2      |      icmp|   0|  0|   8|           3|           3|
    |icmp_ln28_fu_1940_p2        |      icmp|   0|  0|  29|          64|          26|
    |icmp_ln29_fu_1958_p2        |      icmp|   0|  0|  29|          64|          25|
    |icmp_ln31_fu_1976_p2        |      icmp|   0|  0|  29|          64|          64|
    |icmp_ln44_fu_2010_p2        |      icmp|   0|  0|  20|          32|          32|
    |icmp_ln57_fu_2033_p2        |      icmp|   0|  0|  19|          30|           1|
    |icmp_ln80_fu_1766_p2        |      icmp|   0|  0|  30|          70|          70|
    |icmp_ln83_fu_1777_p2        |      icmp|   0|  0|  10|           7|           6|
    |icmp_ln85_fu_1809_p2        |      icmp|   0|  0|   8|           2|           2|
    |or_ln1055_fu_1344_p2        |        or|   0|  0|   2|           1|           1|
    |or_ln1080_fu_1511_p2        |        or|   0|  0|   2|           1|           1|
    |or_ln1092_fu_1658_p2        |        or|   0|  0|   2|           1|           1|
    |or_ln60_fu_2173_p2          |        or|   0|  0|   5|           5|           1|
    |or_ln83_fu_1827_p2          |        or|   0|  0|   2|           1|           1|
    |select_ln1053_2_fu_1330_p3  |    select|   0|  0|   3|           1|           3|
    |select_ln1053_fu_1304_p3    |    select|   0|  0|   5|           1|           1|
    |select_ln1055_3_fu_1358_p3  |    select|   0|  0|   5|           1|           5|
    |select_ln1055_4_fu_1419_p3  |    select|   0|  0|   7|           1|           1|
    |select_ln1055_fu_1350_p3    |    select|   0|  0|   2|           1|           1|
    |select_ln1078_2_fu_1497_p3  |    select|   0|  0|   3|           1|           3|
    |select_ln1078_fu_1471_p3    |    select|   0|  0|   5|           1|           1|
    |select_ln1080_3_fu_1525_p3  |    select|   0|  0|   5|           1|           5|
    |select_ln1080_4_fu_1586_p3  |    select|   0|  0|   7|           1|           1|
    |select_ln1080_fu_1517_p3    |    select|   0|  0|   2|           1|           1|
    |select_ln1090_2_fu_1644_p3  |    select|   0|  0|   3|           1|           3|
    |select_ln1090_fu_1618_p3    |    select|   0|  0|   3|           1|           1|
    |select_ln1092_3_fu_1672_p3  |    select|   0|  0|   3|           1|           3|
    |select_ln1092_4_fu_1738_p3  |    select|   0|  0|   6|           1|           1|
    |select_ln1092_fu_1664_p3    |    select|   0|  0|   3|           1|           1|
    |select_ln80_2_fu_1791_p3    |    select|   0|  0|  63|           1|          64|
    |select_ln80_fu_1783_p3      |    select|   0|  0|   5|           1|           1|
    |select_ln83_3_fu_1841_p3    |    select|   0|  0|   5|           1|           5|
    |select_ln83_4_fu_1907_p3    |    select|   0|  0|   7|           1|           1|
    |select_ln83_fu_1833_p3      |    select|   0|  0|   2|           1|           1|
    |z1_max_2_fu_1994_p3         |    select|   0|  0|  26|           1|          25|
    |z1_max_fu_1964_p3           |    select|   0|  0|  63|           1|          64|
    |z1_min_2_fu_1982_p3         |    select|   0|  0|  26|           1|          25|
    |z1_min_fu_1946_p3           |    select|   0|  0|  63|           1|          26|
    |ap_enable_pp3               |       xor|   0|  0|   2|           1|           2|
    |ap_enable_pp4               |       xor|   0|  0|   2|           1|           2|
    |ap_enable_reg_pp3_iter1     |       xor|   0|  0|   2|           2|           1|
    |xor_ln1053_fu_1312_p2       |       xor|   0|  0|   2|           1|           2|
    |xor_ln1078_fu_1479_p2       |       xor|   0|  0|   2|           1|           2|
    |xor_ln1090_fu_1626_p2       |       xor|   0|  0|   2|           1|           2|
    |xor_ln80_fu_1803_p2         |       xor|   0|  0|   2|           1|           2|
    +----------------------------+----------+----+---+----+------------+------------+
    |Total                       |          |   0|  0|1280|         825|         624|
    +----------------------------+----------+----+---+----+------------+------------+

    * Multiplexer: 
    +-----------------------------------------------------+----+-----------+-----+-----------+
    |                         Name                        | LUT| Input Size| Bits| Total Bits|
    +-----------------------------------------------------+----+-----------+-----+-----------+
    |NPpatches_parameters_0_address0                      |  37|          7|    5|         35|
    |NPpatches_parameters_0_address1                      |  26|          5|    5|         25|
    |NPpatches_parameters_0_ce0                           |  20|          4|    1|          4|
    |NPpatches_parameters_0_ce1                           |  14|          3|    1|          3|
    |NPpatches_parameters_0_d0                            |  26|          5|   64|        320|
    |NPpatches_parameters_0_d1                            |  20|          4|   64|        256|
    |NPpatches_parameters_229_address0                    |  14|          3|    5|         15|
    |NPpatches_parameters_229_ce0                         |  14|          3|    1|          3|
    |NPpatches_parameters_229_ce1                         |   9|          2|    1|          2|
    |NPpatches_parameters_229_we0                         |   9|          2|    1|          2|
    |NPpatches_parameters_229_we1                         |   9|          2|    1|          2|
    |NPpatches_parameters_330_address0                    |  14|          3|    5|         15|
    |NPpatches_parameters_330_ce0                         |  14|          3|    1|          3|
    |NPpatches_parameters_330_ce1                         |   9|          2|    1|          2|
    |NPpatches_parameters_330_we0                         |   9|          2|    1|          2|
    |NPpatches_parameters_330_we1                         |   9|          2|    1|          2|
    |NPpatches_parameters_4_address0                      |  31|          6|    5|         30|
    |NPpatches_parameters_4_address1                      |  14|          3|    5|         15|
    |NPpatches_parameters_4_ce0                           |  20|          4|    1|          4|
    |NPpatches_parameters_4_d0                            |  14|          3|   64|        192|
    |NPpatches_parameters_4_d1                            |  14|          3|   64|        192|
    |NPpatches_superpoints_0_address0                     |  26|          5|    6|         30|
    |NPpatches_superpoints_0_address1                     |  14|          3|    6|         18|
    |NPpatches_superpoints_0_ce0                          |  14|          3|    1|          3|
    |NPpatches_superpoints_0_ce1                          |  14|          3|    1|          3|
    |NPpatches_superpoints_0_d0                           |  14|          3|   64|        192|
    |NPpatches_superpoints_1_address0                     |  26|          5|    6|         30|
    |NPpatches_superpoints_1_address1                     |  14|          3|    6|         18|
    |NPpatches_superpoints_1_ce0                          |  14|          3|    1|          3|
    |NPpatches_superpoints_1_ce1                          |  14|          3|    1|          3|
    |NPpatches_superpoints_1_d0                           |  14|          3|   64|        192|
    |NPpatches_superpoints_2_address0                     |  26|          5|    6|         30|
    |NPpatches_superpoints_2_address1                     |  14|          3|    6|         18|
    |NPpatches_superpoints_2_ce0                          |  14|          3|    1|          3|
    |NPpatches_superpoints_2_ce1                          |  14|          3|    1|          3|
    |NPpatches_superpoints_2_d0                           |  14|          3|   64|        192|
    |NPpatches_superpoints_3_address0                     |  26|          5|    6|         30|
    |NPpatches_superpoints_3_address1                     |  14|          3|    6|         18|
    |NPpatches_superpoints_3_ce0                          |  14|          3|    1|          3|
    |NPpatches_superpoints_3_ce1                          |  14|          3|    1|          3|
    |NPpatches_superpoints_3_d0                           |  14|          3|   64|        192|
    |NPpatches_superpoints_4_address0                     |  26|          5|    6|         30|
    |NPpatches_superpoints_4_address1                     |  14|          3|    6|         18|
    |NPpatches_superpoints_4_ce0                          |  14|          3|    1|          3|
    |NPpatches_superpoints_4_ce1                          |  14|          3|    1|          3|
    |NPpatches_superpoints_4_d0                           |  14|          3|   64|        192|
    |a_4_reg_1033                                         |   9|          2|    5|         10|
    |a_reg_812                                            |   9|          2|    3|          6|
    |ap_NS_fsm                                            |  97|         20|    1|         20|
    |ap_enable_reg_pp3_iter1                              |  14|          3|    1|          3|
    |ap_enable_reg_pp4_iter4                              |   9|          2|    1|          2|
    |ap_phi_mux_a_4_phi_fu_1037_p4                        |   9|          2|    5|         10|
    |ap_phi_mux_i_15_phi_fu_1015_p4                       |   9|          2|   64|        128|
    |ap_phi_mux_i_18_phi_fu_1059_p4                       |   9|          2|   31|         62|
    |b_5_reg_901                                          |   9|          2|    3|          6|
    |b_6_reg_956                                          |   9|          2|    3|          6|
    |b_8_reg_1044                                         |   9|          2|    2|          4|
    |b_reg_834                                            |   9|          2|    5|         10|
    |c_4_reg_923                                          |   9|          2|    5|         10|
    |c_5_reg_978                                          |   9|          2|    3|          6|
    |c_reg_845                                            |   9|          2|    2|          4|
    |d_4_reg_989                                          |   9|          2|    3|          6|
    |d_reg_934                                            |   9|          2|    2|          4|
    |empty_115_fu_372                                     |   9|          2|   64|        128|
    |grp_straightLineProjectorFromLayerIJtoK_fu_1242_j    |  14|          3|   32|         96|
    |grp_straightLineProjectorFromLayerIJtoK_fu_1242_z_j  |  14|          3|   64|        192|
    |grp_straightLineProjectorFromLayerIJtoK_fu_1256_j    |  14|          3|   32|         96|
    |grp_straightLineProjectorFromLayerIJtoK_fu_1256_z_j  |  14|          3|   64|        192|
    |i_013_reg_878                                        |   9|          2|    3|          6|
    |i_15_reg_1011                                        |   9|          2|   64|        128|
    |i_18_reg_1055                                        |   9|          2|   31|         62|
    |indvar_flatten13_reg_801                             |   9|          2|    8|         16|
    |indvar_flatten21_reg_912                             |   9|          2|    7|         14|
    |indvar_flatten35_reg_890                             |   9|          2|    8|         16|
    |indvar_flatten43_reg_967                             |   9|          2|    6|         12|
    |indvar_flatten57_reg_945                             |   9|          2|    7|         14|
    |indvar_flatten65_reg_1022                            |   9|          2|    7|         14|
    |indvar_flatten79_reg_1000                            |   9|          2|   70|        140|
    |indvar_flatten_reg_823                               |   9|          2|    7|         14|
    |init_patch_0_address0                                |  20|          4|    6|         24|
    |init_patch_0_ce0                                     |  14|          3|    1|          3|
    |init_patch_0_d0                                      |  14|          3|   64|        192|
    |init_patch_0_we0                                     |  14|          3|    1|          3|
    |init_patch_1_address0                                |  20|          4|    6|         24|
    |init_patch_1_ce0                                     |  14|          3|    1|          3|
    |init_patch_1_d0                                      |  14|          3|   64|        192|
    |init_patch_1_we0                                     |  14|          3|    1|          3|
    |init_patch_2_address0                                |  20|          4|    6|         24|
    |init_patch_2_ce0                                     |  14|          3|    1|          3|
    |init_patch_2_d0                                      |  14|          3|   64|        192|
    |init_patch_2_we0                                     |  14|          3|    1|          3|
    |init_patch_3_address0                                |  20|          4|    6|         24|
    |init_patch_3_ce0                                     |  14|          3|    1|          3|
    |init_patch_3_d0                                      |  14|          3|   64|        192|
    |init_patch_3_we0                                     |  14|          3|    1|          3|
    |init_patch_4_address0                                |  20|          4|    6|         24|
    |init_patch_4_ce0                                     |  14|          3|    1|          3|
    |init_patch_4_d0                                      |  14|          3|   64|        192|
    |init_patch_4_we0                                     |  14|          3|    1|          3|
    |n_patches_o                                          |   9|          2|   32|         64|
    |n_patches_o_ap_vld                                   |   9|          2|    1|          2|
    |ppl_0_reg_868                                        |   9|          2|   32|         64|
    |superpoint_count_assign_reg_856                      |   9|          2|   32|         64|
    +-----------------------------------------------------+----+-----------+-----+-----------+
    |Total                                                |1512|        318| 1757|       5095|
    +-----------------------------------------------------+----+-----------+-----+-----------+

    * Register: 
    +--------------------------------------------------------------+----+----+-----+-----------+
    |                             Name                             | FF | LUT| Bits| Const Bits|
    +--------------------------------------------------------------+----+----+-----+-----------+
    |NPpatches_superpoints_0_addr_6_reg_2453                       |   6|   0|    6|          0|
    |NPpatches_superpoints_0_load_2_reg_2500                       |  64|   0|   64|          0|
    |NPpatches_superpoints_0_load_reg_2495                         |  64|   0|   64|          0|
    |NPpatches_superpoints_1_addr_2_reg_2458                       |   6|   0|    6|          0|
    |NPpatches_superpoints_1_load_2_reg_2537                       |  64|   0|   64|          0|
    |NPpatches_superpoints_1_load_reg_2517                         |  64|   0|   64|          0|
    |NPpatches_superpoints_2_addr_2_reg_2463                       |   6|   0|    6|          0|
    |NPpatches_superpoints_2_load_2_reg_2542                       |  64|   0|   64|          0|
    |NPpatches_superpoints_2_load_reg_2522                         |  64|   0|   64|          0|
    |NPpatches_superpoints_3_addr_2_reg_2468                       |   6|   0|    6|          0|
    |NPpatches_superpoints_3_load_2_reg_2547                       |  64|   0|   64|          0|
    |NPpatches_superpoints_3_load_reg_2527                         |  64|   0|   64|          0|
    |NPpatches_superpoints_4_addr_2_reg_2473                       |   6|   0|    6|          0|
    |NPpatches_superpoints_4_load_2_reg_2552                       |  64|   0|   64|          0|
    |NPpatches_superpoints_4_load_reg_2532                         |  64|   0|   64|          0|
    |a_4_reg_1033                                                  |   5|   0|    5|          0|
    |a_reg_812                                                     |   3|   0|    3|          0|
    |ap_CS_fsm                                                     |  19|   0|   19|          0|
    |ap_enable_reg_pp3_iter0                                       |   1|   0|    1|          0|
    |ap_enable_reg_pp3_iter1                                       |   1|   0|    1|          0|
    |ap_enable_reg_pp4_iter0                                       |   1|   0|    1|          0|
    |ap_enable_reg_pp4_iter1                                       |   1|   0|    1|          0|
    |ap_enable_reg_pp4_iter2                                       |   1|   0|    1|          0|
    |ap_enable_reg_pp4_iter3                                       |   1|   0|    1|          0|
    |ap_enable_reg_pp4_iter4                                       |   1|   0|    1|          0|
    |b_5_reg_901                                                   |   3|   0|    3|          0|
    |b_6_reg_956                                                   |   3|   0|    3|          0|
    |b_8_reg_1044                                                  |   2|   0|    2|          0|
    |b_reg_834                                                     |   5|   0|    5|          0|
    |c_4_reg_923                                                   |   5|   0|    5|          0|
    |c_5_reg_978                                                   |   3|   0|    3|          0|
    |c_6_reg_2594                                                  |  64|   0|   64|          0|
    |c_reg_845                                                     |   2|   0|    2|          0|
    |d_3_reg_2599                                                  |  64|   0|   64|          0|
    |d_4_reg_989                                                   |   3|   0|    3|          0|
    |d_reg_934                                                     |   2|   0|    2|          0|
    |empty_115_fu_372                                              |  64|   0|   64|          0|
    |grp_add_patch_111_fu_1094_ap_start_reg                        |   1|   0|    1|          0|
    |grp_get_acceptanceCorners_fu_1270_ap_start_reg                |   1|   0|    1|          0|
    |grp_makeSuperPoint_alignedToLine_fu_1067_ap_start_reg         |   1|   0|    1|          0|
    |grp_straightLineProjectorFromLayerIJtoK_fu_1242_ap_start_reg  |   1|   0|    1|          0|
    |grp_straightLineProjectorFromLayerIJtoK_fu_1256_ap_start_reg  |   1|   0|    1|          0|
    |i_013_reg_878                                                 |   3|   0|    3|          0|
    |i_15_reg_1011                                                 |  64|   0|   64|          0|
    |i_18_reg_1055                                                 |  31|   0|   31|          0|
    |i_reg_2319                                                    |   3|   0|    3|          0|
    |icmp_ln44_reg_2557                                            |   1|   0|    1|          0|
    |icmp_ln57_reg_2567                                            |   1|   0|    1|          0|
    |icmp_ln80_reg_2409                                            |   1|   0|    1|          0|
    |indvar_flatten13_reg_801                                      |   8|   0|    8|          0|
    |indvar_flatten21_reg_912                                      |   7|   0|    7|          0|
    |indvar_flatten35_reg_890                                      |   8|   0|    8|          0|
    |indvar_flatten43_reg_967                                      |   6|   0|    6|          0|
    |indvar_flatten57_reg_945                                      |   7|   0|    7|          0|
    |indvar_flatten65_reg_1022                                     |   7|   0|    7|          0|
    |indvar_flatten79_reg_1000                                     |  70|   0|   70|          0|
    |indvar_flatten_reg_823                                        |   7|   0|    7|          0|
    |j_reg_2576                                                    |  31|   0|   31|          0|
    |mul_ln1103_reg_2399                                           |  70|   0|   70|          0|
    |ppl_0_reg_868                                                 |  32|   0|   32|          0|
    |select_ln80_2_reg_2413                                        |  64|   0|   64|          0|
    |select_ln83_3_reg_2423                                        |   5|   0|    5|          0|
    |sext_ln1103_reg_2394                                          |  64|   0|   64|          0|
    |sext_ln29_reg_2511                                            |  64|   0|   64|          0|
    |sext_ln31_reg_2505                                            |  64|   0|   64|          0|
    |sub_ln59_reg_2571                                             |   4|   0|    5|          1|
    |sub_ln60_reg_2587                                             |   4|   0|    5|          1|
    |superpoint_count_assign_reg_856                               |  32|   0|   32|          0|
    |trunc_ln48_reg_2561                                           |   3|   0|    3|          0|
    |trunc_ln80_reg_2418                                           |   3|   0|    3|          0|
    |zext_ln51_reg_2581                                            |  31|   0|   32|          1|
    |icmp_ln44_reg_2557                                            |  64|  32|    1|          0|
    |icmp_ln57_reg_2567                                            |  64|  32|    1|          0|
    |sub_ln59_reg_2571                                             |  64|  32|    5|          1|
    |sub_ln60_reg_2587                                             |  64|  32|    5|          1|
    +--------------------------------------------------------------+----+----+-----+-----------+
    |Total                                                         |1880| 128| 1639|          5|
    +--------------------------------------------------------------+----+----+-----+-----------+



================================================================
== Interface
================================================================
* Summary: 
+-----------------------------------+-----+-----+------------+---------------------------+--------------+
|             RTL Ports             | Dir | Bits|  Protocol  |       Source Object       |    C Type    |
+-----------------------------------+-----+-----+------------+---------------------------+--------------+
|ap_clk                             |   in|    1|  ap_ctrl_hs|  makePatch_alignedToLine.1|  return value|
|ap_rst                             |   in|    1|  ap_ctrl_hs|  makePatch_alignedToLine.1|  return value|
|ap_start                           |   in|    1|  ap_ctrl_hs|  makePatch_alignedToLine.1|  return value|
|ap_done                            |  out|    1|  ap_ctrl_hs|  makePatch_alignedToLine.1|  return value|
|ap_idle                            |  out|    1|  ap_ctrl_hs|  makePatch_alignedToLine.1|  return value|
|ap_ready                           |  out|    1|  ap_ctrl_hs|  makePatch_alignedToLine.1|  return value|
|ap_return                          |  out|   32|  ap_ctrl_hs|  makePatch_alignedToLine.1|  return value|
|n_patches_i                        |   in|   32|     ap_ovld|                  n_patches|       pointer|
|n_patches_o                        |  out|   32|     ap_ovld|                  n_patches|       pointer|
|n_patches_o_ap_vld                 |  out|    1|     ap_ovld|                  n_patches|       pointer|
|GDarray_address0                   |  out|   11|   ap_memory|                    GDarray|         array|
|GDarray_ce0                        |  out|    1|   ap_memory|                    GDarray|         array|
|GDarray_q0                         |   in|  192|   ap_memory|                    GDarray|         array|
|GDn_points_address0                |  out|    3|   ap_memory|                 GDn_points|         array|
|GDn_points_ce0                     |  out|    1|   ap_memory|                 GDn_points|         array|
|GDn_points_q0                      |   in|   32|   ap_memory|                 GDn_points|         array|
|patches_superpoints_0_address0     |  out|    8|   ap_memory|      patches_superpoints_0|         array|
|patches_superpoints_0_ce0          |  out|    1|   ap_memory|      patches_superpoints_0|         array|
|patches_superpoints_0_we0          |  out|    1|   ap_memory|      patches_superpoints_0|         array|
|patches_superpoints_0_d0           |  out|   64|   ap_memory|      patches_superpoints_0|         array|
|patches_superpoints_0_q0           |   in|   64|   ap_memory|      patches_superpoints_0|         array|
|patches_superpoints_1_address0     |  out|    8|   ap_memory|      patches_superpoints_1|         array|
|patches_superpoints_1_ce0          |  out|    1|   ap_memory|      patches_superpoints_1|         array|
|patches_superpoints_1_we0          |  out|    1|   ap_memory|      patches_superpoints_1|         array|
|patches_superpoints_1_d0           |  out|   64|   ap_memory|      patches_superpoints_1|         array|
|patches_superpoints_1_q0           |   in|   64|   ap_memory|      patches_superpoints_1|         array|
|patches_superpoints_2_address0     |  out|    8|   ap_memory|      patches_superpoints_2|         array|
|patches_superpoints_2_ce0          |  out|    1|   ap_memory|      patches_superpoints_2|         array|
|patches_superpoints_2_we0          |  out|    1|   ap_memory|      patches_superpoints_2|         array|
|patches_superpoints_2_d0           |  out|   64|   ap_memory|      patches_superpoints_2|         array|
|patches_superpoints_2_q0           |   in|   64|   ap_memory|      patches_superpoints_2|         array|
|patches_superpoints_3_address0     |  out|    8|   ap_memory|      patches_superpoints_3|         array|
|patches_superpoints_3_ce0          |  out|    1|   ap_memory|      patches_superpoints_3|         array|
|patches_superpoints_3_we0          |  out|    1|   ap_memory|      patches_superpoints_3|         array|
|patches_superpoints_3_d0           |  out|   64|   ap_memory|      patches_superpoints_3|         array|
|patches_superpoints_3_q0           |   in|   64|   ap_memory|      patches_superpoints_3|         array|
|patches_superpoints_4_address0     |  out|    8|   ap_memory|      patches_superpoints_4|         array|
|patches_superpoints_4_ce0          |  out|    1|   ap_memory|      patches_superpoints_4|         array|
|patches_superpoints_4_we0          |  out|    1|   ap_memory|      patches_superpoints_4|         array|
|patches_superpoints_4_d0           |  out|   64|   ap_memory|      patches_superpoints_4|         array|
|patches_superpoints_4_q0           |   in|   64|   ap_memory|      patches_superpoints_4|         array|
|patches_superpoints_5_address0     |  out|    8|   ap_memory|      patches_superpoints_5|         array|
|patches_superpoints_5_ce0          |  out|    1|   ap_memory|      patches_superpoints_5|         array|
|patches_superpoints_5_we0          |  out|    1|   ap_memory|      patches_superpoints_5|         array|
|patches_superpoints_5_d0           |  out|   64|   ap_memory|      patches_superpoints_5|         array|
|patches_superpoints_5_q0           |   in|   64|   ap_memory|      patches_superpoints_5|         array|
|patches_superpoints_6_address0     |  out|    8|   ap_memory|      patches_superpoints_6|         array|
|patches_superpoints_6_ce0          |  out|    1|   ap_memory|      patches_superpoints_6|         array|
|patches_superpoints_6_we0          |  out|    1|   ap_memory|      patches_superpoints_6|         array|
|patches_superpoints_6_d0           |  out|   64|   ap_memory|      patches_superpoints_6|         array|
|patches_superpoints_6_q0           |   in|   64|   ap_memory|      patches_superpoints_6|         array|
|patches_superpoints_7_address0     |  out|    8|   ap_memory|      patches_superpoints_7|         array|
|patches_superpoints_7_ce0          |  out|    1|   ap_memory|      patches_superpoints_7|         array|
|patches_superpoints_7_we0          |  out|    1|   ap_memory|      patches_superpoints_7|         array|
|patches_superpoints_7_d0           |  out|   64|   ap_memory|      patches_superpoints_7|         array|
|patches_superpoints_7_q0           |   in|   64|   ap_memory|      patches_superpoints_7|         array|
|patches_superpoints_8_address0     |  out|    8|   ap_memory|      patches_superpoints_8|         array|
|patches_superpoints_8_ce0          |  out|    1|   ap_memory|      patches_superpoints_8|         array|
|patches_superpoints_8_we0          |  out|    1|   ap_memory|      patches_superpoints_8|         array|
|patches_superpoints_8_d0           |  out|   64|   ap_memory|      patches_superpoints_8|         array|
|patches_superpoints_8_q0           |   in|   64|   ap_memory|      patches_superpoints_8|         array|
|patches_superpoints_9_address0     |  out|    8|   ap_memory|      patches_superpoints_9|         array|
|patches_superpoints_9_ce0          |  out|    1|   ap_memory|      patches_superpoints_9|         array|
|patches_superpoints_9_we0          |  out|    1|   ap_memory|      patches_superpoints_9|         array|
|patches_superpoints_9_d0           |  out|   64|   ap_memory|      patches_superpoints_9|         array|
|patches_superpoints_9_q0           |   in|   64|   ap_memory|      patches_superpoints_9|         array|
|patches_superpoints_10_address0    |  out|    8|   ap_memory|     patches_superpoints_10|         array|
|patches_superpoints_10_ce0         |  out|    1|   ap_memory|     patches_superpoints_10|         array|
|patches_superpoints_10_we0         |  out|    1|   ap_memory|     patches_superpoints_10|         array|
|patches_superpoints_10_d0          |  out|   64|   ap_memory|     patches_superpoints_10|         array|
|patches_superpoints_10_q0          |   in|   64|   ap_memory|     patches_superpoints_10|         array|
|patches_superpoints_11_address0    |  out|    8|   ap_memory|     patches_superpoints_11|         array|
|patches_superpoints_11_ce0         |  out|    1|   ap_memory|     patches_superpoints_11|         array|
|patches_superpoints_11_we0         |  out|    1|   ap_memory|     patches_superpoints_11|         array|
|patches_superpoints_11_d0          |  out|   64|   ap_memory|     patches_superpoints_11|         array|
|patches_superpoints_11_q0          |   in|   64|   ap_memory|     patches_superpoints_11|         array|
|patches_superpoints_12_address0    |  out|    8|   ap_memory|     patches_superpoints_12|         array|
|patches_superpoints_12_ce0         |  out|    1|   ap_memory|     patches_superpoints_12|         array|
|patches_superpoints_12_we0         |  out|    1|   ap_memory|     patches_superpoints_12|         array|
|patches_superpoints_12_d0          |  out|   64|   ap_memory|     patches_superpoints_12|         array|
|patches_superpoints_12_q0          |   in|   64|   ap_memory|     patches_superpoints_12|         array|
|patches_superpoints_13_address0    |  out|    8|   ap_memory|     patches_superpoints_13|         array|
|patches_superpoints_13_ce0         |  out|    1|   ap_memory|     patches_superpoints_13|         array|
|patches_superpoints_13_we0         |  out|    1|   ap_memory|     patches_superpoints_13|         array|
|patches_superpoints_13_d0          |  out|   64|   ap_memory|     patches_superpoints_13|         array|
|patches_superpoints_13_q0          |   in|   64|   ap_memory|     patches_superpoints_13|         array|
|patches_superpoints_14_address0    |  out|    8|   ap_memory|     patches_superpoints_14|         array|
|patches_superpoints_14_ce0         |  out|    1|   ap_memory|     patches_superpoints_14|         array|
|patches_superpoints_14_we0         |  out|    1|   ap_memory|     patches_superpoints_14|         array|
|patches_superpoints_14_d0          |  out|   64|   ap_memory|     patches_superpoints_14|         array|
|patches_superpoints_14_q0          |   in|   64|   ap_memory|     patches_superpoints_14|         array|
|patches_superpoints_15_address0    |  out|    8|   ap_memory|     patches_superpoints_15|         array|
|patches_superpoints_15_ce0         |  out|    1|   ap_memory|     patches_superpoints_15|         array|
|patches_superpoints_15_we0         |  out|    1|   ap_memory|     patches_superpoints_15|         array|
|patches_superpoints_15_d0          |  out|   64|   ap_memory|     patches_superpoints_15|         array|
|patches_superpoints_15_q0          |   in|   64|   ap_memory|     patches_superpoints_15|         array|
|patches_superpoints_16_address0    |  out|    8|   ap_memory|     patches_superpoints_16|         array|
|patches_superpoints_16_ce0         |  out|    1|   ap_memory|     patches_superpoints_16|         array|
|patches_superpoints_16_we0         |  out|    1|   ap_memory|     patches_superpoints_16|         array|
|patches_superpoints_16_d0          |  out|   64|   ap_memory|     patches_superpoints_16|         array|
|patches_superpoints_16_q0          |   in|   64|   ap_memory|     patches_superpoints_16|         array|
|patches_superpoints_17_address0    |  out|    8|   ap_memory|     patches_superpoints_17|         array|
|patches_superpoints_17_ce0         |  out|    1|   ap_memory|     patches_superpoints_17|         array|
|patches_superpoints_17_we0         |  out|    1|   ap_memory|     patches_superpoints_17|         array|
|patches_superpoints_17_d0          |  out|   64|   ap_memory|     patches_superpoints_17|         array|
|patches_superpoints_17_q0          |   in|   64|   ap_memory|     patches_superpoints_17|         array|
|patches_superpoints_18_address0    |  out|    8|   ap_memory|     patches_superpoints_18|         array|
|patches_superpoints_18_ce0         |  out|    1|   ap_memory|     patches_superpoints_18|         array|
|patches_superpoints_18_we0         |  out|    1|   ap_memory|     patches_superpoints_18|         array|
|patches_superpoints_18_d0          |  out|   64|   ap_memory|     patches_superpoints_18|         array|
|patches_superpoints_18_q0          |   in|   64|   ap_memory|     patches_superpoints_18|         array|
|patches_superpoints_19_address0    |  out|    8|   ap_memory|     patches_superpoints_19|         array|
|patches_superpoints_19_ce0         |  out|    1|   ap_memory|     patches_superpoints_19|         array|
|patches_superpoints_19_we0         |  out|    1|   ap_memory|     patches_superpoints_19|         array|
|patches_superpoints_19_d0          |  out|   64|   ap_memory|     patches_superpoints_19|         array|
|patches_superpoints_19_q0          |   in|   64|   ap_memory|     patches_superpoints_19|         array|
|patches_superpoints_20_address0    |  out|    8|   ap_memory|     patches_superpoints_20|         array|
|patches_superpoints_20_ce0         |  out|    1|   ap_memory|     patches_superpoints_20|         array|
|patches_superpoints_20_we0         |  out|    1|   ap_memory|     patches_superpoints_20|         array|
|patches_superpoints_20_d0          |  out|   64|   ap_memory|     patches_superpoints_20|         array|
|patches_superpoints_20_q0          |   in|   64|   ap_memory|     patches_superpoints_20|         array|
|patches_superpoints_21_address0    |  out|    8|   ap_memory|     patches_superpoints_21|         array|
|patches_superpoints_21_ce0         |  out|    1|   ap_memory|     patches_superpoints_21|         array|
|patches_superpoints_21_we0         |  out|    1|   ap_memory|     patches_superpoints_21|         array|
|patches_superpoints_21_d0          |  out|   64|   ap_memory|     patches_superpoints_21|         array|
|patches_superpoints_21_q0          |   in|   64|   ap_memory|     patches_superpoints_21|         array|
|patches_superpoints_22_address0    |  out|    8|   ap_memory|     patches_superpoints_22|         array|
|patches_superpoints_22_ce0         |  out|    1|   ap_memory|     patches_superpoints_22|         array|
|patches_superpoints_22_we0         |  out|    1|   ap_memory|     patches_superpoints_22|         array|
|patches_superpoints_22_d0          |  out|   64|   ap_memory|     patches_superpoints_22|         array|
|patches_superpoints_22_q0          |   in|   64|   ap_memory|     patches_superpoints_22|         array|
|patches_superpoints_23_address0    |  out|    8|   ap_memory|     patches_superpoints_23|         array|
|patches_superpoints_23_ce0         |  out|    1|   ap_memory|     patches_superpoints_23|         array|
|patches_superpoints_23_we0         |  out|    1|   ap_memory|     patches_superpoints_23|         array|
|patches_superpoints_23_d0          |  out|   64|   ap_memory|     patches_superpoints_23|         array|
|patches_superpoints_23_q0          |   in|   64|   ap_memory|     patches_superpoints_23|         array|
|patches_superpoints_24_address0    |  out|    8|   ap_memory|     patches_superpoints_24|         array|
|patches_superpoints_24_ce0         |  out|    1|   ap_memory|     patches_superpoints_24|         array|
|patches_superpoints_24_we0         |  out|    1|   ap_memory|     patches_superpoints_24|         array|
|patches_superpoints_24_d0          |  out|   64|   ap_memory|     patches_superpoints_24|         array|
|patches_superpoints_24_q0          |   in|   64|   ap_memory|     patches_superpoints_24|         array|
|patches_superpoints_25_address0    |  out|    8|   ap_memory|     patches_superpoints_25|         array|
|patches_superpoints_25_ce0         |  out|    1|   ap_memory|     patches_superpoints_25|         array|
|patches_superpoints_25_we0         |  out|    1|   ap_memory|     patches_superpoints_25|         array|
|patches_superpoints_25_d0          |  out|   64|   ap_memory|     patches_superpoints_25|         array|
|patches_superpoints_25_q0          |   in|   64|   ap_memory|     patches_superpoints_25|         array|
|patches_superpoints_26_address0    |  out|    8|   ap_memory|     patches_superpoints_26|         array|
|patches_superpoints_26_ce0         |  out|    1|   ap_memory|     patches_superpoints_26|         array|
|patches_superpoints_26_we0         |  out|    1|   ap_memory|     patches_superpoints_26|         array|
|patches_superpoints_26_d0          |  out|   64|   ap_memory|     patches_superpoints_26|         array|
|patches_superpoints_26_q0          |   in|   64|   ap_memory|     patches_superpoints_26|         array|
|patches_superpoints_27_address0    |  out|    8|   ap_memory|     patches_superpoints_27|         array|
|patches_superpoints_27_ce0         |  out|    1|   ap_memory|     patches_superpoints_27|         array|
|patches_superpoints_27_we0         |  out|    1|   ap_memory|     patches_superpoints_27|         array|
|patches_superpoints_27_d0          |  out|   64|   ap_memory|     patches_superpoints_27|         array|
|patches_superpoints_27_q0          |   in|   64|   ap_memory|     patches_superpoints_27|         array|
|patches_superpoints_28_address0    |  out|    8|   ap_memory|     patches_superpoints_28|         array|
|patches_superpoints_28_ce0         |  out|    1|   ap_memory|     patches_superpoints_28|         array|
|patches_superpoints_28_we0         |  out|    1|   ap_memory|     patches_superpoints_28|         array|
|patches_superpoints_28_d0          |  out|   64|   ap_memory|     patches_superpoints_28|         array|
|patches_superpoints_28_q0          |   in|   64|   ap_memory|     patches_superpoints_28|         array|
|patches_superpoints_29_address0    |  out|    8|   ap_memory|     patches_superpoints_29|         array|
|patches_superpoints_29_ce0         |  out|    1|   ap_memory|     patches_superpoints_29|         array|
|patches_superpoints_29_we0         |  out|    1|   ap_memory|     patches_superpoints_29|         array|
|patches_superpoints_29_d0          |  out|   64|   ap_memory|     patches_superpoints_29|         array|
|patches_superpoints_29_q0          |   in|   64|   ap_memory|     patches_superpoints_29|         array|
|patches_superpoints_30_address0    |  out|    8|   ap_memory|     patches_superpoints_30|         array|
|patches_superpoints_30_ce0         |  out|    1|   ap_memory|     patches_superpoints_30|         array|
|patches_superpoints_30_we0         |  out|    1|   ap_memory|     patches_superpoints_30|         array|
|patches_superpoints_30_d0          |  out|   64|   ap_memory|     patches_superpoints_30|         array|
|patches_superpoints_30_q0          |   in|   64|   ap_memory|     patches_superpoints_30|         array|
|patches_superpoints_31_address0    |  out|    8|   ap_memory|     patches_superpoints_31|         array|
|patches_superpoints_31_ce0         |  out|    1|   ap_memory|     patches_superpoints_31|         array|
|patches_superpoints_31_we0         |  out|    1|   ap_memory|     patches_superpoints_31|         array|
|patches_superpoints_31_d0          |  out|   64|   ap_memory|     patches_superpoints_31|         array|
|patches_superpoints_31_q0          |   in|   64|   ap_memory|     patches_superpoints_31|         array|
|patches_parameters_0_address0      |  out|    7|   ap_memory|       patches_parameters_0|         array|
|patches_parameters_0_ce0           |  out|    1|   ap_memory|       patches_parameters_0|         array|
|patches_parameters_0_we0           |  out|    1|   ap_memory|       patches_parameters_0|         array|
|patches_parameters_0_d0            |  out|   64|   ap_memory|       patches_parameters_0|         array|
|patches_parameters_0_q0            |   in|   64|   ap_memory|       patches_parameters_0|         array|
|patches_parameters_1_address0      |  out|    7|   ap_memory|       patches_parameters_1|         array|
|patches_parameters_1_ce0           |  out|    1|   ap_memory|       patches_parameters_1|         array|
|patches_parameters_1_we0           |  out|    1|   ap_memory|       patches_parameters_1|         array|
|patches_parameters_1_d0            |  out|   64|   ap_memory|       patches_parameters_1|         array|
|patches_parameters_1_q0            |   in|   64|   ap_memory|       patches_parameters_1|         array|
|patches_parameters_2_address0      |  out|    7|   ap_memory|       patches_parameters_2|         array|
|patches_parameters_2_ce0           |  out|    1|   ap_memory|       patches_parameters_2|         array|
|patches_parameters_2_we0           |  out|    1|   ap_memory|       patches_parameters_2|         array|
|patches_parameters_2_d0            |  out|   64|   ap_memory|       patches_parameters_2|         array|
|patches_parameters_2_q0            |   in|   64|   ap_memory|       patches_parameters_2|         array|
|patches_parameters_3_address0      |  out|    7|   ap_memory|       patches_parameters_3|         array|
|patches_parameters_3_ce0           |  out|    1|   ap_memory|       patches_parameters_3|         array|
|patches_parameters_3_we0           |  out|    1|   ap_memory|       patches_parameters_3|         array|
|patches_parameters_3_d0            |  out|   64|   ap_memory|       patches_parameters_3|         array|
|patches_parameters_3_q0            |   in|   64|   ap_memory|       patches_parameters_3|         array|
|patches_parameters_4_address0      |  out|    7|   ap_memory|       patches_parameters_4|         array|
|patches_parameters_4_ce0           |  out|    1|   ap_memory|       patches_parameters_4|         array|
|patches_parameters_4_we0           |  out|    1|   ap_memory|       patches_parameters_4|         array|
|patches_parameters_4_d0            |  out|   64|   ap_memory|       patches_parameters_4|         array|
|patches_parameters_4_q0            |   in|   64|   ap_memory|       patches_parameters_4|         array|
|patches_parameters_5_address0      |  out|    7|   ap_memory|       patches_parameters_5|         array|
|patches_parameters_5_ce0           |  out|    1|   ap_memory|       patches_parameters_5|         array|
|patches_parameters_5_we0           |  out|    1|   ap_memory|       patches_parameters_5|         array|
|patches_parameters_5_d0            |  out|   64|   ap_memory|       patches_parameters_5|         array|
|patches_parameters_5_q0            |   in|   64|   ap_memory|       patches_parameters_5|         array|
|patches_parameters_6_address0      |  out|    7|   ap_memory|       patches_parameters_6|         array|
|patches_parameters_6_ce0           |  out|    1|   ap_memory|       patches_parameters_6|         array|
|patches_parameters_6_we0           |  out|    1|   ap_memory|       patches_parameters_6|         array|
|patches_parameters_6_d0            |  out|   64|   ap_memory|       patches_parameters_6|         array|
|patches_parameters_6_q0            |   in|   64|   ap_memory|       patches_parameters_6|         array|
|patches_parameters_7_address0      |  out|    7|   ap_memory|       patches_parameters_7|         array|
|patches_parameters_7_ce0           |  out|    1|   ap_memory|       patches_parameters_7|         array|
|patches_parameters_7_we0           |  out|    1|   ap_memory|       patches_parameters_7|         array|
|patches_parameters_7_d0            |  out|   64|   ap_memory|       patches_parameters_7|         array|
|patches_parameters_7_q0            |   in|   64|   ap_memory|       patches_parameters_7|         array|
|patches_parameters_8_address0      |  out|    7|   ap_memory|       patches_parameters_8|         array|
|patches_parameters_8_ce0           |  out|    1|   ap_memory|       patches_parameters_8|         array|
|patches_parameters_8_we0           |  out|    1|   ap_memory|       patches_parameters_8|         array|
|patches_parameters_8_d0            |  out|   64|   ap_memory|       patches_parameters_8|         array|
|patches_parameters_8_q0            |   in|   64|   ap_memory|       patches_parameters_8|         array|
|patches_parameters_9_address0      |  out|    7|   ap_memory|       patches_parameters_9|         array|
|patches_parameters_9_ce0           |  out|    1|   ap_memory|       patches_parameters_9|         array|
|patches_parameters_9_we0           |  out|    1|   ap_memory|       patches_parameters_9|         array|
|patches_parameters_9_d0            |  out|   64|   ap_memory|       patches_parameters_9|         array|
|patches_parameters_9_q0            |   in|   64|   ap_memory|       patches_parameters_9|         array|
|patches_parameters_10_address0     |  out|    7|   ap_memory|      patches_parameters_10|         array|
|patches_parameters_10_ce0          |  out|    1|   ap_memory|      patches_parameters_10|         array|
|patches_parameters_10_we0          |  out|    1|   ap_memory|      patches_parameters_10|         array|
|patches_parameters_10_d0           |  out|   64|   ap_memory|      patches_parameters_10|         array|
|patches_parameters_10_q0           |   in|   64|   ap_memory|      patches_parameters_10|         array|
|patches_parameters_11_address0     |  out|    7|   ap_memory|      patches_parameters_11|         array|
|patches_parameters_11_ce0          |  out|    1|   ap_memory|      patches_parameters_11|         array|
|patches_parameters_11_we0          |  out|    1|   ap_memory|      patches_parameters_11|         array|
|patches_parameters_11_d0           |  out|   64|   ap_memory|      patches_parameters_11|         array|
|patches_parameters_11_q0           |   in|   64|   ap_memory|      patches_parameters_11|         array|
|patches_parameters_12_address0     |  out|    7|   ap_memory|      patches_parameters_12|         array|
|patches_parameters_12_ce0          |  out|    1|   ap_memory|      patches_parameters_12|         array|
|patches_parameters_12_we0          |  out|    1|   ap_memory|      patches_parameters_12|         array|
|patches_parameters_12_d0           |  out|   64|   ap_memory|      patches_parameters_12|         array|
|patches_parameters_12_q0           |   in|   64|   ap_memory|      patches_parameters_12|         array|
|patches_parameters_13_address0     |  out|    7|   ap_memory|      patches_parameters_13|         array|
|patches_parameters_13_ce0          |  out|    1|   ap_memory|      patches_parameters_13|         array|
|patches_parameters_13_we0          |  out|    1|   ap_memory|      patches_parameters_13|         array|
|patches_parameters_13_d0           |  out|   64|   ap_memory|      patches_parameters_13|         array|
|patches_parameters_13_q0           |   in|   64|   ap_memory|      patches_parameters_13|         array|
|patches_parameters_14_address0     |  out|    7|   ap_memory|      patches_parameters_14|         array|
|patches_parameters_14_ce0          |  out|    1|   ap_memory|      patches_parameters_14|         array|
|patches_parameters_14_we0          |  out|    1|   ap_memory|      patches_parameters_14|         array|
|patches_parameters_14_d0           |  out|   64|   ap_memory|      patches_parameters_14|         array|
|patches_parameters_14_q0           |   in|   64|   ap_memory|      patches_parameters_14|         array|
|patches_parameters_15_address0     |  out|    7|   ap_memory|      patches_parameters_15|         array|
|patches_parameters_15_ce0          |  out|    1|   ap_memory|      patches_parameters_15|         array|
|patches_parameters_15_we0          |  out|    1|   ap_memory|      patches_parameters_15|         array|
|patches_parameters_15_d0           |  out|   64|   ap_memory|      patches_parameters_15|         array|
|patches_parameters_15_q0           |   in|   64|   ap_memory|      patches_parameters_15|         array|
|patches_parameters_16_address0     |  out|    7|   ap_memory|      patches_parameters_16|         array|
|patches_parameters_16_ce0          |  out|    1|   ap_memory|      patches_parameters_16|         array|
|patches_parameters_16_we0          |  out|    1|   ap_memory|      patches_parameters_16|         array|
|patches_parameters_16_d0           |  out|   64|   ap_memory|      patches_parameters_16|         array|
|patches_parameters_16_q0           |   in|   64|   ap_memory|      patches_parameters_16|         array|
|patches_parameters_17_address0     |  out|    7|   ap_memory|      patches_parameters_17|         array|
|patches_parameters_17_ce0          |  out|    1|   ap_memory|      patches_parameters_17|         array|
|patches_parameters_17_we0          |  out|    1|   ap_memory|      patches_parameters_17|         array|
|patches_parameters_17_d0           |  out|   64|   ap_memory|      patches_parameters_17|         array|
|patches_parameters_17_q0           |   in|   64|   ap_memory|      patches_parameters_17|         array|
|patches_parameters_18_address0     |  out|    7|   ap_memory|      patches_parameters_18|         array|
|patches_parameters_18_ce0          |  out|    1|   ap_memory|      patches_parameters_18|         array|
|patches_parameters_18_we0          |  out|    1|   ap_memory|      patches_parameters_18|         array|
|patches_parameters_18_d0           |  out|   64|   ap_memory|      patches_parameters_18|         array|
|patches_parameters_18_q0           |   in|   64|   ap_memory|      patches_parameters_18|         array|
|patches_parameters_19_address0     |  out|    7|   ap_memory|      patches_parameters_19|         array|
|patches_parameters_19_ce0          |  out|    1|   ap_memory|      patches_parameters_19|         array|
|patches_parameters_19_we0          |  out|    1|   ap_memory|      patches_parameters_19|         array|
|patches_parameters_19_d0           |  out|   64|   ap_memory|      patches_parameters_19|         array|
|patches_parameters_19_q0           |   in|   64|   ap_memory|      patches_parameters_19|         array|
|patches_parameters_20_address0     |  out|    7|   ap_memory|      patches_parameters_20|         array|
|patches_parameters_20_ce0          |  out|    1|   ap_memory|      patches_parameters_20|         array|
|patches_parameters_20_we0          |  out|    1|   ap_memory|      patches_parameters_20|         array|
|patches_parameters_20_d0           |  out|   64|   ap_memory|      patches_parameters_20|         array|
|patches_parameters_20_q0           |   in|   64|   ap_memory|      patches_parameters_20|         array|
|patches_parameters_21_address0     |  out|    7|   ap_memory|      patches_parameters_21|         array|
|patches_parameters_21_ce0          |  out|    1|   ap_memory|      patches_parameters_21|         array|
|patches_parameters_21_we0          |  out|    1|   ap_memory|      patches_parameters_21|         array|
|patches_parameters_21_d0           |  out|   64|   ap_memory|      patches_parameters_21|         array|
|patches_parameters_21_q0           |   in|   64|   ap_memory|      patches_parameters_21|         array|
|patches_parameters_22_address0     |  out|    7|   ap_memory|      patches_parameters_22|         array|
|patches_parameters_22_ce0          |  out|    1|   ap_memory|      patches_parameters_22|         array|
|patches_parameters_22_we0          |  out|    1|   ap_memory|      patches_parameters_22|         array|
|patches_parameters_22_d0           |  out|   64|   ap_memory|      patches_parameters_22|         array|
|patches_parameters_22_q0           |   in|   64|   ap_memory|      patches_parameters_22|         array|
|patches_parameters_23_address0     |  out|    7|   ap_memory|      patches_parameters_23|         array|
|patches_parameters_23_ce0          |  out|    1|   ap_memory|      patches_parameters_23|         array|
|patches_parameters_23_we0          |  out|    1|   ap_memory|      patches_parameters_23|         array|
|patches_parameters_23_d0           |  out|   64|   ap_memory|      patches_parameters_23|         array|
|patches_parameters_23_q0           |   in|   64|   ap_memory|      patches_parameters_23|         array|
|patches_parameters_24_address0     |  out|    7|   ap_memory|      patches_parameters_24|         array|
|patches_parameters_24_ce0          |  out|    1|   ap_memory|      patches_parameters_24|         array|
|patches_parameters_24_we0          |  out|    1|   ap_memory|      patches_parameters_24|         array|
|patches_parameters_24_d0           |  out|   64|   ap_memory|      patches_parameters_24|         array|
|patches_parameters_24_q0           |   in|   64|   ap_memory|      patches_parameters_24|         array|
|patches_parameters_25_address0     |  out|    7|   ap_memory|      patches_parameters_25|         array|
|patches_parameters_25_ce0          |  out|    1|   ap_memory|      patches_parameters_25|         array|
|patches_parameters_25_we0          |  out|    1|   ap_memory|      patches_parameters_25|         array|
|patches_parameters_25_d0           |  out|   64|   ap_memory|      patches_parameters_25|         array|
|patches_parameters_25_q0           |   in|   64|   ap_memory|      patches_parameters_25|         array|
|patches_parameters_26_address0     |  out|    7|   ap_memory|      patches_parameters_26|         array|
|patches_parameters_26_ce0          |  out|    1|   ap_memory|      patches_parameters_26|         array|
|patches_parameters_26_we0          |  out|    1|   ap_memory|      patches_parameters_26|         array|
|patches_parameters_26_d0           |  out|   64|   ap_memory|      patches_parameters_26|         array|
|patches_parameters_26_q0           |   in|   64|   ap_memory|      patches_parameters_26|         array|
|patches_parameters_27_address0     |  out|    7|   ap_memory|      patches_parameters_27|         array|
|patches_parameters_27_ce0          |  out|    1|   ap_memory|      patches_parameters_27|         array|
|patches_parameters_27_we0          |  out|    1|   ap_memory|      patches_parameters_27|         array|
|patches_parameters_27_d0           |  out|   64|   ap_memory|      patches_parameters_27|         array|
|patches_parameters_27_q0           |   in|   64|   ap_memory|      patches_parameters_27|         array|
|patches_parameters_28_address0     |  out|    7|   ap_memory|      patches_parameters_28|         array|
|patches_parameters_28_ce0          |  out|    1|   ap_memory|      patches_parameters_28|         array|
|patches_parameters_28_we0          |  out|    1|   ap_memory|      patches_parameters_28|         array|
|patches_parameters_28_d0           |  out|   64|   ap_memory|      patches_parameters_28|         array|
|patches_parameters_28_q0           |   in|   64|   ap_memory|      patches_parameters_28|         array|
|patches_parameters_29_address0     |  out|    7|   ap_memory|      patches_parameters_29|         array|
|patches_parameters_29_ce0          |  out|    1|   ap_memory|      patches_parameters_29|         array|
|patches_parameters_29_we0          |  out|    1|   ap_memory|      patches_parameters_29|         array|
|patches_parameters_29_d0           |  out|   64|   ap_memory|      patches_parameters_29|         array|
|patches_parameters_29_q0           |   in|   64|   ap_memory|      patches_parameters_29|         array|
|patches_parameters_30_address0     |  out|    7|   ap_memory|      patches_parameters_30|         array|
|patches_parameters_30_ce0          |  out|    1|   ap_memory|      patches_parameters_30|         array|
|patches_parameters_30_we0          |  out|    1|   ap_memory|      patches_parameters_30|         array|
|patches_parameters_30_d0           |  out|   64|   ap_memory|      patches_parameters_30|         array|
|patches_parameters_30_q0           |   in|   64|   ap_memory|      patches_parameters_30|         array|
|patches_parameters_31_address0     |  out|    7|   ap_memory|      patches_parameters_31|         array|
|patches_parameters_31_ce0          |  out|    1|   ap_memory|      patches_parameters_31|         array|
|patches_parameters_31_we0          |  out|    1|   ap_memory|      patches_parameters_31|         array|
|patches_parameters_31_d0           |  out|   64|   ap_memory|      patches_parameters_31|         array|
|patches_parameters_31_q0           |   in|   64|   ap_memory|      patches_parameters_31|         array|
|apexZ0                             |   in|   64|     ap_none|                     apexZ0|        scalar|
|z_top                              |   in|   64|     ap_none|                      z_top|        scalar|
|p_read                             |   in|   32|     ap_none|                     p_read|        scalar|
|leftRight                          |   in|    1|     ap_none|                  leftRight|        scalar|
|temp_address0                      |  out|   10|   ap_memory|                       temp|         array|
|temp_ce0                           |  out|    1|   ap_memory|                       temp|         array|
|temp_we0                           |  out|    1|   ap_memory|                       temp|         array|
|temp_d0                            |  out|   64|   ap_memory|                       temp|         array|
|temp_q0                            |   in|   64|   ap_memory|                       temp|         array|
|NPpatches_parameters_229_address0  |  out|    5|   ap_memory|   NPpatches_parameters_229|         array|
|NPpatches_parameters_229_ce0       |  out|    1|   ap_memory|   NPpatches_parameters_229|         array|
|NPpatches_parameters_229_we0       |  out|    1|   ap_memory|   NPpatches_parameters_229|         array|
|NPpatches_parameters_229_d0        |  out|   64|   ap_memory|   NPpatches_parameters_229|         array|
|NPpatches_parameters_229_q0        |   in|   64|   ap_memory|   NPpatches_parameters_229|         array|
|NPpatches_parameters_229_address1  |  out|    5|   ap_memory|   NPpatches_parameters_229|         array|
|NPpatches_parameters_229_ce1       |  out|    1|   ap_memory|   NPpatches_parameters_229|         array|
|NPpatches_parameters_229_we1       |  out|    1|   ap_memory|   NPpatches_parameters_229|         array|
|NPpatches_parameters_229_d1        |  out|   64|   ap_memory|   NPpatches_parameters_229|         array|
|NPpatches_parameters_330_address0  |  out|    5|   ap_memory|   NPpatches_parameters_330|         array|
|NPpatches_parameters_330_ce0       |  out|    1|   ap_memory|   NPpatches_parameters_330|         array|
|NPpatches_parameters_330_we0       |  out|    1|   ap_memory|   NPpatches_parameters_330|         array|
|NPpatches_parameters_330_d0        |  out|    1|   ap_memory|   NPpatches_parameters_330|         array|
|NPpatches_parameters_330_q0        |   in|    1|   ap_memory|   NPpatches_parameters_330|         array|
|NPpatches_parameters_330_address1  |  out|    5|   ap_memory|   NPpatches_parameters_330|         array|
|NPpatches_parameters_330_ce1       |  out|    1|   ap_memory|   NPpatches_parameters_330|         array|
|NPpatches_parameters_330_we1       |  out|    1|   ap_memory|   NPpatches_parameters_330|         array|
|NPpatches_parameters_330_d1        |  out|    1|   ap_memory|   NPpatches_parameters_330|         array|
+-----------------------------------+-----+-----+------------+---------------------------+--------------+

