

================================================================
== Vitis HLS Report for 'makeSuperPoint_alignedToLine'
================================================================
* Date:           Sun Jul 14 15:02:16 2024

* Version:        2020.2 (Build 3064766 on Wed Nov 18 09:12:45 MST 2020)
* Project:        PatchMaker_tanishGit
* Solution:       solution1 (Vivado IP Flow Target)
* Product family: virtexuplus
* Target device:  xcvu19p-fsvb3824-2-e


================================================================
== Performance Estimates
================================================================
+ Timing: 
    * Summary: 
    +--------+----------+----------+------------+
    |  Clock |  Target  | Estimated| Uncertainty|
    +--------+----------+----------+------------+
    |ap_clk  |  10.00 ns|  7.069 ns|     2.70 ns|
    +--------+----------+----------+------------+

+ Latency: 
    * Summary: 
    +---------+---------+----------+----------+-----+-----+---------+
    |  Latency (cycles) |  Latency (absolute) |  Interval | Pipeline|
    |   min   |   max   |    min   |    max   | min | max |   Type  |
    +---------+---------+----------+----------+-----+-----+---------+
    |        ?|        ?|         ?|         ?|    ?|    ?|     none|
    +---------+---------+----------+----------+-----+-----+---------+

    + Detail: 
        * Instance: 
        N/A

        * Loop: 
        +---------------------------------------+---------+---------+----------+-----------+-----------+-------+----------+
        |                                       |  Latency (cycles) | Iteration|  Initiation Interval  |  Trip |          |
        |               Loop Name               |   min   |   max   |  Latency |  achieved |   target  | Count | Pipelined|
        +---------------------------------------+---------+---------+----------+-----------+-----------+-------+----------+
        |- rowListSet_loop                      |        2|        ?|         3|          1|          1|  1 ~ ?|       yes|
        |- start_value_loop                     |        ?|        ?|         5|          3|          1|      ?|       yes|
        |- LRdiscovery_loop                     |        ?|        ?|         4|          1|          1|      ?|       yes|
        |- VITIS_LOOP_1151_1_VITIS_LOOP_1153_2  |        ?|        ?|         3|          1|          1|      ?|       yes|
        |- VITIS_LOOP_1163_3_VITIS_LOOP_1165_4  |        ?|        ?|         3|          1|          1|      ?|       yes|
        |- VITIS_LOOP_1192_5_VITIS_LOOP_1194_6  |        ?|        ?|         3|          1|          1|      ?|       yes|
        |- VITIS_LOOP_1204_7_VITIS_LOOP_1206_8  |        ?|        ?|         3|          1|          1|      ?|       yes|
        |- initWedgeSP_loop_VITIS_LOOP_11_1     |       48|       48|         2|          1|          1|     48|       yes|
        +---------------------------------------+---------+---------+----------+-----------+-----------+-------+----------+



================================================================
== Utilization Estimates
================================================================
* Summary: 
+---------------------+---------+------+---------+---------+-----+
|         Name        | BRAM_18K|  DSP |    FF   |   LUT   | URAM|
+---------------------+---------+------+---------+---------+-----+
|DSP                  |        -|     -|        -|        -|    -|
|Expression           |        -|     -|        0|    12041|    -|
|FIFO                 |        -|     -|        -|        -|    -|
|Instance             |        -|    45|      305|      643|    -|
|Memory               |        2|     -|       64|       66|    -|
|Multiplexer          |        -|     -|        -|      763|    -|
|Register             |        -|     -|     3259|       64|    -|
+---------------------+---------+------+---------+---------+-----+
|Total                |        2|    45|     3628|    13577|    0|
+---------------------+---------+------+---------+---------+-----+
|Available SLR        |     1080|   960|  2042880|  1021440|   80|
+---------------------+---------+------+---------+---------+-----+
|Utilization SLR (%)  |       ~0|     4|       ~0|        1|    0|
+---------------------+---------+------+---------+---------+-----+
|Available            |     4320|  3840|  8171520|  4085760|  320|
+---------------------+---------+------+---------+---------+-----+
|Utilization (%)      |       ~0|     1|       ~0|       ~0|    0|
+---------------------+---------+------+---------+---------+-----+

+ Detail: 
    * Instance: 
    +-----------------------------------+--------------------------------+---------+----+-----+-----+-----+
    |              Instance             |             Module             | BRAM_18K| DSP|  FF | LUT | URAM|
    +-----------------------------------+--------------------------------+---------+----+-----+-----+-----+
    |dcmp_64ns_64ns_1_2_no_dsp_1_U7     |dcmp_64ns_64ns_1_2_no_dsp_1     |        0|   0|    0|    0|    0|
    |fadd_32ns_32ns_32_3_full_dsp_1_U1  |fadd_32ns_32ns_32_3_full_dsp_1  |        0|   2|  177|  226|    0|
    |fdiv_32ns_32ns_32_6_no_dsp_1_U3    |fdiv_32ns_32ns_32_6_no_dsp_1    |        0|   0|    0|    0|    0|
    |fmul_32ns_32ns_32_2_max_dsp_1_U2   |fmul_32ns_32ns_32_2_max_dsp_1   |        0|   3|  128|   77|    0|
    |mul_64ns_3ns_66_1_1_U11            |mul_64ns_3ns_66_1_1             |        0|   0|    0|   45|    0|
    |mul_64ns_3ns_66_1_1_U15            |mul_64ns_3ns_66_1_1             |        0|   0|    0|   45|    0|
    |mul_64ns_66ns_129_1_1_U10          |mul_64ns_66ns_129_1_1           |        0|   8|    0|   50|    0|
    |mul_64ns_66ns_129_1_1_U12          |mul_64ns_66ns_129_1_1           |        0|   8|    0|   50|    0|
    |mul_64ns_66ns_129_1_1_U13          |mul_64ns_66ns_129_1_1           |        0|   8|    0|   50|    0|
    |mul_64ns_66ns_129_1_1_U14          |mul_64ns_66ns_129_1_1           |        0|   8|    0|   50|    0|
    |mul_64ns_66ns_129_1_1_U16          |mul_64ns_66ns_129_1_1           |        0|   8|    0|   50|    0|
    |sitodp_64ns_64_2_no_dsp_1_U8       |sitodp_64ns_64_2_no_dsp_1       |        0|   0|    0|    0|    0|
    |sitodp_64ns_64_2_no_dsp_1_U9       |sitodp_64ns_64_2_no_dsp_1       |        0|   0|    0|    0|    0|
    |sitofp_64ns_32_2_no_dsp_1_U4       |sitofp_64ns_32_2_no_dsp_1       |        0|   0|    0|    0|    0|
    |sitofp_64ns_32_2_no_dsp_1_U5       |sitofp_64ns_32_2_no_dsp_1       |        0|   0|    0|    0|    0|
    |sitofp_64ns_32_2_no_dsp_1_U6       |sitofp_64ns_32_2_no_dsp_1       |        0|   0|    0|    0|    0|
    +-----------------------------------+--------------------------------+---------+----+-----+-----+-----+
    |Total                              |                                |        0|  45|  305|  643|    0|
    +-----------------------------------+--------------------------------+---------+----+-----+-----+-----+

    * DSP: 
    N/A

    * Memory: 
    +-------------------+----------------------------------------------+---------+----+----+-----+------+-----+------+-------------+
    |       Memory      |                    Module                    | BRAM_18K| FF | LUT| URAM| Words| Bits| Banks| W*Bits*Banks|
    +-------------------+----------------------------------------------+---------+----+----+-----+------+-----+------+-------------+
    |radii_U            |makeSuperPoint_alignedToLine_radii            |        0|  32|  33|    0|     5|   25|     1|          125|
    |row_list_U         |makeSuperPoint_alignedToLine_row_list         |        2|   0|   0|    0|   256|   64|     1|        16384|
    |trapezoid_edges_U  |makeSuperPoint_alignedToLine_trapezoid_edges  |        0|  32|  33|    0|     5|   26|     1|          130|
    +-------------------+----------------------------------------------+---------+----+----+-----+------+-----+------+-------------+
    |Total              |                                              |        2|  64|  66|    0|   266|  115|     3|        16639|
    +-------------------+----------------------------------------------+---------+----+----+-----+------+-----+------+-------------+

    * FIFO: 
    N/A

    * Expression: 
    +----------------------------+----------+----+---+-----+------------+------------+
    |        Variable Name       | Operation| DSP| FF| LUT | Bitwidth P0| Bitwidth P1|
    +----------------------------+----------+----+---+-----+------------+------------+
    |add_ln1117_1_fu_947_p2      |         +|   0|  0|   38|          31|           1|
    |add_ln1117_fu_1061_p2       |         +|   0|  0|   32|          64|          64|
    |add_ln1121_fu_1099_p2       |         +|   0|  0|   32|          25|          24|
    |add_ln1149_1_fu_1864_p2     |         +|   0|  0|   39|          32|           1|
    |add_ln1149_fu_1859_p2       |         +|   0|  0|   39|          32|          32|
    |add_ln1151_1_fu_2988_p2     |         +|   0|  0|   71|          64|           1|
    |add_ln1151_2_fu_2953_p2     |         +|   0|  0|   73|          66|           1|
    |add_ln1151_fu_2881_p2       |         +|   0|  0|   40|          33|           1|
    |add_ln1153_fu_3111_p2       |         +|   0|  0|    9|           2|           1|
    |add_ln1155_1_fu_3076_p2     |         +|   0|  0|   32|          10|          10|
    |add_ln1155_fu_3177_p2       |         +|   0|  0|   32|          64|          64|
    |add_ln1157_fu_2982_p2       |         +|   0|  0|   71|          64|           1|
    |add_ln1163_1_fu_2584_p2     |         +|   0|  0|   40|          33|           1|
    |add_ln1163_fu_2631_p2       |         +|   0|  0|   40|          33|           1|
    |add_ln1165_fu_2766_p2       |         +|   0|  0|    9|           2|           1|
    |add_ln1167_1_fu_2731_p2     |         +|   0|  0|   32|          10|          10|
    |add_ln1167_fu_2836_p2       |         +|   0|  0|   32|          64|          64|
    |add_ln1169_fu_2625_p2       |         +|   0|  0|   38|          31|           1|
    |add_ln1175_fu_1713_p2       |         +|   0|  0|   39|          32|           2|
    |add_ln1192_1_fu_2300_p2     |         +|   0|  0|   40|          33|           1|
    |add_ln1192_fu_2347_p2       |         +|   0|  0|   40|          33|           1|
    |add_ln1194_fu_2482_p2       |         +|   0|  0|    9|           2|           1|
    |add_ln1196_1_fu_2447_p2     |         +|   0|  0|   32|          10|          10|
    |add_ln1196_fu_2552_p2       |         +|   0|  0|   32|          64|          64|
    |add_ln1198_fu_2341_p2       |         +|   0|  0|   38|          31|           1|
    |add_ln11_fu_3294_p2         |         +|   0|  0|    9|           2|           1|
    |add_ln1204_1_fu_1965_p2     |         +|   0|  0|   40|          33|           1|
    |add_ln1204_2_fu_2072_p2     |         +|   0|  0|   71|          64|           1|
    |add_ln1204_3_fu_2037_p2     |         +|   0|  0|   73|          66|           1|
    |add_ln1204_fu_1945_p2       |         +|   0|  0|   32|          32|          32|
    |add_ln1206_fu_2195_p2       |         +|   0|  0|    9|           2|           1|
    |add_ln1208_1_fu_2160_p2     |         +|   0|  0|   32|          10|          10|
    |add_ln1208_fu_2261_p2       |         +|   0|  0|   32|          64|          64|
    |add_ln1210_fu_2066_p2       |         +|   0|  0|   71|          64|           1|
    |add_ln1215_fu_2292_p2       |         +|   0|  0|   39|          32|           1|
    |add_ln1224_fu_1410_p2       |         +|   0|  0|   39|          32|           1|
    |add_ln1226_fu_1427_p2       |         +|   0|  0|   71|          64|          64|
    |add_ln1245_fu_1248_p2       |         +|   0|  0|   39|          32|           1|
    |add_ln13_fu_3278_p2         |         +|   0|  0|   16|           9|           9|
    |add_ln341_fu_1152_p2        |         +|   0|  0|   16|           9|           8|
    |add_ln510_1_fu_1610_p2      |         +|   0|  0|   19|          12|          11|
    |add_ln510_fu_1491_p2        |         +|   0|  0|   19|          12|          11|
    |add_ln54_4_fu_3105_p2       |         +|   0|  0|   71|          64|          64|
    |add_ln54_5_fu_2760_p2       |         +|   0|  0|   46|          39|          39|
    |add_ln54_6_fu_2476_p2       |         +|   0|  0|   46|          39|          39|
    |add_ln54_7_fu_2189_p2       |         +|   0|  0|   71|          64|          64|
    |add_ln54_fu_992_p2          |         +|   0|  0|   45|          38|          38|
    |add_ln9_1_fu_3208_p2        |         +|   0|  0|   13|           6|           1|
    |add_ln9_fu_3220_p2          |         +|   0|  0|   12|           5|           1|
    |j_10_fu_1756_p2             |         +|   0|  0|   32|          32|           1|
    |start_index_1_fu_1845_p2    |         +|   0|  0|   39|          32|           2|
    |start_index_2_fu_1737_p2    |         +|   0|  0|   39|          32|           1|
    |grp_fu_868_p0               |         -|   0|  0|   71|          64|          64|
    |grp_fu_885_p0               |         -|   0|  0|   71|          64|          64|
    |j_3_fu_1929_p2              |         -|   0|  0|   39|          32|          32|
    |result_V_15_fu_1234_p2      |         -|   0|  0|   71|           1|          64|
    |sub_ln1117_fu_1055_p2       |         -|   0|  0|   32|          64|          64|
    |sub_ln1151_fu_2891_p2       |         -|   0|  0|   41|          34|          34|
    |sub_ln1155_1_fu_3058_p2     |         -|   0|  0|   32|          10|          10|
    |sub_ln1155_fu_3171_p2       |         -|   0|  0|   32|          64|          64|
    |sub_ln1163_fu_1923_p2       |         -|   0|  0|   40|          33|          33|
    |sub_ln1167_1_fu_2675_p2     |         -|   0|  0|   32|          10|          10|
    |sub_ln1167_fu_2830_p2       |         -|   0|  0|   32|          64|          64|
    |sub_ln1190_fu_1751_p2       |         -|   0|  0|   32|          32|          32|
    |sub_ln1192_fu_1821_p2       |         -|   0|  0|   40|          33|          33|
    |sub_ln1196_1_fu_2391_p2     |         -|   0|  0|   32|          10|          10|
    |sub_ln1196_fu_2546_p2       |         -|   0|  0|   32|          64|          64|
    |sub_ln1204_1_fu_1940_p2     |         -|   0|  0|   32|           1|          32|
    |sub_ln1204_fu_1975_p2       |         -|   0|  0|   41|          34|          34|
    |sub_ln1208_1_fu_2142_p2     |         -|   0|  0|   32|          10|          10|
    |sub_ln1208_fu_2255_p2       |         -|   0|  0|   32|          64|          64|
    |sub_ln1247_fu_1265_p2       |         -|   0|  0|   71|          64|          64|
    |sub_ln1311_4_fu_1505_p2     |         -|   0|  0|   18|          10|          11|
    |sub_ln1311_5_fu_1624_p2     |         -|   0|  0|   18|          10|          11|
    |sub_ln1311_fu_1166_p2       |         -|   0|  0|   15|           7|           8|
    |sub_ln13_fu_3264_p2         |         -|   0|  0|   15|           8|           8|
    |sub_ln54_10_fu_2971_p2      |         -|   0|  0|   71|          64|          64|
    |sub_ln54_11_fu_2614_p2      |         -|   0|  0|   46|          39|          39|
    |sub_ln54_12_fu_2330_p2      |         -|   0|  0|   46|          39|          39|
    |sub_ln54_13_fu_2055_p2      |         -|   0|  0|   71|          64|          64|
    |sub_ln54_14_fu_3020_p2      |         -|   0|  0|   71|          64|          64|
    |sub_ln54_15_fu_2705_p2      |         -|   0|  0|   46|          39|          39|
    |sub_ln54_16_fu_2421_p2      |         -|   0|  0|   46|          39|          39|
    |sub_ln54_17_fu_2104_p2      |         -|   0|  0|   71|          64|          64|
    |sub_ln54_5_fu_982_p2        |         -|   0|  0|   44|          37|          37|
    |sub_ln54_6_fu_2933_p2       |         -|   0|  0|   24|          17|          17|
    |sub_ln54_7_fu_1905_p2       |         -|   0|  0|   24|          17|          17|
    |sub_ln54_8_fu_1803_p2       |         -|   0|  0|   24|          17|          17|
    |sub_ln54_9_fu_2017_p2       |         -|   0|  0|   24|          17|          17|
    |sub_ln54_fu_931_p2          |         -|   0|  0|   24|          17|          17|
    |and_ln1144_fu_1839_p2       |       and|   0|  0|    2|           1|           1|
    |and_ln1175_fu_1731_p2       |       and|   0|  0|    2|           1|           1|
    |and_ln1247_1_fu_1378_p2     |       and|   0|  0|    2|           1|           1|
    |and_ln1247_fu_1372_p2       |       and|   0|  0|    2|           1|           1|
    |grp_fu_888_p2               |      icmp|   0|  0|   20|          32|           1|
    |icmp_ln1115_1_fu_953_p2     |      icmp|   0|  0|   19|          31|          31|
    |icmp_ln1115_fu_899_p2       |      icmp|   0|  0|   20|          32|           1|
    |icmp_ln1144_1_fu_1833_p2    |      icmp|   0|  0|   29|          64|           4|
    |icmp_ln1144_fu_1827_p2      |      icmp|   0|  0|   20|          32|           1|
    |icmp_ln1149_fu_1870_p2      |      icmp|   0|  0|   20|          32|          32|
    |icmp_ln1151_1_fu_2897_p2    |      icmp|   0|  0|   20|          33|          33|
    |icmp_ln1151_2_fu_2977_p2    |      icmp|   0|  0|   29|          66|          66|
    |icmp_ln1151_fu_1934_p2      |      icmp|   0|  0|   20|          32|          32|
    |icmp_ln1153_fu_2994_p2      |      icmp|   0|  0|    8|           2|           2|
    |icmp_ln1163_1_fu_2620_p2    |      icmp|   0|  0|   20|          33|          33|
    |icmp_ln1165_fu_2637_p2      |      icmp|   0|  0|    8|           2|           2|
    |icmp_ln1175_fu_1719_p2      |      icmp|   0|  0|   20|          32|          32|
    |icmp_ln1180_fu_1725_p2      |      icmp|   0|  0|   29|          64|           5|
    |icmp_ln1190_fu_1762_p2      |      icmp|   0|  0|   20|          32|          32|
    |icmp_ln1192_1_fu_2336_p2    |      icmp|   0|  0|   20|          33|          33|
    |icmp_ln1194_fu_2353_p2      |      icmp|   0|  0|    8|           2|           2|
    |icmp_ln11_fu_3226_p2        |      icmp|   0|  0|    8|           2|           2|
    |icmp_ln1204_1_fu_1981_p2    |      icmp|   0|  0|   20|          33|          33|
    |icmp_ln1204_2_fu_2061_p2    |      icmp|   0|  0|   29|          66|          66|
    |icmp_ln1204_fu_1768_p2      |      icmp|   0|  0|   20|          32|          32|
    |icmp_ln1206_fu_2078_p2      |      icmp|   0|  0|    8|           2|           2|
    |icmp_ln1224_fu_1416_p2      |      icmp|   0|  0|   20|          32|          32|
    |icmp_ln1226_fu_1572_p2      |      icmp|   0|  0|   29|          64|          64|
    |icmp_ln1232_fu_1691_p2      |      icmp|   0|  0|   29|          64|          64|
    |icmp_ln1245_fu_1254_p2      |      icmp|   0|  0|   20|          32|          32|
    |icmp_ln1247_1_fu_1346_p2    |      icmp|   0|  0|   24|          52|           1|
    |icmp_ln1247_2_fu_1352_p2    |      icmp|   0|  0|   11|          11|           2|
    |icmp_ln1247_3_fu_1358_p2    |      icmp|   0|  0|   24|          52|           1|
    |icmp_ln1247_fu_1340_p2      |      icmp|   0|  0|   11|          11|           2|
    |icmp_ln9_fu_3214_p2         |      icmp|   0|  0|   10|           6|           6|
    |lshr_ln1117_fu_1083_p2      |      lshr|   0|  0|  686|         192|         192|
    |lshr_ln1155_fu_3197_p2      |      lshr|   0|  0|  686|         192|         192|
    |lshr_ln1167_fu_2857_p2      |      lshr|   0|  0|  686|         192|         192|
    |lshr_ln1196_fu_2573_p2      |      lshr|   0|  0|  686|         192|         192|
    |lshr_ln1208_fu_2281_p2      |      lshr|   0|  0|  686|         192|         192|
    |r_V_10_fu_1530_p2           |      lshr|   0|  0|  591|         169|         169|
    |r_V_12_fu_1649_p2           |      lshr|   0|  0|  591|         169|         169|
    |r_V_fu_1192_p2              |      lshr|   0|  0|  363|         111|         111|
    |or_ln1247_1_fu_1368_p2      |        or|   0|  0|    2|           1|           1|
    |or_ln1247_fu_1364_p2        |        or|   0|  0|    2|           1|           1|
    |or_ln54_fu_937_p2           |        or|   0|  0|   17|          17|           5|
    |j_4_fu_1851_p3              |    select|   0|  0|   32|           1|          32|
    |lbVal_2_fu_1586_p3          |    select|   0|  0|   63|           1|          64|
    |p_Result_11_fu_1705_p3      |    select|   0|  0|   63|           1|          64|
    |result_V_fu_1240_p3         |    select|   0|  0|   63|           1|          64|
    |select_ln1140_1_fu_3026_p3  |    select|   0|  0|   63|           1|          64|
    |select_ln1140_2_fu_2084_p3  |    select|   0|  0|    2|           1|           1|
    |select_ln1140_3_fu_2110_p3  |    select|   0|  0|   63|           1|          64|
    |select_ln1140_fu_3000_p3    |    select|   0|  0|    2|           1|           1|
    |select_ln1151_1_fu_3034_p3  |    select|   0|  0|   63|           1|          64|
    |select_ln1151_2_fu_3064_p3  |    select|   0|  0|   63|           1|          64|
    |select_ln1151_fu_2903_p3    |    select|   0|  0|   34|           1|          34|
    |select_ln1163_1_fu_2651_p3  |    select|   0|  0|   31|           1|          31|
    |select_ln1163_2_fu_2711_p3  |    select|   0|  0|   39|           1|          39|
    |select_ln1163_3_fu_2719_p3  |    select|   0|  0|   33|           1|          33|
    |select_ln1163_fu_2643_p3    |    select|   0|  0|    2|           1|           1|
    |select_ln1175_fu_1743_p3    |    select|   0|  0|   32|           1|          32|
    |select_ln1192_1_fu_2367_p3  |    select|   0|  0|   31|           1|          31|
    |select_ln1192_2_fu_2427_p3  |    select|   0|  0|   39|           1|          39|
    |select_ln1192_3_fu_2435_p3  |    select|   0|  0|   33|           1|          33|
    |select_ln1192_fu_2359_p3    |    select|   0|  0|    2|           1|           1|
    |select_ln1204_1_fu_2118_p3  |    select|   0|  0|   63|           1|          64|
    |select_ln1204_2_fu_2148_p3  |    select|   0|  0|   63|           1|          64|
    |select_ln1204_fu_1987_p3    |    select|   0|  0|   34|           1|          34|
    |select_ln1226_fu_1578_p3    |    select|   0|  0|   32|           1|          32|
    |select_ln1232_fu_1697_p3    |    select|   0|  0|   32|           1|          32|
    |select_ln1247_1_fu_1392_p3  |    select|   0|  0|   63|           1|          64|
    |select_ln1247_2_fu_1399_p3  |    select|   0|  0|   63|           1|          64|
    |select_ln1247_fu_1384_p3    |    select|   0|  0|   32|           1|          32|
    |select_ln9_1_fu_3240_p3     |    select|   0|  0|    5|           1|           5|
    |select_ln9_fu_3232_p3       |    select|   0|  0|    2|           1|           1|
    |ush_4_fu_1514_p3            |    select|   0|  0|   12|           1|          12|
    |ush_5_fu_1633_p3            |    select|   0|  0|   12|           1|          12|
    |ush_fu_1176_p3              |    select|   0|  0|    9|           1|           9|
    |val_4_fu_1564_p3            |    select|   0|  0|   63|           1|          64|
    |val_5_fu_1683_p3            |    select|   0|  0|   63|           1|          64|
    |val_fu_1226_p3              |    select|   0|  0|   63|           1|          64|
    |r_V_11_fu_1536_p2           |       shl|   0|  0|  591|         169|         169|
    |r_V_13_fu_1655_p2           |       shl|   0|  0|  591|         169|         169|
    |r_V_9_fu_1198_p2            |       shl|   0|  0|  363|         111|         111|
    |ap_enable_pp0               |       xor|   0|  0|    2|           1|           2|
    |ap_enable_pp1               |       xor|   0|  0|    2|           1|           2|
    |ap_enable_pp2               |       xor|   0|  0|    2|           1|           2|
    |ap_enable_pp3               |       xor|   0|  0|    2|           1|           2|
    |ap_enable_pp4               |       xor|   0|  0|    2|           1|           2|
    |ap_enable_pp5               |       xor|   0|  0|    2|           1|           2|
    |ap_enable_pp6               |       xor|   0|  0|    2|           1|           2|
    |ap_enable_pp7               |       xor|   0|  0|    2|           1|           2|
    |ap_enable_reg_pp0_iter1     |       xor|   0|  0|    2|           2|           1|
    |ap_enable_reg_pp2_iter1     |       xor|   0|  0|    2|           2|           1|
    |ap_enable_reg_pp3_iter1     |       xor|   0|  0|    2|           2|           1|
    |ap_enable_reg_pp4_iter1     |       xor|   0|  0|    2|           2|           1|
    |ap_enable_reg_pp5_iter1     |       xor|   0|  0|    2|           2|           1|
    |ap_enable_reg_pp6_iter1     |       xor|   0|  0|    2|           2|           1|
    |ap_enable_reg_pp7_iter1     |       xor|   0|  0|    2|           2|           1|
    +----------------------------+----------+----+---+-----+------------+------------+
    |Total                       |          |   0|  0|12041|        6028|        6191|
    +----------------------------+----------+----+---+-----+------------+------------+

    * Multiplexer: 
    +----------------------------------------+-----+-----------+-----+-----------+
    |                  Name                  | LUT | Input Size| Bits| Total Bits|
    +----------------------------------------+-----+-----------+-----+-----------+
    |GDarray_address0                        |   31|          6|   11|         66|
    |ap_NS_fsm                               |  162|         36|    1|         36|
    |ap_enable_reg_pp0_iter1                 |    9|          2|    1|          2|
    |ap_enable_reg_pp0_iter2                 |    9|          2|    1|          2|
    |ap_enable_reg_pp1_iter1                 |    9|          2|    1|          2|
    |ap_enable_reg_pp2_iter1                 |    9|          2|    1|          2|
    |ap_enable_reg_pp2_iter3                 |    9|          2|    1|          2|
    |ap_enable_reg_pp3_iter1                 |    9|          2|    1|          2|
    |ap_enable_reg_pp3_iter2                 |    9|          2|    1|          2|
    |ap_enable_reg_pp4_iter1                 |    9|          2|    1|          2|
    |ap_enable_reg_pp4_iter2                 |    9|          2|    1|          2|
    |ap_enable_reg_pp5_iter1                 |    9|          2|    1|          2|
    |ap_enable_reg_pp5_iter2                 |    9|          2|    1|          2|
    |ap_enable_reg_pp6_iter1                 |    9|          2|    1|          2|
    |ap_enable_reg_pp6_iter2                 |    9|          2|    1|          2|
    |ap_enable_reg_pp7_iter1                 |   14|          3|    1|          3|
    |ap_phi_mux_i_10_phi_fu_837_p4           |    9|          2|    5|         10|
    |ap_phi_mux_j_1_phi_fu_574_p4            |    9|          2|   32|         64|
    |ap_phi_mux_j_2_phi_fu_622_p4            |    9|          2|   32|         64|
    |ap_phi_mux_row_list_size_phi_fu_526_p4  |    9|          2|   31|         62|
    |ap_phi_mux_temp_size_1_phi_fu_753_p4    |    9|          2|   31|         62|
    |ap_phi_mux_temp_size_2_phi_fu_711_p4    |    9|          2|   31|         62|
    |ap_phi_mux_temp_size_3_phi_fu_669_p4    |    9|          2|   64|        128|
    |ap_phi_mux_temp_size_phi_fu_795_p4      |    9|          2|   64|        128|
    |grp_fu_881_p0                           |   20|          4|   64|        256|
    |i_10_reg_833                            |    9|          2|    5|         10|
    |indvar_flatten15_reg_696                |    9|          2|   33|         66|
    |indvar_flatten23_reg_654                |    9|          2|   66|        132|
    |indvar_flatten31_reg_822                |    9|          2|    6|         12|
    |indvar_flatten7_reg_738                 |    9|          2|   33|         66|
    |indvar_flatten_reg_780                  |    9|          2|   66|        132|
    |j_1_reg_570                             |    9|          2|   32|         64|
    |j_2_reg_618                             |    9|          2|   32|         64|
    |j_5_reg_802                             |    9|          2|   64|        128|
    |j_6_reg_760                             |    9|          2|   33|         66|
    |j_7_reg_718                             |    9|          2|   33|         66|
    |j_8_reg_676                             |    9|          2|   64|        128|
    |j_9_reg_594                             |    9|          2|   32|         64|
    |lbVal_reg_642                           |    9|          2|   64|        128|
    |p_x_assign_7_reg_582                    |    9|          2|   64|        128|
    |rbVal_reg_630                           |    9|          2|   64|        128|
    |right_bound_reg_606                     |    9|          2|   32|         64|
    |row_list_address0                       |   20|          4|    8|         32|
    |row_list_size_assign_reg_534            |    9|          2|   32|         64|
    |row_list_size_reg_522                   |    9|          2|   31|         62|
    |start_index_reg_546                     |    9|          2|   32|         64|
    |start_value_reg_558                     |    9|          2|   64|        128|
    |temp_address0                           |   31|          6|   10|         60|
    |temp_d0                                 |   26|          5|   64|        320|
    |temp_size_1_reg_749                     |    9|          2|   31|         62|
    |temp_size_2_reg_707                     |    9|          2|   31|         62|
    |temp_size_3_reg_665                     |    9|          2|   64|        128|
    |temp_size_reg_791                       |    9|          2|   64|        128|
    |z_1_reg_811                             |    9|          2|    2|          4|
    |z_2_reg_769                             |    9|          2|    2|          4|
    |z_3_reg_727                             |    9|          2|    2|          4|
    |z_4_reg_685                             |    9|          2|    2|          4|
    |z_reg_844                               |    9|          2|    2|          4|
    +----------------------------------------+-----+-----------+-----+-----------+
    |Total                                   |  763|        166| 1544|       3543|
    +----------------------------------------+-----+-----------+-----+-----------+

    * Register: 
    +--------------------------------------+----+----+-----+-----------+
    |                 Name                 | FF | LUT| Bits| Const Bits|
    +--------------------------------------+----+----+-----+-----------+
    |GDn_points_load_reg_3377              |  32|   0|   32|          0|
    |add_ln1117_1_reg_3396                 |  31|   0|   31|          0|
    |add_ln1117_reg_3415                   |  61|   0|   64|          3|
    |add_ln1155_1_reg_3871                 |  10|   0|   10|          0|
    |add_ln1155_1_reg_3871_pp6_iter1_reg   |  10|   0|   10|          0|
    |add_ln1155_reg_3892                   |  61|   0|   64|          3|
    |add_ln1167_1_reg_3812                 |  10|   0|   10|          0|
    |add_ln1167_1_reg_3812_pp5_iter1_reg   |  10|   0|   10|          0|
    |add_ln1167_reg_3832                   |  61|   0|   64|          3|
    |add_ln1196_1_reg_3768                 |  10|   0|   10|          0|
    |add_ln1196_1_reg_3768_pp4_iter1_reg   |  10|   0|   10|          0|
    |add_ln1196_reg_3788                   |  61|   0|   64|          3|
    |add_ln1208_1_reg_3714                 |  10|   0|   10|          0|
    |add_ln1208_1_reg_3714_pp3_iter1_reg   |  10|   0|   10|          0|
    |add_ln1208_reg_3735                   |  61|   0|   64|          3|
    |add_ln1215_reg_3740                   |  32|   0|   32|          0|
    |add_ln1224_reg_3547                   |  32|   0|   32|          0|
    |add_ln1245_reg_3465                   |  32|   0|   32|          0|
    |add_ln54_4_reg_3876                   |  61|   0|   64|          3|
    |add_ln54_5_reg_3817                   |  36|   0|   39|          3|
    |add_ln54_6_reg_3773                   |  36|   0|   39|          3|
    |add_ln54_7_reg_3719                   |  61|   0|   64|          3|
    |add_ln54_reg_3405                     |  35|   0|   38|          3|
    |ap_CS_fsm                             |  35|   0|   35|          0|
    |ap_enable_reg_pp0_iter0               |   1|   0|    1|          0|
    |ap_enable_reg_pp0_iter1               |   1|   0|    1|          0|
    |ap_enable_reg_pp0_iter2               |   1|   0|    1|          0|
    |ap_enable_reg_pp1_iter0               |   1|   0|    1|          0|
    |ap_enable_reg_pp1_iter1               |   1|   0|    1|          0|
    |ap_enable_reg_pp2_iter0               |   1|   0|    1|          0|
    |ap_enable_reg_pp2_iter1               |   1|   0|    1|          0|
    |ap_enable_reg_pp2_iter2               |   1|   0|    1|          0|
    |ap_enable_reg_pp2_iter3               |   1|   0|    1|          0|
    |ap_enable_reg_pp3_iter0               |   1|   0|    1|          0|
    |ap_enable_reg_pp3_iter1               |   1|   0|    1|          0|
    |ap_enable_reg_pp3_iter2               |   1|   0|    1|          0|
    |ap_enable_reg_pp4_iter0               |   1|   0|    1|          0|
    |ap_enable_reg_pp4_iter1               |   1|   0|    1|          0|
    |ap_enable_reg_pp4_iter2               |   1|   0|    1|          0|
    |ap_enable_reg_pp5_iter0               |   1|   0|    1|          0|
    |ap_enable_reg_pp5_iter1               |   1|   0|    1|          0|
    |ap_enable_reg_pp5_iter2               |   1|   0|    1|          0|
    |ap_enable_reg_pp6_iter0               |   1|   0|    1|          0|
    |ap_enable_reg_pp6_iter1               |   1|   0|    1|          0|
    |ap_enable_reg_pp6_iter2               |   1|   0|    1|          0|
    |ap_enable_reg_pp7_iter0               |   1|   0|    1|          0|
    |ap_enable_reg_pp7_iter1               |   1|   0|    1|          0|
    |conv6_reg_3440                        |  32|   0|   32|          0|
    |conv9_reg_3430                        |  32|   0|   32|          0|
    |conv_reg_3435                         |  32|   0|   32|          0|
    |dc_9_reg_3486                         |  64|   0|   64|          0|
    |dc_reg_3455                           |  32|   0|   32|          0|
    |div_reg_3445                          |  32|   0|   32|          0|
    |i_10_reg_833                          |   5|   0|    5|          0|
    |icmp_ln1115_1_reg_3401                |   1|   0|    1|          0|
    |icmp_ln1115_1_reg_3401_pp0_iter1_reg  |   1|   0|    1|          0|
    |icmp_ln1115_reg_3382                  |   1|   0|    1|          0|
    |icmp_ln1151_2_reg_3857                |   1|   0|    1|          0|
    |icmp_ln1151_2_reg_3857_pp6_iter1_reg  |   1|   0|    1|          0|
    |icmp_ln1163_1_reg_3798                |   1|   0|    1|          0|
    |icmp_ln1163_1_reg_3798_pp5_iter1_reg  |   1|   0|    1|          0|
    |icmp_ln1192_1_reg_3754                |   1|   0|    1|          0|
    |icmp_ln1192_1_reg_3754_pp4_iter1_reg  |   1|   0|    1|          0|
    |icmp_ln1204_2_reg_3700                |   1|   0|    1|          0|
    |icmp_ln1204_2_reg_3700_pp3_iter1_reg  |   1|   0|    1|          0|
    |icmp_ln1224_reg_3552                  |   1|   0|    1|          0|
    |icmp_ln1245_reg_3470                  |   1|   0|    1|          0|
    |icmp_ln1245_reg_3470_pp1_iter1_reg    |   1|   0|    1|          0|
    |icmp_ln1247_1_reg_3506                |   1|   0|    1|          0|
    |icmp_ln1247_2_reg_3511                |   1|   0|    1|          0|
    |icmp_ln1247_3_reg_3516                |   1|   0|    1|          0|
    |icmp_ln1247_reg_3501                  |   1|   0|    1|          0|
    |icmp_ln9_reg_3902                     |   1|   0|    1|          0|
    |indvar_flatten15_reg_696              |  33|   0|   33|          0|
    |indvar_flatten23_reg_654              |  66|   0|   66|          0|
    |indvar_flatten31_reg_822              |   6|   0|    6|          0|
    |indvar_flatten7_reg_738               |  33|   0|   33|          0|
    |indvar_flatten_reg_780                |  66|   0|   66|          0|
    |init_patch1_addr_reg_3921             |   6|   0|    6|          0|
    |init_patch2_addr_reg_3926             |   6|   0|    6|          0|
    |init_patch3_addr_reg_3931             |   6|   0|    6|          0|
    |init_patch4_addr_reg_3936             |   6|   0|    6|          0|
    |init_patch_addr_reg_3916              |   6|   0|    6|          0|
    |j_1_reg_570                           |  32|   0|   32|          0|
    |j_1_reg_570_pp1_iter1_reg             |  32|   0|   32|          0|
    |j_2_reg_618                           |  32|   0|   32|          0|
    |j_3_reg_3669                          |  32|   0|   32|          0|
    |j_5_reg_802                           |  64|   0|   64|          0|
    |j_6_reg_760                           |  33|   0|   33|          0|
    |j_7_reg_718                           |  33|   0|   33|          0|
    |j_8_reg_676                           |  64|   0|   64|          0|
    |j_9_reg_594                           |  32|   0|   32|          0|
    |lbVal_reg_642                         |  64|   0|   64|          0|
    |mul_ln1151_reg_3847                   |  66|   0|   66|          0|
    |mul_ln1204_reg_3690                   |  66|   0|   66|          0|
    |mul_reg_3450                          |  32|   0|   32|          0|
    |p_x_assign_7_reg_582                  |  64|   0|   64|          0|
    |rbVal_reg_630                         |  64|   0|   64|          0|
    |result_V_reg_3460                     |  64|   0|   64|          0|
    |right_bound_reg_606                   |  32|   0|   32|          0|
    |row_list_size_assign_reg_534          |  32|   0|   32|          0|
    |row_list_size_reg_522                 |  31|   0|   31|          0|
    |row_list_size_reg_522_pp0_iter1_reg   |  31|   0|   31|          0|
    |select_ln1151_1_reg_3861              |  64|   0|   64|          0|
    |select_ln1163_1_reg_3802              |  31|   0|   31|          0|
    |select_ln1175_reg_3613                |  32|   0|   32|          0|
    |select_ln1192_1_reg_3758              |  31|   0|   31|          0|
    |select_ln1204_1_reg_3704              |  64|   0|   64|          0|
    |select_ln9_1_reg_3906                 |   5|   0|    5|          0|
    |sext_ln1115_reg_3391                  |  27|   0|   38|         11|
    |start_index_reg_546                   |  32|   0|   32|          0|
    |start_value_reg_558                   |  64|   0|   64|          0|
    |sub_ln1163_reg_3664                   |  33|   0|   33|          0|
    |sub_ln1192_reg_3641                   |  33|   0|   33|          0|
    |sub_ln1247_reg_3479                   |  64|   0|   64|          0|
    |sub_ln54_6_reg_3842                   |   6|   0|   17|         11|
    |sub_ln54_7_reg_3659                   |   6|   0|   17|         11|
    |sub_ln54_8_reg_3636                   |   6|   0|   17|         11|
    |sub_ln54_9_reg_3685                   |   6|   0|   17|         11|
    |temp_size_1_reg_749                   |  31|   0|   31|          0|
    |temp_size_2_reg_707                   |  31|   0|   31|          0|
    |temp_size_3_reg_665                   |  64|   0|   64|          0|
    |temp_size_reg_791                     |  64|   0|   64|          0|
    |tmp_164_reg_3571                      |  11|   0|   11|          0|
    |tmp_165_reg_3577                      |  52|   0|   52|          0|
    |tmp_166_reg_3582                      |  11|   0|   11|          0|
    |tmp_167_reg_3588                      |  52|   0|   52|          0|
    |trunc_ln13_reg_3745                   |   3|   0|    3|          0|
    |trunc_ln54_reg_3386                   |  31|   0|   31|          0|
    |y_reg_3372                            |  25|   0|   25|          0|
    |z_1_reg_811                           |   2|   0|    2|          0|
    |z_2_reg_769                           |   2|   0|    2|          0|
    |z_3_reg_727                           |   2|   0|    2|          0|
    |z_4_reg_685                           |   2|   0|    2|          0|
    |z_reg_844                             |   2|   0|    2|          0|
    |zext_ln1111_reg_3324                  |   3|   0|   64|         61|
    |zext_ln1224_reg_3541                  |  26|   0|   64|         38|
    |icmp_ln1224_reg_3552                  |  64|  32|    1|          0|
    |j_2_reg_618                           |  64|  32|   32|          0|
    +--------------------------------------+----+----+-----+-----------+
    |Total                                 |3259|  64| 3348|        184|
    +--------------------------------------+----+----+-----+-----------+



================================================================
== Interface
================================================================
* Summary: 
+----------------------+-----+-----+------------+------------------------------+--------------+
|       RTL Ports      | Dir | Bits|  Protocol  |         Source Object        |    C Type    |
+----------------------+-----+-----+------------+------------------------------+--------------+
|ap_clk                |   in|    1|  ap_ctrl_hs|  makeSuperPoint_alignedToLine|  return value|
|ap_rst                |   in|    1|  ap_ctrl_hs|  makeSuperPoint_alignedToLine|  return value|
|ap_start              |   in|    1|  ap_ctrl_hs|  makeSuperPoint_alignedToLine|  return value|
|ap_done               |  out|    1|  ap_ctrl_hs|  makeSuperPoint_alignedToLine|  return value|
|ap_idle               |  out|    1|  ap_ctrl_hs|  makeSuperPoint_alignedToLine|  return value|
|ap_ready              |  out|    1|  ap_ctrl_hs|  makeSuperPoint_alignedToLine|  return value|
|ap_return_0           |  out|   32|  ap_ctrl_hs|  makeSuperPoint_alignedToLine|  return value|
|ap_return_1           |  out|   32|  ap_ctrl_hs|  makeSuperPoint_alignedToLine|  return value|
|GDarray_address0      |  out|   11|   ap_memory|                       GDarray|         array|
|GDarray_ce0           |  out|    1|   ap_memory|                       GDarray|         array|
|GDarray_q0            |   in|  192|   ap_memory|                       GDarray|         array|
|GDn_points_address0   |  out|    3|   ap_memory|                    GDn_points|         array|
|GDn_points_ce0        |  out|    1|   ap_memory|                    GDn_points|         array|
|GDn_points_q0         |   in|   32|   ap_memory|                    GDn_points|         array|
|i                     |   in|    3|     ap_none|                             i|        scalar|
|z_top                 |   in|   64|     ap_none|                         z_top|        scalar|
|apexZ0                |   in|   64|     ap_none|                        apexZ0|        scalar|
|original_ppl          |   in|   32|     ap_none|                  original_ppl|        scalar|
|leftRight_offset      |   in|    1|     ap_none|              leftRight_offset|        scalar|
|init_patch_address0   |  out|    6|   ap_memory|                    init_patch|         array|
|init_patch_ce0        |  out|    1|   ap_memory|                    init_patch|         array|
|init_patch_we0        |  out|    1|   ap_memory|                    init_patch|         array|
|init_patch_d0         |  out|   64|   ap_memory|                    init_patch|         array|
|init_patch1_address0  |  out|    6|   ap_memory|                   init_patch1|         array|
|init_patch1_ce0       |  out|    1|   ap_memory|                   init_patch1|         array|
|init_patch1_we0       |  out|    1|   ap_memory|                   init_patch1|         array|
|init_patch1_d0        |  out|   64|   ap_memory|                   init_patch1|         array|
|init_patch2_address0  |  out|    6|   ap_memory|                   init_patch2|         array|
|init_patch2_ce0       |  out|    1|   ap_memory|                   init_patch2|         array|
|init_patch2_we0       |  out|    1|   ap_memory|                   init_patch2|         array|
|init_patch2_d0        |  out|   64|   ap_memory|                   init_patch2|         array|
|init_patch3_address0  |  out|    6|   ap_memory|                   init_patch3|         array|
|init_patch3_ce0       |  out|    1|   ap_memory|                   init_patch3|         array|
|init_patch3_we0       |  out|    1|   ap_memory|                   init_patch3|         array|
|init_patch3_d0        |  out|   64|   ap_memory|                   init_patch3|         array|
|init_patch4_address0  |  out|    6|   ap_memory|                   init_patch4|         array|
|init_patch4_ce0       |  out|    1|   ap_memory|                   init_patch4|         array|
|init_patch4_we0       |  out|    1|   ap_memory|                   init_patch4|         array|
|init_patch4_d0        |  out|   64|   ap_memory|                   init_patch4|         array|
|p_read1               |   in|   32|     ap_none|                       p_read1|        scalar|
|temp_address0         |  out|   10|   ap_memory|                          temp|         array|
|temp_ce0              |  out|    1|   ap_memory|                          temp|         array|
|temp_we0              |  out|    1|   ap_memory|                          temp|         array|
|temp_d0               |  out|   64|   ap_memory|                          temp|         array|
|temp_q0               |   in|   64|   ap_memory|                          temp|         array|
+----------------------+-----+-----+------------+------------------------------+--------------+

