

================================================================
== Vitis HLS Report for 'makePatches_ShadowQuilt_fromEdges'
================================================================
* Date:           Thu Jul 11 15:47:34 2024

* Version:        2020.2 (Build 3064766 on Wed Nov 18 09:12:45 MST 2020)
* Project:        PatchMaker_tanishGit
* Solution:       solution1 (Vivado IP Flow Target)
* Product family: virtexuplus
* Target device:  xcvu19p-fsvb3824-2-e


================================================================
== Performance Estimates
================================================================
+ Timing: 
    * Summary: 
    +--------+----------+----------+------------+
    |  Clock |  Target  | Estimated| Uncertainty|
    +--------+----------+----------+------------+
    |ap_clk  |  10.00 ns|  7.300 ns|     2.70 ns|
    +--------+----------+----------+------------+

+ Latency: 
    * Summary: 
    +---------+---------+----------+----------+-----+-----+---------+
    |  Latency (cycles) |  Latency (absolute) |  Interval | Pipeline|
    |   min   |   max   |    min   |    max   | min | max |   Type  |
    +---------+---------+----------+----------+-----+-----+---------+
    |        ?|        ?|         ?|         ?|    ?|    ?|     none|
    +---------+---------+----------+----------+-----+-----+---------+

    + Detail: 
        * Instance: 
        +-------------------------------+--------------------+---------+---------+----------+----------+-----+-----+---------+
        |                               |                    |  Latency (cycles) |  Latency (absolute) |  Interval | Pipeline|
        |            Instance           |       Module       |   min   |   max   |    min   |    max   | min | max |   Type  |
        +-------------------------------+--------------------+---------+---------+----------+----------+-----+-----+---------+
        |grp_solveNextPatchPair_fu_293  |solveNextPatchPair  |        ?|        ?|         ?|         ?|    ?|    ?|     none|
        +-------------------------------+--------------------+---------+---------+----------+----------+-----+-----+---------+

        * Loop: 
        +-------------------------+---------+---------+----------+-----------+-----------+------+----------+
        |                         |  Latency (cycles) | Iteration|  Initiation Interval  | Trip |          |
        |        Loop Name        |   min   |   max   |  Latency |  achieved |   target  | Count| Pipelined|
        +-------------------------+---------+---------+----------+-----------+-----------+------+----------+
        |- shadowQuilt_loop       |        ?|        ?|         ?|          -|          -|     ?|        no|
        | + solveNextColumn_loop  |        ?|        ?|         ?|          -|          -|     ?|        no|
        +-------------------------+---------+---------+----------+-----------+-----------+------+----------+



================================================================
== Utilization Estimates
================================================================
* Summary: 
+---------------------+---------+------+---------+---------+-----+
|         Name        | BRAM_18K|  DSP |    FF   |   LUT   | URAM|
+---------------------+---------+------+---------+---------+-----+
|DSP                  |        -|     -|        -|        -|    -|
|Expression           |        -|     -|        0|     1257|    -|
|FIFO                 |        -|     -|        -|        -|    -|
|Instance             |       92|   319|    53635|   177279|    -|
|Memory               |        -|     -|        -|        -|    -|
|Multiplexer          |        -|     -|        -|      148|    -|
|Register             |        -|     -|      428|        -|    -|
+---------------------+---------+------+---------+---------+-----+
|Total                |       92|   319|    54063|   178684|    0|
+---------------------+---------+------+---------+---------+-----+
|Available SLR        |     1080|   960|  2042880|  1021440|   80|
+---------------------+---------+------+---------+---------+-----+
|Utilization SLR (%)  |        8|    33|        2|       17|    0|
+---------------------+---------+------+---------+---------+-----+
|Available            |     4320|  3840|  8171520|  4085760|  320|
+---------------------+---------+------+---------+---------+-----+
|Utilization (%)      |        2|     8|       ~0|        4|    0|
+---------------------+---------+------+---------+---------+-----+

+ Detail: 
    * Instance: 
    +------------------------------------+-------------------------------+---------+-----+-------+--------+-----+
    |              Instance              |             Module            | BRAM_18K| DSP |   FF  |   LUT  | URAM|
    +------------------------------------+-------------------------------+---------+-----+-------+--------+-----+
    |fmul_32ns_32ns_32_2_max_dsp_1_U667  |fmul_32ns_32ns_32_2_max_dsp_1  |        0|    3|    128|      77|    0|
    |sitofp_64ns_32_2_no_dsp_1_U668      |sitofp_64ns_32_2_no_dsp_1      |        0|    0|      0|       0|    0|
    |grp_solveNextPatchPair_fu_293       |solveNextPatchPair             |       92|  316|  53507|  177202|    0|
    +------------------------------------+-------------------------------+---------+-----+-------+--------+-----+
    |Total                               |                               |       92|  319|  53635|  177279|    0|
    +------------------------------------+-------------------------------+---------+-----+-------+--------+-----+

    * DSP: 
    N/A

    * Memory: 
    N/A

    * FIFO: 
    N/A

    * Expression: 
    +------------------------+----------+----+---+-----+------------+------------+
    |      Variable Name     | Operation| DSP| FF| LUT | Bitwidth P0| Bitwidth P1|
    +------------------------+----------+----+---+-----+------------+------------+
    |add_ln147_fu_579_p2     |         +|   0|  0|   71|          64|          26|
    |add_ln341_fu_483_p2     |         +|   0|  0|   16|           9|           8|
    |result_V_17_fu_565_p2   |         -|   0|  0|   71|           1|          64|
    |sub_ln1311_fu_497_p2    |         -|   0|  0|   15|           7|           8|
    |and_ln506_1_fu_612_p2   |       and|   0|  0|    2|           1|           1|
    |and_ln506_fu_606_p2     |       and|   0|  0|    2|           1|           1|
    |icmp_ln463_fu_428_p2    |      icmp|   0|  0|   29|          64|          26|
    |icmp_ln480_fu_434_p2    |      icmp|   0|  0|   20|          32|           1|
    |icmp_ln482_fu_585_p2    |      icmp|   0|  0|   29|          64|          26|
    |icmp_ln491_1_fu_652_p2  |      icmp|   0|  0|   29|          64|          24|
    |icmp_ln491_fu_646_p2    |      icmp|   0|  0|   29|          64|          27|
    |icmp_ln506_fu_600_p2    |      icmp|   0|  0|   20|          32|          27|
    |r_V_fu_523_p2           |      lshr|   0|  0|  363|         111|         111|
    |result_V_fu_571_p3      |    select|   0|  0|   63|           1|          64|
    |ush_fu_507_p3           |    select|   0|  0|    9|           1|           9|
    |val_fu_557_p3           |    select|   0|  0|   63|           1|          64|
    |z_top_max_fu_591_p3     |    select|   0|  0|   63|           1|          26|
    |r_V_14_fu_529_p2        |       shl|   0|  0|  363|         111|         111|
    +------------------------+----------+----+---+-----+------------+------------+
    |Total                   |          |   0|  0| 1257|         629|         624|
    +------------------------+----------+----+---+-----+------------+------------+

    * Multiplexer: 
    +------------------------------------------+----+-----------+-----+-----------+
    |                   Name                   | LUT| Input Size| Bits| Total Bits|
    +------------------------------------------+----+-----------+-----+-----------+
    |ap_NS_fsm                                 |  49|          9|    1|          9|
    |ap_phi_mux_z_top_max_19_ph_phi_fu_216_p4  |   9|          2|   64|        128|
    |complementary_apexZ0_0_reg_269            |   9|          2|   64|        128|
    |nPatchesInColumn_assign_reg_235           |   9|          2|   32|         64|
    |n_patches_o                               |   9|          2|   32|         64|
    |n_patches_o_ap_vld                        |   9|          2|    1|          2|
    |phi_ln506_1_reg_258                       |   9|          2|    1|          2|
    |phi_ln506_reg_224                         |   9|          2|    1|          2|
    |saved_apexZ0_fu_196                       |   9|          2|   64|        128|
    |z_top_max_19_ph_reg_212                   |   9|          2|   64|        128|
    |z_top_max_19_reg_247                      |   9|          2|   64|        128|
    |z_top_min_0_reg_281                       |   9|          2|   64|        128|
    +------------------------------------------+----+-----------+-----+-----------+
    |Total                                     | 148|         31|  452|        911|
    +------------------------------------------+----+-----------+-----+-----------+

    * Register: 
    +--------------------------------------------+----+----+-----+-----------+
    |                    Name                    | FF | LUT| Bits| Const Bits|
    +--------------------------------------------+----+----+-----+-----------+
    |ap_CS_fsm                                   |   8|   0|    8|          0|
    |complementary_apexZ0_0_reg_269              |  64|   0|   64|          0|
    |conv2_i_reg_685                             |  32|   0|   32|          0|
    |dc_reg_690                                  |  32|   0|   32|          0|
    |grp_solveNextPatchPair_fu_293_ap_start_reg  |   1|   0|    1|          0|
    |icmp_ln480_reg_681                          |   1|   0|    1|          0|
    |nPatchesInColumn_assign_reg_235             |  32|   0|   32|          0|
    |phi_ln506_1_reg_258                         |   1|   0|    1|          0|
    |phi_ln506_reg_224                           |   1|   0|    1|          0|
    |saved_apexZ0_fu_196                         |  64|   0|   64|          0|
    |z_top_max_19_ph_reg_212                     |  64|   0|   64|          0|
    |z_top_max_19_reg_247                        |  64|   0|   64|          0|
    |z_top_min_0_reg_281                         |  64|   0|   64|          0|
    +--------------------------------------------+----+----+-----+-----------+
    |Total                                       | 428|   0|  428|          0|
    +--------------------------------------------+----+----+-----+-----------+



================================================================
== Interface
================================================================
* Summary: 
+---------------------------------+-----+-----+------------+-----------------------------------+--------------+
|            RTL Ports            | Dir | Bits|  Protocol  |           Source Object           |    C Type    |
+---------------------------------+-----+-----+------------+-----------------------------------+--------------+
|ap_clk                           |   in|    1|  ap_ctrl_hs|  makePatches_ShadowQuilt_fromEdges|  return value|
|ap_rst                           |   in|    1|  ap_ctrl_hs|  makePatches_ShadowQuilt_fromEdges|  return value|
|ap_start                         |   in|    1|  ap_ctrl_hs|  makePatches_ShadowQuilt_fromEdges|  return value|
|ap_done                          |  out|    1|  ap_ctrl_hs|  makePatches_ShadowQuilt_fromEdges|  return value|
|ap_idle                          |  out|    1|  ap_ctrl_hs|  makePatches_ShadowQuilt_fromEdges|  return value|
|ap_ready                         |  out|    1|  ap_ctrl_hs|  makePatches_ShadowQuilt_fromEdges|  return value|
|apexZ0                           |   in|   64|     ap_none|                             apexZ0|        scalar|
|stop                             |   in|   32|     ap_none|                               stop|        scalar|
|ppl                              |   in|   32|     ap_none|                                ppl|        scalar|
|leftRight                        |   in|    1|     ap_none|                          leftRight|        scalar|
|n_patches_i                      |   in|   32|     ap_ovld|                          n_patches|       pointer|
|n_patches_o                      |  out|   32|     ap_ovld|                          n_patches|       pointer|
|n_patches_o_ap_vld               |  out|    1|     ap_ovld|                          n_patches|       pointer|
|GDarray_address0                 |  out|   11|   ap_memory|                            GDarray|         array|
|GDarray_ce0                      |  out|    1|   ap_memory|                            GDarray|         array|
|GDarray_q0                       |   in|  192|   ap_memory|                            GDarray|         array|
|GDn_points_address0              |  out|    3|   ap_memory|                         GDn_points|         array|
|GDn_points_ce0                   |  out|    1|   ap_memory|                         GDn_points|         array|
|GDn_points_q0                    |   in|   32|   ap_memory|                         GDn_points|         array|
|patches_superpoints_0_address0   |  out|   10|   ap_memory|              patches_superpoints_0|         array|
|patches_superpoints_0_ce0        |  out|    1|   ap_memory|              patches_superpoints_0|         array|
|patches_superpoints_0_we0        |  out|    1|   ap_memory|              patches_superpoints_0|         array|
|patches_superpoints_0_d0         |  out|   64|   ap_memory|              patches_superpoints_0|         array|
|patches_superpoints_0_q0         |   in|   64|   ap_memory|              patches_superpoints_0|         array|
|patches_superpoints_0_address1   |  out|   10|   ap_memory|              patches_superpoints_0|         array|
|patches_superpoints_0_ce1        |  out|    1|   ap_memory|              patches_superpoints_0|         array|
|patches_superpoints_0_q1         |   in|   64|   ap_memory|              patches_superpoints_0|         array|
|patches_superpoints_1_address0   |  out|   10|   ap_memory|              patches_superpoints_1|         array|
|patches_superpoints_1_ce0        |  out|    1|   ap_memory|              patches_superpoints_1|         array|
|patches_superpoints_1_we0        |  out|    1|   ap_memory|              patches_superpoints_1|         array|
|patches_superpoints_1_d0         |  out|   64|   ap_memory|              patches_superpoints_1|         array|
|patches_superpoints_1_q0         |   in|   64|   ap_memory|              patches_superpoints_1|         array|
|patches_superpoints_1_address1   |  out|   10|   ap_memory|              patches_superpoints_1|         array|
|patches_superpoints_1_ce1        |  out|    1|   ap_memory|              patches_superpoints_1|         array|
|patches_superpoints_1_q1         |   in|   64|   ap_memory|              patches_superpoints_1|         array|
|patches_superpoints_2_address0   |  out|   10|   ap_memory|              patches_superpoints_2|         array|
|patches_superpoints_2_ce0        |  out|    1|   ap_memory|              patches_superpoints_2|         array|
|patches_superpoints_2_we0        |  out|    1|   ap_memory|              patches_superpoints_2|         array|
|patches_superpoints_2_d0         |  out|   64|   ap_memory|              patches_superpoints_2|         array|
|patches_superpoints_2_q0         |   in|   64|   ap_memory|              patches_superpoints_2|         array|
|patches_superpoints_2_address1   |  out|   10|   ap_memory|              patches_superpoints_2|         array|
|patches_superpoints_2_ce1        |  out|    1|   ap_memory|              patches_superpoints_2|         array|
|patches_superpoints_2_q1         |   in|   64|   ap_memory|              patches_superpoints_2|         array|
|patches_superpoints_3_address0   |  out|   10|   ap_memory|              patches_superpoints_3|         array|
|patches_superpoints_3_ce0        |  out|    1|   ap_memory|              patches_superpoints_3|         array|
|patches_superpoints_3_we0        |  out|    1|   ap_memory|              patches_superpoints_3|         array|
|patches_superpoints_3_d0         |  out|   64|   ap_memory|              patches_superpoints_3|         array|
|patches_superpoints_3_q0         |   in|   64|   ap_memory|              patches_superpoints_3|         array|
|patches_superpoints_3_address1   |  out|   10|   ap_memory|              patches_superpoints_3|         array|
|patches_superpoints_3_ce1        |  out|    1|   ap_memory|              patches_superpoints_3|         array|
|patches_superpoints_3_q1         |   in|   64|   ap_memory|              patches_superpoints_3|         array|
|patches_superpoints_4_address0   |  out|   10|   ap_memory|              patches_superpoints_4|         array|
|patches_superpoints_4_ce0        |  out|    1|   ap_memory|              patches_superpoints_4|         array|
|patches_superpoints_4_we0        |  out|    1|   ap_memory|              patches_superpoints_4|         array|
|patches_superpoints_4_d0         |  out|   64|   ap_memory|              patches_superpoints_4|         array|
|patches_superpoints_4_q0         |   in|   64|   ap_memory|              patches_superpoints_4|         array|
|patches_superpoints_4_address1   |  out|   10|   ap_memory|              patches_superpoints_4|         array|
|patches_superpoints_4_ce1        |  out|    1|   ap_memory|              patches_superpoints_4|         array|
|patches_superpoints_4_q1         |   in|   64|   ap_memory|              patches_superpoints_4|         array|
|patches_superpoints_5_address0   |  out|   10|   ap_memory|              patches_superpoints_5|         array|
|patches_superpoints_5_ce0        |  out|    1|   ap_memory|              patches_superpoints_5|         array|
|patches_superpoints_5_we0        |  out|    1|   ap_memory|              patches_superpoints_5|         array|
|patches_superpoints_5_d0         |  out|   64|   ap_memory|              patches_superpoints_5|         array|
|patches_superpoints_5_q0         |   in|   64|   ap_memory|              patches_superpoints_5|         array|
|patches_superpoints_5_address1   |  out|   10|   ap_memory|              patches_superpoints_5|         array|
|patches_superpoints_5_ce1        |  out|    1|   ap_memory|              patches_superpoints_5|         array|
|patches_superpoints_5_q1         |   in|   64|   ap_memory|              patches_superpoints_5|         array|
|patches_superpoints_6_address0   |  out|   10|   ap_memory|              patches_superpoints_6|         array|
|patches_superpoints_6_ce0        |  out|    1|   ap_memory|              patches_superpoints_6|         array|
|patches_superpoints_6_we0        |  out|    1|   ap_memory|              patches_superpoints_6|         array|
|patches_superpoints_6_d0         |  out|   64|   ap_memory|              patches_superpoints_6|         array|
|patches_superpoints_6_q0         |   in|   64|   ap_memory|              patches_superpoints_6|         array|
|patches_superpoints_6_address1   |  out|   10|   ap_memory|              patches_superpoints_6|         array|
|patches_superpoints_6_ce1        |  out|    1|   ap_memory|              patches_superpoints_6|         array|
|patches_superpoints_6_q1         |   in|   64|   ap_memory|              patches_superpoints_6|         array|
|patches_superpoints_7_address0   |  out|   10|   ap_memory|              patches_superpoints_7|         array|
|patches_superpoints_7_ce0        |  out|    1|   ap_memory|              patches_superpoints_7|         array|
|patches_superpoints_7_we0        |  out|    1|   ap_memory|              patches_superpoints_7|         array|
|patches_superpoints_7_d0         |  out|   64|   ap_memory|              patches_superpoints_7|         array|
|patches_superpoints_7_q0         |   in|   64|   ap_memory|              patches_superpoints_7|         array|
|patches_superpoints_7_address1   |  out|   10|   ap_memory|              patches_superpoints_7|         array|
|patches_superpoints_7_ce1        |  out|    1|   ap_memory|              patches_superpoints_7|         array|
|patches_superpoints_7_q1         |   in|   64|   ap_memory|              patches_superpoints_7|         array|
|patches_superpoints_8_address0   |  out|   10|   ap_memory|              patches_superpoints_8|         array|
|patches_superpoints_8_ce0        |  out|    1|   ap_memory|              patches_superpoints_8|         array|
|patches_superpoints_8_we0        |  out|    1|   ap_memory|              patches_superpoints_8|         array|
|patches_superpoints_8_d0         |  out|   64|   ap_memory|              patches_superpoints_8|         array|
|patches_superpoints_8_q0         |   in|   64|   ap_memory|              patches_superpoints_8|         array|
|patches_superpoints_8_address1   |  out|   10|   ap_memory|              patches_superpoints_8|         array|
|patches_superpoints_8_ce1        |  out|    1|   ap_memory|              patches_superpoints_8|         array|
|patches_superpoints_8_q1         |   in|   64|   ap_memory|              patches_superpoints_8|         array|
|patches_superpoints_9_address0   |  out|   10|   ap_memory|              patches_superpoints_9|         array|
|patches_superpoints_9_ce0        |  out|    1|   ap_memory|              patches_superpoints_9|         array|
|patches_superpoints_9_we0        |  out|    1|   ap_memory|              patches_superpoints_9|         array|
|patches_superpoints_9_d0         |  out|   64|   ap_memory|              patches_superpoints_9|         array|
|patches_superpoints_9_q0         |   in|   64|   ap_memory|              patches_superpoints_9|         array|
|patches_superpoints_9_address1   |  out|   10|   ap_memory|              patches_superpoints_9|         array|
|patches_superpoints_9_ce1        |  out|    1|   ap_memory|              patches_superpoints_9|         array|
|patches_superpoints_9_q1         |   in|   64|   ap_memory|              patches_superpoints_9|         array|
|patches_superpoints_10_address0  |  out|   10|   ap_memory|             patches_superpoints_10|         array|
|patches_superpoints_10_ce0       |  out|    1|   ap_memory|             patches_superpoints_10|         array|
|patches_superpoints_10_we0       |  out|    1|   ap_memory|             patches_superpoints_10|         array|
|patches_superpoints_10_d0        |  out|   64|   ap_memory|             patches_superpoints_10|         array|
|patches_superpoints_10_q0        |   in|   64|   ap_memory|             patches_superpoints_10|         array|
|patches_superpoints_10_address1  |  out|   10|   ap_memory|             patches_superpoints_10|         array|
|patches_superpoints_10_ce1       |  out|    1|   ap_memory|             patches_superpoints_10|         array|
|patches_superpoints_10_q1        |   in|   64|   ap_memory|             patches_superpoints_10|         array|
|patches_superpoints_11_address0  |  out|   10|   ap_memory|             patches_superpoints_11|         array|
|patches_superpoints_11_ce0       |  out|    1|   ap_memory|             patches_superpoints_11|         array|
|patches_superpoints_11_we0       |  out|    1|   ap_memory|             patches_superpoints_11|         array|
|patches_superpoints_11_d0        |  out|   64|   ap_memory|             patches_superpoints_11|         array|
|patches_superpoints_11_q0        |   in|   64|   ap_memory|             patches_superpoints_11|         array|
|patches_superpoints_11_address1  |  out|   10|   ap_memory|             patches_superpoints_11|         array|
|patches_superpoints_11_ce1       |  out|    1|   ap_memory|             patches_superpoints_11|         array|
|patches_superpoints_11_q1        |   in|   64|   ap_memory|             patches_superpoints_11|         array|
|patches_superpoints_12_address0  |  out|   10|   ap_memory|             patches_superpoints_12|         array|
|patches_superpoints_12_ce0       |  out|    1|   ap_memory|             patches_superpoints_12|         array|
|patches_superpoints_12_we0       |  out|    1|   ap_memory|             patches_superpoints_12|         array|
|patches_superpoints_12_d0        |  out|   64|   ap_memory|             patches_superpoints_12|         array|
|patches_superpoints_12_q0        |   in|   64|   ap_memory|             patches_superpoints_12|         array|
|patches_superpoints_12_address1  |  out|   10|   ap_memory|             patches_superpoints_12|         array|
|patches_superpoints_12_ce1       |  out|    1|   ap_memory|             patches_superpoints_12|         array|
|patches_superpoints_12_q1        |   in|   64|   ap_memory|             patches_superpoints_12|         array|
|patches_superpoints_13_address0  |  out|   10|   ap_memory|             patches_superpoints_13|         array|
|patches_superpoints_13_ce0       |  out|    1|   ap_memory|             patches_superpoints_13|         array|
|patches_superpoints_13_we0       |  out|    1|   ap_memory|             patches_superpoints_13|         array|
|patches_superpoints_13_d0        |  out|   64|   ap_memory|             patches_superpoints_13|         array|
|patches_superpoints_13_q0        |   in|   64|   ap_memory|             patches_superpoints_13|         array|
|patches_superpoints_13_address1  |  out|   10|   ap_memory|             patches_superpoints_13|         array|
|patches_superpoints_13_ce1       |  out|    1|   ap_memory|             patches_superpoints_13|         array|
|patches_superpoints_13_q1        |   in|   64|   ap_memory|             patches_superpoints_13|         array|
|patches_superpoints_14_address0  |  out|   10|   ap_memory|             patches_superpoints_14|         array|
|patches_superpoints_14_ce0       |  out|    1|   ap_memory|             patches_superpoints_14|         array|
|patches_superpoints_14_we0       |  out|    1|   ap_memory|             patches_superpoints_14|         array|
|patches_superpoints_14_d0        |  out|   64|   ap_memory|             patches_superpoints_14|         array|
|patches_superpoints_14_q0        |   in|   64|   ap_memory|             patches_superpoints_14|         array|
|patches_superpoints_14_address1  |  out|   10|   ap_memory|             patches_superpoints_14|         array|
|patches_superpoints_14_ce1       |  out|    1|   ap_memory|             patches_superpoints_14|         array|
|patches_superpoints_14_q1        |   in|   64|   ap_memory|             patches_superpoints_14|         array|
|patches_superpoints_15_address0  |  out|   10|   ap_memory|             patches_superpoints_15|         array|
|patches_superpoints_15_ce0       |  out|    1|   ap_memory|             patches_superpoints_15|         array|
|patches_superpoints_15_we0       |  out|    1|   ap_memory|             patches_superpoints_15|         array|
|patches_superpoints_15_d0        |  out|   64|   ap_memory|             patches_superpoints_15|         array|
|patches_superpoints_15_q0        |   in|   64|   ap_memory|             patches_superpoints_15|         array|
|patches_superpoints_15_address1  |  out|   10|   ap_memory|             patches_superpoints_15|         array|
|patches_superpoints_15_ce1       |  out|    1|   ap_memory|             patches_superpoints_15|         array|
|patches_superpoints_15_q1        |   in|   64|   ap_memory|             patches_superpoints_15|         array|
|patches_superpoints_16_address0  |  out|   10|   ap_memory|             patches_superpoints_16|         array|
|patches_superpoints_16_ce0       |  out|    1|   ap_memory|             patches_superpoints_16|         array|
|patches_superpoints_16_we0       |  out|    1|   ap_memory|             patches_superpoints_16|         array|
|patches_superpoints_16_d0        |  out|   64|   ap_memory|             patches_superpoints_16|         array|
|patches_superpoints_16_q0        |   in|   64|   ap_memory|             patches_superpoints_16|         array|
|patches_superpoints_16_address1  |  out|   10|   ap_memory|             patches_superpoints_16|         array|
|patches_superpoints_16_ce1       |  out|    1|   ap_memory|             patches_superpoints_16|         array|
|patches_superpoints_16_q1        |   in|   64|   ap_memory|             patches_superpoints_16|         array|
|patches_superpoints_17_address0  |  out|   10|   ap_memory|             patches_superpoints_17|         array|
|patches_superpoints_17_ce0       |  out|    1|   ap_memory|             patches_superpoints_17|         array|
|patches_superpoints_17_we0       |  out|    1|   ap_memory|             patches_superpoints_17|         array|
|patches_superpoints_17_d0        |  out|   64|   ap_memory|             patches_superpoints_17|         array|
|patches_superpoints_17_q0        |   in|   64|   ap_memory|             patches_superpoints_17|         array|
|patches_superpoints_17_address1  |  out|   10|   ap_memory|             patches_superpoints_17|         array|
|patches_superpoints_17_ce1       |  out|    1|   ap_memory|             patches_superpoints_17|         array|
|patches_superpoints_17_q1        |   in|   64|   ap_memory|             patches_superpoints_17|         array|
|patches_superpoints_18_address0  |  out|   10|   ap_memory|             patches_superpoints_18|         array|
|patches_superpoints_18_ce0       |  out|    1|   ap_memory|             patches_superpoints_18|         array|
|patches_superpoints_18_we0       |  out|    1|   ap_memory|             patches_superpoints_18|         array|
|patches_superpoints_18_d0        |  out|   64|   ap_memory|             patches_superpoints_18|         array|
|patches_superpoints_18_q0        |   in|   64|   ap_memory|             patches_superpoints_18|         array|
|patches_superpoints_18_address1  |  out|   10|   ap_memory|             patches_superpoints_18|         array|
|patches_superpoints_18_ce1       |  out|    1|   ap_memory|             patches_superpoints_18|         array|
|patches_superpoints_18_q1        |   in|   64|   ap_memory|             patches_superpoints_18|         array|
|patches_superpoints_19_address0  |  out|   10|   ap_memory|             patches_superpoints_19|         array|
|patches_superpoints_19_ce0       |  out|    1|   ap_memory|             patches_superpoints_19|         array|
|patches_superpoints_19_we0       |  out|    1|   ap_memory|             patches_superpoints_19|         array|
|patches_superpoints_19_d0        |  out|   64|   ap_memory|             patches_superpoints_19|         array|
|patches_superpoints_19_q0        |   in|   64|   ap_memory|             patches_superpoints_19|         array|
|patches_superpoints_19_address1  |  out|   10|   ap_memory|             patches_superpoints_19|         array|
|patches_superpoints_19_ce1       |  out|    1|   ap_memory|             patches_superpoints_19|         array|
|patches_superpoints_19_q1        |   in|   64|   ap_memory|             patches_superpoints_19|         array|
|patches_superpoints_20_address0  |  out|   10|   ap_memory|             patches_superpoints_20|         array|
|patches_superpoints_20_ce0       |  out|    1|   ap_memory|             patches_superpoints_20|         array|
|patches_superpoints_20_we0       |  out|    1|   ap_memory|             patches_superpoints_20|         array|
|patches_superpoints_20_d0        |  out|   64|   ap_memory|             patches_superpoints_20|         array|
|patches_superpoints_20_q0        |   in|   64|   ap_memory|             patches_superpoints_20|         array|
|patches_superpoints_20_address1  |  out|   10|   ap_memory|             patches_superpoints_20|         array|
|patches_superpoints_20_ce1       |  out|    1|   ap_memory|             patches_superpoints_20|         array|
|patches_superpoints_20_q1        |   in|   64|   ap_memory|             patches_superpoints_20|         array|
|patches_superpoints_21_address0  |  out|   10|   ap_memory|             patches_superpoints_21|         array|
|patches_superpoints_21_ce0       |  out|    1|   ap_memory|             patches_superpoints_21|         array|
|patches_superpoints_21_we0       |  out|    1|   ap_memory|             patches_superpoints_21|         array|
|patches_superpoints_21_d0        |  out|   64|   ap_memory|             patches_superpoints_21|         array|
|patches_superpoints_21_q0        |   in|   64|   ap_memory|             patches_superpoints_21|         array|
|patches_superpoints_21_address1  |  out|   10|   ap_memory|             patches_superpoints_21|         array|
|patches_superpoints_21_ce1       |  out|    1|   ap_memory|             patches_superpoints_21|         array|
|patches_superpoints_21_q1        |   in|   64|   ap_memory|             patches_superpoints_21|         array|
|patches_superpoints_22_address0  |  out|   10|   ap_memory|             patches_superpoints_22|         array|
|patches_superpoints_22_ce0       |  out|    1|   ap_memory|             patches_superpoints_22|         array|
|patches_superpoints_22_we0       |  out|    1|   ap_memory|             patches_superpoints_22|         array|
|patches_superpoints_22_d0        |  out|   64|   ap_memory|             patches_superpoints_22|         array|
|patches_superpoints_22_q0        |   in|   64|   ap_memory|             patches_superpoints_22|         array|
|patches_superpoints_22_address1  |  out|   10|   ap_memory|             patches_superpoints_22|         array|
|patches_superpoints_22_ce1       |  out|    1|   ap_memory|             patches_superpoints_22|         array|
|patches_superpoints_22_q1        |   in|   64|   ap_memory|             patches_superpoints_22|         array|
|patches_superpoints_23_address0  |  out|   10|   ap_memory|             patches_superpoints_23|         array|
|patches_superpoints_23_ce0       |  out|    1|   ap_memory|             patches_superpoints_23|         array|
|patches_superpoints_23_we0       |  out|    1|   ap_memory|             patches_superpoints_23|         array|
|patches_superpoints_23_d0        |  out|   64|   ap_memory|             patches_superpoints_23|         array|
|patches_superpoints_23_q0        |   in|   64|   ap_memory|             patches_superpoints_23|         array|
|patches_superpoints_23_address1  |  out|   10|   ap_memory|             patches_superpoints_23|         array|
|patches_superpoints_23_ce1       |  out|    1|   ap_memory|             patches_superpoints_23|         array|
|patches_superpoints_23_q1        |   in|   64|   ap_memory|             patches_superpoints_23|         array|
|patches_superpoints_24_address0  |  out|   10|   ap_memory|             patches_superpoints_24|         array|
|patches_superpoints_24_ce0       |  out|    1|   ap_memory|             patches_superpoints_24|         array|
|patches_superpoints_24_we0       |  out|    1|   ap_memory|             patches_superpoints_24|         array|
|patches_superpoints_24_d0        |  out|   64|   ap_memory|             patches_superpoints_24|         array|
|patches_superpoints_24_q0        |   in|   64|   ap_memory|             patches_superpoints_24|         array|
|patches_superpoints_24_address1  |  out|   10|   ap_memory|             patches_superpoints_24|         array|
|patches_superpoints_24_ce1       |  out|    1|   ap_memory|             patches_superpoints_24|         array|
|patches_superpoints_24_q1        |   in|   64|   ap_memory|             patches_superpoints_24|         array|
|patches_superpoints_25_address0  |  out|   10|   ap_memory|             patches_superpoints_25|         array|
|patches_superpoints_25_ce0       |  out|    1|   ap_memory|             patches_superpoints_25|         array|
|patches_superpoints_25_we0       |  out|    1|   ap_memory|             patches_superpoints_25|         array|
|patches_superpoints_25_d0        |  out|   64|   ap_memory|             patches_superpoints_25|         array|
|patches_superpoints_25_q0        |   in|   64|   ap_memory|             patches_superpoints_25|         array|
|patches_superpoints_25_address1  |  out|   10|   ap_memory|             patches_superpoints_25|         array|
|patches_superpoints_25_ce1       |  out|    1|   ap_memory|             patches_superpoints_25|         array|
|patches_superpoints_25_q1        |   in|   64|   ap_memory|             patches_superpoints_25|         array|
|patches_superpoints_26_address0  |  out|   10|   ap_memory|             patches_superpoints_26|         array|
|patches_superpoints_26_ce0       |  out|    1|   ap_memory|             patches_superpoints_26|         array|
|patches_superpoints_26_we0       |  out|    1|   ap_memory|             patches_superpoints_26|         array|
|patches_superpoints_26_d0        |  out|   64|   ap_memory|             patches_superpoints_26|         array|
|patches_superpoints_26_q0        |   in|   64|   ap_memory|             patches_superpoints_26|         array|
|patches_superpoints_26_address1  |  out|   10|   ap_memory|             patches_superpoints_26|         array|
|patches_superpoints_26_ce1       |  out|    1|   ap_memory|             patches_superpoints_26|         array|
|patches_superpoints_26_q1        |   in|   64|   ap_memory|             patches_superpoints_26|         array|
|patches_superpoints_27_address0  |  out|   10|   ap_memory|             patches_superpoints_27|         array|
|patches_superpoints_27_ce0       |  out|    1|   ap_memory|             patches_superpoints_27|         array|
|patches_superpoints_27_we0       |  out|    1|   ap_memory|             patches_superpoints_27|         array|
|patches_superpoints_27_d0        |  out|   64|   ap_memory|             patches_superpoints_27|         array|
|patches_superpoints_27_q0        |   in|   64|   ap_memory|             patches_superpoints_27|         array|
|patches_superpoints_27_address1  |  out|   10|   ap_memory|             patches_superpoints_27|         array|
|patches_superpoints_27_ce1       |  out|    1|   ap_memory|             patches_superpoints_27|         array|
|patches_superpoints_27_q1        |   in|   64|   ap_memory|             patches_superpoints_27|         array|
|patches_superpoints_28_address0  |  out|   10|   ap_memory|             patches_superpoints_28|         array|
|patches_superpoints_28_ce0       |  out|    1|   ap_memory|             patches_superpoints_28|         array|
|patches_superpoints_28_we0       |  out|    1|   ap_memory|             patches_superpoints_28|         array|
|patches_superpoints_28_d0        |  out|   64|   ap_memory|             patches_superpoints_28|         array|
|patches_superpoints_28_q0        |   in|   64|   ap_memory|             patches_superpoints_28|         array|
|patches_superpoints_28_address1  |  out|   10|   ap_memory|             patches_superpoints_28|         array|
|patches_superpoints_28_ce1       |  out|    1|   ap_memory|             patches_superpoints_28|         array|
|patches_superpoints_28_q1        |   in|   64|   ap_memory|             patches_superpoints_28|         array|
|patches_superpoints_29_address0  |  out|   10|   ap_memory|             patches_superpoints_29|         array|
|patches_superpoints_29_ce0       |  out|    1|   ap_memory|             patches_superpoints_29|         array|
|patches_superpoints_29_we0       |  out|    1|   ap_memory|             patches_superpoints_29|         array|
|patches_superpoints_29_d0        |  out|   64|   ap_memory|             patches_superpoints_29|         array|
|patches_superpoints_29_q0        |   in|   64|   ap_memory|             patches_superpoints_29|         array|
|patches_superpoints_29_address1  |  out|   10|   ap_memory|             patches_superpoints_29|         array|
|patches_superpoints_29_ce1       |  out|    1|   ap_memory|             patches_superpoints_29|         array|
|patches_superpoints_29_q1        |   in|   64|   ap_memory|             patches_superpoints_29|         array|
|patches_superpoints_30_address0  |  out|   10|   ap_memory|             patches_superpoints_30|         array|
|patches_superpoints_30_ce0       |  out|    1|   ap_memory|             patches_superpoints_30|         array|
|patches_superpoints_30_we0       |  out|    1|   ap_memory|             patches_superpoints_30|         array|
|patches_superpoints_30_d0        |  out|   64|   ap_memory|             patches_superpoints_30|         array|
|patches_superpoints_30_q0        |   in|   64|   ap_memory|             patches_superpoints_30|         array|
|patches_superpoints_30_address1  |  out|   10|   ap_memory|             patches_superpoints_30|         array|
|patches_superpoints_30_ce1       |  out|    1|   ap_memory|             patches_superpoints_30|         array|
|patches_superpoints_30_q1        |   in|   64|   ap_memory|             patches_superpoints_30|         array|
|patches_superpoints_31_address0  |  out|   10|   ap_memory|             patches_superpoints_31|         array|
|patches_superpoints_31_ce0       |  out|    1|   ap_memory|             patches_superpoints_31|         array|
|patches_superpoints_31_we0       |  out|    1|   ap_memory|             patches_superpoints_31|         array|
|patches_superpoints_31_d0        |  out|   64|   ap_memory|             patches_superpoints_31|         array|
|patches_superpoints_31_q0        |   in|   64|   ap_memory|             patches_superpoints_31|         array|
|patches_superpoints_31_address1  |  out|   10|   ap_memory|             patches_superpoints_31|         array|
|patches_superpoints_31_ce1       |  out|    1|   ap_memory|             patches_superpoints_31|         array|
|patches_superpoints_31_q1        |   in|   64|   ap_memory|             patches_superpoints_31|         array|
|patches_parameters_0_address0    |  out|   10|   ap_memory|               patches_parameters_0|         array|
|patches_parameters_0_ce0         |  out|    1|   ap_memory|               patches_parameters_0|         array|
|patches_parameters_0_we0         |  out|    1|   ap_memory|               patches_parameters_0|         array|
|patches_parameters_0_d0          |  out|   64|   ap_memory|               patches_parameters_0|         array|
|patches_parameters_0_address1    |  out|   10|   ap_memory|               patches_parameters_0|         array|
|patches_parameters_0_ce1         |  out|    1|   ap_memory|               patches_parameters_0|         array|
|patches_parameters_0_q1          |   in|   64|   ap_memory|               patches_parameters_0|         array|
|patches_parameters_1_address0    |  out|   10|   ap_memory|               patches_parameters_1|         array|
|patches_parameters_1_ce0         |  out|    1|   ap_memory|               patches_parameters_1|         array|
|patches_parameters_1_we0         |  out|    1|   ap_memory|               patches_parameters_1|         array|
|patches_parameters_1_d0          |  out|   64|   ap_memory|               patches_parameters_1|         array|
|patches_parameters_1_q0          |   in|   64|   ap_memory|               patches_parameters_1|         array|
|patches_parameters_1_address1    |  out|   10|   ap_memory|               patches_parameters_1|         array|
|patches_parameters_1_ce1         |  out|    1|   ap_memory|               patches_parameters_1|         array|
|patches_parameters_1_we1         |  out|    1|   ap_memory|               patches_parameters_1|         array|
|patches_parameters_1_d1          |  out|   64|   ap_memory|               patches_parameters_1|         array|
|patches_parameters_1_q1          |   in|   64|   ap_memory|               patches_parameters_1|         array|
|patches_parameters_2_address0    |  out|   10|   ap_memory|               patches_parameters_2|         array|
|patches_parameters_2_ce0         |  out|    1|   ap_memory|               patches_parameters_2|         array|
|patches_parameters_2_we0         |  out|    1|   ap_memory|               patches_parameters_2|         array|
|patches_parameters_2_d0          |  out|   64|   ap_memory|               patches_parameters_2|         array|
|patches_parameters_2_q0          |   in|   64|   ap_memory|               patches_parameters_2|         array|
|patches_parameters_2_address1    |  out|   10|   ap_memory|               patches_parameters_2|         array|
|patches_parameters_2_ce1         |  out|    1|   ap_memory|               patches_parameters_2|         array|
|patches_parameters_2_q1          |   in|   64|   ap_memory|               patches_parameters_2|         array|
|patches_parameters_3_address0    |  out|   10|   ap_memory|               patches_parameters_3|         array|
|patches_parameters_3_ce0         |  out|    1|   ap_memory|               patches_parameters_3|         array|
|patches_parameters_3_we0         |  out|    1|   ap_memory|               patches_parameters_3|         array|
|patches_parameters_3_d0          |  out|   64|   ap_memory|               patches_parameters_3|         array|
|patches_parameters_3_q0          |   in|   64|   ap_memory|               patches_parameters_3|         array|
|patches_parameters_3_address1    |  out|   10|   ap_memory|               patches_parameters_3|         array|
|patches_parameters_3_ce1         |  out|    1|   ap_memory|               patches_parameters_3|         array|
|patches_parameters_3_q1          |   in|   64|   ap_memory|               patches_parameters_3|         array|
|patches_parameters_4_address0    |  out|   10|   ap_memory|               patches_parameters_4|         array|
|patches_parameters_4_ce0         |  out|    1|   ap_memory|               patches_parameters_4|         array|
|patches_parameters_4_we0         |  out|    1|   ap_memory|               patches_parameters_4|         array|
|patches_parameters_4_d0          |  out|   64|   ap_memory|               patches_parameters_4|         array|
|patches_parameters_4_q0          |   in|   64|   ap_memory|               patches_parameters_4|         array|
|patches_parameters_4_address1    |  out|   10|   ap_memory|               patches_parameters_4|         array|
|patches_parameters_4_ce1         |  out|    1|   ap_memory|               patches_parameters_4|         array|
|patches_parameters_4_q1          |   in|   64|   ap_memory|               patches_parameters_4|         array|
+---------------------------------+-----+-----+------------+-----------------------------------+--------------+

