

================================================================
== Vitis HLS Report for 'makePatch_alignedToLine_2'
================================================================
* Date:           Thu Jul 11 15:46:52 2024

* Version:        2020.2 (Build 3064766 on Wed Nov 18 09:12:45 MST 2020)
* Project:        PatchMaker_tanishGit
* Solution:       solution1 (Vivado IP Flow Target)
* Product family: virtexuplus
* Target device:  xcvu19p-fsvb3824-2-e


================================================================
== Performance Estimates
================================================================
+ Timing: 
    * Summary: 
    +--------+----------+----------+------------+
    |  Clock |  Target  | Estimated| Uncertainty|
    +--------+----------+----------+------------+
    |ap_clk  |  10.00 ns|  7.069 ns|     2.70 ns|
    +--------+----------+----------+------------+

+ Latency: 
    * Summary: 
    +---------+---------+----------+----------+-----+-----+---------+
    |  Latency (cycles) |  Latency (absolute) |  Interval | Pipeline|
    |   min   |   max   |    min   |    max   | min | max |   Type  |
    +---------+---------+----------+----------+-----+-----+---------+
    |        ?|        ?|         ?|         ?|    ?|    ?|     none|
    +---------+---------+----------+----------+-----+-----+---------+

    + Detail: 
        * Instance: 
        +-------------------------------------------------+-------------------------------------+---------+---------+----------+----------+-----+-----+---------+
        |                                                 |                                     |  Latency (cycles) |  Latency (absolute) |  Interval | Pipeline|
        |                     Instance                    |                Module               |   min   |   max   |    min   |    max   | min | max |   Type  |
        +-------------------------------------------------+-------------------------------------+---------+---------+----------+----------+-----+-----+---------+
        |grp_makeSuperPoint_alignedToLine_fu_1085         |makeSuperPoint_alignedToLine         |        ?|        ?|         ?|         ?|    ?|    ?|     none|
        |grp_add_patch_214_fu_1113                        |add_patch_214                        |        ?|        ?|         ?|         ?|    ?|    ?|     none|
        |grp_straightLineProjectorFromLayerIJtoK_fu_1207  |straightLineProjectorFromLayerIJtoK  |       11|       11|  0.110 us|  0.110 us|    1|    1|      yes|
        |grp_straightLineProjectorFromLayerIJtoK_fu_1221  |straightLineProjectorFromLayerIJtoK  |       11|       11|  0.110 us|  0.110 us|    1|    1|      yes|
        |grp_get_acceptanceCorners_fu_1235                |get_acceptanceCorners                |        ?|        ?|         ?|         ?|    ?|    ?|     none|
        +-------------------------------------------------+-------------------------------------+---------+---------+----------+----------+-----+-----+---------+

        * Loop: 
        +-----------------------------------------------------------+---------+---------+----------+-----------+-----------+------+----------+
        |                                                           |  Latency (cycles) | Iteration|  Initiation Interval  | Trip |          |
        |                         Loop Name                         |   min   |   max   |  Latency |  achieved |   target  | Count| Pipelined|
        +-----------------------------------------------------------+---------+---------+----------+-----------+-----------+------+----------+
        |- VITIS_LOOP_1077_1_VITIS_LOOP_1081_3_VITIS_LOOP_1083_4    |      720|      720|         1|          1|          1|   720|       yes|
        |- makeSuperpoint_loop                                      |        ?|        ?|         ?|          -|          -|     5|        no|
        |- VITIS_LOOP_1105_5_VITIS_LOOP_1109_7_VITIS_LOOP_1111_8    |      720|      720|         1|          1|          1|   720|       yes|
        |- VITIS_LOOP_1120_9_VITIS_LOOP_1122_10_VITIS_LOOP_1124_11  |      120|      120|         1|          1|          1|   120|       yes|
        |- VITIS_LOOP_93_1_VITIS_LOOP_98_3_VITIS_LOOP_100_4         |        ?|        ?|         2|          1|          1|     ?|       yes|
        |- getParallelograms_loop                                   |        ?|        ?|        15|          3|          1|     ?|       yes|
        +-----------------------------------------------------------+---------+---------+----------+-----------+-----------+------+----------+



================================================================
== Utilization Estimates
================================================================
* Summary: 
+---------------------+---------+------+---------+---------+-----+
|         Name        | BRAM_18K|  DSP |    FF   |   LUT   | URAM|
+---------------------+---------+------+---------+---------+-----+
|DSP                  |        -|     -|        -|        -|    -|
|Expression           |        -|     -|        0|     1723|    -|
|FIFO                 |        -|     -|        -|        -|    -|
|Instance             |        2|    59|     7511|    24007|    -|
|Memory               |       20|     -|      196|      201|    -|
|Multiplexer          |        -|     -|        -|     1665|    -|
|Register             |        -|     -|     1930|      128|    -|
+---------------------+---------+------+---------+---------+-----+
|Total                |       22|    59|     9637|    27724|    0|
+---------------------+---------+------+---------+---------+-----+
|Available SLR        |     1080|   960|  2042880|  1021440|   80|
+---------------------+---------+------+---------+---------+-----+
|Utilization SLR (%)  |        2|     6|       ~0|        2|    0|
+---------------------+---------+------+---------+---------+-----+
|Available            |     4320|  3840|  8171520|  4085760|  320|
+---------------------+---------+------+---------+---------+-----+
|Utilization (%)      |       ~0|     1|       ~0|       ~0|    0|
+---------------------+---------+------+---------+---------+-----+

+ Detail: 
    * Instance: 
    +-------------------------------------------------+-------------------------------------+---------+----+------+-------+-----+
    |                     Instance                    |                Module               | BRAM_18K| DSP|  FF  |  LUT  | URAM|
    +-------------------------------------------------+-------------------------------------+---------+----+------+-------+-----+
    |grp_add_patch_214_fu_1113                        |add_patch_214                        |        0|   0|  1217|   3485|    0|
    |grp_get_acceptanceCorners_fu_1235                |get_acceptanceCorners                |        0|   0|   694|   1067|    0|
    |grp_makeSuperPoint_alignedToLine_fu_1085         |makeSuperPoint_alignedToLine         |        2|  45|  4034|  14240|    0|
    |mul_64ns_9ns_72_1_1_U391                         |mul_64ns_9ns_72_1_1                  |        0|   2|     0|     45|    0|
    |mux_53_64_1_1_U392                               |mux_53_64_1_1                        |        0|   0|     0|     26|    0|
    |mux_53_64_1_1_U393                               |mux_53_64_1_1                        |        0|   0|     0|     26|    0|
    |mux_53_64_1_1_U394                               |mux_53_64_1_1                        |        0|   0|     0|     26|    0|
    |grp_straightLineProjectorFromLayerIJtoK_fu_1207  |straightLineProjectorFromLayerIJtoK  |        0|   6|   783|   2546|    0|
    |grp_straightLineProjectorFromLayerIJtoK_fu_1221  |straightLineProjectorFromLayerIJtoK  |        0|   6|   783|   2546|    0|
    +-------------------------------------------------+-------------------------------------+---------+----+------+-------+-----+
    |Total                                            |                                     |        2|  59|  7511|  24007|    0|
    +-------------------------------------------------+-------------------------------------+---------+----+------+-------+-----+

    * DSP: 
    N/A

    * Memory: 
    +---------------------------+--------------------------------------------------+---------+----+----+-----+------+-----+------+-------------+
    |           Memory          |                      Module                      | BRAM_18K| FF | LUT| URAM| Words| Bits| Banks| W*Bits*Banks|
    +---------------------------+--------------------------------------------------+---------+----+----+-----+------+-----+------+-------------+
    |NPpatches_parameters_1_U   |makePatch_alignedToLine_2_NPpatches_parameters_1  |        0|   2|   3|    0|    24|    1|     1|           24|
    |NPpatches_parameters_2_U   |makePatch_alignedToLine_2_NPpatches_parameters_2  |        0|  64|  65|    0|    24|   64|     1|         1536|
    |NPpatches_parameters_3_U   |makePatch_alignedToLine_2_NPpatches_parameters_3  |        0|   2|   3|    0|    24|    1|     1|           24|
    |NPpatches_parameters_0_U   |makePatch_alignedToLine_NPpatches_parameters_0    |        0|  64|  65|    0|    24|   64|     1|         1536|
    |NPpatches_parameters_4_U   |makePatch_alignedToLine_NPpatches_parameters_0    |        0|  64|  65|    0|    24|   64|     1|         1536|
    |NPpatches_superpoints_0_U  |makePatch_alignedToLine_NPpatches_superpoints_0   |        2|   0|   0|    0|   144|   64|     1|         9216|
    |NPpatches_superpoints_1_U  |makePatch_alignedToLine_NPpatches_superpoints_0   |        2|   0|   0|    0|   144|   64|     1|         9216|
    |NPpatches_superpoints_2_U  |makePatch_alignedToLine_NPpatches_superpoints_0   |        2|   0|   0|    0|   144|   64|     1|         9216|
    |NPpatches_superpoints_3_U  |makePatch_alignedToLine_NPpatches_superpoints_0   |        2|   0|   0|    0|   144|   64|     1|         9216|
    |NPpatches_superpoints_4_U  |makePatch_alignedToLine_NPpatches_superpoints_0   |        2|   0|   0|    0|   144|   64|     1|         9216|
    |init_patch_0_U             |makePatch_alignedToLine_init_patch_0              |        2|   0|   0|    0|   144|   64|     1|         9216|
    |init_patch_1_U             |makePatch_alignedToLine_init_patch_0              |        2|   0|   0|    0|   144|   64|     1|         9216|
    |init_patch_2_U             |makePatch_alignedToLine_init_patch_0              |        2|   0|   0|    0|   144|   64|     1|         9216|
    |init_patch_3_U             |makePatch_alignedToLine_init_patch_0              |        2|   0|   0|    0|   144|   64|     1|         9216|
    |init_patch_4_U             |makePatch_alignedToLine_init_patch_0              |        2|   0|   0|    0|   144|   64|     1|         9216|
    +---------------------------+--------------------------------------------------+---------+----+----+-----+------+-----+------+-------------+
    |Total                      |                                                  |       20| 196| 201|    0|  1560|  834|    15|        96816|
    +---------------------------+--------------------------------------------------+---------+----+----+-----+------+-----+------+-------------+

    * FIFO: 
    N/A

    * Expression: 
    +----------------------------+----------+----+---+----+------------+------------+
    |        Variable Name       | Operation| DSP| FF| LUT| Bitwidth P0| Bitwidth P1|
    +----------------------------+----------+----+---+----+------------+------------+
    |add_ln100_fu_2146_p2        |         +|   0|  0|   9|           2|           1|
    |add_ln102_1_fu_2126_p2      |         +|   0|  0|  19|           8|           8|
    |add_ln102_fu_2094_p2        |         +|   0|  0|  69|          62|          62|
    |add_ln1077_1_fu_1245_p2     |         +|   0|  0|  17|          10|           1|
    |add_ln1077_fu_1257_p2       |         +|   0|  0|  10|           3|           1|
    |add_ln1079_1_fu_1478_p2     |         +|   0|  0|  15|           8|           1|
    |add_ln1079_fu_1315_p2       |         +|   0|  0|   9|           2|           1|
    |add_ln1081_1_fu_1464_p2     |         +|   0|  0|  14|           7|           1|
    |add_ln1081_fu_1373_p2       |         +|   0|  0|  12|           5|           1|
    |add_ln1083_fu_1458_p2       |         +|   0|  0|   9|           2|           1|
    |add_ln1085_1_fu_1443_p2     |         +|   0|  0|  19|           8|           8|
    |add_ln1085_fu_1411_p2       |         +|   0|  0|  69|          62|          62|
    |add_ln1105_1_fu_1512_p2     |         +|   0|  0|  17|          10|           1|
    |add_ln1105_fu_1524_p2       |         +|   0|  0|  10|           3|           1|
    |add_ln1107_1_fu_1745_p2     |         +|   0|  0|  15|           8|           1|
    |add_ln1107_fu_1582_p2       |         +|   0|  0|   9|           2|           1|
    |add_ln1109_1_fu_1731_p2     |         +|   0|  0|  14|           7|           1|
    |add_ln1109_fu_1640_p2       |         +|   0|  0|  12|           5|           1|
    |add_ln1111_fu_1725_p2       |         +|   0|  0|   9|           2|           1|
    |add_ln1113_1_fu_1710_p2     |         +|   0|  0|  19|           8|           8|
    |add_ln1113_fu_1678_p2       |         +|   0|  0|  69|          62|          62|
    |add_ln1120_1_fu_1759_p2     |         +|   0|  0|  14|           7|           1|
    |add_ln1120_fu_1771_p2       |         +|   0|  0|  10|           3|           1|
    |add_ln1122_1_fu_1897_p2     |         +|   0|  0|  13|           6|           1|
    |add_ln1122_fu_1817_p2       |         +|   0|  0|  10|           3|           1|
    |add_ln1124_fu_1891_p2       |         +|   0|  0|  10|           3|           1|
    |add_ln1126_fu_1879_p2       |         +|   0|  0|  19|           5|           5|
    |add_ln74_fu_2448_p2         |         +|   0|  0|  12|           5|           2|
    |add_ln75_fu_2458_p2         |         +|   0|  0|  12|           5|           2|
    |add_ln76_fu_2388_p2         |         +|   0|  0|  12|           5|           3|
    |add_ln77_fu_2399_p2         |         +|   0|  0|  12|           5|           3|
    |add_ln79_fu_2410_p2         |         +|   0|  0|  71|          64|           1|
    |add_ln93_fu_1925_p2         |         +|   0|  0|  83|          72|           1|
    |add_ln96_1_fu_2166_p2       |         +|   0|  0|  15|           8|           1|
    |add_ln96_fu_1998_p2         |         +|   0|  0|   9|           2|           1|
    |add_ln98_1_fu_2152_p2       |         +|   0|  0|  14|           7|           1|
    |add_ln98_fu_2056_p2         |         +|   0|  0|  12|           5|           1|
    |i_11_fu_1492_p2             |         +|   0|  0|  10|           3|           1|
    |i_14_fu_1936_p2             |         +|   0|  0|  71|          64|           1|
    |j_fu_2334_p2                |         +|   0|  0|  38|          31|           1|
    |sub_ln102_fu_2116_p2        |         -|   0|  0|  19|           8|           8|
    |sub_ln1085_fu_1433_p2       |         -|   0|  0|  19|           8|           8|
    |sub_ln1113_fu_1700_p2       |         -|   0|  0|  19|           8|           8|
    |sub_ln1126_fu_1869_p2       |         -|   0|  0|  19|           5|           5|
    |sub_ln72_fu_2328_p2         |         -|   0|  0|  12|           5|           5|
    |sub_ln73_fu_2382_p2         |         -|   0|  0|  12|           5|           5|
    |and_ln1077_1_fu_1301_p2     |       and|   0|  0|   2|           1|           1|
    |and_ln1077_fu_1289_p2       |       and|   0|  0|   2|           1|           1|
    |and_ln1079_fu_1367_p2       |       and|   0|  0|   2|           1|           1|
    |and_ln1105_1_fu_1568_p2     |       and|   0|  0|   2|           1|           1|
    |and_ln1105_fu_1556_p2       |       and|   0|  0|   2|           1|           1|
    |and_ln1107_fu_1634_p2       |       and|   0|  0|   2|           1|           1|
    |and_ln1120_fu_1803_p2       |       and|   0|  0|   2|           1|           1|
    |and_ln93_1_fu_1992_p2       |       and|   0|  0|   2|           1|           1|
    |and_ln93_fu_1980_p2         |       and|   0|  0|   2|           1|           1|
    |and_ln96_fu_2050_p2         |       and|   0|  0|   2|           1|           1|
    |icmp_ln100_fu_1974_p2       |      icmp|   0|  0|   8|           2|           2|
    |icmp_ln1077_fu_1251_p2      |      icmp|   0|  0|  11|          10|          10|
    |icmp_ln1079_fu_1263_p2      |      icmp|   0|  0|  11|           8|           8|
    |icmp_ln1081_fu_1295_p2      |      icmp|   0|  0|  10|           7|           6|
    |icmp_ln1083_fu_1283_p2      |      icmp|   0|  0|   8|           2|           2|
    |icmp_ln1098_fu_1498_p2      |      icmp|   0|  0|   8|           3|           3|
    |icmp_ln1105_fu_1518_p2      |      icmp|   0|  0|  11|          10|          10|
    |icmp_ln1107_fu_1530_p2      |      icmp|   0|  0|  11|           8|           8|
    |icmp_ln1109_fu_1562_p2      |      icmp|   0|  0|  10|           7|           6|
    |icmp_ln1111_fu_1550_p2      |      icmp|   0|  0|   8|           2|           2|
    |icmp_ln1120_fu_1765_p2      |      icmp|   0|  0|  10|           7|           5|
    |icmp_ln1122_fu_1777_p2      |      icmp|   0|  0|  10|           6|           5|
    |icmp_ln1124_fu_1797_p2      |      icmp|   0|  0|   8|           3|           3|
    |icmp_ln41_fu_2205_p2        |      icmp|   0|  0|  29|          64|          26|
    |icmp_ln42_fu_2223_p2        |      icmp|   0|  0|  29|          64|          25|
    |icmp_ln44_fu_2241_p2        |      icmp|   0|  0|  29|          64|          64|
    |icmp_ln57_fu_2275_p2        |      icmp|   0|  0|  20|          32|          32|
    |icmp_ln70_fu_2298_p2        |      icmp|   0|  0|  19|          30|           1|
    |icmp_ln93_fu_1931_p2        |      icmp|   0|  0|  31|          72|          72|
    |icmp_ln96_fu_1942_p2        |      icmp|   0|  0|  11|           8|           8|
    |icmp_ln98_fu_1986_p2        |      icmp|   0|  0|  10|           7|           6|
    |or_ln1079_1_fu_1361_p2      |        or|   0|  0|   2|           1|           1|
    |or_ln1079_fu_1321_p2        |        or|   0|  0|   2|           1|           1|
    |or_ln1081_1_fu_1385_p2      |        or|   0|  0|   2|           1|           1|
    |or_ln1081_fu_1379_p2        |        or|   0|  0|   2|           1|           1|
    |or_ln1107_1_fu_1628_p2      |        or|   0|  0|   2|           1|           1|
    |or_ln1107_fu_1588_p2        |        or|   0|  0|   2|           1|           1|
    |or_ln1109_1_fu_1652_p2      |        or|   0|  0|   2|           1|           1|
    |or_ln1109_fu_1646_p2        |        or|   0|  0|   2|           1|           1|
    |or_ln1122_fu_1823_p2        |        or|   0|  0|   2|           1|           1|
    |or_ln73_fu_2438_p2          |        or|   0|  0|   5|           5|           1|
    |or_ln96_1_fu_2044_p2        |        or|   0|  0|   2|           1|           1|
    |or_ln96_fu_2004_p2          |        or|   0|  0|   2|           1|           1|
    |or_ln98_1_fu_2068_p2        |        or|   0|  0|   2|           1|           1|
    |or_ln98_fu_2062_p2          |        or|   0|  0|   2|           1|           1|
    |select_ln1077_1_fu_1307_p3  |    select|   0|  0|   3|           1|           3|
    |select_ln1077_fu_1269_p3    |    select|   0|  0|   2|           1|           1|
    |select_ln1079_1_fu_1335_p3  |    select|   0|  0|   2|           1|           2|
    |select_ln1079_2_fu_1484_p3  |    select|   0|  0|   8|           1|           1|
    |select_ln1079_fu_1327_p3    |    select|   0|  0|   5|           1|           1|
    |select_ln1081_1_fu_1399_p3  |    select|   0|  0|   5|           1|           5|
    |select_ln1081_2_fu_1470_p3  |    select|   0|  0|   7|           1|           1|
    |select_ln1081_fu_1391_p3    |    select|   0|  0|   2|           1|           1|
    |select_ln1105_1_fu_1574_p3  |    select|   0|  0|   3|           1|           3|
    |select_ln1105_fu_1536_p3    |    select|   0|  0|   2|           1|           1|
    |select_ln1107_1_fu_1602_p3  |    select|   0|  0|   2|           1|           2|
    |select_ln1107_2_fu_1751_p3  |    select|   0|  0|   8|           1|           1|
    |select_ln1107_fu_1594_p3    |    select|   0|  0|   5|           1|           1|
    |select_ln1109_1_fu_1666_p3  |    select|   0|  0|   5|           1|           5|
    |select_ln1109_2_fu_1737_p3  |    select|   0|  0|   7|           1|           1|
    |select_ln1109_fu_1658_p3    |    select|   0|  0|   2|           1|           1|
    |select_ln1120_1_fu_1809_p3  |    select|   0|  0|   3|           1|           3|
    |select_ln1120_fu_1783_p3    |    select|   0|  0|   3|           1|           1|
    |select_ln1122_1_fu_1837_p3  |    select|   0|  0|   3|           1|           3|
    |select_ln1122_2_fu_1903_p3  |    select|   0|  0|   6|           1|           1|
    |select_ln1122_fu_1829_p3    |    select|   0|  0|   3|           1|           1|
    |select_ln93_1_fu_1956_p3    |    select|   0|  0|  63|           1|          64|
    |select_ln93_fu_1948_p3      |    select|   0|  0|   2|           1|           1|
    |select_ln96_1_fu_2018_p3    |    select|   0|  0|   2|           1|           2|
    |select_ln96_2_fu_2172_p3    |    select|   0|  0|   8|           1|           1|
    |select_ln96_fu_2010_p3      |    select|   0|  0|   5|           1|           1|
    |select_ln98_1_fu_2082_p3    |    select|   0|  0|   5|           1|           5|
    |select_ln98_2_fu_2158_p3    |    select|   0|  0|   7|           1|           1|
    |select_ln98_fu_2074_p3      |    select|   0|  0|   2|           1|           1|
    |z1_max_1_fu_2259_p3         |    select|   0|  0|  26|           1|          25|
    |z1_max_fu_2229_p3           |    select|   0|  0|  63|           1|          64|
    |z1_min_1_fu_2247_p3         |    select|   0|  0|  26|           1|          25|
    |z1_min_fu_2211_p3           |    select|   0|  0|  63|           1|          26|
    |ap_enable_pp3               |       xor|   0|  0|   2|           1|           2|
    |ap_enable_pp4               |       xor|   0|  0|   2|           1|           2|
    |ap_enable_reg_pp3_iter1     |       xor|   0|  0|   2|           2|           1|
    |xor_ln1077_fu_1277_p2       |       xor|   0|  0|   2|           1|           2|
    |xor_ln1079_fu_1355_p2       |       xor|   0|  0|   2|           1|           2|
    |xor_ln1105_fu_1544_p2       |       xor|   0|  0|   2|           1|           2|
    |xor_ln1107_fu_1622_p2       |       xor|   0|  0|   2|           1|           2|
    |xor_ln1120_fu_1791_p2       |       xor|   0|  0|   2|           1|           2|
    |xor_ln93_fu_1968_p2         |       xor|   0|  0|   2|           1|           2|
    |xor_ln96_fu_2038_p2         |       xor|   0|  0|   2|           1|           2|
    +----------------------------+----------+----+---+----+------------+------------+
    |Total                       |          |   0|  0|1723|        1116|         895|
    +----------------------------+----------+----+---+----+------------+------------+

    * Multiplexer: 
    +-----------------------------------------------------+----+-----------+-----+-----------+
    |                         Name                        | LUT| Input Size| Bits| Total Bits|
    +-----------------------------------------------------+----+-----------+-----+-----------+
    |NPpatches_parameters_0_address0                      |  37|          7|    5|         35|
    |NPpatches_parameters_0_address1                      |  26|          5|    5|         25|
    |NPpatches_parameters_0_ce0                           |  20|          4|    1|          4|
    |NPpatches_parameters_0_ce1                           |  14|          3|    1|          3|
    |NPpatches_parameters_0_d0                            |  26|          5|   64|        320|
    |NPpatches_parameters_0_d1                            |  20|          4|   64|        256|
    |NPpatches_parameters_2_address0                      |  14|          3|    5|         15|
    |NPpatches_parameters_2_ce0                           |  14|          3|    1|          3|
    |NPpatches_parameters_2_ce1                           |   9|          2|    1|          2|
    |NPpatches_parameters_2_we0                           |   9|          2|    1|          2|
    |NPpatches_parameters_2_we1                           |   9|          2|    1|          2|
    |NPpatches_parameters_3_address0                      |  14|          3|    5|         15|
    |NPpatches_parameters_3_ce0                           |  14|          3|    1|          3|
    |NPpatches_parameters_3_ce1                           |   9|          2|    1|          2|
    |NPpatches_parameters_3_we0                           |   9|          2|    1|          2|
    |NPpatches_parameters_3_we1                           |   9|          2|    1|          2|
    |NPpatches_parameters_4_address0                      |  31|          6|    5|         30|
    |NPpatches_parameters_4_address1                      |  14|          3|    5|         15|
    |NPpatches_parameters_4_ce0                           |  20|          4|    1|          4|
    |NPpatches_parameters_4_d0                            |  14|          3|   64|        192|
    |NPpatches_parameters_4_d1                            |  14|          3|   64|        192|
    |NPpatches_superpoints_0_address0                     |  26|          5|    8|         40|
    |NPpatches_superpoints_0_address1                     |  14|          3|    8|         24|
    |NPpatches_superpoints_0_ce0                          |  14|          3|    1|          3|
    |NPpatches_superpoints_0_ce1                          |  14|          3|    1|          3|
    |NPpatches_superpoints_0_d0                           |  14|          3|   64|        192|
    |NPpatches_superpoints_1_address0                     |  26|          5|    8|         40|
    |NPpatches_superpoints_1_address1                     |  14|          3|    8|         24|
    |NPpatches_superpoints_1_ce0                          |  14|          3|    1|          3|
    |NPpatches_superpoints_1_ce1                          |  14|          3|    1|          3|
    |NPpatches_superpoints_1_d0                           |  14|          3|   64|        192|
    |NPpatches_superpoints_2_address0                     |  26|          5|    8|         40|
    |NPpatches_superpoints_2_address1                     |  14|          3|    8|         24|
    |NPpatches_superpoints_2_ce0                          |  14|          3|    1|          3|
    |NPpatches_superpoints_2_ce1                          |  14|          3|    1|          3|
    |NPpatches_superpoints_2_d0                           |  14|          3|   64|        192|
    |NPpatches_superpoints_3_address0                     |  26|          5|    8|         40|
    |NPpatches_superpoints_3_address1                     |  14|          3|    8|         24|
    |NPpatches_superpoints_3_ce0                          |  14|          3|    1|          3|
    |NPpatches_superpoints_3_ce1                          |  14|          3|    1|          3|
    |NPpatches_superpoints_3_d0                           |  14|          3|   64|        192|
    |NPpatches_superpoints_4_address0                     |  26|          5|    8|         40|
    |NPpatches_superpoints_4_address1                     |  14|          3|    8|         24|
    |NPpatches_superpoints_4_ce0                          |  14|          3|    1|          3|
    |NPpatches_superpoints_4_ce1                          |  14|          3|    1|          3|
    |NPpatches_superpoints_4_d0                           |  14|          3|   64|        192|
    |a_2_reg_1029                                         |   9|          2|    2|          4|
    |a_reg_764                                            |   9|          2|    3|          6|
    |ap_NS_fsm                                            |  97|         20|    1|         20|
    |ap_enable_reg_pp3_iter1                              |  14|          3|    1|          3|
    |ap_enable_reg_pp4_iter4                              |   9|          2|    1|          2|
    |ap_phi_mux_a_2_phi_fu_1033_p4                        |   9|          2|    2|          4|
    |ap_phi_mux_b_4_phi_fu_1055_p4                        |   9|          2|    5|         10|
    |ap_phi_mux_i_12_phi_fu_1011_p4                       |   9|          2|   64|        128|
    |ap_phi_mux_i_15_phi_fu_1077_p4                       |   9|          2|   31|         62|
    |b_1_reg_875                                          |   9|          2|    3|          6|
    |b_2_reg_952                                          |   9|          2|    3|          6|
    |b_4_reg_1051                                         |   9|          2|    5|         10|
    |b_reg_786                                            |   9|          2|    2|          4|
    |c_1_reg_897                                          |   9|          2|    2|          4|
    |c_2_reg_974                                          |   9|          2|    3|          6|
    |c_4_reg_1062                                         |   9|          2|    2|          4|
    |c_reg_808                                            |   9|          2|    5|         10|
    |d_1_reg_919                                          |   9|          2|    5|         10|
    |d_3_reg_985                                          |   9|          2|    3|          6|
    |d_reg_819                                            |   9|          2|    2|          4|
    |e_reg_930                                            |   9|          2|    2|          4|
    |empty_97_fu_330                                      |   9|          2|   64|        128|
    |grp_straightLineProjectorFromLayerIJtoK_fu_1207_j    |  14|          3|   32|         96|
    |grp_straightLineProjectorFromLayerIJtoK_fu_1207_z_j  |  14|          3|   64|        192|
    |grp_straightLineProjectorFromLayerIJtoK_fu_1221_j    |  14|          3|   32|         96|
    |grp_straightLineProjectorFromLayerIJtoK_fu_1221_z_j  |  14|          3|   64|        192|
    |i_12_reg_1007                                        |   9|          2|   64|        128|
    |i_15_reg_1073                                        |   9|          2|   31|         62|
    |i_reg_852                                            |   9|          2|    3|          6|
    |indvar_flatten105_reg_941                            |   9|          2|    7|         14|
    |indvar_flatten113_reg_1040                           |   9|          2|    7|         14|
    |indvar_flatten127_reg_1018                           |   9|          2|    8|         16|
    |indvar_flatten13_reg_775                             |   9|          2|    8|         16|
    |indvar_flatten151_reg_996                            |   9|          2|   72|        144|
    |indvar_flatten37_reg_753                             |   9|          2|   10|         20|
    |indvar_flatten45_reg_908                             |   9|          2|    7|         14|
    |indvar_flatten59_reg_886                             |   9|          2|    8|         16|
    |indvar_flatten83_reg_864                             |   9|          2|   10|         20|
    |indvar_flatten91_reg_963                             |   9|          2|    6|         12|
    |indvar_flatten_reg_797                               |   9|          2|    7|         14|
    |init_patch_0_address0                                |  20|          4|    8|         32|
    |init_patch_0_ce0                                     |  14|          3|    1|          3|
    |init_patch_0_ce1                                     |   9|          2|    1|          2|
    |init_patch_0_d0                                      |  14|          3|   64|        192|
    |init_patch_0_we0                                     |  14|          3|    1|          3|
    |init_patch_0_we1                                     |   9|          2|    1|          2|
    |init_patch_1_address0                                |  20|          4|    8|         32|
    |init_patch_1_ce0                                     |  14|          3|    1|          3|
    |init_patch_1_ce1                                     |   9|          2|    1|          2|
    |init_patch_1_d0                                      |  14|          3|   64|        192|
    |init_patch_1_we0                                     |  14|          3|    1|          3|
    |init_patch_1_we1                                     |   9|          2|    1|          2|
    |init_patch_2_address0                                |  20|          4|    8|         32|
    |init_patch_2_ce0                                     |  14|          3|    1|          3|
    |init_patch_2_ce1                                     |   9|          2|    1|          2|
    |init_patch_2_d0                                      |  14|          3|   64|        192|
    |init_patch_2_we0                                     |  14|          3|    1|          3|
    |init_patch_2_we1                                     |   9|          2|    1|          2|
    |init_patch_3_address0                                |  20|          4|    8|         32|
    |init_patch_3_ce0                                     |  14|          3|    1|          3|
    |init_patch_3_ce1                                     |   9|          2|    1|          2|
    |init_patch_3_d0                                      |  14|          3|   64|        192|
    |init_patch_3_we0                                     |  14|          3|    1|          3|
    |init_patch_3_we1                                     |   9|          2|    1|          2|
    |init_patch_4_address0                                |  20|          4|    8|         32|
    |init_patch_4_ce0                                     |  14|          3|    1|          3|
    |init_patch_4_ce1                                     |   9|          2|    1|          2|
    |init_patch_4_d0                                      |  14|          3|   64|        192|
    |init_patch_4_we0                                     |  14|          3|    1|          3|
    |init_patch_4_we1                                     |   9|          2|    1|          2|
    |n_patches_o                                          |   9|          2|   32|         64|
    |n_patches_o_ap_vld                                   |   9|          2|    1|          2|
    |ppl_0_reg_842                                        |   9|          2|   32|         64|
    |superpoint_count_assign_reg_830                      |   9|          2|   32|         64|
    +-----------------------------------------------------+----+-----------+-----+-----------+
    |Total                                                |1665|        352| 1835|       5311|
    +-----------------------------------------------------+----+-----------+-----+-----------+

    * Register: 
    +--------------------------------------------------------------+----+----+-----+-----------+
    |                             Name                             | FF | LUT| Bits| Const Bits|
    +--------------------------------------------------------------+----+----+-----+-----------+
    |NPpatches_superpoints_0_addr_3_reg_2738                       |   8|   0|    8|          0|
    |NPpatches_superpoints_0_load_1_reg_2790                       |  64|   0|   64|          0|
    |NPpatches_superpoints_0_load_reg_2785                         |  64|   0|   64|          0|
    |NPpatches_superpoints_1_addr_1_reg_2743                       |   8|   0|    8|          0|
    |NPpatches_superpoints_1_load_1_reg_2827                       |  64|   0|   64|          0|
    |NPpatches_superpoints_1_load_reg_2807                         |  64|   0|   64|          0|
    |NPpatches_superpoints_2_addr_1_reg_2748                       |   8|   0|    8|          0|
    |NPpatches_superpoints_2_load_1_reg_2832                       |  64|   0|   64|          0|
    |NPpatches_superpoints_2_load_reg_2812                         |  64|   0|   64|          0|
    |NPpatches_superpoints_3_addr_1_reg_2753                       |   8|   0|    8|          0|
    |NPpatches_superpoints_3_load_1_reg_2837                       |  64|   0|   64|          0|
    |NPpatches_superpoints_3_load_reg_2817                         |  64|   0|   64|          0|
    |NPpatches_superpoints_4_addr_1_reg_2758                       |   8|   0|    8|          0|
    |NPpatches_superpoints_4_load_1_reg_2842                       |  64|   0|   64|          0|
    |NPpatches_superpoints_4_load_reg_2822                         |  64|   0|   64|          0|
    |a_2_reg_1029                                                  |   2|   0|    2|          0|
    |a_reg_764                                                     |   3|   0|    3|          0|
    |ap_CS_fsm                                                     |  19|   0|   19|          0|
    |ap_enable_reg_pp3_iter0                                       |   1|   0|    1|          0|
    |ap_enable_reg_pp3_iter1                                       |   1|   0|    1|          0|
    |ap_enable_reg_pp4_iter0                                       |   1|   0|    1|          0|
    |ap_enable_reg_pp4_iter1                                       |   1|   0|    1|          0|
    |ap_enable_reg_pp4_iter2                                       |   1|   0|    1|          0|
    |ap_enable_reg_pp4_iter3                                       |   1|   0|    1|          0|
    |ap_enable_reg_pp4_iter4                                       |   1|   0|    1|          0|
    |b_1_reg_875                                                   |   3|   0|    3|          0|
    |b_2_reg_952                                                   |   3|   0|    3|          0|
    |b_4_reg_1051                                                  |   5|   0|    5|          0|
    |b_reg_786                                                     |   2|   0|    2|          0|
    |c_1_reg_897                                                   |   2|   0|    2|          0|
    |c_2_reg_974                                                   |   3|   0|    3|          0|
    |c_3_reg_2884                                                  |  64|   0|   64|          0|
    |c_4_reg_1062                                                  |   2|   0|    2|          0|
    |c_reg_808                                                     |   5|   0|    5|          0|
    |d_1_reg_919                                                   |   5|   0|    5|          0|
    |d_2_reg_2889                                                  |  64|   0|   64|          0|
    |d_3_reg_985                                                   |   3|   0|    3|          0|
    |d_reg_819                                                     |   2|   0|    2|          0|
    |e_reg_930                                                     |   2|   0|    2|          0|
    |empty_97_fu_330                                               |  64|   0|   64|          0|
    |grp_add_patch_214_fu_1113_ap_start_reg                        |   1|   0|    1|          0|
    |grp_get_acceptanceCorners_fu_1235_ap_start_reg                |   1|   0|    1|          0|
    |grp_makeSuperPoint_alignedToLine_fu_1085_ap_start_reg         |   1|   0|    1|          0|
    |grp_straightLineProjectorFromLayerIJtoK_fu_1207_ap_start_reg  |   1|   0|    1|          0|
    |grp_straightLineProjectorFromLayerIJtoK_fu_1221_ap_start_reg  |   1|   0|    1|          0|
    |i_11_reg_2589                                                 |   3|   0|    3|          0|
    |i_12_reg_1007                                                 |  64|   0|   64|          0|
    |i_15_reg_1073                                                 |  31|   0|   31|          0|
    |i_reg_852                                                     |   3|   0|    3|          0|
    |icmp_ln57_reg_2847                                            |   1|   0|    1|          0|
    |icmp_ln70_reg_2857                                            |   1|   0|    1|          0|
    |icmp_ln93_reg_2689                                            |   1|   0|    1|          0|
    |indvar_flatten105_reg_941                                     |   7|   0|    7|          0|
    |indvar_flatten113_reg_1040                                    |   7|   0|    7|          0|
    |indvar_flatten127_reg_1018                                    |   8|   0|    8|          0|
    |indvar_flatten13_reg_775                                      |   8|   0|    8|          0|
    |indvar_flatten151_reg_996                                     |  72|   0|   72|          0|
    |indvar_flatten37_reg_753                                      |  10|   0|   10|          0|
    |indvar_flatten45_reg_908                                      |   7|   0|    7|          0|
    |indvar_flatten59_reg_886                                      |   8|   0|    8|          0|
    |indvar_flatten83_reg_864                                      |  10|   0|   10|          0|
    |indvar_flatten91_reg_963                                      |   6|   0|    6|          0|
    |indvar_flatten_reg_797                                        |   7|   0|    7|          0|
    |j_reg_2866                                                    |  31|   0|   31|          0|
    |mul_ln1133_reg_2679                                           |  72|   0|   72|          0|
    |ppl_0_reg_842                                                 |  32|   0|   32|          0|
    |select_ln93_1_reg_2693                                        |  64|   0|   64|          0|
    |select_ln96_1_reg_2703                                        |   2|   0|    2|          0|
    |select_ln98_1_reg_2708                                        |   5|   0|    5|          0|
    |sext_ln1133_reg_2674                                          |  64|   0|   64|          0|
    |sext_ln42_reg_2801                                            |  64|   0|   64|          0|
    |sext_ln44_reg_2795                                            |  64|   0|   64|          0|
    |sub_ln72_reg_2861                                             |   4|   0|    5|          1|
    |sub_ln73_reg_2877                                             |   4|   0|    5|          1|
    |superpoint_count_assign_reg_830                               |  32|   0|   32|          0|
    |trunc_ln61_reg_2851                                           |   3|   0|    3|          0|
    |trunc_ln93_reg_2698                                           |   3|   0|    3|          0|
    |zext_ln64_reg_2871                                            |  31|   0|   32|          1|
    |icmp_ln57_reg_2847                                            |  64|  32|    1|          0|
    |icmp_ln70_reg_2857                                            |  64|  32|    1|          0|
    |sub_ln72_reg_2861                                             |  64|  32|    5|          1|
    |sub_ln73_reg_2877                                             |  64|  32|    5|          1|
    +--------------------------------------------------------------+----+----+-----+-----------+
    |Total                                                         |1930| 128| 1689|          5|
    +--------------------------------------------------------------+----+----+-----+-----------+



================================================================
== Interface
================================================================
* Summary: 
+---------------------------------+-----+-----+------------+---------------------------+--------------+
|            RTL Ports            | Dir | Bits|  Protocol  |       Source Object       |    C Type    |
+---------------------------------+-----+-----+------------+---------------------------+--------------+
|ap_clk                           |   in|    1|  ap_ctrl_hs|  makePatch_alignedToLine.2|  return value|
|ap_rst                           |   in|    1|  ap_ctrl_hs|  makePatch_alignedToLine.2|  return value|
|ap_start                         |   in|    1|  ap_ctrl_hs|  makePatch_alignedToLine.2|  return value|
|ap_done                          |  out|    1|  ap_ctrl_hs|  makePatch_alignedToLine.2|  return value|
|ap_idle                          |  out|    1|  ap_ctrl_hs|  makePatch_alignedToLine.2|  return value|
|ap_ready                         |  out|    1|  ap_ctrl_hs|  makePatch_alignedToLine.2|  return value|
|ap_return                        |  out|   32|  ap_ctrl_hs|  makePatch_alignedToLine.2|  return value|
|n_patches_i                      |   in|   32|     ap_ovld|                  n_patches|       pointer|
|n_patches_o                      |  out|   32|     ap_ovld|                  n_patches|       pointer|
|n_patches_o_ap_vld               |  out|    1|     ap_ovld|                  n_patches|       pointer|
|GDarray_address0                 |  out|   11|   ap_memory|                    GDarray|         array|
|GDarray_ce0                      |  out|    1|   ap_memory|                    GDarray|         array|
|GDarray_q0                       |   in|  192|   ap_memory|                    GDarray|         array|
|GDn_points_address0              |  out|    3|   ap_memory|                 GDn_points|         array|
|GDn_points_ce0                   |  out|    1|   ap_memory|                 GDn_points|         array|
|GDn_points_q0                    |   in|   32|   ap_memory|                 GDn_points|         array|
|patches_superpoints_0_address0   |  out|   10|   ap_memory|      patches_superpoints_0|         array|
|patches_superpoints_0_ce0        |  out|    1|   ap_memory|      patches_superpoints_0|         array|
|patches_superpoints_0_we0        |  out|    1|   ap_memory|      patches_superpoints_0|         array|
|patches_superpoints_0_d0         |  out|   64|   ap_memory|      patches_superpoints_0|         array|
|patches_superpoints_0_q0         |   in|   64|   ap_memory|      patches_superpoints_0|         array|
|patches_superpoints_1_address0   |  out|   10|   ap_memory|      patches_superpoints_1|         array|
|patches_superpoints_1_ce0        |  out|    1|   ap_memory|      patches_superpoints_1|         array|
|patches_superpoints_1_we0        |  out|    1|   ap_memory|      patches_superpoints_1|         array|
|patches_superpoints_1_d0         |  out|   64|   ap_memory|      patches_superpoints_1|         array|
|patches_superpoints_1_q0         |   in|   64|   ap_memory|      patches_superpoints_1|         array|
|patches_superpoints_2_address0   |  out|   10|   ap_memory|      patches_superpoints_2|         array|
|patches_superpoints_2_ce0        |  out|    1|   ap_memory|      patches_superpoints_2|         array|
|patches_superpoints_2_we0        |  out|    1|   ap_memory|      patches_superpoints_2|         array|
|patches_superpoints_2_d0         |  out|   64|   ap_memory|      patches_superpoints_2|         array|
|patches_superpoints_2_q0         |   in|   64|   ap_memory|      patches_superpoints_2|         array|
|patches_superpoints_3_address0   |  out|   10|   ap_memory|      patches_superpoints_3|         array|
|patches_superpoints_3_ce0        |  out|    1|   ap_memory|      patches_superpoints_3|         array|
|patches_superpoints_3_we0        |  out|    1|   ap_memory|      patches_superpoints_3|         array|
|patches_superpoints_3_d0         |  out|   64|   ap_memory|      patches_superpoints_3|         array|
|patches_superpoints_3_q0         |   in|   64|   ap_memory|      patches_superpoints_3|         array|
|patches_superpoints_4_address0   |  out|   10|   ap_memory|      patches_superpoints_4|         array|
|patches_superpoints_4_ce0        |  out|    1|   ap_memory|      patches_superpoints_4|         array|
|patches_superpoints_4_we0        |  out|    1|   ap_memory|      patches_superpoints_4|         array|
|patches_superpoints_4_d0         |  out|   64|   ap_memory|      patches_superpoints_4|         array|
|patches_superpoints_4_q0         |   in|   64|   ap_memory|      patches_superpoints_4|         array|
|patches_superpoints_5_address0   |  out|   10|   ap_memory|      patches_superpoints_5|         array|
|patches_superpoints_5_ce0        |  out|    1|   ap_memory|      patches_superpoints_5|         array|
|patches_superpoints_5_we0        |  out|    1|   ap_memory|      patches_superpoints_5|         array|
|patches_superpoints_5_d0         |  out|   64|   ap_memory|      patches_superpoints_5|         array|
|patches_superpoints_5_q0         |   in|   64|   ap_memory|      patches_superpoints_5|         array|
|patches_superpoints_6_address0   |  out|   10|   ap_memory|      patches_superpoints_6|         array|
|patches_superpoints_6_ce0        |  out|    1|   ap_memory|      patches_superpoints_6|         array|
|patches_superpoints_6_we0        |  out|    1|   ap_memory|      patches_superpoints_6|         array|
|patches_superpoints_6_d0         |  out|   64|   ap_memory|      patches_superpoints_6|         array|
|patches_superpoints_6_q0         |   in|   64|   ap_memory|      patches_superpoints_6|         array|
|patches_superpoints_7_address0   |  out|   10|   ap_memory|      patches_superpoints_7|         array|
|patches_superpoints_7_ce0        |  out|    1|   ap_memory|      patches_superpoints_7|         array|
|patches_superpoints_7_we0        |  out|    1|   ap_memory|      patches_superpoints_7|         array|
|patches_superpoints_7_d0         |  out|   64|   ap_memory|      patches_superpoints_7|         array|
|patches_superpoints_7_q0         |   in|   64|   ap_memory|      patches_superpoints_7|         array|
|patches_superpoints_8_address0   |  out|   10|   ap_memory|      patches_superpoints_8|         array|
|patches_superpoints_8_ce0        |  out|    1|   ap_memory|      patches_superpoints_8|         array|
|patches_superpoints_8_we0        |  out|    1|   ap_memory|      patches_superpoints_8|         array|
|patches_superpoints_8_d0         |  out|   64|   ap_memory|      patches_superpoints_8|         array|
|patches_superpoints_8_q0         |   in|   64|   ap_memory|      patches_superpoints_8|         array|
|patches_superpoints_9_address0   |  out|   10|   ap_memory|      patches_superpoints_9|         array|
|patches_superpoints_9_ce0        |  out|    1|   ap_memory|      patches_superpoints_9|         array|
|patches_superpoints_9_we0        |  out|    1|   ap_memory|      patches_superpoints_9|         array|
|patches_superpoints_9_d0         |  out|   64|   ap_memory|      patches_superpoints_9|         array|
|patches_superpoints_9_q0         |   in|   64|   ap_memory|      patches_superpoints_9|         array|
|patches_superpoints_10_address0  |  out|   10|   ap_memory|     patches_superpoints_10|         array|
|patches_superpoints_10_ce0       |  out|    1|   ap_memory|     patches_superpoints_10|         array|
|patches_superpoints_10_we0       |  out|    1|   ap_memory|     patches_superpoints_10|         array|
|patches_superpoints_10_d0        |  out|   64|   ap_memory|     patches_superpoints_10|         array|
|patches_superpoints_10_q0        |   in|   64|   ap_memory|     patches_superpoints_10|         array|
|patches_superpoints_11_address0  |  out|   10|   ap_memory|     patches_superpoints_11|         array|
|patches_superpoints_11_ce0       |  out|    1|   ap_memory|     patches_superpoints_11|         array|
|patches_superpoints_11_we0       |  out|    1|   ap_memory|     patches_superpoints_11|         array|
|patches_superpoints_11_d0        |  out|   64|   ap_memory|     patches_superpoints_11|         array|
|patches_superpoints_11_q0        |   in|   64|   ap_memory|     patches_superpoints_11|         array|
|patches_superpoints_12_address0  |  out|   10|   ap_memory|     patches_superpoints_12|         array|
|patches_superpoints_12_ce0       |  out|    1|   ap_memory|     patches_superpoints_12|         array|
|patches_superpoints_12_we0       |  out|    1|   ap_memory|     patches_superpoints_12|         array|
|patches_superpoints_12_d0        |  out|   64|   ap_memory|     patches_superpoints_12|         array|
|patches_superpoints_12_q0        |   in|   64|   ap_memory|     patches_superpoints_12|         array|
|patches_superpoints_13_address0  |  out|   10|   ap_memory|     patches_superpoints_13|         array|
|patches_superpoints_13_ce0       |  out|    1|   ap_memory|     patches_superpoints_13|         array|
|patches_superpoints_13_we0       |  out|    1|   ap_memory|     patches_superpoints_13|         array|
|patches_superpoints_13_d0        |  out|   64|   ap_memory|     patches_superpoints_13|         array|
|patches_superpoints_13_q0        |   in|   64|   ap_memory|     patches_superpoints_13|         array|
|patches_superpoints_14_address0  |  out|   10|   ap_memory|     patches_superpoints_14|         array|
|patches_superpoints_14_ce0       |  out|    1|   ap_memory|     patches_superpoints_14|         array|
|patches_superpoints_14_we0       |  out|    1|   ap_memory|     patches_superpoints_14|         array|
|patches_superpoints_14_d0        |  out|   64|   ap_memory|     patches_superpoints_14|         array|
|patches_superpoints_14_q0        |   in|   64|   ap_memory|     patches_superpoints_14|         array|
|patches_superpoints_15_address0  |  out|   10|   ap_memory|     patches_superpoints_15|         array|
|patches_superpoints_15_ce0       |  out|    1|   ap_memory|     patches_superpoints_15|         array|
|patches_superpoints_15_we0       |  out|    1|   ap_memory|     patches_superpoints_15|         array|
|patches_superpoints_15_d0        |  out|   64|   ap_memory|     patches_superpoints_15|         array|
|patches_superpoints_15_q0        |   in|   64|   ap_memory|     patches_superpoints_15|         array|
|patches_superpoints_16_address0  |  out|   10|   ap_memory|     patches_superpoints_16|         array|
|patches_superpoints_16_ce0       |  out|    1|   ap_memory|     patches_superpoints_16|         array|
|patches_superpoints_16_we0       |  out|    1|   ap_memory|     patches_superpoints_16|         array|
|patches_superpoints_16_d0        |  out|   64|   ap_memory|     patches_superpoints_16|         array|
|patches_superpoints_16_q0        |   in|   64|   ap_memory|     patches_superpoints_16|         array|
|patches_superpoints_17_address0  |  out|   10|   ap_memory|     patches_superpoints_17|         array|
|patches_superpoints_17_ce0       |  out|    1|   ap_memory|     patches_superpoints_17|         array|
|patches_superpoints_17_we0       |  out|    1|   ap_memory|     patches_superpoints_17|         array|
|patches_superpoints_17_d0        |  out|   64|   ap_memory|     patches_superpoints_17|         array|
|patches_superpoints_17_q0        |   in|   64|   ap_memory|     patches_superpoints_17|         array|
|patches_superpoints_18_address0  |  out|   10|   ap_memory|     patches_superpoints_18|         array|
|patches_superpoints_18_ce0       |  out|    1|   ap_memory|     patches_superpoints_18|         array|
|patches_superpoints_18_we0       |  out|    1|   ap_memory|     patches_superpoints_18|         array|
|patches_superpoints_18_d0        |  out|   64|   ap_memory|     patches_superpoints_18|         array|
|patches_superpoints_18_q0        |   in|   64|   ap_memory|     patches_superpoints_18|         array|
|patches_superpoints_19_address0  |  out|   10|   ap_memory|     patches_superpoints_19|         array|
|patches_superpoints_19_ce0       |  out|    1|   ap_memory|     patches_superpoints_19|         array|
|patches_superpoints_19_we0       |  out|    1|   ap_memory|     patches_superpoints_19|         array|
|patches_superpoints_19_d0        |  out|   64|   ap_memory|     patches_superpoints_19|         array|
|patches_superpoints_19_q0        |   in|   64|   ap_memory|     patches_superpoints_19|         array|
|patches_superpoints_20_address0  |  out|   10|   ap_memory|     patches_superpoints_20|         array|
|patches_superpoints_20_ce0       |  out|    1|   ap_memory|     patches_superpoints_20|         array|
|patches_superpoints_20_we0       |  out|    1|   ap_memory|     patches_superpoints_20|         array|
|patches_superpoints_20_d0        |  out|   64|   ap_memory|     patches_superpoints_20|         array|
|patches_superpoints_20_q0        |   in|   64|   ap_memory|     patches_superpoints_20|         array|
|patches_superpoints_21_address0  |  out|   10|   ap_memory|     patches_superpoints_21|         array|
|patches_superpoints_21_ce0       |  out|    1|   ap_memory|     patches_superpoints_21|         array|
|patches_superpoints_21_we0       |  out|    1|   ap_memory|     patches_superpoints_21|         array|
|patches_superpoints_21_d0        |  out|   64|   ap_memory|     patches_superpoints_21|         array|
|patches_superpoints_21_q0        |   in|   64|   ap_memory|     patches_superpoints_21|         array|
|patches_superpoints_22_address0  |  out|   10|   ap_memory|     patches_superpoints_22|         array|
|patches_superpoints_22_ce0       |  out|    1|   ap_memory|     patches_superpoints_22|         array|
|patches_superpoints_22_we0       |  out|    1|   ap_memory|     patches_superpoints_22|         array|
|patches_superpoints_22_d0        |  out|   64|   ap_memory|     patches_superpoints_22|         array|
|patches_superpoints_22_q0        |   in|   64|   ap_memory|     patches_superpoints_22|         array|
|patches_superpoints_23_address0  |  out|   10|   ap_memory|     patches_superpoints_23|         array|
|patches_superpoints_23_ce0       |  out|    1|   ap_memory|     patches_superpoints_23|         array|
|patches_superpoints_23_we0       |  out|    1|   ap_memory|     patches_superpoints_23|         array|
|patches_superpoints_23_d0        |  out|   64|   ap_memory|     patches_superpoints_23|         array|
|patches_superpoints_23_q0        |   in|   64|   ap_memory|     patches_superpoints_23|         array|
|patches_superpoints_24_address0  |  out|   10|   ap_memory|     patches_superpoints_24|         array|
|patches_superpoints_24_ce0       |  out|    1|   ap_memory|     patches_superpoints_24|         array|
|patches_superpoints_24_we0       |  out|    1|   ap_memory|     patches_superpoints_24|         array|
|patches_superpoints_24_d0        |  out|   64|   ap_memory|     patches_superpoints_24|         array|
|patches_superpoints_24_q0        |   in|   64|   ap_memory|     patches_superpoints_24|         array|
|patches_superpoints_25_address0  |  out|   10|   ap_memory|     patches_superpoints_25|         array|
|patches_superpoints_25_ce0       |  out|    1|   ap_memory|     patches_superpoints_25|         array|
|patches_superpoints_25_we0       |  out|    1|   ap_memory|     patches_superpoints_25|         array|
|patches_superpoints_25_d0        |  out|   64|   ap_memory|     patches_superpoints_25|         array|
|patches_superpoints_25_q0        |   in|   64|   ap_memory|     patches_superpoints_25|         array|
|patches_superpoints_26_address0  |  out|   10|   ap_memory|     patches_superpoints_26|         array|
|patches_superpoints_26_ce0       |  out|    1|   ap_memory|     patches_superpoints_26|         array|
|patches_superpoints_26_we0       |  out|    1|   ap_memory|     patches_superpoints_26|         array|
|patches_superpoints_26_d0        |  out|   64|   ap_memory|     patches_superpoints_26|         array|
|patches_superpoints_26_q0        |   in|   64|   ap_memory|     patches_superpoints_26|         array|
|patches_superpoints_27_address0  |  out|   10|   ap_memory|     patches_superpoints_27|         array|
|patches_superpoints_27_ce0       |  out|    1|   ap_memory|     patches_superpoints_27|         array|
|patches_superpoints_27_we0       |  out|    1|   ap_memory|     patches_superpoints_27|         array|
|patches_superpoints_27_d0        |  out|   64|   ap_memory|     patches_superpoints_27|         array|
|patches_superpoints_27_q0        |   in|   64|   ap_memory|     patches_superpoints_27|         array|
|patches_superpoints_28_address0  |  out|   10|   ap_memory|     patches_superpoints_28|         array|
|patches_superpoints_28_ce0       |  out|    1|   ap_memory|     patches_superpoints_28|         array|
|patches_superpoints_28_we0       |  out|    1|   ap_memory|     patches_superpoints_28|         array|
|patches_superpoints_28_d0        |  out|   64|   ap_memory|     patches_superpoints_28|         array|
|patches_superpoints_28_q0        |   in|   64|   ap_memory|     patches_superpoints_28|         array|
|patches_superpoints_29_address0  |  out|   10|   ap_memory|     patches_superpoints_29|         array|
|patches_superpoints_29_ce0       |  out|    1|   ap_memory|     patches_superpoints_29|         array|
|patches_superpoints_29_we0       |  out|    1|   ap_memory|     patches_superpoints_29|         array|
|patches_superpoints_29_d0        |  out|   64|   ap_memory|     patches_superpoints_29|         array|
|patches_superpoints_29_q0        |   in|   64|   ap_memory|     patches_superpoints_29|         array|
|patches_superpoints_30_address0  |  out|   10|   ap_memory|     patches_superpoints_30|         array|
|patches_superpoints_30_ce0       |  out|    1|   ap_memory|     patches_superpoints_30|         array|
|patches_superpoints_30_we0       |  out|    1|   ap_memory|     patches_superpoints_30|         array|
|patches_superpoints_30_d0        |  out|   64|   ap_memory|     patches_superpoints_30|         array|
|patches_superpoints_30_q0        |   in|   64|   ap_memory|     patches_superpoints_30|         array|
|patches_superpoints_31_address0  |  out|   10|   ap_memory|     patches_superpoints_31|         array|
|patches_superpoints_31_ce0       |  out|    1|   ap_memory|     patches_superpoints_31|         array|
|patches_superpoints_31_we0       |  out|    1|   ap_memory|     patches_superpoints_31|         array|
|patches_superpoints_31_d0        |  out|   64|   ap_memory|     patches_superpoints_31|         array|
|patches_superpoints_31_q0        |   in|   64|   ap_memory|     patches_superpoints_31|         array|
|patches_parameters_0_address0    |  out|   10|   ap_memory|       patches_parameters_0|         array|
|patches_parameters_0_ce0         |  out|    1|   ap_memory|       patches_parameters_0|         array|
|patches_parameters_0_we0         |  out|    1|   ap_memory|       patches_parameters_0|         array|
|patches_parameters_0_d0          |  out|   64|   ap_memory|       patches_parameters_0|         array|
|patches_parameters_1_address0    |  out|   10|   ap_memory|       patches_parameters_1|         array|
|patches_parameters_1_ce0         |  out|    1|   ap_memory|       patches_parameters_1|         array|
|patches_parameters_1_we0         |  out|    1|   ap_memory|       patches_parameters_1|         array|
|patches_parameters_1_d0          |  out|   64|   ap_memory|       patches_parameters_1|         array|
|patches_parameters_2_address0    |  out|   10|   ap_memory|       patches_parameters_2|         array|
|patches_parameters_2_ce0         |  out|    1|   ap_memory|       patches_parameters_2|         array|
|patches_parameters_2_we0         |  out|    1|   ap_memory|       patches_parameters_2|         array|
|patches_parameters_2_d0          |  out|   64|   ap_memory|       patches_parameters_2|         array|
|patches_parameters_3_address0    |  out|   10|   ap_memory|       patches_parameters_3|         array|
|patches_parameters_3_ce0         |  out|    1|   ap_memory|       patches_parameters_3|         array|
|patches_parameters_3_we0         |  out|    1|   ap_memory|       patches_parameters_3|         array|
|patches_parameters_3_d0          |  out|   64|   ap_memory|       patches_parameters_3|         array|
|patches_parameters_4_address0    |  out|   10|   ap_memory|       patches_parameters_4|         array|
|patches_parameters_4_ce0         |  out|    1|   ap_memory|       patches_parameters_4|         array|
|patches_parameters_4_we0         |  out|    1|   ap_memory|       patches_parameters_4|         array|
|patches_parameters_4_d0          |  out|   64|   ap_memory|       patches_parameters_4|         array|
|patches_parameters_4_q0          |   in|   64|   ap_memory|       patches_parameters_4|         array|
|apexZ0                           |   in|   64|     ap_none|                     apexZ0|        scalar|
|z_top                            |   in|   64|     ap_none|                      z_top|        scalar|
|p_read                           |   in|   32|     ap_none|                     p_read|        scalar|
|temp_address0                    |  out|   10|   ap_memory|                       temp|         array|
|temp_ce0                         |  out|    1|   ap_memory|                       temp|         array|
|temp_we0                         |  out|    1|   ap_memory|                       temp|         array|
|temp_d0                          |  out|   64|   ap_memory|                       temp|         array|
|temp_q0                          |   in|   64|   ap_memory|                       temp|         array|
|temp_address1                    |  out|   10|   ap_memory|                       temp|         array|
|temp_ce1                         |  out|    1|   ap_memory|                       temp|         array|
|temp_q1                          |   in|   64|   ap_memory|                       temp|         array|
+---------------------------------+-----+-----+------------+---------------------------+--------------+

