

================================================================
== Vitis HLS Report for 'solveNextPatchPair'
================================================================
* Date:           Thu Jul 11 15:47:19 2024

* Version:        2020.2 (Build 3064766 on Wed Nov 18 09:12:45 MST 2020)
* Project:        PatchMaker_tanishGit
* Solution:       solution1 (Vivado IP Flow Target)
* Product family: virtexuplus
* Target device:  xcvu19p-fsvb3824-2-e


================================================================
== Performance Estimates
================================================================
+ Timing: 
    * Summary: 
    +--------+----------+----------+------------+
    |  Clock |  Target  | Estimated| Uncertainty|
    +--------+----------+----------+------------+
    |ap_clk  |  10.00 ns|  7.300 ns|     2.70 ns|
    +--------+----------+----------+------------+

+ Latency: 
    * Summary: 
    +---------+---------+----------+----------+-----+-----+---------+
    |  Latency (cycles) |  Latency (absolute) |  Interval | Pipeline|
    |   min   |   max   |    min   |    max   | min | max |   Type  |
    +---------+---------+----------+----------+-----+-----+---------+
    |        ?|        ?|         ?|         ?|    ?|    ?|     none|
    +---------+---------+----------+----------+-----+-----+---------+

    + Detail: 
        * Instance: 
        +-------------------------------------------------+-------------------------------------+---------+---------+-----------+-----------+-----+-----+---------+
        |                                                 |                                     |  Latency (cycles) |   Latency (absolute)  |  Interval | Pipeline|
        |                     Instance                    |                Module               |   min   |   max   |    min    |    max    | min | max |   Type  |
        +-------------------------------------------------+-------------------------------------+---------+---------+-----------+-----------+-----+-----+---------+
        |grp_makeThirdPatch_fu_1575                       |makeThirdPatch                       |        ?|        ?|          ?|          ?|    ?|    ?|     none|
        |grp_solveComplmentaryPatch_fu_1680               |solveComplmentaryPatch               |        ?|        ?|          ?|          ?|    ?|    ?|     none|
        |grp_makePatch_alignedToLine_1_fu_1792            |makePatch_alignedToLine_1            |        ?|        ?|          ?|          ?|    ?|    ?|     none|
        |grp_makePatch_alignedToLine_fu_1895              |makePatch_alignedToLine              |        ?|        ?|          ?|          ?|    ?|    ?|     none|
        |grp_straightLineProjectorFromLayerIJtoK_fu_1997  |straightLineProjectorFromLayerIJtoK  |       11|       11|   0.110 us|   0.110 us|    1|    1|      yes|
        |grp_areWedgeSuperPointsEqual_1_fu_2013           |areWedgeSuperPointsEqual_1           |        2|        2|  20.000 ns|  20.000 ns|    1|    1|      yes|
        |grp_areWedgeSuperPointsEqual_fu_2086             |areWedgeSuperPointsEqual             |        3|        3|  30.000 ns|  30.000 ns|    2|    2|      yes|
        +-------------------------------------------------+-------------------------------------+---------+---------+-----------+-----------+-----+-----+---------+

        * Loop: 
        +-----------------------------+---------+---------+----------+-----------+-----------+-------+----------+
        |                             |  Latency (cycles) | Iteration|  Initiation Interval  |  Trip |          |
        |          Loop Name          |   min   |   max   |  Latency |  achieved |   target  | Count | Pipelined|
        +-----------------------------+---------+---------+----------+-----------+-----------+-------+----------+
        |- superPointEqualCheck_loop  |        6|       41|     6 ~ 7|          -|          -|  1 ~ 5|        no|
        |- solvePatchPair_loop        |        ?|        ?|         ?|          -|          -|      ?|        no|
        +-----------------------------+---------+---------+----------+-----------+-----------+-------+----------+



================================================================
== Utilization Estimates
================================================================
* Summary: 
+---------------------+---------+------+---------+---------+-----+
|         Name        | BRAM_18K|  DSP |    FF   |   LUT   | URAM|
+---------------------+---------+------+---------+---------+-----+
|DSP                  |        -|     -|        -|        -|    -|
|Expression           |        -|     -|        0|     1101|    -|
|FIFO                 |        -|     -|        -|        -|    -|
|Instance             |       88|   316|    52323|   166673|    -|
|Memory               |        4|     -|       66|       68|    -|
|Multiplexer          |        -|     -|        -|     9360|    -|
|Register             |        -|     -|     1118|        -|    -|
+---------------------+---------+------+---------+---------+-----+
|Total                |       92|   316|    53507|   177202|    0|
+---------------------+---------+------+---------+---------+-----+
|Available SLR        |     1080|   960|  2042880|  1021440|   80|
+---------------------+---------+------+---------+---------+-----+
|Utilization SLR (%)  |        8|    32|        2|       17|    0|
+---------------------+---------+------+---------+---------+-----+
|Available            |     4320|  3840|  8171520|  4085760|  320|
+---------------------+---------+------+---------+---------+-----+
|Utilization (%)      |        2|     8|       ~0|        4|    0|
+---------------------+---------+------+---------+---------+-----+

+ Detail: 
    * Instance: 
    +-------------------------------------------------+-------------------------------------+---------+-----+-------+-------+-----+
    |                     Instance                    |                Module               | BRAM_18K| DSP |   FF  |  LUT  | URAM|
    +-------------------------------------------------+-------------------------------------+---------+-----+-------+-------+-----+
    |grp_areWedgeSuperPointsEqual_fu_2086             |areWedgeSuperPointsEqual             |        0|    0|     17|   2874|    0|
    |grp_areWedgeSuperPointsEqual_1_fu_2013           |areWedgeSuperPointsEqual_1           |        0|    0|      3|   2894|    0|
    |dcmp_64ns_64ns_1_2_no_dsp_1_U614                 |dcmp_64ns_64ns_1_2_no_dsp_1          |        0|    0|      0|      0|    0|
    |grp_makePatch_alignedToLine_fu_1895              |makePatch_alignedToLine              |       22|   47|   8071|  22632|    0|
    |grp_makePatch_alignedToLine_1_fu_1792            |makePatch_alignedToLine_1            |       22|   59|   9571|  27656|    0|
    |grp_makeThirdPatch_fu_1575                       |makeThirdPatch                       |       22|   83|  18036|  49326|    0|
    |sitodp_64ns_64_2_no_dsp_1_U615                   |sitodp_64ns_64_2_no_dsp_1            |        0|    0|      0|      0|    0|
    |sitofp_32ns_32_2_no_dsp_1_U616                   |sitofp_32ns_32_2_no_dsp_1            |        0|    0|      0|      0|    0|
    |sitofp_32ns_32_2_no_dsp_1_U617                   |sitofp_32ns_32_2_no_dsp_1            |        0|    0|      0|      0|    0|
    |grp_solveComplmentaryPatch_fu_1680               |solveComplmentaryPatch               |       22|  109|  14276|  53653|    0|
    |grp_straightLineProjectorFromLayerIJtoK_fu_1997  |straightLineProjectorFromLayerIJtoK  |        0|    6|    783|   2546|    0|
    |grp_straightLineProjectorFromLayerIJtoK_fu_3707  |straightLineProjectorFromLayerIJtoK  |        0|    6|    783|   2546|    0|
    |grp_straightLineProjectorFromLayerIJtoK_fu_3722  |straightLineProjectorFromLayerIJtoK  |        0|    6|    783|   2546|    0|
    +-------------------------------------------------+-------------------------------------+---------+-----+-------+-------+-----+
    |Total                                            |                                     |       88|  316|  52323| 166673|    0|
    +-------------------------------------------------+-------------------------------------+---------+-----+-------+-------+-----+

    * DSP: 
    N/A

    * Memory: 
    +----------------------------+---------------------------------------------+---------+----+----+-----+------+-----+------+-------------+
    |           Memory           |                    Module                   | BRAM_18K| FF | LUT| URAM| Words| Bits| Banks| W*Bits*Banks|
    +----------------------------+---------------------------------------------+---------+----+----+-----+------+-----+------+-------------+
    |NPpatches_parameters_229_U  |solveNextPatchPair_NPpatches_parameters_229  |        0|  64|  65|    0|    24|   64|     1|         1536|
    |NPpatches_parameters_330_U  |solveNextPatchPair_NPpatches_parameters_330  |        0|   2|   3|    0|    24|    1|     1|           24|
    |temp_U                      |solveNextPatchPair_temp                      |        4|   0|   0|    0|   768|   64|     1|        49152|
    +----------------------------+---------------------------------------------+---------+----+----+-----+------+-----+------+-------------+
    |Total                       |                                             |        4|  66|  68|    0|   816|  129|     3|        50712|
    +----------------------------+---------------------------------------------+---------+----+----+-----+------+-----+------+-------------+

    * FIFO: 
    N/A

    * Expression: 
    +----------------------------------+----------+----+---+----+------------+------------+
    |           Variable Name          | Operation| DSP| FF| LUT| Bitwidth P0| Bitwidth P1|
    +----------------------------------+----------+----+---+----+------------+------------+
    |add_ln510_fu_2258_p2              |         +|   0|  0|  39|          32|           1|
    |add_ln579_fu_2298_p2              |         +|   0|  0|  10|           3|           1|
    |grp_fu_2105_p2                    |         +|   0|  0|  39|          32|           2|
    |lastPatchIndex_1_fu_2381_p2       |         +|   0|  0|  12|           5|           2|
    |sub_ln554_fu_2164_p2              |         -|   0|  0|  17|          10|          10|
    |sub_ln555_fu_2211_p2              |         -|   0|  0|  17|          10|          10|
    |sub_ln591_fu_2252_p2              |         -|   0|  0|  17|          10|          10|
    |sub_ln632_fu_2415_p2              |         -|   0|  0|  17|          10|          10|
    |sub_ln633_fu_2456_p2              |         -|   0|  0|  17|          10|          10|
    |sub_ln635_1_fu_2479_p2            |         -|   0|  0|  71|          64|          64|
    |sub_ln635_fu_2473_p2              |         -|   0|  0|  71|          64|          64|
    |sub_ln651_fu_2690_p2              |         -|   0|  0|  17|          10|          10|
    |sub_ln672_fu_2606_p2              |         -|   0|  0|  17|          10|          10|
    |and_ln591_fu_2315_p2              |       and|   0|  0|   2|           1|           1|
    |and_ln603_fu_2345_p2              |       and|   0|  0|   2|           1|           1|
    |and_ln671_1_fu_2568_p2            |       and|   0|  0|   2|           1|           1|
    |and_ln671_fu_2511_p2              |       and|   0|  0|   2|           1|           1|
    |and_ln674_fu_2647_p2              |       and|   0|  0|   2|           1|           1|
    |ap_block_state62_on_subcall_done  |       and|   0|  0|   2|           1|           1|
    |ap_condition_1041                 |       and|   0|  0|   2|           1|           1|
    |icmp_ln574_fu_2287_p2             |      icmp|   0|  0|  20|          32|           2|
    |icmp_ln579_fu_2292_p2             |      icmp|   0|  0|   8|           3|           3|
    |icmp_ln591_fu_2304_p2             |      icmp|   0|  0|  29|          64|          64|
    |icmp_ln594_1_fu_2321_p2           |      icmp|   0|  0|  29|          64|           1|
    |icmp_ln594_fu_2309_p2             |      icmp|   0|  0|  29|          64|           1|
    |icmp_ln603_1_fu_2339_p2           |      icmp|   0|  0|  29|          64|          24|
    |icmp_ln603_fu_2333_p2             |      icmp|   0|  0|  29|          64|          27|
    |icmp_ln606_fu_2351_p2             |      icmp|   0|  0|  29|          64|           1|
    |icmp_ln615_fu_2363_p2             |      icmp|   0|  0|  29|          64|          27|
    |icmp_ln635_fu_2485_p2             |      icmp|   0|  0|  29|          64|          64|
    |icmp_ln671_1_fu_2552_p2           |      icmp|   0|  0|  11|          11|           2|
    |icmp_ln671_2_fu_2558_p2           |      icmp|   0|  0|  24|          52|           1|
    |icmp_ln671_fu_2505_p2             |      icmp|   0|  0|  29|          64|           1|
    |icmp_ln672_fu_2623_p2             |      icmp|   0|  0|  29|          64|          27|
    |icmp_ln673_fu_2629_p2             |      icmp|   0|  0|  29|          64|           3|
    |icmp_ln674_fu_2641_p2             |      icmp|   0|  0|  20|          32|          32|
    |notChoppedPatch_fu_2327_p2        |        or|   0|  0|   2|           1|           1|
    |or_ln554_1_fu_2170_p2             |        or|   0|  0|  10|          10|           1|
    |or_ln554_fu_2134_p2               |        or|   0|  0|  34|          34|           2|
    |or_ln555_1_fu_2217_p2             |        or|   0|  0|  10|          10|           1|
    |or_ln555_fu_2181_p2               |        or|   0|  0|  34|          34|           2|
    |or_ln591_fu_2277_p2               |        or|   0|  0|  10|          10|           1|
    |or_ln606_fu_2357_p2               |        or|   0|  0|   2|           1|           1|
    |or_ln632_fu_2421_p2               |        or|   0|  0|  10|          10|           1|
    |or_ln633_1_fu_2462_p2             |        or|   0|  0|  10|          10|           1|
    |or_ln633_fu_2432_p2               |        or|   0|  0|   7|           7|           1|
    |or_ln651_1_fu_2701_p2             |        or|   0|  0|  10|          10|           1|
    |or_ln651_fu_2660_p2               |        or|   0|  0|  34|          34|           2|
    |or_ln671_fu_2564_p2               |        or|   0|  0|   2|           1|           1|
    |or_ln672_1_fu_2582_p2             |        or|   0|  0|   7|           7|           2|
    |or_ln672_2_fu_2612_p2             |        or|   0|  0|  10|          10|           1|
    |or_ln672_fu_2635_p2               |        or|   0|  0|   2|           1|           1|
    |select_ln615_fu_2369_p3           |    select|   0|  0|  63|           1|          64|
    |white_space_height_fu_2491_p3     |    select|   0|  0|  63|           1|          64|
    |lnot_i_fu_2499_p2                 |       xor|   0|  0|   2|           1|           2|
    |xor_ln642_fu_2756_p2              |       xor|   0|  0|   2|           1|           2|
    +----------------------------------+----------+----+---+----+------------+------------+
    |Total                             |          |   0|  0|1101|        1305|         643|
    +----------------------------------+----------+----+---+----+------------+------------+

    * Multiplexer: 
    +------------------------------------------------------------------+-----+-----------+-----+-----------+
    |                               Name                               | LUT | Input Size| Bits| Total Bits|
    +------------------------------------------------------------------+-----+-----------+-----+-----------+
    |GDarray_address0                                                  |   26|          5|   11|         55|
    |GDarray_ce0                                                       |   26|          5|    1|          5|
    |GDn_points_address0                                               |   31|          6|    3|         18|
    |GDn_points_ce0                                                    |   31|          6|    1|          6|
    |NPpatches_parameters_229_address0                                 |   14|          3|    5|         15|
    |NPpatches_parameters_229_address1                                 |   14|          3|    5|         15|
    |NPpatches_parameters_229_ce0                                      |   14|          3|    1|          3|
    |NPpatches_parameters_229_ce1                                      |   14|          3|    1|          3|
    |NPpatches_parameters_229_d0                                       |   14|          3|   64|        192|
    |NPpatches_parameters_229_d1                                       |   14|          3|   64|        192|
    |NPpatches_parameters_229_we0                                      |   14|          3|    1|          3|
    |NPpatches_parameters_229_we1                                      |   14|          3|    1|          3|
    |NPpatches_parameters_330_address0                                 |   14|          3|    5|         15|
    |NPpatches_parameters_330_address1                                 |   14|          3|    5|         15|
    |NPpatches_parameters_330_ce0                                      |   14|          3|    1|          3|
    |NPpatches_parameters_330_ce1                                      |   14|          3|    1|          3|
    |NPpatches_parameters_330_d0                                       |   14|          3|    1|          3|
    |NPpatches_parameters_330_d1                                       |   14|          3|    1|          3|
    |NPpatches_parameters_330_we0                                      |   14|          3|    1|          3|
    |NPpatches_parameters_330_we1                                      |   14|          3|    1|          3|
    |ap_NS_fsm                                                         |  269|         63|    1|         63|
    |ap_phi_mux_call_phi_fu_1155_p66                                   |    9|          2|    1|          2|
    |ap_phi_mux_empty_62_phi_fu_1322_p64                               |  152|         33|   64|       2112|
    |ap_phi_mux_repeat_original_ph_phi_fu_1227_p4                      |    9|          2|    1|          2|
    |call_reg_1152                                                     |  152|         33|    1|         33|
    |complementary_apexZ0_0_reg_1532                                   |    9|          2|   64|        128|
    |counterUpshift_0_reg_1473                                         |    9|          2|   32|         64|
    |counter_0_reg_1461                                                |    9|          2|   32|         64|
    |current_z_top_index_0_reg_1485                                    |    9|          2|   32|         64|
    |empty_61_reg_1249                                                 |  148|         32|   64|       2048|
    |grp_areWedgeSuperPointsEqual_1_fu_2013_patches_superpoints_30_q0  |  152|         33|   64|       2112|
    |grp_areWedgeSuperPointsEqual_1_fu_2013_patches_superpoints_30_q1  |  152|         33|   64|       2112|
    |grp_areWedgeSuperPointsEqual_1_fu_2013_patches_superpoints_31_q0  |  148|         32|   64|       2048|
    |grp_areWedgeSuperPointsEqual_1_fu_2013_patches_superpoints_31_q1  |  148|         32|   64|       2048|
    |grp_fu_2096_ce                                                    |   14|          3|    1|          3|
    |grp_fu_2096_opcode                                                |   14|          3|    5|         15|
    |grp_fu_2096_p0                                                    |   14|          3|   64|        192|
    |grp_fu_2096_p1                                                    |   14|          3|   64|        192|
    |grp_fu_2101_ce                                                    |   14|          3|    1|          3|
    |grp_fu_2101_p0                                                    |   14|          3|   64|        192|
    |grp_fu_3716_ce                                                    |    9|          2|    1|          2|
    |grp_fu_3719_ce                                                    |    9|          2|    1|          2|
    |grp_straightLineProjectorFromLayerIJtoK_fu_1997_ap_ce             |   14|          3|    1|          3|
    |grp_straightLineProjectorFromLayerIJtoK_fu_1997_ap_start          |   14|          3|    1|          3|
    |grp_straightLineProjectorFromLayerIJtoK_fu_1997_i                 |   14|          3|    3|          9|
    |grp_straightLineProjectorFromLayerIJtoK_fu_1997_j                 |   14|          3|   32|         96|
    |grp_straightLineProjectorFromLayerIJtoK_fu_1997_k                 |   14|          3|    3|          9|
    |grp_straightLineProjectorFromLayerIJtoK_fu_1997_z_i               |   26|          5|   64|        320|
    |grp_straightLineProjectorFromLayerIJtoK_fu_1997_z_j               |   14|          3|   64|        192|
    |grp_straightLineProjectorFromLayerIJtoK_fu_3707_ap_ce             |   14|          3|    1|          3|
    |grp_straightLineProjectorFromLayerIJtoK_fu_3707_ap_start          |   14|          3|    1|          3|
    |grp_straightLineProjectorFromLayerIJtoK_fu_3707_i                 |    9|          2|    3|          6|
    |grp_straightLineProjectorFromLayerIJtoK_fu_3707_j                 |    9|          2|   32|         64|
    |grp_straightLineProjectorFromLayerIJtoK_fu_3707_k                 |    9|          2|    3|          6|
    |grp_straightLineProjectorFromLayerIJtoK_fu_3707_z_i               |    9|          2|   64|        128|
    |grp_straightLineProjectorFromLayerIJtoK_fu_3707_z_j               |    9|          2|   64|        128|
    |grp_straightLineProjectorFromLayerIJtoK_fu_3722_ap_ce             |    9|          2|    1|          2|
    |grp_straightLineProjectorFromLayerIJtoK_fu_3722_ap_start          |    9|          2|    1|          2|
    |i_reg_1140                                                        |    9|          2|    3|          6|
    |lastPatchIndex_0_reg_1430                                         |    9|          2|    5|         10|
    |n_patches_o                                                       |   26|          5|   32|        160|
    |n_patches_o_ap_vld                                                |   26|          5|    1|          5|
    |p_x_assign_reg_1440                                               |    9|          2|   64|        128|
    |patches_parameters_0_address0                                     |   26|          5|   10|         50|
    |patches_parameters_0_address1                                     |   14|          3|   10|         30|
    |patches_parameters_0_ce0                                          |   26|          5|    1|          5|
    |patches_parameters_0_ce1                                          |   14|          3|    1|          3|
    |patches_parameters_0_d0                                           |   26|          5|   64|        320|
    |patches_parameters_0_we0                                          |   26|          5|    1|          5|
    |patches_parameters_1_address0                                     |   26|          5|   10|         50|
    |patches_parameters_1_address1                                     |   14|          3|   10|         30|
    |patches_parameters_1_ce0                                          |   26|          5|    1|          5|
    |patches_parameters_1_ce1                                          |   14|          3|    1|          3|
    |patches_parameters_1_d0                                           |   26|          5|   64|        320|
    |patches_parameters_1_we0                                          |   26|          5|    1|          5|
    |patches_parameters_1_we1                                          |    9|          2|    1|          2|
    |patches_parameters_2_address0                                     |   54|         10|   10|        100|
    |patches_parameters_2_address1                                     |   37|          7|   10|         70|
    |patches_parameters_2_ce0                                          |   31|          6|    1|          6|
    |patches_parameters_2_ce1                                          |   20|          4|    1|          4|
    |patches_parameters_2_d0                                           |   26|          5|   64|        320|
    |patches_parameters_2_we0                                          |   26|          5|    1|          5|
    |patches_parameters_3_address0                                     |   37|          7|   10|         70|
    |patches_parameters_3_address1                                     |   20|          4|   10|         40|
    |patches_parameters_3_ce0                                          |   31|          6|    1|          6|
    |patches_parameters_3_ce1                                          |   20|          4|    1|          4|
    |patches_parameters_3_d0                                           |   26|          5|   64|        320|
    |patches_parameters_3_we0                                          |   26|          5|    1|          5|
    |patches_parameters_4_address0                                     |   26|          5|   10|         50|
    |patches_parameters_4_address1                                     |   14|          3|   10|         30|
    |patches_parameters_4_ce0                                          |   26|          5|    1|          5|
    |patches_parameters_4_ce1                                          |   14|          3|    1|          3|
    |patches_parameters_4_d0                                           |   26|          5|   64|        320|
    |patches_parameters_4_we0                                          |   26|          5|    1|          5|
    |patches_superpoints_0_address0                                    |   54|         10|   10|        100|
    |patches_superpoints_0_address1                                    |   31|          6|   10|         60|
    |patches_superpoints_0_ce0                                         |   49|          9|    1|          9|
    |patches_superpoints_0_ce1                                         |   31|          6|    1|          6|
    |patches_superpoints_0_d0                                          |   26|          5|   64|        320|
    |patches_superpoints_0_we0                                         |   26|          5|    1|          5|
    |patches_superpoints_10_address0                                   |   49|          9|   10|         90|
    |patches_superpoints_10_address1                                   |   26|          5|   10|         50|
    |patches_superpoints_10_ce0                                        |   43|          8|    1|          8|
    |patches_superpoints_10_ce1                                        |   26|          5|    1|          5|
    |patches_superpoints_10_d0                                         |   26|          5|   64|        320|
    |patches_superpoints_10_we0                                        |   26|          5|    1|          5|
    |patches_superpoints_11_address0                                   |   49|          9|   10|         90|
    |patches_superpoints_11_address1                                   |   26|          5|   10|         50|
    |patches_superpoints_11_ce0                                        |   43|          8|    1|          8|
    |patches_superpoints_11_ce1                                        |   26|          5|    1|          5|
    |patches_superpoints_11_d0                                         |   26|          5|   64|        320|
    |patches_superpoints_11_we0                                        |   26|          5|    1|          5|
    |patches_superpoints_12_address0                                   |   49|          9|   10|         90|
    |patches_superpoints_12_address1                                   |   26|          5|   10|         50|
    |patches_superpoints_12_ce0                                        |   43|          8|    1|          8|
    |patches_superpoints_12_ce1                                        |   26|          5|    1|          5|
    |patches_superpoints_12_d0                                         |   26|          5|   64|        320|
    |patches_superpoints_12_we0                                        |   26|          5|    1|          5|
    |patches_superpoints_13_address0                                   |   49|          9|   10|         90|
    |patches_superpoints_13_address1                                   |   26|          5|   10|         50|
    |patches_superpoints_13_ce0                                        |   43|          8|    1|          8|
    |patches_superpoints_13_ce1                                        |   26|          5|    1|          5|
    |patches_superpoints_13_d0                                         |   26|          5|   64|        320|
    |patches_superpoints_13_we0                                        |   26|          5|    1|          5|
    |patches_superpoints_14_address0                                   |   49|          9|   10|         90|
    |patches_superpoints_14_address1                                   |   26|          5|   10|         50|
    |patches_superpoints_14_ce0                                        |   43|          8|    1|          8|
    |patches_superpoints_14_ce1                                        |   26|          5|    1|          5|
    |patches_superpoints_14_d0                                         |   26|          5|   64|        320|
    |patches_superpoints_14_we0                                        |   26|          5|    1|          5|
    |patches_superpoints_15_address0                                   |   49|          9|   10|         90|
    |patches_superpoints_15_address1                                   |   26|          5|   10|         50|
    |patches_superpoints_15_ce0                                        |   43|          8|    1|          8|
    |patches_superpoints_15_ce1                                        |   26|          5|    1|          5|
    |patches_superpoints_15_d0                                         |   26|          5|   64|        320|
    |patches_superpoints_15_we0                                        |   26|          5|    1|          5|
    |patches_superpoints_16_address0                                   |   49|          9|   10|         90|
    |patches_superpoints_16_address1                                   |   26|          5|   10|         50|
    |patches_superpoints_16_ce0                                        |   43|          8|    1|          8|
    |patches_superpoints_16_ce1                                        |   26|          5|    1|          5|
    |patches_superpoints_16_d0                                         |   26|          5|   64|        320|
    |patches_superpoints_16_we0                                        |   26|          5|    1|          5|
    |patches_superpoints_17_address0                                   |   49|          9|   10|         90|
    |patches_superpoints_17_address1                                   |   26|          5|   10|         50|
    |patches_superpoints_17_ce0                                        |   43|          8|    1|          8|
    |patches_superpoints_17_ce1                                        |   26|          5|    1|          5|
    |patches_superpoints_17_d0                                         |   26|          5|   64|        320|
    |patches_superpoints_17_we0                                        |   26|          5|    1|          5|
    |patches_superpoints_18_address0                                   |   49|          9|   10|         90|
    |patches_superpoints_18_address1                                   |   26|          5|   10|         50|
    |patches_superpoints_18_ce0                                        |   43|          8|    1|          8|
    |patches_superpoints_18_ce1                                        |   26|          5|    1|          5|
    |patches_superpoints_18_d0                                         |   26|          5|   64|        320|
    |patches_superpoints_18_we0                                        |   26|          5|    1|          5|
    |patches_superpoints_19_address0                                   |   49|          9|   10|         90|
    |patches_superpoints_19_address1                                   |   26|          5|   10|         50|
    |patches_superpoints_19_ce0                                        |   43|          8|    1|          8|
    |patches_superpoints_19_ce1                                        |   26|          5|    1|          5|
    |patches_superpoints_19_d0                                         |   26|          5|   64|        320|
    |patches_superpoints_19_we0                                        |   26|          5|    1|          5|
    |patches_superpoints_1_address0                                    |   43|          8|   10|         80|
    |patches_superpoints_1_address1                                    |   20|          4|   10|         40|
    |patches_superpoints_1_ce0                                         |   37|          7|    1|          7|
    |patches_superpoints_1_ce1                                         |   20|          4|    1|          4|
    |patches_superpoints_1_d0                                          |   26|          5|   64|        320|
    |patches_superpoints_1_we0                                         |   26|          5|    1|          5|
    |patches_superpoints_20_address0                                   |   49|          9|   10|         90|
    |patches_superpoints_20_address1                                   |   26|          5|   10|         50|
    |patches_superpoints_20_ce0                                        |   43|          8|    1|          8|
    |patches_superpoints_20_ce1                                        |   26|          5|    1|          5|
    |patches_superpoints_20_d0                                         |   26|          5|   64|        320|
    |patches_superpoints_20_we0                                        |   26|          5|    1|          5|
    |patches_superpoints_21_address0                                   |   49|          9|   10|         90|
    |patches_superpoints_21_address1                                   |   26|          5|   10|         50|
    |patches_superpoints_21_ce0                                        |   43|          8|    1|          8|
    |patches_superpoints_21_ce1                                        |   26|          5|    1|          5|
    |patches_superpoints_21_d0                                         |   26|          5|   64|        320|
    |patches_superpoints_21_we0                                        |   26|          5|    1|          5|
    |patches_superpoints_22_address0                                   |   49|          9|   10|         90|
    |patches_superpoints_22_address1                                   |   26|          5|   10|         50|
    |patches_superpoints_22_ce0                                        |   43|          8|    1|          8|
    |patches_superpoints_22_ce1                                        |   26|          5|    1|          5|
    |patches_superpoints_22_d0                                         |   26|          5|   64|        320|
    |patches_superpoints_22_we0                                        |   26|          5|    1|          5|
    |patches_superpoints_23_address0                                   |   49|          9|   10|         90|
    |patches_superpoints_23_address1                                   |   26|          5|   10|         50|
    |patches_superpoints_23_ce0                                        |   43|          8|    1|          8|
    |patches_superpoints_23_ce1                                        |   26|          5|    1|          5|
    |patches_superpoints_23_d0                                         |   26|          5|   64|        320|
    |patches_superpoints_23_we0                                        |   26|          5|    1|          5|
    |patches_superpoints_24_address0                                   |   49|          9|   10|         90|
    |patches_superpoints_24_address1                                   |   26|          5|   10|         50|
    |patches_superpoints_24_ce0                                        |   43|          8|    1|          8|
    |patches_superpoints_24_ce1                                        |   26|          5|    1|          5|
    |patches_superpoints_24_d0                                         |   26|          5|   64|        320|
    |patches_superpoints_24_we0                                        |   26|          5|    1|          5|
    |patches_superpoints_25_address0                                   |   49|          9|   10|         90|
    |patches_superpoints_25_address1                                   |   26|          5|   10|         50|
    |patches_superpoints_25_ce0                                        |   43|          8|    1|          8|
    |patches_superpoints_25_ce1                                        |   26|          5|    1|          5|
    |patches_superpoints_25_d0                                         |   26|          5|   64|        320|
    |patches_superpoints_25_we0                                        |   26|          5|    1|          5|
    |patches_superpoints_26_address0                                   |   49|          9|   10|         90|
    |patches_superpoints_26_address1                                   |   26|          5|   10|         50|
    |patches_superpoints_26_ce0                                        |   43|          8|    1|          8|
    |patches_superpoints_26_ce1                                        |   26|          5|    1|          5|
    |patches_superpoints_26_d0                                         |   26|          5|   64|        320|
    |patches_superpoints_26_we0                                        |   26|          5|    1|          5|
    |patches_superpoints_27_address0                                   |   49|          9|   10|         90|
    |patches_superpoints_27_address1                                   |   26|          5|   10|         50|
    |patches_superpoints_27_ce0                                        |   43|          8|    1|          8|
    |patches_superpoints_27_ce1                                        |   26|          5|    1|          5|
    |patches_superpoints_27_d0                                         |   26|          5|   64|        320|
    |patches_superpoints_27_we0                                        |   26|          5|    1|          5|
    |patches_superpoints_28_address0                                   |   49|          9|   10|         90|
    |patches_superpoints_28_address1                                   |   26|          5|   10|         50|
    |patches_superpoints_28_ce0                                        |   43|          8|    1|          8|
    |patches_superpoints_28_ce1                                        |   26|          5|    1|          5|
    |patches_superpoints_28_d0                                         |   26|          5|   64|        320|
    |patches_superpoints_28_we0                                        |   26|          5|    1|          5|
    |patches_superpoints_29_address0                                   |   49|          9|   10|         90|
    |patches_superpoints_29_address1                                   |   26|          5|   10|         50|
    |patches_superpoints_29_ce0                                        |   43|          8|    1|          8|
    |patches_superpoints_29_ce1                                        |   26|          5|    1|          5|
    |patches_superpoints_29_d0                                         |   26|          5|   64|        320|
    |patches_superpoints_29_we0                                        |   26|          5|    1|          5|
    |patches_superpoints_2_address0                                    |   49|          9|   10|         90|
    |patches_superpoints_2_address1                                    |   26|          5|   10|         50|
    |patches_superpoints_2_ce0                                         |   43|          8|    1|          8|
    |patches_superpoints_2_ce1                                         |   26|          5|    1|          5|
    |patches_superpoints_2_d0                                          |   26|          5|   64|        320|
    |patches_superpoints_2_we0                                         |   26|          5|    1|          5|
    |patches_superpoints_30_address0                                   |   49|          9|   10|         90|
    |patches_superpoints_30_address1                                   |   26|          5|   10|         50|
    |patches_superpoints_30_ce0                                        |   43|          8|    1|          8|
    |patches_superpoints_30_ce1                                        |   26|          5|    1|          5|
    |patches_superpoints_30_d0                                         |   26|          5|   64|        320|
    |patches_superpoints_30_we0                                        |   26|          5|    1|          5|
    |patches_superpoints_31_address0                                   |   49|          9|   10|         90|
    |patches_superpoints_31_address1                                   |   26|          5|   10|         50|
    |patches_superpoints_31_ce0                                        |   43|          8|    1|          8|
    |patches_superpoints_31_ce1                                        |   26|          5|    1|          5|
    |patches_superpoints_31_d0                                         |   26|          5|   64|        320|
    |patches_superpoints_31_we0                                        |   26|          5|    1|          5|
    |patches_superpoints_3_address0                                    |   49|          9|   10|         90|
    |patches_superpoints_3_address1                                    |   26|          5|   10|         50|
    |patches_superpoints_3_ce0                                         |   43|          8|    1|          8|
    |patches_superpoints_3_ce1                                         |   26|          5|    1|          5|
    |patches_superpoints_3_d0                                          |   26|          5|   64|        320|
    |patches_superpoints_3_we0                                         |   26|          5|    1|          5|
    |patches_superpoints_4_address0                                    |   49|          9|   10|         90|
    |patches_superpoints_4_address1                                    |   26|          5|   10|         50|
    |patches_superpoints_4_ce0                                         |   43|          8|    1|          8|
    |patches_superpoints_4_ce1                                         |   26|          5|    1|          5|
    |patches_superpoints_4_d0                                          |   26|          5|   64|        320|
    |patches_superpoints_4_we0                                         |   26|          5|    1|          5|
    |patches_superpoints_5_address0                                    |   49|          9|   10|         90|
    |patches_superpoints_5_address1                                    |   26|          5|   10|         50|
    |patches_superpoints_5_ce0                                         |   43|          8|    1|          8|
    |patches_superpoints_5_ce1                                         |   26|          5|    1|          5|
    |patches_superpoints_5_d0                                          |   26|          5|   64|        320|
    |patches_superpoints_5_we0                                         |   26|          5|    1|          5|
    |patches_superpoints_6_address0                                    |   49|          9|   10|         90|
    |patches_superpoints_6_address1                                    |   26|          5|   10|         50|
    |patches_superpoints_6_ce0                                         |   43|          8|    1|          8|
    |patches_superpoints_6_ce1                                         |   26|          5|    1|          5|
    |patches_superpoints_6_d0                                          |   26|          5|   64|        320|
    |patches_superpoints_6_we0                                         |   26|          5|    1|          5|
    |patches_superpoints_7_address0                                    |   49|          9|   10|         90|
    |patches_superpoints_7_address1                                    |   26|          5|   10|         50|
    |patches_superpoints_7_ce0                                         |   43|          8|    1|          8|
    |patches_superpoints_7_ce1                                         |   26|          5|    1|          5|
    |patches_superpoints_7_d0                                          |   26|          5|   64|        320|
    |patches_superpoints_7_we0                                         |   26|          5|    1|          5|
    |patches_superpoints_8_address0                                    |   49|          9|   10|         90|
    |patches_superpoints_8_address1                                    |   26|          5|   10|         50|
    |patches_superpoints_8_ce0                                         |   43|          8|    1|          8|
    |patches_superpoints_8_ce1                                         |   26|          5|    1|          5|
    |patches_superpoints_8_d0                                          |   26|          5|   64|        320|
    |patches_superpoints_8_we0                                         |   26|          5|    1|          5|
    |patches_superpoints_9_address0                                    |   49|          9|   10|         90|
    |patches_superpoints_9_address1                                    |   26|          5|   10|         50|
    |patches_superpoints_9_ce0                                         |   43|          8|    1|          8|
    |patches_superpoints_9_ce1                                         |   26|          5|    1|          5|
    |patches_superpoints_9_d0                                          |   26|          5|   64|        320|
    |patches_superpoints_9_we0                                         |   26|          5|    1|          5|
    |phi_ln671_reg_1450                                                |    9|          2|    1|          2|
    |ppl_assign_0_reg_1520                                             |    9|          2|   32|         64|
    |previous_z_top_min_0_reg_1497                                     |    9|          2|   64|        128|
    |reg_2111                                                          |    9|          2|   64|        128|
    |reg_2118                                                          |    9|          2|   64|        128|
    |repeat_original_reg_1236                                          |    9|          2|    1|          2|
    |storemerge_reg_1420                                               |    9|          2|   64|        128|
    |temp_address0                                                     |   26|          5|   10|         50|
    |temp_address1                                                     |   26|          5|   10|         50|
    |temp_ce0                                                          |   26|          5|    1|          5|
    |temp_ce1                                                          |   26|          5|    1|          5|
    |temp_d0                                                           |   26|          5|   64|        320|
    |temp_we0                                                          |   26|          5|    1|          5|
    |z_top_min_0_reg_1509                                              |    9|          2|   64|        128|
    |z_top_min_1_reg_1545                                              |    9|          2|   64|        128|
    +------------------------------------------------------------------+-----+-----------+-----+-----------+
    |Total                                                             | 9360|       1834| 5091|      34100|
    +------------------------------------------------------------------+-----+-----------+-----+-----------+

    * Register: 
    +--------------------------------------------------------------+----+----+-----+-----------+
    |                             Name                             | FF | LUT| Bits| Const Bits|
    +--------------------------------------------------------------+----+----+-----+-----------+
    |add_ln510_reg_3191                                            |  32|   0|   32|          0|
    |add_ln579_reg_3229                                            |   3|   0|    3|          0|
    |and_ln603_reg_3403                                            |   1|   0|    1|          0|
    |and_ln671_1_reg_3631                                          |   1|   0|    1|          0|
    |and_ln671_reg_3612                                            |   1|   0|    1|          0|
    |ap_CS_fsm                                                     |  62|   0|   62|          0|
    |call_reg_1152                                                 |   1|   0|    1|          0|
    |complementary_apexZ0_0_reg_1532                               |  64|   0|   64|          0|
    |counterUpshift_0_reg_1473                                     |  32|   0|   32|          0|
    |counter_0_reg_1461                                            |  32|   0|   32|          0|
    |current_z_top_index_0_reg_1485                                |  32|   0|   32|          0|
    |empty_61_reg_1249                                             |  64|   0|   64|          0|
    |grp_areWedgeSuperPointsEqual_1_fu_2013_ap_start_reg           |   1|   0|    1|          0|
    |grp_areWedgeSuperPointsEqual_fu_2086_ap_start_reg             |   1|   0|    1|          0|
    |grp_makePatch_alignedToLine_1_fu_1792_ap_start_reg            |   1|   0|    1|          0|
    |grp_makePatch_alignedToLine_fu_1895_ap_start_reg              |   1|   0|    1|          0|
    |grp_makeThirdPatch_fu_1575_ap_start_reg                       |   1|   0|    1|          0|
    |grp_solveComplmentaryPatch_fu_1680_ap_start_reg               |   1|   0|    1|          0|
    |grp_straightLineProjectorFromLayerIJtoK_fu_1997_ap_start_reg  |   1|   0|    1|          0|
    |i_reg_1140                                                    |   3|   0|    3|          0|
    |icmp_ln574_reg_3221                                           |   1|   0|    1|          0|
    |icmp_ln579_reg_3225                                           |   1|   0|    1|          0|
    |icmp_ln671_1_reg_3621                                         |   1|   0|    1|          0|
    |icmp_ln671_2_reg_3626                                         |   1|   0|    1|          0|
    |lastPatchIndex_0_reg_1430                                     |   5|   0|    5|          0|
    |lastPatchIndex_1_reg_3582                                     |   5|   0|    5|          0|
    |lastPatchIndex_3_reg_3647                                     |  32|   0|   32|          0|
    |lnot_i_reg_3602                                               |   1|   0|    1|          0|
    |madeComplementaryPatch_reg_1558                               |   1|   0|    1|          0|
    |nPatchesAtOriginal_reg_2827                                   |  32|   0|   32|          0|
    |notChoppedPatch_reg_3399                                      |   1|   0|    1|          0|
    |or_ln606_reg_3567                                             |   1|   0|    1|          0|
    |or_ln672_reg_3640                                             |   1|   0|    1|          0|
    |p_x_assign_reg_1440                                           |  64|   0|   64|          0|
    |patches_parameters_2_addr_2_reg_3196                          |   7|   0|   10|          3|
    |patches_parameters_2_addr_3_reg_3201                          |   7|   0|   10|          3|
    |patches_parameters_3_addr_1_reg_3206                          |   7|   0|   10|          3|
    |patches_parameters_3_addr_2_reg_3216                          |   7|   0|   10|          3|
    |patches_parameters_3_addr_reg_3211                            |   7|   0|   10|          3|
    |phi_ln671_reg_1450                                            |   1|   0|    1|          0|
    |ppl_assign3_reg_2820                                          |  32|   0|   32|          0|
    |ppl_assign_0_reg_1520                                         |  32|   0|   32|          0|
    |ppl_assign_s_reg_3576                                         |  32|   0|   32|          0|
    |previous_z_top_min_0_reg_1497                                 |  64|   0|   64|          0|
    |reg_2111                                                      |  64|   0|   64|          0|
    |reg_2118                                                      |  64|   0|   64|          0|
    |repeat_original_ph_reg_1223                                   |   1|   0|    1|          0|
    |repeat_original_reg_1236                                      |   1|   0|    1|          0|
    |storemerge_reg_1420                                           |  64|   0|   64|          0|
    |sub_ln554_reg_2833                                            |   7|   0|   10|          3|
    |sub_ln555_reg_2843                                            |   7|   0|   10|          3|
    |sub_ln591_reg_2853                                            |   7|   0|   10|          3|
    |tmp13_reg_3394                                                |   1|   0|    1|          0|
    |tmp_10_reg_3329                                               |   1|   0|    1|          0|
    |tmp_11_reg_3324                                               |   1|   0|    1|          0|
    |tmp_12_reg_3319                                               |   1|   0|    1|          0|
    |tmp_13_reg_3314                                               |   1|   0|    1|          0|
    |tmp_14_reg_3309                                               |   1|   0|    1|          0|
    |tmp_15_reg_3304                                               |   1|   0|    1|          0|
    |tmp_16_reg_3299                                               |   1|   0|    1|          0|
    |tmp_17_reg_3294                                               |   1|   0|    1|          0|
    |tmp_18_reg_3289                                               |   1|   0|    1|          0|
    |tmp_19_reg_3284                                               |   1|   0|    1|          0|
    |tmp_1_reg_3374                                                |   1|   0|    1|          0|
    |tmp_20_reg_3279                                               |   1|   0|    1|          0|
    |tmp_21_reg_3274                                               |   1|   0|    1|          0|
    |tmp_22_reg_3269                                               |   1|   0|    1|          0|
    |tmp_23_reg_3264                                               |   1|   0|    1|          0|
    |tmp_24_reg_3259                                               |   1|   0|    1|          0|
    |tmp_25_reg_3254                                               |   1|   0|    1|          0|
    |tmp_26_reg_3249                                               |   1|   0|    1|          0|
    |tmp_27_reg_3244                                               |   1|   0|    1|          0|
    |tmp_28_reg_3239                                               |   1|   0|    1|          0|
    |tmp_29_reg_3234                                               |   1|   0|    1|          0|
    |tmp_2_reg_3369                                                |   1|   0|    1|          0|
    |tmp_30_reg_3389                                               |   1|   0|    1|          0|
    |tmp_31_reg_3384                                               |   1|   0|    1|          0|
    |tmp_37_reg_3702                                               |  64|   0|   64|          0|
    |tmp_3_reg_3364                                                |   1|   0|    1|          0|
    |tmp_4_reg_3359                                                |   1|   0|    1|          0|
    |tmp_5_reg_3354                                                |   1|   0|    1|          0|
    |tmp_6_reg_3349                                                |   1|   0|    1|          0|
    |tmp_7_reg_3344                                                |   1|   0|    1|          0|
    |tmp_8_reg_3339                                                |   1|   0|    1|          0|
    |tmp_9_reg_3334                                                |   1|   0|    1|          0|
    |tmp_s_reg_3379                                                |   1|   0|    1|          0|
    |z_top_min_0_reg_1509                                          |  64|   0|   64|          0|
    |z_top_min_1_reg_1545                                          |  64|   0|   64|          0|
    +--------------------------------------------------------------+----+----+-----+-----------+
    |Total                                                         |1118|   0| 1142|         24|
    +--------------------------------------------------------------+----+----+-----+-----------+



================================================================
== Interface
================================================================
* Summary: 
+---------------------------------+-----+-----+------------+------------------------+--------------+
|            RTL Ports            | Dir | Bits|  Protocol  |      Source Object     |    C Type    |
+---------------------------------+-----+-----+------------+------------------------+--------------+
|ap_clk                           |   in|    1|  ap_ctrl_hs|      solveNextPatchPair|  return value|
|ap_rst                           |   in|    1|  ap_ctrl_hs|      solveNextPatchPair|  return value|
|ap_start                         |   in|    1|  ap_ctrl_hs|      solveNextPatchPair|  return value|
|ap_done                          |  out|    1|  ap_ctrl_hs|      solveNextPatchPair|  return value|
|ap_idle                          |  out|    1|  ap_ctrl_hs|      solveNextPatchPair|  return value|
|ap_ready                         |  out|    1|  ap_ctrl_hs|      solveNextPatchPair|  return value|
|ap_return_0                      |  out|   64|  ap_ctrl_hs|      solveNextPatchPair|  return value|
|ap_return_1                      |  out|   32|  ap_ctrl_hs|      solveNextPatchPair|  return value|
|ap_return_2                      |  out|   64|  ap_ctrl_hs|      solveNextPatchPair|  return value|
|ap_return_3                      |  out|   64|  ap_ctrl_hs|      solveNextPatchPair|  return value|
|ap_return_4                      |  out|   64|  ap_ctrl_hs|      solveNextPatchPair|  return value|
|ap_return_5                      |  out|   64|  ap_ctrl_hs|      solveNextPatchPair|  return value|
|ap_return_6                      |  out|   64|  ap_ctrl_hs|      solveNextPatchPair|  return value|
|n_patches_i                      |   in|   32|     ap_ovld|               n_patches|       pointer|
|n_patches_o                      |  out|   32|     ap_ovld|               n_patches|       pointer|
|n_patches_o_ap_vld               |  out|    1|     ap_ovld|               n_patches|       pointer|
|GDarray_address0                 |  out|   11|   ap_memory|                 GDarray|         array|
|GDarray_ce0                      |  out|    1|   ap_memory|                 GDarray|         array|
|GDarray_q0                       |   in|  192|   ap_memory|                 GDarray|         array|
|GDn_points_address0              |  out|    3|   ap_memory|              GDn_points|         array|
|GDn_points_ce0                   |  out|    1|   ap_memory|              GDn_points|         array|
|GDn_points_q0                    |   in|   32|   ap_memory|              GDn_points|         array|
|patches_superpoints_0_address0   |  out|   10|   ap_memory|   patches_superpoints_0|         array|
|patches_superpoints_0_ce0        |  out|    1|   ap_memory|   patches_superpoints_0|         array|
|patches_superpoints_0_we0        |  out|    1|   ap_memory|   patches_superpoints_0|         array|
|patches_superpoints_0_d0         |  out|   64|   ap_memory|   patches_superpoints_0|         array|
|patches_superpoints_0_q0         |   in|   64|   ap_memory|   patches_superpoints_0|         array|
|patches_superpoints_0_address1   |  out|   10|   ap_memory|   patches_superpoints_0|         array|
|patches_superpoints_0_ce1        |  out|    1|   ap_memory|   patches_superpoints_0|         array|
|patches_superpoints_0_q1         |   in|   64|   ap_memory|   patches_superpoints_0|         array|
|patches_superpoints_1_address0   |  out|   10|   ap_memory|   patches_superpoints_1|         array|
|patches_superpoints_1_ce0        |  out|    1|   ap_memory|   patches_superpoints_1|         array|
|patches_superpoints_1_we0        |  out|    1|   ap_memory|   patches_superpoints_1|         array|
|patches_superpoints_1_d0         |  out|   64|   ap_memory|   patches_superpoints_1|         array|
|patches_superpoints_1_q0         |   in|   64|   ap_memory|   patches_superpoints_1|         array|
|patches_superpoints_1_address1   |  out|   10|   ap_memory|   patches_superpoints_1|         array|
|patches_superpoints_1_ce1        |  out|    1|   ap_memory|   patches_superpoints_1|         array|
|patches_superpoints_1_q1         |   in|   64|   ap_memory|   patches_superpoints_1|         array|
|patches_superpoints_2_address0   |  out|   10|   ap_memory|   patches_superpoints_2|         array|
|patches_superpoints_2_ce0        |  out|    1|   ap_memory|   patches_superpoints_2|         array|
|patches_superpoints_2_we0        |  out|    1|   ap_memory|   patches_superpoints_2|         array|
|patches_superpoints_2_d0         |  out|   64|   ap_memory|   patches_superpoints_2|         array|
|patches_superpoints_2_q0         |   in|   64|   ap_memory|   patches_superpoints_2|         array|
|patches_superpoints_2_address1   |  out|   10|   ap_memory|   patches_superpoints_2|         array|
|patches_superpoints_2_ce1        |  out|    1|   ap_memory|   patches_superpoints_2|         array|
|patches_superpoints_2_q1         |   in|   64|   ap_memory|   patches_superpoints_2|         array|
|patches_superpoints_3_address0   |  out|   10|   ap_memory|   patches_superpoints_3|         array|
|patches_superpoints_3_ce0        |  out|    1|   ap_memory|   patches_superpoints_3|         array|
|patches_superpoints_3_we0        |  out|    1|   ap_memory|   patches_superpoints_3|         array|
|patches_superpoints_3_d0         |  out|   64|   ap_memory|   patches_superpoints_3|         array|
|patches_superpoints_3_q0         |   in|   64|   ap_memory|   patches_superpoints_3|         array|
|patches_superpoints_3_address1   |  out|   10|   ap_memory|   patches_superpoints_3|         array|
|patches_superpoints_3_ce1        |  out|    1|   ap_memory|   patches_superpoints_3|         array|
|patches_superpoints_3_q1         |   in|   64|   ap_memory|   patches_superpoints_3|         array|
|patches_superpoints_4_address0   |  out|   10|   ap_memory|   patches_superpoints_4|         array|
|patches_superpoints_4_ce0        |  out|    1|   ap_memory|   patches_superpoints_4|         array|
|patches_superpoints_4_we0        |  out|    1|   ap_memory|   patches_superpoints_4|         array|
|patches_superpoints_4_d0         |  out|   64|   ap_memory|   patches_superpoints_4|         array|
|patches_superpoints_4_q0         |   in|   64|   ap_memory|   patches_superpoints_4|         array|
|patches_superpoints_4_address1   |  out|   10|   ap_memory|   patches_superpoints_4|         array|
|patches_superpoints_4_ce1        |  out|    1|   ap_memory|   patches_superpoints_4|         array|
|patches_superpoints_4_q1         |   in|   64|   ap_memory|   patches_superpoints_4|         array|
|patches_superpoints_5_address0   |  out|   10|   ap_memory|   patches_superpoints_5|         array|
|patches_superpoints_5_ce0        |  out|    1|   ap_memory|   patches_superpoints_5|         array|
|patches_superpoints_5_we0        |  out|    1|   ap_memory|   patches_superpoints_5|         array|
|patches_superpoints_5_d0         |  out|   64|   ap_memory|   patches_superpoints_5|         array|
|patches_superpoints_5_q0         |   in|   64|   ap_memory|   patches_superpoints_5|         array|
|patches_superpoints_5_address1   |  out|   10|   ap_memory|   patches_superpoints_5|         array|
|patches_superpoints_5_ce1        |  out|    1|   ap_memory|   patches_superpoints_5|         array|
|patches_superpoints_5_q1         |   in|   64|   ap_memory|   patches_superpoints_5|         array|
|patches_superpoints_6_address0   |  out|   10|   ap_memory|   patches_superpoints_6|         array|
|patches_superpoints_6_ce0        |  out|    1|   ap_memory|   patches_superpoints_6|         array|
|patches_superpoints_6_we0        |  out|    1|   ap_memory|   patches_superpoints_6|         array|
|patches_superpoints_6_d0         |  out|   64|   ap_memory|   patches_superpoints_6|         array|
|patches_superpoints_6_q0         |   in|   64|   ap_memory|   patches_superpoints_6|         array|
|patches_superpoints_6_address1   |  out|   10|   ap_memory|   patches_superpoints_6|         array|
|patches_superpoints_6_ce1        |  out|    1|   ap_memory|   patches_superpoints_6|         array|
|patches_superpoints_6_q1         |   in|   64|   ap_memory|   patches_superpoints_6|         array|
|patches_superpoints_7_address0   |  out|   10|   ap_memory|   patches_superpoints_7|         array|
|patches_superpoints_7_ce0        |  out|    1|   ap_memory|   patches_superpoints_7|         array|
|patches_superpoints_7_we0        |  out|    1|   ap_memory|   patches_superpoints_7|         array|
|patches_superpoints_7_d0         |  out|   64|   ap_memory|   patches_superpoints_7|         array|
|patches_superpoints_7_q0         |   in|   64|   ap_memory|   patches_superpoints_7|         array|
|patches_superpoints_7_address1   |  out|   10|   ap_memory|   patches_superpoints_7|         array|
|patches_superpoints_7_ce1        |  out|    1|   ap_memory|   patches_superpoints_7|         array|
|patches_superpoints_7_q1         |   in|   64|   ap_memory|   patches_superpoints_7|         array|
|patches_superpoints_8_address0   |  out|   10|   ap_memory|   patches_superpoints_8|         array|
|patches_superpoints_8_ce0        |  out|    1|   ap_memory|   patches_superpoints_8|         array|
|patches_superpoints_8_we0        |  out|    1|   ap_memory|   patches_superpoints_8|         array|
|patches_superpoints_8_d0         |  out|   64|   ap_memory|   patches_superpoints_8|         array|
|patches_superpoints_8_q0         |   in|   64|   ap_memory|   patches_superpoints_8|         array|
|patches_superpoints_8_address1   |  out|   10|   ap_memory|   patches_superpoints_8|         array|
|patches_superpoints_8_ce1        |  out|    1|   ap_memory|   patches_superpoints_8|         array|
|patches_superpoints_8_q1         |   in|   64|   ap_memory|   patches_superpoints_8|         array|
|patches_superpoints_9_address0   |  out|   10|   ap_memory|   patches_superpoints_9|         array|
|patches_superpoints_9_ce0        |  out|    1|   ap_memory|   patches_superpoints_9|         array|
|patches_superpoints_9_we0        |  out|    1|   ap_memory|   patches_superpoints_9|         array|
|patches_superpoints_9_d0         |  out|   64|   ap_memory|   patches_superpoints_9|         array|
|patches_superpoints_9_q0         |   in|   64|   ap_memory|   patches_superpoints_9|         array|
|patches_superpoints_9_address1   |  out|   10|   ap_memory|   patches_superpoints_9|         array|
|patches_superpoints_9_ce1        |  out|    1|   ap_memory|   patches_superpoints_9|         array|
|patches_superpoints_9_q1         |   in|   64|   ap_memory|   patches_superpoints_9|         array|
|patches_superpoints_10_address0  |  out|   10|   ap_memory|  patches_superpoints_10|         array|
|patches_superpoints_10_ce0       |  out|    1|   ap_memory|  patches_superpoints_10|         array|
|patches_superpoints_10_we0       |  out|    1|   ap_memory|  patches_superpoints_10|         array|
|patches_superpoints_10_d0        |  out|   64|   ap_memory|  patches_superpoints_10|         array|
|patches_superpoints_10_q0        |   in|   64|   ap_memory|  patches_superpoints_10|         array|
|patches_superpoints_10_address1  |  out|   10|   ap_memory|  patches_superpoints_10|         array|
|patches_superpoints_10_ce1       |  out|    1|   ap_memory|  patches_superpoints_10|         array|
|patches_superpoints_10_q1        |   in|   64|   ap_memory|  patches_superpoints_10|         array|
|patches_superpoints_11_address0  |  out|   10|   ap_memory|  patches_superpoints_11|         array|
|patches_superpoints_11_ce0       |  out|    1|   ap_memory|  patches_superpoints_11|         array|
|patches_superpoints_11_we0       |  out|    1|   ap_memory|  patches_superpoints_11|         array|
|patches_superpoints_11_d0        |  out|   64|   ap_memory|  patches_superpoints_11|         array|
|patches_superpoints_11_q0        |   in|   64|   ap_memory|  patches_superpoints_11|         array|
|patches_superpoints_11_address1  |  out|   10|   ap_memory|  patches_superpoints_11|         array|
|patches_superpoints_11_ce1       |  out|    1|   ap_memory|  patches_superpoints_11|         array|
|patches_superpoints_11_q1        |   in|   64|   ap_memory|  patches_superpoints_11|         array|
|patches_superpoints_12_address0  |  out|   10|   ap_memory|  patches_superpoints_12|         array|
|patches_superpoints_12_ce0       |  out|    1|   ap_memory|  patches_superpoints_12|         array|
|patches_superpoints_12_we0       |  out|    1|   ap_memory|  patches_superpoints_12|         array|
|patches_superpoints_12_d0        |  out|   64|   ap_memory|  patches_superpoints_12|         array|
|patches_superpoints_12_q0        |   in|   64|   ap_memory|  patches_superpoints_12|         array|
|patches_superpoints_12_address1  |  out|   10|   ap_memory|  patches_superpoints_12|         array|
|patches_superpoints_12_ce1       |  out|    1|   ap_memory|  patches_superpoints_12|         array|
|patches_superpoints_12_q1        |   in|   64|   ap_memory|  patches_superpoints_12|         array|
|patches_superpoints_13_address0  |  out|   10|   ap_memory|  patches_superpoints_13|         array|
|patches_superpoints_13_ce0       |  out|    1|   ap_memory|  patches_superpoints_13|         array|
|patches_superpoints_13_we0       |  out|    1|   ap_memory|  patches_superpoints_13|         array|
|patches_superpoints_13_d0        |  out|   64|   ap_memory|  patches_superpoints_13|         array|
|patches_superpoints_13_q0        |   in|   64|   ap_memory|  patches_superpoints_13|         array|
|patches_superpoints_13_address1  |  out|   10|   ap_memory|  patches_superpoints_13|         array|
|patches_superpoints_13_ce1       |  out|    1|   ap_memory|  patches_superpoints_13|         array|
|patches_superpoints_13_q1        |   in|   64|   ap_memory|  patches_superpoints_13|         array|
|patches_superpoints_14_address0  |  out|   10|   ap_memory|  patches_superpoints_14|         array|
|patches_superpoints_14_ce0       |  out|    1|   ap_memory|  patches_superpoints_14|         array|
|patches_superpoints_14_we0       |  out|    1|   ap_memory|  patches_superpoints_14|         array|
|patches_superpoints_14_d0        |  out|   64|   ap_memory|  patches_superpoints_14|         array|
|patches_superpoints_14_q0        |   in|   64|   ap_memory|  patches_superpoints_14|         array|
|patches_superpoints_14_address1  |  out|   10|   ap_memory|  patches_superpoints_14|         array|
|patches_superpoints_14_ce1       |  out|    1|   ap_memory|  patches_superpoints_14|         array|
|patches_superpoints_14_q1        |   in|   64|   ap_memory|  patches_superpoints_14|         array|
|patches_superpoints_15_address0  |  out|   10|   ap_memory|  patches_superpoints_15|         array|
|patches_superpoints_15_ce0       |  out|    1|   ap_memory|  patches_superpoints_15|         array|
|patches_superpoints_15_we0       |  out|    1|   ap_memory|  patches_superpoints_15|         array|
|patches_superpoints_15_d0        |  out|   64|   ap_memory|  patches_superpoints_15|         array|
|patches_superpoints_15_q0        |   in|   64|   ap_memory|  patches_superpoints_15|         array|
|patches_superpoints_15_address1  |  out|   10|   ap_memory|  patches_superpoints_15|         array|
|patches_superpoints_15_ce1       |  out|    1|   ap_memory|  patches_superpoints_15|         array|
|patches_superpoints_15_q1        |   in|   64|   ap_memory|  patches_superpoints_15|         array|
|patches_superpoints_16_address0  |  out|   10|   ap_memory|  patches_superpoints_16|         array|
|patches_superpoints_16_ce0       |  out|    1|   ap_memory|  patches_superpoints_16|         array|
|patches_superpoints_16_we0       |  out|    1|   ap_memory|  patches_superpoints_16|         array|
|patches_superpoints_16_d0        |  out|   64|   ap_memory|  patches_superpoints_16|         array|
|patches_superpoints_16_q0        |   in|   64|   ap_memory|  patches_superpoints_16|         array|
|patches_superpoints_16_address1  |  out|   10|   ap_memory|  patches_superpoints_16|         array|
|patches_superpoints_16_ce1       |  out|    1|   ap_memory|  patches_superpoints_16|         array|
|patches_superpoints_16_q1        |   in|   64|   ap_memory|  patches_superpoints_16|         array|
|patches_superpoints_17_address0  |  out|   10|   ap_memory|  patches_superpoints_17|         array|
|patches_superpoints_17_ce0       |  out|    1|   ap_memory|  patches_superpoints_17|         array|
|patches_superpoints_17_we0       |  out|    1|   ap_memory|  patches_superpoints_17|         array|
|patches_superpoints_17_d0        |  out|   64|   ap_memory|  patches_superpoints_17|         array|
|patches_superpoints_17_q0        |   in|   64|   ap_memory|  patches_superpoints_17|         array|
|patches_superpoints_17_address1  |  out|   10|   ap_memory|  patches_superpoints_17|         array|
|patches_superpoints_17_ce1       |  out|    1|   ap_memory|  patches_superpoints_17|         array|
|patches_superpoints_17_q1        |   in|   64|   ap_memory|  patches_superpoints_17|         array|
|patches_superpoints_18_address0  |  out|   10|   ap_memory|  patches_superpoints_18|         array|
|patches_superpoints_18_ce0       |  out|    1|   ap_memory|  patches_superpoints_18|         array|
|patches_superpoints_18_we0       |  out|    1|   ap_memory|  patches_superpoints_18|         array|
|patches_superpoints_18_d0        |  out|   64|   ap_memory|  patches_superpoints_18|         array|
|patches_superpoints_18_q0        |   in|   64|   ap_memory|  patches_superpoints_18|         array|
|patches_superpoints_18_address1  |  out|   10|   ap_memory|  patches_superpoints_18|         array|
|patches_superpoints_18_ce1       |  out|    1|   ap_memory|  patches_superpoints_18|         array|
|patches_superpoints_18_q1        |   in|   64|   ap_memory|  patches_superpoints_18|         array|
|patches_superpoints_19_address0  |  out|   10|   ap_memory|  patches_superpoints_19|         array|
|patches_superpoints_19_ce0       |  out|    1|   ap_memory|  patches_superpoints_19|         array|
|patches_superpoints_19_we0       |  out|    1|   ap_memory|  patches_superpoints_19|         array|
|patches_superpoints_19_d0        |  out|   64|   ap_memory|  patches_superpoints_19|         array|
|patches_superpoints_19_q0        |   in|   64|   ap_memory|  patches_superpoints_19|         array|
|patches_superpoints_19_address1  |  out|   10|   ap_memory|  patches_superpoints_19|         array|
|patches_superpoints_19_ce1       |  out|    1|   ap_memory|  patches_superpoints_19|         array|
|patches_superpoints_19_q1        |   in|   64|   ap_memory|  patches_superpoints_19|         array|
|patches_superpoints_20_address0  |  out|   10|   ap_memory|  patches_superpoints_20|         array|
|patches_superpoints_20_ce0       |  out|    1|   ap_memory|  patches_superpoints_20|         array|
|patches_superpoints_20_we0       |  out|    1|   ap_memory|  patches_superpoints_20|         array|
|patches_superpoints_20_d0        |  out|   64|   ap_memory|  patches_superpoints_20|         array|
|patches_superpoints_20_q0        |   in|   64|   ap_memory|  patches_superpoints_20|         array|
|patches_superpoints_20_address1  |  out|   10|   ap_memory|  patches_superpoints_20|         array|
|patches_superpoints_20_ce1       |  out|    1|   ap_memory|  patches_superpoints_20|         array|
|patches_superpoints_20_q1        |   in|   64|   ap_memory|  patches_superpoints_20|         array|
|patches_superpoints_21_address0  |  out|   10|   ap_memory|  patches_superpoints_21|         array|
|patches_superpoints_21_ce0       |  out|    1|   ap_memory|  patches_superpoints_21|         array|
|patches_superpoints_21_we0       |  out|    1|   ap_memory|  patches_superpoints_21|         array|
|patches_superpoints_21_d0        |  out|   64|   ap_memory|  patches_superpoints_21|         array|
|patches_superpoints_21_q0        |   in|   64|   ap_memory|  patches_superpoints_21|         array|
|patches_superpoints_21_address1  |  out|   10|   ap_memory|  patches_superpoints_21|         array|
|patches_superpoints_21_ce1       |  out|    1|   ap_memory|  patches_superpoints_21|         array|
|patches_superpoints_21_q1        |   in|   64|   ap_memory|  patches_superpoints_21|         array|
|patches_superpoints_22_address0  |  out|   10|   ap_memory|  patches_superpoints_22|         array|
|patches_superpoints_22_ce0       |  out|    1|   ap_memory|  patches_superpoints_22|         array|
|patches_superpoints_22_we0       |  out|    1|   ap_memory|  patches_superpoints_22|         array|
|patches_superpoints_22_d0        |  out|   64|   ap_memory|  patches_superpoints_22|         array|
|patches_superpoints_22_q0        |   in|   64|   ap_memory|  patches_superpoints_22|         array|
|patches_superpoints_22_address1  |  out|   10|   ap_memory|  patches_superpoints_22|         array|
|patches_superpoints_22_ce1       |  out|    1|   ap_memory|  patches_superpoints_22|         array|
|patches_superpoints_22_q1        |   in|   64|   ap_memory|  patches_superpoints_22|         array|
|patches_superpoints_23_address0  |  out|   10|   ap_memory|  patches_superpoints_23|         array|
|patches_superpoints_23_ce0       |  out|    1|   ap_memory|  patches_superpoints_23|         array|
|patches_superpoints_23_we0       |  out|    1|   ap_memory|  patches_superpoints_23|         array|
|patches_superpoints_23_d0        |  out|   64|   ap_memory|  patches_superpoints_23|         array|
|patches_superpoints_23_q0        |   in|   64|   ap_memory|  patches_superpoints_23|         array|
|patches_superpoints_23_address1  |  out|   10|   ap_memory|  patches_superpoints_23|         array|
|patches_superpoints_23_ce1       |  out|    1|   ap_memory|  patches_superpoints_23|         array|
|patches_superpoints_23_q1        |   in|   64|   ap_memory|  patches_superpoints_23|         array|
|patches_superpoints_24_address0  |  out|   10|   ap_memory|  patches_superpoints_24|         array|
|patches_superpoints_24_ce0       |  out|    1|   ap_memory|  patches_superpoints_24|         array|
|patches_superpoints_24_we0       |  out|    1|   ap_memory|  patches_superpoints_24|         array|
|patches_superpoints_24_d0        |  out|   64|   ap_memory|  patches_superpoints_24|         array|
|patches_superpoints_24_q0        |   in|   64|   ap_memory|  patches_superpoints_24|         array|
|patches_superpoints_24_address1  |  out|   10|   ap_memory|  patches_superpoints_24|         array|
|patches_superpoints_24_ce1       |  out|    1|   ap_memory|  patches_superpoints_24|         array|
|patches_superpoints_24_q1        |   in|   64|   ap_memory|  patches_superpoints_24|         array|
|patches_superpoints_25_address0  |  out|   10|   ap_memory|  patches_superpoints_25|         array|
|patches_superpoints_25_ce0       |  out|    1|   ap_memory|  patches_superpoints_25|         array|
|patches_superpoints_25_we0       |  out|    1|   ap_memory|  patches_superpoints_25|         array|
|patches_superpoints_25_d0        |  out|   64|   ap_memory|  patches_superpoints_25|         array|
|patches_superpoints_25_q0        |   in|   64|   ap_memory|  patches_superpoints_25|         array|
|patches_superpoints_25_address1  |  out|   10|   ap_memory|  patches_superpoints_25|         array|
|patches_superpoints_25_ce1       |  out|    1|   ap_memory|  patches_superpoints_25|         array|
|patches_superpoints_25_q1        |   in|   64|   ap_memory|  patches_superpoints_25|         array|
|patches_superpoints_26_address0  |  out|   10|   ap_memory|  patches_superpoints_26|         array|
|patches_superpoints_26_ce0       |  out|    1|   ap_memory|  patches_superpoints_26|         array|
|patches_superpoints_26_we0       |  out|    1|   ap_memory|  patches_superpoints_26|         array|
|patches_superpoints_26_d0        |  out|   64|   ap_memory|  patches_superpoints_26|         array|
|patches_superpoints_26_q0        |   in|   64|   ap_memory|  patches_superpoints_26|         array|
|patches_superpoints_26_address1  |  out|   10|   ap_memory|  patches_superpoints_26|         array|
|patches_superpoints_26_ce1       |  out|    1|   ap_memory|  patches_superpoints_26|         array|
|patches_superpoints_26_q1        |   in|   64|   ap_memory|  patches_superpoints_26|         array|
|patches_superpoints_27_address0  |  out|   10|   ap_memory|  patches_superpoints_27|         array|
|patches_superpoints_27_ce0       |  out|    1|   ap_memory|  patches_superpoints_27|         array|
|patches_superpoints_27_we0       |  out|    1|   ap_memory|  patches_superpoints_27|         array|
|patches_superpoints_27_d0        |  out|   64|   ap_memory|  patches_superpoints_27|         array|
|patches_superpoints_27_q0        |   in|   64|   ap_memory|  patches_superpoints_27|         array|
|patches_superpoints_27_address1  |  out|   10|   ap_memory|  patches_superpoints_27|         array|
|patches_superpoints_27_ce1       |  out|    1|   ap_memory|  patches_superpoints_27|         array|
|patches_superpoints_27_q1        |   in|   64|   ap_memory|  patches_superpoints_27|         array|
|patches_superpoints_28_address0  |  out|   10|   ap_memory|  patches_superpoints_28|         array|
|patches_superpoints_28_ce0       |  out|    1|   ap_memory|  patches_superpoints_28|         array|
|patches_superpoints_28_we0       |  out|    1|   ap_memory|  patches_superpoints_28|         array|
|patches_superpoints_28_d0        |  out|   64|   ap_memory|  patches_superpoints_28|         array|
|patches_superpoints_28_q0        |   in|   64|   ap_memory|  patches_superpoints_28|         array|
|patches_superpoints_28_address1  |  out|   10|   ap_memory|  patches_superpoints_28|         array|
|patches_superpoints_28_ce1       |  out|    1|   ap_memory|  patches_superpoints_28|         array|
|patches_superpoints_28_q1        |   in|   64|   ap_memory|  patches_superpoints_28|         array|
|patches_superpoints_29_address0  |  out|   10|   ap_memory|  patches_superpoints_29|         array|
|patches_superpoints_29_ce0       |  out|    1|   ap_memory|  patches_superpoints_29|         array|
|patches_superpoints_29_we0       |  out|    1|   ap_memory|  patches_superpoints_29|         array|
|patches_superpoints_29_d0        |  out|   64|   ap_memory|  patches_superpoints_29|         array|
|patches_superpoints_29_q0        |   in|   64|   ap_memory|  patches_superpoints_29|         array|
|patches_superpoints_29_address1  |  out|   10|   ap_memory|  patches_superpoints_29|         array|
|patches_superpoints_29_ce1       |  out|    1|   ap_memory|  patches_superpoints_29|         array|
|patches_superpoints_29_q1        |   in|   64|   ap_memory|  patches_superpoints_29|         array|
|patches_superpoints_30_address0  |  out|   10|   ap_memory|  patches_superpoints_30|         array|
|patches_superpoints_30_ce0       |  out|    1|   ap_memory|  patches_superpoints_30|         array|
|patches_superpoints_30_we0       |  out|    1|   ap_memory|  patches_superpoints_30|         array|
|patches_superpoints_30_d0        |  out|   64|   ap_memory|  patches_superpoints_30|         array|
|patches_superpoints_30_q0        |   in|   64|   ap_memory|  patches_superpoints_30|         array|
|patches_superpoints_30_address1  |  out|   10|   ap_memory|  patches_superpoints_30|         array|
|patches_superpoints_30_ce1       |  out|    1|   ap_memory|  patches_superpoints_30|         array|
|patches_superpoints_30_q1        |   in|   64|   ap_memory|  patches_superpoints_30|         array|
|patches_superpoints_31_address0  |  out|   10|   ap_memory|  patches_superpoints_31|         array|
|patches_superpoints_31_ce0       |  out|    1|   ap_memory|  patches_superpoints_31|         array|
|patches_superpoints_31_we0       |  out|    1|   ap_memory|  patches_superpoints_31|         array|
|patches_superpoints_31_d0        |  out|   64|   ap_memory|  patches_superpoints_31|         array|
|patches_superpoints_31_q0        |   in|   64|   ap_memory|  patches_superpoints_31|         array|
|patches_superpoints_31_address1  |  out|   10|   ap_memory|  patches_superpoints_31|         array|
|patches_superpoints_31_ce1       |  out|    1|   ap_memory|  patches_superpoints_31|         array|
|patches_superpoints_31_q1        |   in|   64|   ap_memory|  patches_superpoints_31|         array|
|patches_parameters_0_address0    |  out|   10|   ap_memory|    patches_parameters_0|         array|
|patches_parameters_0_ce0         |  out|    1|   ap_memory|    patches_parameters_0|         array|
|patches_parameters_0_we0         |  out|    1|   ap_memory|    patches_parameters_0|         array|
|patches_parameters_0_d0          |  out|   64|   ap_memory|    patches_parameters_0|         array|
|patches_parameters_0_address1    |  out|   10|   ap_memory|    patches_parameters_0|         array|
|patches_parameters_0_ce1         |  out|    1|   ap_memory|    patches_parameters_0|         array|
|patches_parameters_0_q1          |   in|   64|   ap_memory|    patches_parameters_0|         array|
|patches_parameters_1_address0    |  out|   10|   ap_memory|    patches_parameters_1|         array|
|patches_parameters_1_ce0         |  out|    1|   ap_memory|    patches_parameters_1|         array|
|patches_parameters_1_we0         |  out|    1|   ap_memory|    patches_parameters_1|         array|
|patches_parameters_1_d0          |  out|   64|   ap_memory|    patches_parameters_1|         array|
|patches_parameters_1_q0          |   in|   64|   ap_memory|    patches_parameters_1|         array|
|patches_parameters_1_address1    |  out|   10|   ap_memory|    patches_parameters_1|         array|
|patches_parameters_1_ce1         |  out|    1|   ap_memory|    patches_parameters_1|         array|
|patches_parameters_1_we1         |  out|    1|   ap_memory|    patches_parameters_1|         array|
|patches_parameters_1_d1          |  out|   64|   ap_memory|    patches_parameters_1|         array|
|patches_parameters_1_q1          |   in|   64|   ap_memory|    patches_parameters_1|         array|
|patches_parameters_2_address0    |  out|   10|   ap_memory|    patches_parameters_2|         array|
|patches_parameters_2_ce0         |  out|    1|   ap_memory|    patches_parameters_2|         array|
|patches_parameters_2_we0         |  out|    1|   ap_memory|    patches_parameters_2|         array|
|patches_parameters_2_d0          |  out|   64|   ap_memory|    patches_parameters_2|         array|
|patches_parameters_2_q0          |   in|   64|   ap_memory|    patches_parameters_2|         array|
|patches_parameters_2_address1    |  out|   10|   ap_memory|    patches_parameters_2|         array|
|patches_parameters_2_ce1         |  out|    1|   ap_memory|    patches_parameters_2|         array|
|patches_parameters_2_q1          |   in|   64|   ap_memory|    patches_parameters_2|         array|
|patches_parameters_3_address0    |  out|   10|   ap_memory|    patches_parameters_3|         array|
|patches_parameters_3_ce0         |  out|    1|   ap_memory|    patches_parameters_3|         array|
|patches_parameters_3_we0         |  out|    1|   ap_memory|    patches_parameters_3|         array|
|patches_parameters_3_d0          |  out|   64|   ap_memory|    patches_parameters_3|         array|
|patches_parameters_3_q0          |   in|   64|   ap_memory|    patches_parameters_3|         array|
|patches_parameters_3_address1    |  out|   10|   ap_memory|    patches_parameters_3|         array|
|patches_parameters_3_ce1         |  out|    1|   ap_memory|    patches_parameters_3|         array|
|patches_parameters_3_q1          |   in|   64|   ap_memory|    patches_parameters_3|         array|
|patches_parameters_4_address0    |  out|   10|   ap_memory|    patches_parameters_4|         array|
|patches_parameters_4_ce0         |  out|    1|   ap_memory|    patches_parameters_4|         array|
|patches_parameters_4_we0         |  out|    1|   ap_memory|    patches_parameters_4|         array|
|patches_parameters_4_d0          |  out|   64|   ap_memory|    patches_parameters_4|         array|
|patches_parameters_4_q0          |   in|   64|   ap_memory|    patches_parameters_4|         array|
|patches_parameters_4_address1    |  out|   10|   ap_memory|    patches_parameters_4|         array|
|patches_parameters_4_ce1         |  out|    1|   ap_memory|    patches_parameters_4|         array|
|patches_parameters_4_q1          |   in|   64|   ap_memory|    patches_parameters_4|         array|
|apexZ0                           |   in|   64|     ap_none|                  apexZ0|        scalar|
|ppl                              |   in|   32|     ap_none|                     ppl|        scalar|
|p_read1                          |   in|   32|     ap_none|                 p_read1|        scalar|
|p_read4                          |   in|   64|     ap_none|                 p_read4|        scalar|
|z_top_max_read                   |   in|   64|     ap_none|          z_top_max_read|        scalar|
|p_read7                          |   in|   64|     ap_none|                 p_read7|        scalar|
+---------------------------------+-----+-----+------------+------------------------+--------------+

