

================================================================
== Vitis HLS Report for 'add_patch_patches_parameters13'
================================================================
* Date:           Sat Aug  3 00:45:42 2024

* Version:        2020.2 (Build 3064766 on Wed Nov 18 09:12:45 MST 2020)
* Project:        PatchMaker_tanishGit
* Solution:       solutionSC4 (Vivado IP Flow Target)
* Product family: virtexuplus
* Target device:  xcvu19p-fsvb3824-2-e


================================================================
== Performance Estimates
================================================================
+ Timing: 
    * Summary: 
    +--------+---------+----------+------------+
    |  Clock |  Target | Estimated| Uncertainty|
    +--------+---------+----------+------------+
    |ap_clk  |  3.00 ns|  1.405 ns|     0.81 ns|
    +--------+---------+----------+------------+

+ Latency: 
    * Summary: 
    +---------+---------+----------+----------+-----+-----+---------+
    |  Latency (cycles) |  Latency (absolute) |  Interval | Pipeline|
    |   min   |   max   |    min   |    max   | min | max |   Type  |
    +---------+---------+----------+----------+-----+-----+---------+
    |      240|      240|  0.720 us|  0.720 us|  240|  240|     none|
    +---------+---------+----------+----------+-----+-----+---------+

    + Detail: 
        * Instance: 
        N/A

        * Loop: 
        +---------------------------------------+---------+---------+----------+-----------+-----------+------+----------+
        |                                       |  Latency (cycles) | Iteration|  Initiation Interval  | Trip |          |
        |               Loop Name               |   min   |   max   |  Latency |  achieved |   target  | Count| Pipelined|
        +---------------------------------------+---------+---------+----------+-----------+-----------+------+----------+
        |- VITIS_LOOP_316_1                     |      160|      160|        80|          -|          -|     2|        no|
        | + add_patch_perPropertyTypePP0        |       78|       78|        26|          -|          -|     3|        no|
        |  ++ add_patch_perParallelogramPP0     |       24|       24|         6|          -|          -|     4|        no|
        |   +++ add_patch_perPropertyLengthPP0  |        4|        4|         2|          -|          -|     2|        no|
        |- add_patch_perPropertyTypePP1         |       78|       78|        26|          -|          -|     3|        no|
        | + add_patch_perParallelogramPP1       |       24|       24|         6|          -|          -|     4|        no|
        |  ++ add_patch_perPropertyLengthPP1    |        4|        4|         2|          -|          -|     2|        no|
        +---------------------------------------+---------+---------+----------+-----------+-----------+------+----------+

============================================================
+ Verbose Summary: Synthesis Manager
============================================================
InlineROM: 1
ExposeGlobal: 0
============================================================
+ Verbose Summary: CDFG Model
============================================================
IsTopModel: 0
ResetActiveHigh: 1
IsCombinational: 0
IsDatapathOnly: 0
HasWiredReturn: 1
HasMFsm: 0
HasVarLatency: 1
IsPipeline: 0
IsRtlPipelined: 0
IsInstanceOverlapped: 0
IsDontTouch: 0
HasImplIP: 0
IsGatedGlobalClock: 0


============================================================
+ Verbose Summary: Schedule
============================================================
* Number of FSM states : 10
* Pipeline : 0
* Dataflow Pipeline: 0

* FSM state transitions: 
1 --> 2 
2 --> 3 7 
3 --> 4 2 
4 --> 5 3 
5 --> 6 4 
6 --> 5 
7 --> 8 
8 --> 9 7 
9 --> 10 8 
10 --> 9 

* FSM state operations: 

State 1 <SV = 0> <Delay = 0.38>
ST_1 : Operation 11 [1/1] (0.38ns)   --->   "%br_ln316 = br void" [patchMaker.cpp:316]   --->   Operation 11 'br' 'br_ln316' <Predicate = true> <Delay = 0.38>

State 2 <SV = 1> <Delay = 1.14>
ST_2 : Operation 12 [1/1] (0.00ns)   --->   "%i = phi i2 %add_ln316, void, i2 2, void" [patchMaker.cpp:316]   --->   Operation 12 'phi' 'i' <Predicate = true> <Delay = 0.00>
ST_2 : Operation 13 [1/1] (0.00ns)   --->   "%zext_ln339 = zext i2 %i" [patchMaker.cpp:339]   --->   Operation 13 'zext' 'zext_ln339' <Predicate = true> <Delay = 0.00>
ST_2 : Operation 14 [1/1] (0.00ns)   --->   "%tmp = bitconcatenate i4 @_ssdm_op_BitConcatenate.i4.i2.i2, i2 %i, i2 0" [patchMaker.cpp:339]   --->   Operation 14 'bitconcatenate' 'tmp' <Predicate = true> <Delay = 0.00>
ST_2 : Operation 15 [1/1] (0.00ns)   --->   "%zext_ln339_1 = zext i4 %tmp" [patchMaker.cpp:339]   --->   Operation 15 'zext' 'zext_ln339_1' <Predicate = true> <Delay = 0.00>
ST_2 : Operation 16 [1/1] (0.70ns)   --->   "%sub_ln339 = sub i5 %zext_ln339_1, i5 %zext_ln339" [patchMaker.cpp:339]   --->   Operation 16 'sub' 'sub_ln339' <Predicate = true> <Delay = 0.70> <CoreInst = "Adder">   --->   Core 1 'Adder' <Latency = 0> <II = 1> <Delay = 0.70> <FuncUnit> <Opcode : 'add' 'sub'> <InPorts = 2> <OutPorts = 1>
ST_2 : Operation 17 [1/1] (0.00ns)   --->   "%sext_ln316 = sext i5 %sub_ln339" [patchMaker.cpp:316]   --->   Operation 17 'sext' 'sext_ln316' <Predicate = true> <Delay = 0.00>
ST_2 : Operation 18 [1/1] (0.34ns)   --->   "%icmp_ln316 = icmp_eq  i2 %i, i2 0" [patchMaker.cpp:316]   --->   Operation 18 'icmp' 'icmp_ln316' <Predicate = true> <Delay = 0.34> <CoreInst = "Cmp">   --->   Core 9 'Cmp' <Latency = 0> <II = 1> <Delay = 0.34> <FuncUnit> <Opcode : 'icmp'> <InPorts = 2> <OutPorts = 1>
ST_2 : Operation 19 [1/1] (0.00ns)   --->   "%empty = speclooptripcount i32 @_ssdm_op_SpecLoopTripCount, i64 2, i64 2, i64 2"   --->   Operation 19 'speclooptripcount' 'empty' <Predicate = true> <Delay = 0.00>
ST_2 : Operation 20 [1/1] (0.00ns)   --->   "%br_ln316 = br i1 %icmp_ln316, void %.split12, void %.preheader.preheader" [patchMaker.cpp:316]   --->   Operation 20 'br' 'br_ln316' <Predicate = true> <Delay = 0.00>
ST_2 : Operation 21 [1/1] (0.43ns)   --->   "%add_ln316 = add i2 %i, i2 3" [patchMaker.cpp:316]   --->   Operation 21 'add' 'add_ln316' <Predicate = (!icmp_ln316)> <Delay = 0.43> <CoreInst = "Adder">   --->   Core 1 'Adder' <Latency = 0> <II = 1> <Delay = 0.70> <FuncUnit> <Opcode : 'add' 'sub'> <InPorts = 2> <OutPorts = 1>
ST_2 : Operation 22 [1/1] (0.00ns)   --->   "%specloopname_ln316 = specloopname void @_ssdm_op_SpecLoopName, void @empty_31" [patchMaker.cpp:316]   --->   Operation 22 'specloopname' 'specloopname_ln316' <Predicate = (!icmp_ln316)> <Delay = 0.00>
ST_2 : Operation 23 [1/1] (0.00ns)   --->   "%zext_ln339_2 = zext i2 %add_ln316" [patchMaker.cpp:339]   --->   Operation 23 'zext' 'zext_ln339_2' <Predicate = (!icmp_ln316)> <Delay = 0.00>
ST_2 : Operation 24 [1/1] (0.00ns)   --->   "%tmp_s = bitconcatenate i4 @_ssdm_op_BitConcatenate.i4.i2.i2, i2 %add_ln316, i2 0" [patchMaker.cpp:339]   --->   Operation 24 'bitconcatenate' 'tmp_s' <Predicate = (!icmp_ln316)> <Delay = 0.00>
ST_2 : Operation 25 [1/1] (0.00ns)   --->   "%zext_ln339_3 = zext i4 %tmp_s" [patchMaker.cpp:339]   --->   Operation 25 'zext' 'zext_ln339_3' <Predicate = (!icmp_ln316)> <Delay = 0.00>
ST_2 : Operation 26 [1/1] (0.70ns)   --->   "%sub_ln339_1 = sub i5 %zext_ln339_3, i5 %zext_ln339_2" [patchMaker.cpp:339]   --->   Operation 26 'sub' 'sub_ln339_1' <Predicate = (!icmp_ln316)> <Delay = 0.70> <CoreInst = "Adder">   --->   Core 1 'Adder' <Latency = 0> <II = 1> <Delay = 0.70> <FuncUnit> <Opcode : 'add' 'sub'> <InPorts = 2> <OutPorts = 1>
ST_2 : Operation 27 [1/1] (0.00ns)   --->   "%sext_ln322 = sext i5 %sub_ln339_1" [patchMaker.cpp:322]   --->   Operation 27 'sext' 'sext_ln322' <Predicate = (!icmp_ln316)> <Delay = 0.00>
ST_2 : Operation 28 [1/1] (0.38ns)   --->   "%br_ln322 = br void" [patchMaker.cpp:322]   --->   Operation 28 'br' 'br_ln322' <Predicate = (!icmp_ln316)> <Delay = 0.38>
ST_2 : Operation 29 [1/1] (0.38ns)   --->   "%br_ln363 = br void %.preheader" [patchMaker.cpp:363]   --->   Operation 29 'br' 'br_ln363' <Predicate = (icmp_ln316)> <Delay = 0.38>

State 3 <SV = 2> <Delay = 0.70>
ST_3 : Operation 30 [1/1] (0.00ns)   --->   "%a = phi i2 %add_ln322, void, i2 0, void %.split12" [patchMaker.cpp:322]   --->   Operation 30 'phi' 'a' <Predicate = true> <Delay = 0.00>
ST_3 : Operation 31 [1/1] (0.43ns)   --->   "%add_ln322 = add i2 %a, i2 1" [patchMaker.cpp:322]   --->   Operation 31 'add' 'add_ln322' <Predicate = true> <Delay = 0.43> <CoreInst = "Adder">   --->   Core 1 'Adder' <Latency = 0> <II = 1> <Delay = 0.70> <FuncUnit> <Opcode : 'add' 'sub'> <InPorts = 2> <OutPorts = 1>
ST_3 : Operation 32 [1/1] (0.00ns)   --->   "%zext_ln339_4 = zext i2 %a" [patchMaker.cpp:339]   --->   Operation 32 'zext' 'zext_ln339_4' <Predicate = true> <Delay = 0.00>
ST_3 : Operation 33 [1/1] (0.70ns)   --->   "%add_ln339 = add i6 %sext_ln322, i6 %zext_ln339_4" [patchMaker.cpp:339]   --->   Operation 33 'add' 'add_ln339' <Predicate = true> <Delay = 0.70> <CoreInst = "Adder">   --->   Core 1 'Adder' <Latency = 0> <II = 1> <Delay = 0.70> <FuncUnit> <Opcode : 'add' 'sub'> <InPorts = 2> <OutPorts = 1>
ST_3 : Operation 34 [1/1] (0.70ns)   --->   "%add_ln339_1 = add i6 %sext_ln316, i6 %zext_ln339_4" [patchMaker.cpp:339]   --->   Operation 34 'add' 'add_ln339_1' <Predicate = true> <Delay = 0.70> <CoreInst = "Adder">   --->   Core 1 'Adder' <Latency = 0> <II = 1> <Delay = 0.70> <FuncUnit> <Opcode : 'add' 'sub'> <InPorts = 2> <OutPorts = 1>
ST_3 : Operation 35 [1/1] (0.34ns)   --->   "%icmp_ln322 = icmp_eq  i2 %a, i2 3" [patchMaker.cpp:322]   --->   Operation 35 'icmp' 'icmp_ln322' <Predicate = true> <Delay = 0.34> <CoreInst = "Cmp">   --->   Core 9 'Cmp' <Latency = 0> <II = 1> <Delay = 0.34> <FuncUnit> <Opcode : 'icmp'> <InPorts = 2> <OutPorts = 1>
ST_3 : Operation 36 [1/1] (0.00ns)   --->   "%empty_92 = speclooptripcount i32 @_ssdm_op_SpecLoopTripCount, i64 3, i64 3, i64 3"   --->   Operation 36 'speclooptripcount' 'empty_92' <Predicate = true> <Delay = 0.00>
ST_3 : Operation 37 [1/1] (0.00ns)   --->   "%br_ln322 = br i1 %icmp_ln322, void %.split10, void" [patchMaker.cpp:322]   --->   Operation 37 'br' 'br_ln322' <Predicate = true> <Delay = 0.00>
ST_3 : Operation 38 [1/1] (0.00ns)   --->   "%specloopname_ln322 = specloopname void @_ssdm_op_SpecLoopName, void @empty_30" [patchMaker.cpp:322]   --->   Operation 38 'specloopname' 'specloopname_ln322' <Predicate = (!icmp_ln322)> <Delay = 0.00>
ST_3 : Operation 39 [1/1] (0.38ns)   --->   "%br_ln328 = br void" [patchMaker.cpp:328]   --->   Operation 39 'br' 'br_ln328' <Predicate = (!icmp_ln322)> <Delay = 0.38>
ST_3 : Operation 40 [1/1] (0.00ns)   --->   "%br_ln0 = br void"   --->   Operation 40 'br' 'br_ln0' <Predicate = (icmp_ln322)> <Delay = 0.00>

State 4 <SV = 3> <Delay = 0.70>
ST_4 : Operation 41 [1/1] (0.00ns)   --->   "%b = phi i3 %add_ln328, void, i3 0, void %.split10" [patchMaker.cpp:328]   --->   Operation 41 'phi' 'b' <Predicate = true> <Delay = 0.00>
ST_4 : Operation 42 [1/1] (0.57ns)   --->   "%add_ln328 = add i3 %b, i3 1" [patchMaker.cpp:328]   --->   Operation 42 'add' 'add_ln328' <Predicate = true> <Delay = 0.57> <CoreInst = "Adder">   --->   Core 1 'Adder' <Latency = 0> <II = 1> <Delay = 0.70> <FuncUnit> <Opcode : 'add' 'sub'> <InPorts = 2> <OutPorts = 1>
ST_4 : Operation 43 [1/1] (0.00ns) (grouped into LUT with out node add_ln339_2)   --->   "%shl_ln339 = shl i6 %add_ln339, i6 2" [patchMaker.cpp:339]   --->   Operation 43 'shl' 'shl_ln339' <Predicate = true> <Delay = 0.00>
ST_4 : Operation 44 [1/1] (0.00ns) (grouped into LUT with out node add_ln339_2)   --->   "%zext_ln339_5 = zext i3 %b" [patchMaker.cpp:339]   --->   Operation 44 'zext' 'zext_ln339_5' <Predicate = true> <Delay = 0.00>
ST_4 : Operation 45 [1/1] (0.70ns) (out node of the LUT)   --->   "%add_ln339_2 = add i6 %shl_ln339, i6 %zext_ln339_5" [patchMaker.cpp:339]   --->   Operation 45 'add' 'add_ln339_2' <Predicate = true> <Delay = 0.70> <CoreInst = "Adder">   --->   Core 1 'Adder' <Latency = 0> <II = 1> <Delay = 0.70> <FuncUnit> <Opcode : 'add' 'sub'> <InPorts = 2> <OutPorts = 1>
ST_4 : Operation 46 [1/1] (0.00ns)   --->   "%tmp_74_cast = bitconcatenate i7 @_ssdm_op_BitConcatenate.i7.i6.i1, i6 %add_ln339_2, i1 0" [patchMaker.cpp:339]   --->   Operation 46 'bitconcatenate' 'tmp_74_cast' <Predicate = true> <Delay = 0.00>
ST_4 : Operation 47 [1/1] (0.00ns) (grouped into LUT with out node add_ln339_3)   --->   "%shl_ln339_1 = shl i6 %add_ln339_1, i6 2" [patchMaker.cpp:339]   --->   Operation 47 'shl' 'shl_ln339_1' <Predicate = true> <Delay = 0.00>
ST_4 : Operation 48 [1/1] (0.00ns) (grouped into LUT with out node add_ln339_3)   --->   "%zext_ln339_6 = zext i3 %b" [patchMaker.cpp:339]   --->   Operation 48 'zext' 'zext_ln339_6' <Predicate = true> <Delay = 0.00>
ST_4 : Operation 49 [1/1] (0.70ns) (out node of the LUT)   --->   "%add_ln339_3 = add i6 %shl_ln339_1, i6 %zext_ln339_6" [patchMaker.cpp:339]   --->   Operation 49 'add' 'add_ln339_3' <Predicate = true> <Delay = 0.70> <CoreInst = "Adder">   --->   Core 1 'Adder' <Latency = 0> <II = 1> <Delay = 0.70> <FuncUnit> <Opcode : 'add' 'sub'> <InPorts = 2> <OutPorts = 1>
ST_4 : Operation 50 [1/1] (0.00ns)   --->   "%tmp_76_cast = bitconcatenate i7 @_ssdm_op_BitConcatenate.i7.i6.i1, i6 %add_ln339_3, i1 0" [patchMaker.cpp:328]   --->   Operation 50 'bitconcatenate' 'tmp_76_cast' <Predicate = true> <Delay = 0.00>
ST_4 : Operation 51 [1/1] (0.49ns)   --->   "%icmp_ln328 = icmp_eq  i3 %b, i3 4" [patchMaker.cpp:328]   --->   Operation 51 'icmp' 'icmp_ln328' <Predicate = true> <Delay = 0.49> <CoreInst = "Cmp">   --->   Core 9 'Cmp' <Latency = 0> <II = 1> <Delay = 0.34> <FuncUnit> <Opcode : 'icmp'> <InPorts = 2> <OutPorts = 1>
ST_4 : Operation 52 [1/1] (0.00ns)   --->   "%empty_93 = speclooptripcount i32 @_ssdm_op_SpecLoopTripCount, i64 4, i64 4, i64 4"   --->   Operation 52 'speclooptripcount' 'empty_93' <Predicate = true> <Delay = 0.00>
ST_4 : Operation 53 [1/1] (0.00ns)   --->   "%br_ln328 = br i1 %icmp_ln328, void %.split8, void" [patchMaker.cpp:328]   --->   Operation 53 'br' 'br_ln328' <Predicate = true> <Delay = 0.00>
ST_4 : Operation 54 [1/1] (0.00ns)   --->   "%specloopname_ln328 = specloopname void @_ssdm_op_SpecLoopName, void @empty_29" [patchMaker.cpp:328]   --->   Operation 54 'specloopname' 'specloopname_ln328' <Predicate = (!icmp_ln328)> <Delay = 0.00>
ST_4 : Operation 55 [1/1] (0.38ns)   --->   "%br_ln334 = br void" [patchMaker.cpp:334]   --->   Operation 55 'br' 'br_ln334' <Predicate = (!icmp_ln328)> <Delay = 0.38>
ST_4 : Operation 56 [1/1] (0.00ns)   --->   "%br_ln0 = br void"   --->   Operation 56 'br' 'br_ln0' <Predicate = (icmp_ln328)> <Delay = 0.00>

State 5 <SV = 4> <Delay = 1.30>
ST_5 : Operation 57 [1/1] (0.00ns)   --->   "%c = phi i2 %add_ln334, void %.split6, i2 0, void %.split8" [patchMaker.cpp:334]   --->   Operation 57 'phi' 'c' <Predicate = true> <Delay = 0.00>
ST_5 : Operation 58 [1/1] (0.43ns)   --->   "%add_ln334 = add i2 %c, i2 1" [patchMaker.cpp:334]   --->   Operation 58 'add' 'add_ln334' <Predicate = true> <Delay = 0.43> <CoreInst = "Adder">   --->   Core 1 'Adder' <Latency = 0> <II = 1> <Delay = 0.70> <FuncUnit> <Opcode : 'add' 'sub'> <InPorts = 2> <OutPorts = 1>
ST_5 : Operation 59 [1/1] (0.00ns)   --->   "%zext_ln339_7 = zext i2 %c" [patchMaker.cpp:339]   --->   Operation 59 'zext' 'zext_ln339_7' <Predicate = true> <Delay = 0.00>
ST_5 : Operation 60 [1/1] (0.70ns)   --->   "%add_ln339_4 = add i7 %tmp_74_cast, i7 %zext_ln339_7" [patchMaker.cpp:339]   --->   Operation 60 'add' 'add_ln339_4' <Predicate = true> <Delay = 0.70> <CoreInst = "Adder">   --->   Core 1 'Adder' <Latency = 0> <II = 1> <Delay = 0.70> <FuncUnit> <Opcode : 'add' 'sub'> <InPorts = 2> <OutPorts = 1>
ST_5 : Operation 61 [1/1] (0.00ns)   --->   "%zext_ln339_8 = zext i7 %add_ln339_4" [patchMaker.cpp:339]   --->   Operation 61 'zext' 'zext_ln339_8' <Predicate = true> <Delay = 0.00>
ST_5 : Operation 62 [1/1] (0.00ns)   --->   "%patches_parameters_addr = getelementptr i32 %patches_parameters, i64 0, i64 %zext_ln339_8" [patchMaker.cpp:339]   --->   Operation 62 'getelementptr' 'patches_parameters_addr' <Predicate = true> <Delay = 0.00>
ST_5 : Operation 63 [1/1] (0.70ns)   --->   "%add_ln339_5 = add i7 %tmp_76_cast, i7 %zext_ln339_7" [patchMaker.cpp:339]   --->   Operation 63 'add' 'add_ln339_5' <Predicate = true> <Delay = 0.70> <CoreInst = "Adder">   --->   Core 1 'Adder' <Latency = 0> <II = 1> <Delay = 0.70> <FuncUnit> <Opcode : 'add' 'sub'> <InPorts = 2> <OutPorts = 1>
ST_5 : Operation 64 [1/1] (0.00ns)   --->   "%zext_ln339_9 = zext i7 %add_ln339_5" [patchMaker.cpp:339]   --->   Operation 64 'zext' 'zext_ln339_9' <Predicate = true> <Delay = 0.00>
ST_5 : Operation 65 [1/1] (0.00ns)   --->   "%patches_parameters_addr_19 = getelementptr i32 %patches_parameters, i64 0, i64 %zext_ln339_9" [patchMaker.cpp:339]   --->   Operation 65 'getelementptr' 'patches_parameters_addr_19' <Predicate = true> <Delay = 0.00>
ST_5 : Operation 66 [1/1] (0.34ns)   --->   "%icmp_ln334 = icmp_eq  i2 %c, i2 2" [patchMaker.cpp:334]   --->   Operation 66 'icmp' 'icmp_ln334' <Predicate = true> <Delay = 0.34> <CoreInst = "Cmp">   --->   Core 9 'Cmp' <Latency = 0> <II = 1> <Delay = 0.34> <FuncUnit> <Opcode : 'icmp'> <InPorts = 2> <OutPorts = 1>
ST_5 : Operation 67 [1/1] (0.00ns)   --->   "%empty_94 = speclooptripcount i32 @_ssdm_op_SpecLoopTripCount, i64 2, i64 2, i64 2"   --->   Operation 67 'speclooptripcount' 'empty_94' <Predicate = true> <Delay = 0.00>
ST_5 : Operation 68 [1/1] (0.00ns)   --->   "%br_ln334 = br i1 %icmp_ln334, void %.split6, void" [patchMaker.cpp:334]   --->   Operation 68 'br' 'br_ln334' <Predicate = true> <Delay = 0.00>
ST_5 : Operation 69 [2/2] (0.60ns)   --->   "%patches_parameters_load = load i7 %patches_parameters_addr" [patchMaker.cpp:339]   --->   Operation 69 'load' 'patches_parameters_load' <Predicate = (!icmp_ln334)> <Delay = 0.60> <CoreInst = "RAM">   --->   Core 83 'RAM' <Latency = 1> <II = 1> <Delay = 0.60> <Storage> <Opcode : 'load' 'store'> <Ports = 2> <Width = 32> <Depth = 72> <RAM>
ST_5 : Operation 70 [1/1] (0.00ns)   --->   "%br_ln0 = br void"   --->   Operation 70 'br' 'br_ln0' <Predicate = (icmp_ln334)> <Delay = 0.00>

State 6 <SV = 5> <Delay = 1.20>
ST_6 : Operation 71 [1/1] (0.00ns)   --->   "%specloopname_ln334 = specloopname void @_ssdm_op_SpecLoopName, void @empty_28" [patchMaker.cpp:334]   --->   Operation 71 'specloopname' 'specloopname_ln334' <Predicate = true> <Delay = 0.00>
ST_6 : Operation 72 [1/2] (0.60ns)   --->   "%patches_parameters_load = load i7 %patches_parameters_addr" [patchMaker.cpp:339]   --->   Operation 72 'load' 'patches_parameters_load' <Predicate = true> <Delay = 0.60> <CoreInst = "RAM">   --->   Core 83 'RAM' <Latency = 1> <II = 1> <Delay = 0.60> <Storage> <Opcode : 'load' 'store'> <Ports = 2> <Width = 32> <Depth = 72> <RAM>
ST_6 : Operation 73 [1/1] (0.60ns)   --->   "%store_ln339 = store i32 %patches_parameters_load, i7 %patches_parameters_addr_19" [patchMaker.cpp:339]   --->   Operation 73 'store' 'store_ln339' <Predicate = true> <Delay = 0.60> <CoreInst = "RAM">   --->   Core 83 'RAM' <Latency = 1> <II = 1> <Delay = 0.60> <Storage> <Opcode : 'load' 'store'> <Ports = 2> <Width = 32> <Depth = 72> <RAM>
ST_6 : Operation 74 [1/1] (0.00ns)   --->   "%br_ln0 = br void"   --->   Operation 74 'br' 'br_ln0' <Predicate = true> <Delay = 0.00>

State 7 <SV = 2> <Delay = 0.43>
ST_7 : Operation 75 [1/1] (0.00ns)   --->   "%a_4 = phi i2 %add_ln346, void, i2 0, void %.preheader.preheader" [patchMaker.cpp:346]   --->   Operation 75 'phi' 'a_4' <Predicate = true> <Delay = 0.00>
ST_7 : Operation 76 [1/1] (0.43ns)   --->   "%add_ln346 = add i2 %a_4, i2 1" [patchMaker.cpp:346]   --->   Operation 76 'add' 'add_ln346' <Predicate = true> <Delay = 0.43> <CoreInst = "Adder">   --->   Core 1 'Adder' <Latency = 0> <II = 1> <Delay = 0.70> <FuncUnit> <Opcode : 'add' 'sub'> <InPorts = 2> <OutPorts = 1>
ST_7 : Operation 77 [1/1] (0.00ns)   --->   "%tmp_7 = bitconcatenate i4 @_ssdm_op_BitConcatenate.i4.i2.i2, i2 %a_4, i2 0" [patchMaker.cpp:363]   --->   Operation 77 'bitconcatenate' 'tmp_7' <Predicate = true> <Delay = 0.00>
ST_7 : Operation 78 [1/1] (0.00ns)   --->   "%zext_ln346 = zext i4 %tmp_7" [patchMaker.cpp:346]   --->   Operation 78 'zext' 'zext_ln346' <Predicate = true> <Delay = 0.00>
ST_7 : Operation 79 [1/1] (0.34ns)   --->   "%icmp_ln346 = icmp_eq  i2 %a_4, i2 3" [patchMaker.cpp:346]   --->   Operation 79 'icmp' 'icmp_ln346' <Predicate = true> <Delay = 0.34> <CoreInst = "Cmp">   --->   Core 9 'Cmp' <Latency = 0> <II = 1> <Delay = 0.34> <FuncUnit> <Opcode : 'icmp'> <InPorts = 2> <OutPorts = 1>
ST_7 : Operation 80 [1/1] (0.00ns)   --->   "%empty_95 = speclooptripcount i32 @_ssdm_op_SpecLoopTripCount, i64 3, i64 3, i64 3"   --->   Operation 80 'speclooptripcount' 'empty_95' <Predicate = true> <Delay = 0.00>
ST_7 : Operation 81 [1/1] (0.00ns)   --->   "%br_ln346 = br i1 %icmp_ln346, void %.split4, void" [patchMaker.cpp:346]   --->   Operation 81 'br' 'br_ln346' <Predicate = true> <Delay = 0.00>
ST_7 : Operation 82 [1/1] (0.00ns)   --->   "%specloopname_ln346 = specloopname void @_ssdm_op_SpecLoopName, void @empty_27" [patchMaker.cpp:346]   --->   Operation 82 'specloopname' 'specloopname_ln346' <Predicate = (!icmp_ln346)> <Delay = 0.00>
ST_7 : Operation 83 [1/1] (0.38ns)   --->   "%br_ln352 = br void" [patchMaker.cpp:352]   --->   Operation 83 'br' 'br_ln352' <Predicate = (!icmp_ln346)> <Delay = 0.38>
ST_7 : Operation 84 [1/1] (0.00ns)   --->   "%ret_ln367 = ret" [patchMaker.cpp:367]   --->   Operation 84 'ret' 'ret_ln367' <Predicate = (icmp_ln346)> <Delay = 0.00>

State 8 <SV = 3> <Delay = 0.70>
ST_8 : Operation 85 [1/1] (0.00ns)   --->   "%b_6 = phi i3 %add_ln352, void, i3 0, void %.split4" [patchMaker.cpp:352]   --->   Operation 85 'phi' 'b_6' <Predicate = true> <Delay = 0.00>
ST_8 : Operation 86 [1/1] (0.57ns)   --->   "%add_ln352 = add i3 %b_6, i3 1" [patchMaker.cpp:352]   --->   Operation 86 'add' 'add_ln352' <Predicate = true> <Delay = 0.57> <CoreInst = "Adder">   --->   Core 1 'Adder' <Latency = 0> <II = 1> <Delay = 0.70> <FuncUnit> <Opcode : 'add' 'sub'> <InPorts = 2> <OutPorts = 1>
ST_8 : Operation 87 [1/1] (0.00ns)   --->   "%zext_ln363 = zext i3 %b_6" [patchMaker.cpp:363]   --->   Operation 87 'zext' 'zext_ln363' <Predicate = true> <Delay = 0.00>
ST_8 : Operation 88 [1/1] (0.70ns)   --->   "%add_ln363 = add i5 %zext_ln346, i5 %zext_ln363" [patchMaker.cpp:363]   --->   Operation 88 'add' 'add_ln363' <Predicate = true> <Delay = 0.70> <CoreInst = "Adder">   --->   Core 1 'Adder' <Latency = 0> <II = 1> <Delay = 0.70> <FuncUnit> <Opcode : 'add' 'sub'> <InPorts = 2> <OutPorts = 1>
ST_8 : Operation 89 [1/1] (0.00ns)   --->   "%tmp_26 = bitconcatenate i6 @_ssdm_op_BitConcatenate.i6.i5.i1, i5 %add_ln363, i1 0" [patchMaker.cpp:352]   --->   Operation 89 'bitconcatenate' 'tmp_26' <Predicate = true> <Delay = 0.00>
ST_8 : Operation 90 [1/1] (0.00ns)   --->   "%zext_ln352 = zext i6 %tmp_26" [patchMaker.cpp:352]   --->   Operation 90 'zext' 'zext_ln352' <Predicate = true> <Delay = 0.00>
ST_8 : Operation 91 [1/1] (0.49ns)   --->   "%icmp_ln352 = icmp_eq  i3 %b_6, i3 4" [patchMaker.cpp:352]   --->   Operation 91 'icmp' 'icmp_ln352' <Predicate = true> <Delay = 0.49> <CoreInst = "Cmp">   --->   Core 9 'Cmp' <Latency = 0> <II = 1> <Delay = 0.34> <FuncUnit> <Opcode : 'icmp'> <InPorts = 2> <OutPorts = 1>
ST_8 : Operation 92 [1/1] (0.00ns)   --->   "%empty_96 = speclooptripcount i32 @_ssdm_op_SpecLoopTripCount, i64 4, i64 4, i64 4"   --->   Operation 92 'speclooptripcount' 'empty_96' <Predicate = true> <Delay = 0.00>
ST_8 : Operation 93 [1/1] (0.00ns)   --->   "%br_ln352 = br i1 %icmp_ln352, void %.split2, void" [patchMaker.cpp:352]   --->   Operation 93 'br' 'br_ln352' <Predicate = true> <Delay = 0.00>
ST_8 : Operation 94 [1/1] (0.00ns)   --->   "%specloopname_ln352 = specloopname void @_ssdm_op_SpecLoopName, void @empty_26" [patchMaker.cpp:352]   --->   Operation 94 'specloopname' 'specloopname_ln352' <Predicate = (!icmp_ln352)> <Delay = 0.00>
ST_8 : Operation 95 [1/1] (0.38ns)   --->   "%br_ln358 = br void" [patchMaker.cpp:358]   --->   Operation 95 'br' 'br_ln358' <Predicate = (!icmp_ln352)> <Delay = 0.38>
ST_8 : Operation 96 [1/1] (0.00ns)   --->   "%br_ln0 = br void %.preheader"   --->   Operation 96 'br' 'br_ln0' <Predicate = (icmp_ln352)> <Delay = 0.00>

State 9 <SV = 4> <Delay = 1.40>
ST_9 : Operation 97 [1/1] (0.00ns)   --->   "%c_5 = phi i2 %add_ln358, void %.split, i2 0, void %.split2" [patchMaker.cpp:358]   --->   Operation 97 'phi' 'c_5' <Predicate = true> <Delay = 0.00>
ST_9 : Operation 98 [1/1] (0.43ns)   --->   "%add_ln358 = add i2 %c_5, i2 1" [patchMaker.cpp:358]   --->   Operation 98 'add' 'add_ln358' <Predicate = true> <Delay = 0.43> <CoreInst = "Adder">   --->   Core 1 'Adder' <Latency = 0> <II = 1> <Delay = 0.70> <FuncUnit> <Opcode : 'add' 'sub'> <InPorts = 2> <OutPorts = 1>
ST_9 : Operation 99 [1/1] (0.00ns)   --->   "%zext_ln363_1 = zext i2 %c_5" [patchMaker.cpp:363]   --->   Operation 99 'zext' 'zext_ln363_1' <Predicate = true> <Delay = 0.00>
ST_9 : Operation 100 [1/1] (0.70ns)   --->   "%add_ln363_1 = add i7 %zext_ln352, i7 %zext_ln363_1" [patchMaker.cpp:363]   --->   Operation 100 'add' 'add_ln363_1' <Predicate = true> <Delay = 0.70> <CoreInst = "Adder">   --->   Core 1 'Adder' <Latency = 0> <II = 1> <Delay = 0.70> <FuncUnit> <Opcode : 'add' 'sub'> <InPorts = 2> <OutPorts = 1>
ST_9 : Operation 101 [1/1] (0.00ns)   --->   "%zext_ln363_2 = zext i7 %add_ln363_1" [patchMaker.cpp:363]   --->   Operation 101 'zext' 'zext_ln363_2' <Predicate = true> <Delay = 0.00>
ST_9 : Operation 102 [1/1] (0.00ns)   --->   "%wp_parameters_addr = getelementptr i32 %wp_parameters, i64 0, i64 %zext_ln363_2" [patchMaker.cpp:363]   --->   Operation 102 'getelementptr' 'wp_parameters_addr' <Predicate = true> <Delay = 0.00>
ST_9 : Operation 103 [1/1] (0.00ns)   --->   "%patches_parameters_addr_18 = getelementptr i32 %patches_parameters, i64 0, i64 %zext_ln363_2" [patchMaker.cpp:363]   --->   Operation 103 'getelementptr' 'patches_parameters_addr_18' <Predicate = true> <Delay = 0.00>
ST_9 : Operation 104 [1/1] (0.34ns)   --->   "%icmp_ln358 = icmp_eq  i2 %c_5, i2 2" [patchMaker.cpp:358]   --->   Operation 104 'icmp' 'icmp_ln358' <Predicate = true> <Delay = 0.34> <CoreInst = "Cmp">   --->   Core 9 'Cmp' <Latency = 0> <II = 1> <Delay = 0.34> <FuncUnit> <Opcode : 'icmp'> <InPorts = 2> <OutPorts = 1>
ST_9 : Operation 105 [1/1] (0.00ns)   --->   "%empty_97 = speclooptripcount i32 @_ssdm_op_SpecLoopTripCount, i64 2, i64 2, i64 2"   --->   Operation 105 'speclooptripcount' 'empty_97' <Predicate = true> <Delay = 0.00>
ST_9 : Operation 106 [1/1] (0.00ns)   --->   "%br_ln358 = br i1 %icmp_ln358, void %.split, void" [patchMaker.cpp:358]   --->   Operation 106 'br' 'br_ln358' <Predicate = true> <Delay = 0.00>
ST_9 : Operation 107 [2/2] (0.69ns)   --->   "%wp_parameters_load = load i5 %wp_parameters_addr" [patchMaker.cpp:363]   --->   Operation 107 'load' 'wp_parameters_load' <Predicate = (!icmp_ln358)> <Delay = 0.69> <CoreInst = "RAM">   --->   Core 83 'RAM' <Latency = 1> <II = 1> <Delay = 0.69> <Storage> <Opcode : 'load' 'store'> <Ports = 2> <Width = 32> <Depth = 24> <RAM>
ST_9 : Operation 108 [1/1] (0.00ns)   --->   "%br_ln0 = br void"   --->   Operation 108 'br' 'br_ln0' <Predicate = (icmp_ln358)> <Delay = 0.00>

State 10 <SV = 5> <Delay = 1.29>
ST_10 : Operation 109 [1/1] (0.00ns)   --->   "%specloopname_ln358 = specloopname void @_ssdm_op_SpecLoopName, void @empty_21" [patchMaker.cpp:358]   --->   Operation 109 'specloopname' 'specloopname_ln358' <Predicate = true> <Delay = 0.00>
ST_10 : Operation 110 [1/2] (0.69ns)   --->   "%wp_parameters_load = load i5 %wp_parameters_addr" [patchMaker.cpp:363]   --->   Operation 110 'load' 'wp_parameters_load' <Predicate = true> <Delay = 0.69> <CoreInst = "RAM">   --->   Core 83 'RAM' <Latency = 1> <II = 1> <Delay = 0.69> <Storage> <Opcode : 'load' 'store'> <Ports = 2> <Width = 32> <Depth = 24> <RAM>
ST_10 : Operation 111 [1/1] (0.60ns)   --->   "%store_ln363 = store i32 %wp_parameters_load, i7 %patches_parameters_addr_18" [patchMaker.cpp:363]   --->   Operation 111 'store' 'store_ln363' <Predicate = true> <Delay = 0.60> <CoreInst = "RAM">   --->   Core 83 'RAM' <Latency = 1> <II = 1> <Delay = 0.60> <Storage> <Opcode : 'load' 'store'> <Ports = 2> <Width = 32> <Depth = 72> <RAM>
ST_10 : Operation 112 [1/1] (0.00ns)   --->   "%br_ln0 = br void"   --->   Operation 112 'br' 'br_ln0' <Predicate = true> <Delay = 0.00>


============================================================
+ Verbose Summary: Binding
============================================================
STG Binding: 
---------------- STG Properties BEGIN ----------------
- Is combinational: 0
- Is one-state seq: 0
- Is datapath-only: 0
- Is pipelined: 0
- Is top level: 0
Port [ Return ] is wired: 1; IO mode=ap_ctrl_hs:ce=0
Port [ wp_parameters]:  wired=1; compound=1; hidden=0; nouse=0; global=0; static=0; extern=0; dir=0; type=1; pingpong=0; private_global=0; MemPort=[13]; IO mode=ap_memory:ce=0
Port [ patches_parameters]:  wired=1; compound=1; hidden=0; nouse=0; global=0; static=0; extern=0; dir=2; type=1; pingpong=0; private_global=0; MemPort=[23]; IO mode=ap_memory:ce=0
---------------- STG Properties END ------------------

---------------- Datapath Model BEGIN ----------------

<LifeTime>
<method=bitvector/>
br_ln316                   (br               ) [ 01111110000]
i                          (phi              ) [ 00100000000]
zext_ln339                 (zext             ) [ 00000000000]
tmp                        (bitconcatenate   ) [ 00000000000]
zext_ln339_1               (zext             ) [ 00000000000]
sub_ln339                  (sub              ) [ 00000000000]
sext_ln316                 (sext             ) [ 00011110000]
icmp_ln316                 (icmp             ) [ 00111110000]
empty                      (speclooptripcount) [ 00000000000]
br_ln316                   (br               ) [ 00000000000]
add_ln316                  (add              ) [ 01111110000]
specloopname_ln316         (specloopname     ) [ 00000000000]
zext_ln339_2               (zext             ) [ 00000000000]
tmp_s                      (bitconcatenate   ) [ 00000000000]
zext_ln339_3               (zext             ) [ 00000000000]
sub_ln339_1                (sub              ) [ 00000000000]
sext_ln322                 (sext             ) [ 00011110000]
br_ln322                   (br               ) [ 00111110000]
br_ln363                   (br               ) [ 00111111111]
a                          (phi              ) [ 00010000000]
add_ln322                  (add              ) [ 00111110000]
zext_ln339_4               (zext             ) [ 00000000000]
add_ln339                  (add              ) [ 00001110000]
add_ln339_1                (add              ) [ 00001110000]
icmp_ln322                 (icmp             ) [ 00111110000]
empty_92                   (speclooptripcount) [ 00000000000]
br_ln322                   (br               ) [ 00000000000]
specloopname_ln322         (specloopname     ) [ 00000000000]
br_ln328                   (br               ) [ 00111110000]
br_ln0                     (br               ) [ 01111110000]
b                          (phi              ) [ 00001000000]
add_ln328                  (add              ) [ 00111110000]
shl_ln339                  (shl              ) [ 00000000000]
zext_ln339_5               (zext             ) [ 00000000000]
add_ln339_2                (add              ) [ 00000000000]
tmp_74_cast                (bitconcatenate   ) [ 00000110000]
shl_ln339_1                (shl              ) [ 00000000000]
zext_ln339_6               (zext             ) [ 00000000000]
add_ln339_3                (add              ) [ 00000000000]
tmp_76_cast                (bitconcatenate   ) [ 00000110000]
icmp_ln328                 (icmp             ) [ 00111110000]
empty_93                   (speclooptripcount) [ 00000000000]
br_ln328                   (br               ) [ 00000000000]
specloopname_ln328         (specloopname     ) [ 00000000000]
br_ln334                   (br               ) [ 00111110000]
br_ln0                     (br               ) [ 00111110000]
c                          (phi              ) [ 00000100000]
add_ln334                  (add              ) [ 00111110000]
zext_ln339_7               (zext             ) [ 00000000000]
add_ln339_4                (add              ) [ 00000000000]
zext_ln339_8               (zext             ) [ 00000000000]
patches_parameters_addr    (getelementptr    ) [ 00000010000]
add_ln339_5                (add              ) [ 00000000000]
zext_ln339_9               (zext             ) [ 00000000000]
patches_parameters_addr_19 (getelementptr    ) [ 00000010000]
icmp_ln334                 (icmp             ) [ 00111110000]
empty_94                   (speclooptripcount) [ 00000000000]
br_ln334                   (br               ) [ 00000000000]
br_ln0                     (br               ) [ 00111110000]
specloopname_ln334         (specloopname     ) [ 00000000000]
patches_parameters_load    (load             ) [ 00000000000]
store_ln339                (store            ) [ 00000000000]
br_ln0                     (br               ) [ 00111110000]
a_4                        (phi              ) [ 00000001000]
add_ln346                  (add              ) [ 00100001111]
tmp_7                      (bitconcatenate   ) [ 00000000000]
zext_ln346                 (zext             ) [ 00000000111]
icmp_ln346                 (icmp             ) [ 00000001111]
empty_95                   (speclooptripcount) [ 00000000000]
br_ln346                   (br               ) [ 00000000000]
specloopname_ln346         (specloopname     ) [ 00000000000]
br_ln352                   (br               ) [ 00000001111]
ret_ln367                  (ret              ) [ 00000000000]
b_6                        (phi              ) [ 00000000100]
add_ln352                  (add              ) [ 00000001111]
zext_ln363                 (zext             ) [ 00000000000]
add_ln363                  (add              ) [ 00000000000]
tmp_26                     (bitconcatenate   ) [ 00000000000]
zext_ln352                 (zext             ) [ 00000000011]
icmp_ln352                 (icmp             ) [ 00000001111]
empty_96                   (speclooptripcount) [ 00000000000]
br_ln352                   (br               ) [ 00000000000]
specloopname_ln352         (specloopname     ) [ 00000000000]
br_ln358                   (br               ) [ 00000001111]
br_ln0                     (br               ) [ 00100001111]
c_5                        (phi              ) [ 00000000010]
add_ln358                  (add              ) [ 00000001111]
zext_ln363_1               (zext             ) [ 00000000000]
add_ln363_1                (add              ) [ 00000000000]
zext_ln363_2               (zext             ) [ 00000000000]
wp_parameters_addr         (getelementptr    ) [ 00000000001]
patches_parameters_addr_18 (getelementptr    ) [ 00000000001]
icmp_ln358                 (icmp             ) [ 00000001111]
empty_97                   (speclooptripcount) [ 00000000000]
br_ln358                   (br               ) [ 00000000000]
br_ln0                     (br               ) [ 00000001111]
specloopname_ln358         (specloopname     ) [ 00000000000]
wp_parameters_load         (load             ) [ 00000000000]
store_ln363                (store            ) [ 00000000000]
br_ln0                     (br               ) [ 00000001111]
</LifeTime>

<model>

<comp_list>
<comp id="0" class="1000" name="wp_parameters">
<pin_list>
<pin id="1" dir="1" index="0" bw="1" slack="0"/>
</pin_list>
<bind>
<StgValue><ssdm name="wp_parameters"/><MemPortTyVec>1 3 </MemPortTyVec>
</StgValue>
</bind>
</comp>

<comp id="2" class="1000" name="patches_parameters">
<pin_list>
<pin id="3" dir="1" index="0" bw="1" slack="0"/>
</pin_list>
<bind>
<StgValue><ssdm name="patches_parameters"/><MemPortTyVec>2 3 </MemPortTyVec>
</StgValue>
</bind>
</comp>

<comp id="4" class="1001" name="const_4">
<pin_list>
<pin id="5" dir="1" index="0" bw="1" slack="0"/>
</pin_list>
<bind>
<StgValue><ssdm name=""/></StgValue>
</bind>
</comp>

<comp id="6" class="1001" name="const_6">
<pin_list>
<pin id="7" dir="1" index="0" bw="1" slack="0"/>
</pin_list>
<bind>
<StgValue><ssdm name="_ssdm_op_BitConcatenate.i4.i2.i2"/></StgValue>
</bind>
</comp>

<comp id="8" class="1001" name="const_8">
<pin_list>
<pin id="9" dir="1" index="0" bw="1" slack="0"/>
</pin_list>
<bind>
<StgValue><ssdm name=""/></StgValue>
</bind>
</comp>

<comp id="10" class="1001" name="const_10">
<pin_list>
<pin id="11" dir="1" index="0" bw="1" slack="2147483647"/>
</pin_list>
<bind>
<StgValue><ssdm name="_ssdm_op_SpecLoopTripCount"/></StgValue>
</bind>
</comp>

<comp id="12" class="1001" name="const_12">
<pin_list>
<pin id="13" dir="1" index="0" bw="1" slack="2147483647"/>
</pin_list>
<bind>
<StgValue><ssdm name=""/></StgValue>
</bind>
</comp>

<comp id="14" class="1001" name="const_14">
<pin_list>
<pin id="15" dir="1" index="0" bw="1" slack="0"/>
</pin_list>
<bind>
<StgValue><ssdm name=""/></StgValue>
</bind>
</comp>

<comp id="16" class="1001" name="const_16">
<pin_list>
<pin id="17" dir="1" index="0" bw="1" slack="2147483647"/>
</pin_list>
<bind>
<StgValue><ssdm name="_ssdm_op_SpecLoopName"/></StgValue>
</bind>
</comp>

<comp id="18" class="1001" name="const_18">
<pin_list>
<pin id="19" dir="1" index="0" bw="1" slack="2147483647"/>
</pin_list>
<bind>
<StgValue><ssdm name="empty_31"/></StgValue>
</bind>
</comp>

<comp id="20" class="1001" name="const_20">
<pin_list>
<pin id="21" dir="1" index="0" bw="1" slack="0"/>
</pin_list>
<bind>
<StgValue><ssdm name=""/></StgValue>
</bind>
</comp>

<comp id="22" class="1001" name="const_22">
<pin_list>
<pin id="23" dir="1" index="0" bw="1" slack="2147483647"/>
</pin_list>
<bind>
<StgValue><ssdm name=""/></StgValue>
</bind>
</comp>

<comp id="24" class="1001" name="const_24">
<pin_list>
<pin id="25" dir="1" index="0" bw="1" slack="2147483647"/>
</pin_list>
<bind>
<StgValue><ssdm name="empty_30"/></StgValue>
</bind>
</comp>

<comp id="26" class="1001" name="const_26">
<pin_list>
<pin id="27" dir="1" index="0" bw="1" slack="1"/>
</pin_list>
<bind>
<StgValue><ssdm name=""/></StgValue>
</bind>
</comp>

<comp id="28" class="1001" name="const_28">
<pin_list>
<pin id="29" dir="1" index="0" bw="1" slack="0"/>
</pin_list>
<bind>
<StgValue><ssdm name=""/></StgValue>
</bind>
</comp>

<comp id="30" class="1001" name="const_30">
<pin_list>
<pin id="31" dir="1" index="0" bw="1" slack="0"/>
</pin_list>
<bind>
<StgValue><ssdm name=""/></StgValue>
</bind>
</comp>

<comp id="32" class="1001" name="const_32">
<pin_list>
<pin id="33" dir="1" index="0" bw="1" slack="0"/>
</pin_list>
<bind>
<StgValue><ssdm name="_ssdm_op_BitConcatenate.i7.i6.i1"/></StgValue>
</bind>
</comp>

<comp id="34" class="1001" name="const_34">
<pin_list>
<pin id="35" dir="1" index="0" bw="1" slack="0"/>
</pin_list>
<bind>
<StgValue><ssdm name=""/></StgValue>
</bind>
</comp>

<comp id="36" class="1001" name="const_36">
<pin_list>
<pin id="37" dir="1" index="0" bw="1" slack="0"/>
</pin_list>
<bind>
<StgValue><ssdm name=""/></StgValue>
</bind>
</comp>

<comp id="38" class="1001" name="const_38">
<pin_list>
<pin id="39" dir="1" index="0" bw="1" slack="2147483647"/>
</pin_list>
<bind>
<StgValue><ssdm name=""/></StgValue>
</bind>
</comp>

<comp id="40" class="1001" name="const_40">
<pin_list>
<pin id="41" dir="1" index="0" bw="1" slack="2147483647"/>
</pin_list>
<bind>
<StgValue><ssdm name="empty_29"/></StgValue>
</bind>
</comp>

<comp id="42" class="1001" name="const_42">
<pin_list>
<pin id="43" dir="1" index="0" bw="1" slack="0"/>
</pin_list>
<bind>
<StgValue><ssdm name=""/></StgValue>
</bind>
</comp>

<comp id="44" class="1001" name="const_44">
<pin_list>
<pin id="45" dir="1" index="0" bw="1" slack="2147483647"/>
</pin_list>
<bind>
<StgValue><ssdm name="empty_28"/></StgValue>
</bind>
</comp>

<comp id="46" class="1001" name="const_46">
<pin_list>
<pin id="47" dir="1" index="0" bw="1" slack="2147483647"/>
</pin_list>
<bind>
<StgValue><ssdm name="empty_27"/></StgValue>
</bind>
</comp>

<comp id="48" class="1001" name="const_48">
<pin_list>
<pin id="49" dir="1" index="0" bw="1" slack="0"/>
</pin_list>
<bind>
<StgValue><ssdm name="_ssdm_op_BitConcatenate.i6.i5.i1"/></StgValue>
</bind>
</comp>

<comp id="50" class="1001" name="const_50">
<pin_list>
<pin id="51" dir="1" index="0" bw="1" slack="2147483647"/>
</pin_list>
<bind>
<StgValue><ssdm name="empty_26"/></StgValue>
</bind>
</comp>

<comp id="52" class="1001" name="const_52">
<pin_list>
<pin id="53" dir="1" index="0" bw="1" slack="2147483647"/>
</pin_list>
<bind>
<StgValue><ssdm name="empty_21"/></StgValue>
</bind>
</comp>

<comp id="54" class="1004" name="patches_parameters_addr_gep_fu_54">
<pin_list>
<pin id="55" dir="0" index="0" bw="32" slack="0"/>
<pin id="56" dir="0" index="1" bw="1" slack="0"/>
<pin id="57" dir="0" index="2" bw="7" slack="0"/>
<pin id="58" dir="1" index="3" bw="7" slack="0"/>
</pin_list>
<bind>
<opcode="getelementptr(29) " fcode="getelementptr"/>
<opset="patches_parameters_addr/5 "/>
</bind>
</comp>

<comp id="61" class="1004" name="patches_parameters_addr_19_gep_fu_61">
<pin_list>
<pin id="62" dir="0" index="0" bw="32" slack="0"/>
<pin id="63" dir="0" index="1" bw="1" slack="0"/>
<pin id="64" dir="0" index="2" bw="7" slack="0"/>
<pin id="65" dir="1" index="3" bw="7" slack="1"/>
</pin_list>
<bind>
<opcode="getelementptr(29) " fcode="getelementptr"/>
<opset="patches_parameters_addr_19/5 "/>
</bind>
</comp>

<comp id="68" class="1004" name="grp_access_fu_68">
<pin_list>
<pin id="69" dir="0" index="0" bw="7" slack="0"/>
<pin id="70" dir="0" index="1" bw="32" slack="0"/>
<pin id="71" dir="0" index="2" bw="0" slack="2147483647"/>
<pin id="72" dir="1" index="3" bw="32" slack="0"/>
</pin_list>
<bind>
<opcode="load(27) store(28) " fcode="store"/>
<opset="patches_parameters_load/5 store_ln339/6 store_ln363/10 "/>
</bind>
</comp>

<comp id="75" class="1004" name="wp_parameters_addr_gep_fu_75">
<pin_list>
<pin id="76" dir="0" index="0" bw="32" slack="0"/>
<pin id="77" dir="0" index="1" bw="1" slack="0"/>
<pin id="78" dir="0" index="2" bw="7" slack="0"/>
<pin id="79" dir="1" index="3" bw="5" slack="0"/>
</pin_list>
<bind>
<opcode="getelementptr(29) " fcode="getelementptr"/>
<opset="wp_parameters_addr/9 "/>
</bind>
</comp>

<comp id="82" class="1004" name="patches_parameters_addr_18_gep_fu_82">
<pin_list>
<pin id="83" dir="0" index="0" bw="32" slack="0"/>
<pin id="84" dir="0" index="1" bw="1" slack="0"/>
<pin id="85" dir="0" index="2" bw="7" slack="0"/>
<pin id="86" dir="1" index="3" bw="7" slack="1"/>
</pin_list>
<bind>
<opcode="getelementptr(29) " fcode="getelementptr"/>
<opset="patches_parameters_addr_18/9 "/>
</bind>
</comp>

<comp id="89" class="1004" name="grp_access_fu_89">
<pin_list>
<pin id="90" dir="0" index="0" bw="5" slack="0"/>
<pin id="91" dir="0" index="1" bw="32" slack="2147483647"/>
<pin id="92" dir="0" index="2" bw="0" slack="2147483647"/>
<pin id="93" dir="1" index="3" bw="32" slack="0"/>
</pin_list>
<bind>
<opcode="load(27) " fcode="load"/>
<opset="wp_parameters_load/9 "/>
</bind>
</comp>

<comp id="96" class="1005" name="i_reg_96">
<pin_list>
<pin id="97" dir="0" index="0" bw="2" slack="1"/>
<pin id="98" dir="1" index="1" bw="2" slack="1"/>
</pin_list>
<bind>
<opset="i (phireg) "/>
</bind>
</comp>

<comp id="100" class="1004" name="i_phi_fu_100">
<pin_list>
<pin id="101" dir="0" index="0" bw="2" slack="0"/>
<pin id="102" dir="0" index="1" bw="0" slack="2147483647"/>
<pin id="103" dir="0" index="2" bw="2" slack="1"/>
<pin id="104" dir="0" index="3" bw="0" slack="2147483647"/>
<pin id="105" dir="1" index="4" bw="2" slack="0"/>
</pin_list>
<bind>
<opcode="phi(47) " fcode="phi"/>
<opset="i/2 "/>
</bind>
</comp>

<comp id="107" class="1005" name="a_reg_107">
<pin_list>
<pin id="108" dir="0" index="0" bw="2" slack="1"/>
<pin id="109" dir="1" index="1" bw="2" slack="1"/>
</pin_list>
<bind>
<opset="a (phireg) "/>
</bind>
</comp>

<comp id="111" class="1004" name="a_phi_fu_111">
<pin_list>
<pin id="112" dir="0" index="0" bw="2" slack="0"/>
<pin id="113" dir="0" index="1" bw="0" slack="2147483647"/>
<pin id="114" dir="0" index="2" bw="1" slack="1"/>
<pin id="115" dir="0" index="3" bw="0" slack="2147483647"/>
<pin id="116" dir="1" index="4" bw="2" slack="0"/>
</pin_list>
<bind>
<opcode="phi(47) " fcode="phi"/>
<opset="a/3 "/>
</bind>
</comp>

<comp id="118" class="1005" name="b_reg_118">
<pin_list>
<pin id="119" dir="0" index="0" bw="3" slack="1"/>
<pin id="120" dir="1" index="1" bw="3" slack="1"/>
</pin_list>
<bind>
<opset="b (phireg) "/>
</bind>
</comp>

<comp id="122" class="1004" name="b_phi_fu_122">
<pin_list>
<pin id="123" dir="0" index="0" bw="3" slack="0"/>
<pin id="124" dir="0" index="1" bw="0" slack="2147483647"/>
<pin id="125" dir="0" index="2" bw="1" slack="1"/>
<pin id="126" dir="0" index="3" bw="0" slack="2147483647"/>
<pin id="127" dir="1" index="4" bw="3" slack="0"/>
</pin_list>
<bind>
<opcode="phi(47) " fcode="phi"/>
<opset="b/4 "/>
</bind>
</comp>

<comp id="129" class="1005" name="c_reg_129">
<pin_list>
<pin id="130" dir="0" index="0" bw="2" slack="1"/>
<pin id="131" dir="1" index="1" bw="2" slack="1"/>
</pin_list>
<bind>
<opset="c (phireg) "/>
</bind>
</comp>

<comp id="133" class="1004" name="c_phi_fu_133">
<pin_list>
<pin id="134" dir="0" index="0" bw="2" slack="0"/>
<pin id="135" dir="0" index="1" bw="0" slack="2147483647"/>
<pin id="136" dir="0" index="2" bw="1" slack="1"/>
<pin id="137" dir="0" index="3" bw="0" slack="2147483647"/>
<pin id="138" dir="1" index="4" bw="2" slack="0"/>
</pin_list>
<bind>
<opcode="phi(47) " fcode="phi"/>
<opset="c/5 "/>
</bind>
</comp>

<comp id="140" class="1005" name="a_4_reg_140">
<pin_list>
<pin id="141" dir="0" index="0" bw="2" slack="1"/>
<pin id="142" dir="1" index="1" bw="2" slack="1"/>
</pin_list>
<bind>
<opset="a_4 (phireg) "/>
</bind>
</comp>

<comp id="144" class="1004" name="a_4_phi_fu_144">
<pin_list>
<pin id="145" dir="0" index="0" bw="2" slack="0"/>
<pin id="146" dir="0" index="1" bw="0" slack="2147483647"/>
<pin id="147" dir="0" index="2" bw="1" slack="1"/>
<pin id="148" dir="0" index="3" bw="0" slack="2147483647"/>
<pin id="149" dir="1" index="4" bw="2" slack="0"/>
</pin_list>
<bind>
<opcode="phi(47) " fcode="phi"/>
<opset="a_4/7 "/>
</bind>
</comp>

<comp id="151" class="1005" name="b_6_reg_151">
<pin_list>
<pin id="152" dir="0" index="0" bw="3" slack="1"/>
<pin id="153" dir="1" index="1" bw="3" slack="1"/>
</pin_list>
<bind>
<opset="b_6 (phireg) "/>
</bind>
</comp>

<comp id="155" class="1004" name="b_6_phi_fu_155">
<pin_list>
<pin id="156" dir="0" index="0" bw="3" slack="0"/>
<pin id="157" dir="0" index="1" bw="0" slack="2147483647"/>
<pin id="158" dir="0" index="2" bw="1" slack="1"/>
<pin id="159" dir="0" index="3" bw="0" slack="2147483647"/>
<pin id="160" dir="1" index="4" bw="3" slack="0"/>
</pin_list>
<bind>
<opcode="phi(47) " fcode="phi"/>
<opset="b_6/8 "/>
</bind>
</comp>

<comp id="162" class="1005" name="c_5_reg_162">
<pin_list>
<pin id="163" dir="0" index="0" bw="2" slack="1"/>
<pin id="164" dir="1" index="1" bw="2" slack="1"/>
</pin_list>
<bind>
<opset="c_5 (phireg) "/>
</bind>
</comp>

<comp id="166" class="1004" name="c_5_phi_fu_166">
<pin_list>
<pin id="167" dir="0" index="0" bw="2" slack="0"/>
<pin id="168" dir="0" index="1" bw="0" slack="2147483647"/>
<pin id="169" dir="0" index="2" bw="1" slack="1"/>
<pin id="170" dir="0" index="3" bw="0" slack="2147483647"/>
<pin id="171" dir="1" index="4" bw="2" slack="0"/>
</pin_list>
<bind>
<opcode="phi(47) " fcode="phi"/>
<opset="c_5/9 "/>
</bind>
</comp>

<comp id="173" class="1004" name="zext_ln339_fu_173">
<pin_list>
<pin id="174" dir="0" index="0" bw="2" slack="0"/>
<pin id="175" dir="1" index="1" bw="5" slack="0"/>
</pin_list>
<bind>
<opcode="zext(34) " fcode="zext"/>
<opset="zext_ln339/2 "/>
</bind>
</comp>

<comp id="177" class="1004" name="tmp_fu_177">
<pin_list>
<pin id="178" dir="0" index="0" bw="4" slack="0"/>
<pin id="179" dir="0" index="1" bw="2" slack="0"/>
<pin id="180" dir="0" index="2" bw="1" slack="0"/>
<pin id="181" dir="1" index="3" bw="4" slack="0"/>
</pin_list>
<bind>
<opcode="bitconcatenate(1004) " fcode="bitconcatenate"/>
<opset="tmp/2 "/>
</bind>
</comp>

<comp id="185" class="1004" name="zext_ln339_1_fu_185">
<pin_list>
<pin id="186" dir="0" index="0" bw="4" slack="0"/>
<pin id="187" dir="1" index="1" bw="5" slack="0"/>
</pin_list>
<bind>
<opcode="zext(34) " fcode="zext"/>
<opset="zext_ln339_1/2 "/>
</bind>
</comp>

<comp id="189" class="1004" name="sub_ln339_fu_189">
<pin_list>
<pin id="190" dir="0" index="0" bw="4" slack="0"/>
<pin id="191" dir="0" index="1" bw="2" slack="0"/>
<pin id="192" dir="1" index="2" bw="5" slack="0"/>
</pin_list>
<bind>
<opcode="sub(10) " fcode="sub"/>
<opset="sub_ln339/2 "/>
</bind>
</comp>

<comp id="195" class="1004" name="sext_ln316_fu_195">
<pin_list>
<pin id="196" dir="0" index="0" bw="5" slack="0"/>
<pin id="197" dir="1" index="1" bw="6" slack="1"/>
</pin_list>
<bind>
<opcode="sext(35) " fcode="sext"/>
<opset="sext_ln316/2 "/>
</bind>
</comp>

<comp id="199" class="1004" name="icmp_ln316_fu_199">
<pin_list>
<pin id="200" dir="0" index="0" bw="2" slack="0"/>
<pin id="201" dir="0" index="1" bw="1" slack="0"/>
<pin id="202" dir="1" index="2" bw="1" slack="2147483647"/>
</pin_list>
<bind>
<opcode="icmp(45) " fcode="icmp"/>
<opset="icmp_ln316/2 "/>
</bind>
</comp>

<comp id="205" class="1004" name="add_ln316_fu_205">
<pin_list>
<pin id="206" dir="0" index="0" bw="2" slack="0"/>
<pin id="207" dir="0" index="1" bw="1" slack="0"/>
<pin id="208" dir="1" index="2" bw="2" slack="0"/>
</pin_list>
<bind>
<opcode="add(8) " fcode="add"/>
<opset="add_ln316/2 "/>
</bind>
</comp>

<comp id="211" class="1004" name="zext_ln339_2_fu_211">
<pin_list>
<pin id="212" dir="0" index="0" bw="2" slack="0"/>
<pin id="213" dir="1" index="1" bw="5" slack="0"/>
</pin_list>
<bind>
<opcode="zext(34) " fcode="zext"/>
<opset="zext_ln339_2/2 "/>
</bind>
</comp>

<comp id="215" class="1004" name="tmp_s_fu_215">
<pin_list>
<pin id="216" dir="0" index="0" bw="4" slack="0"/>
<pin id="217" dir="0" index="1" bw="2" slack="0"/>
<pin id="218" dir="0" index="2" bw="1" slack="0"/>
<pin id="219" dir="1" index="3" bw="4" slack="0"/>
</pin_list>
<bind>
<opcode="bitconcatenate(1004) " fcode="bitconcatenate"/>
<opset="tmp_s/2 "/>
</bind>
</comp>

<comp id="223" class="1004" name="zext_ln339_3_fu_223">
<pin_list>
<pin id="224" dir="0" index="0" bw="4" slack="0"/>
<pin id="225" dir="1" index="1" bw="5" slack="0"/>
</pin_list>
<bind>
<opcode="zext(34) " fcode="zext"/>
<opset="zext_ln339_3/2 "/>
</bind>
</comp>

<comp id="227" class="1004" name="sub_ln339_1_fu_227">
<pin_list>
<pin id="228" dir="0" index="0" bw="4" slack="0"/>
<pin id="229" dir="0" index="1" bw="2" slack="0"/>
<pin id="230" dir="1" index="2" bw="5" slack="0"/>
</pin_list>
<bind>
<opcode="sub(10) " fcode="sub"/>
<opset="sub_ln339_1/2 "/>
</bind>
</comp>

<comp id="233" class="1004" name="sext_ln322_fu_233">
<pin_list>
<pin id="234" dir="0" index="0" bw="5" slack="0"/>
<pin id="235" dir="1" index="1" bw="6" slack="1"/>
</pin_list>
<bind>
<opcode="sext(35) " fcode="sext"/>
<opset="sext_ln322/2 "/>
</bind>
</comp>

<comp id="237" class="1004" name="add_ln322_fu_237">
<pin_list>
<pin id="238" dir="0" index="0" bw="2" slack="0"/>
<pin id="239" dir="0" index="1" bw="1" slack="0"/>
<pin id="240" dir="1" index="2" bw="2" slack="0"/>
</pin_list>
<bind>
<opcode="add(8) " fcode="add"/>
<opset="add_ln322/3 "/>
</bind>
</comp>

<comp id="243" class="1004" name="zext_ln339_4_fu_243">
<pin_list>
<pin id="244" dir="0" index="0" bw="2" slack="0"/>
<pin id="245" dir="1" index="1" bw="6" slack="0"/>
</pin_list>
<bind>
<opcode="zext(34) " fcode="zext"/>
<opset="zext_ln339_4/3 "/>
</bind>
</comp>

<comp id="247" class="1004" name="add_ln339_fu_247">
<pin_list>
<pin id="248" dir="0" index="0" bw="5" slack="1"/>
<pin id="249" dir="0" index="1" bw="2" slack="0"/>
<pin id="250" dir="1" index="2" bw="6" slack="1"/>
</pin_list>
<bind>
<opcode="add(8) " fcode="add"/>
<opset="add_ln339/3 "/>
</bind>
</comp>

<comp id="252" class="1004" name="add_ln339_1_fu_252">
<pin_list>
<pin id="253" dir="0" index="0" bw="5" slack="1"/>
<pin id="254" dir="0" index="1" bw="2" slack="0"/>
<pin id="255" dir="1" index="2" bw="6" slack="1"/>
</pin_list>
<bind>
<opcode="add(8) " fcode="add"/>
<opset="add_ln339_1/3 "/>
</bind>
</comp>

<comp id="257" class="1004" name="icmp_ln322_fu_257">
<pin_list>
<pin id="258" dir="0" index="0" bw="2" slack="0"/>
<pin id="259" dir="0" index="1" bw="1" slack="0"/>
<pin id="260" dir="1" index="2" bw="1" slack="2147483647"/>
</pin_list>
<bind>
<opcode="icmp(45) " fcode="icmp"/>
<opset="icmp_ln322/3 "/>
</bind>
</comp>

<comp id="263" class="1004" name="add_ln328_fu_263">
<pin_list>
<pin id="264" dir="0" index="0" bw="3" slack="0"/>
<pin id="265" dir="0" index="1" bw="1" slack="0"/>
<pin id="266" dir="1" index="2" bw="3" slack="0"/>
</pin_list>
<bind>
<opcode="add(8) " fcode="add"/>
<opset="add_ln328/4 "/>
</bind>
</comp>

<comp id="269" class="1004" name="shl_ln339_fu_269">
<pin_list>
<pin id="270" dir="0" index="0" bw="6" slack="1"/>
<pin id="271" dir="0" index="1" bw="3" slack="0"/>
<pin id="272" dir="1" index="2" bw="6" slack="0"/>
</pin_list>
<bind>
<opcode="shl(20) " fcode="shl"/>
<opset="shl_ln339/4 "/>
</bind>
</comp>

<comp id="274" class="1004" name="zext_ln339_5_fu_274">
<pin_list>
<pin id="275" dir="0" index="0" bw="3" slack="0"/>
<pin id="276" dir="1" index="1" bw="6" slack="0"/>
</pin_list>
<bind>
<opcode="zext(34) " fcode="zext"/>
<opset="zext_ln339_5/4 "/>
</bind>
</comp>

<comp id="278" class="1004" name="add_ln339_2_fu_278">
<pin_list>
<pin id="279" dir="0" index="0" bw="6" slack="0"/>
<pin id="280" dir="0" index="1" bw="3" slack="0"/>
<pin id="281" dir="1" index="2" bw="6" slack="0"/>
</pin_list>
<bind>
<opcode="add(8) " fcode="add"/>
<opset="add_ln339_2/4 "/>
</bind>
</comp>

<comp id="284" class="1004" name="tmp_74_cast_fu_284">
<pin_list>
<pin id="285" dir="0" index="0" bw="7" slack="0"/>
<pin id="286" dir="0" index="1" bw="6" slack="0"/>
<pin id="287" dir="0" index="2" bw="1" slack="0"/>
<pin id="288" dir="1" index="3" bw="7" slack="1"/>
</pin_list>
<bind>
<opcode="bitconcatenate(1004) " fcode="bitconcatenate"/>
<opset="tmp_74_cast/4 "/>
</bind>
</comp>

<comp id="292" class="1004" name="shl_ln339_1_fu_292">
<pin_list>
<pin id="293" dir="0" index="0" bw="6" slack="1"/>
<pin id="294" dir="0" index="1" bw="3" slack="0"/>
<pin id="295" dir="1" index="2" bw="6" slack="0"/>
</pin_list>
<bind>
<opcode="shl(20) " fcode="shl"/>
<opset="shl_ln339_1/4 "/>
</bind>
</comp>

<comp id="297" class="1004" name="zext_ln339_6_fu_297">
<pin_list>
<pin id="298" dir="0" index="0" bw="3" slack="0"/>
<pin id="299" dir="1" index="1" bw="6" slack="0"/>
</pin_list>
<bind>
<opcode="zext(34) " fcode="zext"/>
<opset="zext_ln339_6/4 "/>
</bind>
</comp>

<comp id="301" class="1004" name="add_ln339_3_fu_301">
<pin_list>
<pin id="302" dir="0" index="0" bw="6" slack="0"/>
<pin id="303" dir="0" index="1" bw="3" slack="0"/>
<pin id="304" dir="1" index="2" bw="6" slack="0"/>
</pin_list>
<bind>
<opcode="add(8) " fcode="add"/>
<opset="add_ln339_3/4 "/>
</bind>
</comp>

<comp id="307" class="1004" name="tmp_76_cast_fu_307">
<pin_list>
<pin id="308" dir="0" index="0" bw="7" slack="0"/>
<pin id="309" dir="0" index="1" bw="6" slack="0"/>
<pin id="310" dir="0" index="2" bw="1" slack="0"/>
<pin id="311" dir="1" index="3" bw="7" slack="1"/>
</pin_list>
<bind>
<opcode="bitconcatenate(1004) " fcode="bitconcatenate"/>
<opset="tmp_76_cast/4 "/>
</bind>
</comp>

<comp id="315" class="1004" name="icmp_ln328_fu_315">
<pin_list>
<pin id="316" dir="0" index="0" bw="3" slack="0"/>
<pin id="317" dir="0" index="1" bw="3" slack="0"/>
<pin id="318" dir="1" index="2" bw="1" slack="2147483647"/>
</pin_list>
<bind>
<opcode="icmp(45) " fcode="icmp"/>
<opset="icmp_ln328/4 "/>
</bind>
</comp>

<comp id="321" class="1004" name="add_ln334_fu_321">
<pin_list>
<pin id="322" dir="0" index="0" bw="2" slack="0"/>
<pin id="323" dir="0" index="1" bw="1" slack="0"/>
<pin id="324" dir="1" index="2" bw="2" slack="0"/>
</pin_list>
<bind>
<opcode="add(8) " fcode="add"/>
<opset="add_ln334/5 "/>
</bind>
</comp>

<comp id="327" class="1004" name="zext_ln339_7_fu_327">
<pin_list>
<pin id="328" dir="0" index="0" bw="2" slack="0"/>
<pin id="329" dir="1" index="1" bw="7" slack="0"/>
</pin_list>
<bind>
<opcode="zext(34) " fcode="zext"/>
<opset="zext_ln339_7/5 "/>
</bind>
</comp>

<comp id="331" class="1004" name="add_ln339_4_fu_331">
<pin_list>
<pin id="332" dir="0" index="0" bw="7" slack="1"/>
<pin id="333" dir="0" index="1" bw="2" slack="0"/>
<pin id="334" dir="1" index="2" bw="7" slack="0"/>
</pin_list>
<bind>
<opcode="add(8) " fcode="add"/>
<opset="add_ln339_4/5 "/>
</bind>
</comp>

<comp id="336" class="1004" name="zext_ln339_8_fu_336">
<pin_list>
<pin id="337" dir="0" index="0" bw="7" slack="0"/>
<pin id="338" dir="1" index="1" bw="64" slack="0"/>
</pin_list>
<bind>
<opcode="zext(34) " fcode="zext"/>
<opset="zext_ln339_8/5 "/>
</bind>
</comp>

<comp id="341" class="1004" name="add_ln339_5_fu_341">
<pin_list>
<pin id="342" dir="0" index="0" bw="7" slack="1"/>
<pin id="343" dir="0" index="1" bw="2" slack="0"/>
<pin id="344" dir="1" index="2" bw="7" slack="0"/>
</pin_list>
<bind>
<opcode="add(8) " fcode="add"/>
<opset="add_ln339_5/5 "/>
</bind>
</comp>

<comp id="346" class="1004" name="zext_ln339_9_fu_346">
<pin_list>
<pin id="347" dir="0" index="0" bw="7" slack="0"/>
<pin id="348" dir="1" index="1" bw="64" slack="0"/>
</pin_list>
<bind>
<opcode="zext(34) " fcode="zext"/>
<opset="zext_ln339_9/5 "/>
</bind>
</comp>

<comp id="351" class="1004" name="icmp_ln334_fu_351">
<pin_list>
<pin id="352" dir="0" index="0" bw="2" slack="0"/>
<pin id="353" dir="0" index="1" bw="2" slack="0"/>
<pin id="354" dir="1" index="2" bw="1" slack="2147483647"/>
</pin_list>
<bind>
<opcode="icmp(45) " fcode="icmp"/>
<opset="icmp_ln334/5 "/>
</bind>
</comp>

<comp id="357" class="1004" name="add_ln346_fu_357">
<pin_list>
<pin id="358" dir="0" index="0" bw="2" slack="0"/>
<pin id="359" dir="0" index="1" bw="1" slack="0"/>
<pin id="360" dir="1" index="2" bw="2" slack="0"/>
</pin_list>
<bind>
<opcode="add(8) " fcode="add"/>
<opset="add_ln346/7 "/>
</bind>
</comp>

<comp id="363" class="1004" name="tmp_7_fu_363">
<pin_list>
<pin id="364" dir="0" index="0" bw="4" slack="0"/>
<pin id="365" dir="0" index="1" bw="2" slack="0"/>
<pin id="366" dir="0" index="2" bw="1" slack="0"/>
<pin id="367" dir="1" index="3" bw="4" slack="0"/>
</pin_list>
<bind>
<opcode="bitconcatenate(1004) " fcode="bitconcatenate"/>
<opset="tmp_7/7 "/>
</bind>
</comp>

<comp id="371" class="1004" name="zext_ln346_fu_371">
<pin_list>
<pin id="372" dir="0" index="0" bw="4" slack="0"/>
<pin id="373" dir="1" index="1" bw="5" slack="1"/>
</pin_list>
<bind>
<opcode="zext(34) " fcode="zext"/>
<opset="zext_ln346/7 "/>
</bind>
</comp>

<comp id="375" class="1004" name="icmp_ln346_fu_375">
<pin_list>
<pin id="376" dir="0" index="0" bw="2" slack="0"/>
<pin id="377" dir="0" index="1" bw="1" slack="0"/>
<pin id="378" dir="1" index="2" bw="1" slack="2147483647"/>
</pin_list>
<bind>
<opcode="icmp(45) " fcode="icmp"/>
<opset="icmp_ln346/7 "/>
</bind>
</comp>

<comp id="381" class="1004" name="add_ln352_fu_381">
<pin_list>
<pin id="382" dir="0" index="0" bw="3" slack="0"/>
<pin id="383" dir="0" index="1" bw="1" slack="0"/>
<pin id="384" dir="1" index="2" bw="3" slack="0"/>
</pin_list>
<bind>
<opcode="add(8) " fcode="add"/>
<opset="add_ln352/8 "/>
</bind>
</comp>

<comp id="387" class="1004" name="zext_ln363_fu_387">
<pin_list>
<pin id="388" dir="0" index="0" bw="3" slack="0"/>
<pin id="389" dir="1" index="1" bw="5" slack="0"/>
</pin_list>
<bind>
<opcode="zext(34) " fcode="zext"/>
<opset="zext_ln363/8 "/>
</bind>
</comp>

<comp id="391" class="1004" name="add_ln363_fu_391">
<pin_list>
<pin id="392" dir="0" index="0" bw="4" slack="1"/>
<pin id="393" dir="0" index="1" bw="3" slack="0"/>
<pin id="394" dir="1" index="2" bw="5" slack="0"/>
</pin_list>
<bind>
<opcode="add(8) " fcode="add"/>
<opset="add_ln363/8 "/>
</bind>
</comp>

<comp id="396" class="1004" name="tmp_26_fu_396">
<pin_list>
<pin id="397" dir="0" index="0" bw="6" slack="0"/>
<pin id="398" dir="0" index="1" bw="5" slack="0"/>
<pin id="399" dir="0" index="2" bw="1" slack="0"/>
<pin id="400" dir="1" index="3" bw="6" slack="0"/>
</pin_list>
<bind>
<opcode="bitconcatenate(1004) " fcode="bitconcatenate"/>
<opset="tmp_26/8 "/>
</bind>
</comp>

<comp id="404" class="1004" name="zext_ln352_fu_404">
<pin_list>
<pin id="405" dir="0" index="0" bw="6" slack="0"/>
<pin id="406" dir="1" index="1" bw="7" slack="1"/>
</pin_list>
<bind>
<opcode="zext(34) " fcode="zext"/>
<opset="zext_ln352/8 "/>
</bind>
</comp>

<comp id="408" class="1004" name="icmp_ln352_fu_408">
<pin_list>
<pin id="409" dir="0" index="0" bw="3" slack="0"/>
<pin id="410" dir="0" index="1" bw="3" slack="0"/>
<pin id="411" dir="1" index="2" bw="1" slack="2147483647"/>
</pin_list>
<bind>
<opcode="icmp(45) " fcode="icmp"/>
<opset="icmp_ln352/8 "/>
</bind>
</comp>

<comp id="414" class="1004" name="add_ln358_fu_414">
<pin_list>
<pin id="415" dir="0" index="0" bw="2" slack="0"/>
<pin id="416" dir="0" index="1" bw="1" slack="0"/>
<pin id="417" dir="1" index="2" bw="2" slack="0"/>
</pin_list>
<bind>
<opcode="add(8) " fcode="add"/>
<opset="add_ln358/9 "/>
</bind>
</comp>

<comp id="420" class="1004" name="zext_ln363_1_fu_420">
<pin_list>
<pin id="421" dir="0" index="0" bw="2" slack="0"/>
<pin id="422" dir="1" index="1" bw="7" slack="0"/>
</pin_list>
<bind>
<opcode="zext(34) " fcode="zext"/>
<opset="zext_ln363_1/9 "/>
</bind>
</comp>

<comp id="424" class="1004" name="add_ln363_1_fu_424">
<pin_list>
<pin id="425" dir="0" index="0" bw="6" slack="1"/>
<pin id="426" dir="0" index="1" bw="2" slack="0"/>
<pin id="427" dir="1" index="2" bw="7" slack="0"/>
</pin_list>
<bind>
<opcode="add(8) " fcode="add"/>
<opset="add_ln363_1/9 "/>
</bind>
</comp>

<comp id="429" class="1004" name="zext_ln363_2_fu_429">
<pin_list>
<pin id="430" dir="0" index="0" bw="7" slack="0"/>
<pin id="431" dir="1" index="1" bw="64" slack="0"/>
</pin_list>
<bind>
<opcode="zext(34) " fcode="zext"/>
<opset="zext_ln363_2/9 "/>
</bind>
</comp>

<comp id="435" class="1004" name="icmp_ln358_fu_435">
<pin_list>
<pin id="436" dir="0" index="0" bw="2" slack="0"/>
<pin id="437" dir="0" index="1" bw="2" slack="0"/>
<pin id="438" dir="1" index="2" bw="1" slack="2147483647"/>
</pin_list>
<bind>
<opcode="icmp(45) " fcode="icmp"/>
<opset="icmp_ln358/9 "/>
</bind>
</comp>

<comp id="441" class="1005" name="sext_ln316_reg_441">
<pin_list>
<pin id="442" dir="0" index="0" bw="6" slack="1"/>
<pin id="443" dir="1" index="1" bw="6" slack="1"/>
</pin_list>
<bind>
<opset="sext_ln316 "/>
</bind>
</comp>

<comp id="449" class="1005" name="add_ln316_reg_449">
<pin_list>
<pin id="450" dir="0" index="0" bw="2" slack="0"/>
<pin id="451" dir="1" index="1" bw="2" slack="0"/>
</pin_list>
<bind>
<opset="add_ln316 "/>
</bind>
</comp>

<comp id="454" class="1005" name="sext_ln322_reg_454">
<pin_list>
<pin id="455" dir="0" index="0" bw="6" slack="1"/>
<pin id="456" dir="1" index="1" bw="6" slack="1"/>
</pin_list>
<bind>
<opset="sext_ln322 "/>
</bind>
</comp>

<comp id="459" class="1005" name="add_ln322_reg_459">
<pin_list>
<pin id="460" dir="0" index="0" bw="2" slack="0"/>
<pin id="461" dir="1" index="1" bw="2" slack="0"/>
</pin_list>
<bind>
<opset="add_ln322 "/>
</bind>
</comp>

<comp id="464" class="1005" name="add_ln339_reg_464">
<pin_list>
<pin id="465" dir="0" index="0" bw="6" slack="1"/>
<pin id="466" dir="1" index="1" bw="6" slack="1"/>
</pin_list>
<bind>
<opset="add_ln339 "/>
</bind>
</comp>

<comp id="469" class="1005" name="add_ln339_1_reg_469">
<pin_list>
<pin id="470" dir="0" index="0" bw="6" slack="1"/>
<pin id="471" dir="1" index="1" bw="6" slack="1"/>
</pin_list>
<bind>
<opset="add_ln339_1 "/>
</bind>
</comp>

<comp id="477" class="1005" name="add_ln328_reg_477">
<pin_list>
<pin id="478" dir="0" index="0" bw="3" slack="0"/>
<pin id="479" dir="1" index="1" bw="3" slack="0"/>
</pin_list>
<bind>
<opset="add_ln328 "/>
</bind>
</comp>

<comp id="482" class="1005" name="tmp_74_cast_reg_482">
<pin_list>
<pin id="483" dir="0" index="0" bw="7" slack="1"/>
<pin id="484" dir="1" index="1" bw="7" slack="1"/>
</pin_list>
<bind>
<opset="tmp_74_cast "/>
</bind>
</comp>

<comp id="487" class="1005" name="tmp_76_cast_reg_487">
<pin_list>
<pin id="488" dir="0" index="0" bw="7" slack="1"/>
<pin id="489" dir="1" index="1" bw="7" slack="1"/>
</pin_list>
<bind>
<opset="tmp_76_cast "/>
</bind>
</comp>

<comp id="495" class="1005" name="add_ln334_reg_495">
<pin_list>
<pin id="496" dir="0" index="0" bw="2" slack="0"/>
<pin id="497" dir="1" index="1" bw="2" slack="0"/>
</pin_list>
<bind>
<opset="add_ln334 "/>
</bind>
</comp>

<comp id="500" class="1005" name="patches_parameters_addr_reg_500">
<pin_list>
<pin id="501" dir="0" index="0" bw="7" slack="1"/>
<pin id="502" dir="1" index="1" bw="7" slack="1"/>
</pin_list>
<bind>
<opset="patches_parameters_addr "/>
</bind>
</comp>

<comp id="505" class="1005" name="patches_parameters_addr_19_reg_505">
<pin_list>
<pin id="506" dir="0" index="0" bw="7" slack="1"/>
<pin id="507" dir="1" index="1" bw="7" slack="1"/>
</pin_list>
<bind>
<opset="patches_parameters_addr_19 "/>
</bind>
</comp>

<comp id="513" class="1005" name="add_ln346_reg_513">
<pin_list>
<pin id="514" dir="0" index="0" bw="2" slack="0"/>
<pin id="515" dir="1" index="1" bw="2" slack="0"/>
</pin_list>
<bind>
<opset="add_ln346 "/>
</bind>
</comp>

<comp id="518" class="1005" name="zext_ln346_reg_518">
<pin_list>
<pin id="519" dir="0" index="0" bw="5" slack="1"/>
<pin id="520" dir="1" index="1" bw="5" slack="1"/>
</pin_list>
<bind>
<opset="zext_ln346 "/>
</bind>
</comp>

<comp id="526" class="1005" name="add_ln352_reg_526">
<pin_list>
<pin id="527" dir="0" index="0" bw="3" slack="0"/>
<pin id="528" dir="1" index="1" bw="3" slack="0"/>
</pin_list>
<bind>
<opset="add_ln352 "/>
</bind>
</comp>

<comp id="531" class="1005" name="zext_ln352_reg_531">
<pin_list>
<pin id="532" dir="0" index="0" bw="7" slack="1"/>
<pin id="533" dir="1" index="1" bw="7" slack="1"/>
</pin_list>
<bind>
<opset="zext_ln352 "/>
</bind>
</comp>

<comp id="539" class="1005" name="add_ln358_reg_539">
<pin_list>
<pin id="540" dir="0" index="0" bw="2" slack="0"/>
<pin id="541" dir="1" index="1" bw="2" slack="0"/>
</pin_list>
<bind>
<opset="add_ln358 "/>
</bind>
</comp>

<comp id="544" class="1005" name="wp_parameters_addr_reg_544">
<pin_list>
<pin id="545" dir="0" index="0" bw="5" slack="1"/>
<pin id="546" dir="1" index="1" bw="5" slack="1"/>
</pin_list>
<bind>
<opset="wp_parameters_addr "/>
</bind>
</comp>

<comp id="549" class="1005" name="patches_parameters_addr_18_reg_549">
<pin_list>
<pin id="550" dir="0" index="0" bw="7" slack="1"/>
<pin id="551" dir="1" index="1" bw="7" slack="1"/>
</pin_list>
<bind>
<opset="patches_parameters_addr_18 "/>
</bind>
</comp>

</comp_list>

<net_list>
<net id="59"><net_src comp="2" pin="0"/><net_sink comp="54" pin=0"/></net>

<net id="60"><net_src comp="42" pin="0"/><net_sink comp="54" pin=1"/></net>

<net id="66"><net_src comp="2" pin="0"/><net_sink comp="61" pin=0"/></net>

<net id="67"><net_src comp="42" pin="0"/><net_sink comp="61" pin=1"/></net>

<net id="73"><net_src comp="54" pin="3"/><net_sink comp="68" pin=0"/></net>

<net id="74"><net_src comp="68" pin="3"/><net_sink comp="68" pin=1"/></net>

<net id="80"><net_src comp="0" pin="0"/><net_sink comp="75" pin=0"/></net>

<net id="81"><net_src comp="42" pin="0"/><net_sink comp="75" pin=1"/></net>

<net id="87"><net_src comp="2" pin="0"/><net_sink comp="82" pin=0"/></net>

<net id="88"><net_src comp="42" pin="0"/><net_sink comp="82" pin=1"/></net>

<net id="94"><net_src comp="75" pin="3"/><net_sink comp="89" pin=0"/></net>

<net id="95"><net_src comp="89" pin="3"/><net_sink comp="68" pin=1"/></net>

<net id="99"><net_src comp="4" pin="0"/><net_sink comp="96" pin=0"/></net>

<net id="106"><net_src comp="96" pin="1"/><net_sink comp="100" pin=2"/></net>

<net id="110"><net_src comp="8" pin="0"/><net_sink comp="107" pin=0"/></net>

<net id="117"><net_src comp="107" pin="1"/><net_sink comp="111" pin=2"/></net>

<net id="121"><net_src comp="26" pin="0"/><net_sink comp="118" pin=0"/></net>

<net id="128"><net_src comp="118" pin="1"/><net_sink comp="122" pin=2"/></net>

<net id="132"><net_src comp="8" pin="0"/><net_sink comp="129" pin=0"/></net>

<net id="139"><net_src comp="129" pin="1"/><net_sink comp="133" pin=2"/></net>

<net id="143"><net_src comp="8" pin="0"/><net_sink comp="140" pin=0"/></net>

<net id="150"><net_src comp="140" pin="1"/><net_sink comp="144" pin=2"/></net>

<net id="154"><net_src comp="26" pin="0"/><net_sink comp="151" pin=0"/></net>

<net id="161"><net_src comp="151" pin="1"/><net_sink comp="155" pin=2"/></net>

<net id="165"><net_src comp="8" pin="0"/><net_sink comp="162" pin=0"/></net>

<net id="172"><net_src comp="162" pin="1"/><net_sink comp="166" pin=2"/></net>

<net id="176"><net_src comp="100" pin="4"/><net_sink comp="173" pin=0"/></net>

<net id="182"><net_src comp="6" pin="0"/><net_sink comp="177" pin=0"/></net>

<net id="183"><net_src comp="100" pin="4"/><net_sink comp="177" pin=1"/></net>

<net id="184"><net_src comp="8" pin="0"/><net_sink comp="177" pin=2"/></net>

<net id="188"><net_src comp="177" pin="3"/><net_sink comp="185" pin=0"/></net>

<net id="193"><net_src comp="185" pin="1"/><net_sink comp="189" pin=0"/></net>

<net id="194"><net_src comp="173" pin="1"/><net_sink comp="189" pin=1"/></net>

<net id="198"><net_src comp="189" pin="2"/><net_sink comp="195" pin=0"/></net>

<net id="203"><net_src comp="100" pin="4"/><net_sink comp="199" pin=0"/></net>

<net id="204"><net_src comp="8" pin="0"/><net_sink comp="199" pin=1"/></net>

<net id="209"><net_src comp="100" pin="4"/><net_sink comp="205" pin=0"/></net>

<net id="210"><net_src comp="14" pin="0"/><net_sink comp="205" pin=1"/></net>

<net id="214"><net_src comp="205" pin="2"/><net_sink comp="211" pin=0"/></net>

<net id="220"><net_src comp="6" pin="0"/><net_sink comp="215" pin=0"/></net>

<net id="221"><net_src comp="205" pin="2"/><net_sink comp="215" pin=1"/></net>

<net id="222"><net_src comp="8" pin="0"/><net_sink comp="215" pin=2"/></net>

<net id="226"><net_src comp="215" pin="3"/><net_sink comp="223" pin=0"/></net>

<net id="231"><net_src comp="223" pin="1"/><net_sink comp="227" pin=0"/></net>

<net id="232"><net_src comp="211" pin="1"/><net_sink comp="227" pin=1"/></net>

<net id="236"><net_src comp="227" pin="2"/><net_sink comp="233" pin=0"/></net>

<net id="241"><net_src comp="111" pin="4"/><net_sink comp="237" pin=0"/></net>

<net id="242"><net_src comp="20" pin="0"/><net_sink comp="237" pin=1"/></net>

<net id="246"><net_src comp="111" pin="4"/><net_sink comp="243" pin=0"/></net>

<net id="251"><net_src comp="243" pin="1"/><net_sink comp="247" pin=1"/></net>

<net id="256"><net_src comp="243" pin="1"/><net_sink comp="252" pin=1"/></net>

<net id="261"><net_src comp="111" pin="4"/><net_sink comp="257" pin=0"/></net>

<net id="262"><net_src comp="14" pin="0"/><net_sink comp="257" pin=1"/></net>

<net id="267"><net_src comp="122" pin="4"/><net_sink comp="263" pin=0"/></net>

<net id="268"><net_src comp="28" pin="0"/><net_sink comp="263" pin=1"/></net>

<net id="273"><net_src comp="30" pin="0"/><net_sink comp="269" pin=1"/></net>

<net id="277"><net_src comp="122" pin="4"/><net_sink comp="274" pin=0"/></net>

<net id="282"><net_src comp="269" pin="2"/><net_sink comp="278" pin=0"/></net>

<net id="283"><net_src comp="274" pin="1"/><net_sink comp="278" pin=1"/></net>

<net id="289"><net_src comp="32" pin="0"/><net_sink comp="284" pin=0"/></net>

<net id="290"><net_src comp="278" pin="2"/><net_sink comp="284" pin=1"/></net>

<net id="291"><net_src comp="34" pin="0"/><net_sink comp="284" pin=2"/></net>

<net id="296"><net_src comp="30" pin="0"/><net_sink comp="292" pin=1"/></net>

<net id="300"><net_src comp="122" pin="4"/><net_sink comp="297" pin=0"/></net>

<net id="305"><net_src comp="292" pin="2"/><net_sink comp="301" pin=0"/></net>

<net id="306"><net_src comp="297" pin="1"/><net_sink comp="301" pin=1"/></net>

<net id="312"><net_src comp="32" pin="0"/><net_sink comp="307" pin=0"/></net>

<net id="313"><net_src comp="301" pin="2"/><net_sink comp="307" pin=1"/></net>

<net id="314"><net_src comp="34" pin="0"/><net_sink comp="307" pin=2"/></net>

<net id="319"><net_src comp="122" pin="4"/><net_sink comp="315" pin=0"/></net>

<net id="320"><net_src comp="36" pin="0"/><net_sink comp="315" pin=1"/></net>

<net id="325"><net_src comp="133" pin="4"/><net_sink comp="321" pin=0"/></net>

<net id="326"><net_src comp="20" pin="0"/><net_sink comp="321" pin=1"/></net>

<net id="330"><net_src comp="133" pin="4"/><net_sink comp="327" pin=0"/></net>

<net id="335"><net_src comp="327" pin="1"/><net_sink comp="331" pin=1"/></net>

<net id="339"><net_src comp="331" pin="2"/><net_sink comp="336" pin=0"/></net>

<net id="340"><net_src comp="336" pin="1"/><net_sink comp="54" pin=2"/></net>

<net id="345"><net_src comp="327" pin="1"/><net_sink comp="341" pin=1"/></net>

<net id="349"><net_src comp="341" pin="2"/><net_sink comp="346" pin=0"/></net>

<net id="350"><net_src comp="346" pin="1"/><net_sink comp="61" pin=2"/></net>

<net id="355"><net_src comp="133" pin="4"/><net_sink comp="351" pin=0"/></net>

<net id="356"><net_src comp="4" pin="0"/><net_sink comp="351" pin=1"/></net>

<net id="361"><net_src comp="144" pin="4"/><net_sink comp="357" pin=0"/></net>

<net id="362"><net_src comp="20" pin="0"/><net_sink comp="357" pin=1"/></net>

<net id="368"><net_src comp="6" pin="0"/><net_sink comp="363" pin=0"/></net>

<net id="369"><net_src comp="144" pin="4"/><net_sink comp="363" pin=1"/></net>

<net id="370"><net_src comp="8" pin="0"/><net_sink comp="363" pin=2"/></net>

<net id="374"><net_src comp="363" pin="3"/><net_sink comp="371" pin=0"/></net>

<net id="379"><net_src comp="144" pin="4"/><net_sink comp="375" pin=0"/></net>

<net id="380"><net_src comp="14" pin="0"/><net_sink comp="375" pin=1"/></net>

<net id="385"><net_src comp="155" pin="4"/><net_sink comp="381" pin=0"/></net>

<net id="386"><net_src comp="28" pin="0"/><net_sink comp="381" pin=1"/></net>

<net id="390"><net_src comp="155" pin="4"/><net_sink comp="387" pin=0"/></net>

<net id="395"><net_src comp="387" pin="1"/><net_sink comp="391" pin=1"/></net>

<net id="401"><net_src comp="48" pin="0"/><net_sink comp="396" pin=0"/></net>

<net id="402"><net_src comp="391" pin="2"/><net_sink comp="396" pin=1"/></net>

<net id="403"><net_src comp="34" pin="0"/><net_sink comp="396" pin=2"/></net>

<net id="407"><net_src comp="396" pin="3"/><net_sink comp="404" pin=0"/></net>

<net id="412"><net_src comp="155" pin="4"/><net_sink comp="408" pin=0"/></net>

<net id="413"><net_src comp="36" pin="0"/><net_sink comp="408" pin=1"/></net>

<net id="418"><net_src comp="166" pin="4"/><net_sink comp="414" pin=0"/></net>

<net id="419"><net_src comp="20" pin="0"/><net_sink comp="414" pin=1"/></net>

<net id="423"><net_src comp="166" pin="4"/><net_sink comp="420" pin=0"/></net>

<net id="428"><net_src comp="420" pin="1"/><net_sink comp="424" pin=1"/></net>

<net id="432"><net_src comp="424" pin="2"/><net_sink comp="429" pin=0"/></net>

<net id="433"><net_src comp="429" pin="1"/><net_sink comp="75" pin=2"/></net>

<net id="434"><net_src comp="429" pin="1"/><net_sink comp="82" pin=2"/></net>

<net id="439"><net_src comp="166" pin="4"/><net_sink comp="435" pin=0"/></net>

<net id="440"><net_src comp="4" pin="0"/><net_sink comp="435" pin=1"/></net>

<net id="444"><net_src comp="195" pin="1"/><net_sink comp="441" pin=0"/></net>

<net id="445"><net_src comp="441" pin="1"/><net_sink comp="252" pin=0"/></net>

<net id="452"><net_src comp="205" pin="2"/><net_sink comp="449" pin=0"/></net>

<net id="453"><net_src comp="449" pin="1"/><net_sink comp="100" pin=0"/></net>

<net id="457"><net_src comp="233" pin="1"/><net_sink comp="454" pin=0"/></net>

<net id="458"><net_src comp="454" pin="1"/><net_sink comp="247" pin=0"/></net>

<net id="462"><net_src comp="237" pin="2"/><net_sink comp="459" pin=0"/></net>

<net id="463"><net_src comp="459" pin="1"/><net_sink comp="111" pin=0"/></net>

<net id="467"><net_src comp="247" pin="2"/><net_sink comp="464" pin=0"/></net>

<net id="468"><net_src comp="464" pin="1"/><net_sink comp="269" pin=0"/></net>

<net id="472"><net_src comp="252" pin="2"/><net_sink comp="469" pin=0"/></net>

<net id="473"><net_src comp="469" pin="1"/><net_sink comp="292" pin=0"/></net>

<net id="480"><net_src comp="263" pin="2"/><net_sink comp="477" pin=0"/></net>

<net id="481"><net_src comp="477" pin="1"/><net_sink comp="122" pin=0"/></net>

<net id="485"><net_src comp="284" pin="3"/><net_sink comp="482" pin=0"/></net>

<net id="486"><net_src comp="482" pin="1"/><net_sink comp="331" pin=0"/></net>

<net id="490"><net_src comp="307" pin="3"/><net_sink comp="487" pin=0"/></net>

<net id="491"><net_src comp="487" pin="1"/><net_sink comp="341" pin=0"/></net>

<net id="498"><net_src comp="321" pin="2"/><net_sink comp="495" pin=0"/></net>

<net id="499"><net_src comp="495" pin="1"/><net_sink comp="133" pin=0"/></net>

<net id="503"><net_src comp="54" pin="3"/><net_sink comp="500" pin=0"/></net>

<net id="504"><net_src comp="500" pin="1"/><net_sink comp="68" pin=0"/></net>

<net id="508"><net_src comp="61" pin="3"/><net_sink comp="505" pin=0"/></net>

<net id="509"><net_src comp="505" pin="1"/><net_sink comp="68" pin=0"/></net>

<net id="516"><net_src comp="357" pin="2"/><net_sink comp="513" pin=0"/></net>

<net id="517"><net_src comp="513" pin="1"/><net_sink comp="144" pin=0"/></net>

<net id="521"><net_src comp="371" pin="1"/><net_sink comp="518" pin=0"/></net>

<net id="522"><net_src comp="518" pin="1"/><net_sink comp="391" pin=0"/></net>

<net id="529"><net_src comp="381" pin="2"/><net_sink comp="526" pin=0"/></net>

<net id="530"><net_src comp="526" pin="1"/><net_sink comp="155" pin=0"/></net>

<net id="534"><net_src comp="404" pin="1"/><net_sink comp="531" pin=0"/></net>

<net id="535"><net_src comp="531" pin="1"/><net_sink comp="424" pin=0"/></net>

<net id="542"><net_src comp="414" pin="2"/><net_sink comp="539" pin=0"/></net>

<net id="543"><net_src comp="539" pin="1"/><net_sink comp="166" pin=0"/></net>

<net id="547"><net_src comp="75" pin="3"/><net_sink comp="544" pin=0"/></net>

<net id="548"><net_src comp="544" pin="1"/><net_sink comp="89" pin=0"/></net>

<net id="552"><net_src comp="82" pin="3"/><net_sink comp="549" pin=0"/></net>

<net id="553"><net_src comp="549" pin="1"/><net_sink comp="68" pin=0"/></net>

</net_list>

</model> 
---------------- Datapath Model END ------------------

* FSMD analyzer results:
  - Output states:
	Port: patches_parameters | {6 10 }
 - Input state : 
	Port: add_patch_patches_parameters13 : wp_parameters | {9 10 }
	Port: add_patch_patches_parameters13 : patches_parameters | {5 6 }
  - Chain level:
	State 1
	State 2
		zext_ln339 : 1
		tmp : 1
		zext_ln339_1 : 2
		sub_ln339 : 3
		sext_ln316 : 4
		icmp_ln316 : 1
		br_ln316 : 2
		add_ln316 : 1
		zext_ln339_2 : 2
		tmp_s : 2
		zext_ln339_3 : 3
		sub_ln339_1 : 4
		sext_ln322 : 5
	State 3
		add_ln322 : 1
		zext_ln339_4 : 1
		add_ln339 : 2
		add_ln339_1 : 2
		icmp_ln322 : 1
		br_ln322 : 2
	State 4
		add_ln328 : 1
		zext_ln339_5 : 1
		add_ln339_2 : 2
		tmp_74_cast : 3
		zext_ln339_6 : 1
		add_ln339_3 : 2
		tmp_76_cast : 3
		icmp_ln328 : 1
		br_ln328 : 2
	State 5
		add_ln334 : 1
		zext_ln339_7 : 1
		add_ln339_4 : 2
		zext_ln339_8 : 3
		patches_parameters_addr : 4
		add_ln339_5 : 2
		zext_ln339_9 : 3
		patches_parameters_addr_19 : 4
		icmp_ln334 : 1
		br_ln334 : 2
		patches_parameters_load : 5
	State 6
		store_ln339 : 1
	State 7
		add_ln346 : 1
		tmp_7 : 1
		zext_ln346 : 2
		icmp_ln346 : 1
		br_ln346 : 2
	State 8
		add_ln352 : 1
		zext_ln363 : 1
		add_ln363 : 2
		tmp_26 : 3
		zext_ln352 : 4
		icmp_ln352 : 1
		br_ln352 : 2
	State 9
		add_ln358 : 1
		zext_ln363_1 : 1
		add_ln363_1 : 2
		zext_ln363_2 : 3
		wp_parameters_addr : 4
		patches_parameters_addr_18 : 4
		icmp_ln358 : 1
		br_ln358 : 2
		wp_parameters_load : 5
	State 10
		store_ln363 : 1


============================================================
+ Verbose Summary: Datapath Resource usage 
============================================================

* Functional unit list:
|----------|---------------------|---------|---------|
| Operation|   Functional Unit   |    FF   |   LUT   |
|----------|---------------------|---------|---------|
|          |   add_ln316_fu_205  |    0    |    9    |
|          |   add_ln322_fu_237  |    0    |    9    |
|          |   add_ln339_fu_247  |    0    |    12   |
|          |  add_ln339_1_fu_252 |    0    |    12   |
|          |   add_ln328_fu_263  |    0    |    10   |
|          |  add_ln339_2_fu_278 |    0    |    13   |
|          |  add_ln339_3_fu_301 |    0    |    13   |
|    add   |   add_ln334_fu_321  |    0    |    9    |
|          |  add_ln339_4_fu_331 |    0    |    14   |
|          |  add_ln339_5_fu_341 |    0    |    14   |
|          |   add_ln346_fu_357  |    0    |    9    |
|          |   add_ln352_fu_381  |    0    |    10   |
|          |   add_ln363_fu_391  |    0    |    12   |
|          |   add_ln358_fu_414  |    0    |    9    |
|          |  add_ln363_1_fu_424 |    0    |    13   |
|----------|---------------------|---------|---------|
|          |  icmp_ln316_fu_199  |    0    |    8    |
|          |  icmp_ln322_fu_257  |    0    |    8    |
|          |  icmp_ln328_fu_315  |    0    |    8    |
|   icmp   |  icmp_ln334_fu_351  |    0    |    8    |
|          |  icmp_ln346_fu_375  |    0    |    8    |
|          |  icmp_ln352_fu_408  |    0    |    8    |
|          |  icmp_ln358_fu_435  |    0    |    8    |
|----------|---------------------|---------|---------|
|    sub   |   sub_ln339_fu_189  |    0    |    12   |
|          |  sub_ln339_1_fu_227 |    0    |    12   |
|----------|---------------------|---------|---------|
|          |  zext_ln339_fu_173  |    0    |    0    |
|          | zext_ln339_1_fu_185 |    0    |    0    |
|          | zext_ln339_2_fu_211 |    0    |    0    |
|          | zext_ln339_3_fu_223 |    0    |    0    |
|          | zext_ln339_4_fu_243 |    0    |    0    |
|          | zext_ln339_5_fu_274 |    0    |    0    |
|          | zext_ln339_6_fu_297 |    0    |    0    |
|   zext   | zext_ln339_7_fu_327 |    0    |    0    |
|          | zext_ln339_8_fu_336 |    0    |    0    |
|          | zext_ln339_9_fu_346 |    0    |    0    |
|          |  zext_ln346_fu_371  |    0    |    0    |
|          |  zext_ln363_fu_387  |    0    |    0    |
|          |  zext_ln352_fu_404  |    0    |    0    |
|          | zext_ln363_1_fu_420 |    0    |    0    |
|          | zext_ln363_2_fu_429 |    0    |    0    |
|----------|---------------------|---------|---------|
|          |      tmp_fu_177     |    0    |    0    |
|          |     tmp_s_fu_215    |    0    |    0    |
|bitconcatenate|  tmp_74_cast_fu_284 |    0    |    0    |
|          |  tmp_76_cast_fu_307 |    0    |    0    |
|          |     tmp_7_fu_363    |    0    |    0    |
|          |    tmp_26_fu_396    |    0    |    0    |
|----------|---------------------|---------|---------|
|   sext   |  sext_ln316_fu_195  |    0    |    0    |
|          |  sext_ln322_fu_233  |    0    |    0    |
|----------|---------------------|---------|---------|
|    shl   |   shl_ln339_fu_269  |    0    |    0    |
|          |  shl_ln339_1_fu_292 |    0    |    0    |
|----------|---------------------|---------|---------|
|   Total  |                     |    0    |   248   |
|----------|---------------------|---------|---------|

Memories:
N/A

* Register list:
+----------------------------------+--------+
|                                  |   FF   |
+----------------------------------+--------+
|            a_4_reg_140           |    2   |
|             a_reg_107            |    2   |
|         add_ln316_reg_449        |    2   |
|         add_ln322_reg_459        |    2   |
|         add_ln328_reg_477        |    3   |
|         add_ln334_reg_495        |    2   |
|        add_ln339_1_reg_469       |    6   |
|         add_ln339_reg_464        |    6   |
|         add_ln346_reg_513        |    2   |
|         add_ln352_reg_526        |    3   |
|         add_ln358_reg_539        |    2   |
|            b_6_reg_151           |    3   |
|             b_reg_118            |    3   |
|            c_5_reg_162           |    2   |
|             c_reg_129            |    2   |
|             i_reg_96             |    2   |
|patches_parameters_addr_18_reg_549|    7   |
|patches_parameters_addr_19_reg_505|    7   |
|  patches_parameters_addr_reg_500 |    7   |
|        sext_ln316_reg_441        |    6   |
|        sext_ln322_reg_454        |    6   |
|        tmp_74_cast_reg_482       |    7   |
|        tmp_76_cast_reg_487       |    7   |
|    wp_parameters_addr_reg_544    |    5   |
|        zext_ln346_reg_518        |    5   |
|        zext_ln352_reg_531        |    7   |
+----------------------------------+--------+
|               Total              |   108  |
+----------------------------------+--------+

* Multiplexer (MUX) list: 
|------------------|------|------|------|--------||---------||---------|
|       Comp       |  Pin | Size |  BW  | S x BW ||  Delay  ||   LUT   |
|------------------|------|------|------|--------||---------||---------|
| grp_access_fu_68 |  p0  |   4  |   7  |   28   ||    20   |
| grp_access_fu_68 |  p1  |   2  |  32  |   64   ||    9    |
| grp_access_fu_89 |  p0  |   2  |   5  |   10   ||    9    |
|------------------|------|------|------|--------||---------||---------|
|       Total      |      |      |      |   102  || 1.22671 ||    38   |
|------------------|------|------|------|--------||---------||---------|



* Summary:
+-----------+--------+--------+--------+
|           |  Delay |   FF   |   LUT  |
+-----------+--------+--------+--------+
|  Function |    -   |    0   |   248  |
|   Memory  |    -   |    -   |    -   |
|Multiplexer|    1   |    -   |   38   |
|  Register |    -   |   108  |    -   |
+-----------+--------+--------+--------+
|   Total   |    1   |   108  |   286  |
+-----------+--------+--------+--------+
