

================================================================
== Vitis HLS Report for 'add_patch_patches_parameters'
================================================================
* Date:           Mon Aug  5 23:31:17 2024

* Version:        2020.2 (Build 3064766 on Wed Nov 18 09:12:45 MST 2020)
* Project:        PatchMaker_tanishGit
* Solution:       solutionSC4 (Vivado IP Flow Target)
* Product family: virtexuplus
* Target device:  xcvu19p-fsvb3824-2-e


================================================================
== Performance Estimates
================================================================
+ Timing: 
    * Summary: 
    +--------+---------+----------+------------+
    |  Clock |  Target | Estimated| Uncertainty|
    +--------+---------+----------+------------+
    |ap_clk  |  3.00 ns|      0 ns|     0.81 ns|
    +--------+---------+----------+------------+

+ Latency: 
    * Summary: 
    +---------+---------+----------+----------+-----+-----+---------+
    |  Latency (cycles) |  Latency (absolute) |  Interval | Pipeline|
    |   min   |   max   |    min   |    max   | min | max |   Type  |
    +---------+---------+----------+----------+-----+-----+---------+
    |        0|        0|      0 ns|      0 ns|    0|    0|     none|
    +---------+---------+----------+----------+-----+-----+---------+

    + Detail: 
        * Instance: 
        N/A

        * Loop: 
        N/A

============================================================
+ Verbose Summary: Synthesis Manager
============================================================
InlineROM: 1
ExposeGlobal: 0
============================================================
+ Verbose Summary: CDFG Model
============================================================
IsTopModel: 0
ResetActiveHigh: 1
IsCombinational: 0
IsDatapathOnly: 0
HasWiredReturn: 1
HasMFsm: 0
HasVarLatency: 0
IsPipeline: 0
IsRtlPipelined: 0
IsInstanceOverlapped: 0
IsDontTouch: 0
HasImplIP: 0
IsGatedGlobalClock: 0


============================================================
+ Verbose Summary: Schedule
============================================================
* Number of FSM states : 1
* Pipeline : 0
* Dataflow Pipeline: 0

* FSM state transitions: 
1 --> 

* FSM state operations: 

State 1 <SV = 0> <Delay = 0.00>
ST_1 : Operation 2 [1/1] (0.00ns)   --->   "%patches_parameters4202648_read_1 = read i32 @_ssdm_op_Read.ap_auto.i32, i32 %patches_parameters4202648_read" [patchMaker.cpp:316]   --->   Operation 2 'read' 'patches_parameters4202648_read_1' <Predicate = true> <Delay = 0.00>
ST_1 : Operation 3 [1/1] (0.00ns)   --->   "%patches_parameters42026_read_1 = read i32 @_ssdm_op_Read.ap_auto.i32, i32 %patches_parameters42026_read" [patchMaker.cpp:316]   --->   Operation 3 'read' 'patches_parameters42026_read_1' <Predicate = true> <Delay = 0.00>
ST_1 : Operation 4 [1/1] (0.00ns)   --->   "%patches_parameters42046_read_1 = read i32 @_ssdm_op_Read.ap_auto.i32, i32 %patches_parameters42046_read" [patchMaker.cpp:316]   --->   Operation 4 'read' 'patches_parameters42046_read_1' <Predicate = true> <Delay = 0.00>
ST_1 : Operation 5 [1/1] (0.00ns)   --->   "%patches_parameters420_read_1 = read i32 @_ssdm_op_Read.ap_auto.i32, i32 %patches_parameters420_read" [patchMaker.cpp:316]   --->   Operation 5 'read' 'patches_parameters420_read_1' <Predicate = true> <Delay = 0.00>
ST_1 : Operation 6 [1/1] (0.00ns)   --->   "%patches_parameters4192544_read_1 = read i32 @_ssdm_op_Read.ap_auto.i32, i32 %patches_parameters4192544_read" [patchMaker.cpp:316]   --->   Operation 6 'read' 'patches_parameters4192544_read_1' <Predicate = true> <Delay = 0.00>
ST_1 : Operation 7 [1/1] (0.00ns)   --->   "%patches_parameters41925_read_1 = read i32 @_ssdm_op_Read.ap_auto.i32, i32 %patches_parameters41925_read" [patchMaker.cpp:316]   --->   Operation 7 'read' 'patches_parameters41925_read_1' <Predicate = true> <Delay = 0.00>
ST_1 : Operation 8 [1/1] (0.00ns)   --->   "%patches_parameters41942_read_1 = read i32 @_ssdm_op_Read.ap_auto.i32, i32 %patches_parameters41942_read" [patchMaker.cpp:316]   --->   Operation 8 'read' 'patches_parameters41942_read_1' <Predicate = true> <Delay = 0.00>
ST_1 : Operation 9 [1/1] (0.00ns)   --->   "%patches_parameters419_read_1 = read i32 @_ssdm_op_Read.ap_auto.i32, i32 %patches_parameters419_read" [patchMaker.cpp:316]   --->   Operation 9 'read' 'patches_parameters419_read_1' <Predicate = true> <Delay = 0.00>
ST_1 : Operation 10 [1/1] (0.00ns)   --->   "%patches_parameters4182440_read_1 = read i32 @_ssdm_op_Read.ap_auto.i32, i32 %patches_parameters4182440_read" [patchMaker.cpp:316]   --->   Operation 10 'read' 'patches_parameters4182440_read_1' <Predicate = true> <Delay = 0.00>
ST_1 : Operation 11 [1/1] (0.00ns)   --->   "%patches_parameters41824_read_1 = read i32 @_ssdm_op_Read.ap_auto.i32, i32 %patches_parameters41824_read" [patchMaker.cpp:316]   --->   Operation 11 'read' 'patches_parameters41824_read_1' <Predicate = true> <Delay = 0.00>
ST_1 : Operation 12 [1/1] (0.00ns)   --->   "%patches_parameters41838_read_1 = read i32 @_ssdm_op_Read.ap_auto.i32, i32 %patches_parameters41838_read" [patchMaker.cpp:316]   --->   Operation 12 'read' 'patches_parameters41838_read_1' <Predicate = true> <Delay = 0.00>
ST_1 : Operation 13 [1/1] (0.00ns)   --->   "%patches_parameters418_read_1 = read i32 @_ssdm_op_Read.ap_auto.i32, i32 %patches_parameters418_read" [patchMaker.cpp:316]   --->   Operation 13 'read' 'patches_parameters418_read_1' <Predicate = true> <Delay = 0.00>
ST_1 : Operation 14 [1/1] (0.00ns)   --->   "%patches_parameters42336_read_1 = read i32 @_ssdm_op_Read.ap_auto.i32, i32 %patches_parameters42336_read" [patchMaker.cpp:316]   --->   Operation 14 'read' 'patches_parameters42336_read_1' <Predicate = true> <Delay = 0.00>
ST_1 : Operation 15 [1/1] (0.00ns)   --->   "%patches_parameters423_read_1 = read i32 @_ssdm_op_Read.ap_auto.i32, i32 %patches_parameters423_read" [patchMaker.cpp:316]   --->   Operation 15 'read' 'patches_parameters423_read_1' <Predicate = true> <Delay = 0.00>
ST_1 : Operation 16 [1/1] (0.00ns)   --->   "%patches_parameters434_read_1 = read i32 @_ssdm_op_Read.ap_auto.i32, i32 %patches_parameters434_read" [patchMaker.cpp:316]   --->   Operation 16 'read' 'patches_parameters434_read_1' <Predicate = true> <Delay = 0.00>
ST_1 : Operation 17 [1/1] (0.00ns)   --->   "%patches_parameters4_read_1 = read i32 @_ssdm_op_Read.ap_auto.i32, i32 %patches_parameters4_read" [patchMaker.cpp:316]   --->   Operation 17 'read' 'patches_parameters4_read_1' <Predicate = true> <Delay = 0.00>
ST_1 : Operation 18 [1/1] (0.00ns)   --->   "%patches_parameters3172232_read_1 = read i32 @_ssdm_op_Read.ap_auto.i32, i32 %patches_parameters3172232_read" [patchMaker.cpp:316]   --->   Operation 18 'read' 'patches_parameters3172232_read_1' <Predicate = true> <Delay = 0.00>
ST_1 : Operation 19 [1/1] (0.00ns)   --->   "%patches_parameters31722_read_1 = read i32 @_ssdm_op_Read.ap_auto.i32, i32 %patches_parameters31722_read" [patchMaker.cpp:316]   --->   Operation 19 'read' 'patches_parameters31722_read_1' <Predicate = true> <Delay = 0.00>
ST_1 : Operation 20 [1/1] (0.00ns)   --->   "%patches_parameters31730_read_1 = read i32 @_ssdm_op_Read.ap_auto.i32, i32 %patches_parameters31730_read" [patchMaker.cpp:316]   --->   Operation 20 'read' 'patches_parameters31730_read_1' <Predicate = true> <Delay = 0.00>
ST_1 : Operation 21 [1/1] (0.00ns)   --->   "%patches_parameters31729_read_1 = read i32 @_ssdm_op_Read.ap_auto.i32, i32 %patches_parameters31729_read" [patchMaker.cpp:316]   --->   Operation 21 'read' 'patches_parameters31729_read_1' <Predicate = true> <Delay = 0.00>
ST_1 : Operation 22 [1/1] (0.00ns)   --->   "%patches_parameters3162127_read_1 = read i32 @_ssdm_op_Read.ap_auto.i32, i32 %patches_parameters3162127_read" [patchMaker.cpp:316]   --->   Operation 22 'read' 'patches_parameters3162127_read_1' <Predicate = true> <Delay = 0.00>
ST_1 : Operation 23 [1/1] (0.00ns)   --->   "%patches_parameters31621_read_1 = read i32 @_ssdm_op_Read.ap_auto.i32, i32 %patches_parameters31621_read" [patchMaker.cpp:316]   --->   Operation 23 'read' 'patches_parameters31621_read_1' <Predicate = true> <Delay = 0.00>
ST_1 : Operation 24 [1/1] (0.00ns)   --->   "%patches_parameters31625_read_1 = read i32 @_ssdm_op_Read.ap_auto.i32, i32 %patches_parameters31625_read" [patchMaker.cpp:316]   --->   Operation 24 'read' 'patches_parameters31625_read_1' <Predicate = true> <Delay = 0.00>
ST_1 : Operation 25 [1/1] (0.00ns)   --->   "%patches_parameters316_read_1 = read i32 @_ssdm_op_Read.ap_auto.i32, i32 %patches_parameters316_read" [patchMaker.cpp:316]   --->   Operation 25 'read' 'patches_parameters316_read_1' <Predicate = true> <Delay = 0.00>
ST_1 : Operation 26 [1/1] (0.00ns)   --->   "%patches_parameters3152023_read_1 = read i32 @_ssdm_op_Read.ap_auto.i32, i32 %patches_parameters3152023_read" [patchMaker.cpp:316]   --->   Operation 26 'read' 'patches_parameters3152023_read_1' <Predicate = true> <Delay = 0.00>
ST_1 : Operation 27 [1/1] (0.00ns)   --->   "%patches_parameters31520_read_1 = read i32 @_ssdm_op_Read.ap_auto.i32, i32 %patches_parameters31520_read" [patchMaker.cpp:316]   --->   Operation 27 'read' 'patches_parameters31520_read_1' <Predicate = true> <Delay = 0.00>
ST_1 : Operation 28 [1/1] (0.00ns)   --->   "%patches_parameters31521_read_1 = read i32 @_ssdm_op_Read.ap_auto.i32, i32 %patches_parameters31521_read" [patchMaker.cpp:316]   --->   Operation 28 'read' 'patches_parameters31521_read_1' <Predicate = true> <Delay = 0.00>
ST_1 : Operation 29 [1/1] (0.00ns)   --->   "%patches_parameters315_read_1 = read i32 @_ssdm_op_Read.ap_auto.i32, i32 %patches_parameters315_read" [patchMaker.cpp:316]   --->   Operation 29 'read' 'patches_parameters315_read_1' <Predicate = true> <Delay = 0.00>
ST_1 : Operation 30 [1/1] (0.00ns)   --->   "%patches_parameters31919_read_1 = read i32 @_ssdm_op_Read.ap_auto.i32, i32 %patches_parameters31919_read" [patchMaker.cpp:316]   --->   Operation 30 'read' 'patches_parameters31919_read_1' <Predicate = true> <Delay = 0.00>
ST_1 : Operation 31 [1/1] (0.00ns)   --->   "%patches_parameters319_read_1 = read i32 @_ssdm_op_Read.ap_auto.i32, i32 %patches_parameters319_read" [patchMaker.cpp:316]   --->   Operation 31 'read' 'patches_parameters319_read_1' <Predicate = true> <Delay = 0.00>
ST_1 : Operation 32 [1/1] (0.00ns)   --->   "%patches_parameters317_read_2 = read i32 @_ssdm_op_Read.ap_auto.i32, i32 %patches_parameters317_read" [patchMaker.cpp:316]   --->   Operation 32 'read' 'patches_parameters317_read_2' <Predicate = true> <Delay = 0.00>
ST_1 : Operation 33 [1/1] (0.00ns)   --->   "%patches_parameters3_read_1 = read i32 @_ssdm_op_Read.ap_auto.i32, i32 %patches_parameters3_read" [patchMaker.cpp:316]   --->   Operation 33 'read' 'patches_parameters3_read_1' <Predicate = true> <Delay = 0.00>
ST_1 : Operation 34 [1/1] (0.00ns)   --->   "%patches_parameters141815_read_1 = read i32 @_ssdm_op_Read.ap_auto.i32, i32 %patches_parameters141815_read" [patchMaker.cpp:316]   --->   Operation 34 'read' 'patches_parameters141815_read_1' <Predicate = true> <Delay = 0.00>
ST_1 : Operation 35 [1/1] (0.00ns)   --->   "%patches_parameters1418_read_1 = read i32 @_ssdm_op_Read.ap_auto.i32, i32 %patches_parameters1418_read" [patchMaker.cpp:316]   --->   Operation 35 'read' 'patches_parameters1418_read_1' <Predicate = true> <Delay = 0.00>
ST_1 : Operation 36 [1/1] (0.00ns)   --->   "%patches_parameters141713_read_1 = read i32 @_ssdm_op_Read.ap_auto.i32, i32 %patches_parameters141713_read" [patchMaker.cpp:316]   --->   Operation 36 'read' 'patches_parameters141713_read_1' <Predicate = true> <Delay = 0.00>
ST_1 : Operation 37 [1/1] (0.00ns)   --->   "%patches_parameters1417_read_1 = read i32 @_ssdm_op_Read.ap_auto.i32, i32 %patches_parameters1417_read" [patchMaker.cpp:316]   --->   Operation 37 'read' 'patches_parameters1417_read_1' <Predicate = true> <Delay = 0.00>
ST_1 : Operation 38 [1/1] (0.00ns)   --->   "%patches_parameters131611_read_1 = read i32 @_ssdm_op_Read.ap_auto.i32, i32 %patches_parameters131611_read" [patchMaker.cpp:316]   --->   Operation 38 'read' 'patches_parameters131611_read_1' <Predicate = true> <Delay = 0.00>
ST_1 : Operation 39 [1/1] (0.00ns)   --->   "%patches_parameters1316_read_1 = read i32 @_ssdm_op_Read.ap_auto.i32, i32 %patches_parameters1316_read" [patchMaker.cpp:316]   --->   Operation 39 'read' 'patches_parameters1316_read_1' <Predicate = true> <Delay = 0.00>
ST_1 : Operation 40 [1/1] (0.00ns)   --->   "%patches_parameters139_read_1 = read i32 @_ssdm_op_Read.ap_auto.i32, i32 %patches_parameters139_read" [patchMaker.cpp:316]   --->   Operation 40 'read' 'patches_parameters139_read_1' <Predicate = true> <Delay = 0.00>
ST_1 : Operation 41 [1/1] (0.00ns)   --->   "%patches_parameters13_read_1 = read i32 @_ssdm_op_Read.ap_auto.i32, i32 %patches_parameters13_read" [patchMaker.cpp:316]   --->   Operation 41 'read' 'patches_parameters13_read_1' <Predicate = true> <Delay = 0.00>
ST_1 : Operation 42 [1/1] (0.00ns)   --->   "%patches_parameters12157_read_1 = read i32 @_ssdm_op_Read.ap_auto.i32, i32 %patches_parameters12157_read" [patchMaker.cpp:316]   --->   Operation 42 'read' 'patches_parameters12157_read_1' <Predicate = true> <Delay = 0.00>
ST_1 : Operation 43 [1/1] (0.00ns)   --->   "%patches_parameters1215_read_1 = read i32 @_ssdm_op_Read.ap_auto.i32, i32 %patches_parameters1215_read" [patchMaker.cpp:316]   --->   Operation 43 'read' 'patches_parameters1215_read_1' <Predicate = true> <Delay = 0.00>
ST_1 : Operation 44 [1/1] (0.00ns)   --->   "%patches_parameters125_read_1 = read i32 @_ssdm_op_Read.ap_auto.i32, i32 %patches_parameters125_read" [patchMaker.cpp:316]   --->   Operation 44 'read' 'patches_parameters125_read_1' <Predicate = true> <Delay = 0.00>
ST_1 : Operation 45 [1/1] (0.00ns)   --->   "%patches_parameters1210_read_1 = read i32 @_ssdm_op_Read.ap_auto.i32, i32 %patches_parameters1210_read" [patchMaker.cpp:316]   --->   Operation 45 'read' 'patches_parameters1210_read_1' <Predicate = true> <Delay = 0.00>
ST_1 : Operation 46 [1/1] (0.00ns)   --->   "%patches_parameters143_read_1 = read i32 @_ssdm_op_Read.ap_auto.i32, i32 %patches_parameters143_read" [patchMaker.cpp:316]   --->   Operation 46 'read' 'patches_parameters143_read_1' <Predicate = true> <Delay = 0.00>
ST_1 : Operation 47 [1/1] (0.00ns)   --->   "%patches_parameters14_read_1 = read i32 @_ssdm_op_Read.ap_auto.i32, i32 %patches_parameters14_read" [patchMaker.cpp:316]   --->   Operation 47 'read' 'patches_parameters14_read_1' <Predicate = true> <Delay = 0.00>
ST_1 : Operation 48 [1/1] (0.00ns)   --->   "%patches_parameters12_read_1 = read i32 @_ssdm_op_Read.ap_auto.i32, i32 %patches_parameters12_read" [patchMaker.cpp:316]   --->   Operation 48 'read' 'patches_parameters12_read_1' <Predicate = true> <Delay = 0.00>
ST_1 : Operation 49 [1/1] (0.00ns)   --->   "%patches_parameters_read_4 = read i32 @_ssdm_op_Read.ap_auto.i32, i32 %patches_parameters_read" [patchMaker.cpp:316]   --->   Operation 49 'read' 'patches_parameters_read_4' <Predicate = true> <Delay = 0.00>
ST_1 : Operation 50 [1/1] (0.00ns)   --->   "%p_read22130 = read i32 @_ssdm_op_Read.ap_auto.i32, i32 %p_read22" [patchMaker.cpp:316]   --->   Operation 50 'read' 'p_read22130' <Predicate = true> <Delay = 0.00>
ST_1 : Operation 51 [1/1] (0.00ns)   --->   "%p_read20129 = read i32 @_ssdm_op_Read.ap_auto.i32, i32 %p_read20" [patchMaker.cpp:316]   --->   Operation 51 'read' 'p_read20129' <Predicate = true> <Delay = 0.00>
ST_1 : Operation 52 [1/1] (0.00ns)   --->   "%p_read18128 = read i32 @_ssdm_op_Read.ap_auto.i32, i32 %p_read18" [patchMaker.cpp:316]   --->   Operation 52 'read' 'p_read18128' <Predicate = true> <Delay = 0.00>
ST_1 : Operation 53 [1/1] (0.00ns)   --->   "%p_read16127 = read i32 @_ssdm_op_Read.ap_auto.i32, i32 %p_read16" [patchMaker.cpp:316]   --->   Operation 53 'read' 'p_read16127' <Predicate = true> <Delay = 0.00>
ST_1 : Operation 54 [1/1] (0.00ns)   --->   "%p_read15126 = read i32 @_ssdm_op_Read.ap_auto.i32, i32 %p_read15" [patchMaker.cpp:316]   --->   Operation 54 'read' 'p_read15126' <Predicate = true> <Delay = 0.00>
ST_1 : Operation 55 [1/1] (0.00ns)   --->   "%p_read14125 = read i32 @_ssdm_op_Read.ap_auto.i32, i32 %p_read14" [patchMaker.cpp:316]   --->   Operation 55 'read' 'p_read14125' <Predicate = true> <Delay = 0.00>
ST_1 : Operation 56 [1/1] (0.00ns)   --->   "%p_read13124 = read i32 @_ssdm_op_Read.ap_auto.i32, i32 %p_read13" [patchMaker.cpp:316]   --->   Operation 56 'read' 'p_read13124' <Predicate = true> <Delay = 0.00>
ST_1 : Operation 57 [1/1] (0.00ns)   --->   "%p_read12123 = read i32 @_ssdm_op_Read.ap_auto.i32, i32 %p_read12" [patchMaker.cpp:316]   --->   Operation 57 'read' 'p_read12123' <Predicate = true> <Delay = 0.00>
ST_1 : Operation 58 [1/1] (0.00ns)   --->   "%p_read11122 = read i32 @_ssdm_op_Read.ap_auto.i32, i32 %p_read11" [patchMaker.cpp:316]   --->   Operation 58 'read' 'p_read11122' <Predicate = true> <Delay = 0.00>
ST_1 : Operation 59 [1/1] (0.00ns)   --->   "%p_read10121 = read i32 @_ssdm_op_Read.ap_auto.i32, i32 %p_read10" [patchMaker.cpp:316]   --->   Operation 59 'read' 'p_read10121' <Predicate = true> <Delay = 0.00>
ST_1 : Operation 60 [1/1] (0.00ns)   --->   "%p_read9120 = read i32 @_ssdm_op_Read.ap_auto.i32, i32 %p_read9" [patchMaker.cpp:316]   --->   Operation 60 'read' 'p_read9120' <Predicate = true> <Delay = 0.00>
ST_1 : Operation 61 [1/1] (0.00ns)   --->   "%p_read8119 = read i32 @_ssdm_op_Read.ap_auto.i32, i32 %p_read8" [patchMaker.cpp:316]   --->   Operation 61 'read' 'p_read8119' <Predicate = true> <Delay = 0.00>
ST_1 : Operation 62 [1/1] (0.00ns)   --->   "%newret = insertvalue i1920 <undef>, i32 %patches_parameters12_read_1" [patchMaker.cpp:316]   --->   Operation 62 'insertvalue' 'newret' <Predicate = true> <Delay = 0.00>
ST_1 : Operation 63 [1/1] (0.00ns)   --->   "%newret2 = insertvalue i1920 %newret, i32 %patches_parameters143_read_1" [patchMaker.cpp:316]   --->   Operation 63 'insertvalue' 'newret2' <Predicate = true> <Delay = 0.00>
ST_1 : Operation 64 [1/1] (0.00ns)   --->   "%newret4 = insertvalue i1920 %newret2, i32 %patches_parameters125_read_1" [patchMaker.cpp:316]   --->   Operation 64 'insertvalue' 'newret4' <Predicate = true> <Delay = 0.00>
ST_1 : Operation 65 [1/1] (0.00ns)   --->   "%newret6 = insertvalue i1920 %newret4, i32 %patches_parameters12157_read_1" [patchMaker.cpp:316]   --->   Operation 65 'insertvalue' 'newret6' <Predicate = true> <Delay = 0.00>
ST_1 : Operation 66 [1/1] (0.00ns)   --->   "%newret8 = insertvalue i1920 %newret6, i32 %patches_parameters139_read_1" [patchMaker.cpp:316]   --->   Operation 66 'insertvalue' 'newret8' <Predicate = true> <Delay = 0.00>
ST_1 : Operation 67 [1/1] (0.00ns)   --->   "%newret10 = insertvalue i1920 %newret8, i32 %patches_parameters131611_read_1" [patchMaker.cpp:316]   --->   Operation 67 'insertvalue' 'newret10' <Predicate = true> <Delay = 0.00>
ST_1 : Operation 68 [1/1] (0.00ns)   --->   "%newret12 = insertvalue i1920 %newret10, i32 %patches_parameters141713_read_1" [patchMaker.cpp:316]   --->   Operation 68 'insertvalue' 'newret12' <Predicate = true> <Delay = 0.00>
ST_1 : Operation 69 [1/1] (0.00ns)   --->   "%newret14 = insertvalue i1920 %newret12, i32 %patches_parameters141815_read_1" [patchMaker.cpp:316]   --->   Operation 69 'insertvalue' 'newret14' <Predicate = true> <Delay = 0.00>
ST_1 : Operation 70 [1/1] (0.00ns)   --->   "%newret16 = insertvalue i1920 %newret14, i32 %patches_parameters317_read_2" [patchMaker.cpp:316]   --->   Operation 70 'insertvalue' 'newret16' <Predicate = true> <Delay = 0.00>
ST_1 : Operation 71 [1/1] (0.00ns)   --->   "%newret18 = insertvalue i1920 %newret16, i32 %patches_parameters31919_read_1" [patchMaker.cpp:316]   --->   Operation 71 'insertvalue' 'newret18' <Predicate = true> <Delay = 0.00>
ST_1 : Operation 72 [1/1] (0.00ns)   --->   "%newret20 = insertvalue i1920 %newret18, i32 %patches_parameters31521_read_1" [patchMaker.cpp:316]   --->   Operation 72 'insertvalue' 'newret20' <Predicate = true> <Delay = 0.00>
ST_1 : Operation 73 [1/1] (0.00ns)   --->   "%newret22 = insertvalue i1920 %newret20, i32 %patches_parameters3152023_read_1" [patchMaker.cpp:316]   --->   Operation 73 'insertvalue' 'newret22' <Predicate = true> <Delay = 0.00>
ST_1 : Operation 74 [1/1] (0.00ns)   --->   "%newret24 = insertvalue i1920 %newret22, i32 %patches_parameters31625_read_1" [patchMaker.cpp:316]   --->   Operation 74 'insertvalue' 'newret24' <Predicate = true> <Delay = 0.00>
ST_1 : Operation 75 [1/1] (0.00ns)   --->   "%newret26 = insertvalue i1920 %newret24, i32 %patches_parameters3162127_read_1" [patchMaker.cpp:316]   --->   Operation 75 'insertvalue' 'newret26' <Predicate = true> <Delay = 0.00>
ST_1 : Operation 76 [1/1] (0.00ns)   --->   "%newret28 = insertvalue i1920 %newret26, i32 %patches_parameters31730_read_1" [patchMaker.cpp:316]   --->   Operation 76 'insertvalue' 'newret28' <Predicate = true> <Delay = 0.00>
ST_1 : Operation 77 [1/1] (0.00ns)   --->   "%newret30 = insertvalue i1920 %newret28, i32 %patches_parameters3172232_read_1" [patchMaker.cpp:316]   --->   Operation 77 'insertvalue' 'newret30' <Predicate = true> <Delay = 0.00>
ST_1 : Operation 78 [1/1] (0.00ns)   --->   "%newret32 = insertvalue i1920 %newret30, i32 %patches_parameters434_read_1" [patchMaker.cpp:316]   --->   Operation 78 'insertvalue' 'newret32' <Predicate = true> <Delay = 0.00>
ST_1 : Operation 79 [1/1] (0.00ns)   --->   "%newret34 = insertvalue i1920 %newret32, i32 %patches_parameters42336_read_1" [patchMaker.cpp:316]   --->   Operation 79 'insertvalue' 'newret34' <Predicate = true> <Delay = 0.00>
ST_1 : Operation 80 [1/1] (0.00ns)   --->   "%newret36 = insertvalue i1920 %newret34, i32 %patches_parameters41838_read_1" [patchMaker.cpp:316]   --->   Operation 80 'insertvalue' 'newret36' <Predicate = true> <Delay = 0.00>
ST_1 : Operation 81 [1/1] (0.00ns)   --->   "%newret38 = insertvalue i1920 %newret36, i32 %patches_parameters4182440_read_1" [patchMaker.cpp:316]   --->   Operation 81 'insertvalue' 'newret38' <Predicate = true> <Delay = 0.00>
ST_1 : Operation 82 [1/1] (0.00ns)   --->   "%newret40 = insertvalue i1920 %newret38, i32 %patches_parameters41942_read_1" [patchMaker.cpp:316]   --->   Operation 82 'insertvalue' 'newret40' <Predicate = true> <Delay = 0.00>
ST_1 : Operation 83 [1/1] (0.00ns)   --->   "%newret42 = insertvalue i1920 %newret40, i32 %patches_parameters4192544_read_1" [patchMaker.cpp:316]   --->   Operation 83 'insertvalue' 'newret42' <Predicate = true> <Delay = 0.00>
ST_1 : Operation 84 [1/1] (0.00ns)   --->   "%newret44 = insertvalue i1920 %newret42, i32 %patches_parameters42046_read_1" [patchMaker.cpp:316]   --->   Operation 84 'insertvalue' 'newret44' <Predicate = true> <Delay = 0.00>
ST_1 : Operation 85 [1/1] (0.00ns)   --->   "%newret46 = insertvalue i1920 %newret44, i32 %patches_parameters4202648_read_1" [patchMaker.cpp:316]   --->   Operation 85 'insertvalue' 'newret46' <Predicate = true> <Delay = 0.00>
ST_1 : Operation 86 [1/1] (0.00ns)   --->   "%newret48 = insertvalue i1920 %newret46, i32 %patches_parameters_read_4" [patchMaker.cpp:316]   --->   Operation 86 'insertvalue' 'newret48' <Predicate = true> <Delay = 0.00>
ST_1 : Operation 87 [1/1] (0.00ns)   --->   "%newret50 = insertvalue i1920 %newret48, i32 %patches_parameters14_read_1" [patchMaker.cpp:316]   --->   Operation 87 'insertvalue' 'newret50' <Predicate = true> <Delay = 0.00>
ST_1 : Operation 88 [1/1] (0.00ns)   --->   "%newret52 = insertvalue i1920 %newret50, i32 %patches_parameters1210_read_1" [patchMaker.cpp:316]   --->   Operation 88 'insertvalue' 'newret52' <Predicate = true> <Delay = 0.00>
ST_1 : Operation 89 [1/1] (0.00ns)   --->   "%newret54 = insertvalue i1920 %newret52, i32 %patches_parameters1215_read_1" [patchMaker.cpp:316]   --->   Operation 89 'insertvalue' 'newret54' <Predicate = true> <Delay = 0.00>
ST_1 : Operation 90 [1/1] (0.00ns)   --->   "%newret56 = insertvalue i1920 %newret54, i32 %patches_parameters13_read_1" [patchMaker.cpp:316]   --->   Operation 90 'insertvalue' 'newret56' <Predicate = true> <Delay = 0.00>
ST_1 : Operation 91 [1/1] (0.00ns)   --->   "%newret58 = insertvalue i1920 %newret56, i32 %patches_parameters1316_read_1" [patchMaker.cpp:316]   --->   Operation 91 'insertvalue' 'newret58' <Predicate = true> <Delay = 0.00>
ST_1 : Operation 92 [1/1] (0.00ns)   --->   "%newret60 = insertvalue i1920 %newret58, i32 %patches_parameters1417_read_1" [patchMaker.cpp:316]   --->   Operation 92 'insertvalue' 'newret60' <Predicate = true> <Delay = 0.00>
ST_1 : Operation 93 [1/1] (0.00ns)   --->   "%newret62 = insertvalue i1920 %newret60, i32 %patches_parameters1418_read_1" [patchMaker.cpp:316]   --->   Operation 93 'insertvalue' 'newret62' <Predicate = true> <Delay = 0.00>
ST_1 : Operation 94 [1/1] (0.00ns)   --->   "%newret64 = insertvalue i1920 %newret62, i32 %p_read8119" [patchMaker.cpp:316]   --->   Operation 94 'insertvalue' 'newret64' <Predicate = true> <Delay = 0.00>
ST_1 : Operation 95 [1/1] (0.00ns)   --->   "%newret66 = insertvalue i1920 %newret64, i32 %patches_parameters3_read_1" [patchMaker.cpp:316]   --->   Operation 95 'insertvalue' 'newret66' <Predicate = true> <Delay = 0.00>
ST_1 : Operation 96 [1/1] (0.00ns)   --->   "%newret68 = insertvalue i1920 %newret66, i32 %p_read9120" [patchMaker.cpp:316]   --->   Operation 96 'insertvalue' 'newret68' <Predicate = true> <Delay = 0.00>
ST_1 : Operation 97 [1/1] (0.00ns)   --->   "%newret70 = insertvalue i1920 %newret68, i32 %patches_parameters319_read_1" [patchMaker.cpp:316]   --->   Operation 97 'insertvalue' 'newret70' <Predicate = true> <Delay = 0.00>
ST_1 : Operation 98 [1/1] (0.00ns)   --->   "%newret72 = insertvalue i1920 %newret70, i32 %p_read10121" [patchMaker.cpp:316]   --->   Operation 98 'insertvalue' 'newret72' <Predicate = true> <Delay = 0.00>
ST_1 : Operation 99 [1/1] (0.00ns)   --->   "%newret74 = insertvalue i1920 %newret72, i32 %patches_parameters315_read_1" [patchMaker.cpp:316]   --->   Operation 99 'insertvalue' 'newret74' <Predicate = true> <Delay = 0.00>
ST_1 : Operation 100 [1/1] (0.00ns)   --->   "%newret76 = insertvalue i1920 %newret74, i32 %p_read11122" [patchMaker.cpp:316]   --->   Operation 100 'insertvalue' 'newret76' <Predicate = true> <Delay = 0.00>
ST_1 : Operation 101 [1/1] (0.00ns)   --->   "%newret78 = insertvalue i1920 %newret76, i32 %patches_parameters31520_read_1" [patchMaker.cpp:316]   --->   Operation 101 'insertvalue' 'newret78' <Predicate = true> <Delay = 0.00>
ST_1 : Operation 102 [1/1] (0.00ns)   --->   "%newret80 = insertvalue i1920 %newret78, i32 %p_read12123" [patchMaker.cpp:316]   --->   Operation 102 'insertvalue' 'newret80' <Predicate = true> <Delay = 0.00>
ST_1 : Operation 103 [1/1] (0.00ns)   --->   "%newret82 = insertvalue i1920 %newret80, i32 %patches_parameters316_read_1" [patchMaker.cpp:316]   --->   Operation 103 'insertvalue' 'newret82' <Predicate = true> <Delay = 0.00>
ST_1 : Operation 104 [1/1] (0.00ns)   --->   "%newret84 = insertvalue i1920 %newret82, i32 %p_read13124" [patchMaker.cpp:316]   --->   Operation 104 'insertvalue' 'newret84' <Predicate = true> <Delay = 0.00>
ST_1 : Operation 105 [1/1] (0.00ns)   --->   "%newret86 = insertvalue i1920 %newret84, i32 %patches_parameters31621_read_1" [patchMaker.cpp:316]   --->   Operation 105 'insertvalue' 'newret86' <Predicate = true> <Delay = 0.00>
ST_1 : Operation 106 [1/1] (0.00ns)   --->   "%newret88 = insertvalue i1920 %newret86, i32 %p_read14125" [patchMaker.cpp:316]   --->   Operation 106 'insertvalue' 'newret88' <Predicate = true> <Delay = 0.00>
ST_1 : Operation 107 [1/1] (0.00ns)   --->   "%newret90 = insertvalue i1920 %newret88, i32 %patches_parameters31729_read_1" [patchMaker.cpp:316]   --->   Operation 107 'insertvalue' 'newret90' <Predicate = true> <Delay = 0.00>
ST_1 : Operation 108 [1/1] (0.00ns)   --->   "%newret92 = insertvalue i1920 %newret90, i32 %p_read15126" [patchMaker.cpp:316]   --->   Operation 108 'insertvalue' 'newret92' <Predicate = true> <Delay = 0.00>
ST_1 : Operation 109 [1/1] (0.00ns)   --->   "%newret94 = insertvalue i1920 %newret92, i32 %patches_parameters31722_read_1" [patchMaker.cpp:316]   --->   Operation 109 'insertvalue' 'newret94' <Predicate = true> <Delay = 0.00>
ST_1 : Operation 110 [1/1] (0.00ns)   --->   "%newret96 = insertvalue i1920 %newret94, i32 %p_read16127" [patchMaker.cpp:316]   --->   Operation 110 'insertvalue' 'newret96' <Predicate = true> <Delay = 0.00>
ST_1 : Operation 111 [1/1] (0.00ns)   --->   "%newret98 = insertvalue i1920 %newret96, i32 %patches_parameters4_read_1" [patchMaker.cpp:316]   --->   Operation 111 'insertvalue' 'newret98' <Predicate = true> <Delay = 0.00>
ST_1 : Operation 112 [1/1] (0.00ns)   --->   "%newret100 = insertvalue i1920 %newret98, i32 %patches_parameters423_read_1" [patchMaker.cpp:316]   --->   Operation 112 'insertvalue' 'newret100' <Predicate = true> <Delay = 0.00>
ST_1 : Operation 113 [1/1] (0.00ns)   --->   "%newret102 = insertvalue i1920 %newret100, i32 %p_read18128" [patchMaker.cpp:316]   --->   Operation 113 'insertvalue' 'newret102' <Predicate = true> <Delay = 0.00>
ST_1 : Operation 114 [1/1] (0.00ns)   --->   "%newret104 = insertvalue i1920 %newret102, i32 %patches_parameters418_read_1" [patchMaker.cpp:316]   --->   Operation 114 'insertvalue' 'newret104' <Predicate = true> <Delay = 0.00>
ST_1 : Operation 115 [1/1] (0.00ns)   --->   "%newret106 = insertvalue i1920 %newret104, i32 %patches_parameters41824_read_1" [patchMaker.cpp:316]   --->   Operation 115 'insertvalue' 'newret106' <Predicate = true> <Delay = 0.00>
ST_1 : Operation 116 [1/1] (0.00ns)   --->   "%newret108 = insertvalue i1920 %newret106, i32 %p_read20129" [patchMaker.cpp:316]   --->   Operation 116 'insertvalue' 'newret108' <Predicate = true> <Delay = 0.00>
ST_1 : Operation 117 [1/1] (0.00ns)   --->   "%newret110 = insertvalue i1920 %newret108, i32 %patches_parameters419_read_1" [patchMaker.cpp:316]   --->   Operation 117 'insertvalue' 'newret110' <Predicate = true> <Delay = 0.00>
ST_1 : Operation 118 [1/1] (0.00ns)   --->   "%newret112 = insertvalue i1920 %newret110, i32 %patches_parameters41925_read_1" [patchMaker.cpp:316]   --->   Operation 118 'insertvalue' 'newret112' <Predicate = true> <Delay = 0.00>
ST_1 : Operation 119 [1/1] (0.00ns)   --->   "%newret114 = insertvalue i1920 %newret112, i32 %p_read22130" [patchMaker.cpp:316]   --->   Operation 119 'insertvalue' 'newret114' <Predicate = true> <Delay = 0.00>
ST_1 : Operation 120 [1/1] (0.00ns)   --->   "%newret116 = insertvalue i1920 %newret114, i32 %patches_parameters420_read_1" [patchMaker.cpp:316]   --->   Operation 120 'insertvalue' 'newret116' <Predicate = true> <Delay = 0.00>
ST_1 : Operation 121 [1/1] (0.00ns)   --->   "%newret118 = insertvalue i1920 %newret116, i32 %patches_parameters42026_read_1" [patchMaker.cpp:316]   --->   Operation 121 'insertvalue' 'newret118' <Predicate = true> <Delay = 0.00>
ST_1 : Operation 122 [1/1] (0.00ns)   --->   "%ret_ln316 = ret i1920 %newret118" [patchMaker.cpp:316]   --->   Operation 122 'ret' 'ret_ln316' <Predicate = true> <Delay = 0.00>


============================================================
+ Verbose Summary: Timing violations
============================================================
Target clock period: 3ns, clock uncertainty: 0.81ns.

 <State 1>: 0ns
The critical path consists of the following:


============================================================
+ Verbose Summary: Binding
============================================================
N/A
* FSMD analyzer results:
  - Output states:
 - Input state : 
  - Chain level:
	State 1


============================================================
+ Verbose Summary: Datapath Resource usage 
============================================================
N/A
