

================================================================
== Vitis HLS Report for 'delete_patch'
================================================================
* Date:           Thu Aug  1 00:47:21 2024

* Version:        2020.2 (Build 3064766 on Wed Nov 18 09:12:45 MST 2020)
* Project:        PatchMaker_tanishGit
* Solution:       solutionSC4 (Vivado IP Flow Target)
* Product family: virtexuplus
* Target device:  xcvu19p-fsvb3824-2-e


================================================================
== Performance Estimates
================================================================
+ Timing: 
    * Summary: 
    +--------+---------+----------+------------+
    |  Clock |  Target | Estimated| Uncertainty|
    +--------+---------+----------+------------+
    |ap_clk  |  3.00 ns|  2.124 ns|     0.81 ns|
    +--------+---------+----------+------------+

+ Latency: 
    * Summary: 
    +---------+---------+----------+----------+-----+-----+---------+
    |  Latency (cycles) |  Latency (absolute) |  Interval | Pipeline|
    |   min   |   max   |    min   |    max   | min | max |   Type  |
    +---------+---------+----------+----------+-----+-----+---------+
    |        ?|        ?|         ?|         ?|    ?|    ?|     none|
    +---------+---------+----------+----------+-----+-----+---------+

    + Detail: 
        * Instance: 
        N/A

        * Loop: 
        +------------------------------------------------------------------------------+---------+---------+----------+-----------+-----------+------+----------+
        |                                                                              |  Latency (cycles) | Iteration|  Initiation Interval  | Trip |          |
        |                                   Loop Name                                  |   min   |   max   |  Latency |  achieved |   target  | Count| Pipelined|
        +------------------------------------------------------------------------------+---------+---------+----------+-----------+-----------+------+----------+
        |- delete_patch_perPatch_delete_patch_perSuperpointSP_delete_patch_perPointSP  |        ?|        ?|         5|          1|          1|     ?|       yes|
        |- delete_patch_perSuperpointSPLP_delete_patch_perPointSPLP                    |       81|       81|         3|          1|          1|    80|       yes|
        +------------------------------------------------------------------------------+---------+---------+----------+-----------+-----------+------+----------+

============================================================
+ Verbose Summary: Synthesis Manager
============================================================
InlineROM: 1
ExposeGlobal: 0
============================================================
+ Verbose Summary: CDFG Model
============================================================
IsTopModel: 0
ResetActiveHigh: 1
IsCombinational: 0
IsDatapathOnly: 0
HasWiredReturn: 1
HasMFsm: 0
HasVarLatency: 1
IsPipeline: 0
IsRtlPipelined: 0
IsInstanceOverlapped: 0
IsDontTouch: 0
HasImplIP: 0
IsGatedGlobalClock: 0

+ Individual pipeline summary: 
  * Pipeline-0: initiation interval (II) = 1, depth = 5
  * Pipeline-1: initiation interval (II) = 1, depth = 3


============================================================
+ Verbose Summary: Schedule
============================================================
* Number of FSM states : 13
* Pipeline : 2
  Pipeline-0 : II = 1, D = 5, States = { 3 4 5 6 7 }
  Pipeline-1 : II = 1, D = 3, States = { 9 10 11 }
* Dataflow Pipeline: 0

* FSM state transitions: 
1 --> 13 2 
2 --> 3 
3 --> 8 4 
4 --> 5 
5 --> 6 
6 --> 7 
7 --> 3 
8 --> 9 
9 --> 12 10 
10 --> 11 
11 --> 9 
12 --> 13 
13 --> 

* FSM state operations: 

State 1 <SV = 0> <Delay = 0.71>
ST_1 : Operation 14 [1/1] (0.00ns)   --->   "%index_read = read i9 @_ssdm_op_Read.ap_auto.i9, i9 %index"   --->   Operation 14 'read' 'index_read' <Predicate = true> <Delay = 0.00>
ST_1 : Operation 15 [1/1] (0.00ns)   --->   "%n_patches_read_3 = read i8 @_ssdm_op_Read.ap_auto.i8, i8 %n_patches_read"   --->   Operation 15 'read' 'n_patches_read_3' <Predicate = true> <Delay = 0.00>
ST_1 : Operation 16 [1/1] (0.00ns)   --->   "%i = trunc i9 %index_read"   --->   Operation 16 'trunc' 'i' <Predicate = true> <Delay = 0.00>
ST_1 : Operation 17 [1/1] (0.00ns)   --->   "%tmp_37 = bitselect i1 @_ssdm_op_BitSelect.i1.i9.i32, i9 %index_read, i32 8" [patchMaker.cpp:511]   --->   Operation 17 'bitselect' 'tmp_37' <Predicate = true> <Delay = 0.00>
ST_1 : Operation 18 [1/1] (0.00ns)   --->   "%br_ln511 = br i1 %tmp_37, void, void %._crit_edge" [patchMaker.cpp:511]   --->   Operation 18 'br' 'br_ln511' <Predicate = true> <Delay = 0.00>
ST_1 : Operation 19 [1/1] (0.00ns)   --->   "%zext_ln511 = zext i8 %n_patches_read_3" [patchMaker.cpp:511]   --->   Operation 19 'zext' 'zext_ln511' <Predicate = (!tmp_37)> <Delay = 0.00>
ST_1 : Operation 20 [1/1] (0.59ns)   --->   "%icmp_ln511 = icmp_sgt  i9 %zext_ln511, i9 %index_read" [patchMaker.cpp:511]   --->   Operation 20 'icmp' 'icmp_ln511' <Predicate = (!tmp_37)> <Delay = 0.59> <CoreInst = "Cmp">   --->   Core 9 'Cmp' <Latency = 0> <II = 1> <Delay = 0.58> <FuncUnit> <Opcode : 'icmp'> <InPorts = 2> <OutPorts = 1>
ST_1 : Operation 21 [1/1] (0.00ns)   --->   "%br_ln511 = br i1 %icmp_ln511, void %._crit_edge, void %.lr.ph" [patchMaker.cpp:511]   --->   Operation 21 'br' 'br_ln511' <Predicate = (!tmp_37)> <Delay = 0.00>
ST_1 : Operation 22 [1/1] (0.70ns)   --->   "%sub = add i8 %n_patches_read_3, i8 255"   --->   Operation 22 'add' 'sub' <Predicate = (!tmp_37 & icmp_ln511)> <Delay = 0.70> <CoreInst = "Adder">   --->   Core 1 'Adder' <Latency = 0> <II = 1> <Delay = 0.70> <FuncUnit> <Opcode : 'add' 'sub'> <InPorts = 2> <OutPorts = 1>

State 2 <SV = 1> <Delay = 2.05>
ST_2 : Operation 23 [1/1] (0.58ns)   --->   "%empty = icmp_ugt  i8 %sub, i8 %i"   --->   Operation 23 'icmp' 'empty' <Predicate = true> <Delay = 0.58> <CoreInst = "Cmp">   --->   Core 9 'Cmp' <Latency = 0> <II = 1> <Delay = 0.58> <FuncUnit> <Opcode : 'icmp'> <InPorts = 2> <OutPorts = 1>
ST_2 : Operation 24 [1/1] (0.00ns) (grouped into LUT with out node sub_ln520)   --->   "%umax2 = select i1 %empty, i8 %sub, i8 %i"   --->   Operation 24 'select' 'umax2' <Predicate = true> <Delay = 0.00> <CoreInst = "Sel">   --->   Core 73 'Sel' <Latency = 0> <II = 1> <Delay = 0.30> <FuncUnit> <Opcode : 'select'> <InPorts = 3> <OutPorts = 1>
ST_2 : Operation 25 [1/1] (0.70ns) (out node of the LUT)   --->   "%sub_ln520 = sub i8 %umax2, i8 %i" [patchMaker.cpp:520]   --->   Operation 25 'sub' 'sub_ln520' <Predicate = true> <Delay = 0.70> <CoreInst = "Adder">   --->   Core 1 'Adder' <Latency = 0> <II = 1> <Delay = 0.70> <FuncUnit> <Opcode : 'add' 'sub'> <InPorts = 2> <OutPorts = 1>
ST_2 : Operation 26 [1/1] (0.00ns)   --->   "%tmp = bitconcatenate i14 @_ssdm_op_BitConcatenate.i14.i8.i6, i8 %sub_ln520, i6 0" [patchMaker.cpp:520]   --->   Operation 26 'bitconcatenate' 'tmp' <Predicate = true> <Delay = 0.00>
ST_2 : Operation 27 [1/1] (0.00ns)   --->   "%zext_ln520 = zext i14 %tmp" [patchMaker.cpp:520]   --->   Operation 27 'zext' 'zext_ln520' <Predicate = true> <Delay = 0.00>
ST_2 : Operation 28 [1/1] (0.00ns)   --->   "%tmp_s = bitconcatenate i12 @_ssdm_op_BitConcatenate.i12.i8.i4, i8 %sub_ln520, i4 0" [patchMaker.cpp:520]   --->   Operation 28 'bitconcatenate' 'tmp_s' <Predicate = true> <Delay = 0.00>
ST_2 : Operation 29 [1/1] (0.00ns)   --->   "%zext_ln520_1 = zext i12 %tmp_s" [patchMaker.cpp:520]   --->   Operation 29 'zext' 'zext_ln520_1' <Predicate = true> <Delay = 0.00>
ST_2 : Operation 30 [1/1] (0.76ns)   --->   "%add_ln520 = add i15 %zext_ln520, i15 %zext_ln520_1" [patchMaker.cpp:520]   --->   Operation 30 'add' 'add_ln520' <Predicate = true> <Delay = 0.76> <CoreInst = "Adder">   --->   Core 1 'Adder' <Latency = 0> <II = 1> <Delay = 0.70> <FuncUnit> <Opcode : 'add' 'sub'> <InPorts = 2> <OutPorts = 1>
ST_2 : Operation 31 [1/1] (0.38ns)   --->   "%br_ln520 = br void" [patchMaker.cpp:520]   --->   Operation 31 'br' 'br_ln520' <Predicate = true> <Delay = 0.38>

State 3 <SV = 2> <Delay = 1.74>
ST_3 : Operation 32 [1/1] (0.00ns)   --->   "%indvar_flatten14 = phi i15 0, void %.lr.ph, i15 %add_ln520_1, void %.split10" [patchMaker.cpp:520]   --->   Operation 32 'phi' 'indvar_flatten14' <Predicate = true> <Delay = 0.00>
ST_3 : Operation 33 [1/1] (0.00ns)   --->   "%i_011 = phi i8 %i, void %.lr.ph, i8 %select_ln520_1, void %.split10"   --->   Operation 33 'phi' 'i_011' <Predicate = true> <Delay = 0.00>
ST_3 : Operation 34 [1/1] (0.00ns)   --->   "%indvar_flatten = phi i8 0, void %.lr.ph, i8 %select_ln526_2, void %.split10" [patchMaker.cpp:526]   --->   Operation 34 'phi' 'indvar_flatten' <Predicate = true> <Delay = 0.00>
ST_3 : Operation 35 [1/1] (0.00ns)   --->   "%a = phi i3 0, void %.lr.ph, i3 %select_ln526_1, void %.split10" [patchMaker.cpp:526]   --->   Operation 35 'phi' 'a' <Predicate = true> <Delay = 0.00>
ST_3 : Operation 36 [1/1] (0.00ns)   --->   "%b = phi i5 0, void %.lr.ph, i5 %add_ln532, void %.split10" [patchMaker.cpp:532]   --->   Operation 36 'phi' 'b' <Predicate = true> <Delay = 0.00>
ST_3 : Operation 37 [1/1] (0.77ns)   --->   "%add_ln520_1 = add i15 %indvar_flatten14, i15 1" [patchMaker.cpp:520]   --->   Operation 37 'add' 'add_ln520_1' <Predicate = true> <Delay = 0.77> <CoreInst = "Adder">   --->   Core 1 'Adder' <Latency = 0> <II = 1> <Delay = 0.70> <FuncUnit> <Opcode : 'add' 'sub'> <InPorts = 2> <OutPorts = 1>
ST_3 : Operation 38 [1/1] (0.00ns)   --->   "%specpipeline_ln0 = specpipeline void @_ssdm_op_SpecPipeline, i32 4294967295, i32 0, i32 1, i32 0, void @p_str"   --->   Operation 38 'specpipeline' 'specpipeline_ln0' <Predicate = true> <Delay = 0.00>
ST_3 : Operation 39 [1/1] (0.66ns)   --->   "%icmp_ln520 = icmp_eq  i15 %indvar_flatten14, i15 %add_ln520" [patchMaker.cpp:520]   --->   Operation 39 'icmp' 'icmp_ln520' <Predicate = true> <Delay = 0.66> <CoreInst = "Cmp">   --->   Core 9 'Cmp' <Latency = 0> <II = 1> <Delay = 0.58> <FuncUnit> <Opcode : 'icmp'> <InPorts = 2> <OutPorts = 1>
ST_3 : Operation 40 [1/1] (0.00ns)   --->   "%br_ln520 = br i1 %icmp_ln520, void %.split10, void %._crit_edge.loopexit" [patchMaker.cpp:520]   --->   Operation 40 'br' 'br_ln520' <Predicate = true> <Delay = 0.00>
ST_3 : Operation 41 [1/1] (0.70ns)   --->   "%i_14 = add i8 %i_011, i8 1" [patchMaker.cpp:520]   --->   Operation 41 'add' 'i_14' <Predicate = (!icmp_ln520)> <Delay = 0.70> <CoreInst = "Adder">   --->   Core 1 'Adder' <Latency = 0> <II = 1> <Delay = 0.70> <FuncUnit> <Opcode : 'add' 'sub'> <InPorts = 2> <OutPorts = 1>
ST_3 : Operation 42 [1/1] (0.58ns)   --->   "%icmp_ln526 = icmp_eq  i8 %indvar_flatten, i8 80" [patchMaker.cpp:526]   --->   Operation 42 'icmp' 'icmp_ln526' <Predicate = (!icmp_ln520)> <Delay = 0.58> <CoreInst = "Cmp">   --->   Core 9 'Cmp' <Latency = 0> <II = 1> <Delay = 0.58> <FuncUnit> <Opcode : 'icmp'> <InPorts = 2> <OutPorts = 1>
ST_3 : Operation 43 [1/1] (0.27ns)   --->   "%select_ln520 = select i1 %icmp_ln526, i3 0, i3 %a" [patchMaker.cpp:520]   --->   Operation 43 'select' 'select_ln520' <Predicate = (!icmp_ln520)> <Delay = 0.27> <CoreInst = "Sel">   --->   Core 73 'Sel' <Latency = 0> <II = 1> <Delay = 0.30> <FuncUnit> <Opcode : 'select'> <InPorts = 3> <OutPorts = 1>
ST_3 : Operation 44 [1/1] (0.30ns)   --->   "%select_ln520_1 = select i1 %icmp_ln526, i8 %i_14, i8 %i_011" [patchMaker.cpp:520]   --->   Operation 44 'select' 'select_ln520_1' <Predicate = (!icmp_ln520)> <Delay = 0.30> <CoreInst = "Sel">   --->   Core 73 'Sel' <Latency = 0> <II = 1> <Delay = 0.30> <FuncUnit> <Opcode : 'select'> <InPorts = 3> <OutPorts = 1>
ST_3 : Operation 45 [1/1] (0.00ns)   --->   "%trunc_ln520 = trunc i8 %select_ln520_1" [patchMaker.cpp:520]   --->   Operation 45 'trunc' 'trunc_ln520' <Predicate = (!icmp_ln520)> <Delay = 0.00>
ST_3 : Operation 46 [1/1] (0.70ns)   --->   "%add_ln520_2 = add i5 %trunc_ln520, i5 1" [patchMaker.cpp:520]   --->   Operation 46 'add' 'add_ln520_2' <Predicate = (!icmp_ln520)> <Delay = 0.70> <CoreInst = "Adder">   --->   Core 1 'Adder' <Latency = 0> <II = 1> <Delay = 0.70> <FuncUnit> <Opcode : 'add' 'sub'> <InPorts = 2> <OutPorts = 1>
ST_3 : Operation 47 [1/1] (0.00ns) (grouped into LUT with out node and_ln520)   --->   "%xor_ln520 = xor i1 %icmp_ln526, i1 1" [patchMaker.cpp:520]   --->   Operation 47 'xor' 'xor_ln520' <Predicate = (!icmp_ln520)> <Delay = 0.00> <CoreInst = "LogicGate">   --->   Core 74 'LogicGate' <Latency = 0> <II = 1> <Delay = 0.12> <FuncUnit> <Opcode : 'and' 'or' 'xor'> <InPorts = 2> <OutPorts = 1>
ST_3 : Operation 48 [1/1] (0.63ns)   --->   "%icmp_ln532 = icmp_eq  i5 %b, i5 16" [patchMaker.cpp:532]   --->   Operation 48 'icmp' 'icmp_ln532' <Predicate = (!icmp_ln520)> <Delay = 0.63> <CoreInst = "Cmp">   --->   Core 9 'Cmp' <Latency = 0> <II = 1> <Delay = 0.58> <FuncUnit> <Opcode : 'icmp'> <InPorts = 2> <OutPorts = 1>
ST_3 : Operation 49 [1/1] (0.12ns) (out node of the LUT)   --->   "%and_ln520 = and i1 %icmp_ln532, i1 %xor_ln520" [patchMaker.cpp:520]   --->   Operation 49 'and' 'and_ln520' <Predicate = (!icmp_ln520)> <Delay = 0.12> <CoreInst = "LogicGate">   --->   Core 74 'LogicGate' <Latency = 0> <II = 1> <Delay = 0.12> <FuncUnit> <Opcode : 'and' 'or' 'xor'> <InPorts = 2> <OutPorts = 1>
ST_3 : Operation 50 [1/1] (0.57ns)   --->   "%add_ln526 = add i3 %select_ln520, i3 1" [patchMaker.cpp:526]   --->   Operation 50 'add' 'add_ln526' <Predicate = (!icmp_ln520)> <Delay = 0.57> <CoreInst = "Adder">   --->   Core 1 'Adder' <Latency = 0> <II = 1> <Delay = 0.70> <FuncUnit> <Opcode : 'add' 'sub'> <InPorts = 2> <OutPorts = 1>
ST_3 : Operation 51 [1/1] (0.00ns) (grouped into LUT with out node select_ln526)   --->   "%or_ln526 = or i1 %and_ln520, i1 %icmp_ln526" [patchMaker.cpp:526]   --->   Operation 51 'or' 'or_ln526' <Predicate = (!icmp_ln520)> <Delay = 0.00> <CoreInst = "LogicGate">   --->   Core 74 'LogicGate' <Latency = 0> <II = 1> <Delay = 0.12> <FuncUnit> <Opcode : 'and' 'or' 'xor'> <InPorts = 2> <OutPorts = 1>
ST_3 : Operation 52 [1/1] (0.27ns) (out node of the LUT)   --->   "%select_ln526 = select i1 %or_ln526, i5 0, i5 %b" [patchMaker.cpp:526]   --->   Operation 52 'select' 'select_ln526' <Predicate = (!icmp_ln520)> <Delay = 0.27> <CoreInst = "Sel">   --->   Core 73 'Sel' <Latency = 0> <II = 1> <Delay = 0.30> <FuncUnit> <Opcode : 'select'> <InPorts = 3> <OutPorts = 1>
ST_3 : Operation 53 [1/1] (0.27ns)   --->   "%select_ln526_1 = select i1 %and_ln520, i3 %add_ln526, i3 %select_ln520" [patchMaker.cpp:526]   --->   Operation 53 'select' 'select_ln526_1' <Predicate = (!icmp_ln520)> <Delay = 0.27> <CoreInst = "Sel">   --->   Core 73 'Sel' <Latency = 0> <II = 1> <Delay = 0.30> <FuncUnit> <Opcode : 'select'> <InPorts = 3> <OutPorts = 1>
ST_3 : Operation 54 [1/1] (0.70ns)   --->   "%add_ln532 = add i5 %select_ln526, i5 1" [patchMaker.cpp:532]   --->   Operation 54 'add' 'add_ln532' <Predicate = (!icmp_ln520)> <Delay = 0.70> <CoreInst = "Adder">   --->   Core 1 'Adder' <Latency = 0> <II = 1> <Delay = 0.70> <FuncUnit> <Opcode : 'add' 'sub'> <InPorts = 2> <OutPorts = 1>
ST_3 : Operation 55 [1/1] (0.70ns)   --->   "%add_ln526_1 = add i8 %indvar_flatten, i8 1" [patchMaker.cpp:526]   --->   Operation 55 'add' 'add_ln526_1' <Predicate = (!icmp_ln520)> <Delay = 0.70> <CoreInst = "Adder">   --->   Core 1 'Adder' <Latency = 0> <II = 1> <Delay = 0.70> <FuncUnit> <Opcode : 'add' 'sub'> <InPorts = 2> <OutPorts = 1>
ST_3 : Operation 56 [1/1] (0.30ns)   --->   "%select_ln526_2 = select i1 %icmp_ln526, i8 1, i8 %add_ln526_1" [patchMaker.cpp:526]   --->   Operation 56 'select' 'select_ln526_2' <Predicate = (!icmp_ln520)> <Delay = 0.30> <CoreInst = "Sel">   --->   Core 73 'Sel' <Latency = 0> <II = 1> <Delay = 0.30> <FuncUnit> <Opcode : 'select'> <InPorts = 3> <OutPorts = 1>

State 4 <SV = 3> <Delay = 1.58>
ST_4 : Operation 57 [1/1] (0.00ns)   --->   "%zext_ln537 = zext i5 %add_ln520_2" [patchMaker.cpp:537]   --->   Operation 57 'zext' 'zext_ln537' <Predicate = (!icmp_ln520)> <Delay = 0.00>
ST_4 : Operation 58 [1/1] (0.00ns)   --->   "%tmp_9 = bitconcatenate i7 @_ssdm_op_BitConcatenate.i7.i5.i2, i5 %add_ln520_2, i2 0" [patchMaker.cpp:537]   --->   Operation 58 'bitconcatenate' 'tmp_9' <Predicate = (!icmp_ln520)> <Delay = 0.00>
ST_4 : Operation 59 [1/1] (0.00ns)   --->   "%zext_ln537_1 = zext i7 %tmp_9" [patchMaker.cpp:537]   --->   Operation 59 'zext' 'zext_ln537_1' <Predicate = (!icmp_ln520)> <Delay = 0.00>
ST_4 : Operation 60 [1/1] (0.00ns) (grouped into TernaryAdder)   --->   "%add_ln537 = add i8 %zext_ln537_1, i8 %zext_ln537" [patchMaker.cpp:537]   --->   Operation 60 'add' 'add_ln537' <Predicate = (!icmp_ln520)> <Delay = 0.00> <CoreInst = "TAddSub">   --->   Core 10 'TAddSub' <Latency = 0> <II = 1> <Delay = 0.41> <IPBlock> <Opcode : 'add' 'sub'> <InPorts = 3> <OutPorts = 1> <Sync>
ST_4 : Operation 61 [1/1] (0.00ns)   --->   "%shl_ln537 = shl i8 %select_ln520_1, i8 2" [patchMaker.cpp:537]   --->   Operation 61 'shl' 'shl_ln537' <Predicate = (!icmp_ln520)> <Delay = 0.00>
ST_4 : Operation 62 [1/1] (0.00ns) (grouped into TernaryAdder)   --->   "%add_ln537_1 = add i8 %shl_ln537, i8 %select_ln520_1" [patchMaker.cpp:537]   --->   Operation 62 'add' 'add_ln537_1' <Predicate = (!icmp_ln520)> <Delay = 0.00> <CoreInst = "TAddSub">   --->   Core 10 'TAddSub' <Latency = 0> <II = 1> <Delay = 0.41> <IPBlock> <Opcode : 'add' 'sub'> <InPorts = 3> <OutPorts = 1> <Sync>
ST_4 : Operation 63 [1/1] (0.00ns)   --->   "%zext_ln537_2 = zext i3 %select_ln526_1" [patchMaker.cpp:537]   --->   Operation 63 'zext' 'zext_ln537_2' <Predicate = (!icmp_ln520)> <Delay = 0.00>
ST_4 : Operation 64 [1/1] (0.00ns)   --->   "%zext_ln537_3 = zext i3 %select_ln526_1" [patchMaker.cpp:537]   --->   Operation 64 'zext' 'zext_ln537_3' <Predicate = (!icmp_ln520)> <Delay = 0.00>
ST_4 : Operation 65 [1/1] (0.83ns) (root node of TernaryAdder)   --->   "%add_ln537_2 = add i8 %add_ln537, i8 %zext_ln537_3" [patchMaker.cpp:537]   --->   Operation 65 'add' 'add_ln537_2' <Predicate = (!icmp_ln520)> <Delay = 0.83> <CoreInst = "TAddSub">   --->   Core 10 'TAddSub' <Latency = 0> <II = 1> <Delay = 0.41> <IPBlock> <Opcode : 'add' 'sub'> <InPorts = 3> <OutPorts = 1> <Sync>
ST_4 : Operation 66 [1/1] (0.00ns)   --->   "%tmp_72_cast = bitconcatenate i12 @_ssdm_op_BitConcatenate.i12.i8.i4, i8 %add_ln537_2, i4 0" [patchMaker.cpp:537]   --->   Operation 66 'bitconcatenate' 'tmp_72_cast' <Predicate = (!icmp_ln520)> <Delay = 0.00>
ST_4 : Operation 67 [1/1] (0.83ns) (root node of TernaryAdder)   --->   "%add_ln537_3 = add i8 %add_ln537_1, i8 %zext_ln537_2" [patchMaker.cpp:537]   --->   Operation 67 'add' 'add_ln537_3' <Predicate = (!icmp_ln520)> <Delay = 0.83> <CoreInst = "TAddSub">   --->   Core 10 'TAddSub' <Latency = 0> <II = 1> <Delay = 0.41> <IPBlock> <Opcode : 'add' 'sub'> <InPorts = 3> <OutPorts = 1> <Sync>
ST_4 : Operation 68 [1/1] (0.00ns)   --->   "%tmp_74_cast = bitconcatenate i12 @_ssdm_op_BitConcatenate.i12.i8.i4, i8 %add_ln537_3, i4 0" [patchMaker.cpp:537]   --->   Operation 68 'bitconcatenate' 'tmp_74_cast' <Predicate = (!icmp_ln520)> <Delay = 0.00>
ST_4 : Operation 69 [1/1] (0.00ns)   --->   "%zext_ln537_4 = zext i5 %select_ln526" [patchMaker.cpp:537]   --->   Operation 69 'zext' 'zext_ln537_4' <Predicate = (!icmp_ln520)> <Delay = 0.00>
ST_4 : Operation 70 [1/1] (0.74ns)   --->   "%add_ln537_4 = add i12 %tmp_72_cast, i12 %zext_ln537_4" [patchMaker.cpp:537]   --->   Operation 70 'add' 'add_ln537_4' <Predicate = (!icmp_ln520)> <Delay = 0.74> <CoreInst = "Adder">   --->   Core 1 'Adder' <Latency = 0> <II = 1> <Delay = 0.70> <FuncUnit> <Opcode : 'add' 'sub'> <InPorts = 2> <OutPorts = 1>
ST_4 : Operation 71 [1/1] (0.74ns)   --->   "%add_ln537_5 = add i12 %tmp_74_cast, i12 %zext_ln537_4" [patchMaker.cpp:537]   --->   Operation 71 'add' 'add_ln537_5' <Predicate = (!icmp_ln520)> <Delay = 0.74> <CoreInst = "Adder">   --->   Core 1 'Adder' <Latency = 0> <II = 1> <Delay = 0.70> <FuncUnit> <Opcode : 'add' 'sub'> <InPorts = 2> <OutPorts = 1>

State 5 <SV = 4> <Delay = 1.64>
ST_5 : Operation 72 [1/1] (0.00ns)   --->   "%zext_ln537_5 = zext i12 %add_ln537_4" [patchMaker.cpp:537]   --->   Operation 72 'zext' 'zext_ln537_5' <Predicate = (!icmp_ln520)> <Delay = 0.00>
ST_5 : Operation 73 [1/1] (0.00ns)   --->   "%patches_superpoints_addr = getelementptr i64 %patches_superpoints, i64 0, i64 %zext_ln537_5" [patchMaker.cpp:537]   --->   Operation 73 'getelementptr' 'patches_superpoints_addr' <Predicate = (!icmp_ln520)> <Delay = 0.00>
ST_5 : Operation 74 [2/2] (1.64ns)   --->   "%patches_superpoints_load = load i12 %patches_superpoints_addr" [patchMaker.cpp:537]   --->   Operation 74 'load' 'patches_superpoints_load' <Predicate = (!icmp_ln520)> <Delay = 1.64> <CoreInst = "RAM">   --->   Core 83 'RAM' <Latency = 1> <II = 1> <Delay = 1.64> <Storage> <Opcode : 'load' 'store'> <Ports = 2> <Width = 64> <Depth = 2560> <RAM>

State 6 <SV = 5> <Delay = 1.64>
ST_6 : Operation 75 [1/2] (1.64ns)   --->   "%patches_superpoints_load = load i12 %patches_superpoints_addr" [patchMaker.cpp:537]   --->   Operation 75 'load' 'patches_superpoints_load' <Predicate = (!icmp_ln520)> <Delay = 1.64> <CoreInst = "RAM">   --->   Core 83 'RAM' <Latency = 1> <II = 1> <Delay = 1.64> <Storage> <Opcode : 'load' 'store'> <Ports = 2> <Width = 64> <Depth = 2560> <RAM>

State 7 <SV = 6> <Delay = 1.64>
ST_7 : Operation 76 [1/1] (0.00ns)   --->   "%specloopname_ln0 = specloopname void @_ssdm_op_SpecLoopName, void @delete_patch_perPatch_delete_patch_perSuperpointSP_delete_patch_perPointSP_str"   --->   Operation 76 'specloopname' 'specloopname_ln0' <Predicate = (!icmp_ln520)> <Delay = 0.00>
ST_7 : Operation 77 [1/1] (0.00ns)   --->   "%specpipeline_ln0 = specpipeline void @_ssdm_op_SpecPipeline, i32 4294967295, i32 0, i32 1, i32 0, void @p_str"   --->   Operation 77 'specpipeline' 'specpipeline_ln0' <Predicate = (!icmp_ln520)> <Delay = 0.00>
ST_7 : Operation 78 [1/1] (0.00ns)   --->   "%specloopname_ln0 = specloopname void @_ssdm_op_SpecLoopName, void @delete_patch_perSuperpointSP_delete_patch_perPointSP_str"   --->   Operation 78 'specloopname' 'specloopname_ln0' <Predicate = (!icmp_ln520)> <Delay = 0.00>
ST_7 : Operation 79 [1/1] (0.00ns)   --->   "%specpipeline_ln0 = specpipeline void @_ssdm_op_SpecPipeline, i32 4294967295, i32 0, i32 1, i32 0, void @p_str"   --->   Operation 79 'specpipeline' 'specpipeline_ln0' <Predicate = (!icmp_ln520)> <Delay = 0.00>
ST_7 : Operation 80 [1/1] (0.00ns)   --->   "%zext_ln537_6 = zext i12 %add_ln537_5" [patchMaker.cpp:537]   --->   Operation 80 'zext' 'zext_ln537_6' <Predicate = (!icmp_ln520)> <Delay = 0.00>
ST_7 : Operation 81 [1/1] (0.00ns)   --->   "%patches_superpoints_addr_2 = getelementptr i64 %patches_superpoints, i64 0, i64 %zext_ln537_6" [patchMaker.cpp:537]   --->   Operation 81 'getelementptr' 'patches_superpoints_addr_2' <Predicate = (!icmp_ln520)> <Delay = 0.00>
ST_7 : Operation 82 [1/1] (0.00ns)   --->   "%specloopname_ln532 = specloopname void @_ssdm_op_SpecLoopName, void @empty_0" [patchMaker.cpp:532]   --->   Operation 82 'specloopname' 'specloopname_ln532' <Predicate = (!icmp_ln520)> <Delay = 0.00>
ST_7 : Operation 83 [1/1] (1.64ns)   --->   "%store_ln537 = store i64 %patches_superpoints_load, i12 %patches_superpoints_addr_2" [patchMaker.cpp:537]   --->   Operation 83 'store' 'store_ln537' <Predicate = (!icmp_ln520)> <Delay = 1.64> <CoreInst = "RAM">   --->   Core 83 'RAM' <Latency = 1> <II = 1> <Delay = 1.64> <Storage> <Opcode : 'load' 'store'> <Ports = 2> <Width = 64> <Depth = 2560> <RAM>
ST_7 : Operation 84 [1/1] (0.00ns)   --->   "%br_ln0 = br void"   --->   Operation 84 'br' 'br_ln0' <Predicate = (!icmp_ln520)> <Delay = 0.00>

State 8 <SV = 3> <Delay = 0.70>
ST_8 : Operation 85 [1/1] (0.00ns) (grouped into LUT with out node add_ln559)   --->   "%shl_ln559 = shl i8 %sub, i8 2" [patchMaker.cpp:559]   --->   Operation 85 'shl' 'shl_ln559' <Predicate = true> <Delay = 0.00>
ST_8 : Operation 86 [1/1] (0.70ns) (out node of the LUT)   --->   "%add_ln559 = add i8 %shl_ln559, i8 %sub" [patchMaker.cpp:559]   --->   Operation 86 'add' 'add_ln559' <Predicate = true> <Delay = 0.70> <CoreInst = "Adder">   --->   Core 1 'Adder' <Latency = 0> <II = 1> <Delay = 0.70> <FuncUnit> <Opcode : 'add' 'sub'> <InPorts = 2> <OutPorts = 1>
ST_8 : Operation 87 [1/1] (0.38ns)   --->   "%br_ln548 = br void" [patchMaker.cpp:548]   --->   Operation 87 'br' 'br_ln548' <Predicate = true> <Delay = 0.38>

State 9 <SV = 4> <Delay = 1.62>
ST_9 : Operation 88 [1/1] (0.00ns)   --->   "%indvar_flatten22 = phi i7 0, void %._crit_edge.loopexit, i7 %add_ln548_1, void %.split4" [patchMaker.cpp:548]   --->   Operation 88 'phi' 'indvar_flatten22' <Predicate = true> <Delay = 0.00>
ST_9 : Operation 89 [1/1] (0.00ns)   --->   "%a_3 = phi i3 0, void %._crit_edge.loopexit, i3 %select_ln548_1, void %.split4" [patchMaker.cpp:548]   --->   Operation 89 'phi' 'a_3' <Predicate = true> <Delay = 0.00>
ST_9 : Operation 90 [1/1] (0.00ns)   --->   "%b_5 = phi i5 0, void %._crit_edge.loopexit, i5 %add_ln554, void %.split4" [patchMaker.cpp:554]   --->   Operation 90 'phi' 'b_5' <Predicate = true> <Delay = 0.00>
ST_9 : Operation 91 [1/1] (0.70ns)   --->   "%add_ln548_1 = add i7 %indvar_flatten22, i7 1" [patchMaker.cpp:548]   --->   Operation 91 'add' 'add_ln548_1' <Predicate = true> <Delay = 0.70> <CoreInst = "Adder">   --->   Core 1 'Adder' <Latency = 0> <II = 1> <Delay = 0.70> <FuncUnit> <Opcode : 'add' 'sub'> <InPorts = 2> <OutPorts = 1>
ST_9 : Operation 92 [1/1] (0.00ns)   --->   "%specpipeline_ln0 = specpipeline void @_ssdm_op_SpecPipeline, i32 4294967295, i32 0, i32 1, i32 0, void @p_str"   --->   Operation 92 'specpipeline' 'specpipeline_ln0' <Predicate = true> <Delay = 0.00>
ST_9 : Operation 93 [1/1] (0.59ns)   --->   "%icmp_ln548 = icmp_eq  i7 %indvar_flatten22, i7 80" [patchMaker.cpp:548]   --->   Operation 93 'icmp' 'icmp_ln548' <Predicate = true> <Delay = 0.59> <CoreInst = "Cmp">   --->   Core 9 'Cmp' <Latency = 0> <II = 1> <Delay = 0.58> <FuncUnit> <Opcode : 'icmp'> <InPorts = 2> <OutPorts = 1>
ST_9 : Operation 94 [1/1] (0.00ns)   --->   "%br_ln548 = br i1 %icmp_ln548, void %.split4, void" [patchMaker.cpp:548]   --->   Operation 94 'br' 'br_ln548' <Predicate = true> <Delay = 0.00>
ST_9 : Operation 95 [1/1] (0.57ns)   --->   "%add_ln548 = add i3 %a_3, i3 1" [patchMaker.cpp:548]   --->   Operation 95 'add' 'add_ln548' <Predicate = (!icmp_ln548)> <Delay = 0.57> <CoreInst = "Adder">   --->   Core 1 'Adder' <Latency = 0> <II = 1> <Delay = 0.70> <FuncUnit> <Opcode : 'add' 'sub'> <InPorts = 2> <OutPorts = 1>
ST_9 : Operation 96 [1/1] (0.63ns)   --->   "%icmp_ln554 = icmp_eq  i5 %b_5, i5 16" [patchMaker.cpp:554]   --->   Operation 96 'icmp' 'icmp_ln554' <Predicate = (!icmp_ln548)> <Delay = 0.63> <CoreInst = "Cmp">   --->   Core 9 'Cmp' <Latency = 0> <II = 1> <Delay = 0.58> <FuncUnit> <Opcode : 'icmp'> <InPorts = 2> <OutPorts = 1>
ST_9 : Operation 97 [1/1] (0.27ns)   --->   "%select_ln548 = select i1 %icmp_ln554, i5 0, i5 %b_5" [patchMaker.cpp:548]   --->   Operation 97 'select' 'select_ln548' <Predicate = (!icmp_ln548)> <Delay = 0.27> <CoreInst = "Sel">   --->   Core 73 'Sel' <Latency = 0> <II = 1> <Delay = 0.30> <FuncUnit> <Opcode : 'select'> <InPorts = 3> <OutPorts = 1>
ST_9 : Operation 98 [1/1] (0.27ns)   --->   "%select_ln548_1 = select i1 %icmp_ln554, i3 %add_ln548, i3 %a_3" [patchMaker.cpp:548]   --->   Operation 98 'select' 'select_ln548_1' <Predicate = (!icmp_ln548)> <Delay = 0.27> <CoreInst = "Sel">   --->   Core 73 'Sel' <Latency = 0> <II = 1> <Delay = 0.30> <FuncUnit> <Opcode : 'select'> <InPorts = 3> <OutPorts = 1>
ST_9 : Operation 99 [1/1] (0.70ns)   --->   "%add_ln554 = add i5 %select_ln548, i5 1" [patchMaker.cpp:554]   --->   Operation 99 'add' 'add_ln554' <Predicate = (!icmp_ln548)> <Delay = 0.70> <CoreInst = "Adder">   --->   Core 1 'Adder' <Latency = 0> <II = 1> <Delay = 0.70> <FuncUnit> <Opcode : 'add' 'sub'> <InPorts = 2> <OutPorts = 1>

State 10 <SV = 5> <Delay = 1.45>
ST_10 : Operation 100 [1/1] (0.00ns)   --->   "%zext_ln559 = zext i3 %select_ln548_1" [patchMaker.cpp:559]   --->   Operation 100 'zext' 'zext_ln559' <Predicate = (!icmp_ln548)> <Delay = 0.00>
ST_10 : Operation 101 [1/1] (0.70ns)   --->   "%add_ln559_1 = add i8 %add_ln559, i8 %zext_ln559" [patchMaker.cpp:559]   --->   Operation 101 'add' 'add_ln559_1' <Predicate = (!icmp_ln548)> <Delay = 0.70> <CoreInst = "Adder">   --->   Core 1 'Adder' <Latency = 0> <II = 1> <Delay = 0.70> <FuncUnit> <Opcode : 'add' 'sub'> <InPorts = 2> <OutPorts = 1>
ST_10 : Operation 102 [1/1] (0.00ns)   --->   "%tmp_76_cast = bitconcatenate i12 @_ssdm_op_BitConcatenate.i12.i8.i4, i8 %add_ln559_1, i4 0" [patchMaker.cpp:559]   --->   Operation 102 'bitconcatenate' 'tmp_76_cast' <Predicate = (!icmp_ln548)> <Delay = 0.00>
ST_10 : Operation 103 [1/1] (0.00ns)   --->   "%zext_ln559_1 = zext i5 %select_ln548" [patchMaker.cpp:559]   --->   Operation 103 'zext' 'zext_ln559_1' <Predicate = (!icmp_ln548)> <Delay = 0.00>
ST_10 : Operation 104 [1/1] (0.74ns)   --->   "%add_ln559_2 = add i12 %tmp_76_cast, i12 %zext_ln559_1" [patchMaker.cpp:559]   --->   Operation 104 'add' 'add_ln559_2' <Predicate = (!icmp_ln548)> <Delay = 0.74> <CoreInst = "Adder">   --->   Core 1 'Adder' <Latency = 0> <II = 1> <Delay = 0.70> <FuncUnit> <Opcode : 'add' 'sub'> <InPorts = 2> <OutPorts = 1>

State 11 <SV = 6> <Delay = 1.64>
ST_11 : Operation 105 [1/1] (0.00ns)   --->   "%specloopname_ln0 = specloopname void @_ssdm_op_SpecLoopName, void @delete_patch_perSuperpointSPLP_delete_patch_perPointSPLP_str"   --->   Operation 105 'specloopname' 'specloopname_ln0' <Predicate = (!icmp_ln548)> <Delay = 0.00>
ST_11 : Operation 106 [1/1] (0.00ns)   --->   "%empty_85 = speclooptripcount i32 @_ssdm_op_SpecLoopTripCount, i64 80, i64 80, i64 80"   --->   Operation 106 'speclooptripcount' 'empty_85' <Predicate = (!icmp_ln548)> <Delay = 0.00>
ST_11 : Operation 107 [1/1] (0.00ns)   --->   "%specpipeline_ln0 = specpipeline void @_ssdm_op_SpecPipeline, i32 4294967295, i32 0, i32 1, i32 0, void @p_str"   --->   Operation 107 'specpipeline' 'specpipeline_ln0' <Predicate = (!icmp_ln548)> <Delay = 0.00>
ST_11 : Operation 108 [1/1] (0.00ns)   --->   "%zext_ln559_2 = zext i12 %add_ln559_2" [patchMaker.cpp:559]   --->   Operation 108 'zext' 'zext_ln559_2' <Predicate = (!icmp_ln548)> <Delay = 0.00>
ST_11 : Operation 109 [1/1] (0.00ns)   --->   "%patches_superpoints_addr_3 = getelementptr i64 %patches_superpoints, i64 0, i64 %zext_ln559_2" [patchMaker.cpp:559]   --->   Operation 109 'getelementptr' 'patches_superpoints_addr_3' <Predicate = (!icmp_ln548)> <Delay = 0.00>
ST_11 : Operation 110 [1/1] (0.00ns)   --->   "%specloopname_ln554 = specloopname void @_ssdm_op_SpecLoopName, void @empty_43" [patchMaker.cpp:554]   --->   Operation 110 'specloopname' 'specloopname_ln554' <Predicate = (!icmp_ln548)> <Delay = 0.00>
ST_11 : Operation 111 [1/1] (1.64ns)   --->   "%store_ln559 = store i64 0, i12 %patches_superpoints_addr_3" [patchMaker.cpp:559]   --->   Operation 111 'store' 'store_ln559' <Predicate = (!icmp_ln548)> <Delay = 1.64> <CoreInst = "RAM">   --->   Core 83 'RAM' <Latency = 1> <II = 1> <Delay = 1.64> <Storage> <Opcode : 'load' 'store'> <Ports = 2> <Width = 64> <Depth = 2560> <RAM>
ST_11 : Operation 112 [1/1] (0.00ns)   --->   "%br_ln0 = br void"   --->   Operation 112 'br' 'br_ln0' <Predicate = (!icmp_ln548)> <Delay = 0.00>

State 12 <SV = 5> <Delay = 2.12>
ST_12 : Operation 113 [2/2] (2.12ns)   --->   "%call_ln563 = call void @delete_patch_patches_parameters, i8 %i, i8 %n_patches_read_3, i32 %patches_parameters" [patchMaker.cpp:563]   --->   Operation 113 'call' 'call_ln563' <Predicate = true> <Delay = 2.12> <CoreType = "Generic">   --->   Core 0 '' <Latency = 0> <II = 1> <Delay = 1.00> <Generic> <Opcode : >
ST_12 : Operation 114 [1/1] (0.00ns)   --->   "%write_ln574 = write void @_ssdm_op_Write.ap_auto.i8P0A, i8 %n_patches, i8 %sub" [patchMaker.cpp:574]   --->   Operation 114 'write' 'write_ln574' <Predicate = true> <Delay = 0.00>

State 13 <SV = 6> <Delay = 0.00>
ST_13 : Operation 115 [1/2] (0.00ns)   --->   "%call_ln563 = call void @delete_patch_patches_parameters, i8 %i, i8 %n_patches_read_3, i32 %patches_parameters" [patchMaker.cpp:563]   --->   Operation 115 'call' 'call_ln563' <Predicate = (!tmp_37 & icmp_ln511)> <Delay = 0.00> <CoreType = "Generic">   --->   Core 0 '' <Latency = 0> <II = 1> <Delay = 1.00> <Generic> <Opcode : >
ST_13 : Operation 116 [1/1] (0.00ns)   --->   "%br_ln575 = br void %._crit_edge" [patchMaker.cpp:575]   --->   Operation 116 'br' 'br_ln575' <Predicate = (!tmp_37 & icmp_ln511)> <Delay = 0.00>
ST_13 : Operation 117 [1/1] (0.00ns)   --->   "%ret_ln575 = ret" [patchMaker.cpp:575]   --->   Operation 117 'ret' 'ret_ln575' <Predicate = true> <Delay = 0.00>


============================================================
+ Verbose Summary: Timing violations
============================================================
Target clock period: 3ns, clock uncertainty: 0.81ns.

 <State 1>: 0.715ns
The critical path consists of the following:
	wire read on port 'n_patches_read' [7]  (0 ns)
	'add' operation ('sub') [16]  (0.705 ns)
	blocking operation 0.00987 ns on control path)

 <State 2>: 2.05ns
The critical path consists of the following:
	'icmp' operation ('empty') [17]  (0.581 ns)
	'select' operation ('umax2') [18]  (0 ns)
	'sub' operation ('sub_ln520', patchMaker.cpp:520) [19]  (0.705 ns)
	'add' operation ('add_ln520', patchMaker.cpp:520) [24]  (0.765 ns)

 <State 3>: 1.74ns
The critical path consists of the following:
	'phi' operation ('b', patchMaker.cpp:532) with incoming values : ('add_ln532', patchMaker.cpp:532) [31]  (0 ns)
	'icmp' operation ('icmp_ln532', patchMaker.cpp:532) [52]  (0.637 ns)
	'and' operation ('and_ln520', patchMaker.cpp:520) [53]  (0.122 ns)
	'or' operation ('or_ln526', patchMaker.cpp:526) [56]  (0 ns)
	'select' operation ('select_ln526', patchMaker.cpp:526) [57]  (0.278 ns)
	'add' operation ('add_ln532', patchMaker.cpp:532) [76]  (0.707 ns)

 <State 4>: 1.58ns
The critical path consists of the following:
	'add' operation ('add_ln537', patchMaker.cpp:537) [47]  (0 ns)
	'add' operation ('add_ln537_2', patchMaker.cpp:537) [61]  (0.838 ns)
	'add' operation ('add_ln537_4', patchMaker.cpp:537) [67]  (0.745 ns)

 <State 5>: 1.65ns
The critical path consists of the following:
	'getelementptr' operation ('patches_superpoints_addr', patchMaker.cpp:537) [69]  (0 ns)
	'load' operation ('patches_superpoints_load', patchMaker.cpp:537) on array 'patches_superpoints' [74]  (1.65 ns)

 <State 6>: 1.65ns
The critical path consists of the following:
	'load' operation ('patches_superpoints_load', patchMaker.cpp:537) on array 'patches_superpoints' [74]  (1.65 ns)

 <State 7>: 1.65ns
The critical path consists of the following:
	'getelementptr' operation ('patches_superpoints_addr_2', patchMaker.cpp:537) [72]  (0 ns)
	'store' operation ('store_ln537', patchMaker.cpp:537) of variable 'patches_superpoints_load', patchMaker.cpp:537 on array 'patches_superpoints' [75]  (1.65 ns)

 <State 8>: 0.705ns
The critical path consists of the following:
	'shl' operation ('shl_ln559', patchMaker.cpp:559) [81]  (0 ns)
	'add' operation ('add_ln559', patchMaker.cpp:559) [82]  (0.705 ns)

 <State 9>: 1.62ns
The critical path consists of the following:
	'phi' operation ('b', patchMaker.cpp:554) with incoming values : ('add_ln554', patchMaker.cpp:554) [87]  (0 ns)
	'icmp' operation ('icmp_ln554', patchMaker.cpp:554) [96]  (0.637 ns)
	'select' operation ('select_ln548', patchMaker.cpp:548) [97]  (0.278 ns)
	'add' operation ('add_ln554', patchMaker.cpp:554) [109]  (0.707 ns)

 <State 10>: 1.45ns
The critical path consists of the following:
	'add' operation ('add_ln559_1', patchMaker.cpp:559) [100]  (0.705 ns)
	'add' operation ('add_ln559_2', patchMaker.cpp:559) [104]  (0.745 ns)

 <State 11>: 1.65ns
The critical path consists of the following:
	'getelementptr' operation ('patches_superpoints_addr_3', patchMaker.cpp:559) [106]  (0 ns)
	'store' operation ('store_ln559', patchMaker.cpp:559) of constant 0 on array 'patches_superpoints' [108]  (1.65 ns)

 <State 12>: 2.12ns
The critical path consists of the following:
	'call' operation ('call_ln563', patchMaker.cpp:563) to 'delete_patch_patches_parameters' [112]  (2.12 ns)

 <State 13>: 0ns
The critical path consists of the following:


============================================================
+ Verbose Summary: Binding
============================================================
N/A
* FSMD analyzer results:
  - Output states:
 - Input state : 
  - Chain level:
	State 1
	State 2
	State 3
	State 4
	State 5
	State 6
	State 7
	State 8
	State 9
	State 10
	State 11
	State 12
	State 13


============================================================
+ Verbose Summary: Datapath Resource usage 
============================================================
N/A
