

================================================================
== Vitis HLS Report for 'get_acceptanceCorners'
================================================================
* Date:           Wed Jul 31 13:57:45 2024

* Version:        2020.2 (Build 3064766 on Wed Nov 18 09:12:45 MST 2020)
* Project:        PatchMaker_tanishGit
* Solution:       solutionSC4 (Vivado IP Flow Target)
* Product family: virtexuplus
* Target device:  xcvu19p-fsvb3824-2-e


================================================================
== Performance Estimates
================================================================
+ Timing: 
    * Summary: 
    +--------+---------+----------+------------+
    |  Clock |  Target | Estimated| Uncertainty|
    +--------+---------+----------+------------+
    |ap_clk  |  3.00 ns|  2.059 ns|     0.81 ns|
    +--------+---------+----------+------------+

+ Latency: 
    * Summary: 
    +---------+---------+-----------+-----------+-----+-----+---------+
    |  Latency (cycles) |   Latency (absolute)  |  Interval | Pipeline|
    |   min   |   max   |    min    |    max    | min | max |   Type  |
    +---------+---------+-----------+-----------+-----+-----+---------+
    |       27|       28|  81.000 ns|  84.000 ns|   27|   28|     none|
    +---------+---------+-----------+-----------+-----+-----+---------+

    + Detail: 
        * Instance: 
        N/A

        * Loop: 
        +---------------------------------------+---------+---------+----------+-----------+-----------+------+----------+
        |                                       |  Latency (cycles) | Iteration|  Initiation Interval  | Trip |          |
        |               Loop Name               |   min   |   max   |  Latency |  achieved |   target  | Count| Pipelined|
        +---------------------------------------+---------+---------+----------+-----------+-----------+------+----------+
        |- get_acceptanceCorners_minMaxFinding  |       12|       12|         3|          -|          -|     4|        no|
        +---------------------------------------+---------+---------+----------+-----------+-----------+------+----------+

============================================================
+ Verbose Summary: Synthesis Manager
============================================================
InlineROM: 1
ExposeGlobal: 0
============================================================
+ Verbose Summary: CDFG Model
============================================================
IsTopModel: 0
ResetActiveHigh: 1
IsCombinational: 0
IsDatapathOnly: 0
HasWiredReturn: 1
HasMFsm: 0
HasVarLatency: 1
IsPipeline: 0
IsRtlPipelined: 0
IsInstanceOverlapped: 0
IsDontTouch: 0
HasImplIP: 0
IsGatedGlobalClock: 0


============================================================
+ Verbose Summary: Schedule
============================================================
* Number of FSM states : 19
* Pipeline : 0
* Dataflow Pipeline: 0

* FSM state transitions: 
1 --> 2 
2 --> 3 
3 --> 4 6 
4 --> 5 
5 --> 3 
6 --> 7 
7 --> 8 
8 --> 9 
9 --> 10 
10 --> 11 
11 --> 12 
12 --> 13 
13 --> 14 
14 --> 15 
15 --> 16 
16 --> 17 18 
17 --> 18 
18 --> 19 
19 --> 

* FSM state operations: 

State 1 <SV = 0> <Delay = 0.60>
ST_1 : Operation 20 [1/1] (0.00ns)   --->   "%wp_parameters_addr = getelementptr i32 %wp_parameters, i64 0, i64 84" [patchMaker.cpp:236]   --->   Operation 20 'getelementptr' 'wp_parameters_addr' <Predicate = true> <Delay = 0.00>
ST_1 : Operation 21 [1/1] (0.00ns)   --->   "%wp_parameters_addr_6 = getelementptr i32 %wp_parameters, i64 0, i64 78" [patchMaker.cpp:237]   --->   Operation 21 'getelementptr' 'wp_parameters_addr_6' <Predicate = true> <Delay = 0.00>
ST_1 : Operation 22 [1/1] (0.60ns)   --->   "%store_ln236 = store i32 1, i7 %wp_parameters_addr" [patchMaker.cpp:236]   --->   Operation 22 'store' 'store_ln236' <Predicate = true> <Delay = 0.60> <CoreInst = "RAM">   --->   Core 83 'RAM' <Latency = 1> <II = 1> <Delay = 0.60> <Storage> <Opcode : 'load' 'store'> <Ports = 2> <Width = 32> <Depth = 120> <RAM>
ST_1 : Operation 23 [1/1] (0.60ns)   --->   "%store_ln237 = store i32 1, i7 %wp_parameters_addr_6" [patchMaker.cpp:237]   --->   Operation 23 'store' 'store_ln237' <Predicate = true> <Delay = 0.60> <CoreInst = "RAM">   --->   Core 83 'RAM' <Latency = 1> <II = 1> <Delay = 0.60> <Storage> <Opcode : 'load' 'store'> <Ports = 2> <Width = 32> <Depth = 120> <RAM>

State 2 <SV = 1> <Delay = 0.60>
ST_2 : Operation 24 [1/1] (0.00ns)   --->   "%wp_parameters_addr_7 = getelementptr i32 %wp_parameters, i64 0, i64 72" [patchMaker.cpp:238]   --->   Operation 24 'getelementptr' 'wp_parameters_addr_7' <Predicate = true> <Delay = 0.00>
ST_2 : Operation 25 [1/1] (0.00ns)   --->   "%wp_parameters_addr_8 = getelementptr i32 %wp_parameters, i64 0, i64 90" [patchMaker.cpp:239]   --->   Operation 25 'getelementptr' 'wp_parameters_addr_8' <Predicate = true> <Delay = 0.00>
ST_2 : Operation 26 [1/1] (0.00ns)   --->   "%wp_parameters_addr_9 = getelementptr i32 %wp_parameters, i64 0, i64 4" [patchMaker.cpp:269]   --->   Operation 26 'getelementptr' 'wp_parameters_addr_9' <Predicate = true> <Delay = 0.00>
ST_2 : Operation 27 [1/1] (0.00ns)   --->   "%wp_parameters_addr_10 = getelementptr i32 %wp_parameters, i64 0, i64 48" [patchMaker.cpp:269]   --->   Operation 27 'getelementptr' 'wp_parameters_addr_10' <Predicate = true> <Delay = 0.00>
ST_2 : Operation 28 [1/1] (0.00ns)   --->   "%wp_parameters_addr_11 = getelementptr i32 %wp_parameters, i64 0, i64 49" [patchMaker.cpp:270]   --->   Operation 28 'getelementptr' 'wp_parameters_addr_11' <Predicate = true> <Delay = 0.00>
ST_2 : Operation 29 [1/1] (0.00ns)   --->   "%wp_parameters_addr_12 = getelementptr i32 %wp_parameters, i64 0, i64 5" [patchMaker.cpp:271]   --->   Operation 29 'getelementptr' 'wp_parameters_addr_12' <Predicate = true> <Delay = 0.00>
ST_2 : Operation 30 [1/1] (0.00ns)   --->   "%wp_parameters_addr_13 = getelementptr i32 %wp_parameters, i64 0, i64 54" [patchMaker.cpp:271]   --->   Operation 30 'getelementptr' 'wp_parameters_addr_13' <Predicate = true> <Delay = 0.00>
ST_2 : Operation 31 [1/1] (0.00ns)   --->   "%wp_parameters_addr_14 = getelementptr i32 %wp_parameters, i64 0, i64 55" [patchMaker.cpp:272]   --->   Operation 31 'getelementptr' 'wp_parameters_addr_14' <Predicate = true> <Delay = 0.00>
ST_2 : Operation 32 [1/1] (0.00ns)   --->   "%wp_parameters_addr_15 = getelementptr i32 %wp_parameters, i64 0, i64 60" [patchMaker.cpp:273]   --->   Operation 32 'getelementptr' 'wp_parameters_addr_15' <Predicate = true> <Delay = 0.00>
ST_2 : Operation 33 [1/1] (0.00ns)   --->   "%wp_parameters_addr_16 = getelementptr i32 %wp_parameters, i64 0, i64 61" [patchMaker.cpp:274]   --->   Operation 33 'getelementptr' 'wp_parameters_addr_16' <Predicate = true> <Delay = 0.00>
ST_2 : Operation 34 [1/1] (0.00ns)   --->   "%wp_parameters_addr_17 = getelementptr i32 %wp_parameters, i64 0, i64 66" [patchMaker.cpp:275]   --->   Operation 34 'getelementptr' 'wp_parameters_addr_17' <Predicate = true> <Delay = 0.00>
ST_2 : Operation 35 [1/1] (0.00ns)   --->   "%wp_parameters_addr_18 = getelementptr i32 %wp_parameters, i64 0, i64 67" [patchMaker.cpp:276]   --->   Operation 35 'getelementptr' 'wp_parameters_addr_18' <Predicate = true> <Delay = 0.00>
ST_2 : Operation 36 [1/1] (0.00ns)   --->   "%wp_parameters_addr_19 = getelementptr i32 %wp_parameters, i64 0, i64 18"   --->   Operation 36 'getelementptr' 'wp_parameters_addr_19' <Predicate = true> <Delay = 0.00>
ST_2 : Operation 37 [1/1] (0.00ns)   --->   "%wp_parameters_addr_24 = getelementptr i32 %wp_parameters, i64 0, i64 19"   --->   Operation 37 'getelementptr' 'wp_parameters_addr_24' <Predicate = true> <Delay = 0.00>
ST_2 : Operation 38 [1/1] (0.00ns)   --->   "%wp_parameters_addr_25 = getelementptr i32 %wp_parameters, i64 0, i64 20"   --->   Operation 38 'getelementptr' 'wp_parameters_addr_25' <Predicate = true> <Delay = 0.00>
ST_2 : Operation 39 [1/1] (0.00ns)   --->   "%wp_parameters_addr_26 = getelementptr i32 %wp_parameters, i64 0, i64 21"   --->   Operation 39 'getelementptr' 'wp_parameters_addr_26' <Predicate = true> <Delay = 0.00>
ST_2 : Operation 40 [1/1] (0.60ns)   --->   "%store_ln238 = store i32 1, i7 %wp_parameters_addr_7" [patchMaker.cpp:238]   --->   Operation 40 'store' 'store_ln238' <Predicate = true> <Delay = 0.60> <CoreInst = "RAM">   --->   Core 83 'RAM' <Latency = 1> <II = 1> <Delay = 0.60> <Storage> <Opcode : 'load' 'store'> <Ports = 2> <Width = 32> <Depth = 120> <RAM>
ST_2 : Operation 41 [1/1] (0.60ns)   --->   "%store_ln239 = store i32 0, i7 %wp_parameters_addr_8" [patchMaker.cpp:239]   --->   Operation 41 'store' 'store_ln239' <Predicate = true> <Delay = 0.60> <CoreInst = "RAM">   --->   Core 83 'RAM' <Latency = 1> <II = 1> <Delay = 0.60> <Storage> <Opcode : 'load' 'store'> <Ports = 2> <Width = 32> <Depth = 120> <RAM>
ST_2 : Operation 42 [1/1] (0.38ns)   --->   "%br_ln248 = br void" [patchMaker.cpp:248]   --->   Operation 42 'br' 'br_ln248' <Predicate = true> <Delay = 0.38>

State 3 <SV = 2> <Delay = 1.41>
ST_3 : Operation 43 [1/1] (0.00ns)   --->   "%i = phi i3 0, void, i3 %add_ln248, void %.split" [patchMaker.cpp:248]   --->   Operation 43 'phi' 'i' <Predicate = true> <Delay = 0.00>
ST_3 : Operation 44 [1/1] (0.00ns)   --->   "%d_corner_max_V = phi i32 4194967296, void, i32 %d_corner_max_V_2, void %.split"   --->   Operation 44 'phi' 'd_corner_max_V' <Predicate = true> <Delay = 0.00>
ST_3 : Operation 45 [1/1] (0.00ns)   --->   "%c_corner_max_V = phi i32 4194967296, void, i32 %c_corner_max_V_1, void %.split"   --->   Operation 45 'phi' 'c_corner_max_V' <Predicate = true> <Delay = 0.00>
ST_3 : Operation 46 [1/1] (0.00ns)   --->   "%b_corner_min_V = phi i32 100000000, void, i32 %b_corner_min_V_2, void %.split"   --->   Operation 46 'phi' 'b_corner_min_V' <Predicate = true> <Delay = 0.00>
ST_3 : Operation 47 [1/1] (0.00ns)   --->   "%a_corner_min_V = phi i32 100000000, void, i32 %a_corner_min_V_1, void %.split"   --->   Operation 47 'phi' 'a_corner_min_V' <Predicate = true> <Delay = 0.00>
ST_3 : Operation 48 [1/1] (0.57ns)   --->   "%add_ln248 = add i3 %i, i3 1" [patchMaker.cpp:248]   --->   Operation 48 'add' 'add_ln248' <Predicate = true> <Delay = 0.57> <CoreInst = "Adder">   --->   Core 1 'Adder' <Latency = 0> <II = 1> <Delay = 0.70> <FuncUnit> <Opcode : 'add' 'sub'> <InPorts = 2> <OutPorts = 1>
ST_3 : Operation 49 [1/1] (0.00ns)   --->   "%tmp = bitconcatenate i6 @_ssdm_op_BitConcatenate.i6.i3.i3, i3 %i, i3 0"   --->   Operation 49 'bitconcatenate' 'tmp' <Predicate = true> <Delay = 0.00>
ST_3 : Operation 50 [1/1] (0.00ns)   --->   "%zext_ln878 = zext i6 %tmp"   --->   Operation 50 'zext' 'zext_ln878' <Predicate = true> <Delay = 0.00>
ST_3 : Operation 51 [1/1] (0.00ns)   --->   "%tmp_s = bitconcatenate i4 @_ssdm_op_BitConcatenate.i4.i3.i1, i3 %i, i1 0"   --->   Operation 51 'bitconcatenate' 'tmp_s' <Predicate = true> <Delay = 0.00>
ST_3 : Operation 52 [1/1] (0.00ns)   --->   "%zext_ln878_1 = zext i4 %tmp_s"   --->   Operation 52 'zext' 'zext_ln878_1' <Predicate = true> <Delay = 0.00>
ST_3 : Operation 53 [1/1] (0.70ns)   --->   "%sub_ln878 = sub i7 %zext_ln878, i7 %zext_ln878_1"   --->   Operation 53 'sub' 'sub_ln878' <Predicate = true> <Delay = 0.70> <CoreInst = "Adder">   --->   Core 1 'Adder' <Latency = 0> <II = 1> <Delay = 0.70> <FuncUnit> <Opcode : 'add' 'sub'> <InPorts = 2> <OutPorts = 1>
ST_3 : Operation 54 [1/1] (0.00ns)   --->   "%sext_ln878 = sext i7 %sub_ln878"   --->   Operation 54 'sext' 'sext_ln878' <Predicate = true> <Delay = 0.00>
ST_3 : Operation 55 [1/1] (0.00ns)   --->   "%wp_parameters_addr_20 = getelementptr i32 %wp_parameters, i64 0, i64 %sext_ln878"   --->   Operation 55 'getelementptr' 'wp_parameters_addr_20' <Predicate = true> <Delay = 0.00>
ST_3 : Operation 56 [1/1] (0.00ns)   --->   "%or_ln878 = or i7 %sub_ln878, i7 1"   --->   Operation 56 'or' 'or_ln878' <Predicate = true> <Delay = 0.00>
ST_3 : Operation 57 [1/1] (0.00ns)   --->   "%sext_ln878_1 = sext i7 %or_ln878"   --->   Operation 57 'sext' 'sext_ln878_1' <Predicate = true> <Delay = 0.00>
ST_3 : Operation 58 [1/1] (0.00ns)   --->   "%wp_parameters_addr_21 = getelementptr i32 %wp_parameters, i64 0, i64 %sext_ln878_1"   --->   Operation 58 'getelementptr' 'wp_parameters_addr_21' <Predicate = true> <Delay = 0.00>
ST_3 : Operation 59 [1/1] (0.70ns)   --->   "%add_ln886 = add i7 %sub_ln878, i7 2"   --->   Operation 59 'add' 'add_ln886' <Predicate = true> <Delay = 0.70> <CoreInst = "Adder">   --->   Core 1 'Adder' <Latency = 0> <II = 1> <Delay = 0.70> <FuncUnit> <Opcode : 'add' 'sub'> <InPorts = 2> <OutPorts = 1>
ST_3 : Operation 60 [1/1] (0.00ns)   --->   "%zext_ln886 = zext i7 %add_ln886"   --->   Operation 60 'zext' 'zext_ln886' <Predicate = true> <Delay = 0.00>
ST_3 : Operation 61 [1/1] (0.00ns)   --->   "%wp_parameters_addr_22 = getelementptr i32 %wp_parameters, i64 0, i64 %zext_ln886"   --->   Operation 61 'getelementptr' 'wp_parameters_addr_22' <Predicate = true> <Delay = 0.00>
ST_3 : Operation 62 [1/1] (0.70ns)   --->   "%add_ln886_1 = add i7 %sub_ln878, i7 3"   --->   Operation 62 'add' 'add_ln886_1' <Predicate = true> <Delay = 0.70> <CoreInst = "Adder">   --->   Core 1 'Adder' <Latency = 0> <II = 1> <Delay = 0.70> <FuncUnit> <Opcode : 'add' 'sub'> <InPorts = 2> <OutPorts = 1>
ST_3 : Operation 63 [1/1] (0.00ns)   --->   "%zext_ln886_1 = zext i7 %add_ln886_1"   --->   Operation 63 'zext' 'zext_ln886_1' <Predicate = true> <Delay = 0.00>
ST_3 : Operation 64 [1/1] (0.00ns)   --->   "%wp_parameters_addr_23 = getelementptr i32 %wp_parameters, i64 0, i64 %zext_ln886_1"   --->   Operation 64 'getelementptr' 'wp_parameters_addr_23' <Predicate = true> <Delay = 0.00>
ST_3 : Operation 65 [1/1] (0.49ns)   --->   "%icmp_ln248 = icmp_eq  i3 %i, i3 4" [patchMaker.cpp:248]   --->   Operation 65 'icmp' 'icmp_ln248' <Predicate = true> <Delay = 0.49> <CoreInst = "Cmp">   --->   Core 9 'Cmp' <Latency = 0> <II = 1> <Delay = 0.85> <FuncUnit> <Opcode : 'icmp'> <InPorts = 2> <OutPorts = 1>
ST_3 : Operation 66 [1/1] (0.00ns)   --->   "%empty = speclooptripcount i32 @_ssdm_op_SpecLoopTripCount, i64 4, i64 4, i64 4"   --->   Operation 66 'speclooptripcount' 'empty' <Predicate = true> <Delay = 0.00>
ST_3 : Operation 67 [1/1] (0.00ns)   --->   "%br_ln248 = br i1 %icmp_ln248, void %.split, void" [patchMaker.cpp:248]   --->   Operation 67 'br' 'br_ln248' <Predicate = true> <Delay = 0.00>
ST_3 : Operation 68 [2/2] (0.60ns)   --->   "%wp_parameters_load_3 = load i7 %wp_parameters_addr_20"   --->   Operation 68 'load' 'wp_parameters_load_3' <Predicate = (!icmp_ln248)> <Delay = 0.60> <CoreInst = "RAM">   --->   Core 83 'RAM' <Latency = 1> <II = 1> <Delay = 0.60> <Storage> <Opcode : 'load' 'store'> <Ports = 2> <Width = 32> <Depth = 120> <RAM>
ST_3 : Operation 69 [2/2] (0.60ns)   --->   "%b_corner_min_V_1 = load i7 %wp_parameters_addr_21"   --->   Operation 69 'load' 'b_corner_min_V_1' <Predicate = (!icmp_ln248)> <Delay = 0.60> <CoreInst = "RAM">   --->   Core 83 'RAM' <Latency = 1> <II = 1> <Delay = 0.60> <Storage> <Opcode : 'load' 'store'> <Ports = 2> <Width = 32> <Depth = 120> <RAM>
ST_3 : Operation 70 [2/2] (0.60ns)   --->   "%wp_parameters_load = load i7 %wp_parameters_addr_9" [patchMaker.cpp:269]   --->   Operation 70 'load' 'wp_parameters_load' <Predicate = (icmp_ln248)> <Delay = 0.60> <CoreInst = "RAM">   --->   Core 83 'RAM' <Latency = 1> <II = 1> <Delay = 0.60> <Storage> <Opcode : 'load' 'store'> <Ports = 2> <Width = 32> <Depth = 120> <RAM>
ST_3 : Operation 71 [2/2] (0.60ns)   --->   "%wp_parameters_load_1 = load i7 %wp_parameters_addr_12" [patchMaker.cpp:271]   --->   Operation 71 'load' 'wp_parameters_load_1' <Predicate = (icmp_ln248)> <Delay = 0.60> <CoreInst = "RAM">   --->   Core 83 'RAM' <Latency = 1> <II = 1> <Delay = 0.60> <Storage> <Opcode : 'load' 'store'> <Ports = 2> <Width = 32> <Depth = 120> <RAM>

State 4 <SV = 3> <Delay = 1.68>
ST_4 : Operation 72 [1/2] (0.60ns)   --->   "%wp_parameters_load_3 = load i7 %wp_parameters_addr_20"   --->   Operation 72 'load' 'wp_parameters_load_3' <Predicate = true> <Delay = 0.60> <CoreInst = "RAM">   --->   Core 83 'RAM' <Latency = 1> <II = 1> <Delay = 0.60> <Storage> <Opcode : 'load' 'store'> <Ports = 2> <Width = 32> <Depth = 120> <RAM>
ST_4 : Operation 73 [1/1] (0.85ns)   --->   "%icmp_ln878 = icmp_slt  i32 %wp_parameters_load_3, i32 %a_corner_min_V"   --->   Operation 73 'icmp' 'icmp_ln878' <Predicate = true> <Delay = 0.85> <CoreInst = "Cmp">   --->   Core 9 'Cmp' <Latency = 0> <II = 1> <Delay = 0.85> <FuncUnit> <Opcode : 'icmp'> <InPorts = 2> <OutPorts = 1>
ST_4 : Operation 74 [1/1] (0.22ns)   --->   "%a_corner_min_V_1 = select i1 %icmp_ln878, i32 %wp_parameters_load_3, i32 %a_corner_min_V" [patchMaker.cpp:250]   --->   Operation 74 'select' 'a_corner_min_V_1' <Predicate = true> <Delay = 0.22> <CoreInst = "Sel">   --->   Core 73 'Sel' <Latency = 0> <II = 1> <Delay = 0.22> <FuncUnit> <Opcode : 'select'> <InPorts = 3> <OutPorts = 1>
ST_4 : Operation 75 [1/2] (0.60ns)   --->   "%b_corner_min_V_1 = load i7 %wp_parameters_addr_21"   --->   Operation 75 'load' 'b_corner_min_V_1' <Predicate = true> <Delay = 0.60> <CoreInst = "RAM">   --->   Core 83 'RAM' <Latency = 1> <II = 1> <Delay = 0.60> <Storage> <Opcode : 'load' 'store'> <Ports = 2> <Width = 32> <Depth = 120> <RAM>
ST_4 : Operation 76 [1/1] (0.85ns)   --->   "%icmp_ln878_9 = icmp_slt  i32 %b_corner_min_V_1, i32 %b_corner_min_V"   --->   Operation 76 'icmp' 'icmp_ln878_9' <Predicate = true> <Delay = 0.85> <CoreInst = "Cmp">   --->   Core 9 'Cmp' <Latency = 0> <II = 1> <Delay = 0.85> <FuncUnit> <Opcode : 'icmp'> <InPorts = 2> <OutPorts = 1>
ST_4 : Operation 77 [1/1] (0.22ns)   --->   "%b_corner_min_V_2 = select i1 %icmp_ln878_9, i32 %b_corner_min_V_1, i32 %b_corner_min_V" [patchMaker.cpp:254]   --->   Operation 77 'select' 'b_corner_min_V_2' <Predicate = true> <Delay = 0.22> <CoreInst = "Sel">   --->   Core 73 'Sel' <Latency = 0> <II = 1> <Delay = 0.22> <FuncUnit> <Opcode : 'select'> <InPorts = 3> <OutPorts = 1>
ST_4 : Operation 78 [2/2] (0.60ns)   --->   "%wp_parameters_load_5 = load i7 %wp_parameters_addr_22"   --->   Operation 78 'load' 'wp_parameters_load_5' <Predicate = true> <Delay = 0.60> <CoreInst = "RAM">   --->   Core 83 'RAM' <Latency = 1> <II = 1> <Delay = 0.60> <Storage> <Opcode : 'load' 'store'> <Ports = 2> <Width = 32> <Depth = 120> <RAM>
ST_4 : Operation 79 [2/2] (0.60ns)   --->   "%d_corner_max_V_1 = load i7 %wp_parameters_addr_23"   --->   Operation 79 'load' 'd_corner_max_V_1' <Predicate = true> <Delay = 0.60> <CoreInst = "RAM">   --->   Core 83 'RAM' <Latency = 1> <II = 1> <Delay = 0.60> <Storage> <Opcode : 'load' 'store'> <Ports = 2> <Width = 32> <Depth = 120> <RAM>

State 5 <SV = 4> <Delay = 1.68>
ST_5 : Operation 80 [1/1] (0.00ns)   --->   "%specloopname_ln241 = specloopname void @_ssdm_op_SpecLoopName, void @empty_41" [patchMaker.cpp:241]   --->   Operation 80 'specloopname' 'specloopname_ln241' <Predicate = true> <Delay = 0.00>
ST_5 : Operation 81 [1/2] (0.60ns)   --->   "%wp_parameters_load_5 = load i7 %wp_parameters_addr_22"   --->   Operation 81 'load' 'wp_parameters_load_5' <Predicate = true> <Delay = 0.60> <CoreInst = "RAM">   --->   Core 83 'RAM' <Latency = 1> <II = 1> <Delay = 0.60> <Storage> <Opcode : 'load' 'store'> <Ports = 2> <Width = 32> <Depth = 120> <RAM>
ST_5 : Operation 82 [1/1] (0.85ns)   --->   "%icmp_ln886 = icmp_sgt  i32 %wp_parameters_load_5, i32 %c_corner_max_V"   --->   Operation 82 'icmp' 'icmp_ln886' <Predicate = true> <Delay = 0.85> <CoreInst = "Cmp">   --->   Core 9 'Cmp' <Latency = 0> <II = 1> <Delay = 0.85> <FuncUnit> <Opcode : 'icmp'> <InPorts = 2> <OutPorts = 1>
ST_5 : Operation 83 [1/1] (0.22ns)   --->   "%c_corner_max_V_1 = select i1 %icmp_ln886, i32 %wp_parameters_load_5, i32 %c_corner_max_V" [patchMaker.cpp:258]   --->   Operation 83 'select' 'c_corner_max_V_1' <Predicate = true> <Delay = 0.22> <CoreInst = "Sel">   --->   Core 73 'Sel' <Latency = 0> <II = 1> <Delay = 0.22> <FuncUnit> <Opcode : 'select'> <InPorts = 3> <OutPorts = 1>
ST_5 : Operation 84 [1/2] (0.60ns)   --->   "%d_corner_max_V_1 = load i7 %wp_parameters_addr_23"   --->   Operation 84 'load' 'd_corner_max_V_1' <Predicate = true> <Delay = 0.60> <CoreInst = "RAM">   --->   Core 83 'RAM' <Latency = 1> <II = 1> <Delay = 0.60> <Storage> <Opcode : 'load' 'store'> <Ports = 2> <Width = 32> <Depth = 120> <RAM>
ST_5 : Operation 85 [1/1] (0.85ns)   --->   "%icmp_ln886_7 = icmp_sgt  i32 %d_corner_max_V_1, i32 %d_corner_max_V"   --->   Operation 85 'icmp' 'icmp_ln886_7' <Predicate = true> <Delay = 0.85> <CoreInst = "Cmp">   --->   Core 9 'Cmp' <Latency = 0> <II = 1> <Delay = 0.85> <FuncUnit> <Opcode : 'icmp'> <InPorts = 2> <OutPorts = 1>
ST_5 : Operation 86 [1/1] (0.22ns)   --->   "%d_corner_max_V_2 = select i1 %icmp_ln886_7, i32 %d_corner_max_V_1, i32 %d_corner_max_V" [patchMaker.cpp:262]   --->   Operation 86 'select' 'd_corner_max_V_2' <Predicate = true> <Delay = 0.22> <CoreInst = "Sel">   --->   Core 73 'Sel' <Latency = 0> <II = 1> <Delay = 0.22> <FuncUnit> <Opcode : 'select'> <InPorts = 3> <OutPorts = 1>
ST_5 : Operation 87 [1/1] (0.00ns)   --->   "%br_ln0 = br void"   --->   Operation 87 'br' 'br_ln0' <Predicate = true> <Delay = 0.00>

State 6 <SV = 3> <Delay = 0.60>
ST_6 : Operation 88 [1/2] (0.60ns)   --->   "%wp_parameters_load = load i7 %wp_parameters_addr_9" [patchMaker.cpp:269]   --->   Operation 88 'load' 'wp_parameters_load' <Predicate = true> <Delay = 0.60> <CoreInst = "RAM">   --->   Core 83 'RAM' <Latency = 1> <II = 1> <Delay = 0.60> <Storage> <Opcode : 'load' 'store'> <Ports = 2> <Width = 32> <Depth = 120> <RAM>
ST_6 : Operation 89 [1/1] (0.60ns)   --->   "%store_ln270 = store i32 %a_corner_min_V, i7 %wp_parameters_addr_11" [patchMaker.cpp:270]   --->   Operation 89 'store' 'store_ln270' <Predicate = true> <Delay = 0.60> <CoreInst = "RAM">   --->   Core 83 'RAM' <Latency = 1> <II = 1> <Delay = 0.60> <Storage> <Opcode : 'load' 'store'> <Ports = 2> <Width = 32> <Depth = 120> <RAM>
ST_6 : Operation 90 [1/2] (0.60ns)   --->   "%wp_parameters_load_1 = load i7 %wp_parameters_addr_12" [patchMaker.cpp:271]   --->   Operation 90 'load' 'wp_parameters_load_1' <Predicate = true> <Delay = 0.60> <CoreInst = "RAM">   --->   Core 83 'RAM' <Latency = 1> <II = 1> <Delay = 0.60> <Storage> <Opcode : 'load' 'store'> <Ports = 2> <Width = 32> <Depth = 120> <RAM>
ST_6 : Operation 91 [2/2] (0.60ns)   --->   "%wp_parameters_load_2 = load i7 %wp_parameters_addr_19"   --->   Operation 91 'load' 'wp_parameters_load_2' <Predicate = true> <Delay = 0.60> <CoreInst = "RAM">   --->   Core 83 'RAM' <Latency = 1> <II = 1> <Delay = 0.60> <Storage> <Opcode : 'load' 'store'> <Ports = 2> <Width = 32> <Depth = 120> <RAM>

State 7 <SV = 4> <Delay = 1.45>
ST_7 : Operation 92 [1/1] (0.60ns)   --->   "%store_ln272 = store i32 %b_corner_min_V, i7 %wp_parameters_addr_14" [patchMaker.cpp:272]   --->   Operation 92 'store' 'store_ln272' <Predicate = true> <Delay = 0.60> <CoreInst = "RAM">   --->   Core 83 'RAM' <Latency = 1> <II = 1> <Delay = 0.60> <Storage> <Opcode : 'load' 'store'> <Ports = 2> <Width = 32> <Depth = 120> <RAM>
ST_7 : Operation 93 [1/1] (0.60ns)   --->   "%store_ln274 = store i32 %c_corner_max_V, i7 %wp_parameters_addr_16" [patchMaker.cpp:274]   --->   Operation 93 'store' 'store_ln274' <Predicate = true> <Delay = 0.60> <CoreInst = "RAM">   --->   Core 83 'RAM' <Latency = 1> <II = 1> <Delay = 0.60> <Storage> <Opcode : 'load' 'store'> <Ports = 2> <Width = 32> <Depth = 120> <RAM>
ST_7 : Operation 94 [1/2] (0.60ns)   --->   "%wp_parameters_load_2 = load i7 %wp_parameters_addr_19"   --->   Operation 94 'load' 'wp_parameters_load_2' <Predicate = true> <Delay = 0.60> <CoreInst = "RAM">   --->   Core 83 'RAM' <Latency = 1> <II = 1> <Delay = 0.60> <Storage> <Opcode : 'load' 'store'> <Ports = 2> <Width = 32> <Depth = 120> <RAM>
ST_7 : Operation 95 [1/1] (0.85ns)   --->   "%icmp_ln874 = icmp_eq  i32 %a_corner_min_V, i32 %wp_parameters_load_2"   --->   Operation 95 'icmp' 'icmp_ln874' <Predicate = true> <Delay = 0.85> <CoreInst = "Cmp">   --->   Core 9 'Cmp' <Latency = 0> <II = 1> <Delay = 0.85> <FuncUnit> <Opcode : 'icmp'> <InPorts = 2> <OutPorts = 1>

State 8 <SV = 5> <Delay = 0.60>
ST_8 : Operation 96 [1/1] (0.60ns)   --->   "%store_ln269 = store i32 %wp_parameters_load, i7 %wp_parameters_addr_10" [patchMaker.cpp:269]   --->   Operation 96 'store' 'store_ln269' <Predicate = true> <Delay = 0.60> <CoreInst = "RAM">   --->   Core 83 'RAM' <Latency = 1> <II = 1> <Delay = 0.60> <Storage> <Opcode : 'load' 'store'> <Ports = 2> <Width = 32> <Depth = 120> <RAM>
ST_8 : Operation 97 [1/1] (0.60ns)   --->   "%store_ln276 = store i32 %d_corner_max_V, i7 %wp_parameters_addr_18" [patchMaker.cpp:276]   --->   Operation 97 'store' 'store_ln276' <Predicate = true> <Delay = 0.60> <CoreInst = "RAM">   --->   Core 83 'RAM' <Latency = 1> <II = 1> <Delay = 0.60> <Storage> <Opcode : 'load' 'store'> <Ports = 2> <Width = 32> <Depth = 120> <RAM>

State 9 <SV = 6> <Delay = 0.60>
ST_9 : Operation 98 [1/1] (0.60ns)   --->   "%store_ln271 = store i32 %wp_parameters_load_1, i7 %wp_parameters_addr_13" [patchMaker.cpp:271]   --->   Operation 98 'store' 'store_ln271' <Predicate = true> <Delay = 0.60> <CoreInst = "RAM">   --->   Core 83 'RAM' <Latency = 1> <II = 1> <Delay = 0.60> <Storage> <Opcode : 'load' 'store'> <Ports = 2> <Width = 32> <Depth = 120> <RAM>
ST_9 : Operation 99 [1/1] (0.60ns)   --->   "%store_ln273 = store i32 %wp_parameters_load, i7 %wp_parameters_addr_15" [patchMaker.cpp:273]   --->   Operation 99 'store' 'store_ln273' <Predicate = true> <Delay = 0.60> <CoreInst = "RAM">   --->   Core 83 'RAM' <Latency = 1> <II = 1> <Delay = 0.60> <Storage> <Opcode : 'load' 'store'> <Ports = 2> <Width = 32> <Depth = 120> <RAM>

State 10 <SV = 7> <Delay = 0.60>
ST_10 : Operation 100 [1/1] (0.60ns)   --->   "%store_ln275 = store i32 %wp_parameters_load_1, i7 %wp_parameters_addr_17" [patchMaker.cpp:275]   --->   Operation 100 'store' 'store_ln275' <Predicate = true> <Delay = 0.60> <CoreInst = "RAM">   --->   Core 83 'RAM' <Latency = 1> <II = 1> <Delay = 0.60> <Storage> <Opcode : 'load' 'store'> <Ports = 2> <Width = 32> <Depth = 120> <RAM>
ST_10 : Operation 101 [1/1] (0.00ns)   --->   "%br_ln279 = br i1 %icmp_ln874, void, void %._crit_edge" [patchMaker.cpp:279]   --->   Operation 101 'br' 'br_ln279' <Predicate = true> <Delay = 0.00>
ST_10 : Operation 102 [1/1] (0.60ns)   --->   "%store_ln281 = store i32 0, i7 %wp_parameters_addr" [patchMaker.cpp:281]   --->   Operation 102 'store' 'store_ln281' <Predicate = (!icmp_ln874)> <Delay = 0.60> <CoreInst = "RAM">   --->   Core 83 'RAM' <Latency = 1> <II = 1> <Delay = 0.60> <Storage> <Opcode : 'load' 'store'> <Ports = 2> <Width = 32> <Depth = 120> <RAM>

State 11 <SV = 8> <Delay = 0.60>
ST_11 : Operation 103 [1/1] (0.60ns)   --->   "%store_ln282 = store i32 0, i7 %wp_parameters_addr_6" [patchMaker.cpp:282]   --->   Operation 103 'store' 'store_ln282' <Predicate = (!icmp_ln874)> <Delay = 0.60> <CoreInst = "RAM">   --->   Core 83 'RAM' <Latency = 1> <II = 1> <Delay = 0.60> <Storage> <Opcode : 'load' 'store'> <Ports = 2> <Width = 32> <Depth = 120> <RAM>
ST_11 : Operation 104 [1/1] (0.00ns)   --->   "%br_ln283 = br void %._crit_edge" [patchMaker.cpp:283]   --->   Operation 104 'br' 'br_ln283' <Predicate = (!icmp_ln874)> <Delay = 0.00>
ST_11 : Operation 105 [2/2] (0.60ns)   --->   "%wp_parameters_load_7 = load i7 %wp_parameters_addr_24"   --->   Operation 105 'load' 'wp_parameters_load_7' <Predicate = true> <Delay = 0.60> <CoreInst = "RAM">   --->   Core 83 'RAM' <Latency = 1> <II = 1> <Delay = 0.60> <Storage> <Opcode : 'load' 'store'> <Ports = 2> <Width = 32> <Depth = 120> <RAM>

State 12 <SV = 9> <Delay = 2.05>
ST_12 : Operation 106 [1/2] (0.60ns)   --->   "%wp_parameters_load_7 = load i7 %wp_parameters_addr_24"   --->   Operation 106 'load' 'wp_parameters_load_7' <Predicate = true> <Delay = 0.60> <CoreInst = "RAM">   --->   Core 83 'RAM' <Latency = 1> <II = 1> <Delay = 0.60> <Storage> <Opcode : 'load' 'store'> <Ports = 2> <Width = 32> <Depth = 120> <RAM>
ST_12 : Operation 107 [1/1] (0.85ns)   --->   "%icmp_ln874_1 = icmp_eq  i32 %b_corner_min_V, i32 %wp_parameters_load_7"   --->   Operation 107 'icmp' 'icmp_ln874_1' <Predicate = true> <Delay = 0.85> <CoreInst = "Cmp">   --->   Core 9 'Cmp' <Latency = 0> <II = 1> <Delay = 0.85> <FuncUnit> <Opcode : 'icmp'> <InPorts = 2> <OutPorts = 1>
ST_12 : Operation 108 [1/1] (0.00ns)   --->   "%br_ln284 = br i1 %icmp_ln874_1, void, void %._crit_edge1" [patchMaker.cpp:284]   --->   Operation 108 'br' 'br_ln284' <Predicate = true> <Delay = 0.00>
ST_12 : Operation 109 [1/1] (0.60ns)   --->   "%store_ln286 = store i32 0, i7 %wp_parameters_addr" [patchMaker.cpp:286]   --->   Operation 109 'store' 'store_ln286' <Predicate = (!icmp_ln874_1)> <Delay = 0.60> <CoreInst = "RAM">   --->   Core 83 'RAM' <Latency = 1> <II = 1> <Delay = 0.60> <Storage> <Opcode : 'load' 'store'> <Ports = 2> <Width = 32> <Depth = 120> <RAM>
ST_12 : Operation 110 [1/1] (0.60ns)   --->   "%store_ln287 = store i32 0, i7 %wp_parameters_addr_6" [patchMaker.cpp:287]   --->   Operation 110 'store' 'store_ln287' <Predicate = (!icmp_ln874_1)> <Delay = 0.60> <CoreInst = "RAM">   --->   Core 83 'RAM' <Latency = 1> <II = 1> <Delay = 0.60> <Storage> <Opcode : 'load' 'store'> <Ports = 2> <Width = 32> <Depth = 120> <RAM>
ST_12 : Operation 111 [1/1] (0.00ns)   --->   "%br_ln288 = br void %._crit_edge1" [patchMaker.cpp:288]   --->   Operation 111 'br' 'br_ln288' <Predicate = (!icmp_ln874_1)> <Delay = 0.00>

State 13 <SV = 10> <Delay = 0.60>
ST_13 : Operation 112 [2/2] (0.60ns)   --->   "%wp_parameters_load_8 = load i7 %wp_parameters_addr_25"   --->   Operation 112 'load' 'wp_parameters_load_8' <Predicate = true> <Delay = 0.60> <CoreInst = "RAM">   --->   Core 83 'RAM' <Latency = 1> <II = 1> <Delay = 0.60> <Storage> <Opcode : 'load' 'store'> <Ports = 2> <Width = 32> <Depth = 120> <RAM>

State 14 <SV = 11> <Delay = 2.05>
ST_14 : Operation 113 [1/2] (0.60ns)   --->   "%wp_parameters_load_8 = load i7 %wp_parameters_addr_25"   --->   Operation 113 'load' 'wp_parameters_load_8' <Predicate = true> <Delay = 0.60> <CoreInst = "RAM">   --->   Core 83 'RAM' <Latency = 1> <II = 1> <Delay = 0.60> <Storage> <Opcode : 'load' 'store'> <Ports = 2> <Width = 32> <Depth = 120> <RAM>
ST_14 : Operation 114 [1/1] (0.85ns)   --->   "%icmp_ln874_2 = icmp_eq  i32 %c_corner_max_V, i32 %wp_parameters_load_8"   --->   Operation 114 'icmp' 'icmp_ln874_2' <Predicate = true> <Delay = 0.85> <CoreInst = "Cmp">   --->   Core 9 'Cmp' <Latency = 0> <II = 1> <Delay = 0.85> <FuncUnit> <Opcode : 'icmp'> <InPorts = 2> <OutPorts = 1>
ST_14 : Operation 115 [1/1] (0.00ns)   --->   "%br_ln289 = br i1 %icmp_ln874_2, void, void %._crit_edge2" [patchMaker.cpp:289]   --->   Operation 115 'br' 'br_ln289' <Predicate = true> <Delay = 0.00>
ST_14 : Operation 116 [1/1] (0.60ns)   --->   "%store_ln291 = store i32 0, i7 %wp_parameters_addr" [patchMaker.cpp:291]   --->   Operation 116 'store' 'store_ln291' <Predicate = (!icmp_ln874_2)> <Delay = 0.60> <CoreInst = "RAM">   --->   Core 83 'RAM' <Latency = 1> <II = 1> <Delay = 0.60> <Storage> <Opcode : 'load' 'store'> <Ports = 2> <Width = 32> <Depth = 120> <RAM>
ST_14 : Operation 117 [1/1] (0.60ns)   --->   "%store_ln292 = store i32 0, i7 %wp_parameters_addr_7" [patchMaker.cpp:292]   --->   Operation 117 'store' 'store_ln292' <Predicate = (!icmp_ln874_2)> <Delay = 0.60> <CoreInst = "RAM">   --->   Core 83 'RAM' <Latency = 1> <II = 1> <Delay = 0.60> <Storage> <Opcode : 'load' 'store'> <Ports = 2> <Width = 32> <Depth = 120> <RAM>
ST_14 : Operation 118 [1/1] (0.00ns)   --->   "%br_ln293 = br void %._crit_edge2" [patchMaker.cpp:293]   --->   Operation 118 'br' 'br_ln293' <Predicate = (!icmp_ln874_2)> <Delay = 0.00>

State 15 <SV = 12> <Delay = 0.60>
ST_15 : Operation 119 [2/2] (0.60ns)   --->   "%wp_parameters_load_9 = load i7 %wp_parameters_addr_26"   --->   Operation 119 'load' 'wp_parameters_load_9' <Predicate = true> <Delay = 0.60> <CoreInst = "RAM">   --->   Core 83 'RAM' <Latency = 1> <II = 1> <Delay = 0.60> <Storage> <Opcode : 'load' 'store'> <Ports = 2> <Width = 32> <Depth = 120> <RAM>

State 16 <SV = 13> <Delay = 2.05>
ST_16 : Operation 120 [1/2] (0.60ns)   --->   "%wp_parameters_load_9 = load i7 %wp_parameters_addr_26"   --->   Operation 120 'load' 'wp_parameters_load_9' <Predicate = true> <Delay = 0.60> <CoreInst = "RAM">   --->   Core 83 'RAM' <Latency = 1> <II = 1> <Delay = 0.60> <Storage> <Opcode : 'load' 'store'> <Ports = 2> <Width = 32> <Depth = 120> <RAM>
ST_16 : Operation 121 [1/1] (0.85ns)   --->   "%icmp_ln874_3 = icmp_eq  i32 %d_corner_max_V, i32 %wp_parameters_load_9"   --->   Operation 121 'icmp' 'icmp_ln874_3' <Predicate = true> <Delay = 0.85> <CoreInst = "Cmp">   --->   Core 9 'Cmp' <Latency = 0> <II = 1> <Delay = 0.85> <FuncUnit> <Opcode : 'icmp'> <InPorts = 2> <OutPorts = 1>
ST_16 : Operation 122 [1/1] (0.00ns)   --->   "%br_ln294 = br i1 %icmp_ln874_3, void, void %._crit_edge3" [patchMaker.cpp:294]   --->   Operation 122 'br' 'br_ln294' <Predicate = true> <Delay = 0.00>
ST_16 : Operation 123 [1/1] (0.60ns)   --->   "%store_ln296 = store i32 0, i7 %wp_parameters_addr" [patchMaker.cpp:296]   --->   Operation 123 'store' 'store_ln296' <Predicate = (!icmp_ln874_3)> <Delay = 0.60> <CoreInst = "RAM">   --->   Core 83 'RAM' <Latency = 1> <II = 1> <Delay = 0.60> <Storage> <Opcode : 'load' 'store'> <Ports = 2> <Width = 32> <Depth = 120> <RAM>
ST_16 : Operation 124 [1/1] (0.60ns)   --->   "%store_ln297 = store i32 0, i7 %wp_parameters_addr_7" [patchMaker.cpp:297]   --->   Operation 124 'store' 'store_ln297' <Predicate = (!icmp_ln874_3)> <Delay = 0.60> <CoreInst = "RAM">   --->   Core 83 'RAM' <Latency = 1> <II = 1> <Delay = 0.60> <Storage> <Opcode : 'load' 'store'> <Ports = 2> <Width = 32> <Depth = 120> <RAM>
ST_16 : Operation 125 [1/1] (0.00ns)   --->   "%br_ln298 = br void %._crit_edge3" [patchMaker.cpp:298]   --->   Operation 125 'br' 'br_ln298' <Predicate = (!icmp_ln874_3)> <Delay = 0.00>
ST_16 : Operation 126 [1/1] (0.85ns)   --->   "%icmp_ln886_8 = icmp_sgt  i32 %c_corner_max_V, i32 %a_corner_min_V"   --->   Operation 126 'icmp' 'icmp_ln886_8' <Predicate = true> <Delay = 0.85> <CoreInst = "Cmp">   --->   Core 9 'Cmp' <Latency = 0> <II = 1> <Delay = 0.85> <FuncUnit> <Opcode : 'icmp'> <InPorts = 2> <OutPorts = 1>
ST_16 : Operation 127 [1/1] (0.38ns)   --->   "%br_ln301 = br i1 %icmp_ln886_8, void %._crit_edge4, void" [patchMaker.cpp:301]   --->   Operation 127 'br' 'br_ln301' <Predicate = true> <Delay = 0.38>

State 17 <SV = 14> <Delay = 0.60>
ST_17 : Operation 128 [1/1] (0.60ns)   --->   "%store_ln303 = store i32 1, i7 %wp_parameters_addr_8" [patchMaker.cpp:303]   --->   Operation 128 'store' 'store_ln303' <Predicate = true> <Delay = 0.60> <CoreInst = "RAM">   --->   Core 83 'RAM' <Latency = 1> <II = 1> <Delay = 0.60> <Storage> <Opcode : 'load' 'store'> <Ports = 2> <Width = 32> <Depth = 120> <RAM>
ST_17 : Operation 129 [1/1] (0.60ns)   --->   "%store_ln304 = store i32 %b_corner_min_V, i7 %wp_parameters_addr_16" [patchMaker.cpp:304]   --->   Operation 129 'store' 'store_ln304' <Predicate = true> <Delay = 0.60> <CoreInst = "RAM">   --->   Core 83 'RAM' <Latency = 1> <II = 1> <Delay = 0.60> <Storage> <Opcode : 'load' 'store'> <Ports = 2> <Width = 32> <Depth = 120> <RAM>

State 18 <SV = 15> <Delay = 1.45>
ST_18 : Operation 130 [1/1] (0.60ns)   --->   "%store_ln305 = store i32 %b_corner_min_V, i7 %wp_parameters_addr_11" [patchMaker.cpp:305]   --->   Operation 130 'store' 'store_ln305' <Predicate = (icmp_ln886_8)> <Delay = 0.60> <CoreInst = "RAM">   --->   Core 83 'RAM' <Latency = 1> <II = 1> <Delay = 0.60> <Storage> <Opcode : 'load' 'store'> <Ports = 2> <Width = 32> <Depth = 120> <RAM>
ST_18 : Operation 131 [1/1] (0.38ns)   --->   "%br_ln306 = br void %._crit_edge4" [patchMaker.cpp:306]   --->   Operation 131 'br' 'br_ln306' <Predicate = (icmp_ln886_8)> <Delay = 0.38>
ST_18 : Operation 132 [1/1] (0.00ns)   --->   "%arrayidx1756319_load_0 = phi i32 %b_corner_min_V, void, i32 %c_corner_max_V, void %._crit_edge3"   --->   Operation 132 'phi' 'arrayidx1756319_load_0' <Predicate = true> <Delay = 0.00>
ST_18 : Operation 133 [1/1] (0.85ns)   --->   "%icmp_ln878_10 = icmp_slt  i32 %b_corner_min_V, i32 %d_corner_max_V"   --->   Operation 133 'icmp' 'icmp_ln878_10' <Predicate = true> <Delay = 0.85> <CoreInst = "Cmp">   --->   Core 9 'Cmp' <Latency = 0> <II = 1> <Delay = 0.85> <FuncUnit> <Opcode : 'icmp'> <InPorts = 2> <OutPorts = 1>
ST_18 : Operation 134 [1/1] (0.00ns)   --->   "%br_ln308 = br i1 %icmp_ln878_10, void %._crit_edge5, void" [patchMaker.cpp:308]   --->   Operation 134 'br' 'br_ln308' <Predicate = true> <Delay = 0.00>
ST_18 : Operation 135 [1/1] (0.60ns)   --->   "%store_ln310 = store i32 1, i7 %wp_parameters_addr_8" [patchMaker.cpp:310]   --->   Operation 135 'store' 'store_ln310' <Predicate = (icmp_ln878_10)> <Delay = 0.60> <CoreInst = "RAM">   --->   Core 83 'RAM' <Latency = 1> <II = 1> <Delay = 0.60> <Storage> <Opcode : 'load' 'store'> <Ports = 2> <Width = 32> <Depth = 120> <RAM>

State 19 <SV = 16> <Delay = 0.60>
ST_19 : Operation 136 [1/1] (0.60ns)   --->   "%store_ln311 = store i32 %arrayidx1756319_load_0, i7 %wp_parameters_addr_14" [patchMaker.cpp:311]   --->   Operation 136 'store' 'store_ln311' <Predicate = (icmp_ln878_10)> <Delay = 0.60> <CoreInst = "RAM">   --->   Core 83 'RAM' <Latency = 1> <II = 1> <Delay = 0.60> <Storage> <Opcode : 'load' 'store'> <Ports = 2> <Width = 32> <Depth = 120> <RAM>
ST_19 : Operation 137 [1/1] (0.60ns)   --->   "%store_ln312 = store i32 %arrayidx1756319_load_0, i7 %wp_parameters_addr_18" [patchMaker.cpp:312]   --->   Operation 137 'store' 'store_ln312' <Predicate = (icmp_ln878_10)> <Delay = 0.60> <CoreInst = "RAM">   --->   Core 83 'RAM' <Latency = 1> <II = 1> <Delay = 0.60> <Storage> <Opcode : 'load' 'store'> <Ports = 2> <Width = 32> <Depth = 120> <RAM>
ST_19 : Operation 138 [1/1] (0.00ns)   --->   "%br_ln313 = br void %._crit_edge5" [patchMaker.cpp:313]   --->   Operation 138 'br' 'br_ln313' <Predicate = (icmp_ln878_10)> <Delay = 0.00>
ST_19 : Operation 139 [1/1] (0.00ns)   --->   "%ret_ln315 = ret" [patchMaker.cpp:315]   --->   Operation 139 'ret' 'ret_ln315' <Predicate = true> <Delay = 0.00>


============================================================
+ Verbose Summary: Timing violations
============================================================
Target clock period: 3ns, clock uncertainty: 0.81ns.

 <State 1>: 0.6ns
The critical path consists of the following:
	'getelementptr' operation ('wp_parameters_addr', patchMaker.cpp:236) [2]  (0 ns)
	'store' operation ('store_ln236', patchMaker.cpp:236) of constant 1 on array 'wp_parameters' [20]  (0.6 ns)

 <State 2>: 0.6ns
The critical path consists of the following:
	'getelementptr' operation ('wp_parameters_addr_7', patchMaker.cpp:238) [4]  (0 ns)
	'store' operation ('store_ln238', patchMaker.cpp:238) of constant 1 on array 'wp_parameters' [22]  (0.6 ns)

 <State 3>: 1.41ns
The critical path consists of the following:
	'phi' operation ('i', patchMaker.cpp:248) with incoming values : ('add_ln248', patchMaker.cpp:248) [26]  (0 ns)
	'sub' operation ('sub_ln878') [36]  (0.706 ns)
	'add' operation ('add_ln886') [42]  (0.706 ns)

 <State 4>: 1.69ns
The critical path consists of the following:
	'load' operation ('wp_parameters_load_3') on array 'wp_parameters' [53]  (0.6 ns)
	'icmp' operation ('icmp_ln878') [54]  (0.859 ns)
	'select' operation ('a_corner_min.V', patchMaker.cpp:250) [55]  (0.227 ns)

 <State 5>: 1.69ns
The critical path consists of the following:
	'load' operation ('wp_parameters_load_5') on array 'wp_parameters' [59]  (0.6 ns)
	'icmp' operation ('icmp_ln886') [60]  (0.859 ns)
	'select' operation ('c_corner_max.V', patchMaker.cpp:258) [61]  (0.227 ns)

 <State 6>: 0.6ns
The critical path consists of the following:
	'load' operation ('wp_parameters_load', patchMaker.cpp:269) on array 'wp_parameters' [67]  (0.6 ns)

 <State 7>: 1.46ns
The critical path consists of the following:
	'load' operation ('wp_parameters_load_2') on array 'wp_parameters' [77]  (0.6 ns)
	'icmp' operation ('icmp_ln874') [78]  (0.859 ns)

 <State 8>: 0.6ns
The critical path consists of the following:
	'store' operation ('store_ln269', patchMaker.cpp:269) of variable 'wp_parameters_load', patchMaker.cpp:269 on array 'wp_parameters' [68]  (0.6 ns)

 <State 9>: 0.6ns
The critical path consists of the following:
	'store' operation ('store_ln271', patchMaker.cpp:271) of variable 'wp_parameters_load_1', patchMaker.cpp:271 on array 'wp_parameters' [71]  (0.6 ns)

 <State 10>: 0.6ns
The critical path consists of the following:
	'store' operation ('store_ln281', patchMaker.cpp:281) of constant 0 on array 'wp_parameters' [81]  (0.6 ns)

 <State 11>: 0.6ns
The critical path consists of the following:
	'load' operation ('wp_parameters_load_7') on array 'wp_parameters' [85]  (0.6 ns)

 <State 12>: 2.06ns
The critical path consists of the following:
	'load' operation ('wp_parameters_load_7') on array 'wp_parameters' [85]  (0.6 ns)
	'icmp' operation ('icmp_ln874_1') [86]  (0.859 ns)
	blocking operation 0.6 ns on control path)

 <State 13>: 0.6ns
The critical path consists of the following:
	'load' operation ('wp_parameters_load_8') on array 'wp_parameters' [93]  (0.6 ns)

 <State 14>: 2.06ns
The critical path consists of the following:
	'load' operation ('wp_parameters_load_8') on array 'wp_parameters' [93]  (0.6 ns)
	'icmp' operation ('icmp_ln874_2') [94]  (0.859 ns)
	blocking operation 0.6 ns on control path)

 <State 15>: 0.6ns
The critical path consists of the following:
	'load' operation ('wp_parameters_load_9') on array 'wp_parameters' [101]  (0.6 ns)

 <State 16>: 2.06ns
The critical path consists of the following:
	'load' operation ('wp_parameters_load_9') on array 'wp_parameters' [101]  (0.6 ns)
	'icmp' operation ('icmp_ln874_3') [102]  (0.859 ns)
	blocking operation 0.6 ns on control path)

 <State 17>: 0.6ns
The critical path consists of the following:
	'store' operation ('store_ln303', patchMaker.cpp:303) of constant 1 on array 'wp_parameters' [112]  (0.6 ns)

 <State 18>: 1.46ns
The critical path consists of the following:
	'icmp' operation ('icmp_ln878_10') [118]  (0.859 ns)
	blocking operation 0.6 ns on control path)

 <State 19>: 0.6ns
The critical path consists of the following:
	'store' operation ('store_ln311', patchMaker.cpp:311) of variable 'b_corner_min.V' on array 'wp_parameters' [122]  (0.6 ns)


============================================================
+ Verbose Summary: Binding
============================================================
N/A
* FSMD analyzer results:
  - Output states:
 - Input state : 
  - Chain level:
	State 1
	State 2
	State 3
	State 4
	State 5
	State 6
	State 7
	State 8
	State 9
	State 10
	State 11
	State 12
	State 13
	State 14
	State 15
	State 16
	State 17
	State 18
	State 19


============================================================
+ Verbose Summary: Datapath Resource usage 
============================================================
N/A
