

================================================================
== Vitis HLS Report for 'getParallelograms'
================================================================
* Date:           Wed Jul 31 23:38:03 2024

* Version:        2020.2 (Build 3064766 on Wed Nov 18 09:12:45 MST 2020)
* Project:        PatchMaker_tanishGit
* Solution:       solutionSC4 (Vivado IP Flow Target)
* Product family: virtexuplus
* Target device:  xcvu19p-fsvb3824-2-e


================================================================
== Performance Estimates
================================================================
+ Timing: 
    * Summary: 
    +--------+---------+----------+------------+
    |  Clock |  Target | Estimated| Uncertainty|
    +--------+---------+----------+------------+
    |ap_clk  |  3.00 ns|  2.190 ns|     0.81 ns|
    +--------+---------+----------+------------+

+ Latency: 
    * Summary: 
    +---------+---------+----------+----------+-----+-----+---------+
    |  Latency (cycles) |  Latency (absolute) |  Interval | Pipeline|
    |   min   |   max   |    min   |    max   | min | max |   Type  |
    +---------+---------+----------+----------+-----+-----+---------+
    |       43|       43|  0.129 us|  0.129 us|   43|   43|     none|
    +---------+---------+----------+----------+-----+-----+---------+

    + Detail: 
        * Instance: 
        +------------------------------------------------+-------------------------------------+---------+---------+-----------+-----------+-----+-----+---------+
        |                                                |                                     |  Latency (cycles) |   Latency (absolute)  |  Interval | Pipeline|
        |                    Instance                    |                Module               |   min   |   max   |    min    |    max    | min | max |   Type  |
        +------------------------------------------------+-------------------------------------+---------+---------+-----------+-----------+-----+-----+---------+
        |grp_straightLineProjectorFromLayerIJtoK_fu_176  |straightLineProjectorFromLayerIJtoK  |        6|        6|  18.000 ns|  18.000 ns|    1|    1|      yes|
        |grp_straightLineProjectorFromLayerIJtoK_fu_190  |straightLineProjectorFromLayerIJtoK  |        6|        6|  18.000 ns|  18.000 ns|    1|    1|      yes|
        |grp_straightLineProjectorFromLayerIJtoK_fu_204  |straightLineProjectorFromLayerIJtoK  |        6|        6|  18.000 ns|  18.000 ns|    1|    1|      yes|
        |grp_straightLineProjectorFromLayerIJtoK_fu_217  |straightLineProjectorFromLayerIJtoK  |        6|        6|  18.000 ns|  18.000 ns|    1|    1|      yes|
        +------------------------------------------------+-------------------------------------+---------+---------+-----------+-----------+-----+-----+---------+

        * Loop: 
        +-----------------------------------------+---------+---------+----------+-----------+-----------+------+----------+
        |                                         |  Latency (cycles) | Iteration|  Initiation Interval  | Trip |          |
        |                Loop Name                |   min   |   max   |  Latency |  achieved |   target  | Count| Pipelined|
        +-----------------------------------------+---------+---------+----------+-----------+-----------+------+----------+
        |- getParallelograms_settingWPparameters  |       40|       40|        10|          -|          -|     4|        no|
        +-----------------------------------------+---------+---------+----------+-----------+-----------+------+----------+



================================================================
== Utilization Estimates
================================================================
* Summary: 
+---------------------+---------+------+---------+---------+-----+
|         Name        | BRAM_18K|  DSP |    FF   |   LUT   | URAM|
+---------------------+---------+------+---------+---------+-----+
|DSP                  |        -|     -|        -|        -|    -|
|Expression           |        -|     -|        0|      297|    -|
|FIFO                 |        -|     -|        -|        -|    -|
|Instance             |        0|     0|     2408|     1828|    -|
|Memory               |        -|     -|        -|        -|    -|
|Multiplexer          |        -|     -|        -|      182|    -|
|Register             |        -|     -|      226|        -|    -|
+---------------------+---------+------+---------+---------+-----+
|Total                |        0|     0|     2634|     2307|    0|
+---------------------+---------+------+---------+---------+-----+
|Available SLR        |     1080|   960|  2042880|  1021440|   80|
+---------------------+---------+------+---------+---------+-----+
|Utilization SLR (%)  |        0|     0|       ~0|       ~0|    0|
+---------------------+---------+------+---------+---------+-----+
|Available            |     4320|  3840|  8171520|  4085760|  320|
+---------------------+---------+------+---------+---------+-----+
|Utilization (%)      |        0|     0|       ~0|       ~0|    0|
+---------------------+---------+------+---------+---------+-----+

+ Detail: 
    * Instance: 
    +------------------------------------------------+-------------------------------------+---------+----+-----+-----+-----+
    |                    Instance                    |                Module               | BRAM_18K| DSP|  FF | LUT | URAM|
    +------------------------------------------------+-------------------------------------+---------+----+-----+-----+-----+
    |grp_straightLineProjectorFromLayerIJtoK_fu_176  |straightLineProjectorFromLayerIJtoK  |        0|   0|  602|  457|    0|
    |grp_straightLineProjectorFromLayerIJtoK_fu_190  |straightLineProjectorFromLayerIJtoK  |        0|   0|  602|  457|    0|
    |grp_straightLineProjectorFromLayerIJtoK_fu_204  |straightLineProjectorFromLayerIJtoK  |        0|   0|  602|  457|    0|
    |grp_straightLineProjectorFromLayerIJtoK_fu_217  |straightLineProjectorFromLayerIJtoK  |        0|   0|  602|  457|    0|
    +------------------------------------------------+-------------------------------------+---------+----+-----+-----+-----+
    |Total                                           |                                     |        0|   0| 2408| 1828|    0|
    +------------------------------------------------+-------------------------------------+---------+----+-----+-----+-----+

    * DSP: 
    N/A

    * Memory: 
    N/A

    * FIFO: 
    N/A

    * Expression: 
    +-------------------------+----------+----+---+----+------------+------------+
    |      Variable Name      | Operation| DSP| FF| LUT| Bitwidth P0| Bitwidth P1|
    +-------------------------+----------+----+---+----+------------+------------+
    |add_ln64_fu_350_p2       |         +|   0|  0|  10|           3|           1|
    |add_ln71_fu_356_p2       |         +|   0|  0|  10|           3|           2|
    |add_ln73_fu_426_p2       |         +|   0|  0|  14|           7|           2|
    |add_ln74_fu_436_p2       |         +|   0|  0|  14|           7|           2|
    |add_ln75_fu_390_p2       |         +|   0|  0|  14|           7|           3|
    |add_ln76_fu_401_p2       |         +|   0|  0|  14|           7|           3|
    |sub_ln71_fu_384_p2       |         -|   0|  0|  14|           7|           7|
    |icmp_ln59_fu_344_p2      |      icmp|   0|  0|   8|           3|           3|
    |icmp_ln878_14_fu_248_p2  |      icmp|   0|  0|  20|          32|          25|
    |icmp_ln878_fu_242_p2     |      icmp|   0|  0|  20|          32|          26|
    |icmp_ln886_fu_276_p2     |      icmp|   0|  0|  20|          32|          32|
    |or_ln61_fu_314_p2        |        or|   0|  0|   8|           8|           1|
    |or_ln62_fu_329_p2        |        or|   0|  0|   8|           8|           5|
    |or_ln72_fu_416_p2        |        or|   0|  0|   7|           7|           1|
    |z1_max_V_1_fu_282_p3     |    select|   0|  0|  26|           1|          25|
    |z1_max_V_fu_265_p3       |    select|   0|  0|  32|           1|          32|
    |z1_min_V_1_fu_294_p3     |    select|   0|  0|  26|           1|          25|
    |z1_min_V_fu_254_p3       |    select|   0|  0|  32|           1|          26|
    +-------------------------+----------+----+---+----+------------+------------+
    |Total                    |          |   0|  0| 297|         167|         221|
    +-------------------------+----------+----+---+----+------------+------------+

    * Multiplexer: 
    +-------------------------+----+-----------+-----+-----------+
    |           Name          | LUT| Input Size| Bits| Total Bits|
    +-------------------------+----+-----------+-----+-----------+
    |ap_NS_fsm                |  65|         14|    1|         14|
    |i_reg_164                |   9|          2|    3|          6|
    |wp_parameters_address0   |  20|          4|    7|         28|
    |wp_parameters_address1   |  20|          4|    7|         28|
    |wp_parameters_d0         |  20|          4|   32|        128|
    |wp_parameters_d1         |  20|          4|   32|        128|
    |wp_superpoints_address0  |  14|          3|    8|         24|
    |wp_superpoints_address1  |  14|          3|    8|         24|
    +-------------------------+----+-----------+-----+-----------+
    |Total                    | 182|         38|   98|        380|
    +-------------------------+----+-----------+-----+-----------+

    * Register: 
    +-------------------------------------------------------------+----+----+-----+-----------+
    |                             Name                            | FF | LUT| Bits| Const Bits|
    +-------------------------------------------------------------+----+----+-----+-----------+
    |add_ln64_reg_493                                             |   3|   0|    3|          0|
    |add_ln71_reg_502                                             |   3|   0|    3|          0|
    |ap_CS_fsm                                                    |  13|   0|   13|          0|
    |c_V_reg_516                                                  |  32|   0|   32|          0|
    |d_V_reg_521                                                  |  32|   0|   32|          0|
    |grp_straightLineProjectorFromLayerIJtoK_fu_176_ap_start_reg  |   1|   0|    1|          0|
    |grp_straightLineProjectorFromLayerIJtoK_fu_190_ap_start_reg  |   1|   0|    1|          0|
    |grp_straightLineProjectorFromLayerIJtoK_fu_204_ap_start_reg  |   1|   0|    1|          0|
    |grp_straightLineProjectorFromLayerIJtoK_fu_217_ap_start_reg  |   1|   0|    1|          0|
    |i_reg_164                                                    |   3|   0|    3|          0|
    |icmp_ln878_14_reg_461                                        |   1|   0|    1|          0|
    |icmp_ln878_reg_456                                           |   1|   0|    1|          0|
    |reg_230                                                      |  32|   0|   32|          0|
    |reg_236                                                      |  32|   0|   32|          0|
    |sext_ln43_reg_473                                            |  32|   0|   32|          0|
    |sext_ln46_reg_466                                            |  32|   0|   32|          0|
    |sub_ln71_reg_508                                             |   6|   0|    7|          1|
    +-------------------------------------------------------------+----+----+-----+-----------+
    |Total                                                        | 226|   0|  227|          1|
    +-------------------------------------------------------------+----+----+-----+-----------+



================================================================
== Interface
================================================================
* Summary: 
+-------------------------+-----+-----+------------+-------------------+--------------+
|        RTL Ports        | Dir | Bits|  Protocol  |   Source Object   |    C Type    |
+-------------------------+-----+-----+------------+-------------------+--------------+
|ap_clk                   |   in|    1|  ap_ctrl_hs|  getParallelograms|  return value|
|ap_rst                   |   in|    1|  ap_ctrl_hs|  getParallelograms|  return value|
|ap_start                 |   in|    1|  ap_ctrl_hs|  getParallelograms|  return value|
|ap_done                  |  out|    1|  ap_ctrl_hs|  getParallelograms|  return value|
|ap_idle                  |  out|    1|  ap_ctrl_hs|  getParallelograms|  return value|
|ap_ready                 |  out|    1|  ap_ctrl_hs|  getParallelograms|  return value|
|wp_superpoints_address0  |  out|    8|   ap_memory|     wp_superpoints|         array|
|wp_superpoints_ce0       |  out|    1|   ap_memory|     wp_superpoints|         array|
|wp_superpoints_q0        |   in|   32|   ap_memory|     wp_superpoints|         array|
|wp_superpoints_address1  |  out|    8|   ap_memory|     wp_superpoints|         array|
|wp_superpoints_ce1       |  out|    1|   ap_memory|     wp_superpoints|         array|
|wp_superpoints_q1        |   in|   32|   ap_memory|     wp_superpoints|         array|
|wp_parameters_address0   |  out|    7|   ap_memory|      wp_parameters|         array|
|wp_parameters_ce0        |  out|    1|   ap_memory|      wp_parameters|         array|
|wp_parameters_we0        |  out|    1|   ap_memory|      wp_parameters|         array|
|wp_parameters_d0         |  out|   32|   ap_memory|      wp_parameters|         array|
|wp_parameters_address1   |  out|    7|   ap_memory|      wp_parameters|         array|
|wp_parameters_ce1        |  out|    1|   ap_memory|      wp_parameters|         array|
|wp_parameters_we1        |  out|    1|   ap_memory|      wp_parameters|         array|
|wp_parameters_d1         |  out|   32|   ap_memory|      wp_parameters|         array|
+-------------------------+-----+-----+------------+-------------------+--------------+

============================================================
+ Verbose Summary: Synthesis Manager
============================================================
InlineROM: 1
ExposeGlobal: 0
============================================================
+ Verbose Summary: CDFG Model
============================================================
IsTopModel: 0
ResetActiveHigh: 1
IsCombinational: 2
IsDatapathOnly: 2
HasWiredReturn: 1
HasMFsm: 0
HasVarLatency: 1
IsPipeline: 0
IsRtlPipelined: 0
IsInstanceOverlapped: 0
IsDontTouch: 0
HasImplIP: 0
IsGatedGlobalClock: 0


============================================================
+ Verbose Summary: Schedule
============================================================
* Number of FSM states : 13
* Pipeline : 0
* Dataflow Pipeline: 0

* FSM state transitions: 
1 --> 2 
2 --> 3 
3 --> 4 
4 --> 5 
5 --> 6 
6 --> 7 
7 --> 8 
8 --> 9 
9 --> 10 
10 --> 11 
11 --> 12 
12 --> 13 
13 --> 4 

* FSM state operations: 

State 1 <SV = 0> <Delay = 1.19>
ST_1 : Operation 14 [1/1] (0.00ns)   --->   "%wp_superpoints_addr = getelementptr i32 %wp_superpoints, i64 0, i64 1"   --->   Operation 14 'getelementptr' 'wp_superpoints_addr' <Predicate = true> <Delay = 0.00>
ST_1 : Operation 15 [1/1] (0.00ns)   --->   "%wp_superpoints_addr_2 = getelementptr i32 %wp_superpoints, i64 0, i64 31"   --->   Operation 15 'getelementptr' 'wp_superpoints_addr_2' <Predicate = true> <Delay = 0.00>
ST_1 : Operation 16 [2/2] (1.19ns)   --->   "%wp_superpoints_load = load i8 %wp_superpoints_addr"   --->   Operation 16 'load' 'wp_superpoints_load' <Predicate = true> <Delay = 1.19> <CoreInst = "RAM">   --->   Core 83 'RAM' <Latency = 1> <II = 1> <Delay = 1.19> <Storage> <Opcode : 'load' 'store'> <Ports = 2> <Width = 32> <Depth = 160> <RAM>
ST_1 : Operation 17 [2/2] (1.19ns)   --->   "%wp_superpoints_load_1 = load i8 %wp_superpoints_addr_2"   --->   Operation 17 'load' 'wp_superpoints_load_1' <Predicate = true> <Delay = 1.19> <CoreInst = "RAM">   --->   Core 83 'RAM' <Latency = 1> <II = 1> <Delay = 1.19> <Storage> <Opcode : 'load' 'store'> <Ports = 2> <Width = 32> <Depth = 160> <RAM>

State 2 <SV = 1> <Delay = 2.05>
ST_2 : Operation 18 [1/2] (1.19ns)   --->   "%wp_superpoints_load = load i8 %wp_superpoints_addr"   --->   Operation 18 'load' 'wp_superpoints_load' <Predicate = true> <Delay = 1.19> <CoreInst = "RAM">   --->   Core 83 'RAM' <Latency = 1> <II = 1> <Delay = 1.19> <Storage> <Opcode : 'load' 'store'> <Ports = 2> <Width = 32> <Depth = 160> <RAM>
ST_2 : Operation 19 [1/1] (0.85ns)   --->   "%icmp_ln878 = icmp_slt  i32 %wp_superpoints_load, i32 4272967196"   --->   Operation 19 'icmp' 'icmp_ln878' <Predicate = true> <Delay = 0.85> <CoreInst = "Cmp">   --->   Core 9 'Cmp' <Latency = 0> <II = 1> <Delay = 0.85> <FuncUnit> <Opcode : 'icmp'> <InPorts = 2> <OutPorts = 1>
ST_2 : Operation 20 [1/2] (1.19ns)   --->   "%wp_superpoints_load_1 = load i8 %wp_superpoints_addr_2"   --->   Operation 20 'load' 'wp_superpoints_load_1' <Predicate = true> <Delay = 1.19> <CoreInst = "RAM">   --->   Core 83 'RAM' <Latency = 1> <II = 1> <Delay = 1.19> <Storage> <Opcode : 'load' 'store'> <Ports = 2> <Width = 32> <Depth = 160> <RAM>
ST_2 : Operation 21 [1/1] (0.85ns)   --->   "%icmp_ln878_14 = icmp_slt  i32 %wp_superpoints_load_1, i32 22000100"   --->   Operation 21 'icmp' 'icmp_ln878_14' <Predicate = true> <Delay = 0.85> <CoreInst = "Cmp">   --->   Core 9 'Cmp' <Latency = 0> <II = 1> <Delay = 0.85> <FuncUnit> <Opcode : 'icmp'> <InPorts = 2> <OutPorts = 1>

State 3 <SV = 2> <Delay = 1.42>
ST_3 : Operation 22 [1/1] (0.22ns)   --->   "%z1_min_V = select i1 %icmp_ln878, i32 4272967196, i32 %wp_superpoints_load" [patchMaker.cpp:43]   --->   Operation 22 'select' 'z1_min_V' <Predicate = true> <Delay = 0.22> <CoreInst = "Sel">   --->   Core 73 'Sel' <Latency = 0> <II = 1> <Delay = 0.22> <FuncUnit> <Opcode : 'select'> <InPorts = 3> <OutPorts = 1>
ST_3 : Operation 23 [1/1] (0.00ns)   --->   "%trunc_ln43 = trunc i32 %z1_min_V" [patchMaker.cpp:43]   --->   Operation 23 'trunc' 'trunc_ln43' <Predicate = true> <Delay = 0.00>
ST_3 : Operation 24 [1/1] (0.22ns)   --->   "%z1_max_V = select i1 %icmp_ln878_14, i32 %wp_superpoints_load_1, i32 22000100" [patchMaker.cpp:44]   --->   Operation 24 'select' 'z1_max_V' <Predicate = true> <Delay = 0.22> <CoreInst = "Sel">   --->   Core 73 'Sel' <Latency = 0> <II = 1> <Delay = 0.22> <FuncUnit> <Opcode : 'select'> <InPorts = 3> <OutPorts = 1>
ST_3 : Operation 25 [1/1] (0.00ns)   --->   "%trunc_ln44 = trunc i32 %z1_max_V" [patchMaker.cpp:44]   --->   Operation 25 'trunc' 'trunc_ln44' <Predicate = true> <Delay = 0.00>
ST_3 : Operation 26 [1/1] (0.85ns)   --->   "%icmp_ln886 = icmp_sgt  i32 %z1_min_V, i32 %z1_max_V"   --->   Operation 26 'icmp' 'icmp_ln886' <Predicate = true> <Delay = 0.85> <CoreInst = "Cmp">   --->   Core 9 'Cmp' <Latency = 0> <II = 1> <Delay = 0.85> <FuncUnit> <Opcode : 'icmp'> <InPorts = 2> <OutPorts = 1>
ST_3 : Operation 27 [1/1] (0.34ns)   --->   "%z1_max_V_1 = select i1 %icmp_ln886, i26 23000100, i26 %trunc_ln44" [patchMaker.cpp:46]   --->   Operation 27 'select' 'z1_max_V_1' <Predicate = true> <Delay = 0.34> <CoreInst = "Sel">   --->   Core 73 'Sel' <Latency = 0> <II = 1> <Delay = 0.22> <FuncUnit> <Opcode : 'select'> <InPorts = 3> <OutPorts = 1>
ST_3 : Operation 28 [1/1] (0.00ns)   --->   "%sext_ln46 = sext i26 %z1_max_V_1" [patchMaker.cpp:46]   --->   Operation 28 'sext' 'sext_ln46' <Predicate = true> <Delay = 0.00>
ST_3 : Operation 29 [1/1] (0.34ns)   --->   "%z1_min_V_1 = select i1 %icmp_ln886, i26 23000100, i26 %trunc_ln43" [patchMaker.cpp:46]   --->   Operation 29 'select' 'z1_min_V_1' <Predicate = true> <Delay = 0.34> <CoreInst = "Sel">   --->   Core 73 'Sel' <Latency = 0> <II = 1> <Delay = 0.22> <FuncUnit> <Opcode : 'select'> <InPorts = 3> <OutPorts = 1>
ST_3 : Operation 30 [1/1] (0.00ns)   --->   "%sext_ln43 = sext i26 %z1_min_V_1" [patchMaker.cpp:43]   --->   Operation 30 'sext' 'sext_ln43' <Predicate = true> <Delay = 0.00>
ST_3 : Operation 31 [1/1] (0.38ns)   --->   "%br_ln59 = br void" [patchMaker.cpp:59]   --->   Operation 31 'br' 'br_ln59' <Predicate = true> <Delay = 0.38>

State 4 <SV = 3> <Delay = 1.19>
ST_4 : Operation 32 [1/1] (0.00ns)   --->   "%i = phi i3 1, void, i3 %add_ln64, void %.split" [patchMaker.cpp:64]   --->   Operation 32 'phi' 'i' <Predicate = true> <Delay = 0.00>
ST_4 : Operation 33 [1/1] (0.00ns)   --->   "%tmp = bitconcatenate i8 @_ssdm_op_BitConcatenate.i8.i3.i5, i3 %i, i5 0" [patchMaker.cpp:61]   --->   Operation 33 'bitconcatenate' 'tmp' <Predicate = true> <Delay = 0.00>
ST_4 : Operation 34 [1/1] (0.00ns)   --->   "%or_ln61 = or i8 %tmp, i8 1" [patchMaker.cpp:61]   --->   Operation 34 'or' 'or_ln61' <Predicate = true> <Delay = 0.00>
ST_4 : Operation 35 [1/1] (0.00ns)   --->   "%tmp_s = bitconcatenate i64 @_ssdm_op_BitConcatenate.i64.i56.i8, i56 0, i8 %or_ln61" [patchMaker.cpp:61]   --->   Operation 35 'bitconcatenate' 'tmp_s' <Predicate = true> <Delay = 0.00>
ST_4 : Operation 36 [1/1] (0.00ns)   --->   "%wp_superpoints_addr_3 = getelementptr i32 %wp_superpoints, i64 0, i64 %tmp_s" [patchMaker.cpp:61]   --->   Operation 36 'getelementptr' 'wp_superpoints_addr_3' <Predicate = true> <Delay = 0.00>
ST_4 : Operation 37 [1/1] (0.00ns)   --->   "%or_ln62 = or i8 %tmp, i8 31" [patchMaker.cpp:62]   --->   Operation 37 'or' 'or_ln62' <Predicate = true> <Delay = 0.00>
ST_4 : Operation 38 [1/1] (0.00ns)   --->   "%tmp_24 = bitconcatenate i64 @_ssdm_op_BitConcatenate.i64.i56.i8, i56 0, i8 %or_ln62" [patchMaker.cpp:62]   --->   Operation 38 'bitconcatenate' 'tmp_24' <Predicate = true> <Delay = 0.00>
ST_4 : Operation 39 [1/1] (0.00ns)   --->   "%wp_superpoints_addr_4 = getelementptr i32 %wp_superpoints, i64 0, i64 %tmp_24" [patchMaker.cpp:62]   --->   Operation 39 'getelementptr' 'wp_superpoints_addr_4' <Predicate = true> <Delay = 0.00>
ST_4 : Operation 40 [1/1] (0.49ns)   --->   "%icmp_ln59 = icmp_eq  i3 %i, i3 5" [patchMaker.cpp:59]   --->   Operation 40 'icmp' 'icmp_ln59' <Predicate = true> <Delay = 0.49> <CoreInst = "Cmp">   --->   Core 9 'Cmp' <Latency = 0> <II = 1> <Delay = 0.85> <FuncUnit> <Opcode : 'icmp'> <InPorts = 2> <OutPorts = 1>
ST_4 : Operation 41 [1/1] (0.00ns)   --->   "%empty = speclooptripcount i32 @_ssdm_op_SpecLoopTripCount, i64 4, i64 4, i64 4"   --->   Operation 41 'speclooptripcount' 'empty' <Predicate = true> <Delay = 0.00>
ST_4 : Operation 42 [1/1] (0.00ns)   --->   "%br_ln59 = br i1 %icmp_ln59, void %.split, void" [patchMaker.cpp:59]   --->   Operation 42 'br' 'br_ln59' <Predicate = true> <Delay = 0.00>
ST_4 : Operation 43 [2/2] (1.19ns)   --->   "%wp_superpoints_load_2 = load i8 %wp_superpoints_addr_3" [patchMaker.cpp:61]   --->   Operation 43 'load' 'wp_superpoints_load_2' <Predicate = (!icmp_ln59)> <Delay = 1.19> <CoreInst = "RAM">   --->   Core 83 'RAM' <Latency = 1> <II = 1> <Delay = 1.19> <Storage> <Opcode : 'load' 'store'> <Ports = 2> <Width = 32> <Depth = 160> <RAM>
ST_4 : Operation 44 [2/2] (1.19ns)   --->   "%wp_superpoints_load_3 = load i8 %wp_superpoints_addr_4" [patchMaker.cpp:62]   --->   Operation 44 'load' 'wp_superpoints_load_3' <Predicate = (!icmp_ln59)> <Delay = 1.19> <CoreInst = "RAM">   --->   Core 83 'RAM' <Latency = 1> <II = 1> <Delay = 1.19> <Storage> <Opcode : 'load' 'store'> <Ports = 2> <Width = 32> <Depth = 160> <RAM>
ST_4 : Operation 45 [1/1] (0.00ns)   --->   "%ret_ln79 = ret" [patchMaker.cpp:79]   --->   Operation 45 'ret' 'ret_ln79' <Predicate = (icmp_ln59)> <Delay = 0.00>

State 5 <SV = 4> <Delay = 1.19>
ST_5 : Operation 46 [1/1] (0.57ns)   --->   "%add_ln64 = add i3 %i, i3 1" [patchMaker.cpp:64]   --->   Operation 46 'add' 'add_ln64' <Predicate = true> <Delay = 0.57> <CoreInst = "Adder">   --->   Core 1 'Adder' <Latency = 0> <II = 1> <Delay = 0.70> <FuncUnit> <Opcode : 'add' 'sub'> <InPorts = 2> <OutPorts = 1>
ST_5 : Operation 47 [1/2] (1.19ns)   --->   "%wp_superpoints_load_2 = load i8 %wp_superpoints_addr_3" [patchMaker.cpp:61]   --->   Operation 47 'load' 'wp_superpoints_load_2' <Predicate = true> <Delay = 1.19> <CoreInst = "RAM">   --->   Core 83 'RAM' <Latency = 1> <II = 1> <Delay = 1.19> <Storage> <Opcode : 'load' 'store'> <Ports = 2> <Width = 32> <Depth = 160> <RAM>
ST_5 : Operation 48 [1/2] (1.19ns)   --->   "%wp_superpoints_load_3 = load i8 %wp_superpoints_addr_4" [patchMaker.cpp:62]   --->   Operation 48 'load' 'wp_superpoints_load_3' <Predicate = true> <Delay = 1.19> <CoreInst = "RAM">   --->   Core 83 'RAM' <Latency = 1> <II = 1> <Delay = 1.19> <Storage> <Opcode : 'load' 'store'> <Ports = 2> <Width = 32> <Depth = 160> <RAM>
ST_5 : Operation 49 [1/1] (0.57ns)   --->   "%add_ln71 = add i3 %i, i3 7" [patchMaker.cpp:71]   --->   Operation 49 'add' 'add_ln71' <Predicate = true> <Delay = 0.57> <CoreInst = "Adder">   --->   Core 1 'Adder' <Latency = 0> <II = 1> <Delay = 0.70> <FuncUnit> <Opcode : 'add' 'sub'> <InPorts = 2> <OutPorts = 1>

State 6 <SV = 5> <Delay = 2.08>
ST_6 : Operation 50 [7/7] (2.08ns)   --->   "%a_V = call i32 @straightLineProjectorFromLayerIJtoK, i32 %sext_ln43, i32 %wp_superpoints_load_3, i3 1, i3 %add_ln64, i3 5, i35 %radiiDivisionList" [patchMaker.cpp:64]   --->   Operation 50 'call' 'a_V' <Predicate = true> <Delay = 2.08> <CoreType = "Generic">   --->   Core 0 '' <Latency = 0> <II = 1> <Delay = 1.00> <Generic> <Opcode : >
ST_6 : Operation 51 [7/7] (2.08ns)   --->   "%b_V = call i32 @straightLineProjectorFromLayerIJtoK, i32 %sext_ln46, i32 %wp_superpoints_load_3, i3 1, i3 %add_ln64, i3 5, i35 %radiiDivisionList" [patchMaker.cpp:65]   --->   Operation 51 'call' 'b_V' <Predicate = true> <Delay = 2.08> <CoreType = "Generic">   --->   Core 0 '' <Latency = 0> <II = 1> <Delay = 1.00> <Generic> <Opcode : >
ST_6 : Operation 52 [7/7] (2.08ns)   --->   "%c_V = call i32 @straightLineProjectorFromLayerIJtoK, i32 %sext_ln43, i32 %wp_superpoints_load_2, i3 1, i3 %add_ln64, i3 5, i35 %radiiDivisionList" [patchMaker.cpp:66]   --->   Operation 52 'call' 'c_V' <Predicate = true> <Delay = 2.08> <CoreType = "Generic">   --->   Core 0 '' <Latency = 0> <II = 1> <Delay = 1.00> <Generic> <Opcode : >
ST_6 : Operation 53 [7/7] (2.08ns)   --->   "%d_V = call i32 @straightLineProjectorFromLayerIJtoK, i32 %sext_ln46, i32 %wp_superpoints_load_2, i3 1, i3 %add_ln64, i3 5, i35 %radiiDivisionList" [patchMaker.cpp:67]   --->   Operation 53 'call' 'd_V' <Predicate = true> <Delay = 2.08> <CoreType = "Generic">   --->   Core 0 '' <Latency = 0> <II = 1> <Delay = 1.00> <Generic> <Opcode : >
ST_6 : Operation 54 [1/1] (0.00ns)   --->   "%tmp_25 = bitconcatenate i6 @_ssdm_op_BitConcatenate.i6.i3.i3, i3 %add_ln71, i3 0" [patchMaker.cpp:71]   --->   Operation 54 'bitconcatenate' 'tmp_25' <Predicate = true> <Delay = 0.00>
ST_6 : Operation 55 [1/1] (0.00ns)   --->   "%zext_ln71 = zext i6 %tmp_25" [patchMaker.cpp:71]   --->   Operation 55 'zext' 'zext_ln71' <Predicate = true> <Delay = 0.00>
ST_6 : Operation 56 [1/1] (0.00ns)   --->   "%tmp_26 = bitconcatenate i4 @_ssdm_op_BitConcatenate.i4.i3.i1, i3 %add_ln71, i1 0" [patchMaker.cpp:71]   --->   Operation 56 'bitconcatenate' 'tmp_26' <Predicate = true> <Delay = 0.00>
ST_6 : Operation 57 [1/1] (0.00ns)   --->   "%zext_ln71_1 = zext i4 %tmp_26" [patchMaker.cpp:71]   --->   Operation 57 'zext' 'zext_ln71_1' <Predicate = true> <Delay = 0.00>
ST_6 : Operation 58 [1/1] (0.70ns)   --->   "%sub_ln71 = sub i7 %zext_ln71, i7 %zext_ln71_1" [patchMaker.cpp:71]   --->   Operation 58 'sub' 'sub_ln71' <Predicate = true> <Delay = 0.70> <CoreInst = "Adder">   --->   Core 1 'Adder' <Latency = 0> <II = 1> <Delay = 0.70> <FuncUnit> <Opcode : 'add' 'sub'> <InPorts = 2> <OutPorts = 1>
ST_6 : Operation 59 [1/1] (0.70ns)   --->   "%add_ln75 = add i7 %sub_ln71, i7 4" [patchMaker.cpp:75]   --->   Operation 59 'add' 'add_ln75' <Predicate = true> <Delay = 0.70> <CoreInst = "Adder">   --->   Core 1 'Adder' <Latency = 0> <II = 1> <Delay = 0.70> <FuncUnit> <Opcode : 'add' 'sub'> <InPorts = 2> <OutPorts = 1>
ST_6 : Operation 60 [1/1] (0.00ns)   --->   "%zext_ln75 = zext i7 %add_ln75" [patchMaker.cpp:75]   --->   Operation 60 'zext' 'zext_ln75' <Predicate = true> <Delay = 0.00>
ST_6 : Operation 61 [1/1] (0.00ns)   --->   "%wp_parameters_addr_37 = getelementptr i32 %wp_parameters, i64 0, i64 %zext_ln75" [patchMaker.cpp:75]   --->   Operation 61 'getelementptr' 'wp_parameters_addr_37' <Predicate = true> <Delay = 0.00>
ST_6 : Operation 62 [1/1] (0.70ns)   --->   "%add_ln76 = add i7 %sub_ln71, i7 5" [patchMaker.cpp:76]   --->   Operation 62 'add' 'add_ln76' <Predicate = true> <Delay = 0.70> <CoreInst = "Adder">   --->   Core 1 'Adder' <Latency = 0> <II = 1> <Delay = 0.70> <FuncUnit> <Opcode : 'add' 'sub'> <InPorts = 2> <OutPorts = 1>
ST_6 : Operation 63 [1/1] (0.00ns)   --->   "%zext_ln76 = zext i7 %add_ln76" [patchMaker.cpp:76]   --->   Operation 63 'zext' 'zext_ln76' <Predicate = true> <Delay = 0.00>
ST_6 : Operation 64 [1/1] (0.00ns)   --->   "%wp_parameters_addr_38 = getelementptr i32 %wp_parameters, i64 0, i64 %zext_ln76" [patchMaker.cpp:76]   --->   Operation 64 'getelementptr' 'wp_parameters_addr_38' <Predicate = true> <Delay = 0.00>
ST_6 : Operation 65 [1/1] (0.60ns)   --->   "%store_ln75 = store i32 %sext_ln43, i7 %wp_parameters_addr_37" [patchMaker.cpp:75]   --->   Operation 65 'store' 'store_ln75' <Predicate = true> <Delay = 0.60> <CoreInst = "RAM">   --->   Core 83 'RAM' <Latency = 1> <II = 1> <Delay = 0.60> <Storage> <Opcode : 'load' 'store'> <Ports = 2> <Width = 32> <Depth = 120> <RAM>
ST_6 : Operation 66 [1/1] (0.60ns)   --->   "%store_ln76 = store i32 %sext_ln46, i7 %wp_parameters_addr_38" [patchMaker.cpp:76]   --->   Operation 66 'store' 'store_ln76' <Predicate = true> <Delay = 0.60> <CoreInst = "RAM">   --->   Core 83 'RAM' <Latency = 1> <II = 1> <Delay = 0.60> <Storage> <Opcode : 'load' 'store'> <Ports = 2> <Width = 32> <Depth = 120> <RAM>

State 7 <SV = 6> <Delay = 2.19>
ST_7 : Operation 67 [6/7] (2.19ns)   --->   "%a_V = call i32 @straightLineProjectorFromLayerIJtoK, i32 %sext_ln43, i32 %wp_superpoints_load_3, i3 1, i3 %add_ln64, i3 5, i35 %radiiDivisionList" [patchMaker.cpp:64]   --->   Operation 67 'call' 'a_V' <Predicate = true> <Delay = 2.19> <CoreType = "Generic">   --->   Core 0 '' <Latency = 0> <II = 1> <Delay = 1.00> <Generic> <Opcode : >
ST_7 : Operation 68 [6/7] (2.19ns)   --->   "%b_V = call i32 @straightLineProjectorFromLayerIJtoK, i32 %sext_ln46, i32 %wp_superpoints_load_3, i3 1, i3 %add_ln64, i3 5, i35 %radiiDivisionList" [patchMaker.cpp:65]   --->   Operation 68 'call' 'b_V' <Predicate = true> <Delay = 2.19> <CoreType = "Generic">   --->   Core 0 '' <Latency = 0> <II = 1> <Delay = 1.00> <Generic> <Opcode : >
ST_7 : Operation 69 [6/7] (2.19ns)   --->   "%c_V = call i32 @straightLineProjectorFromLayerIJtoK, i32 %sext_ln43, i32 %wp_superpoints_load_2, i3 1, i3 %add_ln64, i3 5, i35 %radiiDivisionList" [patchMaker.cpp:66]   --->   Operation 69 'call' 'c_V' <Predicate = true> <Delay = 2.19> <CoreType = "Generic">   --->   Core 0 '' <Latency = 0> <II = 1> <Delay = 1.00> <Generic> <Opcode : >
ST_7 : Operation 70 [6/7] (2.19ns)   --->   "%d_V = call i32 @straightLineProjectorFromLayerIJtoK, i32 %sext_ln46, i32 %wp_superpoints_load_2, i3 1, i3 %add_ln64, i3 5, i35 %radiiDivisionList" [patchMaker.cpp:67]   --->   Operation 70 'call' 'd_V' <Predicate = true> <Delay = 2.19> <CoreType = "Generic">   --->   Core 0 '' <Latency = 0> <II = 1> <Delay = 1.00> <Generic> <Opcode : >

State 8 <SV = 7> <Delay = 2.19>
ST_8 : Operation 71 [5/7] (2.19ns)   --->   "%a_V = call i32 @straightLineProjectorFromLayerIJtoK, i32 %sext_ln43, i32 %wp_superpoints_load_3, i3 1, i3 %add_ln64, i3 5, i35 %radiiDivisionList" [patchMaker.cpp:64]   --->   Operation 71 'call' 'a_V' <Predicate = true> <Delay = 2.19> <CoreType = "Generic">   --->   Core 0 '' <Latency = 0> <II = 1> <Delay = 1.00> <Generic> <Opcode : >
ST_8 : Operation 72 [5/7] (2.19ns)   --->   "%b_V = call i32 @straightLineProjectorFromLayerIJtoK, i32 %sext_ln46, i32 %wp_superpoints_load_3, i3 1, i3 %add_ln64, i3 5, i35 %radiiDivisionList" [patchMaker.cpp:65]   --->   Operation 72 'call' 'b_V' <Predicate = true> <Delay = 2.19> <CoreType = "Generic">   --->   Core 0 '' <Latency = 0> <II = 1> <Delay = 1.00> <Generic> <Opcode : >
ST_8 : Operation 73 [5/7] (2.19ns)   --->   "%c_V = call i32 @straightLineProjectorFromLayerIJtoK, i32 %sext_ln43, i32 %wp_superpoints_load_2, i3 1, i3 %add_ln64, i3 5, i35 %radiiDivisionList" [patchMaker.cpp:66]   --->   Operation 73 'call' 'c_V' <Predicate = true> <Delay = 2.19> <CoreType = "Generic">   --->   Core 0 '' <Latency = 0> <II = 1> <Delay = 1.00> <Generic> <Opcode : >
ST_8 : Operation 74 [5/7] (2.19ns)   --->   "%d_V = call i32 @straightLineProjectorFromLayerIJtoK, i32 %sext_ln46, i32 %wp_superpoints_load_2, i3 1, i3 %add_ln64, i3 5, i35 %radiiDivisionList" [patchMaker.cpp:67]   --->   Operation 74 'call' 'd_V' <Predicate = true> <Delay = 2.19> <CoreType = "Generic">   --->   Core 0 '' <Latency = 0> <II = 1> <Delay = 1.00> <Generic> <Opcode : >

State 9 <SV = 8> <Delay = 2.19>
ST_9 : Operation 75 [4/7] (2.19ns)   --->   "%a_V = call i32 @straightLineProjectorFromLayerIJtoK, i32 %sext_ln43, i32 %wp_superpoints_load_3, i3 1, i3 %add_ln64, i3 5, i35 %radiiDivisionList" [patchMaker.cpp:64]   --->   Operation 75 'call' 'a_V' <Predicate = true> <Delay = 2.19> <CoreType = "Generic">   --->   Core 0 '' <Latency = 0> <II = 1> <Delay = 1.00> <Generic> <Opcode : >
ST_9 : Operation 76 [4/7] (2.19ns)   --->   "%b_V = call i32 @straightLineProjectorFromLayerIJtoK, i32 %sext_ln46, i32 %wp_superpoints_load_3, i3 1, i3 %add_ln64, i3 5, i35 %radiiDivisionList" [patchMaker.cpp:65]   --->   Operation 76 'call' 'b_V' <Predicate = true> <Delay = 2.19> <CoreType = "Generic">   --->   Core 0 '' <Latency = 0> <II = 1> <Delay = 1.00> <Generic> <Opcode : >
ST_9 : Operation 77 [4/7] (2.19ns)   --->   "%c_V = call i32 @straightLineProjectorFromLayerIJtoK, i32 %sext_ln43, i32 %wp_superpoints_load_2, i3 1, i3 %add_ln64, i3 5, i35 %radiiDivisionList" [patchMaker.cpp:66]   --->   Operation 77 'call' 'c_V' <Predicate = true> <Delay = 2.19> <CoreType = "Generic">   --->   Core 0 '' <Latency = 0> <II = 1> <Delay = 1.00> <Generic> <Opcode : >
ST_9 : Operation 78 [4/7] (2.19ns)   --->   "%d_V = call i32 @straightLineProjectorFromLayerIJtoK, i32 %sext_ln46, i32 %wp_superpoints_load_2, i3 1, i3 %add_ln64, i3 5, i35 %radiiDivisionList" [patchMaker.cpp:67]   --->   Operation 78 'call' 'd_V' <Predicate = true> <Delay = 2.19> <CoreType = "Generic">   --->   Core 0 '' <Latency = 0> <II = 1> <Delay = 1.00> <Generic> <Opcode : >

State 10 <SV = 9> <Delay = 2.19>
ST_10 : Operation 79 [3/7] (2.19ns)   --->   "%a_V = call i32 @straightLineProjectorFromLayerIJtoK, i32 %sext_ln43, i32 %wp_superpoints_load_3, i3 1, i3 %add_ln64, i3 5, i35 %radiiDivisionList" [patchMaker.cpp:64]   --->   Operation 79 'call' 'a_V' <Predicate = true> <Delay = 2.19> <CoreType = "Generic">   --->   Core 0 '' <Latency = 0> <II = 1> <Delay = 1.00> <Generic> <Opcode : >
ST_10 : Operation 80 [3/7] (2.19ns)   --->   "%b_V = call i32 @straightLineProjectorFromLayerIJtoK, i32 %sext_ln46, i32 %wp_superpoints_load_3, i3 1, i3 %add_ln64, i3 5, i35 %radiiDivisionList" [patchMaker.cpp:65]   --->   Operation 80 'call' 'b_V' <Predicate = true> <Delay = 2.19> <CoreType = "Generic">   --->   Core 0 '' <Latency = 0> <II = 1> <Delay = 1.00> <Generic> <Opcode : >
ST_10 : Operation 81 [3/7] (2.19ns)   --->   "%c_V = call i32 @straightLineProjectorFromLayerIJtoK, i32 %sext_ln43, i32 %wp_superpoints_load_2, i3 1, i3 %add_ln64, i3 5, i35 %radiiDivisionList" [patchMaker.cpp:66]   --->   Operation 81 'call' 'c_V' <Predicate = true> <Delay = 2.19> <CoreType = "Generic">   --->   Core 0 '' <Latency = 0> <II = 1> <Delay = 1.00> <Generic> <Opcode : >
ST_10 : Operation 82 [3/7] (2.19ns)   --->   "%d_V = call i32 @straightLineProjectorFromLayerIJtoK, i32 %sext_ln46, i32 %wp_superpoints_load_2, i3 1, i3 %add_ln64, i3 5, i35 %radiiDivisionList" [patchMaker.cpp:67]   --->   Operation 82 'call' 'd_V' <Predicate = true> <Delay = 2.19> <CoreType = "Generic">   --->   Core 0 '' <Latency = 0> <II = 1> <Delay = 1.00> <Generic> <Opcode : >

State 11 <SV = 10> <Delay = 2.19>
ST_11 : Operation 83 [2/7] (2.19ns)   --->   "%a_V = call i32 @straightLineProjectorFromLayerIJtoK, i32 %sext_ln43, i32 %wp_superpoints_load_3, i3 1, i3 %add_ln64, i3 5, i35 %radiiDivisionList" [patchMaker.cpp:64]   --->   Operation 83 'call' 'a_V' <Predicate = true> <Delay = 2.19> <CoreType = "Generic">   --->   Core 0 '' <Latency = 0> <II = 1> <Delay = 1.00> <Generic> <Opcode : >
ST_11 : Operation 84 [2/7] (2.19ns)   --->   "%b_V = call i32 @straightLineProjectorFromLayerIJtoK, i32 %sext_ln46, i32 %wp_superpoints_load_3, i3 1, i3 %add_ln64, i3 5, i35 %radiiDivisionList" [patchMaker.cpp:65]   --->   Operation 84 'call' 'b_V' <Predicate = true> <Delay = 2.19> <CoreType = "Generic">   --->   Core 0 '' <Latency = 0> <II = 1> <Delay = 1.00> <Generic> <Opcode : >
ST_11 : Operation 85 [2/7] (2.19ns)   --->   "%c_V = call i32 @straightLineProjectorFromLayerIJtoK, i32 %sext_ln43, i32 %wp_superpoints_load_2, i3 1, i3 %add_ln64, i3 5, i35 %radiiDivisionList" [patchMaker.cpp:66]   --->   Operation 85 'call' 'c_V' <Predicate = true> <Delay = 2.19> <CoreType = "Generic">   --->   Core 0 '' <Latency = 0> <II = 1> <Delay = 1.00> <Generic> <Opcode : >
ST_11 : Operation 86 [2/7] (2.19ns)   --->   "%d_V = call i32 @straightLineProjectorFromLayerIJtoK, i32 %sext_ln46, i32 %wp_superpoints_load_2, i3 1, i3 %add_ln64, i3 5, i35 %radiiDivisionList" [patchMaker.cpp:67]   --->   Operation 86 'call' 'd_V' <Predicate = true> <Delay = 2.19> <CoreType = "Generic">   --->   Core 0 '' <Latency = 0> <II = 1> <Delay = 1.00> <Generic> <Opcode : >

State 12 <SV = 11> <Delay = 1.70>
ST_12 : Operation 87 [1/7] (1.10ns)   --->   "%a_V = call i32 @straightLineProjectorFromLayerIJtoK, i32 %sext_ln43, i32 %wp_superpoints_load_3, i3 1, i3 %add_ln64, i3 5, i35 %radiiDivisionList" [patchMaker.cpp:64]   --->   Operation 87 'call' 'a_V' <Predicate = true> <Delay = 1.10> <CoreType = "Generic">   --->   Core 0 '' <Latency = 0> <II = 1> <Delay = 1.00> <Generic> <Opcode : >
ST_12 : Operation 88 [1/7] (1.10ns)   --->   "%b_V = call i32 @straightLineProjectorFromLayerIJtoK, i32 %sext_ln46, i32 %wp_superpoints_load_3, i3 1, i3 %add_ln64, i3 5, i35 %radiiDivisionList" [patchMaker.cpp:65]   --->   Operation 88 'call' 'b_V' <Predicate = true> <Delay = 1.10> <CoreType = "Generic">   --->   Core 0 '' <Latency = 0> <II = 1> <Delay = 1.00> <Generic> <Opcode : >
ST_12 : Operation 89 [1/7] (1.10ns)   --->   "%c_V = call i32 @straightLineProjectorFromLayerIJtoK, i32 %sext_ln43, i32 %wp_superpoints_load_2, i3 1, i3 %add_ln64, i3 5, i35 %radiiDivisionList" [patchMaker.cpp:66]   --->   Operation 89 'call' 'c_V' <Predicate = true> <Delay = 1.10> <CoreType = "Generic">   --->   Core 0 '' <Latency = 0> <II = 1> <Delay = 1.00> <Generic> <Opcode : >
ST_12 : Operation 90 [1/7] (1.10ns)   --->   "%d_V = call i32 @straightLineProjectorFromLayerIJtoK, i32 %sext_ln46, i32 %wp_superpoints_load_2, i3 1, i3 %add_ln64, i3 5, i35 %radiiDivisionList" [patchMaker.cpp:67]   --->   Operation 90 'call' 'd_V' <Predicate = true> <Delay = 1.10> <CoreType = "Generic">   --->   Core 0 '' <Latency = 0> <II = 1> <Delay = 1.00> <Generic> <Opcode : >
ST_12 : Operation 91 [1/1] (0.00ns)   --->   "%sext_ln71 = sext i7 %sub_ln71" [patchMaker.cpp:71]   --->   Operation 91 'sext' 'sext_ln71' <Predicate = true> <Delay = 0.00>
ST_12 : Operation 92 [1/1] (0.00ns)   --->   "%wp_parameters_addr = getelementptr i32 %wp_parameters, i64 0, i64 %sext_ln71" [patchMaker.cpp:71]   --->   Operation 92 'getelementptr' 'wp_parameters_addr' <Predicate = true> <Delay = 0.00>
ST_12 : Operation 93 [1/1] (0.00ns)   --->   "%or_ln72 = or i7 %sub_ln71, i7 1" [patchMaker.cpp:72]   --->   Operation 93 'or' 'or_ln72' <Predicate = true> <Delay = 0.00>
ST_12 : Operation 94 [1/1] (0.00ns)   --->   "%sext_ln72 = sext i7 %or_ln72" [patchMaker.cpp:72]   --->   Operation 94 'sext' 'sext_ln72' <Predicate = true> <Delay = 0.00>
ST_12 : Operation 95 [1/1] (0.00ns)   --->   "%wp_parameters_addr_34 = getelementptr i32 %wp_parameters, i64 0, i64 %sext_ln72" [patchMaker.cpp:72]   --->   Operation 95 'getelementptr' 'wp_parameters_addr_34' <Predicate = true> <Delay = 0.00>
ST_12 : Operation 96 [1/1] (0.60ns)   --->   "%store_ln71 = store i32 %a_V, i7 %wp_parameters_addr" [patchMaker.cpp:71]   --->   Operation 96 'store' 'store_ln71' <Predicate = true> <Delay = 0.60> <CoreInst = "RAM">   --->   Core 83 'RAM' <Latency = 1> <II = 1> <Delay = 0.60> <Storage> <Opcode : 'load' 'store'> <Ports = 2> <Width = 32> <Depth = 120> <RAM>
ST_12 : Operation 97 [1/1] (0.60ns)   --->   "%store_ln72 = store i32 %b_V, i7 %wp_parameters_addr_34" [patchMaker.cpp:72]   --->   Operation 97 'store' 'store_ln72' <Predicate = true> <Delay = 0.60> <CoreInst = "RAM">   --->   Core 83 'RAM' <Latency = 1> <II = 1> <Delay = 0.60> <Storage> <Opcode : 'load' 'store'> <Ports = 2> <Width = 32> <Depth = 120> <RAM>

State 13 <SV = 12> <Delay = 1.30>
ST_13 : Operation 98 [1/1] (0.00ns)   --->   "%specloopname_ln59 = specloopname void @_ssdm_op_SpecLoopName, void @empty_10" [patchMaker.cpp:59]   --->   Operation 98 'specloopname' 'specloopname_ln59' <Predicate = true> <Delay = 0.00>
ST_13 : Operation 99 [1/1] (0.70ns)   --->   "%add_ln73 = add i7 %sub_ln71, i7 2" [patchMaker.cpp:73]   --->   Operation 99 'add' 'add_ln73' <Predicate = true> <Delay = 0.70> <CoreInst = "Adder">   --->   Core 1 'Adder' <Latency = 0> <II = 1> <Delay = 0.70> <FuncUnit> <Opcode : 'add' 'sub'> <InPorts = 2> <OutPorts = 1>
ST_13 : Operation 100 [1/1] (0.00ns)   --->   "%zext_ln73 = zext i7 %add_ln73" [patchMaker.cpp:73]   --->   Operation 100 'zext' 'zext_ln73' <Predicate = true> <Delay = 0.00>
ST_13 : Operation 101 [1/1] (0.00ns)   --->   "%wp_parameters_addr_35 = getelementptr i32 %wp_parameters, i64 0, i64 %zext_ln73" [patchMaker.cpp:73]   --->   Operation 101 'getelementptr' 'wp_parameters_addr_35' <Predicate = true> <Delay = 0.00>
ST_13 : Operation 102 [1/1] (0.70ns)   --->   "%add_ln74 = add i7 %sub_ln71, i7 3" [patchMaker.cpp:74]   --->   Operation 102 'add' 'add_ln74' <Predicate = true> <Delay = 0.70> <CoreInst = "Adder">   --->   Core 1 'Adder' <Latency = 0> <II = 1> <Delay = 0.70> <FuncUnit> <Opcode : 'add' 'sub'> <InPorts = 2> <OutPorts = 1>
ST_13 : Operation 103 [1/1] (0.00ns)   --->   "%zext_ln74 = zext i7 %add_ln74" [patchMaker.cpp:74]   --->   Operation 103 'zext' 'zext_ln74' <Predicate = true> <Delay = 0.00>
ST_13 : Operation 104 [1/1] (0.00ns)   --->   "%wp_parameters_addr_36 = getelementptr i32 %wp_parameters, i64 0, i64 %zext_ln74" [patchMaker.cpp:74]   --->   Operation 104 'getelementptr' 'wp_parameters_addr_36' <Predicate = true> <Delay = 0.00>
ST_13 : Operation 105 [1/1] (0.60ns)   --->   "%store_ln73 = store i32 %c_V, i7 %wp_parameters_addr_35" [patchMaker.cpp:73]   --->   Operation 105 'store' 'store_ln73' <Predicate = true> <Delay = 0.60> <CoreInst = "RAM">   --->   Core 83 'RAM' <Latency = 1> <II = 1> <Delay = 0.60> <Storage> <Opcode : 'load' 'store'> <Ports = 2> <Width = 32> <Depth = 120> <RAM>
ST_13 : Operation 106 [1/1] (0.60ns)   --->   "%store_ln74 = store i32 %d_V, i7 %wp_parameters_addr_36" [patchMaker.cpp:74]   --->   Operation 106 'store' 'store_ln74' <Predicate = true> <Delay = 0.60> <CoreInst = "RAM">   --->   Core 83 'RAM' <Latency = 1> <II = 1> <Delay = 0.60> <Storage> <Opcode : 'load' 'store'> <Ports = 2> <Width = 32> <Depth = 120> <RAM>
ST_13 : Operation 107 [1/1] (0.00ns)   --->   "%br_ln0 = br void"   --->   Operation 107 'br' 'br_ln0' <Predicate = true> <Delay = 0.00>


============================================================
+ Verbose Summary: Binding
============================================================
STG Binding: 
---------------- STG Properties BEGIN ----------------
- Is combinational: 0
- Is one-state seq: 0
- Is datapath-only: 0
- Is pipelined: 0
- Is top level: 0
Port [ Return ] is wired: 1; IO mode=ap_ctrl_hs:ce=0
Port [ wp_superpoints]:  wired=1; compound=1; hidden=0; nouse=0; global=0; static=0; extern=0; dir=0; type=1; pingpong=0; private_global=0; MemPort=[11]; IO mode=ap_memory:ce=0
Port [ wp_parameters]:  wired=1; compound=1; hidden=0; nouse=0; global=0; static=0; extern=0; dir=1; type=1; pingpong=0; private_global=0; MemPort=[00]; IO mode=ap_memory:ce=0
Port [ radiiDivisionList]:  wired=0; compound=1; hidden=1; nouse=1; global=1; static=1; extern=0; dir=0; type=1; pingpong=0; private_global=0; MemPort=[1]; IO mode=ap_memory:ce=0
---------------- STG Properties END ------------------

---------------- Datapath Model BEGIN ----------------

<LifeTime>
<method=bitvector/>
wp_superpoints_addr   (getelementptr    ) [ 00100000000000]
wp_superpoints_addr_2 (getelementptr    ) [ 00100000000000]
wp_superpoints_load   (load             ) [ 00010000000000]
icmp_ln878            (icmp             ) [ 00010000000000]
wp_superpoints_load_1 (load             ) [ 00010000000000]
icmp_ln878_14         (icmp             ) [ 00010000000000]
z1_min_V              (select           ) [ 00000000000000]
trunc_ln43            (trunc            ) [ 00000000000000]
z1_max_V              (select           ) [ 00000000000000]
trunc_ln44            (trunc            ) [ 00000000000000]
icmp_ln886            (icmp             ) [ 00000000000000]
z1_max_V_1            (select           ) [ 00000000000000]
sext_ln46             (sext             ) [ 00001111111111]
z1_min_V_1            (select           ) [ 00000000000000]
sext_ln43             (sext             ) [ 00001111111111]
br_ln59               (br               ) [ 00011111111111]
i                     (phi              ) [ 00001100000000]
tmp                   (bitconcatenate   ) [ 00000000000000]
or_ln61               (or               ) [ 00000000000000]
tmp_s                 (bitconcatenate   ) [ 00000000000000]
wp_superpoints_addr_3 (getelementptr    ) [ 00000100000000]
or_ln62               (or               ) [ 00000000000000]
tmp_24                (bitconcatenate   ) [ 00000000000000]
wp_superpoints_addr_4 (getelementptr    ) [ 00000100000000]
icmp_ln59             (icmp             ) [ 00001111111111]
empty                 (speclooptripcount) [ 00000000000000]
br_ln59               (br               ) [ 00000000000000]
ret_ln79              (ret              ) [ 00000000000000]
add_ln64              (add              ) [ 00011011111111]
wp_superpoints_load_2 (load             ) [ 00000010000000]
wp_superpoints_load_3 (load             ) [ 00000010000000]
add_ln71              (add              ) [ 00000010000000]
tmp_25                (bitconcatenate   ) [ 00000000000000]
zext_ln71             (zext             ) [ 00000000000000]
tmp_26                (bitconcatenate   ) [ 00000000000000]
zext_ln71_1           (zext             ) [ 00000000000000]
sub_ln71              (sub              ) [ 00000001111111]
add_ln75              (add              ) [ 00000000000000]
zext_ln75             (zext             ) [ 00000000000000]
wp_parameters_addr_37 (getelementptr    ) [ 00000000000000]
add_ln76              (add              ) [ 00000000000000]
zext_ln76             (zext             ) [ 00000000000000]
wp_parameters_addr_38 (getelementptr    ) [ 00000000000000]
store_ln75            (store            ) [ 00000000000000]
store_ln76            (store            ) [ 00000000000000]
a_V                   (call             ) [ 00000000000000]
b_V                   (call             ) [ 00000000000000]
c_V                   (call             ) [ 00000000000001]
d_V                   (call             ) [ 00000000000001]
sext_ln71             (sext             ) [ 00000000000000]
wp_parameters_addr    (getelementptr    ) [ 00000000000000]
or_ln72               (or               ) [ 00000000000000]
sext_ln72             (sext             ) [ 00000000000000]
wp_parameters_addr_34 (getelementptr    ) [ 00000000000000]
store_ln71            (store            ) [ 00000000000000]
store_ln72            (store            ) [ 00000000000000]
specloopname_ln59     (specloopname     ) [ 00000000000000]
add_ln73              (add              ) [ 00000000000000]
zext_ln73             (zext             ) [ 00000000000000]
wp_parameters_addr_35 (getelementptr    ) [ 00000000000000]
add_ln74              (add              ) [ 00000000000000]
zext_ln74             (zext             ) [ 00000000000000]
wp_parameters_addr_36 (getelementptr    ) [ 00000000000000]
store_ln73            (store            ) [ 00000000000000]
store_ln74            (store            ) [ 00000000000000]
br_ln0                (br               ) [ 00011111111111]
</LifeTime>

<model>

<comp_list>
<comp id="0" class="1000" name="wp_superpoints">
<pin_list>
<pin id="1" dir="1" index="0" bw="1" slack="0"/>
</pin_list>
<bind>
<StgValue><ssdm name="wp_superpoints"/><MemPortTyVec>1 1 </MemPortTyVec>
</StgValue>
</bind>
</comp>

<comp id="2" class="1000" name="wp_parameters">
<pin_list>
<pin id="3" dir="1" index="0" bw="1" slack="0"/>
</pin_list>
<bind>
<StgValue><ssdm name="wp_parameters"/><MemPortTyVec>0 0 </MemPortTyVec>
</StgValue>
</bind>
</comp>

<comp id="4" class="1000" name="radiiDivisionList">
<pin_list>
<pin id="5" dir="1" index="0" bw="1" slack="0"/>
</pin_list>
<bind>
<StgValue><ssdm name="radiiDivisionList"/><MemPortTyVec>1 </MemPortTyVec>
</StgValue>
</bind>
</comp>

<comp id="6" class="1001" name="const_6">
<pin_list>
<pin id="7" dir="1" index="0" bw="1" slack="0"/>
</pin_list>
<bind>
<StgValue><ssdm name=""/></StgValue>
</bind>
</comp>

<comp id="8" class="1001" name="const_8">
<pin_list>
<pin id="9" dir="1" index="0" bw="1" slack="0"/>
</pin_list>
<bind>
<StgValue><ssdm name=""/></StgValue>
</bind>
</comp>

<comp id="10" class="1001" name="const_10">
<pin_list>
<pin id="11" dir="1" index="0" bw="1" slack="0"/>
</pin_list>
<bind>
<StgValue><ssdm name=""/></StgValue>
</bind>
</comp>

<comp id="12" class="1001" name="const_12">
<pin_list>
<pin id="13" dir="1" index="0" bw="1" slack="0"/>
</pin_list>
<bind>
<StgValue><ssdm name=""/></StgValue>
</bind>
</comp>

<comp id="14" class="1001" name="const_14">
<pin_list>
<pin id="15" dir="1" index="0" bw="1" slack="0"/>
</pin_list>
<bind>
<StgValue><ssdm name=""/></StgValue>
</bind>
</comp>

<comp id="16" class="1001" name="const_16">
<pin_list>
<pin id="17" dir="1" index="0" bw="1" slack="0"/>
</pin_list>
<bind>
<StgValue><ssdm name=""/></StgValue>
</bind>
</comp>

<comp id="18" class="1001" name="const_18">
<pin_list>
<pin id="19" dir="1" index="0" bw="1" slack="0"/>
</pin_list>
<bind>
<StgValue><ssdm name=""/></StgValue>
</bind>
</comp>

<comp id="20" class="1001" name="const_20">
<pin_list>
<pin id="21" dir="1" index="0" bw="1" slack="0"/>
</pin_list>
<bind>
<StgValue><ssdm name="_ssdm_op_BitConcatenate.i8.i3.i5"/></StgValue>
</bind>
</comp>

<comp id="22" class="1001" name="const_22">
<pin_list>
<pin id="23" dir="1" index="0" bw="1" slack="0"/>
</pin_list>
<bind>
<StgValue><ssdm name=""/></StgValue>
</bind>
</comp>

<comp id="24" class="1001" name="const_24">
<pin_list>
<pin id="25" dir="1" index="0" bw="1" slack="0"/>
</pin_list>
<bind>
<StgValue><ssdm name=""/></StgValue>
</bind>
</comp>

<comp id="26" class="1001" name="const_26">
<pin_list>
<pin id="27" dir="1" index="0" bw="1" slack="0"/>
</pin_list>
<bind>
<StgValue><ssdm name="_ssdm_op_BitConcatenate.i64.i56.i8"/></StgValue>
</bind>
</comp>

<comp id="28" class="1001" name="const_28">
<pin_list>
<pin id="29" dir="1" index="0" bw="1" slack="0"/>
</pin_list>
<bind>
<StgValue><ssdm name=""/></StgValue>
</bind>
</comp>

<comp id="30" class="1001" name="const_30">
<pin_list>
<pin id="31" dir="1" index="0" bw="1" slack="0"/>
</pin_list>
<bind>
<StgValue><ssdm name=""/></StgValue>
</bind>
</comp>

<comp id="32" class="1001" name="const_32">
<pin_list>
<pin id="33" dir="1" index="0" bw="1" slack="0"/>
</pin_list>
<bind>
<StgValue><ssdm name=""/></StgValue>
</bind>
</comp>

<comp id="34" class="1001" name="const_34">
<pin_list>
<pin id="35" dir="1" index="0" bw="1" slack="2147483647"/>
</pin_list>
<bind>
<StgValue><ssdm name="_ssdm_op_SpecLoopTripCount"/></StgValue>
</bind>
</comp>

<comp id="36" class="1001" name="const_36">
<pin_list>
<pin id="37" dir="1" index="0" bw="1" slack="2147483647"/>
</pin_list>
<bind>
<StgValue><ssdm name=""/></StgValue>
</bind>
</comp>

<comp id="38" class="1001" name="const_38">
<pin_list>
<pin id="39" dir="1" index="0" bw="1" slack="0"/>
</pin_list>
<bind>
<StgValue><ssdm name=""/></StgValue>
</bind>
</comp>

<comp id="40" class="1001" name="const_40">
<pin_list>
<pin id="41" dir="1" index="0" bw="1" slack="0"/>
</pin_list>
<bind>
<StgValue><ssdm name="straightLineProjectorFromLayerIJtoK"/></StgValue>
</bind>
</comp>

<comp id="42" class="1001" name="const_42">
<pin_list>
<pin id="43" dir="1" index="0" bw="1" slack="0"/>
</pin_list>
<bind>
<StgValue><ssdm name="_ssdm_op_BitConcatenate.i6.i3.i3"/></StgValue>
</bind>
</comp>

<comp id="44" class="1001" name="const_44">
<pin_list>
<pin id="45" dir="1" index="0" bw="1" slack="0"/>
</pin_list>
<bind>
<StgValue><ssdm name=""/></StgValue>
</bind>
</comp>

<comp id="46" class="1001" name="const_46">
<pin_list>
<pin id="47" dir="1" index="0" bw="1" slack="0"/>
</pin_list>
<bind>
<StgValue><ssdm name="_ssdm_op_BitConcatenate.i4.i3.i1"/></StgValue>
</bind>
</comp>

<comp id="48" class="1001" name="const_48">
<pin_list>
<pin id="49" dir="1" index="0" bw="1" slack="0"/>
</pin_list>
<bind>
<StgValue><ssdm name=""/></StgValue>
</bind>
</comp>

<comp id="50" class="1001" name="const_50">
<pin_list>
<pin id="51" dir="1" index="0" bw="1" slack="0"/>
</pin_list>
<bind>
<StgValue><ssdm name=""/></StgValue>
</bind>
</comp>

<comp id="52" class="1001" name="const_52">
<pin_list>
<pin id="53" dir="1" index="0" bw="1" slack="0"/>
</pin_list>
<bind>
<StgValue><ssdm name=""/></StgValue>
</bind>
</comp>

<comp id="54" class="1001" name="const_54">
<pin_list>
<pin id="55" dir="1" index="0" bw="1" slack="0"/>
</pin_list>
<bind>
<StgValue><ssdm name=""/></StgValue>
</bind>
</comp>

<comp id="56" class="1001" name="const_56">
<pin_list>
<pin id="57" dir="1" index="0" bw="1" slack="2147483647"/>
</pin_list>
<bind>
<StgValue><ssdm name="_ssdm_op_SpecLoopName"/></StgValue>
</bind>
</comp>

<comp id="58" class="1001" name="const_58">
<pin_list>
<pin id="59" dir="1" index="0" bw="1" slack="2147483647"/>
</pin_list>
<bind>
<StgValue><ssdm name="empty_10"/></StgValue>
</bind>
</comp>

<comp id="60" class="1001" name="const_60">
<pin_list>
<pin id="61" dir="1" index="0" bw="1" slack="0"/>
</pin_list>
<bind>
<StgValue><ssdm name=""/></StgValue>
</bind>
</comp>

<comp id="62" class="1001" name="const_62">
<pin_list>
<pin id="63" dir="1" index="0" bw="1" slack="0"/>
</pin_list>
<bind>
<StgValue><ssdm name=""/></StgValue>
</bind>
</comp>

<comp id="64" class="1004" name="wp_superpoints_addr_gep_fu_64">
<pin_list>
<pin id="65" dir="0" index="0" bw="32" slack="0"/>
<pin id="66" dir="0" index="1" bw="1" slack="0"/>
<pin id="67" dir="0" index="2" bw="1" slack="0"/>
<pin id="68" dir="1" index="3" bw="8" slack="0"/>
</pin_list>
<bind>
<opcode="getelementptr(29) " fcode="getelementptr"/>
<opset="wp_superpoints_addr/1 "/>
</bind>
</comp>

<comp id="72" class="1004" name="wp_superpoints_addr_2_gep_fu_72">
<pin_list>
<pin id="73" dir="0" index="0" bw="32" slack="0"/>
<pin id="74" dir="0" index="1" bw="1" slack="0"/>
<pin id="75" dir="0" index="2" bw="6" slack="0"/>
<pin id="76" dir="1" index="3" bw="8" slack="0"/>
</pin_list>
<bind>
<opcode="getelementptr(29) " fcode="getelementptr"/>
<opset="wp_superpoints_addr_2/1 "/>
</bind>
</comp>

<comp id="80" class="1004" name="grp_access_fu_80">
<pin_list>
<pin id="81" dir="0" index="0" bw="8" slack="0"/>
<pin id="82" dir="0" index="1" bw="32" slack="2147483647"/>
<pin id="83" dir="0" index="2" bw="0" slack="0"/>
<pin id="85" dir="0" index="4" bw="8" slack="2147483647"/>
<pin id="86" dir="0" index="5" bw="32" slack="2147483647"/>
<pin id="87" dir="0" index="6" bw="0" slack="2147483647"/>
<pin id="84" dir="1" index="3" bw="32" slack="0"/>
<pin id="88" dir="1" index="7" bw="32" slack="0"/>
</pin_list>
<bind>
<opcode="load(27) " fcode="load"/>
<opset="wp_superpoints_load/1 wp_superpoints_load_1/1 wp_superpoints_load_2/4 wp_superpoints_load_3/4 "/>
</bind>
</comp>

<comp id="91" class="1004" name="wp_superpoints_addr_3_gep_fu_91">
<pin_list>
<pin id="92" dir="0" index="0" bw="32" slack="0"/>
<pin id="93" dir="0" index="1" bw="1" slack="0"/>
<pin id="94" dir="0" index="2" bw="64" slack="0"/>
<pin id="95" dir="1" index="3" bw="8" slack="0"/>
</pin_list>
<bind>
<opcode="getelementptr(29) " fcode="getelementptr"/>
<opset="wp_superpoints_addr_3/4 "/>
</bind>
</comp>

<comp id="98" class="1004" name="wp_superpoints_addr_4_gep_fu_98">
<pin_list>
<pin id="99" dir="0" index="0" bw="32" slack="0"/>
<pin id="100" dir="0" index="1" bw="1" slack="0"/>
<pin id="101" dir="0" index="2" bw="64" slack="0"/>
<pin id="102" dir="1" index="3" bw="8" slack="0"/>
</pin_list>
<bind>
<opcode="getelementptr(29) " fcode="getelementptr"/>
<opset="wp_superpoints_addr_4/4 "/>
</bind>
</comp>

<comp id="107" class="1004" name="wp_parameters_addr_37_gep_fu_107">
<pin_list>
<pin id="108" dir="0" index="0" bw="32" slack="0"/>
<pin id="109" dir="0" index="1" bw="1" slack="0"/>
<pin id="110" dir="0" index="2" bw="7" slack="0"/>
<pin id="111" dir="1" index="3" bw="7" slack="0"/>
</pin_list>
<bind>
<opcode="getelementptr(29) " fcode="getelementptr"/>
<opset="wp_parameters_addr_37/6 "/>
</bind>
</comp>

<comp id="114" class="1004" name="wp_parameters_addr_38_gep_fu_114">
<pin_list>
<pin id="115" dir="0" index="0" bw="32" slack="0"/>
<pin id="116" dir="0" index="1" bw="1" slack="0"/>
<pin id="117" dir="0" index="2" bw="7" slack="0"/>
<pin id="118" dir="1" index="3" bw="7" slack="0"/>
</pin_list>
<bind>
<opcode="getelementptr(29) " fcode="getelementptr"/>
<opset="wp_parameters_addr_38/6 "/>
</bind>
</comp>

<comp id="121" class="1004" name="grp_access_fu_121">
<pin_list>
<pin id="122" dir="0" index="0" bw="7" slack="0"/>
<pin id="123" dir="0" index="1" bw="32" slack="0"/>
<pin id="124" dir="0" index="2" bw="0" slack="0"/>
<pin id="126" dir="0" index="4" bw="7" slack="0"/>
<pin id="127" dir="0" index="5" bw="32" slack="2147483647"/>
<pin id="128" dir="0" index="6" bw="0" slack="2147483647"/>
<pin id="125" dir="1" index="3" bw="32" slack="2147483647"/>
<pin id="129" dir="1" index="7" bw="32" slack="2147483647"/>
</pin_list>
<bind>
<opcode="store(28) " fcode="store"/>
<opset="store_ln75/6 store_ln76/6 store_ln71/12 store_ln72/12 store_ln73/13 store_ln74/13 "/>
</bind>
</comp>

<comp id="132" class="1004" name="wp_parameters_addr_gep_fu_132">
<pin_list>
<pin id="133" dir="0" index="0" bw="32" slack="0"/>
<pin id="134" dir="0" index="1" bw="1" slack="0"/>
<pin id="135" dir="0" index="2" bw="7" slack="0"/>
<pin id="136" dir="1" index="3" bw="7" slack="0"/>
</pin_list>
<bind>
<opcode="getelementptr(29) " fcode="getelementptr"/>
<opset="wp_parameters_addr/12 "/>
</bind>
</comp>

<comp id="139" class="1004" name="wp_parameters_addr_34_gep_fu_139">
<pin_list>
<pin id="140" dir="0" index="0" bw="32" slack="0"/>
<pin id="141" dir="0" index="1" bw="1" slack="0"/>
<pin id="142" dir="0" index="2" bw="7" slack="0"/>
<pin id="143" dir="1" index="3" bw="7" slack="0"/>
</pin_list>
<bind>
<opcode="getelementptr(29) " fcode="getelementptr"/>
<opset="wp_parameters_addr_34/12 "/>
</bind>
</comp>

<comp id="148" class="1004" name="wp_parameters_addr_35_gep_fu_148">
<pin_list>
<pin id="149" dir="0" index="0" bw="32" slack="0"/>
<pin id="150" dir="0" index="1" bw="1" slack="0"/>
<pin id="151" dir="0" index="2" bw="7" slack="0"/>
<pin id="152" dir="1" index="3" bw="7" slack="0"/>
</pin_list>
<bind>
<opcode="getelementptr(29) " fcode="getelementptr"/>
<opset="wp_parameters_addr_35/13 "/>
</bind>
</comp>

<comp id="155" class="1004" name="wp_parameters_addr_36_gep_fu_155">
<pin_list>
<pin id="156" dir="0" index="0" bw="32" slack="0"/>
<pin id="157" dir="0" index="1" bw="1" slack="0"/>
<pin id="158" dir="0" index="2" bw="7" slack="0"/>
<pin id="159" dir="1" index="3" bw="7" slack="0"/>
</pin_list>
<bind>
<opcode="getelementptr(29) " fcode="getelementptr"/>
<opset="wp_parameters_addr_36/13 "/>
</bind>
</comp>

<comp id="164" class="1005" name="i_reg_164">
<pin_list>
<pin id="165" dir="0" index="0" bw="3" slack="1"/>
<pin id="166" dir="1" index="1" bw="3" slack="1"/>
</pin_list>
<bind>
<opset="i (phireg) "/>
</bind>
</comp>

<comp id="168" class="1004" name="i_phi_fu_168">
<pin_list>
<pin id="169" dir="0" index="0" bw="1" slack="1"/>
<pin id="170" dir="0" index="1" bw="0" slack="2147483647"/>
<pin id="171" dir="0" index="2" bw="3" slack="1"/>
<pin id="172" dir="0" index="3" bw="0" slack="2147483647"/>
<pin id="173" dir="1" index="4" bw="3" slack="0"/>
</pin_list>
<bind>
<opcode="phi(47) " fcode="phi"/>
<opset="i/4 "/>
</bind>
</comp>

<comp id="176" class="1004" name="grp_straightLineProjectorFromLayerIJtoK_fu_176">
<pin_list>
<pin id="177" dir="0" index="0" bw="32" slack="0"/>
<pin id="178" dir="0" index="1" bw="26" slack="3"/>
<pin id="179" dir="0" index="2" bw="32" slack="1"/>
<pin id="180" dir="0" index="3" bw="1" slack="0"/>
<pin id="181" dir="0" index="4" bw="3" slack="1"/>
<pin id="182" dir="0" index="5" bw="3" slack="0"/>
<pin id="183" dir="0" index="6" bw="35" slack="0"/>
<pin id="184" dir="1" index="7" bw="32" slack="0"/>
</pin_list>
<bind>
<opcode="call(48) " fcode="call"/>
<opset="a_V/6 "/>
</bind>
</comp>

<comp id="190" class="1004" name="grp_straightLineProjectorFromLayerIJtoK_fu_190">
<pin_list>
<pin id="191" dir="0" index="0" bw="32" slack="0"/>
<pin id="192" dir="0" index="1" bw="26" slack="3"/>
<pin id="193" dir="0" index="2" bw="32" slack="1"/>
<pin id="194" dir="0" index="3" bw="1" slack="0"/>
<pin id="195" dir="0" index="4" bw="3" slack="1"/>
<pin id="196" dir="0" index="5" bw="3" slack="0"/>
<pin id="197" dir="0" index="6" bw="35" slack="0"/>
<pin id="198" dir="1" index="7" bw="32" slack="0"/>
</pin_list>
<bind>
<opcode="call(48) " fcode="call"/>
<opset="b_V/6 "/>
</bind>
</comp>

<comp id="204" class="1004" name="grp_straightLineProjectorFromLayerIJtoK_fu_204">
<pin_list>
<pin id="205" dir="0" index="0" bw="32" slack="0"/>
<pin id="206" dir="0" index="1" bw="26" slack="3"/>
<pin id="207" dir="0" index="2" bw="32" slack="1"/>
<pin id="208" dir="0" index="3" bw="1" slack="0"/>
<pin id="209" dir="0" index="4" bw="3" slack="1"/>
<pin id="210" dir="0" index="5" bw="3" slack="0"/>
<pin id="211" dir="0" index="6" bw="35" slack="0"/>
<pin id="212" dir="1" index="7" bw="32" slack="1"/>
</pin_list>
<bind>
<opcode="call(48) " fcode="call"/>
<opset="c_V/6 "/>
</bind>
</comp>

<comp id="217" class="1004" name="grp_straightLineProjectorFromLayerIJtoK_fu_217">
<pin_list>
<pin id="218" dir="0" index="0" bw="32" slack="0"/>
<pin id="219" dir="0" index="1" bw="26" slack="3"/>
<pin id="220" dir="0" index="2" bw="32" slack="1"/>
<pin id="221" dir="0" index="3" bw="1" slack="0"/>
<pin id="222" dir="0" index="4" bw="3" slack="1"/>
<pin id="223" dir="0" index="5" bw="3" slack="0"/>
<pin id="224" dir="0" index="6" bw="35" slack="0"/>
<pin id="225" dir="1" index="7" bw="32" slack="1"/>
</pin_list>
<bind>
<opcode="call(48) " fcode="call"/>
<opset="d_V/6 "/>
</bind>
</comp>

<comp id="230" class="1005" name="reg_230">
<pin_list>
<pin id="231" dir="0" index="0" bw="32" slack="1"/>
<pin id="232" dir="1" index="1" bw="32" slack="1"/>
</pin_list>
<bind>
<opset="wp_superpoints_load wp_superpoints_load_2 "/>
</bind>
</comp>

<comp id="236" class="1005" name="reg_236">
<pin_list>
<pin id="237" dir="0" index="0" bw="32" slack="1"/>
<pin id="238" dir="1" index="1" bw="32" slack="1"/>
</pin_list>
<bind>
<opset="wp_superpoints_load_1 wp_superpoints_load_3 "/>
</bind>
</comp>

<comp id="242" class="1004" name="icmp_ln878_fu_242">
<pin_list>
<pin id="243" dir="0" index="0" bw="32" slack="0"/>
<pin id="244" dir="0" index="1" bw="32" slack="0"/>
<pin id="245" dir="1" index="2" bw="1" slack="1"/>
</pin_list>
<bind>
<opcode="icmp(45) " fcode="icmp"/>
<opset="icmp_ln878/2 "/>
</bind>
</comp>

<comp id="248" class="1004" name="icmp_ln878_14_fu_248">
<pin_list>
<pin id="249" dir="0" index="0" bw="32" slack="0"/>
<pin id="250" dir="0" index="1" bw="32" slack="0"/>
<pin id="251" dir="1" index="2" bw="1" slack="1"/>
</pin_list>
<bind>
<opcode="icmp(45) " fcode="icmp"/>
<opset="icmp_ln878_14/2 "/>
</bind>
</comp>

<comp id="254" class="1004" name="z1_min_V_fu_254">
<pin_list>
<pin id="255" dir="0" index="0" bw="1" slack="1"/>
<pin id="256" dir="0" index="1" bw="32" slack="0"/>
<pin id="257" dir="0" index="2" bw="32" slack="1"/>
<pin id="258" dir="1" index="3" bw="32" slack="0"/>
</pin_list>
<bind>
<opcode="select(49) " fcode="select"/>
<opset="z1_min_V/3 "/>
</bind>
</comp>

<comp id="261" class="1004" name="trunc_ln43_fu_261">
<pin_list>
<pin id="262" dir="0" index="0" bw="32" slack="0"/>
<pin id="263" dir="1" index="1" bw="26" slack="0"/>
</pin_list>
<bind>
<opcode="trunc(33) " fcode="trunc"/>
<opset="trunc_ln43/3 "/>
</bind>
</comp>

<comp id="265" class="1004" name="z1_max_V_fu_265">
<pin_list>
<pin id="266" dir="0" index="0" bw="1" slack="1"/>
<pin id="267" dir="0" index="1" bw="32" slack="1"/>
<pin id="268" dir="0" index="2" bw="32" slack="0"/>
<pin id="269" dir="1" index="3" bw="32" slack="0"/>
</pin_list>
<bind>
<opcode="select(49) " fcode="select"/>
<opset="z1_max_V/3 "/>
</bind>
</comp>

<comp id="272" class="1004" name="trunc_ln44_fu_272">
<pin_list>
<pin id="273" dir="0" index="0" bw="32" slack="0"/>
<pin id="274" dir="1" index="1" bw="26" slack="0"/>
</pin_list>
<bind>
<opcode="trunc(33) " fcode="trunc"/>
<opset="trunc_ln44/3 "/>
</bind>
</comp>

<comp id="276" class="1004" name="icmp_ln886_fu_276">
<pin_list>
<pin id="277" dir="0" index="0" bw="32" slack="0"/>
<pin id="278" dir="0" index="1" bw="32" slack="0"/>
<pin id="279" dir="1" index="2" bw="1" slack="0"/>
</pin_list>
<bind>
<opcode="icmp(45) " fcode="icmp"/>
<opset="icmp_ln886/3 "/>
</bind>
</comp>

<comp id="282" class="1004" name="z1_max_V_1_fu_282">
<pin_list>
<pin id="283" dir="0" index="0" bw="1" slack="0"/>
<pin id="284" dir="0" index="1" bw="26" slack="0"/>
<pin id="285" dir="0" index="2" bw="26" slack="0"/>
<pin id="286" dir="1" index="3" bw="26" slack="0"/>
</pin_list>
<bind>
<opcode="select(49) " fcode="select"/>
<opset="z1_max_V_1/3 "/>
</bind>
</comp>

<comp id="290" class="1004" name="sext_ln46_fu_290">
<pin_list>
<pin id="291" dir="0" index="0" bw="26" slack="0"/>
<pin id="292" dir="1" index="1" bw="32" slack="3"/>
</pin_list>
<bind>
<opcode="sext(35) " fcode="sext"/>
<opset="sext_ln46/3 "/>
</bind>
</comp>

<comp id="294" class="1004" name="z1_min_V_1_fu_294">
<pin_list>
<pin id="295" dir="0" index="0" bw="1" slack="0"/>
<pin id="296" dir="0" index="1" bw="26" slack="0"/>
<pin id="297" dir="0" index="2" bw="26" slack="0"/>
<pin id="298" dir="1" index="3" bw="26" slack="0"/>
</pin_list>
<bind>
<opcode="select(49) " fcode="select"/>
<opset="z1_min_V_1/3 "/>
</bind>
</comp>

<comp id="302" class="1004" name="sext_ln43_fu_302">
<pin_list>
<pin id="303" dir="0" index="0" bw="26" slack="0"/>
<pin id="304" dir="1" index="1" bw="32" slack="3"/>
</pin_list>
<bind>
<opcode="sext(35) " fcode="sext"/>
<opset="sext_ln43/3 "/>
</bind>
</comp>

<comp id="306" class="1004" name="tmp_fu_306">
<pin_list>
<pin id="307" dir="0" index="0" bw="8" slack="0"/>
<pin id="308" dir="0" index="1" bw="3" slack="0"/>
<pin id="309" dir="0" index="2" bw="1" slack="0"/>
<pin id="310" dir="1" index="3" bw="8" slack="0"/>
</pin_list>
<bind>
<opcode="bitconcatenate(1004) " fcode="bitconcatenate"/>
<opset="tmp/4 "/>
</bind>
</comp>

<comp id="314" class="1004" name="or_ln61_fu_314">
<pin_list>
<pin id="315" dir="0" index="0" bw="8" slack="0"/>
<pin id="316" dir="0" index="1" bw="8" slack="0"/>
<pin id="317" dir="1" index="2" bw="8" slack="0"/>
</pin_list>
<bind>
<opcode="or(24) " fcode="or"/>
<opset="or_ln61/4 "/>
</bind>
</comp>

<comp id="320" class="1004" name="tmp_s_fu_320">
<pin_list>
<pin id="321" dir="0" index="0" bw="64" slack="0"/>
<pin id="322" dir="0" index="1" bw="1" slack="0"/>
<pin id="323" dir="0" index="2" bw="8" slack="0"/>
<pin id="324" dir="1" index="3" bw="64" slack="0"/>
</pin_list>
<bind>
<opcode="bitconcatenate(1004) " fcode="bitconcatenate"/>
<opset="tmp_s/4 "/>
</bind>
</comp>

<comp id="329" class="1004" name="or_ln62_fu_329">
<pin_list>
<pin id="330" dir="0" index="0" bw="8" slack="0"/>
<pin id="331" dir="0" index="1" bw="8" slack="0"/>
<pin id="332" dir="1" index="2" bw="8" slack="0"/>
</pin_list>
<bind>
<opcode="or(24) " fcode="or"/>
<opset="or_ln62/4 "/>
</bind>
</comp>

<comp id="335" class="1004" name="tmp_24_fu_335">
<pin_list>
<pin id="336" dir="0" index="0" bw="64" slack="0"/>
<pin id="337" dir="0" index="1" bw="1" slack="0"/>
<pin id="338" dir="0" index="2" bw="8" slack="0"/>
<pin id="339" dir="1" index="3" bw="64" slack="0"/>
</pin_list>
<bind>
<opcode="bitconcatenate(1004) " fcode="bitconcatenate"/>
<opset="tmp_24/4 "/>
</bind>
</comp>

<comp id="344" class="1004" name="icmp_ln59_fu_344">
<pin_list>
<pin id="345" dir="0" index="0" bw="3" slack="0"/>
<pin id="346" dir="0" index="1" bw="3" slack="0"/>
<pin id="347" dir="1" index="2" bw="1" slack="2147483647"/>
</pin_list>
<bind>
<opcode="icmp(45) " fcode="icmp"/>
<opset="icmp_ln59/4 "/>
</bind>
</comp>

<comp id="350" class="1004" name="add_ln64_fu_350">
<pin_list>
<pin id="351" dir="0" index="0" bw="3" slack="1"/>
<pin id="352" dir="0" index="1" bw="1" slack="0"/>
<pin id="353" dir="1" index="2" bw="3" slack="1"/>
</pin_list>
<bind>
<opcode="add(8) " fcode="add"/>
<opset="add_ln64/5 "/>
</bind>
</comp>

<comp id="356" class="1004" name="add_ln71_fu_356">
<pin_list>
<pin id="357" dir="0" index="0" bw="3" slack="1"/>
<pin id="358" dir="0" index="1" bw="1" slack="0"/>
<pin id="359" dir="1" index="2" bw="3" slack="1"/>
</pin_list>
<bind>
<opcode="add(8) " fcode="add"/>
<opset="add_ln71/5 "/>
</bind>
</comp>

<comp id="362" class="1004" name="tmp_25_fu_362">
<pin_list>
<pin id="363" dir="0" index="0" bw="6" slack="0"/>
<pin id="364" dir="0" index="1" bw="3" slack="1"/>
<pin id="365" dir="0" index="2" bw="1" slack="0"/>
<pin id="366" dir="1" index="3" bw="6" slack="0"/>
</pin_list>
<bind>
<opcode="bitconcatenate(1004) " fcode="bitconcatenate"/>
<opset="tmp_25/6 "/>
</bind>
</comp>

<comp id="369" class="1004" name="zext_ln71_fu_369">
<pin_list>
<pin id="370" dir="0" index="0" bw="6" slack="0"/>
<pin id="371" dir="1" index="1" bw="7" slack="0"/>
</pin_list>
<bind>
<opcode="zext(34) " fcode="zext"/>
<opset="zext_ln71/6 "/>
</bind>
</comp>

<comp id="373" class="1004" name="tmp_26_fu_373">
<pin_list>
<pin id="374" dir="0" index="0" bw="4" slack="0"/>
<pin id="375" dir="0" index="1" bw="3" slack="1"/>
<pin id="376" dir="0" index="2" bw="1" slack="0"/>
<pin id="377" dir="1" index="3" bw="4" slack="0"/>
</pin_list>
<bind>
<opcode="bitconcatenate(1004) " fcode="bitconcatenate"/>
<opset="tmp_26/6 "/>
</bind>
</comp>

<comp id="380" class="1004" name="zext_ln71_1_fu_380">
<pin_list>
<pin id="381" dir="0" index="0" bw="4" slack="0"/>
<pin id="382" dir="1" index="1" bw="7" slack="0"/>
</pin_list>
<bind>
<opcode="zext(34) " fcode="zext"/>
<opset="zext_ln71_1/6 "/>
</bind>
</comp>

<comp id="384" class="1004" name="sub_ln71_fu_384">
<pin_list>
<pin id="385" dir="0" index="0" bw="6" slack="0"/>
<pin id="386" dir="0" index="1" bw="4" slack="0"/>
<pin id="387" dir="1" index="2" bw="7" slack="0"/>
</pin_list>
<bind>
<opcode="sub(10) " fcode="sub"/>
<opset="sub_ln71/6 "/>
</bind>
</comp>

<comp id="390" class="1004" name="add_ln75_fu_390">
<pin_list>
<pin id="391" dir="0" index="0" bw="7" slack="0"/>
<pin id="392" dir="0" index="1" bw="4" slack="0"/>
<pin id="393" dir="1" index="2" bw="7" slack="0"/>
</pin_list>
<bind>
<opcode="add(8) " fcode="add"/>
<opset="add_ln75/6 "/>
</bind>
</comp>

<comp id="396" class="1004" name="zext_ln75_fu_396">
<pin_list>
<pin id="397" dir="0" index="0" bw="7" slack="0"/>
<pin id="398" dir="1" index="1" bw="64" slack="0"/>
</pin_list>
<bind>
<opcode="zext(34) " fcode="zext"/>
<opset="zext_ln75/6 "/>
</bind>
</comp>

<comp id="401" class="1004" name="add_ln76_fu_401">
<pin_list>
<pin id="402" dir="0" index="0" bw="7" slack="0"/>
<pin id="403" dir="0" index="1" bw="4" slack="0"/>
<pin id="404" dir="1" index="2" bw="7" slack="0"/>
</pin_list>
<bind>
<opcode="add(8) " fcode="add"/>
<opset="add_ln76/6 "/>
</bind>
</comp>

<comp id="407" class="1004" name="zext_ln76_fu_407">
<pin_list>
<pin id="408" dir="0" index="0" bw="7" slack="0"/>
<pin id="409" dir="1" index="1" bw="64" slack="0"/>
</pin_list>
<bind>
<opcode="zext(34) " fcode="zext"/>
<opset="zext_ln76/6 "/>
</bind>
</comp>

<comp id="412" class="1004" name="sext_ln71_fu_412">
<pin_list>
<pin id="413" dir="0" index="0" bw="7" slack="6"/>
<pin id="414" dir="1" index="1" bw="64" slack="0"/>
</pin_list>
<bind>
<opcode="sext(35) " fcode="sext"/>
<opset="sext_ln71/12 "/>
</bind>
</comp>

<comp id="416" class="1004" name="or_ln72_fu_416">
<pin_list>
<pin id="417" dir="0" index="0" bw="7" slack="6"/>
<pin id="418" dir="0" index="1" bw="7" slack="0"/>
<pin id="419" dir="1" index="2" bw="7" slack="0"/>
</pin_list>
<bind>
<opcode="or(24) " fcode="or"/>
<opset="or_ln72/12 "/>
</bind>
</comp>

<comp id="421" class="1004" name="sext_ln72_fu_421">
<pin_list>
<pin id="422" dir="0" index="0" bw="7" slack="0"/>
<pin id="423" dir="1" index="1" bw="64" slack="0"/>
</pin_list>
<bind>
<opcode="sext(35) " fcode="sext"/>
<opset="sext_ln72/12 "/>
</bind>
</comp>

<comp id="426" class="1004" name="add_ln73_fu_426">
<pin_list>
<pin id="427" dir="0" index="0" bw="7" slack="7"/>
<pin id="428" dir="0" index="1" bw="3" slack="0"/>
<pin id="429" dir="1" index="2" bw="7" slack="0"/>
</pin_list>
<bind>
<opcode="add(8) " fcode="add"/>
<opset="add_ln73/13 "/>
</bind>
</comp>

<comp id="431" class="1004" name="zext_ln73_fu_431">
<pin_list>
<pin id="432" dir="0" index="0" bw="7" slack="0"/>
<pin id="433" dir="1" index="1" bw="64" slack="0"/>
</pin_list>
<bind>
<opcode="zext(34) " fcode="zext"/>
<opset="zext_ln73/13 "/>
</bind>
</comp>

<comp id="436" class="1004" name="add_ln74_fu_436">
<pin_list>
<pin id="437" dir="0" index="0" bw="7" slack="7"/>
<pin id="438" dir="0" index="1" bw="3" slack="0"/>
<pin id="439" dir="1" index="2" bw="7" slack="0"/>
</pin_list>
<bind>
<opcode="add(8) " fcode="add"/>
<opset="add_ln74/13 "/>
</bind>
</comp>

<comp id="441" class="1004" name="zext_ln74_fu_441">
<pin_list>
<pin id="442" dir="0" index="0" bw="7" slack="0"/>
<pin id="443" dir="1" index="1" bw="64" slack="0"/>
</pin_list>
<bind>
<opcode="zext(34) " fcode="zext"/>
<opset="zext_ln74/13 "/>
</bind>
</comp>

<comp id="446" class="1005" name="wp_superpoints_addr_reg_446">
<pin_list>
<pin id="447" dir="0" index="0" bw="8" slack="1"/>
<pin id="448" dir="1" index="1" bw="8" slack="1"/>
</pin_list>
<bind>
<opset="wp_superpoints_addr "/>
</bind>
</comp>

<comp id="451" class="1005" name="wp_superpoints_addr_2_reg_451">
<pin_list>
<pin id="452" dir="0" index="0" bw="8" slack="1"/>
<pin id="453" dir="1" index="1" bw="8" slack="1"/>
</pin_list>
<bind>
<opset="wp_superpoints_addr_2 "/>
</bind>
</comp>

<comp id="456" class="1005" name="icmp_ln878_reg_456">
<pin_list>
<pin id="457" dir="0" index="0" bw="1" slack="1"/>
<pin id="458" dir="1" index="1" bw="1" slack="1"/>
</pin_list>
<bind>
<opset="icmp_ln878 "/>
</bind>
</comp>

<comp id="461" class="1005" name="icmp_ln878_14_reg_461">
<pin_list>
<pin id="462" dir="0" index="0" bw="1" slack="1"/>
<pin id="463" dir="1" index="1" bw="1" slack="1"/>
</pin_list>
<bind>
<opset="icmp_ln878_14 "/>
</bind>
</comp>

<comp id="466" class="1005" name="sext_ln46_reg_466">
<pin_list>
<pin id="467" dir="0" index="0" bw="32" slack="3"/>
<pin id="468" dir="1" index="1" bw="32" slack="3"/>
</pin_list>
<bind>
<opset="sext_ln46 "/>
</bind>
</comp>

<comp id="473" class="1005" name="sext_ln43_reg_473">
<pin_list>
<pin id="474" dir="0" index="0" bw="32" slack="3"/>
<pin id="475" dir="1" index="1" bw="32" slack="3"/>
</pin_list>
<bind>
<opset="sext_ln43 "/>
</bind>
</comp>

<comp id="480" class="1005" name="wp_superpoints_addr_3_reg_480">
<pin_list>
<pin id="481" dir="0" index="0" bw="8" slack="1"/>
<pin id="482" dir="1" index="1" bw="8" slack="1"/>
</pin_list>
<bind>
<opset="wp_superpoints_addr_3 "/>
</bind>
</comp>

<comp id="485" class="1005" name="wp_superpoints_addr_4_reg_485">
<pin_list>
<pin id="486" dir="0" index="0" bw="8" slack="1"/>
<pin id="487" dir="1" index="1" bw="8" slack="1"/>
</pin_list>
<bind>
<opset="wp_superpoints_addr_4 "/>
</bind>
</comp>

<comp id="493" class="1005" name="add_ln64_reg_493">
<pin_list>
<pin id="494" dir="0" index="0" bw="3" slack="1"/>
<pin id="495" dir="1" index="1" bw="3" slack="1"/>
</pin_list>
<bind>
<opset="add_ln64 "/>
</bind>
</comp>

<comp id="502" class="1005" name="add_ln71_reg_502">
<pin_list>
<pin id="503" dir="0" index="0" bw="3" slack="1"/>
<pin id="504" dir="1" index="1" bw="3" slack="1"/>
</pin_list>
<bind>
<opset="add_ln71 "/>
</bind>
</comp>

<comp id="508" class="1005" name="sub_ln71_reg_508">
<pin_list>
<pin id="509" dir="0" index="0" bw="7" slack="6"/>
<pin id="510" dir="1" index="1" bw="7" slack="6"/>
</pin_list>
<bind>
<opset="sub_ln71 "/>
</bind>
</comp>

<comp id="516" class="1005" name="c_V_reg_516">
<pin_list>
<pin id="517" dir="0" index="0" bw="32" slack="1"/>
<pin id="518" dir="1" index="1" bw="32" slack="1"/>
</pin_list>
<bind>
<opset="c_V "/>
</bind>
</comp>

<comp id="521" class="1005" name="d_V_reg_521">
<pin_list>
<pin id="522" dir="0" index="0" bw="32" slack="1"/>
<pin id="523" dir="1" index="1" bw="32" slack="1"/>
</pin_list>
<bind>
<opset="d_V "/>
</bind>
</comp>

</comp_list>

<net_list>
<net id="69"><net_src comp="0" pin="0"/><net_sink comp="64" pin=0"/></net>

<net id="70"><net_src comp="6" pin="0"/><net_sink comp="64" pin=1"/></net>

<net id="71"><net_src comp="8" pin="0"/><net_sink comp="64" pin=2"/></net>

<net id="77"><net_src comp="0" pin="0"/><net_sink comp="72" pin=0"/></net>

<net id="78"><net_src comp="6" pin="0"/><net_sink comp="72" pin=1"/></net>

<net id="79"><net_src comp="10" pin="0"/><net_sink comp="72" pin=2"/></net>

<net id="89"><net_src comp="64" pin="3"/><net_sink comp="80" pin=2"/></net>

<net id="90"><net_src comp="72" pin="3"/><net_sink comp="80" pin=0"/></net>

<net id="96"><net_src comp="0" pin="0"/><net_sink comp="91" pin=0"/></net>

<net id="97"><net_src comp="6" pin="0"/><net_sink comp="91" pin=1"/></net>

<net id="103"><net_src comp="0" pin="0"/><net_sink comp="98" pin=0"/></net>

<net id="104"><net_src comp="6" pin="0"/><net_sink comp="98" pin=1"/></net>

<net id="105"><net_src comp="91" pin="3"/><net_sink comp="80" pin=2"/></net>

<net id="106"><net_src comp="98" pin="3"/><net_sink comp="80" pin=0"/></net>

<net id="112"><net_src comp="2" pin="0"/><net_sink comp="107" pin=0"/></net>

<net id="113"><net_src comp="6" pin="0"/><net_sink comp="107" pin=1"/></net>

<net id="119"><net_src comp="2" pin="0"/><net_sink comp="114" pin=0"/></net>

<net id="120"><net_src comp="6" pin="0"/><net_sink comp="114" pin=1"/></net>

<net id="130"><net_src comp="107" pin="3"/><net_sink comp="121" pin=2"/></net>

<net id="131"><net_src comp="114" pin="3"/><net_sink comp="121" pin=0"/></net>

<net id="137"><net_src comp="2" pin="0"/><net_sink comp="132" pin=0"/></net>

<net id="138"><net_src comp="6" pin="0"/><net_sink comp="132" pin=1"/></net>

<net id="144"><net_src comp="2" pin="0"/><net_sink comp="139" pin=0"/></net>

<net id="145"><net_src comp="6" pin="0"/><net_sink comp="139" pin=1"/></net>

<net id="146"><net_src comp="132" pin="3"/><net_sink comp="121" pin=2"/></net>

<net id="147"><net_src comp="139" pin="3"/><net_sink comp="121" pin=0"/></net>

<net id="153"><net_src comp="2" pin="0"/><net_sink comp="148" pin=0"/></net>

<net id="154"><net_src comp="6" pin="0"/><net_sink comp="148" pin=1"/></net>

<net id="160"><net_src comp="2" pin="0"/><net_sink comp="155" pin=0"/></net>

<net id="161"><net_src comp="6" pin="0"/><net_sink comp="155" pin=1"/></net>

<net id="162"><net_src comp="148" pin="3"/><net_sink comp="121" pin=2"/></net>

<net id="163"><net_src comp="155" pin="3"/><net_sink comp="121" pin=0"/></net>

<net id="167"><net_src comp="18" pin="0"/><net_sink comp="164" pin=0"/></net>

<net id="174"><net_src comp="164" pin="1"/><net_sink comp="168" pin=0"/></net>

<net id="175"><net_src comp="168" pin="4"/><net_sink comp="164" pin=0"/></net>

<net id="185"><net_src comp="176" pin="7"/><net_sink comp="121" pin=4"/></net>

<net id="186"><net_src comp="40" pin="0"/><net_sink comp="176" pin=0"/></net>

<net id="187"><net_src comp="18" pin="0"/><net_sink comp="176" pin=3"/></net>

<net id="188"><net_src comp="32" pin="0"/><net_sink comp="176" pin=5"/></net>

<net id="189"><net_src comp="4" pin="0"/><net_sink comp="176" pin=6"/></net>

<net id="199"><net_src comp="190" pin="7"/><net_sink comp="121" pin=1"/></net>

<net id="200"><net_src comp="40" pin="0"/><net_sink comp="190" pin=0"/></net>

<net id="201"><net_src comp="18" pin="0"/><net_sink comp="190" pin=3"/></net>

<net id="202"><net_src comp="32" pin="0"/><net_sink comp="190" pin=5"/></net>

<net id="203"><net_src comp="4" pin="0"/><net_sink comp="190" pin=6"/></net>

<net id="213"><net_src comp="40" pin="0"/><net_sink comp="204" pin=0"/></net>

<net id="214"><net_src comp="18" pin="0"/><net_sink comp="204" pin=3"/></net>

<net id="215"><net_src comp="32" pin="0"/><net_sink comp="204" pin=5"/></net>

<net id="216"><net_src comp="4" pin="0"/><net_sink comp="204" pin=6"/></net>

<net id="226"><net_src comp="40" pin="0"/><net_sink comp="217" pin=0"/></net>

<net id="227"><net_src comp="18" pin="0"/><net_sink comp="217" pin=3"/></net>

<net id="228"><net_src comp="32" pin="0"/><net_sink comp="217" pin=5"/></net>

<net id="229"><net_src comp="4" pin="0"/><net_sink comp="217" pin=6"/></net>

<net id="233"><net_src comp="80" pin="7"/><net_sink comp="230" pin=0"/></net>

<net id="234"><net_src comp="230" pin="1"/><net_sink comp="204" pin=2"/></net>

<net id="235"><net_src comp="230" pin="1"/><net_sink comp="217" pin=2"/></net>

<net id="239"><net_src comp="80" pin="3"/><net_sink comp="236" pin=0"/></net>

<net id="240"><net_src comp="236" pin="1"/><net_sink comp="176" pin=2"/></net>

<net id="241"><net_src comp="236" pin="1"/><net_sink comp="190" pin=2"/></net>

<net id="246"><net_src comp="80" pin="7"/><net_sink comp="242" pin=0"/></net>

<net id="247"><net_src comp="12" pin="0"/><net_sink comp="242" pin=1"/></net>

<net id="252"><net_src comp="80" pin="3"/><net_sink comp="248" pin=0"/></net>

<net id="253"><net_src comp="14" pin="0"/><net_sink comp="248" pin=1"/></net>

<net id="259"><net_src comp="12" pin="0"/><net_sink comp="254" pin=1"/></net>

<net id="260"><net_src comp="230" pin="1"/><net_sink comp="254" pin=2"/></net>

<net id="264"><net_src comp="254" pin="3"/><net_sink comp="261" pin=0"/></net>

<net id="270"><net_src comp="236" pin="1"/><net_sink comp="265" pin=1"/></net>

<net id="271"><net_src comp="14" pin="0"/><net_sink comp="265" pin=2"/></net>

<net id="275"><net_src comp="265" pin="3"/><net_sink comp="272" pin=0"/></net>

<net id="280"><net_src comp="254" pin="3"/><net_sink comp="276" pin=0"/></net>

<net id="281"><net_src comp="265" pin="3"/><net_sink comp="276" pin=1"/></net>

<net id="287"><net_src comp="276" pin="2"/><net_sink comp="282" pin=0"/></net>

<net id="288"><net_src comp="16" pin="0"/><net_sink comp="282" pin=1"/></net>

<net id="289"><net_src comp="272" pin="1"/><net_sink comp="282" pin=2"/></net>

<net id="293"><net_src comp="282" pin="3"/><net_sink comp="290" pin=0"/></net>

<net id="299"><net_src comp="276" pin="2"/><net_sink comp="294" pin=0"/></net>

<net id="300"><net_src comp="16" pin="0"/><net_sink comp="294" pin=1"/></net>

<net id="301"><net_src comp="261" pin="1"/><net_sink comp="294" pin=2"/></net>

<net id="305"><net_src comp="294" pin="3"/><net_sink comp="302" pin=0"/></net>

<net id="311"><net_src comp="20" pin="0"/><net_sink comp="306" pin=0"/></net>

<net id="312"><net_src comp="168" pin="4"/><net_sink comp="306" pin=1"/></net>

<net id="313"><net_src comp="22" pin="0"/><net_sink comp="306" pin=2"/></net>

<net id="318"><net_src comp="306" pin="3"/><net_sink comp="314" pin=0"/></net>

<net id="319"><net_src comp="24" pin="0"/><net_sink comp="314" pin=1"/></net>

<net id="325"><net_src comp="26" pin="0"/><net_sink comp="320" pin=0"/></net>

<net id="326"><net_src comp="28" pin="0"/><net_sink comp="320" pin=1"/></net>

<net id="327"><net_src comp="314" pin="2"/><net_sink comp="320" pin=2"/></net>

<net id="328"><net_src comp="320" pin="3"/><net_sink comp="91" pin=2"/></net>

<net id="333"><net_src comp="306" pin="3"/><net_sink comp="329" pin=0"/></net>

<net id="334"><net_src comp="30" pin="0"/><net_sink comp="329" pin=1"/></net>

<net id="340"><net_src comp="26" pin="0"/><net_sink comp="335" pin=0"/></net>

<net id="341"><net_src comp="28" pin="0"/><net_sink comp="335" pin=1"/></net>

<net id="342"><net_src comp="329" pin="2"/><net_sink comp="335" pin=2"/></net>

<net id="343"><net_src comp="335" pin="3"/><net_sink comp="98" pin=2"/></net>

<net id="348"><net_src comp="168" pin="4"/><net_sink comp="344" pin=0"/></net>

<net id="349"><net_src comp="32" pin="0"/><net_sink comp="344" pin=1"/></net>

<net id="354"><net_src comp="164" pin="1"/><net_sink comp="350" pin=0"/></net>

<net id="355"><net_src comp="18" pin="0"/><net_sink comp="350" pin=1"/></net>

<net id="360"><net_src comp="164" pin="1"/><net_sink comp="356" pin=0"/></net>

<net id="361"><net_src comp="38" pin="0"/><net_sink comp="356" pin=1"/></net>

<net id="367"><net_src comp="42" pin="0"/><net_sink comp="362" pin=0"/></net>

<net id="368"><net_src comp="44" pin="0"/><net_sink comp="362" pin=2"/></net>

<net id="372"><net_src comp="362" pin="3"/><net_sink comp="369" pin=0"/></net>

<net id="378"><net_src comp="46" pin="0"/><net_sink comp="373" pin=0"/></net>

<net id="379"><net_src comp="48" pin="0"/><net_sink comp="373" pin=2"/></net>

<net id="383"><net_src comp="373" pin="3"/><net_sink comp="380" pin=0"/></net>

<net id="388"><net_src comp="369" pin="1"/><net_sink comp="384" pin=0"/></net>

<net id="389"><net_src comp="380" pin="1"/><net_sink comp="384" pin=1"/></net>

<net id="394"><net_src comp="384" pin="2"/><net_sink comp="390" pin=0"/></net>

<net id="395"><net_src comp="50" pin="0"/><net_sink comp="390" pin=1"/></net>

<net id="399"><net_src comp="390" pin="2"/><net_sink comp="396" pin=0"/></net>

<net id="400"><net_src comp="396" pin="1"/><net_sink comp="107" pin=2"/></net>

<net id="405"><net_src comp="384" pin="2"/><net_sink comp="401" pin=0"/></net>

<net id="406"><net_src comp="52" pin="0"/><net_sink comp="401" pin=1"/></net>

<net id="410"><net_src comp="401" pin="2"/><net_sink comp="407" pin=0"/></net>

<net id="411"><net_src comp="407" pin="1"/><net_sink comp="114" pin=2"/></net>

<net id="415"><net_src comp="412" pin="1"/><net_sink comp="132" pin=2"/></net>

<net id="420"><net_src comp="54" pin="0"/><net_sink comp="416" pin=1"/></net>

<net id="424"><net_src comp="416" pin="2"/><net_sink comp="421" pin=0"/></net>

<net id="425"><net_src comp="421" pin="1"/><net_sink comp="139" pin=2"/></net>

<net id="430"><net_src comp="60" pin="0"/><net_sink comp="426" pin=1"/></net>

<net id="434"><net_src comp="426" pin="2"/><net_sink comp="431" pin=0"/></net>

<net id="435"><net_src comp="431" pin="1"/><net_sink comp="148" pin=2"/></net>

<net id="440"><net_src comp="62" pin="0"/><net_sink comp="436" pin=1"/></net>

<net id="444"><net_src comp="436" pin="2"/><net_sink comp="441" pin=0"/></net>

<net id="445"><net_src comp="441" pin="1"/><net_sink comp="155" pin=2"/></net>

<net id="449"><net_src comp="64" pin="3"/><net_sink comp="446" pin=0"/></net>

<net id="450"><net_src comp="446" pin="1"/><net_sink comp="80" pin=2"/></net>

<net id="454"><net_src comp="72" pin="3"/><net_sink comp="451" pin=0"/></net>

<net id="455"><net_src comp="451" pin="1"/><net_sink comp="80" pin=0"/></net>

<net id="459"><net_src comp="242" pin="2"/><net_sink comp="456" pin=0"/></net>

<net id="460"><net_src comp="456" pin="1"/><net_sink comp="254" pin=0"/></net>

<net id="464"><net_src comp="248" pin="2"/><net_sink comp="461" pin=0"/></net>

<net id="465"><net_src comp="461" pin="1"/><net_sink comp="265" pin=0"/></net>

<net id="469"><net_src comp="290" pin="1"/><net_sink comp="466" pin=0"/></net>

<net id="470"><net_src comp="466" pin="1"/><net_sink comp="190" pin=1"/></net>

<net id="471"><net_src comp="466" pin="1"/><net_sink comp="217" pin=1"/></net>

<net id="472"><net_src comp="466" pin="1"/><net_sink comp="121" pin=1"/></net>

<net id="476"><net_src comp="302" pin="1"/><net_sink comp="473" pin=0"/></net>

<net id="477"><net_src comp="473" pin="1"/><net_sink comp="176" pin=1"/></net>

<net id="478"><net_src comp="473" pin="1"/><net_sink comp="204" pin=1"/></net>

<net id="479"><net_src comp="473" pin="1"/><net_sink comp="121" pin=4"/></net>

<net id="483"><net_src comp="91" pin="3"/><net_sink comp="480" pin=0"/></net>

<net id="484"><net_src comp="480" pin="1"/><net_sink comp="80" pin=2"/></net>

<net id="488"><net_src comp="98" pin="3"/><net_sink comp="485" pin=0"/></net>

<net id="489"><net_src comp="485" pin="1"/><net_sink comp="80" pin=0"/></net>

<net id="496"><net_src comp="350" pin="2"/><net_sink comp="493" pin=0"/></net>

<net id="497"><net_src comp="493" pin="1"/><net_sink comp="168" pin=2"/></net>

<net id="498"><net_src comp="493" pin="1"/><net_sink comp="176" pin=4"/></net>

<net id="499"><net_src comp="493" pin="1"/><net_sink comp="190" pin=4"/></net>

<net id="500"><net_src comp="493" pin="1"/><net_sink comp="204" pin=4"/></net>

<net id="501"><net_src comp="493" pin="1"/><net_sink comp="217" pin=4"/></net>

<net id="505"><net_src comp="356" pin="2"/><net_sink comp="502" pin=0"/></net>

<net id="506"><net_src comp="502" pin="1"/><net_sink comp="362" pin=1"/></net>

<net id="507"><net_src comp="502" pin="1"/><net_sink comp="373" pin=1"/></net>

<net id="511"><net_src comp="384" pin="2"/><net_sink comp="508" pin=0"/></net>

<net id="512"><net_src comp="508" pin="1"/><net_sink comp="412" pin=0"/></net>

<net id="513"><net_src comp="508" pin="1"/><net_sink comp="416" pin=0"/></net>

<net id="514"><net_src comp="508" pin="1"/><net_sink comp="426" pin=0"/></net>

<net id="515"><net_src comp="508" pin="1"/><net_sink comp="436" pin=0"/></net>

<net id="519"><net_src comp="204" pin="7"/><net_sink comp="516" pin=0"/></net>

<net id="520"><net_src comp="516" pin="1"/><net_sink comp="121" pin=4"/></net>

<net id="524"><net_src comp="217" pin="7"/><net_sink comp="521" pin=0"/></net>

<net id="525"><net_src comp="521" pin="1"/><net_sink comp="121" pin=1"/></net>

</net_list>

</model> 
---------------- Datapath Model END ------------------

* FSMD analyzer results:
  - Output states:
	Port: wp_superpoints | {}
	Port: wp_parameters | {6 12 13 }
	Port: radiiDivisionList | {}
 - Input state : 
	Port: getParallelograms : wp_superpoints | {1 2 4 5 }
	Port: getParallelograms : wp_parameters | {}
	Port: getParallelograms : radiiDivisionList | {7 8 }
  - Chain level:
	State 1
		wp_superpoints_load : 1
		wp_superpoints_load_1 : 1
	State 2
		icmp_ln878 : 1
		icmp_ln878_14 : 1
	State 3
		trunc_ln43 : 1
		trunc_ln44 : 1
		icmp_ln886 : 1
		z1_max_V_1 : 2
		sext_ln46 : 3
		z1_min_V_1 : 2
		sext_ln43 : 3
	State 4
		tmp : 1
		or_ln61 : 2
		tmp_s : 2
		wp_superpoints_addr_3 : 3
		or_ln62 : 2
		tmp_24 : 2
		wp_superpoints_addr_4 : 3
		icmp_ln59 : 1
		br_ln59 : 2
		wp_superpoints_load_2 : 4
		wp_superpoints_load_3 : 4
	State 5
	State 6
		zext_ln71 : 1
		zext_ln71_1 : 1
		sub_ln71 : 2
		add_ln75 : 3
		zext_ln75 : 4
		wp_parameters_addr_37 : 5
		add_ln76 : 3
		zext_ln76 : 4
		wp_parameters_addr_38 : 5
		store_ln75 : 6
		store_ln76 : 6
	State 7
	State 8
	State 9
	State 10
	State 11
	State 12
		wp_parameters_addr : 1
		wp_parameters_addr_34 : 1
		store_ln71 : 2
		store_ln72 : 2
	State 13
		zext_ln73 : 1
		wp_parameters_addr_35 : 2
		zext_ln74 : 1
		wp_parameters_addr_36 : 2
		store_ln73 : 3
		store_ln74 : 3


============================================================
+ Verbose Summary: Datapath Resource usage 
============================================================

* Functional unit list:
|----------|------------------------------------------------|---------|---------|---------|---------|
| Operation|                 Functional Unit                |   DSP   |  Delay  |    FF   |   LUT   |
|----------|------------------------------------------------|---------|---------|---------|---------|
|          | grp_straightLineProjectorFromLayerIJtoK_fu_176 |    0    |  1.161  |   505   |   348   |
|   call   | grp_straightLineProjectorFromLayerIJtoK_fu_190 |    0    |  1.161  |   505   |   348   |
|          | grp_straightLineProjectorFromLayerIJtoK_fu_204 |    0    |  1.161  |   505   |   348   |
|          | grp_straightLineProjectorFromLayerIJtoK_fu_217 |    0    |  1.161  |   505   |   348   |
|----------|------------------------------------------------|---------|---------|---------|---------|
|          |                 z1_min_V_fu_254                |    0    |    0    |    0    |    32   |
|  select  |                 z1_max_V_fu_265                |    0    |    0    |    0    |    32   |
|          |                z1_max_V_1_fu_282               |    0    |    0    |    0    |    26   |
|          |                z1_min_V_1_fu_294               |    0    |    0    |    0    |    26   |
|----------|------------------------------------------------|---------|---------|---------|---------|
|          |                 add_ln64_fu_350                |    0    |    0    |    0    |    10   |
|          |                 add_ln71_fu_356                |    0    |    0    |    0    |    10   |
|    add   |                 add_ln75_fu_390                |    0    |    0    |    0    |    14   |
|          |                 add_ln76_fu_401                |    0    |    0    |    0    |    14   |
|          |                 add_ln73_fu_426                |    0    |    0    |    0    |    14   |
|          |                 add_ln74_fu_436                |    0    |    0    |    0    |    14   |
|----------|------------------------------------------------|---------|---------|---------|---------|
|          |                icmp_ln878_fu_242               |    0    |    0    |    0    |    20   |
|   icmp   |              icmp_ln878_14_fu_248              |    0    |    0    |    0    |    20   |
|          |                icmp_ln886_fu_276               |    0    |    0    |    0    |    20   |
|          |                icmp_ln59_fu_344                |    0    |    0    |    0    |    8    |
|----------|------------------------------------------------|---------|---------|---------|---------|
|    sub   |                 sub_ln71_fu_384                |    0    |    0    |    0    |    13   |
|----------|------------------------------------------------|---------|---------|---------|---------|
|   trunc  |                trunc_ln43_fu_261               |    0    |    0    |    0    |    0    |
|          |                trunc_ln44_fu_272               |    0    |    0    |    0    |    0    |
|----------|------------------------------------------------|---------|---------|---------|---------|
|          |                sext_ln46_fu_290                |    0    |    0    |    0    |    0    |
|   sext   |                sext_ln43_fu_302                |    0    |    0    |    0    |    0    |
|          |                sext_ln71_fu_412                |    0    |    0    |    0    |    0    |
|          |                sext_ln72_fu_421                |    0    |    0    |    0    |    0    |
|----------|------------------------------------------------|---------|---------|---------|---------|
|          |                   tmp_fu_306                   |    0    |    0    |    0    |    0    |
|          |                  tmp_s_fu_320                  |    0    |    0    |    0    |    0    |
|bitconcatenate|                  tmp_24_fu_335                 |    0    |    0    |    0    |    0    |
|          |                  tmp_25_fu_362                 |    0    |    0    |    0    |    0    |
|          |                  tmp_26_fu_373                 |    0    |    0    |    0    |    0    |
|----------|------------------------------------------------|---------|---------|---------|---------|
|          |                 or_ln61_fu_314                 |    0    |    0    |    0    |    0    |
|    or    |                 or_ln62_fu_329                 |    0    |    0    |    0    |    0    |
|          |                 or_ln72_fu_416                 |    0    |    0    |    0    |    0    |
|----------|------------------------------------------------|---------|---------|---------|---------|
|          |                zext_ln71_fu_369                |    0    |    0    |    0    |    0    |
|          |               zext_ln71_1_fu_380               |    0    |    0    |    0    |    0    |
|   zext   |                zext_ln75_fu_396                |    0    |    0    |    0    |    0    |
|          |                zext_ln76_fu_407                |    0    |    0    |    0    |    0    |
|          |                zext_ln73_fu_431                |    0    |    0    |    0    |    0    |
|          |                zext_ln74_fu_441                |    0    |    0    |    0    |    0    |
|----------|------------------------------------------------|---------|---------|---------|---------|
|   Total  |                                                |    0    |  4.644  |   2020  |   1665  |
|----------|------------------------------------------------|---------|---------|---------|---------|

Memories:
N/A

* Register list:
+-----------------------------+--------+
|                             |   FF   |
+-----------------------------+--------+
|       add_ln64_reg_493      |    3   |
|       add_ln71_reg_502      |    3   |
|         c_V_reg_516         |   32   |
|         d_V_reg_521         |   32   |
|          i_reg_164          |    3   |
|    icmp_ln878_14_reg_461    |    1   |
|      icmp_ln878_reg_456     |    1   |
|           reg_230           |   32   |
|           reg_236           |   32   |
|      sext_ln43_reg_473      |   32   |
|      sext_ln46_reg_466      |   32   |
|       sub_ln71_reg_508      |    7   |
|wp_superpoints_addr_2_reg_451|    8   |
|wp_superpoints_addr_3_reg_480|    8   |
|wp_superpoints_addr_4_reg_485|    8   |
| wp_superpoints_addr_reg_446 |    8   |
+-----------------------------+--------+
|            Total            |   242  |
+-----------------------------+--------+

* Multiplexer (MUX) list: 
|-------------------|------|------|------|--------||---------||---------|
|        Comp       |  Pin | Size |  BW  | S x BW ||  Delay  ||   LUT   |
|-------------------|------|------|------|--------||---------||---------|
|  grp_access_fu_80 |  p0  |   4  |   8  |   32   ||    20   |
|  grp_access_fu_80 |  p2  |   4  |   0  |    0   ||    20   |
| grp_access_fu_121 |  p0  |   3  |   7  |   21   ||    14   |
| grp_access_fu_121 |  p1  |   3  |  32  |   96   ||    14   |
| grp_access_fu_121 |  p2  |   3  |   0  |    0   ||    14   |
| grp_access_fu_121 |  p4  |   3  |   7  |   21   ||    14   |
|     i_reg_164     |  p0  |   2  |   3  |    6   ||    9    |
|-------------------|------|------|------|--------||---------||---------|
|       Total       |      |      |      |   176  || 2.97186 ||   105   |
|-------------------|------|------|------|--------||---------||---------|



* Summary:
+-----------+--------+--------+--------+--------+
|           |   DSP  |  Delay |   FF   |   LUT  |
+-----------+--------+--------+--------+--------+
|  Function |    0   |    4   |  2020  |  1665  |
|   Memory  |    -   |    -   |    -   |    -   |
|Multiplexer|    -   |    2   |    -   |   105  |
|  Register |    -   |    -   |   242  |    -   |
+-----------+--------+--------+--------+--------+
|   Total   |    0   |    7   |  2262  |  1770  |
+-----------+--------+--------+--------+--------+
