

================================================================
== Vitis HLS Report for 'getShadows'
================================================================
* Date:           Mon Aug  5 17:48:27 2024

* Version:        2020.2 (Build 3064766 on Wed Nov 18 09:12:45 MST 2020)
* Project:        PatchMaker_tanishGit
* Solution:       solutionSC4 (Vivado IP Flow Target)
* Product family: virtexuplus
* Target device:  xcvu19p-fsvb3824-2-e


================================================================
== Performance Estimates
================================================================
+ Timing: 
    * Summary: 
    +--------+---------+----------+------------+
    |  Clock |  Target | Estimated| Uncertainty|
    +--------+---------+----------+------------+
    |ap_clk  |  3.00 ns|  2.190 ns|     0.81 ns|
    +--------+---------+----------+------------+

+ Latency: 
    * Summary: 
    +---------+---------+----------+----------+-----+-----+---------+
    |  Latency (cycles) |  Latency (absolute) |  Interval | Pipeline|
    |   min   |   max   |    min   |    max   | min | max |   Type  |
    +---------+---------+----------+----------+-----+-----+---------+
    |      117|      117|  0.351 us|  0.351 us|  117|  117|     none|
    +---------+---------+----------+----------+-----+-----+---------+

    + Detail: 
        * Instance: 
        N/A

        * Loop: 
        +-------------------------------+---------+---------+----------+-----------+-----------+------+----------+
        |                               |  Latency (cycles) | Iteration|  Initiation Interval  | Trip |          |
        |           Loop Name           |   min   |   max   |  Latency |  achieved |   target  | Count| Pipelined|
        +-------------------------------+---------+---------+----------+-----------+-----------+------+----------+
        |- getShadows_settingtopArrays  |      108|      108|        27|          -|          -|     4|        no|
        |- getShadows_maxFinding_loop   |        6|        6|         2|          -|          -|     3|        no|
        +-------------------------------+---------+---------+----------+-----------+-----------+------+----------+

============================================================
+ Verbose Summary: Synthesis Manager
============================================================
InlineROM: 1
ExposeGlobal: 0
============================================================
+ Verbose Summary: CDFG Model
============================================================
IsTopModel: 0
ResetActiveHigh: 1
IsCombinational: 0
IsDatapathOnly: 0
HasWiredReturn: 1
HasMFsm: 0
HasVarLatency: 1
IsPipeline: 0
IsRtlPipelined: 0
IsInstanceOverlapped: 0
IsDontTouch: 0
HasImplIP: 0
IsGatedGlobalClock: 0


============================================================
+ Verbose Summary: Schedule
============================================================
* Number of FSM states : 31
* Pipeline : 0
* Dataflow Pipeline: 0

* FSM state transitions: 
1 --> 2 
2 --> 3 29 
3 --> 4 
4 --> 5 
5 --> 6 
6 --> 7 
7 --> 8 
8 --> 9 
9 --> 10 
10 --> 11 
11 --> 12 
12 --> 13 
13 --> 14 
14 --> 15 
15 --> 16 
16 --> 17 
17 --> 18 
18 --> 19 
19 --> 20 
20 --> 21 
21 --> 22 
22 --> 23 
23 --> 24 
24 --> 25 
25 --> 26 
26 --> 27 
27 --> 28 
28 --> 2 
29 --> 30 
30 --> 31 
31 --> 30 

* FSM state operations: 

State 1 <SV = 0> <Delay = 1.08>
ST_1 : Operation 32 [1/1] (0.00ns)   --->   "%topL_jL_V_3_1 = alloca i32 1"   --->   Operation 32 'alloca' 'topL_jL_V_3_1' <Predicate = true> <Delay = 0.00>
ST_1 : Operation 33 [1/1] (0.00ns)   --->   "%topL_jR_V_3 = alloca i32 1"   --->   Operation 33 'alloca' 'topL_jR_V_3' <Predicate = true> <Delay = 0.00>
ST_1 : Operation 34 [1/1] (0.00ns)   --->   "%topR_jL_V_3 = alloca i32 1"   --->   Operation 34 'alloca' 'topR_jL_V_3' <Predicate = true> <Delay = 0.00>
ST_1 : Operation 35 [1/1] (0.00ns)   --->   "%topR_jR_V_3 = alloca i32 1"   --->   Operation 35 'alloca' 'topR_jR_V_3' <Predicate = true> <Delay = 0.00>
ST_1 : Operation 36 [1/1] (0.00ns)   --->   "%topL_jL_V_3_2 = alloca i32 1"   --->   Operation 36 'alloca' 'topL_jL_V_3_2' <Predicate = true> <Delay = 0.00>
ST_1 : Operation 37 [1/1] (0.00ns)   --->   "%topL_jL_V_3_4 = alloca i32 1"   --->   Operation 37 'alloca' 'topL_jL_V_3_4' <Predicate = true> <Delay = 0.00>
ST_1 : Operation 38 [1/1] (0.00ns)   --->   "%topL_jL_V_3_5 = alloca i32 1"   --->   Operation 38 'alloca' 'topL_jL_V_3_5' <Predicate = true> <Delay = 0.00>
ST_1 : Operation 39 [1/1] (0.00ns)   --->   "%topL_jR_V_3_1 = alloca i32 1"   --->   Operation 39 'alloca' 'topL_jR_V_3_1' <Predicate = true> <Delay = 0.00>
ST_1 : Operation 40 [1/1] (0.00ns)   --->   "%topL_jR_V_3_2 = alloca i32 1"   --->   Operation 40 'alloca' 'topL_jR_V_3_2' <Predicate = true> <Delay = 0.00>
ST_1 : Operation 41 [1/1] (0.00ns)   --->   "%topL_jR_V_3_3 = alloca i32 1"   --->   Operation 41 'alloca' 'topL_jR_V_3_3' <Predicate = true> <Delay = 0.00>
ST_1 : Operation 42 [1/1] (0.00ns)   --->   "%topR_jL_V_3_1 = alloca i32 1"   --->   Operation 42 'alloca' 'topR_jL_V_3_1' <Predicate = true> <Delay = 0.00>
ST_1 : Operation 43 [1/1] (0.00ns)   --->   "%topR_jL_V_3_2 = alloca i32 1"   --->   Operation 43 'alloca' 'topR_jL_V_3_2' <Predicate = true> <Delay = 0.00>
ST_1 : Operation 44 [1/1] (0.00ns)   --->   "%topR_jL_V_3_3 = alloca i32 1"   --->   Operation 44 'alloca' 'topR_jL_V_3_3' <Predicate = true> <Delay = 0.00>
ST_1 : Operation 45 [1/1] (0.00ns)   --->   "%topR_jR_V_3_1 = alloca i32 1"   --->   Operation 45 'alloca' 'topR_jR_V_3_1' <Predicate = true> <Delay = 0.00>
ST_1 : Operation 46 [1/1] (0.00ns)   --->   "%topR_jR_V_3_2 = alloca i32 1"   --->   Operation 46 'alloca' 'topR_jR_V_3_2' <Predicate = true> <Delay = 0.00>
ST_1 : Operation 47 [1/1] (0.00ns)   --->   "%topR_jR_V_3_3 = alloca i32 1"   --->   Operation 47 'alloca' 'topR_jR_V_3_3' <Predicate = true> <Delay = 0.00>
ST_1 : Operation 48 [1/1] (0.00ns)   --->   "%zTopMax_read = read i32 @_ssdm_op_Read.ap_auto.i32, i32 %zTopMax" [patchMaker.cpp:281]   --->   Operation 48 'read' 'zTopMax_read' <Predicate = true> <Delay = 0.00>
ST_1 : Operation 49 [1/1] (0.00ns)   --->   "%zTopMin_read = read i32 @_ssdm_op_Read.ap_auto.i32, i32 %zTopMin" [patchMaker.cpp:281]   --->   Operation 49 'read' 'zTopMin_read' <Predicate = true> <Delay = 0.00>
ST_1 : Operation 50 [1/1] (0.00ns)   --->   "%wp_parameters_offset_read = read i1 @_ssdm_op_Read.ap_auto.i1, i1 %wp_parameters_offset" [patchMaker.cpp:281]   --->   Operation 50 'read' 'wp_parameters_offset_read' <Predicate = true> <Delay = 0.00>
ST_1 : Operation 51 [1/1] (0.00ns)   --->   "%wp_superpoints_offset_read = read i1 @_ssdm_op_Read.ap_auto.i1, i1 %wp_superpoints_offset" [patchMaker.cpp:281]   --->   Operation 51 'read' 'wp_superpoints_offset_read' <Predicate = true> <Delay = 0.00>
ST_1 : Operation 52 [1/1] (0.29ns)   --->   "%select_ln281 = select i1 %wp_parameters_offset_read, i64 24, i64 0" [patchMaker.cpp:281]   --->   Operation 52 'select' 'select_ln281' <Predicate = true> <Delay = 0.29> <CoreInst = "Sel">   --->   Core 73 'Sel' <Latency = 0> <II = 1> <Delay = 0.22> <FuncUnit> <Opcode : 'select'> <InPorts = 3> <OutPorts = 1>
ST_1 : Operation 53 [1/1] (0.00ns)   --->   "%wp_parameters_addr = getelementptr i32 %wp_parameters, i64 0, i64 %select_ln281" [patchMaker.cpp:281]   --->   Operation 53 'getelementptr' 'wp_parameters_addr' <Predicate = true> <Delay = 0.00>
ST_1 : Operation 54 [1/1] (0.29ns)   --->   "%select_ln282 = select i1 %wp_parameters_offset_read, i64 26, i64 2" [patchMaker.cpp:282]   --->   Operation 54 'select' 'select_ln282' <Predicate = true> <Delay = 0.29> <CoreInst = "Sel">   --->   Core 73 'Sel' <Latency = 0> <II = 1> <Delay = 0.22> <FuncUnit> <Opcode : 'select'> <InPorts = 3> <OutPorts = 1>
ST_1 : Operation 55 [1/1] (0.00ns)   --->   "%wp_parameters_addr_4 = getelementptr i32 %wp_parameters, i64 0, i64 %select_ln282" [patchMaker.cpp:282]   --->   Operation 55 'getelementptr' 'wp_parameters_addr_4' <Predicate = true> <Delay = 0.00>
ST_1 : Operation 56 [1/1] (0.29ns)   --->   "%select_ln283 = select i1 %wp_parameters_offset_read, i64 28, i64 4" [patchMaker.cpp:283]   --->   Operation 56 'select' 'select_ln283' <Predicate = true> <Delay = 0.29> <CoreInst = "Sel">   --->   Core 73 'Sel' <Latency = 0> <II = 1> <Delay = 0.22> <FuncUnit> <Opcode : 'select'> <InPorts = 3> <OutPorts = 1>
ST_1 : Operation 57 [1/1] (0.00ns)   --->   "%wp_parameters_addr_5 = getelementptr i32 %wp_parameters, i64 0, i64 %select_ln283" [patchMaker.cpp:283]   --->   Operation 57 'getelementptr' 'wp_parameters_addr_5' <Predicate = true> <Delay = 0.00>
ST_1 : Operation 58 [1/1] (0.29ns)   --->   "%select_ln284 = select i1 %wp_parameters_offset_read, i64 30, i64 6" [patchMaker.cpp:284]   --->   Operation 58 'select' 'select_ln284' <Predicate = true> <Delay = 0.29> <CoreInst = "Sel">   --->   Core 73 'Sel' <Latency = 0> <II = 1> <Delay = 0.22> <FuncUnit> <Opcode : 'select'> <InPorts = 3> <OutPorts = 1>
ST_1 : Operation 59 [1/1] (0.00ns)   --->   "%wp_parameters_addr_6 = getelementptr i32 %wp_parameters, i64 0, i64 %select_ln284" [patchMaker.cpp:284]   --->   Operation 59 'getelementptr' 'wp_parameters_addr_6' <Predicate = true> <Delay = 0.00>
ST_1 : Operation 60 [1/1] (0.35ns)   --->   "%select_ln272_cast = select i1 %wp_superpoints_offset_read, i4 5, i4 0" [patchMaker.cpp:281]   --->   Operation 60 'select' 'select_ln272_cast' <Predicate = true> <Delay = 0.35> <CoreInst = "Sel">   --->   Core 73 'Sel' <Latency = 0> <II = 1> <Delay = 0.22> <FuncUnit> <Opcode : 'select'> <InPorts = 3> <OutPorts = 1>
ST_1 : Operation 61 [1/1] (0.85ns)   --->   "%icmp_ln878 = icmp_slt  i32 %zTopMin_read, i32 4244967196"   --->   Operation 61 'icmp' 'icmp_ln878' <Predicate = true> <Delay = 0.85> <CoreInst = "Cmp">   --->   Core 9 'Cmp' <Latency = 0> <II = 1> <Delay = 0.85> <FuncUnit> <Opcode : 'icmp'> <InPorts = 2> <OutPorts = 1>
ST_1 : Operation 62 [1/1] (0.22ns)   --->   "%select_ln257 = select i1 %icmp_ln878, i32 4244967196, i32 %zTopMin_read" [patchMaker.cpp:257]   --->   Operation 62 'select' 'select_ln257' <Predicate = true> <Delay = 0.22> <CoreInst = "Sel">   --->   Core 73 'Sel' <Latency = 0> <II = 1> <Delay = 0.22> <FuncUnit> <Opcode : 'select'> <InPorts = 3> <OutPorts = 1>
ST_1 : Operation 63 [1/1] (0.85ns)   --->   "%icmp_ln878_9 = icmp_slt  i32 %zTopMax_read, i32 50000100"   --->   Operation 63 'icmp' 'icmp_ln878_9' <Predicate = true> <Delay = 0.85> <CoreInst = "Cmp">   --->   Core 9 'Cmp' <Latency = 0> <II = 1> <Delay = 0.85> <FuncUnit> <Opcode : 'icmp'> <InPorts = 2> <OutPorts = 1>
ST_1 : Operation 64 [1/1] (0.22ns)   --->   "%select_ln258 = select i1 %icmp_ln878_9, i32 %zTopMax_read, i32 50000100" [patchMaker.cpp:258]   --->   Operation 64 'select' 'select_ln258' <Predicate = true> <Delay = 0.22> <CoreInst = "Sel">   --->   Core 73 'Sel' <Latency = 0> <II = 1> <Delay = 0.22> <FuncUnit> <Opcode : 'select'> <InPorts = 3> <OutPorts = 1>
ST_1 : Operation 65 [1/1] (0.38ns)   --->   "%br_ln267 = br void" [patchMaker.cpp:267]   --->   Operation 65 'br' 'br_ln267' <Predicate = true> <Delay = 0.38>

State 2 <SV = 1> <Delay = 1.90>
ST_2 : Operation 66 [1/1] (0.00ns)   --->   "%i = phi i3 0, void, i3 %add_ln275, void %.split230517293" [patchMaker.cpp:275]   --->   Operation 66 'phi' 'i' <Predicate = true> <Delay = 0.00>
ST_2 : Operation 67 [1/1] (0.57ns)   --->   "%add_ln275 = add i3 %i, i3 1" [patchMaker.cpp:275]   --->   Operation 67 'add' 'add_ln275' <Predicate = true> <Delay = 0.57> <CoreInst = "Adder">   --->   Core 1 'Adder' <Latency = 0> <II = 1> <Delay = 0.57> <FuncUnit> <Opcode : 'add' 'sub'> <InPorts = 2> <OutPorts = 1>
ST_2 : Operation 68 [1/1] (0.00ns)   --->   "%topL_jL_V_3_1_load = load i32 %topL_jL_V_3_1" [patchMaker.cpp:281]   --->   Operation 68 'load' 'topL_jL_V_3_1_load' <Predicate = true> <Delay = 0.00>
ST_2 : Operation 69 [1/1] (0.00ns)   --->   "%topL_jR_V_3_load = load i32 %topL_jR_V_3" [patchMaker.cpp:282]   --->   Operation 69 'load' 'topL_jR_V_3_load' <Predicate = true> <Delay = 0.00>
ST_2 : Operation 70 [1/1] (0.00ns)   --->   "%topR_jL_V_3_load = load i32 %topR_jL_V_3" [patchMaker.cpp:283]   --->   Operation 70 'load' 'topR_jL_V_3_load' <Predicate = true> <Delay = 0.00>
ST_2 : Operation 71 [1/1] (0.00ns)   --->   "%topR_jR_V_3_load = load i32 %topR_jR_V_3" [patchMaker.cpp:284]   --->   Operation 71 'load' 'topR_jR_V_3_load' <Predicate = true> <Delay = 0.00>
ST_2 : Operation 72 [1/1] (0.00ns)   --->   "%zext_ln272 = zext i3 %i" [patchMaker.cpp:272]   --->   Operation 72 'zext' 'zext_ln272' <Predicate = true> <Delay = 0.00>
ST_2 : Operation 73 [1/1] (0.70ns)   --->   "%add_ln272 = add i4 %select_ln272_cast, i4 %zext_ln272" [patchMaker.cpp:272]   --->   Operation 73 'add' 'add_ln272' <Predicate = true> <Delay = 0.70> <CoreInst = "Adder">   --->   Core 1 'Adder' <Latency = 0> <II = 1> <Delay = 0.57> <FuncUnit> <Opcode : 'add' 'sub'> <InPorts = 2> <OutPorts = 1>
ST_2 : Operation 74 [1/1] (0.00ns)   --->   "%tmp = bitconcatenate i8 @_ssdm_op_BitConcatenate.i8.i4.i4, i4 %add_ln272, i4 0" [patchMaker.cpp:272]   --->   Operation 74 'bitconcatenate' 'tmp' <Predicate = true> <Delay = 0.00>
ST_2 : Operation 75 [1/1] (0.00ns)   --->   "%zext_ln272_1 = zext i8 %tmp" [patchMaker.cpp:272]   --->   Operation 75 'zext' 'zext_ln272_1' <Predicate = true> <Delay = 0.00>
ST_2 : Operation 76 [1/1] (0.00ns)   --->   "%wp_superpoints_addr = getelementptr i64 %wp_superpoints, i64 0, i64 %zext_ln272_1" [patchMaker.cpp:272]   --->   Operation 76 'getelementptr' 'wp_superpoints_addr' <Predicate = true> <Delay = 0.00>
ST_2 : Operation 77 [1/1] (0.00ns)   --->   "%or_ln273 = or i8 %tmp, i8 15" [patchMaker.cpp:273]   --->   Operation 77 'or' 'or_ln273' <Predicate = true> <Delay = 0.00>
ST_2 : Operation 78 [1/1] (0.00ns)   --->   "%zext_ln273 = zext i8 %or_ln273" [patchMaker.cpp:273]   --->   Operation 78 'zext' 'zext_ln273' <Predicate = true> <Delay = 0.00>
ST_2 : Operation 79 [1/1] (0.00ns)   --->   "%wp_superpoints_addr_1 = getelementptr i64 %wp_superpoints, i64 0, i64 %zext_ln273" [patchMaker.cpp:273]   --->   Operation 79 'getelementptr' 'wp_superpoints_addr_1' <Predicate = true> <Delay = 0.00>
ST_2 : Operation 80 [1/1] (0.49ns)   --->   "%icmp_ln267 = icmp_eq  i3 %i, i3 4" [patchMaker.cpp:267]   --->   Operation 80 'icmp' 'icmp_ln267' <Predicate = true> <Delay = 0.49> <CoreInst = "Cmp">   --->   Core 9 'Cmp' <Latency = 0> <II = 1> <Delay = 0.85> <FuncUnit> <Opcode : 'icmp'> <InPorts = 2> <OutPorts = 1>
ST_2 : Operation 81 [1/1] (0.00ns)   --->   "%empty = speclooptripcount i32 @_ssdm_op_SpecLoopTripCount, i64 4, i64 4, i64 4"   --->   Operation 81 'speclooptripcount' 'empty' <Predicate = true> <Delay = 0.00>
ST_2 : Operation 82 [1/1] (0.00ns)   --->   "%br_ln267 = br i1 %icmp_ln267, void %.split2, void" [patchMaker.cpp:267]   --->   Operation 82 'br' 'br_ln267' <Predicate = true> <Delay = 0.00>
ST_2 : Operation 83 [2/2] (1.20ns)   --->   "%packedCoordinates_V = load i8 %wp_superpoints_addr" [patchMaker.cpp:272]   --->   Operation 83 'load' 'packedCoordinates_V' <Predicate = (!icmp_ln267)> <Delay = 1.20> <CoreInst = "RAM">   --->   Core 83 'RAM' <Latency = 1> <II = 1> <Delay = 1.20> <Storage> <Opcode : 'load' 'store'> <Ports = 2> <Width = 64> <Depth = 240> <RAM>
ST_2 : Operation 84 [1/1] (0.00ns)   --->   "%trunc_ln275 = trunc i3 %i" [patchMaker.cpp:275]   --->   Operation 84 'trunc' 'trunc_ln275' <Predicate = (!icmp_ln267)> <Delay = 0.00>
ST_2 : Operation 85 [1/1] (0.00ns)   --->   "%topL_jL_V_3_6 = alloca i32 1"   --->   Operation 85 'alloca' 'topL_jL_V_3_6' <Predicate = (icmp_ln267)> <Delay = 0.00>
ST_2 : Operation 86 [1/1] (0.00ns)   --->   "%empty_92 = alloca i32 1"   --->   Operation 86 'alloca' 'empty_92' <Predicate = (icmp_ln267)> <Delay = 0.00>
ST_2 : Operation 87 [1/1] (0.00ns)   --->   "%empty_93 = alloca i32 1"   --->   Operation 87 'alloca' 'empty_93' <Predicate = (icmp_ln267)> <Delay = 0.00>
ST_2 : Operation 88 [1/1] (0.00ns)   --->   "%empty_94 = alloca i32 1"   --->   Operation 88 'alloca' 'empty_94' <Predicate = (icmp_ln267)> <Delay = 0.00>
ST_2 : Operation 89 [1/1] (0.60ns)   --->   "%store_ln281 = store i32 %topL_jL_V_3_1_load, i7 %wp_parameters_addr" [patchMaker.cpp:281]   --->   Operation 89 'store' 'store_ln281' <Predicate = (icmp_ln267)> <Delay = 0.60> <CoreInst = "RAM">   --->   Core 83 'RAM' <Latency = 1> <II = 1> <Delay = 0.60> <Storage> <Opcode : 'load' 'store'> <Ports = 2> <Width = 32> <Depth = 72> <RAM>
ST_2 : Operation 90 [1/1] (0.60ns)   --->   "%store_ln282 = store i32 %topL_jR_V_3_load, i7 %wp_parameters_addr_4" [patchMaker.cpp:282]   --->   Operation 90 'store' 'store_ln282' <Predicate = (icmp_ln267)> <Delay = 0.60> <CoreInst = "RAM">   --->   Core 83 'RAM' <Latency = 1> <II = 1> <Delay = 0.60> <Storage> <Opcode : 'load' 'store'> <Ports = 2> <Width = 32> <Depth = 72> <RAM>
ST_2 : Operation 91 [1/1] (0.38ns)   --->   "%store_ln288 = store i32 %topR_jR_V_3_load, i32 %empty_94" [patchMaker.cpp:288]   --->   Operation 91 'store' 'store_ln288' <Predicate = (icmp_ln267)> <Delay = 0.38>
ST_2 : Operation 92 [1/1] (0.38ns)   --->   "%store_ln288 = store i32 %topR_jL_V_3_load, i32 %empty_93" [patchMaker.cpp:288]   --->   Operation 92 'store' 'store_ln288' <Predicate = (icmp_ln267)> <Delay = 0.38>
ST_2 : Operation 93 [1/1] (0.38ns)   --->   "%store_ln288 = store i32 %topL_jR_V_3_load, i32 %empty_92" [patchMaker.cpp:288]   --->   Operation 93 'store' 'store_ln288' <Predicate = (icmp_ln267)> <Delay = 0.38>
ST_2 : Operation 94 [1/1] (0.38ns)   --->   "%store_ln288 = store i32 %topL_jL_V_3_1_load, i32 %topL_jL_V_3_6" [patchMaker.cpp:288]   --->   Operation 94 'store' 'store_ln288' <Predicate = (icmp_ln267)> <Delay = 0.38>

State 3 <SV = 2> <Delay = 1.20>
ST_3 : Operation 95 [1/2] (1.20ns)   --->   "%packedCoordinates_V = load i8 %wp_superpoints_addr" [patchMaker.cpp:272]   --->   Operation 95 'load' 'packedCoordinates_V' <Predicate = true> <Delay = 1.20> <CoreInst = "RAM">   --->   Core 83 'RAM' <Latency = 1> <II = 1> <Delay = 1.20> <Storage> <Opcode : 'load' 'store'> <Ports = 2> <Width = 64> <Depth = 240> <RAM>
ST_3 : Operation 96 [1/1] (0.00ns)   --->   "%z_j_min_V = trunc i64 %packedCoordinates_V"   --->   Operation 96 'trunc' 'z_j_min_V' <Predicate = true> <Delay = 0.00>

State 4 <SV = 3> <Delay = 2.16>
ST_4 : Operation 97 [1/1] (0.00ns)   --->   "%zext_ln275 = zext i2 %trunc_ln275" [patchMaker.cpp:275]   --->   Operation 97 'zext' 'zext_ln275' <Predicate = true> <Delay = 0.00>
ST_4 : Operation 98 [1/1] (0.43ns)   --->   "%add_ln275_1 = add i3 %zext_ln275, i3 1" [patchMaker.cpp:275]   --->   Operation 98 'add' 'add_ln275_1' <Predicate = true> <Delay = 0.43> <CoreInst = "Adder">   --->   Core 1 'Adder' <Latency = 0> <II = 1> <Delay = 0.57> <FuncUnit> <Opcode : 'add' 'sub'> <InPorts = 2> <OutPorts = 1>
ST_4 : Operation 99 [7/7] (1.73ns)   --->   "%topL_jL_V_0 = call i32 @straightLineProjectorFromLayerIJtoK, i32 %select_ln257, i32 %z_j_min_V, i3 5, i3 %add_ln275_1, i3 1, i35 %radiiDivisionList" [patchMaker.cpp:275]   --->   Operation 99 'call' 'topL_jL_V_0' <Predicate = true> <Delay = 1.73> <CoreType = "Generic">   --->   Core 0 '' <Latency = 0> <II = 1> <Delay = 1.00> <Generic> <Opcode : >

State 5 <SV = 4> <Delay = 2.19>
ST_5 : Operation 100 [6/7] (2.19ns)   --->   "%topL_jL_V_0 = call i32 @straightLineProjectorFromLayerIJtoK, i32 %select_ln257, i32 %z_j_min_V, i3 5, i3 %add_ln275_1, i3 1, i35 %radiiDivisionList" [patchMaker.cpp:275]   --->   Operation 100 'call' 'topL_jL_V_0' <Predicate = true> <Delay = 2.19> <CoreType = "Generic">   --->   Core 0 '' <Latency = 0> <II = 1> <Delay = 1.00> <Generic> <Opcode : >

State 6 <SV = 5> <Delay = 2.19>
ST_6 : Operation 101 [5/7] (2.19ns)   --->   "%topL_jL_V_0 = call i32 @straightLineProjectorFromLayerIJtoK, i32 %select_ln257, i32 %z_j_min_V, i3 5, i3 %add_ln275_1, i3 1, i35 %radiiDivisionList" [patchMaker.cpp:275]   --->   Operation 101 'call' 'topL_jL_V_0' <Predicate = true> <Delay = 2.19> <CoreType = "Generic">   --->   Core 0 '' <Latency = 0> <II = 1> <Delay = 1.00> <Generic> <Opcode : >

State 7 <SV = 6> <Delay = 2.19>
ST_7 : Operation 102 [4/7] (2.19ns)   --->   "%topL_jL_V_0 = call i32 @straightLineProjectorFromLayerIJtoK, i32 %select_ln257, i32 %z_j_min_V, i3 5, i3 %add_ln275_1, i3 1, i35 %radiiDivisionList" [patchMaker.cpp:275]   --->   Operation 102 'call' 'topL_jL_V_0' <Predicate = true> <Delay = 2.19> <CoreType = "Generic">   --->   Core 0 '' <Latency = 0> <II = 1> <Delay = 1.00> <Generic> <Opcode : >

State 8 <SV = 7> <Delay = 2.19>
ST_8 : Operation 103 [2/2] (1.20ns)   --->   "%packedCoordinates_V_2 = load i8 %wp_superpoints_addr_1" [patchMaker.cpp:273]   --->   Operation 103 'load' 'packedCoordinates_V_2' <Predicate = true> <Delay = 1.20> <CoreInst = "RAM">   --->   Core 83 'RAM' <Latency = 1> <II = 1> <Delay = 1.20> <Storage> <Opcode : 'load' 'store'> <Ports = 2> <Width = 64> <Depth = 240> <RAM>
ST_8 : Operation 104 [3/7] (2.19ns)   --->   "%topL_jL_V_0 = call i32 @straightLineProjectorFromLayerIJtoK, i32 %select_ln257, i32 %z_j_min_V, i3 5, i3 %add_ln275_1, i3 1, i35 %radiiDivisionList" [patchMaker.cpp:275]   --->   Operation 104 'call' 'topL_jL_V_0' <Predicate = true> <Delay = 2.19> <CoreType = "Generic">   --->   Core 0 '' <Latency = 0> <II = 1> <Delay = 1.00> <Generic> <Opcode : >

State 9 <SV = 8> <Delay = 2.19>
ST_9 : Operation 105 [1/2] (1.20ns)   --->   "%packedCoordinates_V_2 = load i8 %wp_superpoints_addr_1" [patchMaker.cpp:273]   --->   Operation 105 'load' 'packedCoordinates_V_2' <Predicate = true> <Delay = 1.20> <CoreInst = "RAM">   --->   Core 83 'RAM' <Latency = 1> <II = 1> <Delay = 1.20> <Storage> <Opcode : 'load' 'store'> <Ports = 2> <Width = 64> <Depth = 240> <RAM>
ST_9 : Operation 106 [1/1] (0.00ns)   --->   "%z_j_max_V = trunc i64 %packedCoordinates_V_2"   --->   Operation 106 'trunc' 'z_j_max_V' <Predicate = true> <Delay = 0.00>
ST_9 : Operation 107 [2/7] (2.19ns)   --->   "%topL_jL_V_0 = call i32 @straightLineProjectorFromLayerIJtoK, i32 %select_ln257, i32 %z_j_min_V, i3 5, i3 %add_ln275_1, i3 1, i35 %radiiDivisionList" [patchMaker.cpp:275]   --->   Operation 107 'call' 'topL_jL_V_0' <Predicate = true> <Delay = 2.19> <CoreType = "Generic">   --->   Core 0 '' <Latency = 0> <II = 1> <Delay = 1.00> <Generic> <Opcode : >

State 10 <SV = 9> <Delay = 1.73>
ST_10 : Operation 108 [1/1] (0.00ns)   --->   "%specloopname_ln267 = specloopname void @_ssdm_op_SpecLoopName, void @empty_46" [patchMaker.cpp:267]   --->   Operation 108 'specloopname' 'specloopname_ln267' <Predicate = true> <Delay = 0.00>
ST_10 : Operation 109 [1/7] (1.10ns)   --->   "%topL_jL_V_0 = call i32 @straightLineProjectorFromLayerIJtoK, i32 %select_ln257, i32 %z_j_min_V, i3 5, i3 %add_ln275_1, i3 1, i35 %radiiDivisionList" [patchMaker.cpp:275]   --->   Operation 109 'call' 'topL_jL_V_0' <Predicate = true> <Delay = 1.10> <CoreType = "Generic">   --->   Core 0 '' <Latency = 0> <II = 1> <Delay = 1.00> <Generic> <Opcode : >
ST_10 : Operation 110 [1/1] (0.65ns)   --->   "%switch_ln275 = switch i2 %trunc_ln275, void %branch7, i2 0, void %.split2..split230_crit_edge, i2 1, void %branch5, i2 2, void %branch6" [patchMaker.cpp:275]   --->   Operation 110 'switch' 'switch_ln275' <Predicate = true> <Delay = 0.65>
ST_10 : Operation 111 [1/1] (0.00ns)   --->   "%store_ln275 = store i32 %topL_jL_V_0, i32 %topL_jL_V_3_4" [patchMaker.cpp:275]   --->   Operation 111 'store' 'store_ln275' <Predicate = (trunc_ln275 == 2)> <Delay = 0.00>
ST_10 : Operation 112 [1/1] (0.00ns)   --->   "%br_ln275 = br void %.split230" [patchMaker.cpp:275]   --->   Operation 112 'br' 'br_ln275' <Predicate = (trunc_ln275 == 2)> <Delay = 0.00>
ST_10 : Operation 113 [1/1] (0.00ns)   --->   "%store_ln275 = store i32 %topL_jL_V_0, i32 %topL_jL_V_3_2" [patchMaker.cpp:275]   --->   Operation 113 'store' 'store_ln275' <Predicate = (trunc_ln275 == 1)> <Delay = 0.00>
ST_10 : Operation 114 [1/1] (0.00ns)   --->   "%br_ln275 = br void %.split230" [patchMaker.cpp:275]   --->   Operation 114 'br' 'br_ln275' <Predicate = (trunc_ln275 == 1)> <Delay = 0.00>
ST_10 : Operation 115 [1/1] (0.00ns)   --->   "%store_ln275 = store i32 %topL_jL_V_0, i32 %topL_jL_V_3_1" [patchMaker.cpp:275]   --->   Operation 115 'store' 'store_ln275' <Predicate = (trunc_ln275 == 0)> <Delay = 0.00>
ST_10 : Operation 116 [1/1] (0.00ns)   --->   "%br_ln275 = br void %.split230" [patchMaker.cpp:275]   --->   Operation 116 'br' 'br_ln275' <Predicate = (trunc_ln275 == 0)> <Delay = 0.00>
ST_10 : Operation 117 [1/1] (0.00ns)   --->   "%store_ln275 = store i32 %topL_jL_V_0, i32 %topL_jL_V_3_5" [patchMaker.cpp:275]   --->   Operation 117 'store' 'store_ln275' <Predicate = (trunc_ln275 == 3)> <Delay = 0.00>
ST_10 : Operation 118 [1/1] (0.00ns)   --->   "%br_ln275 = br void %.split230" [patchMaker.cpp:275]   --->   Operation 118 'br' 'br_ln275' <Predicate = (trunc_ln275 == 3)> <Delay = 0.00>
ST_10 : Operation 119 [7/7] (1.73ns)   --->   "%topL_jR_V_0 = call i32 @straightLineProjectorFromLayerIJtoK, i32 %select_ln257, i32 %z_j_max_V, i3 5, i3 %add_ln275_1, i3 1, i35 %radiiDivisionList" [patchMaker.cpp:276]   --->   Operation 119 'call' 'topL_jR_V_0' <Predicate = true> <Delay = 1.73> <CoreType = "Generic">   --->   Core 0 '' <Latency = 0> <II = 1> <Delay = 1.00> <Generic> <Opcode : >

State 11 <SV = 10> <Delay = 2.19>
ST_11 : Operation 120 [6/7] (2.19ns)   --->   "%topL_jR_V_0 = call i32 @straightLineProjectorFromLayerIJtoK, i32 %select_ln257, i32 %z_j_max_V, i3 5, i3 %add_ln275_1, i3 1, i35 %radiiDivisionList" [patchMaker.cpp:276]   --->   Operation 120 'call' 'topL_jR_V_0' <Predicate = true> <Delay = 2.19> <CoreType = "Generic">   --->   Core 0 '' <Latency = 0> <II = 1> <Delay = 1.00> <Generic> <Opcode : >

State 12 <SV = 11> <Delay = 2.19>
ST_12 : Operation 121 [5/7] (2.19ns)   --->   "%topL_jR_V_0 = call i32 @straightLineProjectorFromLayerIJtoK, i32 %select_ln257, i32 %z_j_max_V, i3 5, i3 %add_ln275_1, i3 1, i35 %radiiDivisionList" [patchMaker.cpp:276]   --->   Operation 121 'call' 'topL_jR_V_0' <Predicate = true> <Delay = 2.19> <CoreType = "Generic">   --->   Core 0 '' <Latency = 0> <II = 1> <Delay = 1.00> <Generic> <Opcode : >

State 13 <SV = 12> <Delay = 2.19>
ST_13 : Operation 122 [4/7] (2.19ns)   --->   "%topL_jR_V_0 = call i32 @straightLineProjectorFromLayerIJtoK, i32 %select_ln257, i32 %z_j_max_V, i3 5, i3 %add_ln275_1, i3 1, i35 %radiiDivisionList" [patchMaker.cpp:276]   --->   Operation 122 'call' 'topL_jR_V_0' <Predicate = true> <Delay = 2.19> <CoreType = "Generic">   --->   Core 0 '' <Latency = 0> <II = 1> <Delay = 1.00> <Generic> <Opcode : >

State 14 <SV = 13> <Delay = 2.19>
ST_14 : Operation 123 [3/7] (2.19ns)   --->   "%topL_jR_V_0 = call i32 @straightLineProjectorFromLayerIJtoK, i32 %select_ln257, i32 %z_j_max_V, i3 5, i3 %add_ln275_1, i3 1, i35 %radiiDivisionList" [patchMaker.cpp:276]   --->   Operation 123 'call' 'topL_jR_V_0' <Predicate = true> <Delay = 2.19> <CoreType = "Generic">   --->   Core 0 '' <Latency = 0> <II = 1> <Delay = 1.00> <Generic> <Opcode : >

State 15 <SV = 14> <Delay = 2.19>
ST_15 : Operation 124 [2/7] (2.19ns)   --->   "%topL_jR_V_0 = call i32 @straightLineProjectorFromLayerIJtoK, i32 %select_ln257, i32 %z_j_max_V, i3 5, i3 %add_ln275_1, i3 1, i35 %radiiDivisionList" [patchMaker.cpp:276]   --->   Operation 124 'call' 'topL_jR_V_0' <Predicate = true> <Delay = 2.19> <CoreType = "Generic">   --->   Core 0 '' <Latency = 0> <II = 1> <Delay = 1.00> <Generic> <Opcode : >

State 16 <SV = 15> <Delay = 1.73>
ST_16 : Operation 125 [1/7] (1.10ns)   --->   "%topL_jR_V_0 = call i32 @straightLineProjectorFromLayerIJtoK, i32 %select_ln257, i32 %z_j_max_V, i3 5, i3 %add_ln275_1, i3 1, i35 %radiiDivisionList" [patchMaker.cpp:276]   --->   Operation 125 'call' 'topL_jR_V_0' <Predicate = true> <Delay = 1.10> <CoreType = "Generic">   --->   Core 0 '' <Latency = 0> <II = 1> <Delay = 1.00> <Generic> <Opcode : >
ST_16 : Operation 126 [1/1] (0.65ns)   --->   "%switch_ln276 = switch i2 %trunc_ln275, void %branch15, i2 0, void %.split230..split23051_crit_edge, i2 1, void %branch13, i2 2, void %branch14" [patchMaker.cpp:276]   --->   Operation 126 'switch' 'switch_ln276' <Predicate = true> <Delay = 0.65>
ST_16 : Operation 127 [1/1] (0.00ns)   --->   "%store_ln276 = store i32 %topL_jR_V_0, i32 %topL_jR_V_3_2" [patchMaker.cpp:276]   --->   Operation 127 'store' 'store_ln276' <Predicate = (trunc_ln275 == 2)> <Delay = 0.00>
ST_16 : Operation 128 [1/1] (0.00ns)   --->   "%br_ln276 = br void %.split23051" [patchMaker.cpp:276]   --->   Operation 128 'br' 'br_ln276' <Predicate = (trunc_ln275 == 2)> <Delay = 0.00>
ST_16 : Operation 129 [1/1] (0.00ns)   --->   "%store_ln276 = store i32 %topL_jR_V_0, i32 %topL_jR_V_3_1" [patchMaker.cpp:276]   --->   Operation 129 'store' 'store_ln276' <Predicate = (trunc_ln275 == 1)> <Delay = 0.00>
ST_16 : Operation 130 [1/1] (0.00ns)   --->   "%br_ln276 = br void %.split23051" [patchMaker.cpp:276]   --->   Operation 130 'br' 'br_ln276' <Predicate = (trunc_ln275 == 1)> <Delay = 0.00>
ST_16 : Operation 131 [1/1] (0.00ns)   --->   "%store_ln276 = store i32 %topL_jR_V_0, i32 %topL_jR_V_3" [patchMaker.cpp:276]   --->   Operation 131 'store' 'store_ln276' <Predicate = (trunc_ln275 == 0)> <Delay = 0.00>
ST_16 : Operation 132 [1/1] (0.00ns)   --->   "%br_ln276 = br void %.split23051" [patchMaker.cpp:276]   --->   Operation 132 'br' 'br_ln276' <Predicate = (trunc_ln275 == 0)> <Delay = 0.00>
ST_16 : Operation 133 [1/1] (0.00ns)   --->   "%store_ln276 = store i32 %topL_jR_V_0, i32 %topL_jR_V_3_3" [patchMaker.cpp:276]   --->   Operation 133 'store' 'store_ln276' <Predicate = (trunc_ln275 == 3)> <Delay = 0.00>
ST_16 : Operation 134 [1/1] (0.00ns)   --->   "%br_ln276 = br void %.split23051" [patchMaker.cpp:276]   --->   Operation 134 'br' 'br_ln276' <Predicate = (trunc_ln275 == 3)> <Delay = 0.00>
ST_16 : Operation 135 [7/7] (1.73ns)   --->   "%topR_jL_V_0 = call i32 @straightLineProjectorFromLayerIJtoK, i32 %select_ln258, i32 %z_j_min_V, i3 5, i3 %add_ln275_1, i3 1, i35 %radiiDivisionList" [patchMaker.cpp:277]   --->   Operation 135 'call' 'topR_jL_V_0' <Predicate = true> <Delay = 1.73> <CoreType = "Generic">   --->   Core 0 '' <Latency = 0> <II = 1> <Delay = 1.00> <Generic> <Opcode : >

State 17 <SV = 16> <Delay = 2.19>
ST_17 : Operation 136 [6/7] (2.19ns)   --->   "%topR_jL_V_0 = call i32 @straightLineProjectorFromLayerIJtoK, i32 %select_ln258, i32 %z_j_min_V, i3 5, i3 %add_ln275_1, i3 1, i35 %radiiDivisionList" [patchMaker.cpp:277]   --->   Operation 136 'call' 'topR_jL_V_0' <Predicate = true> <Delay = 2.19> <CoreType = "Generic">   --->   Core 0 '' <Latency = 0> <II = 1> <Delay = 1.00> <Generic> <Opcode : >

State 18 <SV = 17> <Delay = 2.19>
ST_18 : Operation 137 [5/7] (2.19ns)   --->   "%topR_jL_V_0 = call i32 @straightLineProjectorFromLayerIJtoK, i32 %select_ln258, i32 %z_j_min_V, i3 5, i3 %add_ln275_1, i3 1, i35 %radiiDivisionList" [patchMaker.cpp:277]   --->   Operation 137 'call' 'topR_jL_V_0' <Predicate = true> <Delay = 2.19> <CoreType = "Generic">   --->   Core 0 '' <Latency = 0> <II = 1> <Delay = 1.00> <Generic> <Opcode : >

State 19 <SV = 18> <Delay = 2.19>
ST_19 : Operation 138 [4/7] (2.19ns)   --->   "%topR_jL_V_0 = call i32 @straightLineProjectorFromLayerIJtoK, i32 %select_ln258, i32 %z_j_min_V, i3 5, i3 %add_ln275_1, i3 1, i35 %radiiDivisionList" [patchMaker.cpp:277]   --->   Operation 138 'call' 'topR_jL_V_0' <Predicate = true> <Delay = 2.19> <CoreType = "Generic">   --->   Core 0 '' <Latency = 0> <II = 1> <Delay = 1.00> <Generic> <Opcode : >

State 20 <SV = 19> <Delay = 2.19>
ST_20 : Operation 139 [3/7] (2.19ns)   --->   "%topR_jL_V_0 = call i32 @straightLineProjectorFromLayerIJtoK, i32 %select_ln258, i32 %z_j_min_V, i3 5, i3 %add_ln275_1, i3 1, i35 %radiiDivisionList" [patchMaker.cpp:277]   --->   Operation 139 'call' 'topR_jL_V_0' <Predicate = true> <Delay = 2.19> <CoreType = "Generic">   --->   Core 0 '' <Latency = 0> <II = 1> <Delay = 1.00> <Generic> <Opcode : >

State 21 <SV = 20> <Delay = 2.19>
ST_21 : Operation 140 [2/7] (2.19ns)   --->   "%topR_jL_V_0 = call i32 @straightLineProjectorFromLayerIJtoK, i32 %select_ln258, i32 %z_j_min_V, i3 5, i3 %add_ln275_1, i3 1, i35 %radiiDivisionList" [patchMaker.cpp:277]   --->   Operation 140 'call' 'topR_jL_V_0' <Predicate = true> <Delay = 2.19> <CoreType = "Generic">   --->   Core 0 '' <Latency = 0> <II = 1> <Delay = 1.00> <Generic> <Opcode : >

State 22 <SV = 21> <Delay = 1.73>
ST_22 : Operation 141 [1/7] (1.10ns)   --->   "%topR_jL_V_0 = call i32 @straightLineProjectorFromLayerIJtoK, i32 %select_ln258, i32 %z_j_min_V, i3 5, i3 %add_ln275_1, i3 1, i35 %radiiDivisionList" [patchMaker.cpp:277]   --->   Operation 141 'call' 'topR_jL_V_0' <Predicate = true> <Delay = 1.10> <CoreType = "Generic">   --->   Core 0 '' <Latency = 0> <II = 1> <Delay = 1.00> <Generic> <Opcode : >
ST_22 : Operation 142 [1/1] (0.65ns)   --->   "%switch_ln277 = switch i2 %trunc_ln275, void %branch23, i2 0, void %.split23051..split2305172_crit_edge, i2 1, void %branch21, i2 2, void %branch22" [patchMaker.cpp:277]   --->   Operation 142 'switch' 'switch_ln277' <Predicate = true> <Delay = 0.65>
ST_22 : Operation 143 [1/1] (0.00ns)   --->   "%store_ln277 = store i32 %topR_jL_V_0, i32 %topR_jL_V_3_2" [patchMaker.cpp:277]   --->   Operation 143 'store' 'store_ln277' <Predicate = (trunc_ln275 == 2)> <Delay = 0.00>
ST_22 : Operation 144 [1/1] (0.00ns)   --->   "%br_ln277 = br void %.split2305172" [patchMaker.cpp:277]   --->   Operation 144 'br' 'br_ln277' <Predicate = (trunc_ln275 == 2)> <Delay = 0.00>
ST_22 : Operation 145 [1/1] (0.00ns)   --->   "%store_ln277 = store i32 %topR_jL_V_0, i32 %topR_jL_V_3_1" [patchMaker.cpp:277]   --->   Operation 145 'store' 'store_ln277' <Predicate = (trunc_ln275 == 1)> <Delay = 0.00>
ST_22 : Operation 146 [1/1] (0.00ns)   --->   "%br_ln277 = br void %.split2305172" [patchMaker.cpp:277]   --->   Operation 146 'br' 'br_ln277' <Predicate = (trunc_ln275 == 1)> <Delay = 0.00>
ST_22 : Operation 147 [1/1] (0.00ns)   --->   "%store_ln277 = store i32 %topR_jL_V_0, i32 %topR_jL_V_3" [patchMaker.cpp:277]   --->   Operation 147 'store' 'store_ln277' <Predicate = (trunc_ln275 == 0)> <Delay = 0.00>
ST_22 : Operation 148 [1/1] (0.00ns)   --->   "%br_ln277 = br void %.split2305172" [patchMaker.cpp:277]   --->   Operation 148 'br' 'br_ln277' <Predicate = (trunc_ln275 == 0)> <Delay = 0.00>
ST_22 : Operation 149 [1/1] (0.00ns)   --->   "%store_ln277 = store i32 %topR_jL_V_0, i32 %topR_jL_V_3_3" [patchMaker.cpp:277]   --->   Operation 149 'store' 'store_ln277' <Predicate = (trunc_ln275 == 3)> <Delay = 0.00>
ST_22 : Operation 150 [1/1] (0.00ns)   --->   "%br_ln277 = br void %.split2305172" [patchMaker.cpp:277]   --->   Operation 150 'br' 'br_ln277' <Predicate = (trunc_ln275 == 3)> <Delay = 0.00>
ST_22 : Operation 151 [7/7] (1.73ns)   --->   "%topR_jR_V_0 = call i32 @straightLineProjectorFromLayerIJtoK, i32 %select_ln258, i32 %z_j_max_V, i3 5, i3 %add_ln275_1, i3 1, i35 %radiiDivisionList" [patchMaker.cpp:278]   --->   Operation 151 'call' 'topR_jR_V_0' <Predicate = true> <Delay = 1.73> <CoreType = "Generic">   --->   Core 0 '' <Latency = 0> <II = 1> <Delay = 1.00> <Generic> <Opcode : >

State 23 <SV = 22> <Delay = 2.19>
ST_23 : Operation 152 [6/7] (2.19ns)   --->   "%topR_jR_V_0 = call i32 @straightLineProjectorFromLayerIJtoK, i32 %select_ln258, i32 %z_j_max_V, i3 5, i3 %add_ln275_1, i3 1, i35 %radiiDivisionList" [patchMaker.cpp:278]   --->   Operation 152 'call' 'topR_jR_V_0' <Predicate = true> <Delay = 2.19> <CoreType = "Generic">   --->   Core 0 '' <Latency = 0> <II = 1> <Delay = 1.00> <Generic> <Opcode : >

State 24 <SV = 23> <Delay = 2.19>
ST_24 : Operation 153 [5/7] (2.19ns)   --->   "%topR_jR_V_0 = call i32 @straightLineProjectorFromLayerIJtoK, i32 %select_ln258, i32 %z_j_max_V, i3 5, i3 %add_ln275_1, i3 1, i35 %radiiDivisionList" [patchMaker.cpp:278]   --->   Operation 153 'call' 'topR_jR_V_0' <Predicate = true> <Delay = 2.19> <CoreType = "Generic">   --->   Core 0 '' <Latency = 0> <II = 1> <Delay = 1.00> <Generic> <Opcode : >

State 25 <SV = 24> <Delay = 2.19>
ST_25 : Operation 154 [4/7] (2.19ns)   --->   "%topR_jR_V_0 = call i32 @straightLineProjectorFromLayerIJtoK, i32 %select_ln258, i32 %z_j_max_V, i3 5, i3 %add_ln275_1, i3 1, i35 %radiiDivisionList" [patchMaker.cpp:278]   --->   Operation 154 'call' 'topR_jR_V_0' <Predicate = true> <Delay = 2.19> <CoreType = "Generic">   --->   Core 0 '' <Latency = 0> <II = 1> <Delay = 1.00> <Generic> <Opcode : >

State 26 <SV = 25> <Delay = 2.19>
ST_26 : Operation 155 [3/7] (2.19ns)   --->   "%topR_jR_V_0 = call i32 @straightLineProjectorFromLayerIJtoK, i32 %select_ln258, i32 %z_j_max_V, i3 5, i3 %add_ln275_1, i3 1, i35 %radiiDivisionList" [patchMaker.cpp:278]   --->   Operation 155 'call' 'topR_jR_V_0' <Predicate = true> <Delay = 2.19> <CoreType = "Generic">   --->   Core 0 '' <Latency = 0> <II = 1> <Delay = 1.00> <Generic> <Opcode : >

State 27 <SV = 26> <Delay = 2.19>
ST_27 : Operation 156 [2/7] (2.19ns)   --->   "%topR_jR_V_0 = call i32 @straightLineProjectorFromLayerIJtoK, i32 %select_ln258, i32 %z_j_max_V, i3 5, i3 %add_ln275_1, i3 1, i35 %radiiDivisionList" [patchMaker.cpp:278]   --->   Operation 156 'call' 'topR_jR_V_0' <Predicate = true> <Delay = 2.19> <CoreType = "Generic">   --->   Core 0 '' <Latency = 0> <II = 1> <Delay = 1.00> <Generic> <Opcode : >

State 28 <SV = 27> <Delay = 1.10>
ST_28 : Operation 157 [1/7] (1.10ns)   --->   "%topR_jR_V_0 = call i32 @straightLineProjectorFromLayerIJtoK, i32 %select_ln258, i32 %z_j_max_V, i3 5, i3 %add_ln275_1, i3 1, i35 %radiiDivisionList" [patchMaker.cpp:278]   --->   Operation 157 'call' 'topR_jR_V_0' <Predicate = true> <Delay = 1.10> <CoreType = "Generic">   --->   Core 0 '' <Latency = 0> <II = 1> <Delay = 1.00> <Generic> <Opcode : >
ST_28 : Operation 158 [1/1] (0.65ns)   --->   "%switch_ln278 = switch i2 %trunc_ln275, void %branch31, i2 0, void %.split2305172..split230517293_crit_edge, i2 1, void %branch29, i2 2, void %branch30" [patchMaker.cpp:278]   --->   Operation 158 'switch' 'switch_ln278' <Predicate = true> <Delay = 0.65>
ST_28 : Operation 159 [1/1] (0.00ns)   --->   "%store_ln278 = store i32 %topR_jR_V_0, i32 %topR_jR_V_3_2" [patchMaker.cpp:278]   --->   Operation 159 'store' 'store_ln278' <Predicate = (trunc_ln275 == 2)> <Delay = 0.00>
ST_28 : Operation 160 [1/1] (0.00ns)   --->   "%br_ln278 = br void %.split230517293" [patchMaker.cpp:278]   --->   Operation 160 'br' 'br_ln278' <Predicate = (trunc_ln275 == 2)> <Delay = 0.00>
ST_28 : Operation 161 [1/1] (0.00ns)   --->   "%store_ln278 = store i32 %topR_jR_V_0, i32 %topR_jR_V_3_1" [patchMaker.cpp:278]   --->   Operation 161 'store' 'store_ln278' <Predicate = (trunc_ln275 == 1)> <Delay = 0.00>
ST_28 : Operation 162 [1/1] (0.00ns)   --->   "%br_ln278 = br void %.split230517293" [patchMaker.cpp:278]   --->   Operation 162 'br' 'br_ln278' <Predicate = (trunc_ln275 == 1)> <Delay = 0.00>
ST_28 : Operation 163 [1/1] (0.00ns)   --->   "%store_ln278 = store i32 %topR_jR_V_0, i32 %topR_jR_V_3" [patchMaker.cpp:278]   --->   Operation 163 'store' 'store_ln278' <Predicate = (trunc_ln275 == 0)> <Delay = 0.00>
ST_28 : Operation 164 [1/1] (0.00ns)   --->   "%br_ln278 = br void %.split230517293" [patchMaker.cpp:278]   --->   Operation 164 'br' 'br_ln278' <Predicate = (trunc_ln275 == 0)> <Delay = 0.00>
ST_28 : Operation 165 [1/1] (0.00ns)   --->   "%store_ln278 = store i32 %topR_jR_V_0, i32 %topR_jR_V_3_3" [patchMaker.cpp:278]   --->   Operation 165 'store' 'store_ln278' <Predicate = (trunc_ln275 == 3)> <Delay = 0.00>
ST_28 : Operation 166 [1/1] (0.00ns)   --->   "%br_ln278 = br void %.split230517293" [patchMaker.cpp:278]   --->   Operation 166 'br' 'br_ln278' <Predicate = (trunc_ln275 == 3)> <Delay = 0.00>
ST_28 : Operation 167 [1/1] (0.00ns)   --->   "%br_ln0 = br void"   --->   Operation 167 'br' 'br_ln0' <Predicate = true> <Delay = 0.00>

State 29 <SV = 2> <Delay = 0.60>
ST_29 : Operation 168 [1/1] (0.60ns)   --->   "%store_ln283 = store i32 %topR_jL_V_3_load, i7 %wp_parameters_addr_5" [patchMaker.cpp:283]   --->   Operation 168 'store' 'store_ln283' <Predicate = true> <Delay = 0.60> <CoreInst = "RAM">   --->   Core 83 'RAM' <Latency = 1> <II = 1> <Delay = 0.60> <Storage> <Opcode : 'load' 'store'> <Ports = 2> <Width = 32> <Depth = 72> <RAM>
ST_29 : Operation 169 [1/1] (0.60ns)   --->   "%store_ln284 = store i32 %topR_jR_V_3_load, i7 %wp_parameters_addr_6" [patchMaker.cpp:284]   --->   Operation 169 'store' 'store_ln284' <Predicate = true> <Delay = 0.60> <CoreInst = "RAM">   --->   Core 83 'RAM' <Latency = 1> <II = 1> <Delay = 0.60> <Storage> <Opcode : 'load' 'store'> <Ports = 2> <Width = 32> <Depth = 72> <RAM>
ST_29 : Operation 170 [1/1] (0.38ns)   --->   "%br_ln288 = br void" [patchMaker.cpp:288]   --->   Operation 170 'br' 'br_ln288' <Predicate = true> <Delay = 0.38>

State 30 <SV = 3> <Delay = 2.15>
ST_30 : Operation 171 [1/1] (0.00ns)   --->   "%i_9 = phi i3 1, void, i3 %add_ln288, void %._crit_edge2" [patchMaker.cpp:288]   --->   Operation 171 'phi' 'i_9' <Predicate = true> <Delay = 0.00>
ST_30 : Operation 172 [1/1] (0.49ns)   --->   "%icmp_ln288 = icmp_eq  i3 %i_9, i3 4" [patchMaker.cpp:288]   --->   Operation 172 'icmp' 'icmp_ln288' <Predicate = true> <Delay = 0.49> <CoreInst = "Cmp">   --->   Core 9 'Cmp' <Latency = 0> <II = 1> <Delay = 0.85> <FuncUnit> <Opcode : 'icmp'> <InPorts = 2> <OutPorts = 1>
ST_30 : Operation 173 [1/1] (0.00ns)   --->   "%empty_95 = speclooptripcount i32 @_ssdm_op_SpecLoopTripCount, i64 3, i64 3, i64 3"   --->   Operation 173 'speclooptripcount' 'empty_95' <Predicate = true> <Delay = 0.00>
ST_30 : Operation 174 [1/1] (0.00ns)   --->   "%br_ln288 = br i1 %icmp_ln288, void %.split_ifconv, void" [patchMaker.cpp:288]   --->   Operation 174 'br' 'br_ln288' <Predicate = true> <Delay = 0.00>
ST_30 : Operation 175 [1/1] (0.00ns)   --->   "%topL_jL_V_3_6_load = load i32 %topL_jL_V_3_6"   --->   Operation 175 'load' 'topL_jL_V_3_6_load' <Predicate = (!icmp_ln288)> <Delay = 0.00>
ST_30 : Operation 176 [1/1] (0.00ns)   --->   "%topL_jL_V_3_2_load = load i32 %topL_jL_V_3_2"   --->   Operation 176 'load' 'topL_jL_V_3_2_load' <Predicate = (!icmp_ln288)> <Delay = 0.00>
ST_30 : Operation 177 [1/1] (0.00ns)   --->   "%topL_jL_V_3_4_load = load i32 %topL_jL_V_3_4"   --->   Operation 177 'load' 'topL_jL_V_3_4_load' <Predicate = (!icmp_ln288)> <Delay = 0.00>
ST_30 : Operation 178 [1/1] (0.00ns)   --->   "%topL_jL_V_3_5_load = load i32 %topL_jL_V_3_5"   --->   Operation 178 'load' 'topL_jL_V_3_5_load' <Predicate = (!icmp_ln288)> <Delay = 0.00>
ST_30 : Operation 179 [1/1] (0.00ns)   --->   "%specloopname_ln288 = specloopname void @_ssdm_op_SpecLoopName, void @empty_45" [patchMaker.cpp:288]   --->   Operation 179 'specloopname' 'specloopname_ln288' <Predicate = (!icmp_ln288)> <Delay = 0.00>
ST_30 : Operation 180 [1/1] (0.00ns)   --->   "%trunc_ln886 = trunc i3 %i_9"   --->   Operation 180 'trunc' 'trunc_ln886' <Predicate = (!icmp_ln288)> <Delay = 0.00>
ST_30 : Operation 181 [1/1] (0.34ns)   --->   "%icmp_ln886_7 = icmp_eq  i2 %trunc_ln886, i2 2"   --->   Operation 181 'icmp' 'icmp_ln886_7' <Predicate = (!icmp_ln288)> <Delay = 0.34> <CoreInst = "Cmp">   --->   Core 9 'Cmp' <Latency = 0> <II = 1> <Delay = 0.85> <FuncUnit> <Opcode : 'icmp'> <InPorts = 2> <OutPorts = 1>
ST_30 : Operation 182 [1/1] (0.00ns) (grouped into LUT with out node topL_jL_V_3_8)   --->   "%topL_jL_V_3 = select i1 %icmp_ln886_7, i32 %topL_jL_V_3_4_load, i32 %topL_jL_V_3_5_load"   --->   Operation 182 'select' 'topL_jL_V_3' <Predicate = (!icmp_ln288)> <Delay = 0.00> <CoreInst = "Sel">   --->   Core 73 'Sel' <Latency = 0> <II = 1> <Delay = 0.22> <FuncUnit> <Opcode : 'select'> <InPorts = 3> <OutPorts = 1>
ST_30 : Operation 183 [1/1] (0.34ns)   --->   "%icmp_ln886_9 = icmp_eq  i2 %trunc_ln886, i2 1"   --->   Operation 183 'icmp' 'icmp_ln886_9' <Predicate = (!icmp_ln288)> <Delay = 0.34> <CoreInst = "Cmp">   --->   Core 9 'Cmp' <Latency = 0> <II = 1> <Delay = 0.85> <FuncUnit> <Opcode : 'icmp'> <InPorts = 2> <OutPorts = 1>
ST_30 : Operation 184 [1/1] (0.22ns) (out node of the LUT)   --->   "%topL_jL_V_3_8 = select i1 %icmp_ln886_9, i32 %topL_jL_V_3_2_load, i32 %topL_jL_V_3"   --->   Operation 184 'select' 'topL_jL_V_3_8' <Predicate = (!icmp_ln288)> <Delay = 0.22> <CoreInst = "Sel">   --->   Core 73 'Sel' <Latency = 0> <II = 1> <Delay = 0.22> <FuncUnit> <Opcode : 'select'> <InPorts = 3> <OutPorts = 1>
ST_30 : Operation 185 [1/1] (0.85ns)   --->   "%icmp_ln886 = icmp_sgt  i32 %topL_jL_V_3_8, i32 %topL_jL_V_3_6_load"   --->   Operation 185 'icmp' 'icmp_ln886' <Predicate = (!icmp_ln288)> <Delay = 0.85> <CoreInst = "Cmp">   --->   Core 9 'Cmp' <Latency = 0> <II = 1> <Delay = 0.85> <FuncUnit> <Opcode : 'icmp'> <InPorts = 2> <OutPorts = 1>
ST_30 : Operation 186 [1/1] (0.00ns)   --->   "%br_ln290 = br i1 %icmp_ln886, void %.split._crit_edge, void" [patchMaker.cpp:290]   --->   Operation 186 'br' 'br_ln290' <Predicate = (!icmp_ln288)> <Delay = 0.00>
ST_30 : Operation 187 [1/1] (0.60ns)   --->   "%store_ln292 = store i32 %topL_jL_V_3_8, i7 %wp_parameters_addr" [patchMaker.cpp:292]   --->   Operation 187 'store' 'store_ln292' <Predicate = (!icmp_ln288 & icmp_ln886)> <Delay = 0.60> <CoreInst = "RAM">   --->   Core 83 'RAM' <Latency = 1> <II = 1> <Delay = 0.60> <Storage> <Opcode : 'load' 'store'> <Ports = 2> <Width = 32> <Depth = 72> <RAM>
ST_30 : Operation 188 [1/1] (0.38ns)   --->   "%store_ln293 = store i32 %topL_jL_V_3_8, i32 %topL_jL_V_3_6" [patchMaker.cpp:293]   --->   Operation 188 'store' 'store_ln293' <Predicate = (!icmp_ln288 & icmp_ln886)> <Delay = 0.38>
ST_30 : Operation 189 [1/1] (0.00ns)   --->   "%br_ln293 = br void %.split._crit_edge" [patchMaker.cpp:293]   --->   Operation 189 'br' 'br_ln293' <Predicate = (!icmp_ln288 & icmp_ln886)> <Delay = 0.00>
ST_30 : Operation 190 [1/1] (0.00ns)   --->   "%p_load51 = load i32 %empty_92"   --->   Operation 190 'load' 'p_load51' <Predicate = (!icmp_ln288)> <Delay = 0.00>
ST_30 : Operation 191 [1/1] (0.00ns)   --->   "%topL_jR_V_3_1_load = load i32 %topL_jR_V_3_1"   --->   Operation 191 'load' 'topL_jR_V_3_1_load' <Predicate = (!icmp_ln288)> <Delay = 0.00>
ST_30 : Operation 192 [1/1] (0.00ns)   --->   "%topL_jR_V_3_2_load = load i32 %topL_jR_V_3_2"   --->   Operation 192 'load' 'topL_jR_V_3_2_load' <Predicate = (!icmp_ln288)> <Delay = 0.00>
ST_30 : Operation 193 [1/1] (0.00ns)   --->   "%topL_jR_V_3_3_load = load i32 %topL_jR_V_3_3"   --->   Operation 193 'load' 'topL_jR_V_3_3_load' <Predicate = (!icmp_ln288)> <Delay = 0.00>
ST_30 : Operation 194 [1/1] (0.45ns)   --->   "%phi_ln = mux i32 @_ssdm_op_Mux.ap_auto.4i32.i2, i32 %topL_jR_V_3_3_load, i32 %topL_jR_V_3_1_load, i32 %topL_jR_V_3_2_load, i32 %topL_jR_V_3_3_load, i2 %trunc_ln886"   --->   Operation 194 'mux' 'phi_ln' <Predicate = (!icmp_ln288)> <Delay = 0.45> <CoreInst = "Multiplexer">   --->   Core 76 'Multiplexer' <Latency = 0> <II = 1> <Delay = 0.45> <FuncUnit> <Opcode : 'mux'> <InPorts = 2> <OutPorts = 1>
ST_30 : Operation 195 [1/1] (0.85ns)   --->   "%icmp_ln878_10 = icmp_slt  i32 %phi_ln, i32 %p_load51"   --->   Operation 195 'icmp' 'icmp_ln878_10' <Predicate = (!icmp_ln288)> <Delay = 0.85> <CoreInst = "Cmp">   --->   Core 9 'Cmp' <Latency = 0> <II = 1> <Delay = 0.85> <FuncUnit> <Opcode : 'icmp'> <InPorts = 2> <OutPorts = 1>
ST_30 : Operation 196 [1/1] (0.00ns)   --->   "%br_ln294 = br i1 %icmp_ln878_10, void %._crit_edge, void" [patchMaker.cpp:294]   --->   Operation 196 'br' 'br_ln294' <Predicate = (!icmp_ln288)> <Delay = 0.00>
ST_30 : Operation 197 [1/1] (0.60ns)   --->   "%store_ln296 = store i32 %phi_ln, i7 %wp_parameters_addr_4" [patchMaker.cpp:296]   --->   Operation 197 'store' 'store_ln296' <Predicate = (!icmp_ln288 & icmp_ln878_10)> <Delay = 0.60> <CoreInst = "RAM">   --->   Core 83 'RAM' <Latency = 1> <II = 1> <Delay = 0.60> <Storage> <Opcode : 'load' 'store'> <Ports = 2> <Width = 32> <Depth = 72> <RAM>
ST_30 : Operation 198 [1/1] (0.38ns)   --->   "%store_ln297 = store i32 %phi_ln, i32 %empty_92" [patchMaker.cpp:297]   --->   Operation 198 'store' 'store_ln297' <Predicate = (!icmp_ln288 & icmp_ln878_10)> <Delay = 0.38>
ST_30 : Operation 199 [1/1] (0.00ns)   --->   "%br_ln297 = br void %._crit_edge" [patchMaker.cpp:297]   --->   Operation 199 'br' 'br_ln297' <Predicate = (!icmp_ln288 & icmp_ln878_10)> <Delay = 0.00>
ST_30 : Operation 200 [1/1] (0.00ns)   --->   "%ret_ln307 = ret" [patchMaker.cpp:307]   --->   Operation 200 'ret' 'ret_ln307' <Predicate = (icmp_ln288)> <Delay = 0.00>

State 31 <SV = 4> <Delay = 1.91>
ST_31 : Operation 201 [1/1] (0.00ns)   --->   "%p_load50 = load i32 %empty_93"   --->   Operation 201 'load' 'p_load50' <Predicate = true> <Delay = 0.00>
ST_31 : Operation 202 [1/1] (0.00ns)   --->   "%topR_jL_V_3_1_load = load i32 %topR_jL_V_3_1"   --->   Operation 202 'load' 'topR_jL_V_3_1_load' <Predicate = true> <Delay = 0.00>
ST_31 : Operation 203 [1/1] (0.00ns)   --->   "%topR_jL_V_3_2_load = load i32 %topR_jL_V_3_2"   --->   Operation 203 'load' 'topR_jL_V_3_2_load' <Predicate = true> <Delay = 0.00>
ST_31 : Operation 204 [1/1] (0.00ns)   --->   "%topR_jL_V_3_3_load = load i32 %topR_jL_V_3_3"   --->   Operation 204 'load' 'topR_jL_V_3_3_load' <Predicate = true> <Delay = 0.00>
ST_31 : Operation 205 [1/1] (0.45ns)   --->   "%phi_ln886_1 = mux i32 @_ssdm_op_Mux.ap_auto.4i32.i2, i32 %topR_jL_V_3_3_load, i32 %topR_jL_V_3_1_load, i32 %topR_jL_V_3_2_load, i32 %topR_jL_V_3_3_load, i2 %trunc_ln886"   --->   Operation 205 'mux' 'phi_ln886_1' <Predicate = true> <Delay = 0.45> <CoreInst = "Multiplexer">   --->   Core 76 'Multiplexer' <Latency = 0> <II = 1> <Delay = 0.45> <FuncUnit> <Opcode : 'mux'> <InPorts = 2> <OutPorts = 1>
ST_31 : Operation 206 [1/1] (0.85ns)   --->   "%icmp_ln886_8 = icmp_sgt  i32 %phi_ln886_1, i32 %p_load50"   --->   Operation 206 'icmp' 'icmp_ln886_8' <Predicate = true> <Delay = 0.85> <CoreInst = "Cmp">   --->   Core 9 'Cmp' <Latency = 0> <II = 1> <Delay = 0.85> <FuncUnit> <Opcode : 'icmp'> <InPorts = 2> <OutPorts = 1>
ST_31 : Operation 207 [1/1] (0.00ns)   --->   "%br_ln298 = br i1 %icmp_ln886_8, void %._crit_edge1, void" [patchMaker.cpp:298]   --->   Operation 207 'br' 'br_ln298' <Predicate = true> <Delay = 0.00>
ST_31 : Operation 208 [1/1] (0.60ns)   --->   "%store_ln300 = store i32 %phi_ln886_1, i7 %wp_parameters_addr_5" [patchMaker.cpp:300]   --->   Operation 208 'store' 'store_ln300' <Predicate = (icmp_ln886_8)> <Delay = 0.60> <CoreInst = "RAM">   --->   Core 83 'RAM' <Latency = 1> <II = 1> <Delay = 0.60> <Storage> <Opcode : 'load' 'store'> <Ports = 2> <Width = 32> <Depth = 72> <RAM>
ST_31 : Operation 209 [1/1] (0.38ns)   --->   "%store_ln301 = store i32 %phi_ln886_1, i32 %empty_93" [patchMaker.cpp:301]   --->   Operation 209 'store' 'store_ln301' <Predicate = (icmp_ln886_8)> <Delay = 0.38>
ST_31 : Operation 210 [1/1] (0.00ns)   --->   "%br_ln301 = br void %._crit_edge1" [patchMaker.cpp:301]   --->   Operation 210 'br' 'br_ln301' <Predicate = (icmp_ln886_8)> <Delay = 0.00>
ST_31 : Operation 211 [1/1] (0.00ns)   --->   "%p_load = load i32 %empty_94"   --->   Operation 211 'load' 'p_load' <Predicate = true> <Delay = 0.00>
ST_31 : Operation 212 [1/1] (0.00ns)   --->   "%topR_jR_V_3_1_load = load i32 %topR_jR_V_3_1"   --->   Operation 212 'load' 'topR_jR_V_3_1_load' <Predicate = true> <Delay = 0.00>
ST_31 : Operation 213 [1/1] (0.00ns)   --->   "%topR_jR_V_3_2_load = load i32 %topR_jR_V_3_2"   --->   Operation 213 'load' 'topR_jR_V_3_2_load' <Predicate = true> <Delay = 0.00>
ST_31 : Operation 214 [1/1] (0.00ns)   --->   "%topR_jR_V_3_3_load = load i32 %topR_jR_V_3_3"   --->   Operation 214 'load' 'topR_jR_V_3_3_load' <Predicate = true> <Delay = 0.00>
ST_31 : Operation 215 [1/1] (0.45ns)   --->   "%phi_ln878_1 = mux i32 @_ssdm_op_Mux.ap_auto.4i32.i2, i32 %topR_jR_V_3_3_load, i32 %topR_jR_V_3_1_load, i32 %topR_jR_V_3_2_load, i32 %topR_jR_V_3_3_load, i2 %trunc_ln886"   --->   Operation 215 'mux' 'phi_ln878_1' <Predicate = true> <Delay = 0.45> <CoreInst = "Multiplexer">   --->   Core 76 'Multiplexer' <Latency = 0> <II = 1> <Delay = 0.45> <FuncUnit> <Opcode : 'mux'> <InPorts = 2> <OutPorts = 1>
ST_31 : Operation 216 [1/1] (0.85ns)   --->   "%icmp_ln878_11 = icmp_slt  i32 %phi_ln878_1, i32 %p_load"   --->   Operation 216 'icmp' 'icmp_ln878_11' <Predicate = true> <Delay = 0.85> <CoreInst = "Cmp">   --->   Core 9 'Cmp' <Latency = 0> <II = 1> <Delay = 0.85> <FuncUnit> <Opcode : 'icmp'> <InPorts = 2> <OutPorts = 1>
ST_31 : Operation 217 [1/1] (0.00ns)   --->   "%br_ln302 = br i1 %icmp_ln878_11, void %._crit_edge2, void" [patchMaker.cpp:302]   --->   Operation 217 'br' 'br_ln302' <Predicate = true> <Delay = 0.00>
ST_31 : Operation 218 [1/1] (0.60ns)   --->   "%store_ln304 = store i32 %phi_ln878_1, i7 %wp_parameters_addr_6" [patchMaker.cpp:304]   --->   Operation 218 'store' 'store_ln304' <Predicate = (icmp_ln878_11)> <Delay = 0.60> <CoreInst = "RAM">   --->   Core 83 'RAM' <Latency = 1> <II = 1> <Delay = 0.60> <Storage> <Opcode : 'load' 'store'> <Ports = 2> <Width = 32> <Depth = 72> <RAM>
ST_31 : Operation 219 [1/1] (0.38ns)   --->   "%store_ln305 = store i32 %phi_ln878_1, i32 %empty_94" [patchMaker.cpp:305]   --->   Operation 219 'store' 'store_ln305' <Predicate = (icmp_ln878_11)> <Delay = 0.38>
ST_31 : Operation 220 [1/1] (0.00ns)   --->   "%br_ln305 = br void %._crit_edge2" [patchMaker.cpp:305]   --->   Operation 220 'br' 'br_ln305' <Predicate = (icmp_ln878_11)> <Delay = 0.00>
ST_31 : Operation 221 [1/1] (0.57ns)   --->   "%add_ln288 = add i3 %i_9, i3 1" [patchMaker.cpp:288]   --->   Operation 221 'add' 'add_ln288' <Predicate = true> <Delay = 0.57> <CoreInst = "Adder">   --->   Core 1 'Adder' <Latency = 0> <II = 1> <Delay = 0.57> <FuncUnit> <Opcode : 'add' 'sub'> <InPorts = 2> <OutPorts = 1>
ST_31 : Operation 222 [1/1] (0.00ns)   --->   "%br_ln0 = br void"   --->   Operation 222 'br' 'br_ln0' <Predicate = true> <Delay = 0.00>


============================================================
+ Verbose Summary: Timing violations
============================================================
Target clock period: 3ns, clock uncertainty: 0.81ns.

 <State 1>: 1.09ns
The critical path consists of the following:
	wire read on port 'zTopMin' (patchMaker.cpp:281) [26]  (0 ns)
	'icmp' operation ('icmp_ln878') [38]  (0.859 ns)
	'select' operation ('select_ln257', patchMaker.cpp:257) [39]  (0.227 ns)

 <State 2>: 1.91ns
The critical path consists of the following:
	'phi' operation ('i', patchMaker.cpp:275) with incoming values : ('add_ln275', patchMaker.cpp:275) [44]  (0 ns)
	'add' operation ('add_ln272', patchMaker.cpp:272) [51]  (0.708 ns)
	'getelementptr' operation ('wp_superpoints_addr', patchMaker.cpp:272) [54]  (0 ns)
	'load' operation ('packedCoordinates.V', patchMaker.cpp:272) on array 'wp_superpoints' [63]  (1.2 ns)

 <State 3>: 1.2ns
The critical path consists of the following:
	'load' operation ('packedCoordinates.V', patchMaker.cpp:272) on array 'wp_superpoints' [63]  (1.2 ns)

 <State 4>: 2.17ns
The critical path consists of the following:
	'add' operation ('add_ln275_1', patchMaker.cpp:275) [69]  (0.436 ns)
	'call' operation ('topL_jL.V[0]', patchMaker.cpp:275) to 'straightLineProjectorFromLayerIJtoK' [70]  (1.73 ns)

 <State 5>: 2.19ns
The critical path consists of the following:
	'call' operation ('topL_jL.V[0]', patchMaker.cpp:275) to 'straightLineProjectorFromLayerIJtoK' [70]  (2.19 ns)

 <State 6>: 2.19ns
The critical path consists of the following:
	'call' operation ('topL_jL.V[0]', patchMaker.cpp:275) to 'straightLineProjectorFromLayerIJtoK' [70]  (2.19 ns)

 <State 7>: 2.19ns
The critical path consists of the following:
	'call' operation ('topL_jL.V[0]', patchMaker.cpp:275) to 'straightLineProjectorFromLayerIJtoK' [70]  (2.19 ns)

 <State 8>: 2.19ns
The critical path consists of the following:
	'call' operation ('topL_jL.V[0]', patchMaker.cpp:275) to 'straightLineProjectorFromLayerIJtoK' [70]  (2.19 ns)

 <State 9>: 2.19ns
The critical path consists of the following:
	'call' operation ('topL_jL.V[0]', patchMaker.cpp:275) to 'straightLineProjectorFromLayerIJtoK' [70]  (2.19 ns)

 <State 10>: 1.73ns
The critical path consists of the following:
	'call' operation ('topL_jR.V[0]', patchMaker.cpp:276) to 'straightLineProjectorFromLayerIJtoK' [85]  (1.73 ns)

 <State 11>: 2.19ns
The critical path consists of the following:
	'call' operation ('topL_jR.V[0]', patchMaker.cpp:276) to 'straightLineProjectorFromLayerIJtoK' [85]  (2.19 ns)

 <State 12>: 2.19ns
The critical path consists of the following:
	'call' operation ('topL_jR.V[0]', patchMaker.cpp:276) to 'straightLineProjectorFromLayerIJtoK' [85]  (2.19 ns)

 <State 13>: 2.19ns
The critical path consists of the following:
	'call' operation ('topL_jR.V[0]', patchMaker.cpp:276) to 'straightLineProjectorFromLayerIJtoK' [85]  (2.19 ns)

 <State 14>: 2.19ns
The critical path consists of the following:
	'call' operation ('topL_jR.V[0]', patchMaker.cpp:276) to 'straightLineProjectorFromLayerIJtoK' [85]  (2.19 ns)

 <State 15>: 2.19ns
The critical path consists of the following:
	'call' operation ('topL_jR.V[0]', patchMaker.cpp:276) to 'straightLineProjectorFromLayerIJtoK' [85]  (2.19 ns)

 <State 16>: 1.73ns
The critical path consists of the following:
	'call' operation ('topR_jL.V[0]', patchMaker.cpp:277) to 'straightLineProjectorFromLayerIJtoK' [100]  (1.73 ns)

 <State 17>: 2.19ns
The critical path consists of the following:
	'call' operation ('topR_jL.V[0]', patchMaker.cpp:277) to 'straightLineProjectorFromLayerIJtoK' [100]  (2.19 ns)

 <State 18>: 2.19ns
The critical path consists of the following:
	'call' operation ('topR_jL.V[0]', patchMaker.cpp:277) to 'straightLineProjectorFromLayerIJtoK' [100]  (2.19 ns)

 <State 19>: 2.19ns
The critical path consists of the following:
	'call' operation ('topR_jL.V[0]', patchMaker.cpp:277) to 'straightLineProjectorFromLayerIJtoK' [100]  (2.19 ns)

 <State 20>: 2.19ns
The critical path consists of the following:
	'call' operation ('topR_jL.V[0]', patchMaker.cpp:277) to 'straightLineProjectorFromLayerIJtoK' [100]  (2.19 ns)

 <State 21>: 2.19ns
The critical path consists of the following:
	'call' operation ('topR_jL.V[0]', patchMaker.cpp:277) to 'straightLineProjectorFromLayerIJtoK' [100]  (2.19 ns)

 <State 22>: 1.73ns
The critical path consists of the following:
	'call' operation ('topR_jR.V[0]', patchMaker.cpp:278) to 'straightLineProjectorFromLayerIJtoK' [115]  (1.73 ns)

 <State 23>: 2.19ns
The critical path consists of the following:
	'call' operation ('topR_jR.V[0]', patchMaker.cpp:278) to 'straightLineProjectorFromLayerIJtoK' [115]  (2.19 ns)

 <State 24>: 2.19ns
The critical path consists of the following:
	'call' operation ('topR_jR.V[0]', patchMaker.cpp:278) to 'straightLineProjectorFromLayerIJtoK' [115]  (2.19 ns)

 <State 25>: 2.19ns
The critical path consists of the following:
	'call' operation ('topR_jR.V[0]', patchMaker.cpp:278) to 'straightLineProjectorFromLayerIJtoK' [115]  (2.19 ns)

 <State 26>: 2.19ns
The critical path consists of the following:
	'call' operation ('topR_jR.V[0]', patchMaker.cpp:278) to 'straightLineProjectorFromLayerIJtoK' [115]  (2.19 ns)

 <State 27>: 2.19ns
The critical path consists of the following:
	'call' operation ('topR_jR.V[0]', patchMaker.cpp:278) to 'straightLineProjectorFromLayerIJtoK' [115]  (2.19 ns)

 <State 28>: 1.11ns
The critical path consists of the following:
	'call' operation ('topR_jR.V[0]', patchMaker.cpp:278) to 'straightLineProjectorFromLayerIJtoK' [115]  (1.11 ns)
	'store' operation ('store_ln278', patchMaker.cpp:278) of variable 'topR_jR.V[0]', patchMaker.cpp:278 on local variable 'topR_jR.V[3]' [121]  (0 ns)

 <State 29>: 0.6ns
The critical path consists of the following:
	'store' operation ('store_ln283', patchMaker.cpp:283) of variable 'topR_jL_V_3_load', patchMaker.cpp:283 on array 'wp_parameters' [138]  (0.6 ns)

 <State 30>: 2.15ns
The critical path consists of the following:
	'phi' operation ('i', patchMaker.cpp:288) with incoming values : ('add_ln288', patchMaker.cpp:288) [146]  (0 ns)
	'icmp' operation ('icmp_ln886_9') [159]  (0.343 ns)
	'select' operation ('topL_jL.V[3]') [160]  (0.227 ns)
	'icmp' operation ('icmp_ln886') [161]  (0.859 ns)
	blocking operation 0.722 ns on control path)

 <State 31>: 1.91ns
The critical path consists of the following:
	'load' operation ('topR_jL_V_3_1_load') on local variable 'topR_jL.V[3]' [181]  (0 ns)
	'mux' operation ('phi_ln886_1') [184]  (0.453 ns)
	'icmp' operation ('icmp_ln886_8') [185]  (0.859 ns)
	blocking operation 0.6 ns on control path)


============================================================
+ Verbose Summary: Binding
============================================================
N/A
* FSMD analyzer results:
  - Output states:
 - Input state : 
  - Chain level:
	State 1
	State 2
	State 3
	State 4
	State 5
	State 6
	State 7
	State 8
	State 9
	State 10
	State 11
	State 12
	State 13
	State 14
	State 15
	State 16
	State 17
	State 18
	State 19
	State 20
	State 21
	State 22
	State 23
	State 24
	State 25
	State 26
	State 27
	State 28
	State 29
	State 30
	State 31


============================================================
+ Verbose Summary: Datapath Resource usage 
============================================================
N/A
