

================================================================
== Vitis HLS Report for 'getSolveNextPatchPairWhileCondition'
================================================================
* Date:           Wed Jul 31 13:57:58 2024

* Version:        2020.2 (Build 3064766 on Wed Nov 18 09:12:45 MST 2020)
* Project:        PatchMaker_tanishGit
* Solution:       solutionSC4 (Vivado IP Flow Target)
* Product family: virtexuplus
* Target device:  xcvu19p-fsvb3824-2-e


================================================================
== Performance Estimates
================================================================
+ Timing: 
    * Summary: 
    +--------+---------+----------+------------+
    |  Clock |  Target | Estimated| Uncertainty|
    +--------+---------+----------+------------+
    |ap_clk  |  3.00 ns|  1.680 ns|     0.81 ns|
    +--------+---------+----------+------------+

+ Latency: 
    * Summary: 
    +---------+---------+----------+----------+-----+-----+---------+
    |  Latency (cycles) |  Latency (absolute) |  Interval | Pipeline|
    |   min   |   max   |    min   |    max   | min | max |   Type  |
    +---------+---------+----------+----------+-----+-----+---------+
    |        3|        3|  9.000 ns|  9.000 ns|    3|    3|     none|
    +---------+---------+----------+----------+-----+-----+---------+

    + Detail: 
        * Instance: 
        N/A

        * Loop: 
        N/A

============================================================
+ Verbose Summary: Synthesis Manager
============================================================
InlineROM: 1
ExposeGlobal: 0
============================================================
+ Verbose Summary: CDFG Model
============================================================
IsTopModel: 0
ResetActiveHigh: 1
IsCombinational: 0
IsDatapathOnly: 0
HasWiredReturn: 1
HasMFsm: 0
HasVarLatency: 1
IsPipeline: 0
IsRtlPipelined: 0
IsInstanceOverlapped: 0
IsDontTouch: 0
HasImplIP: 0
IsGatedGlobalClock: 0


============================================================
+ Verbose Summary: Schedule
============================================================
* Number of FSM states : 4
* Pipeline : 0
* Dataflow Pipeline: 0

* FSM state transitions: 
1 --> 2 
2 --> 3 
3 --> 4 
4 --> 

* FSM state operations: 

State 1 <SV = 0> <Delay = 0.75>
ST_1 : Operation 5 [1/1] (0.00ns)   --->   "%lastPatchIndex_read = read i5 @_ssdm_op_Read.ap_auto.i5, i5 %lastPatchIndex"   --->   Operation 5 'read' 'lastPatchIndex_read' <Predicate = true> <Delay = 0.00>
ST_1 : Operation 6 [1/1] (0.00ns)   --->   "%tmp = bitconcatenate i12 @_ssdm_op_BitConcatenate.i12.i5.i7, i5 %lastPatchIndex_read, i7 0"   --->   Operation 6 'bitconcatenate' 'tmp' <Predicate = true> <Delay = 0.00>
ST_1 : Operation 7 [1/1] (0.00ns)   --->   "%tmp_s = bitconcatenate i8 @_ssdm_op_BitConcatenate.i8.i5.i3, i5 %lastPatchIndex_read, i3 0"   --->   Operation 7 'bitconcatenate' 'tmp_s' <Predicate = true> <Delay = 0.00>
ST_1 : Operation 8 [1/1] (0.00ns)   --->   "%zext_ln886 = zext i8 %tmp_s"   --->   Operation 8 'zext' 'zext_ln886' <Predicate = true> <Delay = 0.00>
ST_1 : Operation 9 [1/1] (0.00ns) (grouped into TernaryAdder)   --->   "%sub_ln886 = sub i12 %tmp, i12 %zext_ln886"   --->   Operation 9 'sub' 'sub_ln886' <Predicate = true> <Delay = 0.00> <CoreInst = "TAddSub">   --->   Core 10 'TAddSub' <Latency = 0> <II = 1> <Delay = 0.37> <IPBlock> <Opcode : 'add' 'sub'> <InPorts = 3> <OutPorts = 1> <Sync>
ST_1 : Operation 10 [1/1] (0.75ns) (root node of TernaryAdder)   --->   "%add_ln886 = add i12 %sub_ln886, i12 61"   --->   Operation 10 'add' 'add_ln886' <Predicate = true> <Delay = 0.75> <CoreInst = "TAddSub">   --->   Core 10 'TAddSub' <Latency = 0> <II = 1> <Delay = 0.37> <IPBlock> <Opcode : 'add' 'sub'> <InPorts = 3> <OutPorts = 1> <Sync>

State 2 <SV = 1> <Delay = 1.64>
ST_2 : Operation 11 [1/1] (0.00ns)   --->   "%zext_ln886_2 = zext i12 %add_ln886"   --->   Operation 11 'zext' 'zext_ln886_2' <Predicate = true> <Delay = 0.00>
ST_2 : Operation 12 [1/1] (0.00ns)   --->   "%patches_parameters_addr = getelementptr i32 %patches_parameters, i64 0, i64 %zext_ln886_2"   --->   Operation 12 'getelementptr' 'patches_parameters_addr' <Predicate = true> <Delay = 0.00>
ST_2 : Operation 13 [2/2] (1.64ns)   --->   "%patches_parameters_load = load i12 %patches_parameters_addr"   --->   Operation 13 'load' 'patches_parameters_load' <Predicate = true> <Delay = 1.64> <CoreInst = "RAM">   --->   Core 83 'RAM' <Latency = 1> <II = 1> <Delay = 1.64> <Storage> <Opcode : 'load' 'store'> <Ports = 2> <Width = 32> <Depth = 3840> <RAM>

State 3 <SV = 2> <Delay = 1.64>
ST_3 : Operation 14 [1/1] (0.00ns)   --->   "%white_space_height_read = read i64 @_ssdm_op_Read.ap_auto.i64, i64 %white_space_height"   --->   Operation 14 'read' 'white_space_height_read' <Predicate = true> <Delay = 0.00>
ST_3 : Operation 15 [1/1] (1.14ns)   --->   "%sub_ln180 = sub i64 0, i64 %white_space_height_read" [C:/Xilinx/Vitis_HLS/2020.2/tps/mingw/6.2.0/win64.o/nt\lib\gcc\x86_64-w64-mingw32\6.2.0\include\c++\cstdlib:180]   --->   Operation 15 'sub' 'sub_ln180' <Predicate = true> <Delay = 1.14> <CoreInst = "Adder">   --->   Core 1 'Adder' <Latency = 0> <II = 1> <Delay = 1.14> <FuncUnit> <Opcode : 'add' 'sub'> <InPorts = 2> <OutPorts = 1>
ST_3 : Operation 16 [1/2] (1.64ns)   --->   "%patches_parameters_load = load i12 %patches_parameters_addr"   --->   Operation 16 'load' 'patches_parameters_load' <Predicate = true> <Delay = 1.64> <CoreInst = "RAM">   --->   Core 83 'RAM' <Latency = 1> <II = 1> <Delay = 1.64> <Storage> <Opcode : 'load' 'store'> <Ports = 2> <Width = 32> <Depth = 3840> <RAM>
ST_3 : Operation 17 [1/1] (0.00ns)   --->   "%GDn_points_addr = getelementptr i32 %GDn_points, i64 0, i64 4" [patchMaker.cpp:917]   --->   Operation 17 'getelementptr' 'GDn_points_addr' <Predicate = true> <Delay = 0.00>
ST_3 : Operation 18 [2/2] (0.69ns)   --->   "%GDn_points_load = load i3 %GDn_points_addr" [patchMaker.cpp:917]   --->   Operation 18 'load' 'GDn_points_load' <Predicate = true> <Delay = 0.69> <CoreInst = "RAM">   --->   Core 83 'RAM' <Latency = 1> <II = 1> <Delay = 0.69> <Storage> <Opcode : 'load' 'store'> <Ports = 2> <Width = 32> <Depth = 5> <RAM>

State 4 <SV = 3> <Delay = 1.68>
ST_4 : Operation 19 [1/1] (0.00ns)   --->   "%current_z_top_index_read = read i32 @_ssdm_op_Read.ap_auto.i32, i32 %current_z_top_index"   --->   Operation 19 'read' 'current_z_top_index_read' <Predicate = true> <Delay = 0.00>
ST_4 : Operation 20 [1/1] (0.00ns)   --->   "%previous_white_space_height_read = read i64 @_ssdm_op_Read.ap_auto.i64, i64 %previous_white_space_height"   --->   Operation 20 'read' 'previous_white_space_height_read' <Predicate = true> <Delay = 0.00>
ST_4 : Operation 21 [1/1] (0.00ns)   --->   "%repeat_original_read = read i1 @_ssdm_op_Read.ap_auto.i1, i1 %repeat_original"   --->   Operation 21 'read' 'repeat_original_read' <Predicate = true> <Delay = 0.00>
ST_4 : Operation 22 [1/1] (0.00ns)   --->   "%specinterface_ln0 = specinterface void @_ssdm_op_SpecInterface, i32 %GDn_points, void @empty_9, i32 0, i32 0, void @empty_8, i32 4294967295, i32 0, void @empty_8, void @empty_8, void @empty_8, i32 0, i32 0, i32 0, i32 0, void @empty_8, void @empty_8"   --->   Operation 22 'specinterface' 'specinterface_ln0' <Predicate = true> <Delay = 0.00>
ST_4 : Operation 23 [1/1] (1.06ns)   --->   "%icmp_ln914 = icmp_slt  i64 %white_space_height_read, i64 1" [patchMaker.cpp:914]   --->   Operation 23 'icmp' 'icmp_ln914' <Predicate = true> <Delay = 1.06> <CoreInst = "Cmp">   --->   Core 9 'Cmp' <Latency = 0> <II = 1> <Delay = 1.06> <FuncUnit> <Opcode : 'icmp'> <InPorts = 2> <OutPorts = 1>
ST_4 : Operation 24 [1/1] (0.00ns) (grouped into LUT with out node xor_ln920)   --->   "%tmp_25 = bitselect i1 @_ssdm_op_BitSelect.i1.i64.i32, i64 %previous_white_space_height_read, i32 63" [patchMaker.cpp:914]   --->   Operation 24 'bitselect' 'tmp_25' <Predicate = true> <Delay = 0.00>
ST_4 : Operation 25 [1/1] (0.00ns) (grouped into LUT with out node xor_ln920)   --->   "%xor_ln914 = xor i1 %tmp_25, i1 1" [patchMaker.cpp:914]   --->   Operation 25 'xor' 'xor_ln914' <Predicate = true> <Delay = 0.00> <CoreInst = "LogicGate">   --->   Core 74 'LogicGate' <Latency = 0> <II = 1> <Delay = 0.12> <FuncUnit> <Opcode : 'and' 'or' 'xor'> <InPorts = 2> <OutPorts = 1>
ST_4 : Operation 26 [1/1] (0.00ns) (grouped into LUT with out node xor_ln920)   --->   "%and_ln914 = and i1 %icmp_ln914, i1 %xor_ln914" [patchMaker.cpp:914]   --->   Operation 26 'and' 'and_ln914' <Predicate = true> <Delay = 0.00> <CoreInst = "LogicGate">   --->   Core 74 'LogicGate' <Latency = 0> <II = 1> <Delay = 0.12> <FuncUnit> <Opcode : 'and' 'or' 'xor'> <InPorts = 2> <OutPorts = 1>
ST_4 : Operation 27 [1/1] (0.00ns) (grouped into LUT with out node icmp_ln920)   --->   "%tmp_26 = bitselect i1 @_ssdm_op_BitSelect.i1.i64.i32, i64 %white_space_height_read, i32 63" [C:/Xilinx/Vitis_HLS/2020.2/tps/mingw/6.2.0/win64.o/nt\lib\gcc\x86_64-w64-mingw32\6.2.0\include\c++\cstdlib:180]   --->   Operation 27 'bitselect' 'tmp_26' <Predicate = true> <Delay = 0.00>
ST_4 : Operation 28 [1/1] (0.00ns) (grouped into LUT with out node icmp_ln920)   --->   "%select_ln180 = select i1 %tmp_26, i64 %sub_ln180, i64 %white_space_height_read" [C:/Xilinx/Vitis_HLS/2020.2/tps/mingw/6.2.0/win64.o/nt\lib\gcc\x86_64-w64-mingw32\6.2.0\include\c++\cstdlib:180]   --->   Operation 28 'select' 'select_ln180' <Predicate = true> <Delay = 0.00> <CoreInst = "Sel">   --->   Core 73 'Sel' <Latency = 0> <II = 1> <Delay = 0.41> <FuncUnit> <Opcode : 'select'> <InPorts = 3> <OutPorts = 1>
ST_4 : Operation 29 [1/2] (0.69ns)   --->   "%GDn_points_load = load i3 %GDn_points_addr" [patchMaker.cpp:917]   --->   Operation 29 'load' 'GDn_points_load' <Predicate = true> <Delay = 0.69> <CoreInst = "RAM">   --->   Core 83 'RAM' <Latency = 1> <II = 1> <Delay = 0.69> <Storage> <Opcode : 'load' 'store'> <Ports = 2> <Width = 32> <Depth = 5> <RAM>
ST_4 : Operation 30 [1/1] (0.85ns)   --->   "%exp4 = icmp_sgt  i32 %GDn_points_load, i32 %current_z_top_index_read" [patchMaker.cpp:917]   --->   Operation 30 'icmp' 'exp4' <Predicate = true> <Delay = 0.85> <CoreInst = "Cmp">   --->   Core 9 'Cmp' <Latency = 0> <II = 1> <Delay = 1.06> <FuncUnit> <Opcode : 'icmp'> <InPorts = 2> <OutPorts = 1>
ST_4 : Operation 31 [1/1] (1.06ns) (out node of the LUT)   --->   "%icmp_ln920 = icmp_slt  i64 %select_ln180, i64 6" [patchMaker.cpp:920]   --->   Operation 31 'icmp' 'icmp_ln920' <Predicate = true> <Delay = 1.06> <CoreInst = "Cmp">   --->   Core 9 'Cmp' <Latency = 0> <II = 1> <Delay = 1.06> <FuncUnit> <Opcode : 'icmp'> <InPorts = 2> <OutPorts = 1>
ST_4 : Operation 32 [1/1] (0.85ns)   --->   "%icmp_ln920_1 = icmp_slt  i32 %patches_parameters_load, i32 4244967197" [patchMaker.cpp:920]   --->   Operation 32 'icmp' 'icmp_ln920_1' <Predicate = true> <Delay = 0.85> <CoreInst = "Cmp">   --->   Core 9 'Cmp' <Latency = 0> <II = 1> <Delay = 1.06> <FuncUnit> <Opcode : 'icmp'> <InPorts = 2> <OutPorts = 1>
ST_4 : Operation 33 [1/1] (1.06ns)   --->   "%icmp_ln920_2 = icmp_slt  i64 %white_space_height_read, i64 6" [patchMaker.cpp:920]   --->   Operation 33 'icmp' 'icmp_ln920_2' <Predicate = true> <Delay = 1.06> <CoreInst = "Cmp">   --->   Core 9 'Cmp' <Latency = 0> <II = 1> <Delay = 1.06> <FuncUnit> <Opcode : 'icmp'> <InPorts = 2> <OutPorts = 1>
ST_4 : Operation 34 [1/1] (0.00ns) (grouped into LUT with out node xor_ln920)   --->   "%and_ln920 = and i1 %icmp_ln920_2, i1 %icmp_ln920_1" [patchMaker.cpp:920]   --->   Operation 34 'and' 'and_ln920' <Predicate = true> <Delay = 0.00> <CoreInst = "LogicGate">   --->   Core 74 'LogicGate' <Latency = 0> <II = 1> <Delay = 0.12> <FuncUnit> <Opcode : 'and' 'or' 'xor'> <InPorts = 2> <OutPorts = 1>
ST_4 : Operation 35 [1/1] (0.00ns) (grouped into LUT with out node xor_ln920)   --->   "%or_ln920 = or i1 %icmp_ln920, i1 %and_ln920" [patchMaker.cpp:920]   --->   Operation 35 'or' 'or_ln920' <Predicate = true> <Delay = 0.00> <CoreInst = "LogicGate">   --->   Core 74 'LogicGate' <Latency = 0> <II = 1> <Delay = 0.12> <FuncUnit> <Opcode : 'and' 'or' 'xor'> <InPorts = 2> <OutPorts = 1>
ST_4 : Operation 36 [1/1] (0.00ns) (grouped into LUT with out node xor_ln920)   --->   "%or_ln920_1 = or i1 %or_ln920, i1 %and_ln914" [patchMaker.cpp:920]   --->   Operation 36 'or' 'or_ln920_1' <Predicate = true> <Delay = 0.00> <CoreInst = "LogicGate">   --->   Core 74 'LogicGate' <Latency = 0> <II = 1> <Delay = 0.12> <FuncUnit> <Opcode : 'and' 'or' 'xor'> <InPorts = 2> <OutPorts = 1>
ST_4 : Operation 37 [1/1] (0.00ns) (grouped into LUT with out node xor_ln920)   --->   "%or_ln920_2 = or i1 %or_ln920_1, i1 %repeat_original_read" [patchMaker.cpp:920]   --->   Operation 37 'or' 'or_ln920_2' <Predicate = true> <Delay = 0.00> <CoreInst = "LogicGate">   --->   Core 74 'LogicGate' <Latency = 0> <II = 1> <Delay = 0.12> <FuncUnit> <Opcode : 'and' 'or' 'xor'> <InPorts = 2> <OutPorts = 1>
ST_4 : Operation 38 [1/1] (0.12ns) (out node of the LUT)   --->   "%xor_ln920 = xor i1 %or_ln920_2, i1 1" [patchMaker.cpp:920]   --->   Operation 38 'xor' 'xor_ln920' <Predicate = true> <Delay = 0.12> <CoreInst = "LogicGate">   --->   Core 74 'LogicGate' <Latency = 0> <II = 1> <Delay = 0.12> <FuncUnit> <Opcode : 'and' 'or' 'xor'> <InPorts = 2> <OutPorts = 1>
ST_4 : Operation 39 [1/1] (0.12ns) (out node of the LUT)   --->   "%and_ln920_1 = and i1 %exp4, i1 %xor_ln920" [patchMaker.cpp:920]   --->   Operation 39 'and' 'and_ln920_1' <Predicate = true> <Delay = 0.12> <CoreInst = "LogicGate">   --->   Core 74 'LogicGate' <Latency = 0> <II = 1> <Delay = 0.12> <FuncUnit> <Opcode : 'and' 'or' 'xor'> <InPorts = 2> <OutPorts = 1>
ST_4 : Operation 40 [1/1] (0.00ns)   --->   "%ret_ln920 = ret i1 %and_ln920_1" [patchMaker.cpp:920]   --->   Operation 40 'ret' 'ret_ln920' <Predicate = true> <Delay = 0.00>


============================================================
+ Verbose Summary: Timing violations
============================================================
Target clock period: 3ns, clock uncertainty: 0.81ns.

 <State 1>: 0.756ns
The critical path consists of the following:
	wire read on port 'lastPatchIndex' [12]  (0 ns)
	'sub' operation ('sub_ln886') [24]  (0 ns)
	'add' operation ('add_ln886') [25]  (0.756 ns)

 <State 2>: 1.65ns
The critical path consists of the following:
	'getelementptr' operation ('patches_parameters_addr') [27]  (0 ns)
	'load' operation ('patches_parameters_load') on array 'patches_parameters' [28]  (1.65 ns)

 <State 3>: 1.65ns
The critical path consists of the following:
	'load' operation ('patches_parameters_load') on array 'patches_parameters' [28]  (1.65 ns)

 <State 4>: 1.68ns
The critical path consists of the following:
	'load' operation ('GDn_points_load', patchMaker.cpp:917) on array 'GDn_points' [30]  (0.699 ns)
	'icmp' operation ('exp4', patchMaker.cpp:917) [31]  (0.859 ns)
	'and' operation ('and_ln920_1', patchMaker.cpp:920) [40]  (0.122 ns)


============================================================
+ Verbose Summary: Binding
============================================================
N/A
* FSMD analyzer results:
  - Output states:
 - Input state : 
  - Chain level:
	State 1
	State 2
	State 3
	State 4


============================================================
+ Verbose Summary: Datapath Resource usage 
============================================================
N/A
