

================================================================
== Vitis HLS Report for 'makePatch_alignedToLine'
================================================================
* Date:           Wed Jul 31 13:57:54 2024

* Version:        2020.2 (Build 3064766 on Wed Nov 18 09:12:45 MST 2020)
* Project:        PatchMaker_tanishGit
* Solution:       solutionSC4 (Vivado IP Flow Target)
* Product family: virtexuplus
* Target device:  xcvu19p-fsvb3824-2-e


================================================================
== Performance Estimates
================================================================
+ Timing: 
    * Summary: 
    +--------+---------+----------+------------+
    |  Clock |  Target | Estimated| Uncertainty|
    +--------+---------+----------+------------+
    |ap_clk  |  3.00 ns|  2.190 ns|     0.81 ns|
    +--------+---------+----------+------------+

+ Latency: 
    * Summary: 
    +---------+---------+----------+----------+-----+-----+---------+
    |  Latency (cycles) |  Latency (absolute) |  Interval | Pipeline|
    |   min   |   max   |    min   |    max   | min | max |   Type  |
    +---------+---------+----------+----------+-----+-----+---------+
    |        ?|        ?|         ?|         ?|    ?|    ?|     none|
    +---------+---------+----------+----------+-----+-----+---------+

    + Detail: 
        * Instance: 
        N/A

        * Loop: 
        +---------------------------------------------------------------------------------------------------------------------------------------------------+---------+---------+----------+-----------+-----------+------+----------+
        |                                                                                                                                                   |  Latency (cycles) | Iteration|  Initiation Interval  | Trip |          |
        |                                                                     Loop Name                                                                     |   min   |   max   |  Latency |  achieved |   target  | Count| Pipelined|
        +---------------------------------------------------------------------------------------------------------------------------------------------------+---------+---------+----------+-----------+-----------+------+----------+
        |- makePatch_alignedToLine_initPatch_perLayer_makePatch_alignedToLine_initPatch_perPoint_makePatch_alignedToLine_initPatch_perParameter             |      161|      161|         3|          1|          1|   160|       yes|
        |- makePatch_alignedToLine_makeSuperpoint_loop                                                                                                      |        ?|        ?|         ?|          -|          -|     5|        no|
        |- makePatch_alignedToLine_initSP_perSuperpoint_makePatch_alignedToLine_initSP_perPoint_makePatch_alignedToLine_initSP_perParameter                 |      161|      161|         3|          1|          1|   160|       yes|
        |- makePatch_alignedToLine_initPP_perPropertyType_makePatch_alignedToLine_initPP_perParallelogram_makePatch_alignedToLine_initPP_perPropertyLength  |      120|      120|         2|          1|          1|   120|       yes|
        +---------------------------------------------------------------------------------------------------------------------------------------------------+---------+---------+----------+-----------+-----------+------+----------+

============================================================
+ Verbose Summary: Synthesis Manager
============================================================
InlineROM: 1
ExposeGlobal: 0
============================================================
+ Verbose Summary: CDFG Model
============================================================
IsTopModel: 0
ResetActiveHigh: 1
IsCombinational: 0
IsDatapathOnly: 0
HasWiredReturn: 1
HasMFsm: 0
HasVarLatency: 1
IsPipeline: 0
IsRtlPipelined: 0
IsInstanceOverlapped: 0
IsDontTouch: 0
HasImplIP: 0
IsGatedGlobalClock: 0

+ Individual pipeline summary: 
  * Pipeline-0: initiation interval (II) = 1, depth = 3
  * Pipeline-1: initiation interval (II) = 1, depth = 3
  * Pipeline-2: initiation interval (II) = 1, depth = 2


============================================================
+ Verbose Summary: Schedule
============================================================
* Number of FSM states : 17
* Pipeline : 3
  Pipeline-0 : II = 1, D = 3, States = { 2 3 4 }
  Pipeline-1 : II = 1, D = 3, States = { 8 9 10 }
  Pipeline-2 : II = 1, D = 2, States = { 12 13 }
* Dataflow Pipeline: 0

* FSM state transitions: 
1 --> 2 
2 --> 5 3 
3 --> 4 
4 --> 2 
5 --> 6 
6 --> 7 8 
7 --> 6 
8 --> 11 9 
9 --> 10 
10 --> 8 
11 --> 12 
12 --> 14 13 
13 --> 12 
14 --> 15 
15 --> 16 
16 --> 17 
17 --> 

* FSM state operations: 

State 1 <SV = 0> <Delay = 0.38>
ST_1 : Operation 18 [1/1] (0.00ns)   --->   "%specinterface_ln0 = specinterface void @_ssdm_op_SpecInterface, i32 %GDn_points, void @empty_9, i32 0, i32 0, void @empty_8, i32 4294967295, i32 0, void @empty_8, void @empty_8, void @empty_8, i32 0, i32 0, i32 0, i32 0, void @empty_8, void @empty_8"   --->   Operation 18 'specinterface' 'specinterface_ln0' <Predicate = true> <Delay = 0.00>
ST_1 : Operation 19 [1/1] (0.00ns)   --->   "%leftRight_read = read i1 @_ssdm_op_Read.ap_auto.i1, i1 %leftRight"   --->   Operation 19 'read' 'leftRight_read' <Predicate = true> <Delay = 0.00>
ST_1 : Operation 20 [1/1] (0.00ns)   --->   "%p_read62 = read i32 @_ssdm_op_Read.ap_auto.i32, i32 %p_read"   --->   Operation 20 'read' 'p_read62' <Predicate = true> <Delay = 0.00>
ST_1 : Operation 21 [1/1] (0.00ns)   --->   "%z_top_read = read i32 @_ssdm_op_Read.ap_auto.i32, i32 %z_top"   --->   Operation 21 'read' 'z_top_read' <Predicate = true> <Delay = 0.00>
ST_1 : Operation 22 [1/1] (0.00ns)   --->   "%apexZ0_read = read i32 @_ssdm_op_Read.ap_auto.i32, i32 %apexZ0"   --->   Operation 22 'read' 'apexZ0_read' <Predicate = true> <Delay = 0.00>
ST_1 : Operation 23 [1/1] (0.00ns)   --->   "%init_patch_V = alloca i64 1" [patchMaker.cpp:1364]   --->   Operation 23 'alloca' 'init_patch_V' <Predicate = true> <Delay = 0.00> <CoreInst = "RAM">   --->   Core 83 'RAM' <Latency = 1> <II = 1> <Delay = 1.19> <Storage> <Opcode : 'load' 'store'> <Ports = 2> <Width = 32> <Depth = 160> <RAM>
ST_1 : Operation 24 [1/1] (0.00ns)   --->   "%NPpatches_superpoints_V = alloca i64 1" [patchMaker.cpp:1407]   --->   Operation 24 'alloca' 'NPpatches_superpoints_V' <Predicate = true> <Delay = 0.00> <CoreInst = "RAM">   --->   Core 83 'RAM' <Latency = 1> <II = 1> <Delay = 1.19> <Storage> <Opcode : 'load' 'store'> <Ports = 2> <Width = 32> <Depth = 160> <RAM>
ST_1 : Operation 25 [1/1] (0.00ns)   --->   "%NPpatches_parameters_V = alloca i64 1" [patchMaker.cpp:1437]   --->   Operation 25 'alloca' 'NPpatches_parameters_V' <Predicate = true> <Delay = 0.00> <CoreInst = "RAM">   --->   Core 83 'RAM' <Latency = 1> <II = 1> <Delay = 0.60> <Storage> <Opcode : 'load' 'store'> <Ports = 2> <Width = 32> <Depth = 120> <RAM>
ST_1 : Operation 26 [1/1] (0.38ns)   --->   "%br_ln1372 = br void" [patchMaker.cpp:1372]   --->   Operation 26 'br' 'br_ln1372' <Predicate = true> <Delay = 0.38>

State 2 <SV = 1> <Delay = 1.86>
ST_2 : Operation 27 [1/1] (0.00ns)   --->   "%indvar_flatten13 = phi i8 0, void, i8 %add_ln1372_1, void %.split20" [patchMaker.cpp:1372]   --->   Operation 27 'phi' 'indvar_flatten13' <Predicate = true> <Delay = 0.00>
ST_2 : Operation 28 [1/1] (0.00ns)   --->   "%a = phi i3 0, void, i3 %select_ln1372_1, void %.split20" [patchMaker.cpp:1372]   --->   Operation 28 'phi' 'a' <Predicate = true> <Delay = 0.00>
ST_2 : Operation 29 [1/1] (0.00ns)   --->   "%indvar_flatten = phi i7 0, void, i7 %select_ln1378_2, void %.split20" [patchMaker.cpp:1378]   --->   Operation 29 'phi' 'indvar_flatten' <Predicate = true> <Delay = 0.00>
ST_2 : Operation 30 [1/1] (0.00ns)   --->   "%b = phi i5 0, void, i5 %select_ln1378_1, void %.split20" [patchMaker.cpp:1378]   --->   Operation 30 'phi' 'b' <Predicate = true> <Delay = 0.00>
ST_2 : Operation 31 [1/1] (0.00ns)   --->   "%c = phi i2 0, void, i2 %add_ln1384, void %.split20" [patchMaker.cpp:1384]   --->   Operation 31 'phi' 'c' <Predicate = true> <Delay = 0.00>
ST_2 : Operation 32 [1/1] (0.70ns)   --->   "%add_ln1372_1 = add i8 %indvar_flatten13, i8 1" [patchMaker.cpp:1372]   --->   Operation 32 'add' 'add_ln1372_1' <Predicate = true> <Delay = 0.70> <CoreInst = "Adder">   --->   Core 1 'Adder' <Latency = 0> <II = 1> <Delay = 0.57> <FuncUnit> <Opcode : 'add' 'sub'> <InPorts = 2> <OutPorts = 1>
ST_2 : Operation 33 [1/1] (0.00ns)   --->   "%specpipeline_ln0 = specpipeline void @_ssdm_op_SpecPipeline, i32 4294967295, i32 0, i32 1, i32 0, void @p_str"   --->   Operation 33 'specpipeline' 'specpipeline_ln0' <Predicate = true> <Delay = 0.00>
ST_2 : Operation 34 [1/1] (0.58ns)   --->   "%icmp_ln1372 = icmp_eq  i8 %indvar_flatten13, i8 160" [patchMaker.cpp:1372]   --->   Operation 34 'icmp' 'icmp_ln1372' <Predicate = true> <Delay = 0.58> <CoreInst = "Cmp">   --->   Core 9 'Cmp' <Latency = 0> <II = 1> <Delay = 0.49> <FuncUnit> <Opcode : 'icmp'> <InPorts = 2> <OutPorts = 1>
ST_2 : Operation 35 [1/1] (0.00ns)   --->   "%br_ln1372 = br i1 %icmp_ln1372, void %.split20, void %.preheader2.preheader" [patchMaker.cpp:1372]   --->   Operation 35 'br' 'br_ln1372' <Predicate = true> <Delay = 0.00>
ST_2 : Operation 36 [1/1] (0.57ns)   --->   "%add_ln1372 = add i3 %a, i3 1" [patchMaker.cpp:1372]   --->   Operation 36 'add' 'add_ln1372' <Predicate = (!icmp_ln1372)> <Delay = 0.57> <CoreInst = "Adder">   --->   Core 1 'Adder' <Latency = 0> <II = 1> <Delay = 0.57> <FuncUnit> <Opcode : 'add' 'sub'> <InPorts = 2> <OutPorts = 1>
ST_2 : Operation 37 [1/1] (0.59ns)   --->   "%icmp_ln1378 = icmp_eq  i7 %indvar_flatten, i7 32" [patchMaker.cpp:1378]   --->   Operation 37 'icmp' 'icmp_ln1378' <Predicate = (!icmp_ln1372)> <Delay = 0.59> <CoreInst = "Cmp">   --->   Core 9 'Cmp' <Latency = 0> <II = 1> <Delay = 0.49> <FuncUnit> <Opcode : 'icmp'> <InPorts = 2> <OutPorts = 1>
ST_2 : Operation 38 [1/1] (0.27ns)   --->   "%select_ln1372 = select i1 %icmp_ln1378, i5 0, i5 %b" [patchMaker.cpp:1372]   --->   Operation 38 'select' 'select_ln1372' <Predicate = (!icmp_ln1372)> <Delay = 0.27> <CoreInst = "Sel">   --->   Core 73 'Sel' <Latency = 0> <II = 1> <Delay = 0.29> <FuncUnit> <Opcode : 'select'> <InPorts = 3> <OutPorts = 1>
ST_2 : Operation 39 [1/1] (0.27ns)   --->   "%select_ln1372_1 = select i1 %icmp_ln1378, i3 %add_ln1372, i3 %a" [patchMaker.cpp:1372]   --->   Operation 39 'select' 'select_ln1372_1' <Predicate = (!icmp_ln1372)> <Delay = 0.27> <CoreInst = "Sel">   --->   Core 73 'Sel' <Latency = 0> <II = 1> <Delay = 0.29> <FuncUnit> <Opcode : 'select'> <InPorts = 3> <OutPorts = 1>
ST_2 : Operation 40 [1/1] (0.00ns) (grouped into LUT with out node and_ln1372)   --->   "%xor_ln1372 = xor i1 %icmp_ln1378, i1 1" [patchMaker.cpp:1372]   --->   Operation 40 'xor' 'xor_ln1372' <Predicate = (!icmp_ln1372)> <Delay = 0.00> <CoreInst = "LogicGate">   --->   Core 74 'LogicGate' <Latency = 0> <II = 1> <Delay = 0.12> <FuncUnit> <Opcode : 'and' 'or' 'xor'> <InPorts = 2> <OutPorts = 1>
ST_2 : Operation 41 [1/1] (0.34ns)   --->   "%icmp_ln1384 = icmp_eq  i2 %c, i2 2" [patchMaker.cpp:1384]   --->   Operation 41 'icmp' 'icmp_ln1384' <Predicate = (!icmp_ln1372)> <Delay = 0.34> <CoreInst = "Cmp">   --->   Core 9 'Cmp' <Latency = 0> <II = 1> <Delay = 0.49> <FuncUnit> <Opcode : 'icmp'> <InPorts = 2> <OutPorts = 1>
ST_2 : Operation 42 [1/1] (0.12ns) (out node of the LUT)   --->   "%and_ln1372 = and i1 %icmp_ln1384, i1 %xor_ln1372" [patchMaker.cpp:1372]   --->   Operation 42 'and' 'and_ln1372' <Predicate = (!icmp_ln1372)> <Delay = 0.12> <CoreInst = "LogicGate">   --->   Core 74 'LogicGate' <Latency = 0> <II = 1> <Delay = 0.12> <FuncUnit> <Opcode : 'and' 'or' 'xor'> <InPorts = 2> <OutPorts = 1>
ST_2 : Operation 43 [1/1] (0.70ns)   --->   "%add_ln1378 = add i5 %select_ln1372, i5 1" [patchMaker.cpp:1378]   --->   Operation 43 'add' 'add_ln1378' <Predicate = (!icmp_ln1372)> <Delay = 0.70> <CoreInst = "Adder">   --->   Core 1 'Adder' <Latency = 0> <II = 1> <Delay = 0.57> <FuncUnit> <Opcode : 'add' 'sub'> <InPorts = 2> <OutPorts = 1>
ST_2 : Operation 44 [1/1] (0.00ns) (grouped into LUT with out node select_ln1378)   --->   "%or_ln1378 = or i1 %and_ln1372, i1 %icmp_ln1378" [patchMaker.cpp:1378]   --->   Operation 44 'or' 'or_ln1378' <Predicate = (!icmp_ln1372)> <Delay = 0.00> <CoreInst = "LogicGate">   --->   Core 74 'LogicGate' <Latency = 0> <II = 1> <Delay = 0.12> <FuncUnit> <Opcode : 'and' 'or' 'xor'> <InPorts = 2> <OutPorts = 1>
ST_2 : Operation 45 [1/1] (0.27ns) (out node of the LUT)   --->   "%select_ln1378 = select i1 %or_ln1378, i2 0, i2 %c" [patchMaker.cpp:1378]   --->   Operation 45 'select' 'select_ln1378' <Predicate = (!icmp_ln1372)> <Delay = 0.27> <CoreInst = "Sel">   --->   Core 73 'Sel' <Latency = 0> <II = 1> <Delay = 0.29> <FuncUnit> <Opcode : 'select'> <InPorts = 3> <OutPorts = 1>
ST_2 : Operation 46 [1/1] (0.27ns)   --->   "%select_ln1378_1 = select i1 %and_ln1372, i5 %add_ln1378, i5 %select_ln1372" [patchMaker.cpp:1378]   --->   Operation 46 'select' 'select_ln1378_1' <Predicate = (!icmp_ln1372)> <Delay = 0.27> <CoreInst = "Sel">   --->   Core 73 'Sel' <Latency = 0> <II = 1> <Delay = 0.29> <FuncUnit> <Opcode : 'select'> <InPorts = 3> <OutPorts = 1>
ST_2 : Operation 47 [1/1] (0.43ns)   --->   "%add_ln1384 = add i2 %select_ln1378, i2 1" [patchMaker.cpp:1384]   --->   Operation 47 'add' 'add_ln1384' <Predicate = (!icmp_ln1372)> <Delay = 0.43> <CoreInst = "Adder">   --->   Core 1 'Adder' <Latency = 0> <II = 1> <Delay = 0.57> <FuncUnit> <Opcode : 'add' 'sub'> <InPorts = 2> <OutPorts = 1>
ST_2 : Operation 48 [1/1] (0.70ns)   --->   "%add_ln1378_1 = add i7 %indvar_flatten, i7 1" [patchMaker.cpp:1378]   --->   Operation 48 'add' 'add_ln1378_1' <Predicate = (!icmp_ln1372)> <Delay = 0.70> <CoreInst = "Adder">   --->   Core 1 'Adder' <Latency = 0> <II = 1> <Delay = 0.57> <FuncUnit> <Opcode : 'add' 'sub'> <InPorts = 2> <OutPorts = 1>
ST_2 : Operation 49 [1/1] (0.30ns)   --->   "%select_ln1378_2 = select i1 %icmp_ln1378, i7 1, i7 %add_ln1378_1" [patchMaker.cpp:1378]   --->   Operation 49 'select' 'select_ln1378_2' <Predicate = (!icmp_ln1372)> <Delay = 0.30> <CoreInst = "Sel">   --->   Core 73 'Sel' <Latency = 0> <II = 1> <Delay = 0.29> <FuncUnit> <Opcode : 'select'> <InPorts = 3> <OutPorts = 1>

State 3 <SV = 2> <Delay = 1.41>
ST_3 : Operation 50 [1/1] (0.00ns)   --->   "%tmp = bitconcatenate i7 @_ssdm_op_BitConcatenate.i7.i3.i4, i3 %select_ln1372_1, i4 0" [patchMaker.cpp:1389]   --->   Operation 50 'bitconcatenate' 'tmp' <Predicate = (!icmp_ln1372)> <Delay = 0.00>
ST_3 : Operation 51 [1/1] (0.00ns)   --->   "%zext_ln1378 = zext i7 %tmp" [patchMaker.cpp:1378]   --->   Operation 51 'zext' 'zext_ln1378' <Predicate = (!icmp_ln1372)> <Delay = 0.00>
ST_3 : Operation 52 [1/1] (0.00ns)   --->   "%zext_ln1389 = zext i5 %select_ln1378_1" [patchMaker.cpp:1389]   --->   Operation 52 'zext' 'zext_ln1389' <Predicate = (!icmp_ln1372)> <Delay = 0.00>
ST_3 : Operation 53 [1/1] (0.70ns)   --->   "%add_ln1389 = add i8 %zext_ln1378, i8 %zext_ln1389" [patchMaker.cpp:1389]   --->   Operation 53 'add' 'add_ln1389' <Predicate = (!icmp_ln1372)> <Delay = 0.70> <CoreInst = "Adder">   --->   Core 1 'Adder' <Latency = 0> <II = 1> <Delay = 0.57> <FuncUnit> <Opcode : 'add' 'sub'> <InPorts = 2> <OutPorts = 1>
ST_3 : Operation 54 [1/1] (0.00ns) (grouped into LUT with out node add_ln1389_1)   --->   "%empty_73 = shl i8 %add_ln1389, i8 1" [patchMaker.cpp:1389]   --->   Operation 54 'shl' 'empty_73' <Predicate = (!icmp_ln1372)> <Delay = 0.00>
ST_3 : Operation 55 [1/1] (0.00ns) (grouped into LUT with out node add_ln1389_1)   --->   "%zext_ln1389_1 = zext i2 %select_ln1378" [patchMaker.cpp:1389]   --->   Operation 55 'zext' 'zext_ln1389_1' <Predicate = (!icmp_ln1372)> <Delay = 0.00>
ST_3 : Operation 56 [1/1] (0.70ns) (out node of the LUT)   --->   "%add_ln1389_1 = add i8 %empty_73, i8 %zext_ln1389_1" [patchMaker.cpp:1389]   --->   Operation 56 'add' 'add_ln1389_1' <Predicate = (!icmp_ln1372)> <Delay = 0.70> <CoreInst = "Adder">   --->   Core 1 'Adder' <Latency = 0> <II = 1> <Delay = 0.57> <FuncUnit> <Opcode : 'add' 'sub'> <InPorts = 2> <OutPorts = 1>

State 4 <SV = 3> <Delay = 1.19>
ST_4 : Operation 57 [1/1] (0.00ns)   --->   "%specloopname_ln0 = specloopname void @_ssdm_op_SpecLoopName, void @makePatch_alignedToLine_initPatch_perLayer_makePatch_alignedToLine_initPatch_perPoint_makePatch_alignedToLine_initPatch_perParameter_str"   --->   Operation 57 'specloopname' 'specloopname_ln0' <Predicate = (!icmp_ln1372)> <Delay = 0.00>
ST_4 : Operation 58 [1/1] (0.00ns)   --->   "%empty = speclooptripcount i32 @_ssdm_op_SpecLoopTripCount, i64 160, i64 160, i64 160"   --->   Operation 58 'speclooptripcount' 'empty' <Predicate = (!icmp_ln1372)> <Delay = 0.00>
ST_4 : Operation 59 [1/1] (0.00ns)   --->   "%specpipeline_ln0 = specpipeline void @_ssdm_op_SpecPipeline, i32 4294967295, i32 0, i32 1, i32 0, void @p_str"   --->   Operation 59 'specpipeline' 'specpipeline_ln0' <Predicate = (!icmp_ln1372)> <Delay = 0.00>
ST_4 : Operation 60 [1/1] (0.00ns)   --->   "%specloopname_ln0 = specloopname void @_ssdm_op_SpecLoopName, void @makePatch_alignedToLine_initPatch_perPoint_makePatch_alignedToLine_initPatch_perParameter_str"   --->   Operation 60 'specloopname' 'specloopname_ln0' <Predicate = (!icmp_ln1372)> <Delay = 0.00>
ST_4 : Operation 61 [1/1] (0.00ns)   --->   "%specpipeline_ln0 = specpipeline void @_ssdm_op_SpecPipeline, i32 4294967295, i32 0, i32 1, i32 0, void @p_str"   --->   Operation 61 'specpipeline' 'specpipeline_ln0' <Predicate = (!icmp_ln1372)> <Delay = 0.00>
ST_4 : Operation 62 [1/1] (0.00ns)   --->   "%zext_ln1389_2 = zext i8 %add_ln1389_1" [patchMaker.cpp:1389]   --->   Operation 62 'zext' 'zext_ln1389_2' <Predicate = (!icmp_ln1372)> <Delay = 0.00>
ST_4 : Operation 63 [1/1] (0.00ns)   --->   "%init_patch_V_addr = getelementptr i32 %init_patch_V, i64 0, i64 %zext_ln1389_2" [patchMaker.cpp:1389]   --->   Operation 63 'getelementptr' 'init_patch_V_addr' <Predicate = (!icmp_ln1372)> <Delay = 0.00>
ST_4 : Operation 64 [1/1] (0.00ns)   --->   "%specloopname_ln1384 = specloopname void @_ssdm_op_SpecLoopName, void @empty_29" [patchMaker.cpp:1384]   --->   Operation 64 'specloopname' 'specloopname_ln1384' <Predicate = (!icmp_ln1372)> <Delay = 0.00>
ST_4 : Operation 65 [1/1] (1.19ns)   --->   "%store_ln1389 = store i32 0, i8 %init_patch_V_addr" [patchMaker.cpp:1389]   --->   Operation 65 'store' 'store_ln1389' <Predicate = (!icmp_ln1372)> <Delay = 1.19> <CoreInst = "RAM">   --->   Core 83 'RAM' <Latency = 1> <II = 1> <Delay = 1.19> <Storage> <Opcode : 'load' 'store'> <Ports = 2> <Width = 32> <Depth = 160> <RAM>
ST_4 : Operation 66 [1/1] (0.00ns)   --->   "%br_ln0 = br void"   --->   Operation 66 'br' 'br_ln0' <Predicate = (!icmp_ln1372)> <Delay = 0.00>

State 5 <SV = 2> <Delay = 0.38>
ST_5 : Operation 67 [1/1] (0.38ns)   --->   "%br_ln1398 = br void %.preheader2" [patchMaker.cpp:1398]   --->   Operation 67 'br' 'br_ln1398' <Predicate = true> <Delay = 0.38>

State 6 <SV = 3> <Delay = 1.19>
ST_6 : Operation 68 [1/1] (0.00ns)   --->   "%ppl_0 = phi i32 %call_ret1, void %.split14, i32 %p_read62, void %.preheader2.preheader" [patchMaker.cpp:1403]   --->   Operation 68 'phi' 'ppl_0' <Predicate = true> <Delay = 0.00>
ST_6 : Operation 69 [1/1] (0.00ns)   --->   "%i = phi i3 %add_ln1398, void %.split14, i3 0, void %.preheader2.preheader" [patchMaker.cpp:1398]   --->   Operation 69 'phi' 'i' <Predicate = true> <Delay = 0.00>
ST_6 : Operation 70 [1/1] (0.57ns)   --->   "%add_ln1398 = add i3 %i, i3 1" [patchMaker.cpp:1398]   --->   Operation 70 'add' 'add_ln1398' <Predicate = true> <Delay = 0.57> <CoreInst = "Adder">   --->   Core 1 'Adder' <Latency = 0> <II = 1> <Delay = 0.57> <FuncUnit> <Opcode : 'add' 'sub'> <InPorts = 2> <OutPorts = 1>
ST_6 : Operation 71 [1/1] (0.49ns)   --->   "%icmp_ln1398 = icmp_eq  i3 %i, i3 5" [patchMaker.cpp:1398]   --->   Operation 71 'icmp' 'icmp_ln1398' <Predicate = true> <Delay = 0.49> <CoreInst = "Cmp">   --->   Core 9 'Cmp' <Latency = 0> <II = 1> <Delay = 0.49> <FuncUnit> <Opcode : 'icmp'> <InPorts = 2> <OutPorts = 1>
ST_6 : Operation 72 [1/1] (0.00ns)   --->   "%empty_74 = speclooptripcount i32 @_ssdm_op_SpecLoopTripCount, i64 5, i64 5, i64 5"   --->   Operation 72 'speclooptripcount' 'empty_74' <Predicate = true> <Delay = 0.00>
ST_6 : Operation 73 [1/1] (0.00ns)   --->   "%br_ln1398 = br i1 %icmp_ln1398, void %.split14, void %.preheader1.preheader.preheader" [patchMaker.cpp:1398]   --->   Operation 73 'br' 'br_ln1398' <Predicate = true> <Delay = 0.00>
ST_6 : Operation 74 [2/2] (0.69ns)   --->   "%call_ret1 = call i32 @makeSuperPoint_alignedToLine11, i32 %GDn_points, i3 %i, i32 %z_top_read, i32 %apexZ0_read, i32 %p_read62, i1 %leftRight_read, i32 %init_patch_V, i32 %GDarrayDecoded, i35 %radiiDivisionList, i26 %trapezoid_edges_V" [patchMaker.cpp:1403]   --->   Operation 74 'call' 'call_ret1' <Predicate = (!icmp_ln1398)> <Delay = 0.69> <CoreType = "Generic">   --->   Core 0 '' <Latency = 0> <II = 1> <Delay = 1.00> <Generic> <Opcode : >
ST_6 : Operation 75 [1/1] (0.38ns)   --->   "%br_ln1415 = br void %.preheader1.preheader" [patchMaker.cpp:1415]   --->   Operation 75 'br' 'br_ln1415' <Predicate = (icmp_ln1398)> <Delay = 0.38>

State 7 <SV = 4> <Delay = 0.00>
ST_7 : Operation 76 [1/1] (0.00ns)   --->   "%specloopname_ln1398 = specloopname void @_ssdm_op_SpecLoopName, void @empty_4" [patchMaker.cpp:1398]   --->   Operation 76 'specloopname' 'specloopname_ln1398' <Predicate = true> <Delay = 0.00>
ST_7 : Operation 77 [1/2] (0.00ns)   --->   "%call_ret1 = call i32 @makeSuperPoint_alignedToLine11, i32 %GDn_points, i3 %i, i32 %z_top_read, i32 %apexZ0_read, i32 %p_read62, i1 %leftRight_read, i32 %init_patch_V, i32 %GDarrayDecoded, i35 %radiiDivisionList, i26 %trapezoid_edges_V" [patchMaker.cpp:1403]   --->   Operation 77 'call' 'call_ret1' <Predicate = true> <Delay = 0.00> <CoreType = "Generic">   --->   Core 0 '' <Latency = 0> <II = 1> <Delay = 1.00> <Generic> <Opcode : >
ST_7 : Operation 78 [1/1] (0.00ns)   --->   "%br_ln0 = br void %.preheader2"   --->   Operation 78 'br' 'br_ln0' <Predicate = true> <Delay = 0.00>

State 8 <SV = 4> <Delay = 1.86>
ST_8 : Operation 79 [1/1] (0.00ns)   --->   "%indvar_flatten35 = phi i8 %add_ln1415_1, void %.preheader1, i8 0, void %.preheader1.preheader.preheader" [patchMaker.cpp:1415]   --->   Operation 79 'phi' 'indvar_flatten35' <Predicate = true> <Delay = 0.00>
ST_8 : Operation 80 [1/1] (0.00ns)   --->   "%b_1 = phi i3 %select_ln1415_1, void %.preheader1, i3 0, void %.preheader1.preheader.preheader" [patchMaker.cpp:1415]   --->   Operation 80 'phi' 'b_1' <Predicate = true> <Delay = 0.00>
ST_8 : Operation 81 [1/1] (0.00ns)   --->   "%indvar_flatten21 = phi i7 %select_ln1421_2, void %.preheader1, i7 0, void %.preheader1.preheader.preheader" [patchMaker.cpp:1421]   --->   Operation 81 'phi' 'indvar_flatten21' <Predicate = true> <Delay = 0.00>
ST_8 : Operation 82 [1/1] (0.00ns)   --->   "%c_1 = phi i5 %select_ln1421_1, void %.preheader1, i5 0, void %.preheader1.preheader.preheader" [patchMaker.cpp:1421]   --->   Operation 82 'phi' 'c_1' <Predicate = true> <Delay = 0.00>
ST_8 : Operation 83 [1/1] (0.00ns)   --->   "%d = phi i2 %add_ln1427, void %.preheader1, i2 0, void %.preheader1.preheader.preheader" [patchMaker.cpp:1427]   --->   Operation 83 'phi' 'd' <Predicate = true> <Delay = 0.00>
ST_8 : Operation 84 [1/1] (0.70ns)   --->   "%add_ln1415_1 = add i8 %indvar_flatten35, i8 1" [patchMaker.cpp:1415]   --->   Operation 84 'add' 'add_ln1415_1' <Predicate = true> <Delay = 0.70> <CoreInst = "Adder">   --->   Core 1 'Adder' <Latency = 0> <II = 1> <Delay = 0.57> <FuncUnit> <Opcode : 'add' 'sub'> <InPorts = 2> <OutPorts = 1>
ST_8 : Operation 85 [1/1] (0.00ns)   --->   "%specpipeline_ln0 = specpipeline void @_ssdm_op_SpecPipeline, i32 4294967295, i32 0, i32 1, i32 0, void @p_str"   --->   Operation 85 'specpipeline' 'specpipeline_ln0' <Predicate = true> <Delay = 0.00>
ST_8 : Operation 86 [1/1] (0.58ns)   --->   "%icmp_ln1415 = icmp_eq  i8 %indvar_flatten35, i8 160" [patchMaker.cpp:1415]   --->   Operation 86 'icmp' 'icmp_ln1415' <Predicate = true> <Delay = 0.58> <CoreInst = "Cmp">   --->   Core 9 'Cmp' <Latency = 0> <II = 1> <Delay = 0.49> <FuncUnit> <Opcode : 'icmp'> <InPorts = 2> <OutPorts = 1>
ST_8 : Operation 87 [1/1] (0.00ns)   --->   "%br_ln1415 = br i1 %icmp_ln1415, void %.preheader1, void %.preheader.preheader.preheader" [patchMaker.cpp:1415]   --->   Operation 87 'br' 'br_ln1415' <Predicate = true> <Delay = 0.00>
ST_8 : Operation 88 [1/1] (0.57ns)   --->   "%add_ln1415 = add i3 %b_1, i3 1" [patchMaker.cpp:1415]   --->   Operation 88 'add' 'add_ln1415' <Predicate = (!icmp_ln1415)> <Delay = 0.57> <CoreInst = "Adder">   --->   Core 1 'Adder' <Latency = 0> <II = 1> <Delay = 0.57> <FuncUnit> <Opcode : 'add' 'sub'> <InPorts = 2> <OutPorts = 1>
ST_8 : Operation 89 [1/1] (0.59ns)   --->   "%icmp_ln1421 = icmp_eq  i7 %indvar_flatten21, i7 32" [patchMaker.cpp:1421]   --->   Operation 89 'icmp' 'icmp_ln1421' <Predicate = (!icmp_ln1415)> <Delay = 0.59> <CoreInst = "Cmp">   --->   Core 9 'Cmp' <Latency = 0> <II = 1> <Delay = 0.49> <FuncUnit> <Opcode : 'icmp'> <InPorts = 2> <OutPorts = 1>
ST_8 : Operation 90 [1/1] (0.27ns)   --->   "%select_ln1415 = select i1 %icmp_ln1421, i5 0, i5 %c_1" [patchMaker.cpp:1415]   --->   Operation 90 'select' 'select_ln1415' <Predicate = (!icmp_ln1415)> <Delay = 0.27> <CoreInst = "Sel">   --->   Core 73 'Sel' <Latency = 0> <II = 1> <Delay = 0.29> <FuncUnit> <Opcode : 'select'> <InPorts = 3> <OutPorts = 1>
ST_8 : Operation 91 [1/1] (0.27ns)   --->   "%select_ln1415_1 = select i1 %icmp_ln1421, i3 %add_ln1415, i3 %b_1" [patchMaker.cpp:1415]   --->   Operation 91 'select' 'select_ln1415_1' <Predicate = (!icmp_ln1415)> <Delay = 0.27> <CoreInst = "Sel">   --->   Core 73 'Sel' <Latency = 0> <II = 1> <Delay = 0.29> <FuncUnit> <Opcode : 'select'> <InPorts = 3> <OutPorts = 1>
ST_8 : Operation 92 [1/1] (0.00ns) (grouped into LUT with out node and_ln1415)   --->   "%xor_ln1415 = xor i1 %icmp_ln1421, i1 1" [patchMaker.cpp:1415]   --->   Operation 92 'xor' 'xor_ln1415' <Predicate = (!icmp_ln1415)> <Delay = 0.00> <CoreInst = "LogicGate">   --->   Core 74 'LogicGate' <Latency = 0> <II = 1> <Delay = 0.12> <FuncUnit> <Opcode : 'and' 'or' 'xor'> <InPorts = 2> <OutPorts = 1>
ST_8 : Operation 93 [1/1] (0.34ns)   --->   "%icmp_ln1427 = icmp_eq  i2 %d, i2 2" [patchMaker.cpp:1427]   --->   Operation 93 'icmp' 'icmp_ln1427' <Predicate = (!icmp_ln1415)> <Delay = 0.34> <CoreInst = "Cmp">   --->   Core 9 'Cmp' <Latency = 0> <II = 1> <Delay = 0.49> <FuncUnit> <Opcode : 'icmp'> <InPorts = 2> <OutPorts = 1>
ST_8 : Operation 94 [1/1] (0.12ns) (out node of the LUT)   --->   "%and_ln1415 = and i1 %icmp_ln1427, i1 %xor_ln1415" [patchMaker.cpp:1415]   --->   Operation 94 'and' 'and_ln1415' <Predicate = (!icmp_ln1415)> <Delay = 0.12> <CoreInst = "LogicGate">   --->   Core 74 'LogicGate' <Latency = 0> <II = 1> <Delay = 0.12> <FuncUnit> <Opcode : 'and' 'or' 'xor'> <InPorts = 2> <OutPorts = 1>
ST_8 : Operation 95 [1/1] (0.70ns)   --->   "%add_ln1421 = add i5 %select_ln1415, i5 1" [patchMaker.cpp:1421]   --->   Operation 95 'add' 'add_ln1421' <Predicate = (!icmp_ln1415)> <Delay = 0.70> <CoreInst = "Adder">   --->   Core 1 'Adder' <Latency = 0> <II = 1> <Delay = 0.57> <FuncUnit> <Opcode : 'add' 'sub'> <InPorts = 2> <OutPorts = 1>
ST_8 : Operation 96 [1/1] (0.00ns) (grouped into LUT with out node select_ln1421)   --->   "%or_ln1421 = or i1 %and_ln1415, i1 %icmp_ln1421" [patchMaker.cpp:1421]   --->   Operation 96 'or' 'or_ln1421' <Predicate = (!icmp_ln1415)> <Delay = 0.00> <CoreInst = "LogicGate">   --->   Core 74 'LogicGate' <Latency = 0> <II = 1> <Delay = 0.12> <FuncUnit> <Opcode : 'and' 'or' 'xor'> <InPorts = 2> <OutPorts = 1>
ST_8 : Operation 97 [1/1] (0.27ns) (out node of the LUT)   --->   "%select_ln1421 = select i1 %or_ln1421, i2 0, i2 %d" [patchMaker.cpp:1421]   --->   Operation 97 'select' 'select_ln1421' <Predicate = (!icmp_ln1415)> <Delay = 0.27> <CoreInst = "Sel">   --->   Core 73 'Sel' <Latency = 0> <II = 1> <Delay = 0.29> <FuncUnit> <Opcode : 'select'> <InPorts = 3> <OutPorts = 1>
ST_8 : Operation 98 [1/1] (0.27ns)   --->   "%select_ln1421_1 = select i1 %and_ln1415, i5 %add_ln1421, i5 %select_ln1415" [patchMaker.cpp:1421]   --->   Operation 98 'select' 'select_ln1421_1' <Predicate = (!icmp_ln1415)> <Delay = 0.27> <CoreInst = "Sel">   --->   Core 73 'Sel' <Latency = 0> <II = 1> <Delay = 0.29> <FuncUnit> <Opcode : 'select'> <InPorts = 3> <OutPorts = 1>
ST_8 : Operation 99 [1/1] (0.43ns)   --->   "%add_ln1427 = add i2 %select_ln1421, i2 1" [patchMaker.cpp:1427]   --->   Operation 99 'add' 'add_ln1427' <Predicate = (!icmp_ln1415)> <Delay = 0.43> <CoreInst = "Adder">   --->   Core 1 'Adder' <Latency = 0> <II = 1> <Delay = 0.57> <FuncUnit> <Opcode : 'add' 'sub'> <InPorts = 2> <OutPorts = 1>
ST_8 : Operation 100 [1/1] (0.70ns)   --->   "%add_ln1421_1 = add i7 %indvar_flatten21, i7 1" [patchMaker.cpp:1421]   --->   Operation 100 'add' 'add_ln1421_1' <Predicate = (!icmp_ln1415)> <Delay = 0.70> <CoreInst = "Adder">   --->   Core 1 'Adder' <Latency = 0> <II = 1> <Delay = 0.57> <FuncUnit> <Opcode : 'add' 'sub'> <InPorts = 2> <OutPorts = 1>
ST_8 : Operation 101 [1/1] (0.30ns)   --->   "%select_ln1421_2 = select i1 %icmp_ln1421, i7 1, i7 %add_ln1421_1" [patchMaker.cpp:1421]   --->   Operation 101 'select' 'select_ln1421_2' <Predicate = (!icmp_ln1415)> <Delay = 0.30> <CoreInst = "Sel">   --->   Core 73 'Sel' <Latency = 0> <II = 1> <Delay = 0.29> <FuncUnit> <Opcode : 'select'> <InPorts = 3> <OutPorts = 1>

State 9 <SV = 5> <Delay = 1.41>
ST_9 : Operation 102 [1/1] (0.00ns)   --->   "%tmp_s = bitconcatenate i7 @_ssdm_op_BitConcatenate.i7.i3.i4, i3 %select_ln1415_1, i4 0" [patchMaker.cpp:1432]   --->   Operation 102 'bitconcatenate' 'tmp_s' <Predicate = (!icmp_ln1415)> <Delay = 0.00>
ST_9 : Operation 103 [1/1] (0.00ns)   --->   "%zext_ln1421 = zext i7 %tmp_s" [patchMaker.cpp:1421]   --->   Operation 103 'zext' 'zext_ln1421' <Predicate = (!icmp_ln1415)> <Delay = 0.00>
ST_9 : Operation 104 [1/1] (0.00ns)   --->   "%zext_ln1432 = zext i5 %select_ln1421_1" [patchMaker.cpp:1432]   --->   Operation 104 'zext' 'zext_ln1432' <Predicate = (!icmp_ln1415)> <Delay = 0.00>
ST_9 : Operation 105 [1/1] (0.70ns)   --->   "%add_ln1432 = add i8 %zext_ln1421, i8 %zext_ln1432" [patchMaker.cpp:1432]   --->   Operation 105 'add' 'add_ln1432' <Predicate = (!icmp_ln1415)> <Delay = 0.70> <CoreInst = "Adder">   --->   Core 1 'Adder' <Latency = 0> <II = 1> <Delay = 0.57> <FuncUnit> <Opcode : 'add' 'sub'> <InPorts = 2> <OutPorts = 1>
ST_9 : Operation 106 [1/1] (0.00ns) (grouped into LUT with out node add_ln1432_1)   --->   "%empty_76 = shl i8 %add_ln1432, i8 1" [patchMaker.cpp:1432]   --->   Operation 106 'shl' 'empty_76' <Predicate = (!icmp_ln1415)> <Delay = 0.00>
ST_9 : Operation 107 [1/1] (0.00ns) (grouped into LUT with out node add_ln1432_1)   --->   "%zext_ln1432_1 = zext i2 %select_ln1421" [patchMaker.cpp:1432]   --->   Operation 107 'zext' 'zext_ln1432_1' <Predicate = (!icmp_ln1415)> <Delay = 0.00>
ST_9 : Operation 108 [1/1] (0.70ns) (out node of the LUT)   --->   "%add_ln1432_1 = add i8 %empty_76, i8 %zext_ln1432_1" [patchMaker.cpp:1432]   --->   Operation 108 'add' 'add_ln1432_1' <Predicate = (!icmp_ln1415)> <Delay = 0.70> <CoreInst = "Adder">   --->   Core 1 'Adder' <Latency = 0> <II = 1> <Delay = 0.57> <FuncUnit> <Opcode : 'add' 'sub'> <InPorts = 2> <OutPorts = 1>

State 10 <SV = 6> <Delay = 1.19>
ST_10 : Operation 109 [1/1] (0.00ns)   --->   "%specloopname_ln0 = specloopname void @_ssdm_op_SpecLoopName, void @makePatch_alignedToLine_initSP_perSuperpoint_makePatch_alignedToLine_initSP_perPoint_makePatch_alignedToLine_initSP_perParameter_str"   --->   Operation 109 'specloopname' 'specloopname_ln0' <Predicate = (!icmp_ln1415)> <Delay = 0.00>
ST_10 : Operation 110 [1/1] (0.00ns)   --->   "%empty_75 = speclooptripcount i32 @_ssdm_op_SpecLoopTripCount, i64 160, i64 160, i64 160"   --->   Operation 110 'speclooptripcount' 'empty_75' <Predicate = (!icmp_ln1415)> <Delay = 0.00>
ST_10 : Operation 111 [1/1] (0.00ns)   --->   "%specpipeline_ln0 = specpipeline void @_ssdm_op_SpecPipeline, i32 4294967295, i32 0, i32 1, i32 0, void @p_str"   --->   Operation 111 'specpipeline' 'specpipeline_ln0' <Predicate = (!icmp_ln1415)> <Delay = 0.00>
ST_10 : Operation 112 [1/1] (0.00ns)   --->   "%specloopname_ln0 = specloopname void @_ssdm_op_SpecLoopName, void @makePatch_alignedToLine_initSP_perPoint_makePatch_alignedToLine_initSP_perParameter_str"   --->   Operation 112 'specloopname' 'specloopname_ln0' <Predicate = (!icmp_ln1415)> <Delay = 0.00>
ST_10 : Operation 113 [1/1] (0.00ns)   --->   "%specpipeline_ln0 = specpipeline void @_ssdm_op_SpecPipeline, i32 4294967295, i32 0, i32 1, i32 0, void @p_str"   --->   Operation 113 'specpipeline' 'specpipeline_ln0' <Predicate = (!icmp_ln1415)> <Delay = 0.00>
ST_10 : Operation 114 [1/1] (0.00ns)   --->   "%zext_ln1432_2 = zext i8 %add_ln1432_1" [patchMaker.cpp:1432]   --->   Operation 114 'zext' 'zext_ln1432_2' <Predicate = (!icmp_ln1415)> <Delay = 0.00>
ST_10 : Operation 115 [1/1] (0.00ns)   --->   "%NPpatches_superpoints_V_addr = getelementptr i32 %NPpatches_superpoints_V, i64 0, i64 %zext_ln1432_2" [patchMaker.cpp:1432]   --->   Operation 115 'getelementptr' 'NPpatches_superpoints_V_addr' <Predicate = (!icmp_ln1415)> <Delay = 0.00>
ST_10 : Operation 116 [1/1] (0.00ns)   --->   "%specloopname_ln1427 = specloopname void @_ssdm_op_SpecLoopName, void @empty_27" [patchMaker.cpp:1427]   --->   Operation 116 'specloopname' 'specloopname_ln1427' <Predicate = (!icmp_ln1415)> <Delay = 0.00>
ST_10 : Operation 117 [1/1] (1.19ns)   --->   "%store_ln1432 = store i32 0, i8 %NPpatches_superpoints_V_addr" [patchMaker.cpp:1432]   --->   Operation 117 'store' 'store_ln1432' <Predicate = (!icmp_ln1415)> <Delay = 1.19> <CoreInst = "RAM">   --->   Core 83 'RAM' <Latency = 1> <II = 1> <Delay = 1.19> <Storage> <Opcode : 'load' 'store'> <Ports = 2> <Width = 32> <Depth = 160> <RAM>
ST_10 : Operation 118 [1/1] (0.00ns)   --->   "%br_ln0 = br void %.preheader1.preheader"   --->   Operation 118 'br' 'br_ln0' <Predicate = (!icmp_ln1415)> <Delay = 0.00>

State 11 <SV = 5> <Delay = 0.38>
ST_11 : Operation 119 [1/1] (0.38ns)   --->   "%br_ln1445 = br void %.preheader.preheader" [patchMaker.cpp:1445]   --->   Operation 119 'br' 'br_ln1445' <Predicate = true> <Delay = 0.38>

State 12 <SV = 6> <Delay = 1.74>
ST_12 : Operation 120 [1/1] (0.00ns)   --->   "%indvar_flatten57 = phi i7 %add_ln1445_1, void %.preheader, i7 0, void %.preheader.preheader.preheader" [patchMaker.cpp:1445]   --->   Operation 120 'phi' 'indvar_flatten57' <Predicate = true> <Delay = 0.00>
ST_12 : Operation 121 [1/1] (0.00ns)   --->   "%b_2 = phi i3 %select_ln1445_1, void %.preheader, i3 0, void %.preheader.preheader.preheader" [patchMaker.cpp:1445]   --->   Operation 121 'phi' 'b_2' <Predicate = true> <Delay = 0.00>
ST_12 : Operation 122 [1/1] (0.00ns)   --->   "%indvar_flatten43 = phi i6 %select_ln1451_2, void %.preheader, i6 0, void %.preheader.preheader.preheader" [patchMaker.cpp:1451]   --->   Operation 122 'phi' 'indvar_flatten43' <Predicate = true> <Delay = 0.00>
ST_12 : Operation 123 [1/1] (0.00ns)   --->   "%c_2 = phi i3 %select_ln1451_1, void %.preheader, i3 0, void %.preheader.preheader.preheader" [patchMaker.cpp:1451]   --->   Operation 123 'phi' 'c_2' <Predicate = true> <Delay = 0.00>
ST_12 : Operation 124 [1/1] (0.00ns)   --->   "%d_1 = phi i3 %add_ln1457, void %.preheader, i3 0, void %.preheader.preheader.preheader" [patchMaker.cpp:1457]   --->   Operation 124 'phi' 'd_1' <Predicate = true> <Delay = 0.00>
ST_12 : Operation 125 [1/1] (0.70ns)   --->   "%add_ln1445_1 = add i7 %indvar_flatten57, i7 1" [patchMaker.cpp:1445]   --->   Operation 125 'add' 'add_ln1445_1' <Predicate = true> <Delay = 0.70> <CoreInst = "Adder">   --->   Core 1 'Adder' <Latency = 0> <II = 1> <Delay = 0.57> <FuncUnit> <Opcode : 'add' 'sub'> <InPorts = 2> <OutPorts = 1>
ST_12 : Operation 126 [1/1] (0.00ns)   --->   "%specpipeline_ln0 = specpipeline void @_ssdm_op_SpecPipeline, i32 4294967295, i32 0, i32 1, i32 0, void @p_str"   --->   Operation 126 'specpipeline' 'specpipeline_ln0' <Predicate = true> <Delay = 0.00>
ST_12 : Operation 127 [1/1] (0.59ns)   --->   "%icmp_ln1445 = icmp_eq  i7 %indvar_flatten57, i7 120" [patchMaker.cpp:1445]   --->   Operation 127 'icmp' 'icmp_ln1445' <Predicate = true> <Delay = 0.59> <CoreInst = "Cmp">   --->   Core 9 'Cmp' <Latency = 0> <II = 1> <Delay = 0.49> <FuncUnit> <Opcode : 'icmp'> <InPorts = 2> <OutPorts = 1>
ST_12 : Operation 128 [1/1] (0.00ns)   --->   "%br_ln1445 = br i1 %icmp_ln1445, void %.preheader, void" [patchMaker.cpp:1445]   --->   Operation 128 'br' 'br_ln1445' <Predicate = true> <Delay = 0.00>
ST_12 : Operation 129 [1/1] (0.57ns)   --->   "%add_ln1445 = add i3 %b_2, i3 1" [patchMaker.cpp:1445]   --->   Operation 129 'add' 'add_ln1445' <Predicate = (!icmp_ln1445)> <Delay = 0.57> <CoreInst = "Adder">   --->   Core 1 'Adder' <Latency = 0> <II = 1> <Delay = 0.57> <FuncUnit> <Opcode : 'add' 'sub'> <InPorts = 2> <OutPorts = 1>
ST_12 : Operation 130 [1/1] (0.61ns)   --->   "%icmp_ln1451 = icmp_eq  i6 %indvar_flatten43, i6 24" [patchMaker.cpp:1451]   --->   Operation 130 'icmp' 'icmp_ln1451' <Predicate = (!icmp_ln1445)> <Delay = 0.61> <CoreInst = "Cmp">   --->   Core 9 'Cmp' <Latency = 0> <II = 1> <Delay = 0.49> <FuncUnit> <Opcode : 'icmp'> <InPorts = 2> <OutPorts = 1>
ST_12 : Operation 131 [1/1] (0.27ns)   --->   "%select_ln1445 = select i1 %icmp_ln1451, i3 0, i3 %c_2" [patchMaker.cpp:1445]   --->   Operation 131 'select' 'select_ln1445' <Predicate = (!icmp_ln1445)> <Delay = 0.27> <CoreInst = "Sel">   --->   Core 73 'Sel' <Latency = 0> <II = 1> <Delay = 0.29> <FuncUnit> <Opcode : 'select'> <InPorts = 3> <OutPorts = 1>
ST_12 : Operation 132 [1/1] (0.27ns)   --->   "%select_ln1445_1 = select i1 %icmp_ln1451, i3 %add_ln1445, i3 %b_2" [patchMaker.cpp:1445]   --->   Operation 132 'select' 'select_ln1445_1' <Predicate = (!icmp_ln1445)> <Delay = 0.27> <CoreInst = "Sel">   --->   Core 73 'Sel' <Latency = 0> <II = 1> <Delay = 0.29> <FuncUnit> <Opcode : 'select'> <InPorts = 3> <OutPorts = 1>
ST_12 : Operation 133 [1/1] (0.00ns) (grouped into LUT with out node and_ln1445)   --->   "%xor_ln1445 = xor i1 %icmp_ln1451, i1 1" [patchMaker.cpp:1445]   --->   Operation 133 'xor' 'xor_ln1445' <Predicate = (!icmp_ln1445)> <Delay = 0.00> <CoreInst = "LogicGate">   --->   Core 74 'LogicGate' <Latency = 0> <II = 1> <Delay = 0.12> <FuncUnit> <Opcode : 'and' 'or' 'xor'> <InPorts = 2> <OutPorts = 1>
ST_12 : Operation 134 [1/1] (0.49ns)   --->   "%icmp_ln1457 = icmp_eq  i3 %d_1, i3 6" [patchMaker.cpp:1457]   --->   Operation 134 'icmp' 'icmp_ln1457' <Predicate = (!icmp_ln1445)> <Delay = 0.49> <CoreInst = "Cmp">   --->   Core 9 'Cmp' <Latency = 0> <II = 1> <Delay = 0.49> <FuncUnit> <Opcode : 'icmp'> <InPorts = 2> <OutPorts = 1>
ST_12 : Operation 135 [1/1] (0.12ns) (out node of the LUT)   --->   "%and_ln1445 = and i1 %icmp_ln1457, i1 %xor_ln1445" [patchMaker.cpp:1445]   --->   Operation 135 'and' 'and_ln1445' <Predicate = (!icmp_ln1445)> <Delay = 0.12> <CoreInst = "LogicGate">   --->   Core 74 'LogicGate' <Latency = 0> <II = 1> <Delay = 0.12> <FuncUnit> <Opcode : 'and' 'or' 'xor'> <InPorts = 2> <OutPorts = 1>
ST_12 : Operation 136 [1/1] (0.57ns)   --->   "%add_ln1451 = add i3 %select_ln1445, i3 1" [patchMaker.cpp:1451]   --->   Operation 136 'add' 'add_ln1451' <Predicate = (!icmp_ln1445)> <Delay = 0.57> <CoreInst = "Adder">   --->   Core 1 'Adder' <Latency = 0> <II = 1> <Delay = 0.57> <FuncUnit> <Opcode : 'add' 'sub'> <InPorts = 2> <OutPorts = 1>
ST_12 : Operation 137 [1/1] (0.00ns) (grouped into LUT with out node select_ln1451)   --->   "%or_ln1451 = or i1 %and_ln1445, i1 %icmp_ln1451" [patchMaker.cpp:1451]   --->   Operation 137 'or' 'or_ln1451' <Predicate = (!icmp_ln1445)> <Delay = 0.00> <CoreInst = "LogicGate">   --->   Core 74 'LogicGate' <Latency = 0> <II = 1> <Delay = 0.12> <FuncUnit> <Opcode : 'and' 'or' 'xor'> <InPorts = 2> <OutPorts = 1>
ST_12 : Operation 138 [1/1] (0.27ns) (out node of the LUT)   --->   "%select_ln1451 = select i1 %or_ln1451, i3 0, i3 %d_1" [patchMaker.cpp:1451]   --->   Operation 138 'select' 'select_ln1451' <Predicate = (!icmp_ln1445)> <Delay = 0.27> <CoreInst = "Sel">   --->   Core 73 'Sel' <Latency = 0> <II = 1> <Delay = 0.29> <FuncUnit> <Opcode : 'select'> <InPorts = 3> <OutPorts = 1>
ST_12 : Operation 139 [1/1] (0.27ns)   --->   "%select_ln1451_1 = select i1 %and_ln1445, i3 %add_ln1451, i3 %select_ln1445" [patchMaker.cpp:1451]   --->   Operation 139 'select' 'select_ln1451_1' <Predicate = (!icmp_ln1445)> <Delay = 0.27> <CoreInst = "Sel">   --->   Core 73 'Sel' <Latency = 0> <II = 1> <Delay = 0.29> <FuncUnit> <Opcode : 'select'> <InPorts = 3> <OutPorts = 1>
ST_12 : Operation 140 [1/1] (0.57ns)   --->   "%add_ln1457 = add i3 %select_ln1451, i3 1" [patchMaker.cpp:1457]   --->   Operation 140 'add' 'add_ln1457' <Predicate = (!icmp_ln1445)> <Delay = 0.57> <CoreInst = "Adder">   --->   Core 1 'Adder' <Latency = 0> <II = 1> <Delay = 0.57> <FuncUnit> <Opcode : 'add' 'sub'> <InPorts = 2> <OutPorts = 1>
ST_12 : Operation 141 [1/1] (0.70ns)   --->   "%add_ln1451_1 = add i6 %indvar_flatten43, i6 1" [patchMaker.cpp:1451]   --->   Operation 141 'add' 'add_ln1451_1' <Predicate = (!icmp_ln1445)> <Delay = 0.70> <CoreInst = "Adder">   --->   Core 1 'Adder' <Latency = 0> <II = 1> <Delay = 0.57> <FuncUnit> <Opcode : 'add' 'sub'> <InPorts = 2> <OutPorts = 1>
ST_12 : Operation 142 [1/1] (0.29ns)   --->   "%select_ln1451_2 = select i1 %icmp_ln1451, i6 1, i6 %add_ln1451_1" [patchMaker.cpp:1451]   --->   Operation 142 'select' 'select_ln1451_2' <Predicate = (!icmp_ln1445)> <Delay = 0.29> <CoreInst = "Sel">   --->   Core 73 'Sel' <Latency = 0> <II = 1> <Delay = 0.29> <FuncUnit> <Opcode : 'select'> <InPorts = 3> <OutPorts = 1>

State 13 <SV = 7> <Delay = 2.03>
ST_13 : Operation 143 [1/1] (0.00ns)   --->   "%specloopname_ln0 = specloopname void @_ssdm_op_SpecLoopName, void @makePatch_alignedToLine_initPP_perPropertyType_makePatch_alignedToLine_initPP_perParallelogram_makePatch_alignedToLine_initPP_perPropertyLength_str"   --->   Operation 143 'specloopname' 'specloopname_ln0' <Predicate = (!icmp_ln1445)> <Delay = 0.00>
ST_13 : Operation 144 [1/1] (0.00ns)   --->   "%empty_77 = speclooptripcount i32 @_ssdm_op_SpecLoopTripCount, i64 120, i64 120, i64 120"   --->   Operation 144 'speclooptripcount' 'empty_77' <Predicate = (!icmp_ln1445)> <Delay = 0.00>
ST_13 : Operation 145 [1/1] (0.00ns)   --->   "%tmp_22 = bitconcatenate i5 @_ssdm_op_BitConcatenate.i5.i3.i2, i3 %select_ln1445_1, i2 0" [patchMaker.cpp:1462]   --->   Operation 145 'bitconcatenate' 'tmp_22' <Predicate = (!icmp_ln1445)> <Delay = 0.00>
ST_13 : Operation 146 [1/1] (0.00ns)   --->   "%zext_ln1451 = zext i5 %tmp_22" [patchMaker.cpp:1451]   --->   Operation 146 'zext' 'zext_ln1451' <Predicate = (!icmp_ln1445)> <Delay = 0.00>
ST_13 : Operation 147 [1/1] (0.00ns)   --->   "%specpipeline_ln0 = specpipeline void @_ssdm_op_SpecPipeline, i32 4294967295, i32 0, i32 1, i32 0, void @p_str"   --->   Operation 147 'specpipeline' 'specpipeline_ln0' <Predicate = (!icmp_ln1445)> <Delay = 0.00>
ST_13 : Operation 148 [1/1] (0.00ns)   --->   "%specloopname_ln0 = specloopname void @_ssdm_op_SpecLoopName, void @makePatch_alignedToLine_initPP_perParallelogram_makePatch_alignedToLine_initPP_perPropertyLength_str"   --->   Operation 148 'specloopname' 'specloopname_ln0' <Predicate = (!icmp_ln1445)> <Delay = 0.00>
ST_13 : Operation 149 [1/1] (0.00ns)   --->   "%zext_ln1462 = zext i3 %select_ln1451_1" [patchMaker.cpp:1462]   --->   Operation 149 'zext' 'zext_ln1462' <Predicate = (!icmp_ln1445)> <Delay = 0.00>
ST_13 : Operation 150 [1/1] (0.70ns)   --->   "%add_ln1462 = add i6 %zext_ln1451, i6 %zext_ln1462" [patchMaker.cpp:1462]   --->   Operation 150 'add' 'add_ln1462' <Predicate = (!icmp_ln1445)> <Delay = 0.70> <CoreInst = "Adder">   --->   Core 1 'Adder' <Latency = 0> <II = 1> <Delay = 0.57> <FuncUnit> <Opcode : 'add' 'sub'> <InPorts = 2> <OutPorts = 1>
ST_13 : Operation 151 [1/1] (0.00ns)   --->   "%trunc_ln1462 = trunc i6 %add_ln1462" [patchMaker.cpp:1462]   --->   Operation 151 'trunc' 'trunc_ln1462' <Predicate = (!icmp_ln1445)> <Delay = 0.00>
ST_13 : Operation 152 [1/1] (0.00ns)   --->   "%p_shl_cast = bitconcatenate i7 @_ssdm_op_BitConcatenate.i7.i4.i3, i4 %trunc_ln1462, i3 0" [patchMaker.cpp:1462]   --->   Operation 152 'bitconcatenate' 'p_shl_cast' <Predicate = (!icmp_ln1445)> <Delay = 0.00>
ST_13 : Operation 153 [1/1] (0.00ns)   --->   "%p_shl2_cast = bitconcatenate i7 @_ssdm_op_BitConcatenate.i7.i6.i1, i6 %add_ln1462, i1 0" [patchMaker.cpp:1462]   --->   Operation 153 'bitconcatenate' 'p_shl2_cast' <Predicate = (!icmp_ln1445)> <Delay = 0.00>
ST_13 : Operation 154 [1/1] (0.00ns) (grouped into TernaryAdder)   --->   "%sub_ln1462 = sub i7 %p_shl_cast, i7 %p_shl2_cast" [patchMaker.cpp:1462]   --->   Operation 154 'sub' 'sub_ln1462' <Predicate = (!icmp_ln1445)> <Delay = 0.00> <CoreInst = "TAddSub">   --->   Core 10 'TAddSub' <Latency = 0> <II = 1> <Delay = 0.36> <IPBlock> <Opcode : 'add' 'sub'> <InPorts = 3> <OutPorts = 1> <Sync>
ST_13 : Operation 155 [1/1] (0.00ns)   --->   "%specpipeline_ln0 = specpipeline void @_ssdm_op_SpecPipeline, i32 4294967295, i32 0, i32 1, i32 0, void @p_str"   --->   Operation 155 'specpipeline' 'specpipeline_ln0' <Predicate = (!icmp_ln1445)> <Delay = 0.00>
ST_13 : Operation 156 [1/1] (0.00ns)   --->   "%zext_ln1462_1 = zext i3 %select_ln1451" [patchMaker.cpp:1462]   --->   Operation 156 'zext' 'zext_ln1462_1' <Predicate = (!icmp_ln1445)> <Delay = 0.00>
ST_13 : Operation 157 [1/1] (0.72ns) (root node of TernaryAdder)   --->   "%add_ln1462_1 = add i7 %sub_ln1462, i7 %zext_ln1462_1" [patchMaker.cpp:1462]   --->   Operation 157 'add' 'add_ln1462_1' <Predicate = (!icmp_ln1445)> <Delay = 0.72> <CoreInst = "TAddSub">   --->   Core 10 'TAddSub' <Latency = 0> <II = 1> <Delay = 0.36> <IPBlock> <Opcode : 'add' 'sub'> <InPorts = 3> <OutPorts = 1> <Sync>
ST_13 : Operation 158 [1/1] (0.00ns)   --->   "%zext_ln1462_2 = zext i7 %add_ln1462_1" [patchMaker.cpp:1462]   --->   Operation 158 'zext' 'zext_ln1462_2' <Predicate = (!icmp_ln1445)> <Delay = 0.00>
ST_13 : Operation 159 [1/1] (0.00ns)   --->   "%NPpatches_parameters_V_addr = getelementptr i32 %NPpatches_parameters_V, i64 0, i64 %zext_ln1462_2" [patchMaker.cpp:1462]   --->   Operation 159 'getelementptr' 'NPpatches_parameters_V_addr' <Predicate = (!icmp_ln1445)> <Delay = 0.00>
ST_13 : Operation 160 [1/1] (0.00ns)   --->   "%specloopname_ln1457 = specloopname void @_ssdm_op_SpecLoopName, void @empty_26" [patchMaker.cpp:1457]   --->   Operation 160 'specloopname' 'specloopname_ln1457' <Predicate = (!icmp_ln1445)> <Delay = 0.00>
ST_13 : Operation 161 [1/1] (0.60ns)   --->   "%store_ln1462 = store i32 0, i7 %NPpatches_parameters_V_addr" [patchMaker.cpp:1462]   --->   Operation 161 'store' 'store_ln1462' <Predicate = (!icmp_ln1445)> <Delay = 0.60> <CoreInst = "RAM">   --->   Core 83 'RAM' <Latency = 1> <II = 1> <Delay = 0.60> <Storage> <Opcode : 'load' 'store'> <Ports = 2> <Width = 32> <Depth = 120> <RAM>
ST_13 : Operation 162 [1/1] (0.00ns)   --->   "%br_ln0 = br void %.preheader.preheader"   --->   Operation 162 'br' 'br_ln0' <Predicate = (!icmp_ln1445)> <Delay = 0.00>

State 14 <SV = 7> <Delay = 0.60>
ST_14 : Operation 163 [2/2] (0.60ns)   --->   "%call_ln1469 = call void @wedgePatch_init, i32 %NPpatches_superpoints_V, i32 %NPpatches_parameters_V, i32 %init_patch_V, i32 %apexZ0_read, i35 %radiiDivisionList" [patchMaker.cpp:1469]   --->   Operation 163 'call' 'call_ln1469' <Predicate = true> <Delay = 0.60> <CoreType = "Generic">   --->   Core 0 '' <Latency = 0> <II = 1> <Delay = 1.00> <Generic> <Opcode : >

State 15 <SV = 8> <Delay = 0.00>
ST_15 : Operation 164 [1/2] (0.00ns)   --->   "%call_ln1469 = call void @wedgePatch_init, i32 %NPpatches_superpoints_V, i32 %NPpatches_parameters_V, i32 %init_patch_V, i32 %apexZ0_read, i35 %radiiDivisionList" [patchMaker.cpp:1469]   --->   Operation 164 'call' 'call_ln1469' <Predicate = true> <Delay = 0.00> <CoreType = "Generic">   --->   Core 0 '' <Latency = 0> <II = 1> <Delay = 1.00> <Generic> <Opcode : >
ST_15 : Operation 165 [1/1] (0.00ns)   --->   "%n_patches_read = read i8 @_ssdm_op_Read.ap_auto.i8P0A, i8 %n_patches" [patchMaker.cpp:1472]   --->   Operation 165 'read' 'n_patches_read' <Predicate = true> <Delay = 0.00>

State 16 <SV = 9> <Delay = 1.46>
ST_16 : Operation 166 [2/2] (1.46ns)   --->   "%call_ln1472 = call void @add_patch9, i8 %n_patches, i8 %n_patches_read, i32 %NPpatches_superpoints_V, i32 %NPpatches_parameters_V, i64 %patches_superpoints, i32 %patches_parameters" [patchMaker.cpp:1472]   --->   Operation 166 'call' 'call_ln1472' <Predicate = true> <Delay = 1.46> <CoreType = "Generic">   --->   Core 0 '' <Latency = 0> <II = 1> <Delay = 1.00> <Generic> <Opcode : >

State 17 <SV = 10> <Delay = 0.70>
ST_17 : Operation 167 [1/2] (0.70ns)   --->   "%call_ln1472 = call void @add_patch9, i8 %n_patches, i8 %n_patches_read, i32 %NPpatches_superpoints_V, i32 %NPpatches_parameters_V, i64 %patches_superpoints, i32 %patches_parameters" [patchMaker.cpp:1472]   --->   Operation 167 'call' 'call_ln1472' <Predicate = true> <Delay = 0.70> <CoreType = "Generic">   --->   Core 0 '' <Latency = 0> <II = 1> <Delay = 1.00> <Generic> <Opcode : >
ST_17 : Operation 168 [1/1] (0.00ns)   --->   "%ret_ln1473 = ret i32 %ppl_0" [patchMaker.cpp:1473]   --->   Operation 168 'ret' 'ret_ln1473' <Predicate = true> <Delay = 0.00>


============================================================
+ Verbose Summary: Timing violations
============================================================
Target clock period: 3ns, clock uncertainty: 0.81ns.

 <State 1>: 0.387ns
The critical path consists of the following:
	multiplexor before 'phi' operation ('indvar_flatten13', patchMaker.cpp:1372) with incoming values : ('add_ln1372_1', patchMaker.cpp:1372) [24]  (0.387 ns)

 <State 2>: 1.86ns
The critical path consists of the following:
	'phi' operation ('indvar_flatten', patchMaker.cpp:1378) with incoming values : ('select_ln1378_2', patchMaker.cpp:1378) [26]  (0 ns)
	'icmp' operation ('icmp_ln1378', patchMaker.cpp:1378) [37]  (0.6 ns)
	'select' operation ('select_ln1372', patchMaker.cpp:1372) [38]  (0.278 ns)
	'add' operation ('add_ln1378', patchMaker.cpp:1378) [46]  (0.707 ns)
	'select' operation ('select_ln1378_1', patchMaker.cpp:1378) [50]  (0.278 ns)

 <State 3>: 1.41ns
The critical path consists of the following:
	'add' operation ('add_ln1389', patchMaker.cpp:1389) [52]  (0.706 ns)
	'shl' operation ('empty_73', patchMaker.cpp:1389) [53]  (0 ns)
	'add' operation ('add_ln1389_1', patchMaker.cpp:1389) [56]  (0.705 ns)

 <State 4>: 1.2ns
The critical path consists of the following:
	'getelementptr' operation ('init_patch_V_addr', patchMaker.cpp:1389) [58]  (0 ns)
	'store' operation ('store_ln1389', patchMaker.cpp:1389) of constant 0 on array 'init_patch.V', patchMaker.cpp:1364 [60]  (1.2 ns)

 <State 5>: 0.387ns
The critical path consists of the following:
	multiplexor before 'phi' operation ('ppl_0', patchMaker.cpp:1403) with incoming values : ('p_read62') ('call_ret1', patchMaker.cpp:1403) [68]  (0.387 ns)

 <State 6>: 1.2ns
The critical path consists of the following:
	'phi' operation ('i', patchMaker.cpp:1398) with incoming values : ('add_ln1398', patchMaker.cpp:1398) [69]  (0 ns)
	'call' operation ('call_ret1', patchMaker.cpp:1403) to 'makeSuperPoint_alignedToLine11' [76]  (0.699 ns)
	blocking operation 0.5 ns on control path)

 <State 7>: 0ns
The critical path consists of the following:

 <State 8>: 1.86ns
The critical path consists of the following:
	'phi' operation ('indvar_flatten21', patchMaker.cpp:1421) with incoming values : ('select_ln1421_2', patchMaker.cpp:1421) [83]  (0 ns)
	'icmp' operation ('icmp_ln1421', patchMaker.cpp:1421) [94]  (0.6 ns)
	'select' operation ('select_ln1415', patchMaker.cpp:1415) [95]  (0.278 ns)
	'add' operation ('add_ln1421', patchMaker.cpp:1421) [103]  (0.707 ns)
	'select' operation ('select_ln1421_1', patchMaker.cpp:1421) [107]  (0.278 ns)

 <State 9>: 1.41ns
The critical path consists of the following:
	'add' operation ('add_ln1432', patchMaker.cpp:1432) [109]  (0.706 ns)
	'shl' operation ('empty_76', patchMaker.cpp:1432) [110]  (0 ns)
	'add' operation ('add_ln1432_1', patchMaker.cpp:1432) [113]  (0.705 ns)

 <State 10>: 1.2ns
The critical path consists of the following:
	'getelementptr' operation ('NPpatches_superpoints_V_addr', patchMaker.cpp:1432) [115]  (0 ns)
	'store' operation ('store_ln1432', patchMaker.cpp:1432) of constant 0 on array 'NPpatches_superpoints.V', patchMaker.cpp:1407 [117]  (1.2 ns)

 <State 11>: 0.387ns
The critical path consists of the following:
	multiplexor before 'phi' operation ('indvar_flatten57', patchMaker.cpp:1445) with incoming values : ('add_ln1445_1', patchMaker.cpp:1445) [125]  (0.387 ns)

 <State 12>: 1.75ns
The critical path consists of the following:
	'phi' operation ('indvar_flatten43', patchMaker.cpp:1451) with incoming values : ('select_ln1451_2', patchMaker.cpp:1451) [127]  (0 ns)
	'icmp' operation ('icmp_ln1451', patchMaker.cpp:1451) [138]  (0.619 ns)
	'select' operation ('select_ln1445', patchMaker.cpp:1445) [139]  (0.278 ns)
	'add' operation ('add_ln1451', patchMaker.cpp:1451) [147]  (0.572 ns)
	'select' operation ('select_ln1451_1', patchMaker.cpp:1451) [151]  (0.278 ns)

 <State 13>: 2.03ns
The critical path consists of the following:
	'add' operation ('add_ln1462', patchMaker.cpp:1462) [153]  (0.707 ns)
	'sub' operation ('sub_ln1462', patchMaker.cpp:1462) [157]  (0 ns)
	'add' operation ('add_ln1462_1', patchMaker.cpp:1462) [160]  (0.723 ns)
	'getelementptr' operation ('NPpatches_parameters_V_addr', patchMaker.cpp:1462) [162]  (0 ns)
	'store' operation ('store_ln1462', patchMaker.cpp:1462) of constant 0 on array 'NPpatches_parameters.V', patchMaker.cpp:1437 [164]  (0.6 ns)

 <State 14>: 0.6ns
The critical path consists of the following:
	'call' operation ('call_ln1469', patchMaker.cpp:1469) to 'wedgePatch_init' [170]  (0.6 ns)

 <State 15>: 0ns
The critical path consists of the following:

 <State 16>: 1.46ns
The critical path consists of the following:
	'call' operation ('call_ln1472', patchMaker.cpp:1472) to 'add_patch9' [172]  (1.46 ns)

 <State 17>: 0.706ns
The critical path consists of the following:
	'call' operation ('call_ln1472', patchMaker.cpp:1472) to 'add_patch9' [172]  (0.706 ns)


============================================================
+ Verbose Summary: Binding
============================================================
N/A
* FSMD analyzer results:
  - Output states:
 - Input state : 
  - Chain level:
	State 1
	State 2
	State 3
	State 4
	State 5
	State 6
	State 7
	State 8
	State 9
	State 10
	State 11
	State 12
	State 13
	State 14
	State 15
	State 16
	State 17


============================================================
+ Verbose Summary: Datapath Resource usage 
============================================================
N/A
