

================================================================
== Vitis HLS Report for 'MPSQ'
================================================================
* Date:           Tue Jul 30 23:06:27 2024

* Version:        2020.2 (Build 3064766 on Wed Nov 18 09:12:45 MST 2020)
* Project:        PatchMaker_tanishGit
* Solution:       solutionSC4 (Vivado IP Flow Target)
* Product family: virtexuplus
* Target device:  xcvu19p-fsvb3824-2-e


================================================================
== Performance Estimates
================================================================
+ Timing: 
    * Summary: 
    +--------+----------+----------+------------+
    |  Clock |  Target  | Estimated| Uncertainty|
    +--------+----------+----------+------------+
    |ap_clk  |  10.00 ns|  6.282 ns|     2.70 ns|
    +--------+----------+----------+------------+

+ Latency: 
    * Summary: 
    +---------+---------+----------+----------+-----+-----+---------+
    |  Latency (cycles) |  Latency (absolute) |  Interval | Pipeline|
    |   min   |   max   |    min   |    max   | min | max |   Type  |
    +---------+---------+----------+----------+-----+-----+---------+
    |        ?|        ?|         ?|         ?|    ?|    ?|     none|
    +---------+---------+----------+----------+-----+-----+---------+

    + Detail: 
        * Instance: 
        +-----------------------------+------------------+---------+---------+-----------+-----------+------+------+---------+
        |                             |                  |  Latency (cycles) |   Latency (absolute)  |   Interval  | Pipeline|
        |           Instance          |      Module      |   min   |   max   |    min    |    max    |  min |  max |   Type  |
        +-----------------------------+------------------+---------+---------+-----------+-----------+------+------+---------+
        |grp_solveNextColumn_fu_202   |solveNextColumn   |        ?|        ?|          ?|          ?|     ?|     ?|     none|
        |grp_initializeArrays_fu_220  |initializeArrays  |     6404|     6404|  64.040 us|  64.040 us|  6404|  6404|     none|
        +-----------------------------+------------------+---------+---------+-----------+-----------+------+------+---------+

        * Loop: 
        +-----------------------------------------------------------+---------+---------+----------+-----------+-----------+------+----------+
        |                                                           |  Latency (cycles) | Iteration|  Initiation Interval  | Trip |          |
        |                         Loop Name                         |   min   |   max   |  Latency |  achieved |   target  | Count| Pipelined|
        +-----------------------------------------------------------+---------+---------+----------+-----------+-----------+------+----------+
        |- initGDarrayDecoded_perLayer_initGDarrayDecoded_perPoint  |     1280|     1280|         2|          1|          1|  1280|       yes|
        +-----------------------------------------------------------+---------+---------+----------+-----------+-----------+------+----------+

============================================================
+ Verbose Summary: Synthesis Manager
============================================================
InlineROM: 1
ExposeGlobal: 0
============================================================
+ Verbose Summary: CDFG Model
============================================================
IsTopModel: 1
ResetActiveHigh: 1
IsCombinational: 0
IsDatapathOnly: 0
HasWiredReturn: 1
HasMFsm: 0
HasVarLatency: 1
IsPipeline: 0
IsRtlPipelined: 0
IsInstanceOverlapped: 0
IsDontTouch: 0
HasImplIP: 0
IsGatedGlobalClock: 0

+ Individual pipeline summary: 
  * Pipeline-0: initiation interval (II) = 1, depth = 2


============================================================
+ Verbose Summary: Schedule
============================================================
* Number of FSM states : 6
* Pipeline : 1
  Pipeline-0 : II = 1, D = 2, States = { 3 4 }
* Dataflow Pipeline: 0

* FSM state transitions: 
1 --> 2 
2 --> 3 
3 --> 5 4 
4 --> 3 
5 --> 6 
6 --> 

* FSM state operations: 

State 1 <SV = 0> <Delay = 1.64>
ST_1 : Operation 7 [1/1] (1.64ns)   --->   "%patches_superpoints_V = alloca i64 1" [patchMaker.cpp:592]   --->   Operation 7 'alloca' 'patches_superpoints_V' <Predicate = true> <Delay = 1.64>
ST_1 : Operation 8 [1/1] (1.64ns)   --->   "%patches_parameters_V = alloca i64 1" [patchMaker.cpp:599]   --->   Operation 8 'alloca' 'patches_parameters_V' <Predicate = true> <Delay = 1.64>
ST_1 : Operation 9 [1/1] (1.64ns)   --->   "%GDarrayDecoded_V = alloca i64 1" [patchMaker.cpp:616]   --->   Operation 9 'alloca' 'GDarrayDecoded_V' <Predicate = true> <Delay = 1.64> <CoreInst = "RAM">   --->   Core 83 'RAM' <Latency = 1> <II = 1> <Delay = 1.64> <Storage> <Opcode : 'load' 'store'> <Ports = 2> <Width = 32> <Depth = 2560> <RAM>
ST_1 : Operation 10 [2/2] (0.00ns)   --->   "%call_ln609 = call void @initializeArrays, i32 %patches_superpoints_V, i32 %patches_parameters_V" [patchMaker.cpp:609]   --->   Operation 10 'call' 'call_ln609' <Predicate = true> <Delay = 0.00> <CoreType = "Generic">   --->   Core 0 '' <Latency = 0> <II = 1> <Delay = 1.00> <Generic> <Opcode : >

State 2 <SV = 1> <Delay = 1.20>
ST_2 : Operation 11 [1/1] (0.00ns)   --->   "%spectopmodule_ln0 = spectopmodule void @_ssdm_op_SpecTopModule, void @empty_15"   --->   Operation 11 'spectopmodule' 'spectopmodule_ln0' <Predicate = true> <Delay = 0.00>
ST_2 : Operation 12 [1/1] (0.00ns)   --->   "%specbitsmap_ln0 = specbitsmap void @_ssdm_op_SpecBitsMap, i32 %stop"   --->   Operation 12 'specbitsmap' 'specbitsmap_ln0' <Predicate = true> <Delay = 0.00>
ST_2 : Operation 13 [1/1] (0.00ns)   --->   "%specinterface_ln0 = specinterface void @_ssdm_op_SpecInterface, i32 %stop, void @empty_19, i32 0, i32 0, void @empty_21, i32 0, i32 0, void @empty_21, void @empty_21, void @empty_21, i32 0, i32 0, i32 0, i32 0, void @empty_21, void @empty_21"   --->   Operation 13 'specinterface' 'specinterface_ln0' <Predicate = true> <Delay = 0.00>
ST_2 : Operation 14 [1/1] (0.00ns)   --->   "%specbitsmap_ln0 = specbitsmap void @_ssdm_op_SpecBitsMap, i32 %ppl"   --->   Operation 14 'specbitsmap' 'specbitsmap_ln0' <Predicate = true> <Delay = 0.00>
ST_2 : Operation 15 [1/1] (0.00ns)   --->   "%specinterface_ln0 = specinterface void @_ssdm_op_SpecInterface, i32 %ppl, void @empty_19, i32 0, i32 0, void @empty_21, i32 0, i32 0, void @empty_21, void @empty_21, void @empty_21, i32 0, i32 0, i32 0, i32 0, void @empty_21, void @empty_21"   --->   Operation 15 'specinterface' 'specinterface_ln0' <Predicate = true> <Delay = 0.00>
ST_2 : Operation 16 [1/1] (0.00ns)   --->   "%specbitsmap_ln0 = specbitsmap void @_ssdm_op_SpecBitsMap, i1 %leftRight"   --->   Operation 16 'specbitsmap' 'specbitsmap_ln0' <Predicate = true> <Delay = 0.00>
ST_2 : Operation 17 [1/1] (0.00ns)   --->   "%specinterface_ln0 = specinterface void @_ssdm_op_SpecInterface, i1 %leftRight, void @empty_19, i32 0, i32 0, void @empty_21, i32 0, i32 0, void @empty_21, void @empty_21, void @empty_21, i32 0, i32 0, i32 0, i32 0, void @empty_21, void @empty_21"   --->   Operation 17 'specinterface' 'specinterface_ln0' <Predicate = true> <Delay = 0.00>
ST_2 : Operation 18 [1/1] (0.00ns)   --->   "%specbitsmap_ln0 = specbitsmap void @_ssdm_op_SpecBitsMap, i8 %n_patches"   --->   Operation 18 'specbitsmap' 'specbitsmap_ln0' <Predicate = true> <Delay = 0.00>
ST_2 : Operation 19 [1/1] (0.00ns)   --->   "%specinterface_ln0 = specinterface void @_ssdm_op_SpecInterface, i8 %n_patches, void @empty_19, i32 0, i32 0, void @empty_21, i32 0, i32 0, void @empty_21, void @empty_21, void @empty_21, i32 0, i32 0, i32 0, i32 0, void @empty_21, void @empty_21"   --->   Operation 19 'specinterface' 'specinterface_ln0' <Predicate = true> <Delay = 0.00>
ST_2 : Operation 20 [1/1] (0.00ns)   --->   "%specinterface_ln0 = specinterface void @_ssdm_op_SpecInterface, i64 %GDarray, void @empty, i32 0, i32 0, void @empty_21, i32 4294967295, i32 0, void @empty_21, void @empty_21, void @empty_21, i32 0, i32 0, i32 0, i32 0, void @empty_21, void @empty_21"   --->   Operation 20 'specinterface' 'specinterface_ln0' <Predicate = true> <Delay = 0.00>
ST_2 : Operation 21 [1/1] (0.00ns)   --->   "%specbitsmap_ln0 = specbitsmap void @_ssdm_op_SpecBitsMap, i64 %GDarray"   --->   Operation 21 'specbitsmap' 'specbitsmap_ln0' <Predicate = true> <Delay = 0.00>
ST_2 : Operation 22 [1/1] (0.00ns)   --->   "%specinterface_ln0 = specinterface void @_ssdm_op_SpecInterface, i32 %GDn_points, void @empty, i32 0, i32 0, void @empty_21, i32 4294967295, i32 0, void @empty_21, void @empty_21, void @empty_21, i32 0, i32 0, i32 0, i32 0, void @empty_21, void @empty_21"   --->   Operation 22 'specinterface' 'specinterface_ln0' <Predicate = true> <Delay = 0.00>
ST_2 : Operation 23 [1/1] (0.00ns)   --->   "%specbitsmap_ln0 = specbitsmap void @_ssdm_op_SpecBitsMap, i32 %GDn_points"   --->   Operation 23 'specbitsmap' 'specbitsmap_ln0' <Predicate = true> <Delay = 0.00>
ST_2 : Operation 24 [1/1] (0.00ns)   --->   "%specinterface_ln0 = specinterface void @_ssdm_op_SpecInterface, i64 %patches_superpointsOUTPUT, void @empty, i32 0, i32 0, void @empty_21, i32 4294967295, i32 0, void @empty_21, void @empty_21, void @empty_21, i32 0, i32 0, i32 0, i32 0, void @empty_21, void @empty_21"   --->   Operation 24 'specinterface' 'specinterface_ln0' <Predicate = true> <Delay = 0.00>
ST_2 : Operation 25 [1/1] (0.00ns)   --->   "%specbitsmap_ln0 = specbitsmap void @_ssdm_op_SpecBitsMap, i64 %patches_superpointsOUTPUT"   --->   Operation 25 'specbitsmap' 'specbitsmap_ln0' <Predicate = true> <Delay = 0.00>
ST_2 : Operation 26 [1/1] (0.00ns)   --->   "%specinterface_ln0 = specinterface void @_ssdm_op_SpecInterface, i64 %tempArray, void @empty, i32 0, i32 0, void @empty_21, i32 4294967295, i32 0, void @empty_21, void @empty_21, void @empty_21, i32 0, i32 0, i32 0, i32 0, void @empty_21, void @empty_21"   --->   Operation 26 'specinterface' 'specinterface_ln0' <Predicate = true> <Delay = 0.00>
ST_2 : Operation 27 [1/1] (0.00ns)   --->   "%specbitsmap_ln0 = specbitsmap void @_ssdm_op_SpecBitsMap, i64 %tempArray"   --->   Operation 27 'specbitsmap' 'specbitsmap_ln0' <Predicate = true> <Delay = 0.00>
ST_2 : Operation 28 [1/1] (0.00ns)   --->   "%ppl_read = read i32 @_ssdm_op_Read.ap_auto.i32, i32 %ppl"   --->   Operation 28 'read' 'ppl_read' <Predicate = true> <Delay = 0.00>
ST_2 : Operation 29 [1/1] (0.00ns)   --->   "%tempArray_addr = getelementptr i64 %tempArray, i64 0, i64 197" [patchMaker.cpp:607]   --->   Operation 29 'getelementptr' 'tempArray_addr' <Predicate = true> <Delay = 0.00>
ST_2 : Operation 30 [1/1] (1.20ns)   --->   "%store_ln607 = store i64 22000100, i8 %tempArray_addr" [patchMaker.cpp:607]   --->   Operation 30 'store' 'store_ln607' <Predicate = true> <Delay = 1.20> <CoreInst = "RAM">   --->   Core 83 'RAM' <Latency = 1> <II = 1> <Delay = 1.20> <Storage> <Opcode : 'load' 'store'> <Ports = 2> <Width = 64> <Depth = 200> <RAM>
ST_2 : Operation 31 [1/2] (0.00ns)   --->   "%call_ln609 = call void @initializeArrays, i32 %patches_superpoints_V, i32 %patches_parameters_V" [patchMaker.cpp:609]   --->   Operation 31 'call' 'call_ln609' <Predicate = true> <Delay = 0.00> <CoreType = "Generic">   --->   Core 0 '' <Latency = 0> <II = 1> <Delay = 1.00> <Generic> <Opcode : >
ST_2 : Operation 32 [1/1] (0.38ns)   --->   "%br_ln624 = br void" [patchMaker.cpp:624]   --->   Operation 32 'br' 'br_ln624' <Predicate = true> <Delay = 0.38>

State 3 <SV = 2> <Delay = 2.54>
ST_3 : Operation 33 [1/1] (0.00ns)   --->   "%indvar_flatten = phi i11 0, void, i11 %add_ln624_1, void %.split2" [patchMaker.cpp:624]   --->   Operation 33 'phi' 'indvar_flatten' <Predicate = true> <Delay = 0.00>
ST_3 : Operation 34 [1/1] (0.00ns)   --->   "%a = phi i3 0, void, i3 %select_ln624_1, void %.split2" [patchMaker.cpp:624]   --->   Operation 34 'phi' 'a' <Predicate = true> <Delay = 0.00>
ST_3 : Operation 35 [1/1] (0.00ns)   --->   "%b = phi i9 0, void, i9 %add_ln630, void %.split2" [patchMaker.cpp:630]   --->   Operation 35 'phi' 'b' <Predicate = true> <Delay = 0.00>
ST_3 : Operation 36 [1/1] (0.73ns)   --->   "%add_ln624_1 = add i11 %indvar_flatten, i11 1" [patchMaker.cpp:624]   --->   Operation 36 'add' 'add_ln624_1' <Predicate = true> <Delay = 0.73> <CoreInst = "Adder">   --->   Core 1 'Adder' <Latency = 0> <II = 1> <Delay = 0.73> <FuncUnit> <Opcode : 'add' 'sub'> <InPorts = 2> <OutPorts = 1>
ST_3 : Operation 37 [1/1] (0.00ns)   --->   "%specpipeline_ln0 = specpipeline void @_ssdm_op_SpecPipeline, i32 4294967295, i32 0, i32 1, i32 0, void @p_str"   --->   Operation 37 'specpipeline' 'specpipeline_ln0' <Predicate = true> <Delay = 0.00>
ST_3 : Operation 38 [1/1] (0.61ns)   --->   "%icmp_ln624 = icmp_eq  i11 %indvar_flatten, i11 1280" [patchMaker.cpp:624]   --->   Operation 38 'icmp' 'icmp_ln624' <Predicate = true> <Delay = 0.61> <CoreInst = "Cmp">   --->   Core 9 'Cmp' <Latency = 0> <II = 1> <Delay = 0.59> <FuncUnit> <Opcode : 'icmp'> <InPorts = 2> <OutPorts = 1>
ST_3 : Operation 39 [1/1] (0.00ns)   --->   "%br_ln624 = br i1 %icmp_ln624, void %.split2, void" [patchMaker.cpp:624]   --->   Operation 39 'br' 'br_ln624' <Predicate = true> <Delay = 0.00>
ST_3 : Operation 40 [1/1] (0.57ns)   --->   "%add_ln624 = add i3 %a, i3 1" [patchMaker.cpp:624]   --->   Operation 40 'add' 'add_ln624' <Predicate = (!icmp_ln624)> <Delay = 0.57> <CoreInst = "Adder">   --->   Core 1 'Adder' <Latency = 0> <II = 1> <Delay = 0.73> <FuncUnit> <Opcode : 'add' 'sub'> <InPorts = 2> <OutPorts = 1>
ST_3 : Operation 41 [1/1] (0.59ns)   --->   "%icmp_ln630 = icmp_eq  i9 %b, i9 256" [patchMaker.cpp:630]   --->   Operation 41 'icmp' 'icmp_ln630' <Predicate = (!icmp_ln624)> <Delay = 0.59> <CoreInst = "Cmp">   --->   Core 9 'Cmp' <Latency = 0> <II = 1> <Delay = 0.59> <FuncUnit> <Opcode : 'icmp'> <InPorts = 2> <OutPorts = 1>
ST_3 : Operation 42 [1/1] (0.30ns)   --->   "%select_ln624 = select i1 %icmp_ln630, i9 0, i9 %b" [patchMaker.cpp:624]   --->   Operation 42 'select' 'select_ln624' <Predicate = (!icmp_ln624)> <Delay = 0.30> <CoreInst = "Sel">   --->   Core 73 'Sel' <Latency = 0> <II = 1> <Delay = 0.27> <FuncUnit> <Opcode : 'select'> <InPorts = 3> <OutPorts = 1>
ST_3 : Operation 43 [1/1] (0.27ns)   --->   "%select_ln624_1 = select i1 %icmp_ln630, i3 %add_ln624, i3 %a" [patchMaker.cpp:624]   --->   Operation 43 'select' 'select_ln624_1' <Predicate = (!icmp_ln624)> <Delay = 0.27> <CoreInst = "Sel">   --->   Core 73 'Sel' <Latency = 0> <II = 1> <Delay = 0.27> <FuncUnit> <Opcode : 'select'> <InPorts = 3> <OutPorts = 1>
ST_3 : Operation 44 [1/1] (0.00ns)   --->   "%trunc_ln635 = trunc i9 %select_ln624" [patchMaker.cpp:635]   --->   Operation 44 'trunc' 'trunc_ln635' <Predicate = (!icmp_ln624)> <Delay = 0.00>
ST_3 : Operation 45 [1/1] (0.00ns)   --->   "%tmp_s = bitconcatenate i11 @_ssdm_op_BitConcatenate.i11.i3.i8, i3 %select_ln624_1, i8 %trunc_ln635" [patchMaker.cpp:635]   --->   Operation 45 'bitconcatenate' 'tmp_s' <Predicate = (!icmp_ln624)> <Delay = 0.00>
ST_3 : Operation 46 [1/1] (0.00ns)   --->   "%zext_ln635_1 = zext i11 %tmp_s" [patchMaker.cpp:635]   --->   Operation 46 'zext' 'zext_ln635_1' <Predicate = (!icmp_ln624)> <Delay = 0.00>
ST_3 : Operation 47 [1/1] (0.00ns)   --->   "%GDarray_addr = getelementptr i64 %GDarray, i64 0, i64 %zext_ln635_1" [patchMaker.cpp:635]   --->   Operation 47 'getelementptr' 'GDarray_addr' <Predicate = (!icmp_ln624)> <Delay = 0.00>
ST_3 : Operation 48 [2/2] (1.64ns)   --->   "%packedCoordinates_V = load i11 %GDarray_addr" [patchMaker.cpp:635]   --->   Operation 48 'load' 'packedCoordinates_V' <Predicate = (!icmp_ln624)> <Delay = 1.64> <CoreInst = "RAM">   --->   Core 83 'RAM' <Latency = 1> <II = 1> <Delay = 1.64> <Storage> <Opcode : 'load' 'store'> <Ports = 2> <Width = 64> <Depth = 1280> <RAM>
ST_3 : Operation 49 [1/1] (0.71ns)   --->   "%add_ln630 = add i9 %select_ln624, i9 1" [patchMaker.cpp:630]   --->   Operation 49 'add' 'add_ln630' <Predicate = (!icmp_ln624)> <Delay = 0.71> <CoreInst = "Adder">   --->   Core 1 'Adder' <Latency = 0> <II = 1> <Delay = 0.73> <FuncUnit> <Opcode : 'add' 'sub'> <InPorts = 2> <OutPorts = 1>

State 4 <SV = 3> <Delay = 3.29>
ST_4 : Operation 50 [1/1] (0.00ns)   --->   "%specloopname_ln0 = specloopname void @_ssdm_op_SpecLoopName, void @initGDarrayDecoded_perLayer_initGDarrayDecoded_perPoint_str"   --->   Operation 50 'specloopname' 'specloopname_ln0' <Predicate = (!icmp_ln624)> <Delay = 0.00>
ST_4 : Operation 51 [1/1] (0.00ns)   --->   "%empty = speclooptripcount i32 @_ssdm_op_SpecLoopTripCount, i64 1280, i64 1280, i64 1280"   --->   Operation 51 'speclooptripcount' 'empty' <Predicate = (!icmp_ln624)> <Delay = 0.00>
ST_4 : Operation 52 [1/1] (0.00ns)   --->   "%tmp = bitconcatenate i11 @_ssdm_op_BitConcatenate.i11.i3.i8, i3 %select_ln624_1, i8 0" [patchMaker.cpp:635]   --->   Operation 52 'bitconcatenate' 'tmp' <Predicate = (!icmp_ln624)> <Delay = 0.00>
ST_4 : Operation 53 [1/1] (0.00ns)   --->   "%tmp_cast = zext i11 %tmp" [patchMaker.cpp:635]   --->   Operation 53 'zext' 'tmp_cast' <Predicate = (!icmp_ln624)> <Delay = 0.00>
ST_4 : Operation 54 [1/1] (0.00ns)   --->   "%specpipeline_ln0 = specpipeline void @_ssdm_op_SpecPipeline, i32 4294967295, i32 0, i32 1, i32 0, void @p_str"   --->   Operation 54 'specpipeline' 'specpipeline_ln0' <Predicate = (!icmp_ln624)> <Delay = 0.00>
ST_4 : Operation 55 [1/1] (0.00ns)   --->   "%zext_ln635 = zext i9 %select_ln624" [patchMaker.cpp:635]   --->   Operation 55 'zext' 'zext_ln635' <Predicate = (!icmp_ln624)> <Delay = 0.00>
ST_4 : Operation 56 [1/1] (0.73ns)   --->   "%add_ln635 = add i12 %tmp_cast, i12 %zext_ln635" [patchMaker.cpp:635]   --->   Operation 56 'add' 'add_ln635' <Predicate = (!icmp_ln624)> <Delay = 0.73> <CoreInst = "Adder">   --->   Core 1 'Adder' <Latency = 0> <II = 1> <Delay = 0.73> <FuncUnit> <Opcode : 'add' 'sub'> <InPorts = 2> <OutPorts = 1>
ST_4 : Operation 57 [1/1] (0.00ns)   --->   "%tmp_17 = bitconcatenate i13 @_ssdm_op_BitConcatenate.i13.i12.i1, i12 %add_ln635, i1 0" [patchMaker.cpp:635]   --->   Operation 57 'bitconcatenate' 'tmp_17' <Predicate = (!icmp_ln624)> <Delay = 0.00>
ST_4 : Operation 58 [1/1] (0.00ns)   --->   "%zext_ln635_2 = zext i13 %tmp_17" [patchMaker.cpp:635]   --->   Operation 58 'zext' 'zext_ln635_2' <Predicate = (!icmp_ln624)> <Delay = 0.00>
ST_4 : Operation 59 [1/1] (0.00ns)   --->   "%shl_ln635 = shl i12 %add_ln635, i12 1" [patchMaker.cpp:635]   --->   Operation 59 'shl' 'shl_ln635' <Predicate = (!icmp_ln624)> <Delay = 0.00>
ST_4 : Operation 60 [1/1] (0.00ns)   --->   "%GDarrayDecoded_V_addr = getelementptr i32 %GDarrayDecoded_V, i64 0, i64 %zext_ln635_2" [patchMaker.cpp:635]   --->   Operation 60 'getelementptr' 'GDarrayDecoded_V_addr' <Predicate = (!icmp_ln624)> <Delay = 0.00>
ST_4 : Operation 61 [1/1] (0.00ns)   --->   "%or_ln636 = or i12 %shl_ln635, i12 1" [patchMaker.cpp:636]   --->   Operation 61 'or' 'or_ln636' <Predicate = (!icmp_ln624)> <Delay = 0.00>
ST_4 : Operation 62 [1/1] (0.00ns)   --->   "%zext_ln636 = zext i12 %or_ln636" [patchMaker.cpp:636]   --->   Operation 62 'zext' 'zext_ln636' <Predicate = (!icmp_ln624)> <Delay = 0.00>
ST_4 : Operation 63 [1/1] (0.00ns)   --->   "%GDarrayDecoded_V_addr_1 = getelementptr i32 %GDarrayDecoded_V, i64 0, i64 %zext_ln636" [patchMaker.cpp:636]   --->   Operation 63 'getelementptr' 'GDarrayDecoded_V_addr_1' <Predicate = (!icmp_ln624)> <Delay = 0.00>
ST_4 : Operation 64 [1/1] (0.00ns)   --->   "%specloopname_ln630 = specloopname void @_ssdm_op_SpecLoopName, void @empty_14" [patchMaker.cpp:630]   --->   Operation 64 'specloopname' 'specloopname_ln630' <Predicate = (!icmp_ln624)> <Delay = 0.00>
ST_4 : Operation 65 [1/2] (1.64ns)   --->   "%packedCoordinates_V = load i11 %GDarray_addr" [patchMaker.cpp:635]   --->   Operation 65 'load' 'packedCoordinates_V' <Predicate = (!icmp_ln624)> <Delay = 1.64> <CoreInst = "RAM">   --->   Core 83 'RAM' <Latency = 1> <II = 1> <Delay = 1.64> <Storage> <Opcode : 'load' 'store'> <Ports = 2> <Width = 64> <Depth = 1280> <RAM>
ST_4 : Operation 66 [1/1] (0.00ns)   --->   "%trunc_ln6 = partselect i32 @_ssdm_op_PartSelect.i32.i64.i32.i32, i64 %packedCoordinates_V, i32 32, i32 63"   --->   Operation 66 'partselect' 'trunc_ln6' <Predicate = (!icmp_ln624)> <Delay = 0.00>
ST_4 : Operation 67 [1/1] (1.64ns)   --->   "%store_ln635 = store i32 %trunc_ln6, i12 %GDarrayDecoded_V_addr" [patchMaker.cpp:635]   --->   Operation 67 'store' 'store_ln635' <Predicate = (!icmp_ln624)> <Delay = 1.64> <CoreInst = "RAM">   --->   Core 83 'RAM' <Latency = 1> <II = 1> <Delay = 1.64> <Storage> <Opcode : 'load' 'store'> <Ports = 2> <Width = 32> <Depth = 2560> <RAM>
ST_4 : Operation 68 [1/1] (0.00ns)   --->   "%trunc_ln69 = trunc i64 %packedCoordinates_V"   --->   Operation 68 'trunc' 'trunc_ln69' <Predicate = (!icmp_ln624)> <Delay = 0.00>
ST_4 : Operation 69 [1/1] (1.64ns)   --->   "%store_ln636 = store i32 %trunc_ln69, i12 %GDarrayDecoded_V_addr_1" [patchMaker.cpp:636]   --->   Operation 69 'store' 'store_ln636' <Predicate = (!icmp_ln624)> <Delay = 1.64> <CoreInst = "RAM">   --->   Core 83 'RAM' <Latency = 1> <II = 1> <Delay = 1.64> <Storage> <Opcode : 'load' 'store'> <Ports = 2> <Width = 32> <Depth = 2560> <RAM>
ST_4 : Operation 70 [1/1] (0.00ns)   --->   "%br_ln0 = br void"   --->   Operation 70 'br' 'br_ln0' <Predicate = (!icmp_ln624)> <Delay = 0.00>

State 5 <SV = 3> <Delay = 0.58>
ST_5 : Operation 71 [2/2] (0.58ns)   --->   "%call_ln649 = call void @solveNextColumn, i8 %n_patches, i32 %GDn_points, i64 %tempArray, i32 %ppl_read, i32 %GDarrayDecoded_V, i32 %patches_superpoints_V, i32 %patches_parameters_V, i35 %radiiDivisionList, i26 %trapezoid_edges_V" [patchMaker.cpp:649]   --->   Operation 71 'call' 'call_ln649' <Predicate = true> <Delay = 0.58> <CoreType = "Generic">   --->   Core 0 '' <Latency = 0> <II = 1> <Delay = 1.00> <Generic> <Opcode : >

State 6 <SV = 4> <Delay = 0.00>
ST_6 : Operation 72 [1/2] (0.00ns)   --->   "%call_ln649 = call void @solveNextColumn, i8 %n_patches, i32 %GDn_points, i64 %tempArray, i32 %ppl_read, i32 %GDarrayDecoded_V, i32 %patches_superpoints_V, i32 %patches_parameters_V, i35 %radiiDivisionList, i26 %trapezoid_edges_V" [patchMaker.cpp:649]   --->   Operation 72 'call' 'call_ln649' <Predicate = true> <Delay = 0.00> <CoreType = "Generic">   --->   Core 0 '' <Latency = 0> <II = 1> <Delay = 1.00> <Generic> <Opcode : >
ST_6 : Operation 73 [1/1] (0.00ns)   --->   "%ret_ln677 = ret" [patchMaker.cpp:677]   --->   Operation 73 'ret' 'ret_ln677' <Predicate = true> <Delay = 0.00>


============================================================
+ Verbose Summary: Binding
============================================================
STG Binding: 
---------------- STG Properties BEGIN ----------------
- Is combinational: 0
- Is one-state seq: 0
- Is datapath-only: 0
- Is pipelined: 0
- Is top level: 1
Port [ Return ] is wired: 1; IO mode=ap_ctrl_hs:ce=0
Port [ stop]:  wired=1; compound=0; hidden=0; nouse=1; global=0; static=0; extern=0; dir=0; type=0; pingpong=0; private_global=0; IO mode=ap_none:ce=0
Port [ ppl]:  wired=1; compound=0; hidden=0; nouse=0; global=0; static=0; extern=0; dir=0; type=0; pingpong=0; private_global=0; IO mode=ap_none:ce=0
Port [ leftRight]:  wired=1; compound=0; hidden=0; nouse=1; global=0; static=0; extern=0; dir=0; type=0; pingpong=0; private_global=0; IO mode=ap_none:ce=0
Port [ n_patches]:  wired=1; compound=0; hidden=0; nouse=0; global=0; static=0; extern=0; dir=2; type=0; pingpong=0; private_global=0; IO mode=ap_ovld:ce=0
Port [ GDarray]:  wired=1; compound=1; hidden=0; nouse=0; global=0; static=0; extern=0; dir=0; type=1; pingpong=0; private_global=0; MemPort=[13]; IO mode=ap_memory:ce=0
Port [ GDn_points]:  wired=1; compound=1; hidden=0; nouse=0; global=0; static=0; extern=0; dir=0; type=1; pingpong=0; private_global=0; MemPort=[13]; IO mode=ap_memory:ce=0
Port [ patches_superpointsOUTPUT]:  wired=1; compound=1; hidden=0; nouse=1; global=0; static=0; extern=0; dir=3; type=1; pingpong=0; private_global=0; MemPort=[]; IO mode=ap_memory:ce=0
Port [ tempArray]:  wired=1; compound=1; hidden=0; nouse=0; global=0; static=0; extern=0; dir=1; type=1; pingpong=0; private_global=0; MemPort=[00]; IO mode=ap_memory:ce=0
Port [ radiiDivisionList]:  wired=0; compound=1; hidden=1; nouse=1; global=1; static=1; extern=0; dir=0; type=1; pingpong=0; private_global=0; MemPort=[1]; IO mode=ap_memory:ce=0
Port [ trapezoid_edges_V]:  wired=0; compound=1; hidden=1; nouse=1; global=1; static=1; extern=0; dir=0; type=1; pingpong=0; private_global=0; MemPort=[1]; IO mode=ap_memory:ce=0
---------------- STG Properties END ------------------

---------------- Datapath Model BEGIN ----------------

<LifeTime>
<method=bitvector/>
patches_superpoints_V   (alloca           ) [ 0011111]
patches_parameters_V    (alloca           ) [ 0011111]
GDarrayDecoded_V        (alloca           ) [ 0011111]
spectopmodule_ln0       (spectopmodule    ) [ 0000000]
specbitsmap_ln0         (specbitsmap      ) [ 0000000]
specinterface_ln0       (specinterface    ) [ 0000000]
specbitsmap_ln0         (specbitsmap      ) [ 0000000]
specinterface_ln0       (specinterface    ) [ 0000000]
specbitsmap_ln0         (specbitsmap      ) [ 0000000]
specinterface_ln0       (specinterface    ) [ 0000000]
specbitsmap_ln0         (specbitsmap      ) [ 0000000]
specinterface_ln0       (specinterface    ) [ 0000000]
specinterface_ln0       (specinterface    ) [ 0000000]
specbitsmap_ln0         (specbitsmap      ) [ 0000000]
specinterface_ln0       (specinterface    ) [ 0000000]
specbitsmap_ln0         (specbitsmap      ) [ 0000000]
specinterface_ln0       (specinterface    ) [ 0000000]
specbitsmap_ln0         (specbitsmap      ) [ 0000000]
specinterface_ln0       (specinterface    ) [ 0000000]
specbitsmap_ln0         (specbitsmap      ) [ 0000000]
ppl_read                (read             ) [ 0001111]
tempArray_addr          (getelementptr    ) [ 0000000]
store_ln607             (store            ) [ 0000000]
call_ln609              (call             ) [ 0000000]
br_ln624                (br               ) [ 0011100]
indvar_flatten          (phi              ) [ 0001000]
a                       (phi              ) [ 0001000]
b                       (phi              ) [ 0001000]
add_ln624_1             (add              ) [ 0011100]
specpipeline_ln0        (specpipeline     ) [ 0000000]
icmp_ln624              (icmp             ) [ 0001100]
br_ln624                (br               ) [ 0000000]
add_ln624               (add              ) [ 0000000]
icmp_ln630              (icmp             ) [ 0000000]
select_ln624            (select           ) [ 0001100]
select_ln624_1          (select           ) [ 0011100]
trunc_ln635             (trunc            ) [ 0000000]
tmp_s                   (bitconcatenate   ) [ 0000000]
zext_ln635_1            (zext             ) [ 0000000]
GDarray_addr            (getelementptr    ) [ 0001100]
add_ln630               (add              ) [ 0011100]
specloopname_ln0        (specloopname     ) [ 0000000]
empty                   (speclooptripcount) [ 0000000]
tmp                     (bitconcatenate   ) [ 0000000]
tmp_cast                (zext             ) [ 0000000]
specpipeline_ln0        (specpipeline     ) [ 0000000]
zext_ln635              (zext             ) [ 0000000]
add_ln635               (add              ) [ 0000000]
tmp_17                  (bitconcatenate   ) [ 0000000]
zext_ln635_2            (zext             ) [ 0000000]
shl_ln635               (shl              ) [ 0000000]
GDarrayDecoded_V_addr   (getelementptr    ) [ 0000000]
or_ln636                (or               ) [ 0000000]
zext_ln636              (zext             ) [ 0000000]
GDarrayDecoded_V_addr_1 (getelementptr    ) [ 0000000]
specloopname_ln630      (specloopname     ) [ 0000000]
packedCoordinates_V     (load             ) [ 0000000]
trunc_ln6               (partselect       ) [ 0000000]
store_ln635             (store            ) [ 0000000]
trunc_ln69              (trunc            ) [ 0000000]
store_ln636             (store            ) [ 0000000]
br_ln0                  (br               ) [ 0011100]
call_ln649              (call             ) [ 0000000]
ret_ln677               (ret              ) [ 0000000]
</LifeTime>

<model>

<comp_list>
<comp id="0" class="1000" name="stop">
<pin_list>
<pin id="1" dir="1" index="0" bw="1" slack="2147483647"/>
</pin_list>
<bind>
<StgValue><ssdm name="stop"/></StgValue>
</bind>
</comp>

<comp id="2" class="1000" name="ppl">
<pin_list>
<pin id="3" dir="1" index="0" bw="1" slack="0"/>
</pin_list>
<bind>
<StgValue><ssdm name="ppl"/></StgValue>
</bind>
</comp>

<comp id="4" class="1000" name="leftRight">
<pin_list>
<pin id="5" dir="1" index="0" bw="1" slack="2147483647"/>
</pin_list>
<bind>
<StgValue><ssdm name="leftRight"/></StgValue>
</bind>
</comp>

<comp id="6" class="1000" name="n_patches">
<pin_list>
<pin id="7" dir="1" index="0" bw="1" slack="0"/>
</pin_list>
<bind>
<StgValue><ssdm name="n_patches"/></StgValue>
</bind>
</comp>

<comp id="8" class="1000" name="GDarray">
<pin_list>
<pin id="9" dir="1" index="0" bw="1" slack="0"/>
</pin_list>
<bind>
<StgValue><ssdm name="GDarray"/><MemPortTyVec>1 3 </MemPortTyVec>
</StgValue>
</bind>
</comp>

<comp id="10" class="1000" name="GDn_points">
<pin_list>
<pin id="11" dir="1" index="0" bw="1" slack="0"/>
</pin_list>
<bind>
<StgValue><ssdm name="GDn_points"/><MemPortTyVec>1 3 </MemPortTyVec>
</StgValue>
</bind>
</comp>

<comp id="12" class="1000" name="patches_superpointsOUTPUT">
<pin_list>
<pin id="13" dir="1" index="0" bw="1" slack="2147483647"/>
</pin_list>
<bind>
<StgValue><ssdm name="patches_superpointsOUTPUT"/></StgValue>
</bind>
</comp>

<comp id="14" class="1000" name="tempArray">
<pin_list>
<pin id="15" dir="1" index="0" bw="1" slack="0"/>
</pin_list>
<bind>
<StgValue><ssdm name="tempArray"/><MemPortTyVec>0 0 </MemPortTyVec>
</StgValue>
</bind>
</comp>

<comp id="16" class="1000" name="radiiDivisionList">
<pin_list>
<pin id="17" dir="1" index="0" bw="1" slack="0"/>
</pin_list>
<bind>
<StgValue><ssdm name="radiiDivisionList"/><MemPortTyVec>1 </MemPortTyVec>
</StgValue>
</bind>
</comp>

<comp id="18" class="1000" name="trapezoid_edges_V">
<pin_list>
<pin id="19" dir="1" index="0" bw="1" slack="0"/>
</pin_list>
<bind>
<StgValue><ssdm name="trapezoid_edges_V"/><MemPortTyVec>1 </MemPortTyVec>
</StgValue>
</bind>
</comp>

<comp id="20" class="1001" name="const_20">
<pin_list>
<pin id="21" dir="1" index="0" bw="1" slack="0"/>
</pin_list>
<bind>
<StgValue><ssdm name=""/></StgValue>
</bind>
</comp>

<comp id="22" class="1001" name="const_22">
<pin_list>
<pin id="23" dir="1" index="0" bw="1" slack="0"/>
</pin_list>
<bind>
<StgValue><ssdm name="initializeArrays"/></StgValue>
</bind>
</comp>

<comp id="24" class="1001" name="const_24">
<pin_list>
<pin id="25" dir="1" index="0" bw="1" slack="2147483647"/>
</pin_list>
<bind>
<StgValue><ssdm name="_ssdm_op_SpecTopModule"/></StgValue>
</bind>
</comp>

<comp id="26" class="1001" name="const_26">
<pin_list>
<pin id="27" dir="1" index="0" bw="1" slack="2147483647"/>
</pin_list>
<bind>
<StgValue><ssdm name="empty_15"/></StgValue>
</bind>
</comp>

<comp id="28" class="1001" name="const_28">
<pin_list>
<pin id="29" dir="1" index="0" bw="1" slack="2147483647"/>
</pin_list>
<bind>
<StgValue><ssdm name="_ssdm_op_SpecBitsMap"/></StgValue>
</bind>
</comp>

<comp id="30" class="1001" name="const_30">
<pin_list>
<pin id="31" dir="1" index="0" bw="1" slack="2147483647"/>
</pin_list>
<bind>
<StgValue><ssdm name="_ssdm_op_SpecInterface"/></StgValue>
</bind>
</comp>

<comp id="32" class="1001" name="const_32">
<pin_list>
<pin id="33" dir="1" index="0" bw="1" slack="2147483647"/>
</pin_list>
<bind>
<StgValue><ssdm name="empty_19"/></StgValue>
</bind>
</comp>

<comp id="34" class="1001" name="const_34">
<pin_list>
<pin id="35" dir="1" index="0" bw="1" slack="2147483647"/>
</pin_list>
<bind>
<StgValue><ssdm name=""/></StgValue>
</bind>
</comp>

<comp id="36" class="1001" name="const_36">
<pin_list>
<pin id="37" dir="1" index="0" bw="1" slack="2147483647"/>
</pin_list>
<bind>
<StgValue><ssdm name="empty_21"/></StgValue>
</bind>
</comp>

<comp id="38" class="1001" name="const_38">
<pin_list>
<pin id="39" dir="1" index="0" bw="1" slack="2147483647"/>
</pin_list>
<bind>
<StgValue><ssdm name="empty"/></StgValue>
</bind>
</comp>

<comp id="40" class="1001" name="const_40">
<pin_list>
<pin id="41" dir="1" index="0" bw="1" slack="2147483647"/>
</pin_list>
<bind>
<StgValue><ssdm name=""/></StgValue>
</bind>
</comp>

<comp id="42" class="1001" name="const_42">
<pin_list>
<pin id="43" dir="1" index="0" bw="1" slack="0"/>
</pin_list>
<bind>
<StgValue><ssdm name="_ssdm_op_Read.ap_auto.i32"/></StgValue>
</bind>
</comp>

<comp id="44" class="1001" name="const_44">
<pin_list>
<pin id="45" dir="1" index="0" bw="1" slack="0"/>
</pin_list>
<bind>
<StgValue><ssdm name=""/></StgValue>
</bind>
</comp>

<comp id="46" class="1001" name="const_46">
<pin_list>
<pin id="47" dir="1" index="0" bw="1" slack="0"/>
</pin_list>
<bind>
<StgValue><ssdm name=""/></StgValue>
</bind>
</comp>

<comp id="48" class="1001" name="const_48">
<pin_list>
<pin id="49" dir="1" index="0" bw="1" slack="0"/>
</pin_list>
<bind>
<StgValue><ssdm name=""/></StgValue>
</bind>
</comp>

<comp id="50" class="1001" name="const_50">
<pin_list>
<pin id="51" dir="1" index="0" bw="1" slack="1"/>
</pin_list>
<bind>
<StgValue><ssdm name=""/></StgValue>
</bind>
</comp>

<comp id="52" class="1001" name="const_52">
<pin_list>
<pin id="53" dir="1" index="0" bw="1" slack="1"/>
</pin_list>
<bind>
<StgValue><ssdm name=""/></StgValue>
</bind>
</comp>

<comp id="54" class="1001" name="const_54">
<pin_list>
<pin id="55" dir="1" index="0" bw="1" slack="0"/>
</pin_list>
<bind>
<StgValue><ssdm name=""/></StgValue>
</bind>
</comp>

<comp id="56" class="1001" name="const_56">
<pin_list>
<pin id="57" dir="1" index="0" bw="1" slack="0"/>
</pin_list>
<bind>
<StgValue><ssdm name=""/></StgValue>
</bind>
</comp>

<comp id="58" class="1001" name="const_58">
<pin_list>
<pin id="59" dir="1" index="0" bw="1" slack="2147483647"/>
</pin_list>
<bind>
<StgValue><ssdm name="_ssdm_op_SpecPipeline"/></StgValue>
</bind>
</comp>

<comp id="60" class="1001" name="const_60">
<pin_list>
<pin id="61" dir="1" index="0" bw="1" slack="2147483647"/>
</pin_list>
<bind>
<StgValue><ssdm name=""/></StgValue>
</bind>
</comp>

<comp id="62" class="1001" name="const_62">
<pin_list>
<pin id="63" dir="1" index="0" bw="1" slack="2147483647"/>
</pin_list>
<bind>
<StgValue><ssdm name="p_str"/></StgValue>
</bind>
</comp>

<comp id="64" class="1001" name="const_64">
<pin_list>
<pin id="65" dir="1" index="0" bw="1" slack="0"/>
</pin_list>
<bind>
<StgValue><ssdm name=""/></StgValue>
</bind>
</comp>

<comp id="66" class="1001" name="const_66">
<pin_list>
<pin id="67" dir="1" index="0" bw="1" slack="0"/>
</pin_list>
<bind>
<StgValue><ssdm name=""/></StgValue>
</bind>
</comp>

<comp id="68" class="1001" name="const_68">
<pin_list>
<pin id="69" dir="1" index="0" bw="1" slack="0"/>
</pin_list>
<bind>
<StgValue><ssdm name=""/></StgValue>
</bind>
</comp>

<comp id="70" class="1001" name="const_70">
<pin_list>
<pin id="71" dir="1" index="0" bw="1" slack="0"/>
</pin_list>
<bind>
<StgValue><ssdm name="_ssdm_op_BitConcatenate.i11.i3.i8"/></StgValue>
</bind>
</comp>

<comp id="72" class="1001" name="const_72">
<pin_list>
<pin id="73" dir="1" index="0" bw="1" slack="0"/>
</pin_list>
<bind>
<StgValue><ssdm name=""/></StgValue>
</bind>
</comp>

<comp id="74" class="1001" name="const_74">
<pin_list>
<pin id="75" dir="1" index="0" bw="1" slack="2147483647"/>
</pin_list>
<bind>
<StgValue><ssdm name="_ssdm_op_SpecLoopName"/></StgValue>
</bind>
</comp>

<comp id="76" class="1001" name="const_76">
<pin_list>
<pin id="77" dir="1" index="0" bw="1" slack="2147483647"/>
</pin_list>
<bind>
<StgValue><ssdm name="initGDarrayDecoded_perLayer_initGDarrayDecoded_perPoint_str"/></StgValue>
</bind>
</comp>

<comp id="78" class="1001" name="const_78">
<pin_list>
<pin id="79" dir="1" index="0" bw="1" slack="2147483647"/>
</pin_list>
<bind>
<StgValue><ssdm name="_ssdm_op_SpecLoopTripCount"/></StgValue>
</bind>
</comp>

<comp id="80" class="1001" name="const_80">
<pin_list>
<pin id="81" dir="1" index="0" bw="1" slack="2147483647"/>
</pin_list>
<bind>
<StgValue><ssdm name=""/></StgValue>
</bind>
</comp>

<comp id="82" class="1001" name="const_82">
<pin_list>
<pin id="83" dir="1" index="0" bw="1" slack="0"/>
</pin_list>
<bind>
<StgValue><ssdm name=""/></StgValue>
</bind>
</comp>

<comp id="84" class="1001" name="const_84">
<pin_list>
<pin id="85" dir="1" index="0" bw="1" slack="0"/>
</pin_list>
<bind>
<StgValue><ssdm name="_ssdm_op_BitConcatenate.i13.i12.i1"/></StgValue>
</bind>
</comp>

<comp id="86" class="1001" name="const_86">
<pin_list>
<pin id="87" dir="1" index="0" bw="1" slack="0"/>
</pin_list>
<bind>
<StgValue><ssdm name=""/></StgValue>
</bind>
</comp>

<comp id="88" class="1001" name="const_88">
<pin_list>
<pin id="89" dir="1" index="0" bw="1" slack="0"/>
</pin_list>
<bind>
<StgValue><ssdm name=""/></StgValue>
</bind>
</comp>

<comp id="90" class="1001" name="const_90">
<pin_list>
<pin id="91" dir="1" index="0" bw="1" slack="2147483647"/>
</pin_list>
<bind>
<StgValue><ssdm name="empty_14"/></StgValue>
</bind>
</comp>

<comp id="92" class="1001" name="const_92">
<pin_list>
<pin id="93" dir="1" index="0" bw="1" slack="0"/>
</pin_list>
<bind>
<StgValue><ssdm name="_ssdm_op_PartSelect.i32.i64.i32.i32"/></StgValue>
</bind>
</comp>

<comp id="94" class="1001" name="const_94">
<pin_list>
<pin id="95" dir="1" index="0" bw="1" slack="0"/>
</pin_list>
<bind>
<StgValue><ssdm name=""/></StgValue>
</bind>
</comp>

<comp id="96" class="1001" name="const_96">
<pin_list>
<pin id="97" dir="1" index="0" bw="1" slack="0"/>
</pin_list>
<bind>
<StgValue><ssdm name=""/></StgValue>
</bind>
</comp>

<comp id="98" class="1001" name="const_98">
<pin_list>
<pin id="99" dir="1" index="0" bw="1" slack="0"/>
</pin_list>
<bind>
<StgValue><ssdm name="solveNextColumn"/></StgValue>
</bind>
</comp>

<comp id="100" class="1004" name="patches_superpoints_V_alloca_fu_100">
<pin_list>
<pin id="101" dir="0" index="0" bw="1" slack="0"/>
<pin id="102" dir="1" index="1" bw="32" slack="0"/>
</pin_list>
<bind>
<opcode="alloca(26) " fcode="alloca"/>
<opset="patches_superpoints_V/1 "/>
</bind>
</comp>

<comp id="104" class="1004" name="patches_parameters_V_alloca_fu_104">
<pin_list>
<pin id="105" dir="0" index="0" bw="1" slack="0"/>
<pin id="106" dir="1" index="1" bw="32" slack="0"/>
</pin_list>
<bind>
<opcode="alloca(26) " fcode="alloca"/>
<opset="patches_parameters_V/1 "/>
</bind>
</comp>

<comp id="108" class="1004" name="GDarrayDecoded_V_alloca_fu_108">
<pin_list>
<pin id="109" dir="0" index="0" bw="1" slack="0"/>
<pin id="110" dir="1" index="1" bw="32" slack="2147483647"/>
</pin_list>
<bind>
<opcode="alloca(26) " fcode="alloca"/>
<opset="GDarrayDecoded_V/1 "/>
</bind>
</comp>

<comp id="112" class="1004" name="ppl_read_read_fu_112">
<pin_list>
<pin id="113" dir="0" index="0" bw="32" slack="0"/>
<pin id="114" dir="0" index="1" bw="32" slack="0"/>
<pin id="115" dir="1" index="2" bw="32" slack="2"/>
</pin_list>
<bind>
<opcode="read(1150) " fcode="read"/>
<opset="ppl_read/2 "/>
</bind>
</comp>

<comp id="118" class="1004" name="tempArray_addr_gep_fu_118">
<pin_list>
<pin id="119" dir="0" index="0" bw="64" slack="0"/>
<pin id="120" dir="0" index="1" bw="1" slack="0"/>
<pin id="121" dir="0" index="2" bw="9" slack="0"/>
<pin id="122" dir="1" index="3" bw="8" slack="0"/>
</pin_list>
<bind>
<opcode="getelementptr(29) " fcode="getelementptr"/>
<opset="tempArray_addr/2 "/>
</bind>
</comp>

<comp id="126" class="1004" name="store_ln607_access_fu_126">
<pin_list>
<pin id="127" dir="0" index="0" bw="8" slack="0"/>
<pin id="128" dir="0" index="1" bw="64" slack="0"/>
<pin id="129" dir="0" index="2" bw="0" slack="2147483647"/>
<pin id="130" dir="1" index="3" bw="64" slack="2147483647"/>
</pin_list>
<bind>
<opcode="store(28) " fcode="store"/>
<opset="store_ln607/2 "/>
</bind>
</comp>

<comp id="133" class="1004" name="GDarray_addr_gep_fu_133">
<pin_list>
<pin id="134" dir="0" index="0" bw="64" slack="0"/>
<pin id="135" dir="0" index="1" bw="1" slack="0"/>
<pin id="136" dir="0" index="2" bw="11" slack="0"/>
<pin id="137" dir="1" index="3" bw="11" slack="0"/>
</pin_list>
<bind>
<opcode="getelementptr(29) " fcode="getelementptr"/>
<opset="GDarray_addr/3 "/>
</bind>
</comp>

<comp id="140" class="1004" name="grp_access_fu_140">
<pin_list>
<pin id="141" dir="0" index="0" bw="11" slack="0"/>
<pin id="142" dir="0" index="1" bw="64" slack="2147483647"/>
<pin id="143" dir="0" index="2" bw="0" slack="2147483647"/>
<pin id="144" dir="1" index="3" bw="64" slack="0"/>
</pin_list>
<bind>
<opcode="load(27) " fcode="load"/>
<opset="packedCoordinates_V/3 "/>
</bind>
</comp>

<comp id="146" class="1004" name="GDarrayDecoded_V_addr_gep_fu_146">
<pin_list>
<pin id="147" dir="0" index="0" bw="32" slack="2147483647"/>
<pin id="148" dir="0" index="1" bw="1" slack="0"/>
<pin id="149" dir="0" index="2" bw="13" slack="0"/>
<pin id="150" dir="1" index="3" bw="12" slack="0"/>
</pin_list>
<bind>
<opcode="getelementptr(29) " fcode="getelementptr"/>
<opset="GDarrayDecoded_V_addr/4 "/>
</bind>
</comp>

<comp id="152" class="1004" name="GDarrayDecoded_V_addr_1_gep_fu_152">
<pin_list>
<pin id="153" dir="0" index="0" bw="32" slack="2147483647"/>
<pin id="154" dir="0" index="1" bw="1" slack="0"/>
<pin id="155" dir="0" index="2" bw="12" slack="0"/>
<pin id="156" dir="1" index="3" bw="12" slack="0"/>
</pin_list>
<bind>
<opcode="getelementptr(29) " fcode="getelementptr"/>
<opset="GDarrayDecoded_V_addr_1/4 "/>
</bind>
</comp>

<comp id="158" class="1004" name="grp_access_fu_158">
<pin_list>
<pin id="159" dir="0" index="0" bw="12" slack="0"/>
<pin id="160" dir="0" index="1" bw="32" slack="0"/>
<pin id="161" dir="0" index="2" bw="0" slack="0"/>
<pin id="163" dir="0" index="4" bw="12" slack="0"/>
<pin id="164" dir="0" index="5" bw="32" slack="2147483647"/>
<pin id="165" dir="0" index="6" bw="0" slack="2147483647"/>
<pin id="162" dir="1" index="3" bw="32" slack="2147483647"/>
<pin id="166" dir="1" index="7" bw="32" slack="2147483647"/>
</pin_list>
<bind>
<opcode="store(28) " fcode="store"/>
<opset="store_ln635/4 store_ln636/4 "/>
</bind>
</comp>

<comp id="169" class="1005" name="indvar_flatten_reg_169">
<pin_list>
<pin id="170" dir="0" index="0" bw="11" slack="1"/>
<pin id="171" dir="1" index="1" bw="11" slack="1"/>
</pin_list>
<bind>
<opset="indvar_flatten (phireg) "/>
</bind>
</comp>

<comp id="173" class="1004" name="indvar_flatten_phi_fu_173">
<pin_list>
<pin id="174" dir="0" index="0" bw="1" slack="1"/>
<pin id="175" dir="0" index="1" bw="0" slack="2147483647"/>
<pin id="176" dir="0" index="2" bw="11" slack="0"/>
<pin id="177" dir="0" index="3" bw="0" slack="2147483647"/>
<pin id="178" dir="1" index="4" bw="11" slack="0"/>
</pin_list>
<bind>
<opcode="phi(47) " fcode="phi"/>
<opset="indvar_flatten/3 "/>
</bind>
</comp>

<comp id="180" class="1005" name="a_reg_180">
<pin_list>
<pin id="181" dir="0" index="0" bw="3" slack="1"/>
<pin id="182" dir="1" index="1" bw="3" slack="1"/>
</pin_list>
<bind>
<opset="a (phireg) "/>
</bind>
</comp>

<comp id="184" class="1004" name="a_phi_fu_184">
<pin_list>
<pin id="185" dir="0" index="0" bw="1" slack="1"/>
<pin id="186" dir="0" index="1" bw="0" slack="2147483647"/>
<pin id="187" dir="0" index="2" bw="3" slack="0"/>
<pin id="188" dir="0" index="3" bw="0" slack="2147483647"/>
<pin id="189" dir="1" index="4" bw="3" slack="0"/>
</pin_list>
<bind>
<opcode="phi(47) " fcode="phi"/>
<opset="a/3 "/>
</bind>
</comp>

<comp id="191" class="1005" name="b_reg_191">
<pin_list>
<pin id="192" dir="0" index="0" bw="9" slack="1"/>
<pin id="193" dir="1" index="1" bw="9" slack="1"/>
</pin_list>
<bind>
<opset="b (phireg) "/>
</bind>
</comp>

<comp id="195" class="1004" name="b_phi_fu_195">
<pin_list>
<pin id="196" dir="0" index="0" bw="1" slack="1"/>
<pin id="197" dir="0" index="1" bw="0" slack="2147483647"/>
<pin id="198" dir="0" index="2" bw="9" slack="0"/>
<pin id="199" dir="0" index="3" bw="0" slack="2147483647"/>
<pin id="200" dir="1" index="4" bw="9" slack="0"/>
</pin_list>
<bind>
<opcode="phi(47) " fcode="phi"/>
<opset="b/3 "/>
</bind>
</comp>

<comp id="202" class="1004" name="grp_solveNextColumn_fu_202">
<pin_list>
<pin id="203" dir="0" index="0" bw="0" slack="0"/>
<pin id="204" dir="0" index="1" bw="8" slack="0"/>
<pin id="205" dir="0" index="2" bw="32" slack="0"/>
<pin id="206" dir="0" index="3" bw="64" slack="0"/>
<pin id="207" dir="0" index="4" bw="32" slack="2"/>
<pin id="208" dir="0" index="5" bw="32" slack="2147483647"/>
<pin id="209" dir="0" index="6" bw="32" slack="2147483647"/>
<pin id="210" dir="0" index="7" bw="32" slack="2147483647"/>
<pin id="211" dir="0" index="8" bw="35" slack="0"/>
<pin id="212" dir="0" index="9" bw="26" slack="0"/>
<pin id="213" dir="1" index="10" bw="0" slack="2147483647"/>
</pin_list>
<bind>
<opcode="call(48) " fcode="call"/>
<opset="call_ln649/5 "/>
</bind>
</comp>

<comp id="220" class="1004" name="grp_initializeArrays_fu_220">
<pin_list>
<pin id="221" dir="0" index="0" bw="0" slack="0"/>
<pin id="222" dir="0" index="1" bw="32" slack="0"/>
<pin id="223" dir="0" index="2" bw="32" slack="0"/>
<pin id="224" dir="1" index="3" bw="0" slack="2147483647"/>
</pin_list>
<bind>
<opcode="call(48) " fcode="call"/>
<opset="call_ln609/1 "/>
</bind>
</comp>

<comp id="228" class="1004" name="add_ln624_1_fu_228">
<pin_list>
<pin id="229" dir="0" index="0" bw="11" slack="0"/>
<pin id="230" dir="0" index="1" bw="1" slack="0"/>
<pin id="231" dir="1" index="2" bw="11" slack="0"/>
</pin_list>
<bind>
<opcode="add(8) " fcode="add"/>
<opset="add_ln624_1/3 "/>
</bind>
</comp>

<comp id="234" class="1004" name="icmp_ln624_fu_234">
<pin_list>
<pin id="235" dir="0" index="0" bw="11" slack="0"/>
<pin id="236" dir="0" index="1" bw="11" slack="0"/>
<pin id="237" dir="1" index="2" bw="1" slack="1"/>
</pin_list>
<bind>
<opcode="icmp(45) " fcode="icmp"/>
<opset="icmp_ln624/3 "/>
</bind>
</comp>

<comp id="240" class="1004" name="add_ln624_fu_240">
<pin_list>
<pin id="241" dir="0" index="0" bw="3" slack="0"/>
<pin id="242" dir="0" index="1" bw="1" slack="0"/>
<pin id="243" dir="1" index="2" bw="3" slack="0"/>
</pin_list>
<bind>
<opcode="add(8) " fcode="add"/>
<opset="add_ln624/3 "/>
</bind>
</comp>

<comp id="246" class="1004" name="icmp_ln630_fu_246">
<pin_list>
<pin id="247" dir="0" index="0" bw="9" slack="0"/>
<pin id="248" dir="0" index="1" bw="9" slack="0"/>
<pin id="249" dir="1" index="2" bw="1" slack="0"/>
</pin_list>
<bind>
<opcode="icmp(45) " fcode="icmp"/>
<opset="icmp_ln630/3 "/>
</bind>
</comp>

<comp id="252" class="1004" name="select_ln624_fu_252">
<pin_list>
<pin id="253" dir="0" index="0" bw="1" slack="0"/>
<pin id="254" dir="0" index="1" bw="1" slack="0"/>
<pin id="255" dir="0" index="2" bw="9" slack="0"/>
<pin id="256" dir="1" index="3" bw="9" slack="0"/>
</pin_list>
<bind>
<opcode="select(49) " fcode="select"/>
<opset="select_ln624/3 "/>
</bind>
</comp>

<comp id="260" class="1004" name="select_ln624_1_fu_260">
<pin_list>
<pin id="261" dir="0" index="0" bw="1" slack="0"/>
<pin id="262" dir="0" index="1" bw="3" slack="0"/>
<pin id="263" dir="0" index="2" bw="3" slack="0"/>
<pin id="264" dir="1" index="3" bw="3" slack="0"/>
</pin_list>
<bind>
<opcode="select(49) " fcode="select"/>
<opset="select_ln624_1/3 "/>
</bind>
</comp>

<comp id="268" class="1004" name="trunc_ln635_fu_268">
<pin_list>
<pin id="269" dir="0" index="0" bw="9" slack="0"/>
<pin id="270" dir="1" index="1" bw="8" slack="0"/>
</pin_list>
<bind>
<opcode="trunc(33) " fcode="trunc"/>
<opset="trunc_ln635/3 "/>
</bind>
</comp>

<comp id="272" class="1004" name="tmp_s_fu_272">
<pin_list>
<pin id="273" dir="0" index="0" bw="11" slack="0"/>
<pin id="274" dir="0" index="1" bw="3" slack="0"/>
<pin id="275" dir="0" index="2" bw="8" slack="0"/>
<pin id="276" dir="1" index="3" bw="11" slack="0"/>
</pin_list>
<bind>
<opcode="bitconcatenate(1004) " fcode="bitconcatenate"/>
<opset="tmp_s/3 "/>
</bind>
</comp>

<comp id="280" class="1004" name="zext_ln635_1_fu_280">
<pin_list>
<pin id="281" dir="0" index="0" bw="11" slack="0"/>
<pin id="282" dir="1" index="1" bw="64" slack="0"/>
</pin_list>
<bind>
<opcode="zext(34) " fcode="zext"/>
<opset="zext_ln635_1/3 "/>
</bind>
</comp>

<comp id="285" class="1004" name="add_ln630_fu_285">
<pin_list>
<pin id="286" dir="0" index="0" bw="9" slack="0"/>
<pin id="287" dir="0" index="1" bw="1" slack="0"/>
<pin id="288" dir="1" index="2" bw="9" slack="0"/>
</pin_list>
<bind>
<opcode="add(8) " fcode="add"/>
<opset="add_ln630/3 "/>
</bind>
</comp>

<comp id="291" class="1004" name="tmp_fu_291">
<pin_list>
<pin id="292" dir="0" index="0" bw="11" slack="0"/>
<pin id="293" dir="0" index="1" bw="3" slack="1"/>
<pin id="294" dir="0" index="2" bw="1" slack="0"/>
<pin id="295" dir="1" index="3" bw="11" slack="0"/>
</pin_list>
<bind>
<opcode="bitconcatenate(1004) " fcode="bitconcatenate"/>
<opset="tmp/4 "/>
</bind>
</comp>

<comp id="298" class="1004" name="tmp_cast_fu_298">
<pin_list>
<pin id="299" dir="0" index="0" bw="11" slack="0"/>
<pin id="300" dir="1" index="1" bw="12" slack="0"/>
</pin_list>
<bind>
<opcode="zext(34) " fcode="zext"/>
<opset="tmp_cast/4 "/>
</bind>
</comp>

<comp id="302" class="1004" name="zext_ln635_fu_302">
<pin_list>
<pin id="303" dir="0" index="0" bw="9" slack="1"/>
<pin id="304" dir="1" index="1" bw="12" slack="0"/>
</pin_list>
<bind>
<opcode="zext(34) " fcode="zext"/>
<opset="zext_ln635/4 "/>
</bind>
</comp>

<comp id="305" class="1004" name="add_ln635_fu_305">
<pin_list>
<pin id="306" dir="0" index="0" bw="11" slack="0"/>
<pin id="307" dir="0" index="1" bw="9" slack="0"/>
<pin id="308" dir="1" index="2" bw="12" slack="0"/>
</pin_list>
<bind>
<opcode="add(8) " fcode="add"/>
<opset="add_ln635/4 "/>
</bind>
</comp>

<comp id="311" class="1004" name="tmp_17_fu_311">
<pin_list>
<pin id="312" dir="0" index="0" bw="13" slack="0"/>
<pin id="313" dir="0" index="1" bw="12" slack="0"/>
<pin id="314" dir="0" index="2" bw="1" slack="0"/>
<pin id="315" dir="1" index="3" bw="13" slack="0"/>
</pin_list>
<bind>
<opcode="bitconcatenate(1004) " fcode="bitconcatenate"/>
<opset="tmp_17/4 "/>
</bind>
</comp>

<comp id="319" class="1004" name="zext_ln635_2_fu_319">
<pin_list>
<pin id="320" dir="0" index="0" bw="13" slack="0"/>
<pin id="321" dir="1" index="1" bw="64" slack="0"/>
</pin_list>
<bind>
<opcode="zext(34) " fcode="zext"/>
<opset="zext_ln635_2/4 "/>
</bind>
</comp>

<comp id="324" class="1004" name="shl_ln635_fu_324">
<pin_list>
<pin id="325" dir="0" index="0" bw="12" slack="0"/>
<pin id="326" dir="0" index="1" bw="1" slack="0"/>
<pin id="327" dir="1" index="2" bw="12" slack="0"/>
</pin_list>
<bind>
<opcode="shl(20) " fcode="shl"/>
<opset="shl_ln635/4 "/>
</bind>
</comp>

<comp id="330" class="1004" name="or_ln636_fu_330">
<pin_list>
<pin id="331" dir="0" index="0" bw="12" slack="0"/>
<pin id="332" dir="0" index="1" bw="1" slack="0"/>
<pin id="333" dir="1" index="2" bw="12" slack="0"/>
</pin_list>
<bind>
<opcode="or(24) " fcode="or"/>
<opset="or_ln636/4 "/>
</bind>
</comp>

<comp id="336" class="1004" name="zext_ln636_fu_336">
<pin_list>
<pin id="337" dir="0" index="0" bw="12" slack="0"/>
<pin id="338" dir="1" index="1" bw="64" slack="0"/>
</pin_list>
<bind>
<opcode="zext(34) " fcode="zext"/>
<opset="zext_ln636/4 "/>
</bind>
</comp>

<comp id="341" class="1004" name="trunc_ln6_fu_341">
<pin_list>
<pin id="342" dir="0" index="0" bw="32" slack="0"/>
<pin id="343" dir="0" index="1" bw="64" slack="0"/>
<pin id="344" dir="0" index="2" bw="7" slack="0"/>
<pin id="345" dir="0" index="3" bw="7" slack="0"/>
<pin id="346" dir="1" index="4" bw="32" slack="0"/>
</pin_list>
<bind>
<opcode="partselect(1002) " fcode="partselect"/>
<opset="trunc_ln6/4 "/>
</bind>
</comp>

<comp id="352" class="1004" name="trunc_ln69_fu_352">
<pin_list>
<pin id="353" dir="0" index="0" bw="64" slack="0"/>
<pin id="354" dir="1" index="1" bw="32" slack="0"/>
</pin_list>
<bind>
<opcode="trunc(33) " fcode="trunc"/>
<opset="trunc_ln69/4 "/>
</bind>
</comp>

<comp id="357" class="1005" name="ppl_read_reg_357">
<pin_list>
<pin id="358" dir="0" index="0" bw="32" slack="2"/>
<pin id="359" dir="1" index="1" bw="32" slack="2"/>
</pin_list>
<bind>
<opset="ppl_read "/>
</bind>
</comp>

<comp id="362" class="1005" name="add_ln624_1_reg_362">
<pin_list>
<pin id="363" dir="0" index="0" bw="11" slack="0"/>
<pin id="364" dir="1" index="1" bw="11" slack="0"/>
</pin_list>
<bind>
<opset="add_ln624_1 "/>
</bind>
</comp>

<comp id="367" class="1005" name="icmp_ln624_reg_367">
<pin_list>
<pin id="368" dir="0" index="0" bw="1" slack="1"/>
<pin id="369" dir="1" index="1" bw="1" slack="2147483647"/>
</pin_list>
<bind>
<opset="icmp_ln624 "/>
</bind>
</comp>

<comp id="371" class="1005" name="select_ln624_reg_371">
<pin_list>
<pin id="372" dir="0" index="0" bw="9" slack="1"/>
<pin id="373" dir="1" index="1" bw="9" slack="1"/>
</pin_list>
<bind>
<opset="select_ln624 "/>
</bind>
</comp>

<comp id="376" class="1005" name="select_ln624_1_reg_376">
<pin_list>
<pin id="377" dir="0" index="0" bw="3" slack="0"/>
<pin id="378" dir="1" index="1" bw="3" slack="0"/>
</pin_list>
<bind>
<opset="select_ln624_1 "/>
</bind>
</comp>

<comp id="382" class="1005" name="GDarray_addr_reg_382">
<pin_list>
<pin id="383" dir="0" index="0" bw="11" slack="1"/>
<pin id="384" dir="1" index="1" bw="11" slack="1"/>
</pin_list>
<bind>
<opset="GDarray_addr "/>
</bind>
</comp>

<comp id="387" class="1005" name="add_ln630_reg_387">
<pin_list>
<pin id="388" dir="0" index="0" bw="9" slack="0"/>
<pin id="389" dir="1" index="1" bw="9" slack="0"/>
</pin_list>
<bind>
<opset="add_ln630 "/>
</bind>
</comp>

</comp_list>

<net_list>
<net id="103"><net_src comp="20" pin="0"/><net_sink comp="100" pin=0"/></net>

<net id="107"><net_src comp="20" pin="0"/><net_sink comp="104" pin=0"/></net>

<net id="111"><net_src comp="20" pin="0"/><net_sink comp="108" pin=0"/></net>

<net id="116"><net_src comp="42" pin="0"/><net_sink comp="112" pin=0"/></net>

<net id="117"><net_src comp="2" pin="0"/><net_sink comp="112" pin=1"/></net>

<net id="123"><net_src comp="14" pin="0"/><net_sink comp="118" pin=0"/></net>

<net id="124"><net_src comp="44" pin="0"/><net_sink comp="118" pin=1"/></net>

<net id="125"><net_src comp="46" pin="0"/><net_sink comp="118" pin=2"/></net>

<net id="131"><net_src comp="48" pin="0"/><net_sink comp="126" pin=1"/></net>

<net id="132"><net_src comp="118" pin="3"/><net_sink comp="126" pin=0"/></net>

<net id="138"><net_src comp="8" pin="0"/><net_sink comp="133" pin=0"/></net>

<net id="139"><net_src comp="44" pin="0"/><net_sink comp="133" pin=1"/></net>

<net id="145"><net_src comp="133" pin="3"/><net_sink comp="140" pin=0"/></net>

<net id="151"><net_src comp="44" pin="0"/><net_sink comp="146" pin=1"/></net>

<net id="157"><net_src comp="44" pin="0"/><net_sink comp="152" pin=1"/></net>

<net id="167"><net_src comp="146" pin="3"/><net_sink comp="158" pin=2"/></net>

<net id="168"><net_src comp="152" pin="3"/><net_sink comp="158" pin=0"/></net>

<net id="172"><net_src comp="50" pin="0"/><net_sink comp="169" pin=0"/></net>

<net id="179"><net_src comp="169" pin="1"/><net_sink comp="173" pin=0"/></net>

<net id="183"><net_src comp="52" pin="0"/><net_sink comp="180" pin=0"/></net>

<net id="190"><net_src comp="180" pin="1"/><net_sink comp="184" pin=0"/></net>

<net id="194"><net_src comp="54" pin="0"/><net_sink comp="191" pin=0"/></net>

<net id="201"><net_src comp="191" pin="1"/><net_sink comp="195" pin=0"/></net>

<net id="214"><net_src comp="98" pin="0"/><net_sink comp="202" pin=0"/></net>

<net id="215"><net_src comp="6" pin="0"/><net_sink comp="202" pin=1"/></net>

<net id="216"><net_src comp="10" pin="0"/><net_sink comp="202" pin=2"/></net>

<net id="217"><net_src comp="14" pin="0"/><net_sink comp="202" pin=3"/></net>

<net id="218"><net_src comp="16" pin="0"/><net_sink comp="202" pin=8"/></net>

<net id="219"><net_src comp="18" pin="0"/><net_sink comp="202" pin=9"/></net>

<net id="225"><net_src comp="22" pin="0"/><net_sink comp="220" pin=0"/></net>

<net id="226"><net_src comp="100" pin="1"/><net_sink comp="220" pin=1"/></net>

<net id="227"><net_src comp="104" pin="1"/><net_sink comp="220" pin=2"/></net>

<net id="232"><net_src comp="173" pin="4"/><net_sink comp="228" pin=0"/></net>

<net id="233"><net_src comp="56" pin="0"/><net_sink comp="228" pin=1"/></net>

<net id="238"><net_src comp="173" pin="4"/><net_sink comp="234" pin=0"/></net>

<net id="239"><net_src comp="64" pin="0"/><net_sink comp="234" pin=1"/></net>

<net id="244"><net_src comp="184" pin="4"/><net_sink comp="240" pin=0"/></net>

<net id="245"><net_src comp="66" pin="0"/><net_sink comp="240" pin=1"/></net>

<net id="250"><net_src comp="195" pin="4"/><net_sink comp="246" pin=0"/></net>

<net id="251"><net_src comp="68" pin="0"/><net_sink comp="246" pin=1"/></net>

<net id="257"><net_src comp="246" pin="2"/><net_sink comp="252" pin=0"/></net>

<net id="258"><net_src comp="54" pin="0"/><net_sink comp="252" pin=1"/></net>

<net id="259"><net_src comp="195" pin="4"/><net_sink comp="252" pin=2"/></net>

<net id="265"><net_src comp="246" pin="2"/><net_sink comp="260" pin=0"/></net>

<net id="266"><net_src comp="240" pin="2"/><net_sink comp="260" pin=1"/></net>

<net id="267"><net_src comp="184" pin="4"/><net_sink comp="260" pin=2"/></net>

<net id="271"><net_src comp="252" pin="3"/><net_sink comp="268" pin=0"/></net>

<net id="277"><net_src comp="70" pin="0"/><net_sink comp="272" pin=0"/></net>

<net id="278"><net_src comp="260" pin="3"/><net_sink comp="272" pin=1"/></net>

<net id="279"><net_src comp="268" pin="1"/><net_sink comp="272" pin=2"/></net>

<net id="283"><net_src comp="272" pin="3"/><net_sink comp="280" pin=0"/></net>

<net id="284"><net_src comp="280" pin="1"/><net_sink comp="133" pin=2"/></net>

<net id="289"><net_src comp="252" pin="3"/><net_sink comp="285" pin=0"/></net>

<net id="290"><net_src comp="72" pin="0"/><net_sink comp="285" pin=1"/></net>

<net id="296"><net_src comp="70" pin="0"/><net_sink comp="291" pin=0"/></net>

<net id="297"><net_src comp="82" pin="0"/><net_sink comp="291" pin=2"/></net>

<net id="301"><net_src comp="291" pin="3"/><net_sink comp="298" pin=0"/></net>

<net id="309"><net_src comp="298" pin="1"/><net_sink comp="305" pin=0"/></net>

<net id="310"><net_src comp="302" pin="1"/><net_sink comp="305" pin=1"/></net>

<net id="316"><net_src comp="84" pin="0"/><net_sink comp="311" pin=0"/></net>

<net id="317"><net_src comp="305" pin="2"/><net_sink comp="311" pin=1"/></net>

<net id="318"><net_src comp="86" pin="0"/><net_sink comp="311" pin=2"/></net>

<net id="322"><net_src comp="311" pin="3"/><net_sink comp="319" pin=0"/></net>

<net id="323"><net_src comp="319" pin="1"/><net_sink comp="146" pin=2"/></net>

<net id="328"><net_src comp="305" pin="2"/><net_sink comp="324" pin=0"/></net>

<net id="329"><net_src comp="88" pin="0"/><net_sink comp="324" pin=1"/></net>

<net id="334"><net_src comp="324" pin="2"/><net_sink comp="330" pin=0"/></net>

<net id="335"><net_src comp="88" pin="0"/><net_sink comp="330" pin=1"/></net>

<net id="339"><net_src comp="330" pin="2"/><net_sink comp="336" pin=0"/></net>

<net id="340"><net_src comp="336" pin="1"/><net_sink comp="152" pin=2"/></net>

<net id="347"><net_src comp="92" pin="0"/><net_sink comp="341" pin=0"/></net>

<net id="348"><net_src comp="140" pin="3"/><net_sink comp="341" pin=1"/></net>

<net id="349"><net_src comp="94" pin="0"/><net_sink comp="341" pin=2"/></net>

<net id="350"><net_src comp="96" pin="0"/><net_sink comp="341" pin=3"/></net>

<net id="351"><net_src comp="341" pin="4"/><net_sink comp="158" pin=4"/></net>

<net id="355"><net_src comp="140" pin="3"/><net_sink comp="352" pin=0"/></net>

<net id="356"><net_src comp="352" pin="1"/><net_sink comp="158" pin=1"/></net>

<net id="360"><net_src comp="112" pin="2"/><net_sink comp="357" pin=0"/></net>

<net id="361"><net_src comp="357" pin="1"/><net_sink comp="202" pin=4"/></net>

<net id="365"><net_src comp="228" pin="2"/><net_sink comp="362" pin=0"/></net>

<net id="366"><net_src comp="362" pin="1"/><net_sink comp="173" pin=2"/></net>

<net id="370"><net_src comp="234" pin="2"/><net_sink comp="367" pin=0"/></net>

<net id="374"><net_src comp="252" pin="3"/><net_sink comp="371" pin=0"/></net>

<net id="375"><net_src comp="371" pin="1"/><net_sink comp="302" pin=0"/></net>

<net id="379"><net_src comp="260" pin="3"/><net_sink comp="376" pin=0"/></net>

<net id="380"><net_src comp="376" pin="1"/><net_sink comp="184" pin=2"/></net>

<net id="381"><net_src comp="376" pin="1"/><net_sink comp="291" pin=1"/></net>

<net id="385"><net_src comp="133" pin="3"/><net_sink comp="382" pin=0"/></net>

<net id="386"><net_src comp="382" pin="1"/><net_sink comp="140" pin=0"/></net>

<net id="390"><net_src comp="285" pin="2"/><net_sink comp="387" pin=0"/></net>

<net id="391"><net_src comp="387" pin="1"/><net_sink comp="195" pin=2"/></net>

</net_list>

</model> 
---------------- Datapath Model END ------------------

* FSMD analyzer results:
  - Output states:
	Port: n_patches | {5 6 }
	Port: tempArray | {2 5 6 }
 - Input state : 
	Port: MPSQ : ppl | {2 }
	Port: MPSQ : n_patches | {5 6 }
	Port: MPSQ : GDarray | {3 4 }
	Port: MPSQ : GDn_points | {5 6 }
	Port: MPSQ : radiiDivisionList | {5 6 }
	Port: MPSQ : trapezoid_edges_V | {5 6 }
  - Chain level:
	State 1
		call_ln609 : 1
	State 2
		store_ln607 : 1
	State 3
		add_ln624_1 : 1
		icmp_ln624 : 1
		br_ln624 : 2
		add_ln624 : 1
		icmp_ln630 : 1
		select_ln624 : 2
		select_ln624_1 : 2
		trunc_ln635 : 3
		tmp_s : 4
		zext_ln635_1 : 5
		GDarray_addr : 6
		packedCoordinates_V : 7
		add_ln630 : 3
	State 4
		tmp_cast : 1
		add_ln635 : 2
		tmp_17 : 3
		zext_ln635_2 : 4
		shl_ln635 : 3
		GDarrayDecoded_V_addr : 5
		or_ln636 : 3
		zext_ln636 : 3
		GDarrayDecoded_V_addr_1 : 4
		trunc_ln6 : 1
		store_ln635 : 6
		trunc_ln69 : 1
		store_ln636 : 5
	State 5
	State 6


============================================================
+ Verbose Summary: Datapath Resource usage 
============================================================

* Functional unit list:
|----------|-----------------------------|---------|---------|---------|---------|---------|
| Operation|       Functional Unit       |   BRAM  |   DSP   |  Delay  |    FF   |   LUT   |
|----------|-----------------------------|---------|---------|---------|---------|---------|
|   call   |  grp_solveNextColumn_fu_202 |    3    |    0    | 23.5506 |   3272  |   5736  |
|          | grp_initializeArrays_fu_220 |    0    |    0    |    0    |   150   |   455   |
|----------|-----------------------------|---------|---------|---------|---------|---------|
|          |      add_ln624_1_fu_228     |    0    |    0    |    0    |    0    |    18   |
|    add   |       add_ln624_fu_240      |    0    |    0    |    0    |    0    |    10   |
|          |       add_ln630_fu_285      |    0    |    0    |    0    |    0    |    16   |
|          |       add_ln635_fu_305      |    0    |    0    |    0    |    0    |    18   |
|----------|-----------------------------|---------|---------|---------|---------|---------|
|   icmp   |      icmp_ln624_fu_234      |    0    |    0    |    0    |    0    |    11   |
|          |      icmp_ln630_fu_246      |    0    |    0    |    0    |    0    |    11   |
|----------|-----------------------------|---------|---------|---------|---------|---------|
|  select  |     select_ln624_fu_252     |    0    |    0    |    0    |    0    |    9    |
|          |    select_ln624_1_fu_260    |    0    |    0    |    0    |    0    |    3    |
|----------|-----------------------------|---------|---------|---------|---------|---------|
|   read   |     ppl_read_read_fu_112    |    0    |    0    |    0    |    0    |    0    |
|----------|-----------------------------|---------|---------|---------|---------|---------|
|   trunc  |      trunc_ln635_fu_268     |    0    |    0    |    0    |    0    |    0    |
|          |      trunc_ln69_fu_352      |    0    |    0    |    0    |    0    |    0    |
|----------|-----------------------------|---------|---------|---------|---------|---------|
|          |         tmp_s_fu_272        |    0    |    0    |    0    |    0    |    0    |
|bitconcatenate|          tmp_fu_291         |    0    |    0    |    0    |    0    |    0    |
|          |        tmp_17_fu_311        |    0    |    0    |    0    |    0    |    0    |
|----------|-----------------------------|---------|---------|---------|---------|---------|
|          |     zext_ln635_1_fu_280     |    0    |    0    |    0    |    0    |    0    |
|          |       tmp_cast_fu_298       |    0    |    0    |    0    |    0    |    0    |
|   zext   |      zext_ln635_fu_302      |    0    |    0    |    0    |    0    |    0    |
|          |     zext_ln635_2_fu_319     |    0    |    0    |    0    |    0    |    0    |
|          |      zext_ln636_fu_336      |    0    |    0    |    0    |    0    |    0    |
|----------|-----------------------------|---------|---------|---------|---------|---------|
|    shl   |       shl_ln635_fu_324      |    0    |    0    |    0    |    0    |    0    |
|----------|-----------------------------|---------|---------|---------|---------|---------|
|    or    |       or_ln636_fu_330       |    0    |    0    |    0    |    0    |    0    |
|----------|-----------------------------|---------|---------|---------|---------|---------|
|partselect|       trunc_ln6_fu_341      |    0    |    0    |    0    |    0    |    0    |
|----------|-----------------------------|---------|---------|---------|---------|---------|
|   Total  |                             |    3    |    0    | 23.5506 |   3422  |   6287  |
|----------|-----------------------------|---------|---------|---------|---------|---------|

Memories:
+---------------------+--------+--------+--------+
|                     |  BRAM  |   FF   |   LUT  |
+---------------------+--------+--------+--------+
|   GDarrayDecoded_V  |    0   |    0   |    0   |
| patches_parameters_V|    0   |    0   |    0   |
|patches_superpoints_V|    0   |    0   |    0   |
|  radiiDivisionList  |    0   |   64   |   65   |
|  trapezoid_edges_V  |    0   |   32   |   33   |
+---------------------+--------+--------+--------+
|        Total        |    0   |   96   |   98   |
+---------------------+--------+--------+--------+

* Register list:
+----------------------+--------+
|                      |   FF   |
+----------------------+--------+
| GDarray_addr_reg_382 |   11   |
|       a_reg_180      |    3   |
|  add_ln624_1_reg_362 |   11   |
|   add_ln630_reg_387  |    9   |
|       b_reg_191      |    9   |
|  icmp_ln624_reg_367  |    1   |
|indvar_flatten_reg_169|   11   |
|   ppl_read_reg_357   |   32   |
|select_ln624_1_reg_376|    3   |
| select_ln624_reg_371 |    9   |
+----------------------+--------+
|         Total        |   99   |
+----------------------+--------+

* Multiplexer (MUX) list: 
|-------------------|------|------|------|--------||---------||---------|
|        Comp       |  Pin | Size |  BW  | S x BW ||  Delay  ||   LUT   |
|-------------------|------|------|------|--------||---------||---------|
| grp_access_fu_140 |  p0  |   2  |  11  |   22   ||    9    |
|-------------------|------|------|------|--------||---------||---------|
|       Total       |      |      |      |   22   ||  0.387  ||    9    |
|-------------------|------|------|------|--------||---------||---------|



* Summary:
+-----------+--------+--------+--------+--------+--------+
|           |  BRAM  |   DSP  |  Delay |   FF   |   LUT  |
+-----------+--------+--------+--------+--------+--------+
|  Function |    3   |    0   |   23   |  3422  |  6287  |
|   Memory  |    0   |    -   |    -   |   96   |   98   |
|Multiplexer|    -   |    -   |    0   |    -   |    9   |
|  Register |    -   |    -   |    -   |   99   |    -   |
+-----------+--------+--------+--------+--------+--------+
|   Total   |    3   |    0   |   23   |  3617  |  6394  |
+-----------+--------+--------+--------+--------+--------+
