

================================================================
== Vitis HLS Report for 'mSP_findStartIndex'
================================================================
* Date:           Tue Jul 30 23:06:08 2024

* Version:        2020.2 (Build 3064766 on Wed Nov 18 09:12:45 MST 2020)
* Project:        PatchMaker_tanishGit
* Solution:       solutionSC4 (Vivado IP Flow Target)
* Product family: virtexuplus
* Target device:  xcvu19p-fsvb3824-2-e


================================================================
== Performance Estimates
================================================================
+ Timing: 
    * Summary: 
    +--------+----------+----------+------------+
    |  Clock |  Target  | Estimated| Uncertainty|
    +--------+----------+----------+------------+
    |ap_clk  |  10.00 ns|  4.463 ns|     2.70 ns|
    +--------+----------+----------+------------+

+ Latency: 
    * Summary: 
    +---------+---------+----------+----------+-----+-----+---------+
    |  Latency (cycles) |  Latency (absolute) |  Interval | Pipeline|
    |   min   |   max   |    min   |    max   | min | max |   Type  |
    +---------+---------+----------+----------+-----+-----+---------+
    |        ?|        ?|         ?|         ?|    ?|    ?|     none|
    +---------+---------+----------+----------+-----+-----+---------+

    + Detail: 
        * Instance: 
        N/A

        * Loop: 
        +---------------------------------+---------+---------+----------+-----------+-----------+------+----------+
        |                                 |  Latency (cycles) | Iteration|  Initiation Interval  | Trip |          |
        |            Loop Name            |   min   |   max   |  Latency |  achieved |   target  | Count| Pipelined|
        +---------------------------------+---------+---------+----------+-----------+-----------+------+----------+
        |- mSP_findStartIndex_startValue  |        ?|        ?|         2|          1|          1|     ?|       yes|
        +---------------------------------+---------+---------+----------+-----------+-----------+------+----------+

============================================================
+ Verbose Summary: Synthesis Manager
============================================================
InlineROM: 1
ExposeGlobal: 0
============================================================
+ Verbose Summary: CDFG Model
============================================================
IsTopModel: 0
ResetActiveHigh: 1
IsCombinational: 0
IsDatapathOnly: 0
HasWiredReturn: 1
HasMFsm: 0
HasVarLatency: 1
IsPipeline: 0
IsRtlPipelined: 0
IsInstanceOverlapped: 0
IsDontTouch: 0
HasImplIP: 0
IsGatedGlobalClock: 0

+ Individual pipeline summary: 
  * Pipeline-0: initiation interval (II) = 1, depth = 2


============================================================
+ Verbose Summary: Schedule
============================================================
* Number of FSM states : 4
* Pipeline : 1
  Pipeline-0 : II = 1, D = 2, States = { 2 3 }
* Dataflow Pipeline: 0

* FSM state transitions: 
1 --> 2 
2 --> 4 3 
3 --> 2 
4 --> 

* FSM state operations: 

State 1 <SV = 0> <Delay = 0.38>
ST_1 : Operation 5 [1/1] (0.00ns)   --->   "%projectionToRow_read = read i33 @_ssdm_op_Read.ap_auto.i33, i33 %projectionToRow"   --->   Operation 5 'read' 'projectionToRow_read' <Predicate = true> <Delay = 0.00>
ST_1 : Operation 6 [1/1] (0.00ns)   --->   "%row_list_size_read = read i32 @_ssdm_op_Read.ap_auto.i32, i32 %row_list_size"   --->   Operation 6 'read' 'row_list_size_read' <Predicate = true> <Delay = 0.00>
ST_1 : Operation 7 [1/1] (0.00ns)   --->   "%projectionToRow_cast = sext i33 %projectionToRow_read"   --->   Operation 7 'sext' 'projectionToRow_cast' <Predicate = true> <Delay = 0.00>
ST_1 : Operation 8 [1/1] (0.38ns)   --->   "%br_ln1721 = br void" [patchMaker.cpp:1721]   --->   Operation 8 'br' 'br_ln1721' <Predicate = true> <Delay = 0.38>

State 2 <SV = 1> <Delay = 1.19>
ST_2 : Operation 9 [1/1] (0.00ns)   --->   "%start_index_write_assign = phi i32 0, void %.lr.ph, i32 %select_ln1723, void %.split" [patchMaker.cpp:1723]   --->   Operation 9 'phi' 'start_index_write_assign' <Predicate = true> <Delay = 0.00>
ST_2 : Operation 10 [1/1] (0.00ns)   --->   "%start_value_write_assign = phi i64 9223372036854775807, void %.lr.ph, i64 %select_ln1723_1, void %.split" [patchMaker.cpp:1723]   --->   Operation 10 'phi' 'start_value_write_assign' <Predicate = true> <Delay = 0.00>
ST_2 : Operation 11 [1/1] (0.00ns)   --->   "%j = phi i32 0, void %.lr.ph, i32 %add_ln1721, void %.split" [patchMaker.cpp:1725]   --->   Operation 11 'phi' 'j' <Predicate = true> <Delay = 0.00>
ST_2 : Operation 12 [1/1] (0.00ns)   --->   "%p_x_assign_1 = phi i64 9223372036854775807, void %.lr.ph, i64 %select_ln1723_2, void %.split" [patchMaker.cpp:1723]   --->   Operation 12 'phi' 'p_x_assign_1' <Predicate = true> <Delay = 0.00>
ST_2 : Operation 13 [1/1] (0.88ns)   --->   "%add_ln1721 = add i32 %j, i32 1" [patchMaker.cpp:1721]   --->   Operation 13 'add' 'add_ln1721' <Predicate = true> <Delay = 0.88> <CoreInst = "Adder">   --->   Core 1 'Adder' <Latency = 0> <II = 1> <Delay = 1.14> <FuncUnit> <Opcode : 'add' 'sub'> <InPorts = 2> <OutPorts = 1>
ST_2 : Operation 14 [1/1] (0.00ns)   --->   "%specpipeline_ln0 = specpipeline void @_ssdm_op_SpecPipeline, i32 4294967295, i32 0, i32 1, i32 0, void @p_str"   --->   Operation 14 'specpipeline' 'specpipeline_ln0' <Predicate = true> <Delay = 0.00>
ST_2 : Operation 15 [1/1] (0.85ns)   --->   "%icmp_ln1721 = icmp_eq  i32 %j, i32 %row_list_size_read" [patchMaker.cpp:1721]   --->   Operation 15 'icmp' 'icmp_ln1721' <Predicate = true> <Delay = 0.85> <CoreInst = "Cmp">   --->   Core 9 'Cmp' <Latency = 0> <II = 1> <Delay = 1.06> <FuncUnit> <Opcode : 'icmp'> <InPorts = 2> <OutPorts = 1>
ST_2 : Operation 16 [1/1] (0.00ns)   --->   "%br_ln1721 = br i1 %icmp_ln1721, void %.split, void %._crit_edge.loopexit" [patchMaker.cpp:1721]   --->   Operation 16 'br' 'br_ln1721' <Predicate = true> <Delay = 0.00>
ST_2 : Operation 17 [1/1] (0.00ns)   --->   "%trunc_ln1725_cast = zext i32 %j" [patchMaker.cpp:1725]   --->   Operation 17 'zext' 'trunc_ln1725_cast' <Predicate = (!icmp_ln1721)> <Delay = 0.00>
ST_2 : Operation 18 [1/1] (0.00ns)   --->   "%row_list_addr = getelementptr i32 %row_list, i64 0, i64 %trunc_ln1725_cast"   --->   Operation 18 'getelementptr' 'row_list_addr' <Predicate = (!icmp_ln1721)> <Delay = 0.00>
ST_2 : Operation 19 [2/2] (1.19ns)   --->   "%row_list_load = load i8 %row_list_addr"   --->   Operation 19 'load' 'row_list_load' <Predicate = (!icmp_ln1721)> <Delay = 1.19> <CoreInst = "RAM">   --->   Core 83 'RAM' <Latency = 1> <II = 1> <Delay = 1.19> <Storage> <Opcode : 'load' 'store'> <Ports = 2> <Width = 32> <Depth = 256> <RAM>

State 3 <SV = 2> <Delay = 4.46>
ST_3 : Operation 20 [1/1] (0.00ns)   --->   "%specloopname_ln1721 = specloopname void @_ssdm_op_SpecLoopName, void @empty_13" [patchMaker.cpp:1721]   --->   Operation 20 'specloopname' 'specloopname_ln1721' <Predicate = (!icmp_ln1721)> <Delay = 0.00>
ST_3 : Operation 21 [1/2] (1.19ns)   --->   "%row_list_load = load i8 %row_list_addr"   --->   Operation 21 'load' 'row_list_load' <Predicate = (!icmp_ln1721)> <Delay = 1.19> <CoreInst = "RAM">   --->   Core 83 'RAM' <Latency = 1> <II = 1> <Delay = 1.19> <Storage> <Opcode : 'load' 'store'> <Ports = 2> <Width = 32> <Depth = 256> <RAM>
ST_3 : Operation 22 [1/1] (0.00ns)   --->   "%sext_ln1347 = sext i32 %row_list_load"   --->   Operation 22 'sext' 'sext_ln1347' <Predicate = (!icmp_ln1721)> <Delay = 0.00>
ST_3 : Operation 23 [1/1] (0.89ns)   --->   "%sub_ln534 = sub i34 %sext_ln1347, i34 %projectionToRow_cast"   --->   Operation 23 'sub' 'sub_ln534' <Predicate = (!icmp_ln1721)> <Delay = 0.89> <CoreInst = "Adder">   --->   Core 1 'Adder' <Latency = 0> <II = 1> <Delay = 1.14> <FuncUnit> <Opcode : 'add' 'sub'> <InPorts = 2> <OutPorts = 1>
ST_3 : Operation 24 [1/1] (0.00ns)   --->   "%sext_ln180 = sext i34 %sub_ln534" [C:/Xilinx/Vitis_HLS/2020.2/tps/mingw/6.2.0/win64.o/nt\lib\gcc\x86_64-w64-mingw32\6.2.0\include\c++\cstdlib:180]   --->   Operation 24 'sext' 'sext_ln180' <Predicate = (!icmp_ln1721)> <Delay = 0.00>
ST_3 : Operation 25 [1/1] (0.90ns)   --->   "%sub_ln180 = sub i34 0, i34 %sub_ln534" [C:/Xilinx/Vitis_HLS/2020.2/tps/mingw/6.2.0/win64.o/nt\lib\gcc\x86_64-w64-mingw32\6.2.0\include\c++\cstdlib:180]   --->   Operation 25 'sub' 'sub_ln180' <Predicate = (!icmp_ln1721)> <Delay = 0.90> <CoreInst = "Adder">   --->   Core 1 'Adder' <Latency = 0> <II = 1> <Delay = 1.14> <FuncUnit> <Opcode : 'add' 'sub'> <InPorts = 2> <OutPorts = 1>
ST_3 : Operation 26 [1/1] (0.00ns) (grouped into LUT with out node icmp_ln1723)   --->   "%tmp = bitselect i1 @_ssdm_op_BitSelect.i1.i34.i32, i34 %sub_ln534, i32 33" [C:/Xilinx/Vitis_HLS/2020.2/tps/mingw/6.2.0/win64.o/nt\lib\gcc\x86_64-w64-mingw32\6.2.0\include\c++\cstdlib:180]   --->   Operation 26 'bitselect' 'tmp' <Predicate = (!icmp_ln1721)> <Delay = 0.00>
ST_3 : Operation 27 [1/1] (0.00ns) (grouped into LUT with out node icmp_ln1723)   --->   "%select_ln180 = select i1 %tmp, i34 %sub_ln180, i34 %sub_ln534" [C:/Xilinx/Vitis_HLS/2020.2/tps/mingw/6.2.0/win64.o/nt\lib\gcc\x86_64-w64-mingw32\6.2.0\include\c++\cstdlib:180]   --->   Operation 27 'select' 'select_ln180' <Predicate = (!icmp_ln1721)> <Delay = 0.00> <CoreInst = "Sel">   --->   Core 73 'Sel' <Latency = 0> <II = 1> <Delay = 0.41> <FuncUnit> <Opcode : 'select'> <InPorts = 3> <OutPorts = 1>
ST_3 : Operation 28 [1/1] (0.00ns) (grouped into LUT with out node icmp_ln1723)   --->   "%sext_ln180_1 = sext i34 %select_ln180" [C:/Xilinx/Vitis_HLS/2020.2/tps/mingw/6.2.0/win64.o/nt\lib\gcc\x86_64-w64-mingw32\6.2.0\include\c++\cstdlib:180]   --->   Operation 28 'sext' 'sext_ln180_1' <Predicate = (!icmp_ln1721)> <Delay = 0.00>
ST_3 : Operation 29 [1/1] (1.14ns)   --->   "%sub_ln180_1 = sub i64 0, i64 %p_x_assign_1" [C:/Xilinx/Vitis_HLS/2020.2/tps/mingw/6.2.0/win64.o/nt\lib\gcc\x86_64-w64-mingw32\6.2.0\include\c++\cstdlib:180]   --->   Operation 29 'sub' 'sub_ln180_1' <Predicate = (!icmp_ln1721)> <Delay = 1.14> <CoreInst = "Adder">   --->   Core 1 'Adder' <Latency = 0> <II = 1> <Delay = 1.14> <FuncUnit> <Opcode : 'add' 'sub'> <InPorts = 2> <OutPorts = 1>
ST_3 : Operation 30 [1/1] (0.00ns) (grouped into LUT with out node icmp_ln1723)   --->   "%tmp_2 = bitselect i1 @_ssdm_op_BitSelect.i1.i64.i32, i64 %p_x_assign_1, i32 63" [C:/Xilinx/Vitis_HLS/2020.2/tps/mingw/6.2.0/win64.o/nt\lib\gcc\x86_64-w64-mingw32\6.2.0\include\c++\cstdlib:180]   --->   Operation 30 'bitselect' 'tmp_2' <Predicate = (!icmp_ln1721)> <Delay = 0.00>
ST_3 : Operation 31 [1/1] (0.00ns) (grouped into LUT with out node icmp_ln1723)   --->   "%select_ln180_1 = select i1 %tmp_2, i64 %sub_ln180_1, i64 %p_x_assign_1" [C:/Xilinx/Vitis_HLS/2020.2/tps/mingw/6.2.0/win64.o/nt\lib\gcc\x86_64-w64-mingw32\6.2.0\include\c++\cstdlib:180]   --->   Operation 31 'select' 'select_ln180_1' <Predicate = (!icmp_ln1721)> <Delay = 0.00> <CoreInst = "Sel">   --->   Core 73 'Sel' <Latency = 0> <II = 1> <Delay = 0.41> <FuncUnit> <Opcode : 'select'> <InPorts = 3> <OutPorts = 1>
ST_3 : Operation 32 [1/1] (1.06ns) (out node of the LUT)   --->   "%icmp_ln1723 = icmp_slt  i64 %sext_ln180_1, i64 %select_ln180_1" [patchMaker.cpp:1723]   --->   Operation 32 'icmp' 'icmp_ln1723' <Predicate = (!icmp_ln1721)> <Delay = 1.06> <CoreInst = "Cmp">   --->   Core 9 'Cmp' <Latency = 0> <II = 1> <Delay = 1.06> <FuncUnit> <Opcode : 'icmp'> <InPorts = 2> <OutPorts = 1>
ST_3 : Operation 33 [1/1] (0.22ns)   --->   "%select_ln1723 = select i1 %icmp_ln1723, i32 %j, i32 %start_index_write_assign" [patchMaker.cpp:1723]   --->   Operation 33 'select' 'select_ln1723' <Predicate = (!icmp_ln1721)> <Delay = 0.22> <CoreInst = "Sel">   --->   Core 73 'Sel' <Latency = 0> <II = 1> <Delay = 0.41> <FuncUnit> <Opcode : 'select'> <InPorts = 3> <OutPorts = 1>
ST_3 : Operation 34 [1/1] (0.41ns)   --->   "%select_ln1723_1 = select i1 %icmp_ln1723, i64 %sext_ln180, i64 %start_value_write_assign" [patchMaker.cpp:1723]   --->   Operation 34 'select' 'select_ln1723_1' <Predicate = (!icmp_ln1721)> <Delay = 0.41> <CoreInst = "Sel">   --->   Core 73 'Sel' <Latency = 0> <II = 1> <Delay = 0.41> <FuncUnit> <Opcode : 'select'> <InPorts = 3> <OutPorts = 1>
ST_3 : Operation 35 [1/1] (0.41ns)   --->   "%select_ln1723_2 = select i1 %icmp_ln1723, i64 %sext_ln180, i64 %p_x_assign_1" [patchMaker.cpp:1723]   --->   Operation 35 'select' 'select_ln1723_2' <Predicate = (!icmp_ln1721)> <Delay = 0.41> <CoreInst = "Sel">   --->   Core 73 'Sel' <Latency = 0> <II = 1> <Delay = 0.41> <FuncUnit> <Opcode : 'select'> <InPorts = 3> <OutPorts = 1>
ST_3 : Operation 36 [1/1] (0.00ns)   --->   "%br_ln0 = br void"   --->   Operation 36 'br' 'br_ln0' <Predicate = (!icmp_ln1721)> <Delay = 0.00>

State 4 <SV = 2> <Delay = 0.00>
ST_4 : Operation 37 [1/1] (0.00ns)   --->   "%mrv = insertvalue i96 <undef>, i32 %start_index_write_assign" [patchMaker.cpp:1729]   --->   Operation 37 'insertvalue' 'mrv' <Predicate = true> <Delay = 0.00>
ST_4 : Operation 38 [1/1] (0.00ns)   --->   "%mrv_1 = insertvalue i96 %mrv, i64 %start_value_write_assign" [patchMaker.cpp:1729]   --->   Operation 38 'insertvalue' 'mrv_1' <Predicate = true> <Delay = 0.00>
ST_4 : Operation 39 [1/1] (0.00ns)   --->   "%ret_ln1729 = ret i96 %mrv_1" [patchMaker.cpp:1729]   --->   Operation 39 'ret' 'ret_ln1729' <Predicate = true> <Delay = 0.00>


============================================================
+ Verbose Summary: Timing violations
============================================================
Target clock period: 10ns, clock uncertainty: 2.7ns.

 <State 1>: 0.387ns
The critical path consists of the following:
	multiplexor before 'phi' operation ('start_index', patchMaker.cpp:1723) with incoming values : ('select_ln1723', patchMaker.cpp:1723) [9]  (0.387 ns)

 <State 2>: 1.2ns
The critical path consists of the following:
	'phi' operation ('j', patchMaker.cpp:1725) with incoming values : ('add_ln1721', patchMaker.cpp:1721) [11]  (0 ns)
	'getelementptr' operation ('row_list_addr') [20]  (0 ns)
	'load' operation ('row_list_load') on array 'row_list' [21]  (1.2 ns)

 <State 3>: 4.46ns
The critical path consists of the following:
	'load' operation ('row_list_load') on array 'row_list' [21]  (1.2 ns)
	'sub' operation ('__x') [23]  (0.89 ns)
	'sub' operation ('sub_ln180', C:/Xilinx/Vitis_HLS/2020.2/tps/mingw/6.2.0/win64.o/nt\lib\gcc\x86_64-w64-mingw32\6.2.0\include\c++\cstdlib:180) [25]  (0.901 ns)
	'select' operation ('select_ln180', C:/Xilinx/Vitis_HLS/2020.2/tps/mingw/6.2.0/win64.o/nt\lib\gcc\x86_64-w64-mingw32\6.2.0\include\c++\cstdlib:180) [27]  (0 ns)
	'icmp' operation ('icmp_ln1723', patchMaker.cpp:1723) [32]  (1.06 ns)
	'select' operation ('select_ln1723_1', patchMaker.cpp:1723) [34]  (0.411 ns)

 <State 4>: 0ns
The critical path consists of the following:


============================================================
+ Verbose Summary: Binding
============================================================
N/A
* FSMD analyzer results:
  - Output states:
 - Input state : 
  - Chain level:
	State 1
	State 2
	State 3
	State 4


============================================================
+ Verbose Summary: Datapath Resource usage 
============================================================
N/A
