

================================================================
== Vitis HLS Report for 'solveNextColumn'
================================================================
* Date:           Thu Aug  1 00:47:47 2024

* Version:        2020.2 (Build 3064766 on Wed Nov 18 09:12:45 MST 2020)
* Project:        PatchMaker_tanishGit
* Solution:       solutionSC4 (Vivado IP Flow Target)
* Product family: virtexuplus
* Target device:  xcvu19p-fsvb3824-2-e


================================================================
== Performance Estimates
================================================================
+ Timing: 
    * Summary: 
    +--------+---------+----------+------------+
    |  Clock |  Target | Estimated| Uncertainty|
    +--------+---------+----------+------------+
    |ap_clk  |  3.00 ns|  2.190 ns|     0.81 ns|
    +--------+---------+----------+------------+

+ Latency: 
    * Summary: 
    +---------+---------+----------+----------+-----+-----+---------+
    |  Latency (cycles) |  Latency (absolute) |  Interval | Pipeline|
    |   min   |   max   |    min   |    max   | min | max |   Type  |
    +---------+---------+----------+----------+-----+-----+---------+
    |        ?|        ?|         ?|         ?|    ?|    ?|     none|
    +---------+---------+----------+----------+-----+-----+---------+

    + Detail: 
        * Instance: 
        N/A

        * Loop: 
        +------------------------+---------+---------+----------+-----------+-----------+------+----------+
        |                        |  Latency (cycles) | Iteration|  Initiation Interval  | Trip |          |
        |        Loop Name       |   min   |   max   |  Latency |  achieved |   target  | Count| Pipelined|
        +------------------------+---------+---------+----------+-----------+-----------+------+----------+
        |- solveNextColumn_loop  |        ?|        ?|         ?|          -|          -|     ?|        no|
        +------------------------+---------+---------+----------+-----------+-----------+------+----------+

============================================================
+ Verbose Summary: Synthesis Manager
============================================================
InlineROM: 1
ExposeGlobal: 0
============================================================
+ Verbose Summary: CDFG Model
============================================================
IsTopModel: 0
ResetActiveHigh: 1
IsCombinational: 0
IsDatapathOnly: 0
HasWiredReturn: 1
HasMFsm: 0
HasVarLatency: 1
IsPipeline: 0
IsRtlPipelined: 0
IsInstanceOverlapped: 0
IsDontTouch: 0
HasImplIP: 0
IsGatedGlobalClock: 0


============================================================
+ Verbose Summary: Schedule
============================================================
* Number of FSM states : 11
* Pipeline : 0
* Dataflow Pipeline: 0

* FSM state transitions: 
1 --> 2 
2 --> 3 9 
3 --> 4 
4 --> 5 
5 --> 6 
6 --> 7 
7 --> 8 
8 --> 9 
9 --> 10 
10 --> 11 
11 --> 10 

* FSM state operations: 

State 1 <SV = 0> <Delay = 0.58>
ST_1 : Operation 12 [1/1] (0.00ns)   --->   "%n_patches_read = read i8 @_ssdm_op_Read.ap_auto.i8P0A, i8 %n_patches" [patchMaker.cpp:752]   --->   Operation 12 'read' 'n_patches_read' <Predicate = true> <Delay = 0.00>
ST_1 : Operation 13 [1/1] (0.58ns)   --->   "%icmp_ln752 = icmp_eq  i8 %n_patches_read, i8 0" [patchMaker.cpp:752]   --->   Operation 13 'icmp' 'icmp_ln752' <Predicate = true> <Delay = 0.58> <CoreInst = "Cmp">   --->   Core 9 'Cmp' <Latency = 0> <II = 1> <Delay = 0.85> <FuncUnit> <Opcode : 'icmp'> <InPorts = 2> <OutPorts = 1>

State 2 <SV = 1> <Delay = 1.63>
ST_2 : Operation 14 [1/1] (0.00ns)   --->   "%ppl_read = read i32 @_ssdm_op_Read.ap_auto.i32, i32 %ppl"   --->   Operation 14 'read' 'ppl_read' <Predicate = true> <Delay = 0.00>
ST_2 : Operation 15 [1/1] (0.00ns)   --->   "%apexZ0_read = read i32 @_ssdm_op_Read.ap_auto.i32, i32 %apexZ0"   --->   Operation 15 'read' 'apexZ0_read' <Predicate = true> <Delay = 0.00>
ST_2 : Operation 16 [1/1] (0.00ns)   --->   "%specinterface_ln0 = specinterface void @_ssdm_op_SpecInterface, i32 %GDn_points, void @empty_13, i32 0, i32 0, void @empty_2, i32 4294967295, i32 0, void @empty_2, void @empty_2, void @empty_2, i32 0, i32 0, i32 0, i32 0, void @empty_2, void @empty_2"   --->   Operation 16 'specinterface' 'specinterface_ln0' <Predicate = true> <Delay = 0.00>
ST_2 : Operation 17 [1/1] (0.38ns)   --->   "%br_ln752 = br i1 %icmp_ln752, void, void %._crit_edge.preheader" [patchMaker.cpp:752]   --->   Operation 17 'br' 'br_ln752' <Predicate = true> <Delay = 0.38>
ST_2 : Operation 18 [7/7] (1.63ns)   --->   "%op2_V = call i32 @straightLineProjectorFromLayerIJtoK, i32 4279967296, i32 %apexZ0_read, i3 0, i3 1, i3 5, i35 %radiiDivisionList" [patchMaker.cpp:754]   --->   Operation 18 'call' 'op2_V' <Predicate = (!icmp_ln752)> <Delay = 1.63> <CoreType = "Generic">   --->   Core 0 '' <Latency = 0> <II = 1> <Delay = 1.00> <Generic> <Opcode : >

State 3 <SV = 2> <Delay = 2.10>
ST_3 : Operation 19 [6/7] (2.10ns)   --->   "%op2_V = call i32 @straightLineProjectorFromLayerIJtoK, i32 4279967296, i32 %apexZ0_read, i3 0, i3 1, i3 5, i35 %radiiDivisionList" [patchMaker.cpp:754]   --->   Operation 19 'call' 'op2_V' <Predicate = true> <Delay = 2.10> <CoreType = "Generic">   --->   Core 0 '' <Latency = 0> <II = 1> <Delay = 1.00> <Generic> <Opcode : >

State 4 <SV = 3> <Delay = 2.10>
ST_4 : Operation 20 [5/7] (2.10ns)   --->   "%op2_V = call i32 @straightLineProjectorFromLayerIJtoK, i32 4279967296, i32 %apexZ0_read, i3 0, i3 1, i3 5, i35 %radiiDivisionList" [patchMaker.cpp:754]   --->   Operation 20 'call' 'op2_V' <Predicate = true> <Delay = 2.10> <CoreType = "Generic">   --->   Core 0 '' <Latency = 0> <II = 1> <Delay = 1.00> <Generic> <Opcode : >

State 5 <SV = 4> <Delay = 2.10>
ST_5 : Operation 21 [4/7] (2.10ns)   --->   "%op2_V = call i32 @straightLineProjectorFromLayerIJtoK, i32 4279967296, i32 %apexZ0_read, i3 0, i3 1, i3 5, i35 %radiiDivisionList" [patchMaker.cpp:754]   --->   Operation 21 'call' 'op2_V' <Predicate = true> <Delay = 2.10> <CoreType = "Generic">   --->   Core 0 '' <Latency = 0> <II = 1> <Delay = 1.00> <Generic> <Opcode : >

State 6 <SV = 5> <Delay = 2.10>
ST_6 : Operation 22 [3/7] (2.10ns)   --->   "%op2_V = call i32 @straightLineProjectorFromLayerIJtoK, i32 4279967296, i32 %apexZ0_read, i3 0, i3 1, i3 5, i35 %radiiDivisionList" [patchMaker.cpp:754]   --->   Operation 22 'call' 'op2_V' <Predicate = true> <Delay = 2.10> <CoreType = "Generic">   --->   Core 0 '' <Latency = 0> <II = 1> <Delay = 1.00> <Generic> <Opcode : >

State 7 <SV = 6> <Delay = 2.10>
ST_7 : Operation 23 [2/7] (2.10ns)   --->   "%op2_V = call i32 @straightLineProjectorFromLayerIJtoK, i32 4279967296, i32 %apexZ0_read, i3 0, i3 1, i3 5, i35 %radiiDivisionList" [patchMaker.cpp:754]   --->   Operation 23 'call' 'op2_V' <Predicate = true> <Delay = 2.10> <CoreType = "Generic">   --->   Core 0 '' <Latency = 0> <II = 1> <Delay = 1.00> <Generic> <Opcode : >

State 8 <SV = 7> <Delay = 1.10>
ST_8 : Operation 24 [1/7] (1.10ns)   --->   "%op2_V = call i32 @straightLineProjectorFromLayerIJtoK, i32 4279967296, i32 %apexZ0_read, i3 0, i3 1, i3 5, i35 %radiiDivisionList" [patchMaker.cpp:754]   --->   Operation 24 'call' 'op2_V' <Predicate = true> <Delay = 1.10> <CoreType = "Generic">   --->   Core 0 '' <Latency = 0> <II = 1> <Delay = 1.00> <Generic> <Opcode : >

State 9 <SV = 8> <Delay = 1.47>
ST_9 : Operation 25 [1/1] (0.85ns)   --->   "%icmp_ln878 = icmp_sgt  i32 %op2_V, i32 50000000"   --->   Operation 25 'icmp' 'icmp_ln878' <Predicate = (!icmp_ln752)> <Delay = 0.85> <CoreInst = "Cmp">   --->   Core 9 'Cmp' <Latency = 0> <II = 1> <Delay = 0.85> <FuncUnit> <Opcode : 'icmp'> <InPorts = 2> <OutPorts = 1>
ST_9 : Operation 26 [1/1] (0.22ns)   --->   "%select_ln754 = select i1 %icmp_ln878, i32 50000000, i32 %op2_V" [patchMaker.cpp:754]   --->   Operation 26 'select' 'select_ln754' <Predicate = (!icmp_ln752)> <Delay = 0.22> <CoreInst = "Sel">   --->   Core 73 'Sel' <Latency = 0> <II = 1> <Delay = 0.22> <FuncUnit> <Opcode : 'select'> <InPorts = 3> <OutPorts = 1>
ST_9 : Operation 27 [1/1] (0.38ns)   --->   "%br_ln754 = br void %._crit_edge.preheader" [patchMaker.cpp:754]   --->   Operation 27 'br' 'br_ln754' <Predicate = (!icmp_ln752)> <Delay = 0.38>
ST_9 : Operation 28 [1/1] (0.00ns)   --->   "%z_top_max_V_16_ph = phi i32 50000000, void, i32 %select_ln754, void" [patchMaker.cpp:754]   --->   Operation 28 'phi' 'z_top_max_V_16_ph' <Predicate = true> <Delay = 0.00>
ST_9 : Operation 29 [1/1] (0.38ns)   --->   "%br_ln761 = br void %._crit_edge" [patchMaker.cpp:761]   --->   Operation 29 'br' 'br_ln761' <Predicate = true> <Delay = 0.38>

State 10 <SV = 9> <Delay = 1.94>
ST_10 : Operation 30 [1/1] (0.00ns)   --->   "%z_top_max_V_16 = phi i32 %z_top_max_V, void, i32 %z_top_max_V_16_ph, void %._crit_edge.preheader"   --->   Operation 30 'phi' 'z_top_max_V_16' <Predicate = true> <Delay = 0.00>
ST_10 : Operation 31 [1/1] (0.00ns)   --->   "%c_corner_V_0 = phi i32 %c_corner_V, void, i32 4294967295, void %._crit_edge.preheader"   --->   Operation 31 'phi' 'c_corner_V_0' <Predicate = true> <Delay = 0.00>
ST_10 : Operation 32 [1/1] (0.00ns)   --->   "%complementary_apexZ0_V_0 = phi i32 %complementary_apexZ0_V, void, i32 0, void %._crit_edge.preheader"   --->   Operation 32 'phi' 'complementary_apexZ0_V_0' <Predicate = true> <Delay = 0.00>
ST_10 : Operation 33 [1/1] (0.00ns)   --->   "%z_top_min_V_0 = phi i32 %z_top_min_V, void, i32 4244967296, void %._crit_edge.preheader"   --->   Operation 33 'phi' 'z_top_min_V_0' <Predicate = true> <Delay = 0.00>
ST_10 : Operation 34 [1/1] (0.00ns)   --->   "%nPatchesInColumn_0 = phi i32 %nPatchesInColumn, void, i32 0, void %._crit_edge.preheader"   --->   Operation 34 'phi' 'nPatchesInColumn_0' <Predicate = true> <Delay = 0.00>
ST_10 : Operation 35 [1/1] (0.00ns)   --->   "%projectionOfCornerToBeam_V_0 = phi i32 %projectionOfCornerToBeam_V, void, i32 0, void %._crit_edge.preheader"   --->   Operation 35 'phi' 'projectionOfCornerToBeam_V_0' <Predicate = true> <Delay = 0.00>
ST_10 : Operation 36 [1/1] (0.00ns)   --->   "%saved_apexZ0_buf_0 = phi i32 %saved_apexZ0_ret, void, i32 %apexZ0_read, void %._crit_edge.preheader" [patchMaker.cpp:768]   --->   Operation 36 'phi' 'saved_apexZ0_buf_0' <Predicate = true> <Delay = 0.00>
ST_10 : Operation 37 [1/1] (0.00ns)   --->   "%loopCounter = phi i32 %loopCounter_1, void, i32 0, void %._crit_edge.preheader"   --->   Operation 37 'phi' 'loopCounter' <Predicate = true> <Delay = 0.00>
ST_10 : Operation 38 [1/1] (0.98ns)   --->   "%tmp = call i1 @getSolveNextColumnWhileConditional, i32 %c_corner_V_0, i32 %nPatchesInColumn_0, i32 %projectionOfCornerToBeam_V_0" [patchMaker.cpp:766]   --->   Operation 38 'call' 'tmp' <Predicate = true> <Delay = 0.98> <CoreType = "Generic">   --->   Core 0 '' <Latency = 0> <II = 1> <Delay = 1.00> <Generic> <Opcode : >
ST_10 : Operation 39 [1/1] (0.88ns)   --->   "%loopCounter_1 = add i32 %loopCounter, i32 1" [patchMaker.cpp:777]   --->   Operation 39 'add' 'loopCounter_1' <Predicate = true> <Delay = 0.88> <CoreInst = "Adder">   --->   Core 1 'Adder' <Latency = 0> <II = 1> <Delay = 0.88> <FuncUnit> <Opcode : 'add' 'sub'> <InPorts = 2> <OutPorts = 1>
ST_10 : Operation 40 [1/1] (0.38ns)   --->   "%br_ln766 = br i1 %tmp, void %.loopexit, void" [patchMaker.cpp:766]   --->   Operation 40 'br' 'br_ln766' <Predicate = true> <Delay = 0.38>
ST_10 : Operation 41 [2/2] (0.96ns)   --->   "%call_ret = call i224 @solveNextPatchPair, i8 %n_patches, i32 %GDn_points, i32 %apexZ0_read, i32 %ppl_read, i32 %nPatchesInColumn_0, i32 %z_top_min_V_0, i32 %z_top_max_V_16, i32 %complementary_apexZ0_V_0, i32 %GDarrayDecoded, i64 %patches_superpoints, i32 %patches_parameters, i35 %radiiDivisionList, i26 %trapezoid_edges_V" [patchMaker.cpp:768]   --->   Operation 41 'call' 'call_ret' <Predicate = (tmp)> <Delay = 0.96> <CoreType = "Generic">   --->   Core 0 '' <Latency = 0> <II = 1> <Delay = 1.00> <Generic> <Opcode : >
ST_10 : Operation 42 [1/1] (0.85ns)   --->   "%icmp_ln772 = icmp_sgt  i32 %loopCounter, i32 25" [patchMaker.cpp:772]   --->   Operation 42 'icmp' 'icmp_ln772' <Predicate = (tmp)> <Delay = 0.85> <CoreInst = "Cmp">   --->   Core 9 'Cmp' <Latency = 0> <II = 1> <Delay = 0.85> <FuncUnit> <Opcode : 'icmp'> <InPorts = 2> <OutPorts = 1>

State 11 <SV = 10> <Delay = 0.38>
ST_11 : Operation 43 [1/1] (0.00ns)   --->   "%specloopname_ln768 = specloopname void @_ssdm_op_SpecLoopName, void @empty_20" [patchMaker.cpp:768]   --->   Operation 43 'specloopname' 'specloopname_ln768' <Predicate = (tmp)> <Delay = 0.00>
ST_11 : Operation 44 [1/2] (0.00ns)   --->   "%call_ret = call i224 @solveNextPatchPair, i8 %n_patches, i32 %GDn_points, i32 %apexZ0_read, i32 %ppl_read, i32 %nPatchesInColumn_0, i32 %z_top_min_V_0, i32 %z_top_max_V_16, i32 %complementary_apexZ0_V_0, i32 %GDarrayDecoded, i64 %patches_superpoints, i32 %patches_parameters, i35 %radiiDivisionList, i26 %trapezoid_edges_V" [patchMaker.cpp:768]   --->   Operation 44 'call' 'call_ret' <Predicate = (tmp)> <Delay = 0.00> <CoreType = "Generic">   --->   Core 0 '' <Latency = 0> <II = 1> <Delay = 1.00> <Generic> <Opcode : >
ST_11 : Operation 45 [1/1] (0.00ns)   --->   "%complementary_apexZ0_V = extractvalue i224 %call_ret" [patchMaker.cpp:768]   --->   Operation 45 'extractvalue' 'complementary_apexZ0_V' <Predicate = (tmp)> <Delay = 0.00>
ST_11 : Operation 46 [1/1] (0.00ns)   --->   "%projectionOfCornerToBeam_V = extractvalue i224 %call_ret" [patchMaker.cpp:768]   --->   Operation 46 'extractvalue' 'projectionOfCornerToBeam_V' <Predicate = (tmp)> <Delay = 0.00>
ST_11 : Operation 47 [1/1] (0.00ns)   --->   "%c_corner_V = extractvalue i224 %call_ret" [patchMaker.cpp:768]   --->   Operation 47 'extractvalue' 'c_corner_V' <Predicate = (tmp)> <Delay = 0.00>
ST_11 : Operation 48 [1/1] (0.00ns)   --->   "%nPatchesInColumn = extractvalue i224 %call_ret" [patchMaker.cpp:768]   --->   Operation 48 'extractvalue' 'nPatchesInColumn' <Predicate = (tmp)> <Delay = 0.00>
ST_11 : Operation 49 [1/1] (0.00ns)   --->   "%saved_apexZ0_ret = extractvalue i224 %call_ret" [patchMaker.cpp:768]   --->   Operation 49 'extractvalue' 'saved_apexZ0_ret' <Predicate = (tmp)> <Delay = 0.00>
ST_11 : Operation 50 [1/1] (0.00ns)   --->   "%z_top_max_V = extractvalue i224 %call_ret" [patchMaker.cpp:768]   --->   Operation 50 'extractvalue' 'z_top_max_V' <Predicate = (tmp)> <Delay = 0.00>
ST_11 : Operation 51 [1/1] (0.00ns)   --->   "%z_top_min_V = extractvalue i224 %call_ret" [patchMaker.cpp:768]   --->   Operation 51 'extractvalue' 'z_top_min_V' <Predicate = (tmp)> <Delay = 0.00>
ST_11 : Operation 52 [1/1] (0.38ns)   --->   "%br_ln772 = br i1 %icmp_ln772, void, void %.loopexit" [patchMaker.cpp:772]   --->   Operation 52 'br' 'br_ln772' <Predicate = (tmp)> <Delay = 0.38>
ST_11 : Operation 53 [1/1] (0.00ns)   --->   "%br_ln766 = br void %._crit_edge" [patchMaker.cpp:766]   --->   Operation 53 'br' 'br_ln766' <Predicate = (tmp & !icmp_ln772)> <Delay = 0.00>
ST_11 : Operation 54 [1/1] (0.00ns)   --->   "%saved_apexZ0_buf_1 = phi i32 %saved_apexZ0_ret, void, i32 %saved_apexZ0_buf_0, void %._crit_edge" [patchMaker.cpp:768]   --->   Operation 54 'phi' 'saved_apexZ0_buf_1' <Predicate = (icmp_ln772) | (!tmp)> <Delay = 0.00>
ST_11 : Operation 55 [1/1] (0.00ns)   --->   "%ret_ln787 = ret i32 %saved_apexZ0_buf_1" [patchMaker.cpp:787]   --->   Operation 55 'ret' 'ret_ln787' <Predicate = (icmp_ln772) | (!tmp)> <Delay = 0.00>


============================================================
+ Verbose Summary: Timing violations
============================================================
Target clock period: 3ns, clock uncertainty: 0.81ns.

 <State 1>: 0.581ns
The critical path consists of the following:
	wire read on port 'n_patches' (patchMaker.cpp:752) [15]  (0 ns)
	'icmp' operation ('icmp_ln752', patchMaker.cpp:752) [16]  (0.581 ns)

 <State 2>: 1.63ns
The critical path consists of the following:
	wire read on port 'apexZ0' [13]  (0 ns)
	'call' operation ('op2_V', patchMaker.cpp:754) to 'straightLineProjectorFromLayerIJtoK' [19]  (1.63 ns)

 <State 3>: 2.1ns
The critical path consists of the following:
	'call' operation ('op2_V', patchMaker.cpp:754) to 'straightLineProjectorFromLayerIJtoK' [19]  (2.1 ns)

 <State 4>: 2.1ns
The critical path consists of the following:
	'call' operation ('op2_V', patchMaker.cpp:754) to 'straightLineProjectorFromLayerIJtoK' [19]  (2.1 ns)

 <State 5>: 2.1ns
The critical path consists of the following:
	'call' operation ('op2_V', patchMaker.cpp:754) to 'straightLineProjectorFromLayerIJtoK' [19]  (2.1 ns)

 <State 6>: 2.1ns
The critical path consists of the following:
	'call' operation ('op2_V', patchMaker.cpp:754) to 'straightLineProjectorFromLayerIJtoK' [19]  (2.1 ns)

 <State 7>: 2.1ns
The critical path consists of the following:
	'call' operation ('op2_V', patchMaker.cpp:754) to 'straightLineProjectorFromLayerIJtoK' [19]  (2.1 ns)

 <State 8>: 1.11ns
The critical path consists of the following:
	'call' operation ('op2_V', patchMaker.cpp:754) to 'straightLineProjectorFromLayerIJtoK' [19]  (1.11 ns)

 <State 9>: 1.47ns
The critical path consists of the following:
	'icmp' operation ('icmp_ln878') [20]  (0.859 ns)
	'select' operation ('select_ln754', patchMaker.cpp:754) [21]  (0.227 ns)
	multiplexor before 'phi' operation ('z_top_max_V_16_ph', patchMaker.cpp:754) with incoming values : ('select_ln754', patchMaker.cpp:754) [24]  (0.387 ns)
	'phi' operation ('z_top_max_V_16_ph', patchMaker.cpp:754) with incoming values : ('select_ln754', patchMaker.cpp:754) [24]  (0 ns)

 <State 10>: 1.95ns
The critical path consists of the following:
	'phi' operation ('c_corner.V') with incoming values : ('c_corner.V', patchMaker.cpp:768) [28]  (0 ns)
	'call' operation ('tmp', patchMaker.cpp:766) to 'getSolveNextColumnWhileConditional' [35]  (0.981 ns)
	multiplexor before 'phi' operation ('saved_apexZ0_buf_1', patchMaker.cpp:768) with incoming values : ('apexZ0_read') ('saved_apexZ0_ret', patchMaker.cpp:768) [53]  (0.387 ns)
	blocking operation 0.581 ns on control path)

 <State 11>: 0.387ns
The critical path consists of the following:
	'call' operation ('call_ret', patchMaker.cpp:768) to 'solveNextPatchPair' [40]  (0 ns)
	multiplexor before 'phi' operation ('saved_apexZ0_buf_1', patchMaker.cpp:768) with incoming values : ('apexZ0_read') ('saved_apexZ0_ret', patchMaker.cpp:768) [53]  (0.387 ns)
	'phi' operation ('saved_apexZ0_buf_1', patchMaker.cpp:768) with incoming values : ('apexZ0_read') ('saved_apexZ0_ret', patchMaker.cpp:768) [53]  (0 ns)


============================================================
+ Verbose Summary: Binding
============================================================
N/A
* FSMD analyzer results:
  - Output states:
 - Input state : 
  - Chain level:
	State 1
	State 2
	State 3
	State 4
	State 5
	State 6
	State 7
	State 8
	State 9
	State 10
	State 11


============================================================
+ Verbose Summary: Datapath Resource usage 
============================================================
N/A
