

================================================================
== Vitis HLS Report for 'solveNextColumn'
================================================================
* Date:           Sat Aug  3 00:47:08 2024

* Version:        2020.2 (Build 3064766 on Wed Nov 18 09:12:45 MST 2020)
* Project:        PatchMaker_tanishGit
* Solution:       solutionSC4 (Vivado IP Flow Target)
* Product family: virtexuplus
* Target device:  xcvu19p-fsvb3824-2-e


================================================================
== Performance Estimates
================================================================
+ Timing: 
    * Summary: 
    +--------+---------+----------+------------+
    |  Clock |  Target | Estimated| Uncertainty|
    +--------+---------+----------+------------+
    |ap_clk  |  3.00 ns|  2.190 ns|     0.81 ns|
    +--------+---------+----------+------------+

+ Latency: 
    * Summary: 
    +---------+---------+----------+----------+-----+-----+---------+
    |  Latency (cycles) |  Latency (absolute) |  Interval | Pipeline|
    |   min   |   max   |    min   |    max   | min | max |   Type  |
    +---------+---------+----------+----------+-----+-----+---------+
    |        ?|        ?|         ?|         ?|    ?|    ?|     none|
    +---------+---------+----------+----------+-----+-----+---------+

    + Detail: 
        * Instance: 
        +------------------------------------------------+-------------------------------------+---------+---------+----------+----------+-----+-----+---------+
        |                                                |                                     |  Latency (cycles) |  Latency (absolute) |  Interval | Pipeline|
        |                    Instance                    |                Module               |   min   |   max   |    min   |    max   | min | max |   Type  |
        +------------------------------------------------+-------------------------------------+---------+---------+----------+----------+-----+-----+---------+
        |grp_solveNextPatchPair_fu_190                   |solveNextPatchPair                   |        ?|        ?|         ?|         ?|    ?|    ?|     none|
        |grp_straightLineProjectorFromLayerIJtoK_fu_218  |straightLineProjectorFromLayerIJtoK  |       44|       44|  0.132 us|  0.132 us|    1|    1|      yes|
        |tmp_getSolveNextColumnWhileConditional_fu_232   |getSolveNextColumnWhileConditional   |        0|        0|      0 ns|      0 ns|    0|    0|     none|
        +------------------------------------------------+-------------------------------------+---------+---------+----------+----------+-----+-----+---------+

        * Loop: 
        +------------------------+---------+---------+----------+-----------+-----------+------+----------+
        |                        |  Latency (cycles) | Iteration|  Initiation Interval  | Trip |          |
        |        Loop Name       |   min   |   max   |  Latency |  achieved |   target  | Count| Pipelined|
        +------------------------+---------+---------+----------+-----------+-----------+------+----------+
        |- solveNextColumn_loop  |        ?|        ?|         ?|          -|          -|     ?|        no|
        +------------------------+---------+---------+----------+-----------+-----------+------+----------+



================================================================
== Utilization Estimates
================================================================
* Summary: 
+---------------------+---------+------+---------+---------+-----+
|         Name        | BRAM_18K|  DSP |    FF   |   LUT   | URAM|
+---------------------+---------+------+---------+---------+-----+
|DSP                  |        -|     -|        -|        -|    -|
|Expression           |        -|     -|        0|      124|    -|
|FIFO                 |        -|     -|        -|        -|    -|
|Instance             |        9|     2|    81417|    78756|    -|
|Memory               |        -|     -|        -|        -|    -|
|Multiplexer          |        -|     -|        -|      352|    -|
|Register             |        -|     -|      469|        -|    -|
+---------------------+---------+------+---------+---------+-----+
|Total                |        9|     2|    81886|    79232|    0|
+---------------------+---------+------+---------+---------+-----+
|Available SLR        |     1080|   960|  2042880|  1021440|   80|
+---------------------+---------+------+---------+---------+-----+
|Utilization SLR (%)  |       ~0|    ~0|        4|        7|    0|
+---------------------+---------+------+---------+---------+-----+
|Available            |     4320|  3840|  8171520|  4085760|  320|
+---------------------+---------+------+---------+---------+-----+
|Utilization (%)      |       ~0|    ~0|        1|        1|    0|
+---------------------+---------+------+---------+---------+-----+

+ Detail: 
    * Instance: 
    +------------------------------------------------+-------------------------------------+---------+----+-------+-------+-----+
    |                    Instance                    |                Module               | BRAM_18K| DSP|   FF  |  LUT  | URAM|
    +------------------------------------------------+-------------------------------------+---------+----+-------+-------+-----+
    |tmp_getSolveNextColumnWhileConditional_fu_232   |getSolveNextColumnWhileConditional   |        0|   0|      0|     64|    0|
    |grp_solveNextPatchPair_fu_190                   |solveNextPatchPair                   |        9|   2|  77865|  76147|    0|
    |grp_straightLineProjectorFromLayerIJtoK_fu_218  |straightLineProjectorFromLayerIJtoK  |        0|   0|   3552|   2545|    0|
    +------------------------------------------------+-------------------------------------+---------+----+-------+-------+-----+
    |Total                                           |                                     |        9|   2|  81417|  78756|    0|
    +------------------------------------------------+-------------------------------------+---------+----+-------+-------+-----+

    * DSP: 
    N/A

    * Memory: 
    N/A

    * FIFO: 
    N/A

    * Expression: 
    +----------------------------------+----------+----+---+----+------------+------------+
    |           Variable Name          | Operation| DSP| FF| LUT| Bitwidth P0| Bitwidth P1|
    +----------------------------------+----------+----+---+----+------------+------------+
    |loopCounter_1_fu_261_p2           |         +|   0|  0|  39|          32|           1|
    |ap_block_state49_on_subcall_done  |       and|   0|  0|   2|           1|           1|
    |icmp_ln744_fu_242_p2              |      icmp|   0|  0|  11|           8|           1|
    |icmp_ln764_fu_267_p2              |      icmp|   0|  0|  20|          32|           5|
    |icmp_ln878_fu_248_p2              |      icmp|   0|  0|  20|          32|          26|
    |select_ln746_fu_253_p3            |    select|   0|  0|  32|           1|          26|
    +----------------------------------+----------+----+---+----+------------+------------+
    |Total                             |          |   0|  0| 124|         106|          60|
    +----------------------------------+----------+----+---+----+------------+------------+

    * Multiplexer: 
    +---------------------------------------------+-----+-----------+-----+-----------+
    |                     Name                    | LUT | Input Size| Bits| Total Bits|
    +---------------------------------------------+-----+-----------+-----+-----------+
    |ap_NS_fsm                                    |  217|         50|    1|         50|
    |ap_phi_mux_saved_apexZ0_buf_1_phi_fu_183_p4  |    9|          2|   32|         64|
    |ap_phi_mux_z_top_max_V_16_ph_phi_fu_82_p4    |    9|          2|   32|         64|
    |ap_return                                    |    9|          2|   32|         64|
    |c_corner_V_0_reg_101                         |    9|          2|   32|         64|
    |complementary_apexZ0_V_0_reg_112             |    9|          2|   32|         64|
    |loopCounter_reg_169                          |    9|          2|   32|         64|
    |nPatchesInColumn_0_reg_136                   |    9|          2|   32|         64|
    |n_patches_o                                  |    9|          2|    8|         16|
    |n_patches_o_ap_vld                           |    9|          2|    1|          2|
    |projectionOfCornerToBeam_V_0_reg_148         |    9|          2|   32|         64|
    |saved_apexZ0_buf_0_reg_159                   |    9|          2|   32|         64|
    |saved_apexZ0_buf_1_reg_180                   |    9|          2|   32|         64|
    |z_top_max_V_16_ph_reg_78                     |    9|          2|   32|         64|
    |z_top_max_V_16_reg_90                        |    9|          2|   32|         64|
    |z_top_min_V_0_reg_124                        |    9|          2|   32|         64|
    +---------------------------------------------+-----+-----------+-----+-----------+
    |Total                                        |  352|         80|  426|        900|
    +---------------------------------------------+-----+-----------+-----+-----------+

    * Register: 
    +--------------------------------------------+----+----+-----+-----------+
    |                    Name                    | FF | LUT| Bits| Const Bits|
    +--------------------------------------------+----+----+-----+-----------+
    |ap_CS_fsm                                   |  49|   0|   49|          0|
    |ap_return_preg                              |  32|   0|   32|          0|
    |c_corner_V_0_reg_101                        |  32|   0|   32|          0|
    |complementary_apexZ0_V_0_reg_112            |  32|   0|   32|          0|
    |grp_solveNextPatchPair_fu_190_ap_start_reg  |   1|   0|    1|          0|
    |icmp_ln744_reg_314                          |   1|   0|    1|          0|
    |icmp_ln764_reg_333                          |   1|   0|    1|          0|
    |loopCounter_1_reg_328                       |  32|   0|   32|          0|
    |loopCounter_reg_169                         |  32|   0|   32|          0|
    |nPatchesInColumn_0_reg_136                  |  32|   0|   32|          0|
    |op2_V_reg_318                               |  32|   0|   32|          0|
    |projectionOfCornerToBeam_V_0_reg_148        |  32|   0|   32|          0|
    |saved_apexZ0_buf_0_reg_159                  |  32|   0|   32|          0|
    |saved_apexZ0_buf_1_reg_180                  |  32|   0|   32|          0|
    |tmp_reg_324                                 |   1|   0|    1|          0|
    |z_top_max_V_16_ph_reg_78                    |  32|   0|   32|          0|
    |z_top_max_V_16_reg_90                       |  32|   0|   32|          0|
    |z_top_min_V_0_reg_124                       |  32|   0|   32|          0|
    +--------------------------------------------+----+----+-----+-----------+
    |Total                                       | 469|   0|  469|          0|
    +--------------------------------------------+----+----+-----+-----------+



================================================================
== Interface
================================================================
* Summary: 
+------------------------------+-----+-----+------------+---------------------+--------------+
|           RTL Ports          | Dir | Bits|  Protocol  |    Source Object    |    C Type    |
+------------------------------+-----+-----+------------+---------------------+--------------+
|ap_clk                        |   in|    1|  ap_ctrl_hs|      solveNextColumn|  return value|
|ap_rst                        |   in|    1|  ap_ctrl_hs|      solveNextColumn|  return value|
|ap_start                      |   in|    1|  ap_ctrl_hs|      solveNextColumn|  return value|
|ap_done                       |  out|    1|  ap_ctrl_hs|      solveNextColumn|  return value|
|ap_idle                       |  out|    1|  ap_ctrl_hs|      solveNextColumn|  return value|
|ap_ready                      |  out|    1|  ap_ctrl_hs|      solveNextColumn|  return value|
|ap_return                     |  out|   32|  ap_ctrl_hs|      solveNextColumn|  return value|
|n_patches_i                   |   in|    8|     ap_ovld|            n_patches|       pointer|
|n_patches_o                   |  out|    8|     ap_ovld|            n_patches|       pointer|
|n_patches_o_ap_vld            |  out|    1|     ap_ovld|            n_patches|       pointer|
|GDn_points_address0           |  out|    3|   ap_memory|           GDn_points|         array|
|GDn_points_ce0                |  out|    1|   ap_memory|           GDn_points|         array|
|GDn_points_q0                 |   in|   32|   ap_memory|           GDn_points|         array|
|apexZ0                        |   in|   32|     ap_none|               apexZ0|        scalar|
|ppl                           |   in|   32|     ap_none|                  ppl|        scalar|
|GDarrayDecoded_address0       |  out|   12|   ap_memory|       GDarrayDecoded|         array|
|GDarrayDecoded_ce0            |  out|    1|   ap_memory|       GDarrayDecoded|         array|
|GDarrayDecoded_q0             |   in|   32|   ap_memory|       GDarrayDecoded|         array|
|patches_superpoints_address0  |  out|   12|   ap_memory|  patches_superpoints|         array|
|patches_superpoints_ce0       |  out|    1|   ap_memory|  patches_superpoints|         array|
|patches_superpoints_we0       |  out|    1|   ap_memory|  patches_superpoints|         array|
|patches_superpoints_d0        |  out|   64|   ap_memory|  patches_superpoints|         array|
|patches_superpoints_q0        |   in|   64|   ap_memory|  patches_superpoints|         array|
|patches_superpoints_address1  |  out|   12|   ap_memory|  patches_superpoints|         array|
|patches_superpoints_ce1       |  out|    1|   ap_memory|  patches_superpoints|         array|
|patches_superpoints_q1        |   in|   64|   ap_memory|  patches_superpoints|         array|
|patches_parameters_address0   |  out|    7|   ap_memory|   patches_parameters|         array|
|patches_parameters_ce0        |  out|    1|   ap_memory|   patches_parameters|         array|
|patches_parameters_we0        |  out|    1|   ap_memory|   patches_parameters|         array|
|patches_parameters_d0         |  out|   32|   ap_memory|   patches_parameters|         array|
|patches_parameters_q0         |   in|   32|   ap_memory|   patches_parameters|         array|
|patches_parameters_address1   |  out|    7|   ap_memory|   patches_parameters|         array|
|patches_parameters_ce1        |  out|    1|   ap_memory|   patches_parameters|         array|
|patches_parameters_we1        |  out|    1|   ap_memory|   patches_parameters|         array|
|patches_parameters_d1         |  out|   32|   ap_memory|   patches_parameters|         array|
|patches_parameters_q1         |   in|   32|   ap_memory|   patches_parameters|         array|
+------------------------------+-----+-----+------------+---------------------+--------------+

============================================================
+ Verbose Summary: Synthesis Manager
============================================================
InlineROM: 1
ExposeGlobal: 0
============================================================
+ Verbose Summary: CDFG Model
============================================================
IsTopModel: 0
ResetActiveHigh: 1
IsCombinational: 2
IsDatapathOnly: 2
HasWiredReturn: 1
HasMFsm: 0
HasVarLatency: 1
IsPipeline: 0
IsRtlPipelined: 0
IsInstanceOverlapped: 0
IsDontTouch: 0
HasImplIP: 0
IsGatedGlobalClock: 0


============================================================
+ Verbose Summary: Schedule
============================================================
* Number of FSM states : 49
* Pipeline : 0
* Dataflow Pipeline: 0

* FSM state transitions: 
1 --> 2 47 
2 --> 3 
3 --> 4 
4 --> 5 
5 --> 6 
6 --> 7 
7 --> 8 
8 --> 9 
9 --> 10 
10 --> 11 
11 --> 12 
12 --> 13 
13 --> 14 
14 --> 15 
15 --> 16 
16 --> 17 
17 --> 18 
18 --> 19 
19 --> 20 
20 --> 21 
21 --> 22 
22 --> 23 
23 --> 24 
24 --> 25 
25 --> 26 
26 --> 27 
27 --> 28 
28 --> 29 
29 --> 30 
30 --> 31 
31 --> 32 
32 --> 33 
33 --> 34 
34 --> 35 
35 --> 36 
36 --> 37 
37 --> 38 
38 --> 39 
39 --> 40 
40 --> 41 
41 --> 42 
42 --> 43 
43 --> 44 
44 --> 45 
45 --> 46 
46 --> 47 
47 --> 48 
48 --> 49 
49 --> 48 

* FSM state operations: 

State 1 <SV = 0> <Delay = 1.46>
ST_1 : Operation 50 [1/1] (0.00ns)   --->   "%ppl_read = read i32 @_ssdm_op_Read.ap_auto.i32, i32 %ppl"   --->   Operation 50 'read' 'ppl_read' <Predicate = true> <Delay = 0.00>
ST_1 : Operation 51 [1/1] (0.00ns)   --->   "%apexZ0_read = read i32 @_ssdm_op_Read.ap_auto.i32, i32 %apexZ0"   --->   Operation 51 'read' 'apexZ0_read' <Predicate = true> <Delay = 0.00>
ST_1 : Operation 52 [1/1] (0.00ns)   --->   "%specinterface_ln0 = specinterface void @_ssdm_op_SpecInterface, i32 %GDn_points, void @empty_13, i32 0, i32 0, void @empty_12, i32 4294967295, i32 0, void @empty_12, void @empty_12, void @empty_12, i32 0, i32 0, i32 0, i32 0, void @empty_12, void @empty_12"   --->   Operation 52 'specinterface' 'specinterface_ln0' <Predicate = true> <Delay = 0.00>
ST_1 : Operation 53 [1/1] (0.00ns)   --->   "%n_patches_read = read i8 @_ssdm_op_Read.ap_auto.i8P0A, i8 %n_patches" [patchMaker.cpp:744]   --->   Operation 53 'read' 'n_patches_read' <Predicate = true> <Delay = 0.00>
ST_1 : Operation 54 [1/1] (0.58ns)   --->   "%icmp_ln744 = icmp_eq  i8 %n_patches_read, i8 0" [patchMaker.cpp:744]   --->   Operation 54 'icmp' 'icmp_ln744' <Predicate = true> <Delay = 0.58> <CoreInst = "Cmp">   --->   Core 9 'Cmp' <Latency = 0> <II = 1> <Delay = 0.85> <FuncUnit> <Opcode : 'icmp'> <InPorts = 2> <OutPorts = 1>
ST_1 : Operation 55 [1/1] (0.38ns)   --->   "%br_ln744 = br i1 %icmp_ln744, void, void %._crit_edge.preheader" [patchMaker.cpp:744]   --->   Operation 55 'br' 'br_ln744' <Predicate = true> <Delay = 0.38>
ST_1 : Operation 56 [46/46] (0.88ns)   --->   "%op2_V = call i32 @straightLineProjectorFromLayerIJtoK, i32 4279967296, i32 %apexZ0_read, i3 0, i3 1, i3 5" [patchMaker.cpp:746]   --->   Operation 56 'call' 'op2_V' <Predicate = (!icmp_ln744)> <Delay = 0.88> <CoreType = "Generic">   --->   Core 0 '' <Latency = 0> <II = 1> <Delay = 1.00> <Generic> <Opcode : >

State 2 <SV = 1> <Delay = 2.10>
ST_2 : Operation 57 [45/46] (2.10ns)   --->   "%op2_V = call i32 @straightLineProjectorFromLayerIJtoK, i32 4279967296, i32 %apexZ0_read, i3 0, i3 1, i3 5" [patchMaker.cpp:746]   --->   Operation 57 'call' 'op2_V' <Predicate = true> <Delay = 2.10> <CoreType = "Generic">   --->   Core 0 '' <Latency = 0> <II = 1> <Delay = 1.00> <Generic> <Opcode : >

State 3 <SV = 2> <Delay = 2.10>
ST_3 : Operation 58 [44/46] (2.10ns)   --->   "%op2_V = call i32 @straightLineProjectorFromLayerIJtoK, i32 4279967296, i32 %apexZ0_read, i3 0, i3 1, i3 5" [patchMaker.cpp:746]   --->   Operation 58 'call' 'op2_V' <Predicate = true> <Delay = 2.10> <CoreType = "Generic">   --->   Core 0 '' <Latency = 0> <II = 1> <Delay = 1.00> <Generic> <Opcode : >

State 4 <SV = 3> <Delay = 2.10>
ST_4 : Operation 59 [43/46] (2.10ns)   --->   "%op2_V = call i32 @straightLineProjectorFromLayerIJtoK, i32 4279967296, i32 %apexZ0_read, i3 0, i3 1, i3 5" [patchMaker.cpp:746]   --->   Operation 59 'call' 'op2_V' <Predicate = true> <Delay = 2.10> <CoreType = "Generic">   --->   Core 0 '' <Latency = 0> <II = 1> <Delay = 1.00> <Generic> <Opcode : >

State 5 <SV = 4> <Delay = 2.10>
ST_5 : Operation 60 [42/46] (2.10ns)   --->   "%op2_V = call i32 @straightLineProjectorFromLayerIJtoK, i32 4279967296, i32 %apexZ0_read, i3 0, i3 1, i3 5" [patchMaker.cpp:746]   --->   Operation 60 'call' 'op2_V' <Predicate = true> <Delay = 2.10> <CoreType = "Generic">   --->   Core 0 '' <Latency = 0> <II = 1> <Delay = 1.00> <Generic> <Opcode : >

State 6 <SV = 5> <Delay = 2.10>
ST_6 : Operation 61 [41/46] (2.10ns)   --->   "%op2_V = call i32 @straightLineProjectorFromLayerIJtoK, i32 4279967296, i32 %apexZ0_read, i3 0, i3 1, i3 5" [patchMaker.cpp:746]   --->   Operation 61 'call' 'op2_V' <Predicate = true> <Delay = 2.10> <CoreType = "Generic">   --->   Core 0 '' <Latency = 0> <II = 1> <Delay = 1.00> <Generic> <Opcode : >

State 7 <SV = 6> <Delay = 2.10>
ST_7 : Operation 62 [40/46] (2.10ns)   --->   "%op2_V = call i32 @straightLineProjectorFromLayerIJtoK, i32 4279967296, i32 %apexZ0_read, i3 0, i3 1, i3 5" [patchMaker.cpp:746]   --->   Operation 62 'call' 'op2_V' <Predicate = true> <Delay = 2.10> <CoreType = "Generic">   --->   Core 0 '' <Latency = 0> <II = 1> <Delay = 1.00> <Generic> <Opcode : >

State 8 <SV = 7> <Delay = 2.10>
ST_8 : Operation 63 [39/46] (2.10ns)   --->   "%op2_V = call i32 @straightLineProjectorFromLayerIJtoK, i32 4279967296, i32 %apexZ0_read, i3 0, i3 1, i3 5" [patchMaker.cpp:746]   --->   Operation 63 'call' 'op2_V' <Predicate = true> <Delay = 2.10> <CoreType = "Generic">   --->   Core 0 '' <Latency = 0> <II = 1> <Delay = 1.00> <Generic> <Opcode : >

State 9 <SV = 8> <Delay = 2.10>
ST_9 : Operation 64 [38/46] (2.10ns)   --->   "%op2_V = call i32 @straightLineProjectorFromLayerIJtoK, i32 4279967296, i32 %apexZ0_read, i3 0, i3 1, i3 5" [patchMaker.cpp:746]   --->   Operation 64 'call' 'op2_V' <Predicate = true> <Delay = 2.10> <CoreType = "Generic">   --->   Core 0 '' <Latency = 0> <II = 1> <Delay = 1.00> <Generic> <Opcode : >

State 10 <SV = 9> <Delay = 2.10>
ST_10 : Operation 65 [37/46] (2.10ns)   --->   "%op2_V = call i32 @straightLineProjectorFromLayerIJtoK, i32 4279967296, i32 %apexZ0_read, i3 0, i3 1, i3 5" [patchMaker.cpp:746]   --->   Operation 65 'call' 'op2_V' <Predicate = true> <Delay = 2.10> <CoreType = "Generic">   --->   Core 0 '' <Latency = 0> <II = 1> <Delay = 1.00> <Generic> <Opcode : >

State 11 <SV = 10> <Delay = 2.10>
ST_11 : Operation 66 [36/46] (2.10ns)   --->   "%op2_V = call i32 @straightLineProjectorFromLayerIJtoK, i32 4279967296, i32 %apexZ0_read, i3 0, i3 1, i3 5" [patchMaker.cpp:746]   --->   Operation 66 'call' 'op2_V' <Predicate = true> <Delay = 2.10> <CoreType = "Generic">   --->   Core 0 '' <Latency = 0> <II = 1> <Delay = 1.00> <Generic> <Opcode : >

State 12 <SV = 11> <Delay = 2.10>
ST_12 : Operation 67 [35/46] (2.10ns)   --->   "%op2_V = call i32 @straightLineProjectorFromLayerIJtoK, i32 4279967296, i32 %apexZ0_read, i3 0, i3 1, i3 5" [patchMaker.cpp:746]   --->   Operation 67 'call' 'op2_V' <Predicate = true> <Delay = 2.10> <CoreType = "Generic">   --->   Core 0 '' <Latency = 0> <II = 1> <Delay = 1.00> <Generic> <Opcode : >

State 13 <SV = 12> <Delay = 2.10>
ST_13 : Operation 68 [34/46] (2.10ns)   --->   "%op2_V = call i32 @straightLineProjectorFromLayerIJtoK, i32 4279967296, i32 %apexZ0_read, i3 0, i3 1, i3 5" [patchMaker.cpp:746]   --->   Operation 68 'call' 'op2_V' <Predicate = true> <Delay = 2.10> <CoreType = "Generic">   --->   Core 0 '' <Latency = 0> <II = 1> <Delay = 1.00> <Generic> <Opcode : >

State 14 <SV = 13> <Delay = 2.10>
ST_14 : Operation 69 [33/46] (2.10ns)   --->   "%op2_V = call i32 @straightLineProjectorFromLayerIJtoK, i32 4279967296, i32 %apexZ0_read, i3 0, i3 1, i3 5" [patchMaker.cpp:746]   --->   Operation 69 'call' 'op2_V' <Predicate = true> <Delay = 2.10> <CoreType = "Generic">   --->   Core 0 '' <Latency = 0> <II = 1> <Delay = 1.00> <Generic> <Opcode : >

State 15 <SV = 14> <Delay = 2.10>
ST_15 : Operation 70 [32/46] (2.10ns)   --->   "%op2_V = call i32 @straightLineProjectorFromLayerIJtoK, i32 4279967296, i32 %apexZ0_read, i3 0, i3 1, i3 5" [patchMaker.cpp:746]   --->   Operation 70 'call' 'op2_V' <Predicate = true> <Delay = 2.10> <CoreType = "Generic">   --->   Core 0 '' <Latency = 0> <II = 1> <Delay = 1.00> <Generic> <Opcode : >

State 16 <SV = 15> <Delay = 2.10>
ST_16 : Operation 71 [31/46] (2.10ns)   --->   "%op2_V = call i32 @straightLineProjectorFromLayerIJtoK, i32 4279967296, i32 %apexZ0_read, i3 0, i3 1, i3 5" [patchMaker.cpp:746]   --->   Operation 71 'call' 'op2_V' <Predicate = true> <Delay = 2.10> <CoreType = "Generic">   --->   Core 0 '' <Latency = 0> <II = 1> <Delay = 1.00> <Generic> <Opcode : >

State 17 <SV = 16> <Delay = 2.10>
ST_17 : Operation 72 [30/46] (2.10ns)   --->   "%op2_V = call i32 @straightLineProjectorFromLayerIJtoK, i32 4279967296, i32 %apexZ0_read, i3 0, i3 1, i3 5" [patchMaker.cpp:746]   --->   Operation 72 'call' 'op2_V' <Predicate = true> <Delay = 2.10> <CoreType = "Generic">   --->   Core 0 '' <Latency = 0> <II = 1> <Delay = 1.00> <Generic> <Opcode : >

State 18 <SV = 17> <Delay = 2.10>
ST_18 : Operation 73 [29/46] (2.10ns)   --->   "%op2_V = call i32 @straightLineProjectorFromLayerIJtoK, i32 4279967296, i32 %apexZ0_read, i3 0, i3 1, i3 5" [patchMaker.cpp:746]   --->   Operation 73 'call' 'op2_V' <Predicate = true> <Delay = 2.10> <CoreType = "Generic">   --->   Core 0 '' <Latency = 0> <II = 1> <Delay = 1.00> <Generic> <Opcode : >

State 19 <SV = 18> <Delay = 2.10>
ST_19 : Operation 74 [28/46] (2.10ns)   --->   "%op2_V = call i32 @straightLineProjectorFromLayerIJtoK, i32 4279967296, i32 %apexZ0_read, i3 0, i3 1, i3 5" [patchMaker.cpp:746]   --->   Operation 74 'call' 'op2_V' <Predicate = true> <Delay = 2.10> <CoreType = "Generic">   --->   Core 0 '' <Latency = 0> <II = 1> <Delay = 1.00> <Generic> <Opcode : >

State 20 <SV = 19> <Delay = 2.10>
ST_20 : Operation 75 [27/46] (2.10ns)   --->   "%op2_V = call i32 @straightLineProjectorFromLayerIJtoK, i32 4279967296, i32 %apexZ0_read, i3 0, i3 1, i3 5" [patchMaker.cpp:746]   --->   Operation 75 'call' 'op2_V' <Predicate = true> <Delay = 2.10> <CoreType = "Generic">   --->   Core 0 '' <Latency = 0> <II = 1> <Delay = 1.00> <Generic> <Opcode : >

State 21 <SV = 20> <Delay = 2.10>
ST_21 : Operation 76 [26/46] (2.10ns)   --->   "%op2_V = call i32 @straightLineProjectorFromLayerIJtoK, i32 4279967296, i32 %apexZ0_read, i3 0, i3 1, i3 5" [patchMaker.cpp:746]   --->   Operation 76 'call' 'op2_V' <Predicate = true> <Delay = 2.10> <CoreType = "Generic">   --->   Core 0 '' <Latency = 0> <II = 1> <Delay = 1.00> <Generic> <Opcode : >

State 22 <SV = 21> <Delay = 2.10>
ST_22 : Operation 77 [25/46] (2.10ns)   --->   "%op2_V = call i32 @straightLineProjectorFromLayerIJtoK, i32 4279967296, i32 %apexZ0_read, i3 0, i3 1, i3 5" [patchMaker.cpp:746]   --->   Operation 77 'call' 'op2_V' <Predicate = true> <Delay = 2.10> <CoreType = "Generic">   --->   Core 0 '' <Latency = 0> <II = 1> <Delay = 1.00> <Generic> <Opcode : >

State 23 <SV = 22> <Delay = 2.10>
ST_23 : Operation 78 [24/46] (2.10ns)   --->   "%op2_V = call i32 @straightLineProjectorFromLayerIJtoK, i32 4279967296, i32 %apexZ0_read, i3 0, i3 1, i3 5" [patchMaker.cpp:746]   --->   Operation 78 'call' 'op2_V' <Predicate = true> <Delay = 2.10> <CoreType = "Generic">   --->   Core 0 '' <Latency = 0> <II = 1> <Delay = 1.00> <Generic> <Opcode : >

State 24 <SV = 23> <Delay = 2.10>
ST_24 : Operation 79 [23/46] (2.10ns)   --->   "%op2_V = call i32 @straightLineProjectorFromLayerIJtoK, i32 4279967296, i32 %apexZ0_read, i3 0, i3 1, i3 5" [patchMaker.cpp:746]   --->   Operation 79 'call' 'op2_V' <Predicate = true> <Delay = 2.10> <CoreType = "Generic">   --->   Core 0 '' <Latency = 0> <II = 1> <Delay = 1.00> <Generic> <Opcode : >

State 25 <SV = 24> <Delay = 2.10>
ST_25 : Operation 80 [22/46] (2.10ns)   --->   "%op2_V = call i32 @straightLineProjectorFromLayerIJtoK, i32 4279967296, i32 %apexZ0_read, i3 0, i3 1, i3 5" [patchMaker.cpp:746]   --->   Operation 80 'call' 'op2_V' <Predicate = true> <Delay = 2.10> <CoreType = "Generic">   --->   Core 0 '' <Latency = 0> <II = 1> <Delay = 1.00> <Generic> <Opcode : >

State 26 <SV = 25> <Delay = 2.10>
ST_26 : Operation 81 [21/46] (2.10ns)   --->   "%op2_V = call i32 @straightLineProjectorFromLayerIJtoK, i32 4279967296, i32 %apexZ0_read, i3 0, i3 1, i3 5" [patchMaker.cpp:746]   --->   Operation 81 'call' 'op2_V' <Predicate = true> <Delay = 2.10> <CoreType = "Generic">   --->   Core 0 '' <Latency = 0> <II = 1> <Delay = 1.00> <Generic> <Opcode : >

State 27 <SV = 26> <Delay = 2.10>
ST_27 : Operation 82 [20/46] (2.10ns)   --->   "%op2_V = call i32 @straightLineProjectorFromLayerIJtoK, i32 4279967296, i32 %apexZ0_read, i3 0, i3 1, i3 5" [patchMaker.cpp:746]   --->   Operation 82 'call' 'op2_V' <Predicate = true> <Delay = 2.10> <CoreType = "Generic">   --->   Core 0 '' <Latency = 0> <II = 1> <Delay = 1.00> <Generic> <Opcode : >

State 28 <SV = 27> <Delay = 2.10>
ST_28 : Operation 83 [19/46] (2.10ns)   --->   "%op2_V = call i32 @straightLineProjectorFromLayerIJtoK, i32 4279967296, i32 %apexZ0_read, i3 0, i3 1, i3 5" [patchMaker.cpp:746]   --->   Operation 83 'call' 'op2_V' <Predicate = true> <Delay = 2.10> <CoreType = "Generic">   --->   Core 0 '' <Latency = 0> <II = 1> <Delay = 1.00> <Generic> <Opcode : >

State 29 <SV = 28> <Delay = 2.10>
ST_29 : Operation 84 [18/46] (2.10ns)   --->   "%op2_V = call i32 @straightLineProjectorFromLayerIJtoK, i32 4279967296, i32 %apexZ0_read, i3 0, i3 1, i3 5" [patchMaker.cpp:746]   --->   Operation 84 'call' 'op2_V' <Predicate = true> <Delay = 2.10> <CoreType = "Generic">   --->   Core 0 '' <Latency = 0> <II = 1> <Delay = 1.00> <Generic> <Opcode : >

State 30 <SV = 29> <Delay = 2.10>
ST_30 : Operation 85 [17/46] (2.10ns)   --->   "%op2_V = call i32 @straightLineProjectorFromLayerIJtoK, i32 4279967296, i32 %apexZ0_read, i3 0, i3 1, i3 5" [patchMaker.cpp:746]   --->   Operation 85 'call' 'op2_V' <Predicate = true> <Delay = 2.10> <CoreType = "Generic">   --->   Core 0 '' <Latency = 0> <II = 1> <Delay = 1.00> <Generic> <Opcode : >

State 31 <SV = 30> <Delay = 2.10>
ST_31 : Operation 86 [16/46] (2.10ns)   --->   "%op2_V = call i32 @straightLineProjectorFromLayerIJtoK, i32 4279967296, i32 %apexZ0_read, i3 0, i3 1, i3 5" [patchMaker.cpp:746]   --->   Operation 86 'call' 'op2_V' <Predicate = true> <Delay = 2.10> <CoreType = "Generic">   --->   Core 0 '' <Latency = 0> <II = 1> <Delay = 1.00> <Generic> <Opcode : >

State 32 <SV = 31> <Delay = 2.10>
ST_32 : Operation 87 [15/46] (2.10ns)   --->   "%op2_V = call i32 @straightLineProjectorFromLayerIJtoK, i32 4279967296, i32 %apexZ0_read, i3 0, i3 1, i3 5" [patchMaker.cpp:746]   --->   Operation 87 'call' 'op2_V' <Predicate = true> <Delay = 2.10> <CoreType = "Generic">   --->   Core 0 '' <Latency = 0> <II = 1> <Delay = 1.00> <Generic> <Opcode : >

State 33 <SV = 32> <Delay = 2.10>
ST_33 : Operation 88 [14/46] (2.10ns)   --->   "%op2_V = call i32 @straightLineProjectorFromLayerIJtoK, i32 4279967296, i32 %apexZ0_read, i3 0, i3 1, i3 5" [patchMaker.cpp:746]   --->   Operation 88 'call' 'op2_V' <Predicate = true> <Delay = 2.10> <CoreType = "Generic">   --->   Core 0 '' <Latency = 0> <II = 1> <Delay = 1.00> <Generic> <Opcode : >

State 34 <SV = 33> <Delay = 2.10>
ST_34 : Operation 89 [13/46] (2.10ns)   --->   "%op2_V = call i32 @straightLineProjectorFromLayerIJtoK, i32 4279967296, i32 %apexZ0_read, i3 0, i3 1, i3 5" [patchMaker.cpp:746]   --->   Operation 89 'call' 'op2_V' <Predicate = true> <Delay = 2.10> <CoreType = "Generic">   --->   Core 0 '' <Latency = 0> <II = 1> <Delay = 1.00> <Generic> <Opcode : >

State 35 <SV = 34> <Delay = 2.10>
ST_35 : Operation 90 [12/46] (2.10ns)   --->   "%op2_V = call i32 @straightLineProjectorFromLayerIJtoK, i32 4279967296, i32 %apexZ0_read, i3 0, i3 1, i3 5" [patchMaker.cpp:746]   --->   Operation 90 'call' 'op2_V' <Predicate = true> <Delay = 2.10> <CoreType = "Generic">   --->   Core 0 '' <Latency = 0> <II = 1> <Delay = 1.00> <Generic> <Opcode : >

State 36 <SV = 35> <Delay = 2.10>
ST_36 : Operation 91 [11/46] (2.10ns)   --->   "%op2_V = call i32 @straightLineProjectorFromLayerIJtoK, i32 4279967296, i32 %apexZ0_read, i3 0, i3 1, i3 5" [patchMaker.cpp:746]   --->   Operation 91 'call' 'op2_V' <Predicate = true> <Delay = 2.10> <CoreType = "Generic">   --->   Core 0 '' <Latency = 0> <II = 1> <Delay = 1.00> <Generic> <Opcode : >

State 37 <SV = 36> <Delay = 2.10>
ST_37 : Operation 92 [10/46] (2.10ns)   --->   "%op2_V = call i32 @straightLineProjectorFromLayerIJtoK, i32 4279967296, i32 %apexZ0_read, i3 0, i3 1, i3 5" [patchMaker.cpp:746]   --->   Operation 92 'call' 'op2_V' <Predicate = true> <Delay = 2.10> <CoreType = "Generic">   --->   Core 0 '' <Latency = 0> <II = 1> <Delay = 1.00> <Generic> <Opcode : >

State 38 <SV = 37> <Delay = 2.10>
ST_38 : Operation 93 [9/46] (2.10ns)   --->   "%op2_V = call i32 @straightLineProjectorFromLayerIJtoK, i32 4279967296, i32 %apexZ0_read, i3 0, i3 1, i3 5" [patchMaker.cpp:746]   --->   Operation 93 'call' 'op2_V' <Predicate = true> <Delay = 2.10> <CoreType = "Generic">   --->   Core 0 '' <Latency = 0> <II = 1> <Delay = 1.00> <Generic> <Opcode : >

State 39 <SV = 38> <Delay = 2.10>
ST_39 : Operation 94 [8/46] (2.10ns)   --->   "%op2_V = call i32 @straightLineProjectorFromLayerIJtoK, i32 4279967296, i32 %apexZ0_read, i3 0, i3 1, i3 5" [patchMaker.cpp:746]   --->   Operation 94 'call' 'op2_V' <Predicate = true> <Delay = 2.10> <CoreType = "Generic">   --->   Core 0 '' <Latency = 0> <II = 1> <Delay = 1.00> <Generic> <Opcode : >

State 40 <SV = 39> <Delay = 2.10>
ST_40 : Operation 95 [7/46] (2.10ns)   --->   "%op2_V = call i32 @straightLineProjectorFromLayerIJtoK, i32 4279967296, i32 %apexZ0_read, i3 0, i3 1, i3 5" [patchMaker.cpp:746]   --->   Operation 95 'call' 'op2_V' <Predicate = true> <Delay = 2.10> <CoreType = "Generic">   --->   Core 0 '' <Latency = 0> <II = 1> <Delay = 1.00> <Generic> <Opcode : >

State 41 <SV = 40> <Delay = 2.10>
ST_41 : Operation 96 [6/46] (2.10ns)   --->   "%op2_V = call i32 @straightLineProjectorFromLayerIJtoK, i32 4279967296, i32 %apexZ0_read, i3 0, i3 1, i3 5" [patchMaker.cpp:746]   --->   Operation 96 'call' 'op2_V' <Predicate = true> <Delay = 2.10> <CoreType = "Generic">   --->   Core 0 '' <Latency = 0> <II = 1> <Delay = 1.00> <Generic> <Opcode : >

State 42 <SV = 41> <Delay = 2.10>
ST_42 : Operation 97 [5/46] (2.10ns)   --->   "%op2_V = call i32 @straightLineProjectorFromLayerIJtoK, i32 4279967296, i32 %apexZ0_read, i3 0, i3 1, i3 5" [patchMaker.cpp:746]   --->   Operation 97 'call' 'op2_V' <Predicate = true> <Delay = 2.10> <CoreType = "Generic">   --->   Core 0 '' <Latency = 0> <II = 1> <Delay = 1.00> <Generic> <Opcode : >

State 43 <SV = 42> <Delay = 2.10>
ST_43 : Operation 98 [4/46] (2.10ns)   --->   "%op2_V = call i32 @straightLineProjectorFromLayerIJtoK, i32 4279967296, i32 %apexZ0_read, i3 0, i3 1, i3 5" [patchMaker.cpp:746]   --->   Operation 98 'call' 'op2_V' <Predicate = true> <Delay = 2.10> <CoreType = "Generic">   --->   Core 0 '' <Latency = 0> <II = 1> <Delay = 1.00> <Generic> <Opcode : >

State 44 <SV = 43> <Delay = 2.10>
ST_44 : Operation 99 [3/46] (2.10ns)   --->   "%op2_V = call i32 @straightLineProjectorFromLayerIJtoK, i32 4279967296, i32 %apexZ0_read, i3 0, i3 1, i3 5" [patchMaker.cpp:746]   --->   Operation 99 'call' 'op2_V' <Predicate = true> <Delay = 2.10> <CoreType = "Generic">   --->   Core 0 '' <Latency = 0> <II = 1> <Delay = 1.00> <Generic> <Opcode : >

State 45 <SV = 44> <Delay = 2.10>
ST_45 : Operation 100 [2/46] (2.10ns)   --->   "%op2_V = call i32 @straightLineProjectorFromLayerIJtoK, i32 4279967296, i32 %apexZ0_read, i3 0, i3 1, i3 5" [patchMaker.cpp:746]   --->   Operation 100 'call' 'op2_V' <Predicate = true> <Delay = 2.10> <CoreType = "Generic">   --->   Core 0 '' <Latency = 0> <II = 1> <Delay = 1.00> <Generic> <Opcode : >

State 46 <SV = 45> <Delay = 2.06>
ST_46 : Operation 101 [1/46] (2.06ns)   --->   "%op2_V = call i32 @straightLineProjectorFromLayerIJtoK, i32 4279967296, i32 %apexZ0_read, i3 0, i3 1, i3 5" [patchMaker.cpp:746]   --->   Operation 101 'call' 'op2_V' <Predicate = true> <Delay = 2.06> <CoreType = "Generic">   --->   Core 0 '' <Latency = 0> <II = 1> <Delay = 1.00> <Generic> <Opcode : >

State 47 <SV = 46> <Delay = 1.47>
ST_47 : Operation 102 [1/1] (0.85ns)   --->   "%icmp_ln878 = icmp_sgt  i32 %op2_V, i32 50000000"   --->   Operation 102 'icmp' 'icmp_ln878' <Predicate = (!icmp_ln744)> <Delay = 0.85> <CoreInst = "Cmp">   --->   Core 9 'Cmp' <Latency = 0> <II = 1> <Delay = 0.85> <FuncUnit> <Opcode : 'icmp'> <InPorts = 2> <OutPorts = 1>
ST_47 : Operation 103 [1/1] (0.22ns)   --->   "%select_ln746 = select i1 %icmp_ln878, i32 50000000, i32 %op2_V" [patchMaker.cpp:746]   --->   Operation 103 'select' 'select_ln746' <Predicate = (!icmp_ln744)> <Delay = 0.22> <CoreInst = "Sel">   --->   Core 73 'Sel' <Latency = 0> <II = 1> <Delay = 0.22> <FuncUnit> <Opcode : 'select'> <InPorts = 3> <OutPorts = 1>
ST_47 : Operation 104 [1/1] (0.38ns)   --->   "%br_ln746 = br void %._crit_edge.preheader" [patchMaker.cpp:746]   --->   Operation 104 'br' 'br_ln746' <Predicate = (!icmp_ln744)> <Delay = 0.38>
ST_47 : Operation 105 [1/1] (0.00ns)   --->   "%z_top_max_V_16_ph = phi i32 50000000, void, i32 %select_ln746, void" [patchMaker.cpp:746]   --->   Operation 105 'phi' 'z_top_max_V_16_ph' <Predicate = true> <Delay = 0.00>
ST_47 : Operation 106 [1/1] (0.38ns)   --->   "%br_ln753 = br void %._crit_edge" [patchMaker.cpp:753]   --->   Operation 106 'br' 'br_ln753' <Predicate = true> <Delay = 0.38>

State 48 <SV = 47> <Delay = 1.94>
ST_48 : Operation 107 [1/1] (0.00ns)   --->   "%z_top_max_V_16 = phi i32 %z_top_max_V, void, i32 %z_top_max_V_16_ph, void %._crit_edge.preheader"   --->   Operation 107 'phi' 'z_top_max_V_16' <Predicate = true> <Delay = 0.00>
ST_48 : Operation 108 [1/1] (0.00ns)   --->   "%c_corner_V_0 = phi i32 %c_corner_V, void, i32 50000000, void %._crit_edge.preheader"   --->   Operation 108 'phi' 'c_corner_V_0' <Predicate = true> <Delay = 0.00>
ST_48 : Operation 109 [1/1] (0.00ns)   --->   "%complementary_apexZ0_V_0 = phi i32 %complementary_apexZ0_V, void, i32 0, void %._crit_edge.preheader"   --->   Operation 109 'phi' 'complementary_apexZ0_V_0' <Predicate = true> <Delay = 0.00>
ST_48 : Operation 110 [1/1] (0.00ns)   --->   "%z_top_min_V_0 = phi i32 %z_top_min_V, void, i32 4244967296, void %._crit_edge.preheader"   --->   Operation 110 'phi' 'z_top_min_V_0' <Predicate = true> <Delay = 0.00>
ST_48 : Operation 111 [1/1] (0.00ns)   --->   "%nPatchesInColumn_0 = phi i32 %nPatchesInColumn, void, i32 0, void %._crit_edge.preheader"   --->   Operation 111 'phi' 'nPatchesInColumn_0' <Predicate = true> <Delay = 0.00>
ST_48 : Operation 112 [1/1] (0.00ns)   --->   "%projectionOfCornerToBeam_V_0 = phi i32 %projectionOfCornerToBeam_V, void, i32 0, void %._crit_edge.preheader"   --->   Operation 112 'phi' 'projectionOfCornerToBeam_V_0' <Predicate = true> <Delay = 0.00>
ST_48 : Operation 113 [1/1] (0.00ns)   --->   "%saved_apexZ0_buf_0 = phi i32 %saved_apexZ0_ret, void, i32 %apexZ0_read, void %._crit_edge.preheader" [patchMaker.cpp:760]   --->   Operation 113 'phi' 'saved_apexZ0_buf_0' <Predicate = true> <Delay = 0.00>
ST_48 : Operation 114 [1/1] (0.00ns)   --->   "%loopCounter = phi i32 %loopCounter_1, void, i32 0, void %._crit_edge.preheader"   --->   Operation 114 'phi' 'loopCounter' <Predicate = true> <Delay = 0.00>
ST_48 : Operation 115 [1/1] (0.98ns)   --->   "%tmp = call i1 @getSolveNextColumnWhileConditional, i32 %c_corner_V_0, i32 %nPatchesInColumn_0, i32 %projectionOfCornerToBeam_V_0" [patchMaker.cpp:758]   --->   Operation 115 'call' 'tmp' <Predicate = true> <Delay = 0.98> <CoreType = "Generic">   --->   Core 0 '' <Latency = 0> <II = 1> <Delay = 1.00> <Generic> <Opcode : >
ST_48 : Operation 116 [1/1] (0.88ns)   --->   "%loopCounter_1 = add i32 %loopCounter, i32 1" [patchMaker.cpp:769]   --->   Operation 116 'add' 'loopCounter_1' <Predicate = true> <Delay = 0.88> <CoreInst = "Adder">   --->   Core 1 'Adder' <Latency = 0> <II = 1> <Delay = 0.88> <FuncUnit> <Opcode : 'add' 'sub'> <InPorts = 2> <OutPorts = 1>
ST_48 : Operation 117 [1/1] (0.38ns)   --->   "%br_ln758 = br i1 %tmp, void %.loopexit, void" [patchMaker.cpp:758]   --->   Operation 117 'br' 'br_ln758' <Predicate = true> <Delay = 0.38>
ST_48 : Operation 118 [2/2] (0.96ns)   --->   "%call_ret = call i224 @solveNextPatchPair, i8 %n_patches, i32 %GDn_points, i32 %apexZ0_read, i32 %ppl_read, i32 %nPatchesInColumn_0, i32 %z_top_min_V_0, i32 %z_top_max_V_16, i32 %complementary_apexZ0_V_0, i32 %GDarrayDecoded, i64 %patches_superpoints, i32 %patches_parameters, i33 %radiiDivisionList_4, i26 %trapezoid_edges_V" [patchMaker.cpp:760]   --->   Operation 118 'call' 'call_ret' <Predicate = (tmp)> <Delay = 0.96> <CoreType = "Generic">   --->   Core 0 '' <Latency = 0> <II = 1> <Delay = 1.00> <Generic> <Opcode : >
ST_48 : Operation 119 [1/1] (0.85ns)   --->   "%icmp_ln764 = icmp_sgt  i32 %loopCounter, i32 25" [patchMaker.cpp:764]   --->   Operation 119 'icmp' 'icmp_ln764' <Predicate = (tmp)> <Delay = 0.85> <CoreInst = "Cmp">   --->   Core 9 'Cmp' <Latency = 0> <II = 1> <Delay = 0.85> <FuncUnit> <Opcode : 'icmp'> <InPorts = 2> <OutPorts = 1>

State 49 <SV = 48> <Delay = 0.38>
ST_49 : Operation 120 [1/1] (0.00ns)   --->   "%specloopname_ln760 = specloopname void @_ssdm_op_SpecLoopName, void @empty_36" [patchMaker.cpp:760]   --->   Operation 120 'specloopname' 'specloopname_ln760' <Predicate = (tmp)> <Delay = 0.00>
ST_49 : Operation 121 [1/2] (0.00ns)   --->   "%call_ret = call i224 @solveNextPatchPair, i8 %n_patches, i32 %GDn_points, i32 %apexZ0_read, i32 %ppl_read, i32 %nPatchesInColumn_0, i32 %z_top_min_V_0, i32 %z_top_max_V_16, i32 %complementary_apexZ0_V_0, i32 %GDarrayDecoded, i64 %patches_superpoints, i32 %patches_parameters, i33 %radiiDivisionList_4, i26 %trapezoid_edges_V" [patchMaker.cpp:760]   --->   Operation 121 'call' 'call_ret' <Predicate = (tmp)> <Delay = 0.00> <CoreType = "Generic">   --->   Core 0 '' <Latency = 0> <II = 1> <Delay = 1.00> <Generic> <Opcode : >
ST_49 : Operation 122 [1/1] (0.00ns)   --->   "%complementary_apexZ0_V = extractvalue i224 %call_ret" [patchMaker.cpp:760]   --->   Operation 122 'extractvalue' 'complementary_apexZ0_V' <Predicate = (tmp)> <Delay = 0.00>
ST_49 : Operation 123 [1/1] (0.00ns)   --->   "%projectionOfCornerToBeam_V = extractvalue i224 %call_ret" [patchMaker.cpp:760]   --->   Operation 123 'extractvalue' 'projectionOfCornerToBeam_V' <Predicate = (tmp)> <Delay = 0.00>
ST_49 : Operation 124 [1/1] (0.00ns)   --->   "%c_corner_V = extractvalue i224 %call_ret" [patchMaker.cpp:760]   --->   Operation 124 'extractvalue' 'c_corner_V' <Predicate = (tmp)> <Delay = 0.00>
ST_49 : Operation 125 [1/1] (0.00ns)   --->   "%nPatchesInColumn = extractvalue i224 %call_ret" [patchMaker.cpp:760]   --->   Operation 125 'extractvalue' 'nPatchesInColumn' <Predicate = (tmp)> <Delay = 0.00>
ST_49 : Operation 126 [1/1] (0.00ns)   --->   "%saved_apexZ0_ret = extractvalue i224 %call_ret" [patchMaker.cpp:760]   --->   Operation 126 'extractvalue' 'saved_apexZ0_ret' <Predicate = (tmp)> <Delay = 0.00>
ST_49 : Operation 127 [1/1] (0.00ns)   --->   "%z_top_max_V = extractvalue i224 %call_ret" [patchMaker.cpp:760]   --->   Operation 127 'extractvalue' 'z_top_max_V' <Predicate = (tmp)> <Delay = 0.00>
ST_49 : Operation 128 [1/1] (0.00ns)   --->   "%z_top_min_V = extractvalue i224 %call_ret" [patchMaker.cpp:760]   --->   Operation 128 'extractvalue' 'z_top_min_V' <Predicate = (tmp)> <Delay = 0.00>
ST_49 : Operation 129 [1/1] (0.38ns)   --->   "%br_ln764 = br i1 %icmp_ln764, void, void %.loopexit" [patchMaker.cpp:764]   --->   Operation 129 'br' 'br_ln764' <Predicate = (tmp)> <Delay = 0.38>
ST_49 : Operation 130 [1/1] (0.00ns)   --->   "%br_ln758 = br void %._crit_edge" [patchMaker.cpp:758]   --->   Operation 130 'br' 'br_ln758' <Predicate = (tmp & !icmp_ln764)> <Delay = 0.00>
ST_49 : Operation 131 [1/1] (0.00ns)   --->   "%saved_apexZ0_buf_1 = phi i32 %saved_apexZ0_ret, void, i32 %saved_apexZ0_buf_0, void %._crit_edge" [patchMaker.cpp:760]   --->   Operation 131 'phi' 'saved_apexZ0_buf_1' <Predicate = (icmp_ln764) | (!tmp)> <Delay = 0.00>
ST_49 : Operation 132 [1/1] (0.00ns)   --->   "%ret_ln779 = ret i32 %saved_apexZ0_buf_1" [patchMaker.cpp:779]   --->   Operation 132 'ret' 'ret_ln779' <Predicate = (icmp_ln764) | (!tmp)> <Delay = 0.00>


============================================================
+ Verbose Summary: Binding
============================================================
STG Binding: 
---------------- STG Properties BEGIN ----------------
- Is combinational: 0
- Is one-state seq: 0
- Is datapath-only: 0
- Is pipelined: 0
- Is top level: 0
Port [ Return ] is wired: 1; IO mode=ap_ctrl_hs:ce=0
Port [ n_patches]:  wired=1; compound=0; hidden=0; nouse=0; global=0; static=0; extern=0; dir=2; type=0; pingpong=0; private_global=0; IO mode=ap_ovld:ce=0
Port [ GDn_points]:  wired=1; compound=1; hidden=0; nouse=0; global=0; static=0; extern=0; dir=0; type=1; pingpong=0; private_global=0; MemPort=[13]; IO mode=ap_memory:ce=0
Port [ apexZ0]:  wired=1; compound=0; hidden=0; nouse=0; global=0; static=0; extern=0; dir=0; type=0; pingpong=0; private_global=0; IO mode=ap_none:ce=0
Port [ ppl]:  wired=1; compound=0; hidden=0; nouse=0; global=0; static=0; extern=0; dir=0; type=0; pingpong=0; private_global=0; IO mode=ap_none:ce=0
Port [ GDarrayDecoded]:  wired=1; compound=1; hidden=0; nouse=0; global=0; static=0; extern=0; dir=0; type=1; pingpong=0; private_global=0; MemPort=[13]; IO mode=ap_memory:ce=0
Port [ patches_superpoints]:  wired=1; compound=1; hidden=0; nouse=0; global=0; static=0; extern=0; dir=2; type=1; pingpong=0; private_global=0; MemPort=[21]; IO mode=ap_memory:ce=0
Port [ patches_parameters]:  wired=1; compound=1; hidden=0; nouse=0; global=0; static=0; extern=0; dir=2; type=1; pingpong=0; private_global=0; MemPort=[22]; IO mode=ap_memory:ce=0
Port [ radiiDivisionList_4]:  wired=0; compound=1; hidden=1; nouse=1; global=1; static=1; extern=0; dir=0; type=1; pingpong=0; private_global=0; MemPort=[1]; IO mode=ap_memory:ce=0
Port [ trapezoid_edges_V]:  wired=0; compound=1; hidden=1; nouse=1; global=1; static=1; extern=0; dir=0; type=1; pingpong=0; private_global=0; MemPort=[1]; IO mode=ap_memory:ce=0
---------------- STG Properties END ------------------

---------------- Datapath Model BEGIN ----------------

<LifeTime>
<method=bitvector/>
ppl_read                     (read         ) [ 00111111111111111111111111111111111111111111111111]
apexZ0_read                  (read         ) [ 00111111111111111111111111111111111111111111111111]
specinterface_ln0            (specinterface) [ 00000000000000000000000000000000000000000000000000]
n_patches_read               (read         ) [ 00000000000000000000000000000000000000000000000000]
icmp_ln744                   (icmp         ) [ 01111111111111111111111111111111111111111111111100]
br_ln744                     (br           ) [ 01111111111111111111111111111111111111111111111100]
op2_V                        (call         ) [ 00000000000000000000000000000000000000000000000100]
icmp_ln878                   (icmp         ) [ 00000000000000000000000000000000000000000000000000]
select_ln746                 (select       ) [ 00000000000000000000000000000000000000000000000000]
br_ln746                     (br           ) [ 00000000000000000000000000000000000000000000000000]
z_top_max_V_16_ph            (phi          ) [ 00111111111111111111111111111111111111111111111111]
br_ln753                     (br           ) [ 00000000000000000000000000000000000000000000000111]
z_top_max_V_16               (phi          ) [ 00000000000000000000000000000000000000000000000011]
c_corner_V_0                 (phi          ) [ 00000000000000000000000000000000000000000000000010]
complementary_apexZ0_V_0     (phi          ) [ 00000000000000000000000000000000000000000000000011]
z_top_min_V_0                (phi          ) [ 00000000000000000000000000000000000000000000000011]
nPatchesInColumn_0           (phi          ) [ 00000000000000000000000000000000000000000000000011]
projectionOfCornerToBeam_V_0 (phi          ) [ 00000000000000000000000000000000000000000000000010]
saved_apexZ0_buf_0           (phi          ) [ 00000000000000000000000000000000000000000000000011]
loopCounter                  (phi          ) [ 00000000000000000000000000000000000000000000000010]
tmp                          (call         ) [ 00000000000000000000000000000000000000000000000011]
loopCounter_1                (add          ) [ 00000000000000000000000000000000000000000000000111]
br_ln758                     (br           ) [ 00000000000000000000000000000000000000000000000011]
icmp_ln764                   (icmp         ) [ 00000000000000000000000000000000000000000000000001]
specloopname_ln760           (specloopname ) [ 00000000000000000000000000000000000000000000000000]
call_ret                     (call         ) [ 00000000000000000000000000000000000000000000000000]
complementary_apexZ0_V       (extractvalue ) [ 00000000000000000000000000000000000000000000000111]
projectionOfCornerToBeam_V   (extractvalue ) [ 00000000000000000000000000000000000000000000000111]
c_corner_V                   (extractvalue ) [ 00000000000000000000000000000000000000000000000111]
nPatchesInColumn             (extractvalue ) [ 00000000000000000000000000000000000000000000000111]
saved_apexZ0_ret             (extractvalue ) [ 00000000000000000000000000000000000000000000000111]
z_top_max_V                  (extractvalue ) [ 00000000000000000000000000000000000000000000000111]
z_top_min_V                  (extractvalue ) [ 00000000000000000000000000000000000000000000000111]
br_ln764                     (br           ) [ 00000000000000000000000000000000000000000000000000]
br_ln758                     (br           ) [ 00000000000000000000000000000000000000000000000111]
saved_apexZ0_buf_1           (phi          ) [ 00000000000000000000000000000000000000000000000001]
ret_ln779                    (ret          ) [ 00000000000000000000000000000000000000000000000000]
</LifeTime>

<model>

<comp_list>
<comp id="0" class="1000" name="n_patches">
<pin_list>
<pin id="1" dir="1" index="0" bw="1" slack="0"/>
</pin_list>
<bind>
<StgValue><ssdm name="n_patches"/></StgValue>
</bind>
</comp>

<comp id="2" class="1000" name="GDn_points">
<pin_list>
<pin id="3" dir="1" index="0" bw="1" slack="0"/>
</pin_list>
<bind>
<StgValue><ssdm name="GDn_points"/><MemPortTyVec>1 3 </MemPortTyVec>
</StgValue>
</bind>
</comp>

<comp id="4" class="1000" name="apexZ0">
<pin_list>
<pin id="5" dir="1" index="0" bw="1" slack="0"/>
</pin_list>
<bind>
<StgValue><ssdm name="apexZ0"/></StgValue>
</bind>
</comp>

<comp id="6" class="1000" name="ppl">
<pin_list>
<pin id="7" dir="1" index="0" bw="1" slack="0"/>
</pin_list>
<bind>
<StgValue><ssdm name="ppl"/></StgValue>
</bind>
</comp>

<comp id="8" class="1000" name="GDarrayDecoded">
<pin_list>
<pin id="9" dir="1" index="0" bw="1" slack="0"/>
</pin_list>
<bind>
<StgValue><ssdm name="GDarrayDecoded"/><MemPortTyVec>1 3 </MemPortTyVec>
</StgValue>
</bind>
</comp>

<comp id="10" class="1000" name="patches_superpoints">
<pin_list>
<pin id="11" dir="1" index="0" bw="1" slack="0"/>
</pin_list>
<bind>
<StgValue><ssdm name="patches_superpoints"/><MemPortTyVec>2 1 </MemPortTyVec>
</StgValue>
</bind>
</comp>

<comp id="12" class="1000" name="patches_parameters">
<pin_list>
<pin id="13" dir="1" index="0" bw="1" slack="0"/>
</pin_list>
<bind>
<StgValue><ssdm name="patches_parameters"/><MemPortTyVec>2 2 </MemPortTyVec>
</StgValue>
</bind>
</comp>

<comp id="14" class="1000" name="radiiDivisionList_4">
<pin_list>
<pin id="15" dir="1" index="0" bw="1" slack="0"/>
</pin_list>
<bind>
<StgValue><ssdm name="radiiDivisionList_4"/><MemPortTyVec>1 </MemPortTyVec>
</StgValue>
</bind>
</comp>

<comp id="16" class="1000" name="trapezoid_edges_V">
<pin_list>
<pin id="17" dir="1" index="0" bw="1" slack="0"/>
</pin_list>
<bind>
<StgValue><ssdm name="trapezoid_edges_V"/><MemPortTyVec>1 </MemPortTyVec>
</StgValue>
</bind>
</comp>

<comp id="18" class="1001" name="const_18">
<pin_list>
<pin id="19" dir="1" index="0" bw="1" slack="0"/>
</pin_list>
<bind>
<StgValue><ssdm name="_ssdm_op_Read.ap_auto.i32"/></StgValue>
</bind>
</comp>

<comp id="20" class="1001" name="const_20">
<pin_list>
<pin id="21" dir="1" index="0" bw="1" slack="2147483647"/>
</pin_list>
<bind>
<StgValue><ssdm name="_ssdm_op_SpecInterface"/></StgValue>
</bind>
</comp>

<comp id="22" class="1001" name="const_22">
<pin_list>
<pin id="23" dir="1" index="0" bw="1" slack="2147483647"/>
</pin_list>
<bind>
<StgValue><ssdm name="empty_13"/></StgValue>
</bind>
</comp>

<comp id="24" class="1001" name="const_24">
<pin_list>
<pin id="25" dir="1" index="0" bw="1" slack="1"/>
</pin_list>
<bind>
<StgValue><ssdm name=""/></StgValue>
</bind>
</comp>

<comp id="26" class="1001" name="const_26">
<pin_list>
<pin id="27" dir="1" index="0" bw="1" slack="2147483647"/>
</pin_list>
<bind>
<StgValue><ssdm name="empty_12"/></StgValue>
</bind>
</comp>

<comp id="28" class="1001" name="const_28">
<pin_list>
<pin id="29" dir="1" index="0" bw="1" slack="2147483647"/>
</pin_list>
<bind>
<StgValue><ssdm name=""/></StgValue>
</bind>
</comp>

<comp id="30" class="1001" name="const_30">
<pin_list>
<pin id="31" dir="1" index="0" bw="1" slack="0"/>
</pin_list>
<bind>
<StgValue><ssdm name="_ssdm_op_Read.ap_auto.i8P0A"/></StgValue>
</bind>
</comp>

<comp id="32" class="1001" name="const_32">
<pin_list>
<pin id="33" dir="1" index="0" bw="1" slack="0"/>
</pin_list>
<bind>
<StgValue><ssdm name=""/></StgValue>
</bind>
</comp>

<comp id="34" class="1001" name="const_34">
<pin_list>
<pin id="35" dir="1" index="0" bw="1" slack="0"/>
</pin_list>
<bind>
<StgValue><ssdm name="straightLineProjectorFromLayerIJtoK"/></StgValue>
</bind>
</comp>

<comp id="36" class="1001" name="const_36">
<pin_list>
<pin id="37" dir="1" index="0" bw="1" slack="0"/>
</pin_list>
<bind>
<StgValue><ssdm name=""/></StgValue>
</bind>
</comp>

<comp id="38" class="1001" name="const_38">
<pin_list>
<pin id="39" dir="1" index="0" bw="1" slack="0"/>
</pin_list>
<bind>
<StgValue><ssdm name=""/></StgValue>
</bind>
</comp>

<comp id="40" class="1001" name="const_40">
<pin_list>
<pin id="41" dir="1" index="0" bw="1" slack="0"/>
</pin_list>
<bind>
<StgValue><ssdm name=""/></StgValue>
</bind>
</comp>

<comp id="42" class="1001" name="const_42">
<pin_list>
<pin id="43" dir="1" index="0" bw="1" slack="0"/>
</pin_list>
<bind>
<StgValue><ssdm name=""/></StgValue>
</bind>
</comp>

<comp id="44" class="1001" name="const_44">
<pin_list>
<pin id="45" dir="1" index="0" bw="1" slack="0"/>
</pin_list>
<bind>
<StgValue><ssdm name=""/></StgValue>
</bind>
</comp>

<comp id="46" class="1001" name="const_46">
<pin_list>
<pin id="47" dir="1" index="0" bw="1" slack="1"/>
</pin_list>
<bind>
<StgValue><ssdm name=""/></StgValue>
</bind>
</comp>

<comp id="48" class="1001" name="const_48">
<pin_list>
<pin id="49" dir="1" index="0" bw="1" slack="0"/>
</pin_list>
<bind>
<StgValue><ssdm name="getSolveNextColumnWhileConditional"/></StgValue>
</bind>
</comp>

<comp id="50" class="1001" name="const_50">
<pin_list>
<pin id="51" dir="1" index="0" bw="1" slack="0"/>
</pin_list>
<bind>
<StgValue><ssdm name=""/></StgValue>
</bind>
</comp>

<comp id="52" class="1001" name="const_52">
<pin_list>
<pin id="53" dir="1" index="0" bw="1" slack="0"/>
</pin_list>
<bind>
<StgValue><ssdm name="solveNextPatchPair"/></StgValue>
</bind>
</comp>

<comp id="54" class="1001" name="const_54">
<pin_list>
<pin id="55" dir="1" index="0" bw="1" slack="0"/>
</pin_list>
<bind>
<StgValue><ssdm name=""/></StgValue>
</bind>
</comp>

<comp id="56" class="1001" name="const_56">
<pin_list>
<pin id="57" dir="1" index="0" bw="1" slack="2147483647"/>
</pin_list>
<bind>
<StgValue><ssdm name="_ssdm_op_SpecLoopName"/></StgValue>
</bind>
</comp>

<comp id="58" class="1001" name="const_58">
<pin_list>
<pin id="59" dir="1" index="0" bw="1" slack="2147483647"/>
</pin_list>
<bind>
<StgValue><ssdm name="empty_36"/></StgValue>
</bind>
</comp>

<comp id="60" class="1004" name="ppl_read_read_fu_60">
<pin_list>
<pin id="61" dir="0" index="0" bw="32" slack="0"/>
<pin id="62" dir="0" index="1" bw="32" slack="0"/>
<pin id="63" dir="1" index="2" bw="32" slack="47"/>
</pin_list>
<bind>
<opcode="read(1150) " fcode="read"/>
<opset="ppl_read/1 "/>
</bind>
</comp>

<comp id="66" class="1004" name="apexZ0_read_read_fu_66">
<pin_list>
<pin id="67" dir="0" index="0" bw="32" slack="0"/>
<pin id="68" dir="0" index="1" bw="32" slack="0"/>
<pin id="69" dir="1" index="2" bw="32" slack="0"/>
</pin_list>
<bind>
<opcode="read(1150) " fcode="read"/>
<opset="apexZ0_read/1 "/>
</bind>
</comp>

<comp id="72" class="1004" name="n_patches_read_read_fu_72">
<pin_list>
<pin id="73" dir="0" index="0" bw="8" slack="0"/>
<pin id="74" dir="0" index="1" bw="8" slack="0"/>
<pin id="75" dir="1" index="2" bw="8" slack="0"/>
</pin_list>
<bind>
<opcode="read(1150) " fcode="read"/>
<opset="n_patches_read/1 "/>
</bind>
</comp>

<comp id="78" class="1005" name="z_top_max_V_16_ph_reg_78">
<pin_list>
<pin id="79" dir="0" index="0" bw="32" slack="1"/>
<pin id="80" dir="1" index="1" bw="32" slack="1"/>
</pin_list>
<bind>
<opset="z_top_max_V_16_ph (phireg) "/>
</bind>
</comp>

<comp id="82" class="1004" name="z_top_max_V_16_ph_phi_fu_82">
<pin_list>
<pin id="83" dir="0" index="0" bw="27" slack="46"/>
<pin id="84" dir="0" index="1" bw="0" slack="2147483647"/>
<pin id="85" dir="0" index="2" bw="32" slack="0"/>
<pin id="86" dir="0" index="3" bw="0" slack="2147483647"/>
<pin id="87" dir="1" index="4" bw="32" slack="1"/>
</pin_list>
<bind>
<opcode="phi(47) " fcode="phi"/>
<opset="z_top_max_V_16_ph/47 "/>
</bind>
</comp>

<comp id="90" class="1005" name="z_top_max_V_16_reg_90">
<pin_list>
<pin id="91" dir="0" index="0" bw="32" slack="1"/>
<pin id="92" dir="1" index="1" bw="32" slack="2147483647"/>
</pin_list>
<bind>
<opset="z_top_max_V_16 (phireg) "/>
</bind>
</comp>

<comp id="93" class="1004" name="z_top_max_V_16_phi_fu_93">
<pin_list>
<pin id="94" dir="0" index="0" bw="32" slack="1"/>
<pin id="95" dir="0" index="1" bw="0" slack="2147483647"/>
<pin id="96" dir="0" index="2" bw="32" slack="1"/>
<pin id="97" dir="0" index="3" bw="0" slack="2147483647"/>
<pin id="98" dir="1" index="4" bw="32" slack="0"/>
</pin_list>
<bind>
<opcode="phi(47) " fcode="phi"/>
<opset="z_top_max_V_16/48 "/>
</bind>
</comp>

<comp id="101" class="1005" name="c_corner_V_0_reg_101">
<pin_list>
<pin id="102" dir="0" index="0" bw="32" slack="1"/>
<pin id="103" dir="1" index="1" bw="32" slack="1"/>
</pin_list>
<bind>
<opset="c_corner_V_0 (phireg) "/>
</bind>
</comp>

<comp id="105" class="1004" name="c_corner_V_0_phi_fu_105">
<pin_list>
<pin id="106" dir="0" index="0" bw="32" slack="1"/>
<pin id="107" dir="0" index="1" bw="0" slack="2147483647"/>
<pin id="108" dir="0" index="2" bw="27" slack="1"/>
<pin id="109" dir="0" index="3" bw="0" slack="2147483647"/>
<pin id="110" dir="1" index="4" bw="32" slack="0"/>
</pin_list>
<bind>
<opcode="phi(47) " fcode="phi"/>
<opset="c_corner_V_0/48 "/>
</bind>
</comp>

<comp id="112" class="1005" name="complementary_apexZ0_V_0_reg_112">
<pin_list>
<pin id="113" dir="0" index="0" bw="32" slack="1"/>
<pin id="114" dir="1" index="1" bw="32" slack="1"/>
</pin_list>
<bind>
<opset="complementary_apexZ0_V_0 (phireg) "/>
</bind>
</comp>

<comp id="116" class="1004" name="complementary_apexZ0_V_0_phi_fu_116">
<pin_list>
<pin id="117" dir="0" index="0" bw="32" slack="1"/>
<pin id="118" dir="0" index="1" bw="0" slack="2147483647"/>
<pin id="119" dir="0" index="2" bw="1" slack="1"/>
<pin id="120" dir="0" index="3" bw="0" slack="2147483647"/>
<pin id="121" dir="1" index="4" bw="32" slack="0"/>
</pin_list>
<bind>
<opcode="phi(47) " fcode="phi"/>
<opset="complementary_apexZ0_V_0/48 "/>
</bind>
</comp>

<comp id="124" class="1005" name="z_top_min_V_0_reg_124">
<pin_list>
<pin id="125" dir="0" index="0" bw="32" slack="1"/>
<pin id="126" dir="1" index="1" bw="32" slack="1"/>
</pin_list>
<bind>
<opset="z_top_min_V_0 (phireg) "/>
</bind>
</comp>

<comp id="128" class="1004" name="z_top_min_V_0_phi_fu_128">
<pin_list>
<pin id="129" dir="0" index="0" bw="32" slack="1"/>
<pin id="130" dir="0" index="1" bw="0" slack="2147483647"/>
<pin id="131" dir="0" index="2" bw="27" slack="1"/>
<pin id="132" dir="0" index="3" bw="0" slack="2147483647"/>
<pin id="133" dir="1" index="4" bw="32" slack="0"/>
</pin_list>
<bind>
<opcode="phi(47) " fcode="phi"/>
<opset="z_top_min_V_0/48 "/>
</bind>
</comp>

<comp id="136" class="1005" name="nPatchesInColumn_0_reg_136">
<pin_list>
<pin id="137" dir="0" index="0" bw="32" slack="1"/>
<pin id="138" dir="1" index="1" bw="32" slack="1"/>
</pin_list>
<bind>
<opset="nPatchesInColumn_0 (phireg) "/>
</bind>
</comp>

<comp id="140" class="1004" name="nPatchesInColumn_0_phi_fu_140">
<pin_list>
<pin id="141" dir="0" index="0" bw="32" slack="1"/>
<pin id="142" dir="0" index="1" bw="0" slack="2147483647"/>
<pin id="143" dir="0" index="2" bw="1" slack="1"/>
<pin id="144" dir="0" index="3" bw="0" slack="2147483647"/>
<pin id="145" dir="1" index="4" bw="32" slack="0"/>
</pin_list>
<bind>
<opcode="phi(47) " fcode="phi"/>
<opset="nPatchesInColumn_0/48 "/>
</bind>
</comp>

<comp id="148" class="1005" name="projectionOfCornerToBeam_V_0_reg_148">
<pin_list>
<pin id="149" dir="0" index="0" bw="32" slack="1"/>
<pin id="150" dir="1" index="1" bw="32" slack="1"/>
</pin_list>
<bind>
<opset="projectionOfCornerToBeam_V_0 (phireg) "/>
</bind>
</comp>

<comp id="152" class="1004" name="projectionOfCornerToBeam_V_0_phi_fu_152">
<pin_list>
<pin id="153" dir="0" index="0" bw="32" slack="1"/>
<pin id="154" dir="0" index="1" bw="0" slack="2147483647"/>
<pin id="155" dir="0" index="2" bw="1" slack="1"/>
<pin id="156" dir="0" index="3" bw="0" slack="2147483647"/>
<pin id="157" dir="1" index="4" bw="32" slack="0"/>
</pin_list>
<bind>
<opcode="phi(47) " fcode="phi"/>
<opset="projectionOfCornerToBeam_V_0/48 "/>
</bind>
</comp>

<comp id="159" class="1005" name="saved_apexZ0_buf_0_reg_159">
<pin_list>
<pin id="160" dir="0" index="0" bw="32" slack="1"/>
<pin id="161" dir="1" index="1" bw="32" slack="1"/>
</pin_list>
<bind>
<opset="saved_apexZ0_buf_0 (phireg) "/>
</bind>
</comp>

<comp id="162" class="1004" name="saved_apexZ0_buf_0_phi_fu_162">
<pin_list>
<pin id="163" dir="0" index="0" bw="32" slack="1"/>
<pin id="164" dir="0" index="1" bw="0" slack="2147483647"/>
<pin id="165" dir="0" index="2" bw="32" slack="47"/>
<pin id="166" dir="0" index="3" bw="0" slack="2147483647"/>
<pin id="167" dir="1" index="4" bw="32" slack="1"/>
</pin_list>
<bind>
<opcode="phi(47) " fcode="phi"/>
<opset="saved_apexZ0_buf_0/48 "/>
</bind>
</comp>

<comp id="169" class="1005" name="loopCounter_reg_169">
<pin_list>
<pin id="170" dir="0" index="0" bw="32" slack="1"/>
<pin id="171" dir="1" index="1" bw="32" slack="1"/>
</pin_list>
<bind>
<opset="loopCounter (phireg) "/>
</bind>
</comp>

<comp id="173" class="1004" name="loopCounter_phi_fu_173">
<pin_list>
<pin id="174" dir="0" index="0" bw="32" slack="0"/>
<pin id="175" dir="0" index="1" bw="0" slack="2147483647"/>
<pin id="176" dir="0" index="2" bw="1" slack="1"/>
<pin id="177" dir="0" index="3" bw="0" slack="2147483647"/>
<pin id="178" dir="1" index="4" bw="32" slack="0"/>
</pin_list>
<bind>
<opcode="phi(47) " fcode="phi"/>
<opset="loopCounter/48 "/>
</bind>
</comp>

<comp id="180" class="1005" name="saved_apexZ0_buf_1_reg_180">
<pin_list>
<pin id="181" dir="0" index="0" bw="32" slack="2147483647"/>
<pin id="182" dir="1" index="1" bw="32" slack="2147483647"/>
</pin_list>
<bind>
<opset="saved_apexZ0_buf_1 (phireg) "/>
</bind>
</comp>

<comp id="183" class="1004" name="saved_apexZ0_buf_1_phi_fu_183">
<pin_list>
<pin id="184" dir="0" index="0" bw="32" slack="0"/>
<pin id="185" dir="0" index="1" bw="0" slack="2147483647"/>
<pin id="186" dir="0" index="2" bw="32" slack="1"/>
<pin id="187" dir="0" index="3" bw="0" slack="2147483647"/>
<pin id="188" dir="1" index="4" bw="32" slack="2147483647"/>
</pin_list>
<bind>
<opcode="phi(47) " fcode="phi"/>
<opset="saved_apexZ0_buf_1/49 "/>
</bind>
</comp>

<comp id="190" class="1004" name="grp_solveNextPatchPair_fu_190">
<pin_list>
<pin id="191" dir="0" index="0" bw="224" slack="0"/>
<pin id="192" dir="0" index="1" bw="8" slack="0"/>
<pin id="193" dir="0" index="2" bw="32" slack="0"/>
<pin id="194" dir="0" index="3" bw="32" slack="47"/>
<pin id="195" dir="0" index="4" bw="32" slack="47"/>
<pin id="196" dir="0" index="5" bw="32" slack="0"/>
<pin id="197" dir="0" index="6" bw="32" slack="0"/>
<pin id="198" dir="0" index="7" bw="32" slack="0"/>
<pin id="199" dir="0" index="8" bw="32" slack="0"/>
<pin id="200" dir="0" index="9" bw="32" slack="0"/>
<pin id="201" dir="0" index="10" bw="64" slack="0"/>
<pin id="202" dir="0" index="11" bw="32" slack="0"/>
<pin id="203" dir="0" index="12" bw="33" slack="0"/>
<pin id="204" dir="0" index="13" bw="26" slack="0"/>
<pin id="205" dir="1" index="14" bw="224" slack="0"/>
</pin_list>
<bind>
<opcode="call(48) " fcode="call"/>
<opset="call_ret/48 "/>
</bind>
</comp>

<comp id="218" class="1004" name="grp_straightLineProjectorFromLayerIJtoK_fu_218">
<pin_list>
<pin id="219" dir="0" index="0" bw="32" slack="0"/>
<pin id="220" dir="0" index="1" bw="25" slack="0"/>
<pin id="221" dir="0" index="2" bw="32" slack="0"/>
<pin id="222" dir="0" index="3" bw="1" slack="0"/>
<pin id="223" dir="0" index="4" bw="1" slack="0"/>
<pin id="224" dir="0" index="5" bw="3" slack="0"/>
<pin id="225" dir="1" index="6" bw="32" slack="1"/>
</pin_list>
<bind>
<opcode="call(48) " fcode="call"/>
<opset="op2_V/1 "/>
</bind>
</comp>

<comp id="232" class="1004" name="tmp_getSolveNextColumnWhileConditional_fu_232">
<pin_list>
<pin id="233" dir="0" index="0" bw="1" slack="0"/>
<pin id="234" dir="0" index="1" bw="32" slack="0"/>
<pin id="235" dir="0" index="2" bw="32" slack="0"/>
<pin id="236" dir="0" index="3" bw="32" slack="0"/>
<pin id="237" dir="1" index="4" bw="1" slack="1"/>
</pin_list>
<bind>
<opcode="call(48) " fcode="call"/>
<opset="tmp/48 "/>
</bind>
</comp>

<comp id="242" class="1004" name="icmp_ln744_fu_242">
<pin_list>
<pin id="243" dir="0" index="0" bw="8" slack="0"/>
<pin id="244" dir="0" index="1" bw="8" slack="0"/>
<pin id="245" dir="1" index="2" bw="1" slack="46"/>
</pin_list>
<bind>
<opcode="icmp(45) " fcode="icmp"/>
<opset="icmp_ln744/1 "/>
</bind>
</comp>

<comp id="248" class="1004" name="icmp_ln878_fu_248">
<pin_list>
<pin id="249" dir="0" index="0" bw="32" slack="1"/>
<pin id="250" dir="0" index="1" bw="32" slack="0"/>
<pin id="251" dir="1" index="2" bw="1" slack="0"/>
</pin_list>
<bind>
<opcode="icmp(45) " fcode="icmp"/>
<opset="icmp_ln878/47 "/>
</bind>
</comp>

<comp id="253" class="1004" name="select_ln746_fu_253">
<pin_list>
<pin id="254" dir="0" index="0" bw="1" slack="0"/>
<pin id="255" dir="0" index="1" bw="32" slack="0"/>
<pin id="256" dir="0" index="2" bw="32" slack="1"/>
<pin id="257" dir="1" index="3" bw="32" slack="0"/>
</pin_list>
<bind>
<opcode="select(49) " fcode="select"/>
<opset="select_ln746/47 "/>
</bind>
</comp>

<comp id="261" class="1004" name="loopCounter_1_fu_261">
<pin_list>
<pin id="262" dir="0" index="0" bw="32" slack="0"/>
<pin id="263" dir="0" index="1" bw="1" slack="0"/>
<pin id="264" dir="1" index="2" bw="32" slack="0"/>
</pin_list>
<bind>
<opcode="add(8) " fcode="add"/>
<opset="loopCounter_1/48 "/>
</bind>
</comp>

<comp id="267" class="1004" name="icmp_ln764_fu_267">
<pin_list>
<pin id="268" dir="0" index="0" bw="32" slack="0"/>
<pin id="269" dir="0" index="1" bw="32" slack="0"/>
<pin id="270" dir="1" index="2" bw="1" slack="1"/>
</pin_list>
<bind>
<opcode="icmp(45) " fcode="icmp"/>
<opset="icmp_ln764/48 "/>
</bind>
</comp>

<comp id="273" class="1004" name="complementary_apexZ0_V_fu_273">
<pin_list>
<pin id="274" dir="0" index="0" bw="224" slack="0"/>
<pin id="275" dir="1" index="1" bw="32" slack="1"/>
</pin_list>
<bind>
<opcode="extractvalue(56) " fcode="extractvalue"/>
<opset="complementary_apexZ0_V/49 "/>
</bind>
</comp>

<comp id="277" class="1004" name="projectionOfCornerToBeam_V_fu_277">
<pin_list>
<pin id="278" dir="0" index="0" bw="224" slack="0"/>
<pin id="279" dir="1" index="1" bw="32" slack="1"/>
</pin_list>
<bind>
<opcode="extractvalue(56) " fcode="extractvalue"/>
<opset="projectionOfCornerToBeam_V/49 "/>
</bind>
</comp>

<comp id="281" class="1004" name="c_corner_V_fu_281">
<pin_list>
<pin id="282" dir="0" index="0" bw="224" slack="0"/>
<pin id="283" dir="1" index="1" bw="32" slack="1"/>
</pin_list>
<bind>
<opcode="extractvalue(56) " fcode="extractvalue"/>
<opset="c_corner_V/49 "/>
</bind>
</comp>

<comp id="285" class="1004" name="nPatchesInColumn_fu_285">
<pin_list>
<pin id="286" dir="0" index="0" bw="224" slack="0"/>
<pin id="287" dir="1" index="1" bw="32" slack="1"/>
</pin_list>
<bind>
<opcode="extractvalue(56) " fcode="extractvalue"/>
<opset="nPatchesInColumn/49 "/>
</bind>
</comp>

<comp id="289" class="1004" name="saved_apexZ0_ret_fu_289">
<pin_list>
<pin id="290" dir="0" index="0" bw="224" slack="0"/>
<pin id="291" dir="1" index="1" bw="32" slack="0"/>
</pin_list>
<bind>
<opcode="extractvalue(56) " fcode="extractvalue"/>
<opset="saved_apexZ0_ret/49 "/>
</bind>
</comp>

<comp id="294" class="1004" name="z_top_max_V_fu_294">
<pin_list>
<pin id="295" dir="0" index="0" bw="224" slack="0"/>
<pin id="296" dir="1" index="1" bw="32" slack="1"/>
</pin_list>
<bind>
<opcode="extractvalue(56) " fcode="extractvalue"/>
<opset="z_top_max_V/49 "/>
</bind>
</comp>

<comp id="298" class="1004" name="z_top_min_V_fu_298">
<pin_list>
<pin id="299" dir="0" index="0" bw="224" slack="0"/>
<pin id="300" dir="1" index="1" bw="32" slack="1"/>
</pin_list>
<bind>
<opcode="extractvalue(56) " fcode="extractvalue"/>
<opset="z_top_min_V/49 "/>
</bind>
</comp>

<comp id="302" class="1005" name="ppl_read_reg_302">
<pin_list>
<pin id="303" dir="0" index="0" bw="32" slack="47"/>
<pin id="304" dir="1" index="1" bw="32" slack="47"/>
</pin_list>
<bind>
<opset="ppl_read "/>
</bind>
</comp>

<comp id="307" class="1005" name="apexZ0_read_reg_307">
<pin_list>
<pin id="308" dir="0" index="0" bw="32" slack="1"/>
<pin id="309" dir="1" index="1" bw="32" slack="1"/>
</pin_list>
<bind>
<opset="apexZ0_read "/>
</bind>
</comp>

<comp id="314" class="1005" name="icmp_ln744_reg_314">
<pin_list>
<pin id="315" dir="0" index="0" bw="1" slack="46"/>
<pin id="316" dir="1" index="1" bw="1" slack="2147483647"/>
</pin_list>
<bind>
<opset="icmp_ln744 "/>
</bind>
</comp>

<comp id="318" class="1005" name="op2_V_reg_318">
<pin_list>
<pin id="319" dir="0" index="0" bw="32" slack="1"/>
<pin id="320" dir="1" index="1" bw="32" slack="1"/>
</pin_list>
<bind>
<opset="op2_V "/>
</bind>
</comp>

<comp id="324" class="1005" name="tmp_reg_324">
<pin_list>
<pin id="325" dir="0" index="0" bw="1" slack="1"/>
<pin id="326" dir="1" index="1" bw="1" slack="2147483647"/>
</pin_list>
<bind>
<opset="tmp "/>
</bind>
</comp>

<comp id="328" class="1005" name="loopCounter_1_reg_328">
<pin_list>
<pin id="329" dir="0" index="0" bw="32" slack="0"/>
<pin id="330" dir="1" index="1" bw="32" slack="0"/>
</pin_list>
<bind>
<opset="loopCounter_1 "/>
</bind>
</comp>

<comp id="333" class="1005" name="icmp_ln764_reg_333">
<pin_list>
<pin id="334" dir="0" index="0" bw="1" slack="1"/>
<pin id="335" dir="1" index="1" bw="1" slack="2147483647"/>
</pin_list>
<bind>
<opset="icmp_ln764 "/>
</bind>
</comp>

<comp id="337" class="1005" name="complementary_apexZ0_V_reg_337">
<pin_list>
<pin id="338" dir="0" index="0" bw="32" slack="1"/>
<pin id="339" dir="1" index="1" bw="32" slack="1"/>
</pin_list>
<bind>
<opset="complementary_apexZ0_V "/>
</bind>
</comp>

<comp id="342" class="1005" name="projectionOfCornerToBeam_V_reg_342">
<pin_list>
<pin id="343" dir="0" index="0" bw="32" slack="1"/>
<pin id="344" dir="1" index="1" bw="32" slack="1"/>
</pin_list>
<bind>
<opset="projectionOfCornerToBeam_V "/>
</bind>
</comp>

<comp id="347" class="1005" name="c_corner_V_reg_347">
<pin_list>
<pin id="348" dir="0" index="0" bw="32" slack="1"/>
<pin id="349" dir="1" index="1" bw="32" slack="1"/>
</pin_list>
<bind>
<opset="c_corner_V "/>
</bind>
</comp>

<comp id="352" class="1005" name="nPatchesInColumn_reg_352">
<pin_list>
<pin id="353" dir="0" index="0" bw="32" slack="1"/>
<pin id="354" dir="1" index="1" bw="32" slack="1"/>
</pin_list>
<bind>
<opset="nPatchesInColumn "/>
</bind>
</comp>

<comp id="357" class="1005" name="saved_apexZ0_ret_reg_357">
<pin_list>
<pin id="358" dir="0" index="0" bw="32" slack="1"/>
<pin id="359" dir="1" index="1" bw="32" slack="1"/>
</pin_list>
<bind>
<opset="saved_apexZ0_ret "/>
</bind>
</comp>

<comp id="362" class="1005" name="z_top_max_V_reg_362">
<pin_list>
<pin id="363" dir="0" index="0" bw="32" slack="1"/>
<pin id="364" dir="1" index="1" bw="32" slack="1"/>
</pin_list>
<bind>
<opset="z_top_max_V "/>
</bind>
</comp>

<comp id="367" class="1005" name="z_top_min_V_reg_367">
<pin_list>
<pin id="368" dir="0" index="0" bw="32" slack="1"/>
<pin id="369" dir="1" index="1" bw="32" slack="1"/>
</pin_list>
<bind>
<opset="z_top_min_V "/>
</bind>
</comp>

</comp_list>

<net_list>
<net id="64"><net_src comp="18" pin="0"/><net_sink comp="60" pin=0"/></net>

<net id="65"><net_src comp="6" pin="0"/><net_sink comp="60" pin=1"/></net>

<net id="70"><net_src comp="18" pin="0"/><net_sink comp="66" pin=0"/></net>

<net id="71"><net_src comp="4" pin="0"/><net_sink comp="66" pin=1"/></net>

<net id="76"><net_src comp="30" pin="0"/><net_sink comp="72" pin=0"/></net>

<net id="77"><net_src comp="0" pin="0"/><net_sink comp="72" pin=1"/></net>

<net id="81"><net_src comp="44" pin="0"/><net_sink comp="78" pin=0"/></net>

<net id="88"><net_src comp="78" pin="1"/><net_sink comp="82" pin=0"/></net>

<net id="89"><net_src comp="82" pin="4"/><net_sink comp="78" pin=0"/></net>

<net id="99"><net_src comp="78" pin="1"/><net_sink comp="93" pin=2"/></net>

<net id="100"><net_src comp="93" pin="4"/><net_sink comp="90" pin=0"/></net>

<net id="104"><net_src comp="44" pin="0"/><net_sink comp="101" pin=0"/></net>

<net id="111"><net_src comp="101" pin="1"/><net_sink comp="105" pin=2"/></net>

<net id="115"><net_src comp="24" pin="0"/><net_sink comp="112" pin=0"/></net>

<net id="122"><net_src comp="112" pin="1"/><net_sink comp="116" pin=2"/></net>

<net id="123"><net_src comp="116" pin="4"/><net_sink comp="112" pin=0"/></net>

<net id="127"><net_src comp="46" pin="0"/><net_sink comp="124" pin=0"/></net>

<net id="134"><net_src comp="124" pin="1"/><net_sink comp="128" pin=2"/></net>

<net id="135"><net_src comp="128" pin="4"/><net_sink comp="124" pin=0"/></net>

<net id="139"><net_src comp="24" pin="0"/><net_sink comp="136" pin=0"/></net>

<net id="146"><net_src comp="136" pin="1"/><net_sink comp="140" pin=2"/></net>

<net id="147"><net_src comp="140" pin="4"/><net_sink comp="136" pin=0"/></net>

<net id="151"><net_src comp="24" pin="0"/><net_sink comp="148" pin=0"/></net>

<net id="158"><net_src comp="148" pin="1"/><net_sink comp="152" pin=2"/></net>

<net id="168"><net_src comp="162" pin="4"/><net_sink comp="159" pin=0"/></net>

<net id="172"><net_src comp="24" pin="0"/><net_sink comp="169" pin=0"/></net>

<net id="179"><net_src comp="169" pin="1"/><net_sink comp="173" pin=2"/></net>

<net id="189"><net_src comp="159" pin="1"/><net_sink comp="183" pin=2"/></net>

<net id="206"><net_src comp="52" pin="0"/><net_sink comp="190" pin=0"/></net>

<net id="207"><net_src comp="0" pin="0"/><net_sink comp="190" pin=1"/></net>

<net id="208"><net_src comp="2" pin="0"/><net_sink comp="190" pin=2"/></net>

<net id="209"><net_src comp="140" pin="4"/><net_sink comp="190" pin=5"/></net>

<net id="210"><net_src comp="128" pin="4"/><net_sink comp="190" pin=6"/></net>

<net id="211"><net_src comp="93" pin="4"/><net_sink comp="190" pin=7"/></net>

<net id="212"><net_src comp="116" pin="4"/><net_sink comp="190" pin=8"/></net>

<net id="213"><net_src comp="8" pin="0"/><net_sink comp="190" pin=9"/></net>

<net id="214"><net_src comp="10" pin="0"/><net_sink comp="190" pin=10"/></net>

<net id="215"><net_src comp="12" pin="0"/><net_sink comp="190" pin=11"/></net>

<net id="216"><net_src comp="14" pin="0"/><net_sink comp="190" pin=12"/></net>

<net id="217"><net_src comp="16" pin="0"/><net_sink comp="190" pin=13"/></net>

<net id="226"><net_src comp="34" pin="0"/><net_sink comp="218" pin=0"/></net>

<net id="227"><net_src comp="36" pin="0"/><net_sink comp="218" pin=1"/></net>

<net id="228"><net_src comp="66" pin="2"/><net_sink comp="218" pin=2"/></net>

<net id="229"><net_src comp="38" pin="0"/><net_sink comp="218" pin=3"/></net>

<net id="230"><net_src comp="40" pin="0"/><net_sink comp="218" pin=4"/></net>

<net id="231"><net_src comp="42" pin="0"/><net_sink comp="218" pin=5"/></net>

<net id="238"><net_src comp="48" pin="0"/><net_sink comp="232" pin=0"/></net>

<net id="239"><net_src comp="105" pin="4"/><net_sink comp="232" pin=1"/></net>

<net id="240"><net_src comp="140" pin="4"/><net_sink comp="232" pin=2"/></net>

<net id="241"><net_src comp="152" pin="4"/><net_sink comp="232" pin=3"/></net>

<net id="246"><net_src comp="72" pin="2"/><net_sink comp="242" pin=0"/></net>

<net id="247"><net_src comp="32" pin="0"/><net_sink comp="242" pin=1"/></net>

<net id="252"><net_src comp="44" pin="0"/><net_sink comp="248" pin=1"/></net>

<net id="258"><net_src comp="248" pin="2"/><net_sink comp="253" pin=0"/></net>

<net id="259"><net_src comp="44" pin="0"/><net_sink comp="253" pin=1"/></net>

<net id="260"><net_src comp="253" pin="3"/><net_sink comp="82" pin=2"/></net>

<net id="265"><net_src comp="173" pin="4"/><net_sink comp="261" pin=0"/></net>

<net id="266"><net_src comp="50" pin="0"/><net_sink comp="261" pin=1"/></net>

<net id="271"><net_src comp="173" pin="4"/><net_sink comp="267" pin=0"/></net>

<net id="272"><net_src comp="54" pin="0"/><net_sink comp="267" pin=1"/></net>

<net id="276"><net_src comp="190" pin="14"/><net_sink comp="273" pin=0"/></net>

<net id="280"><net_src comp="190" pin="14"/><net_sink comp="277" pin=0"/></net>

<net id="284"><net_src comp="190" pin="14"/><net_sink comp="281" pin=0"/></net>

<net id="288"><net_src comp="190" pin="14"/><net_sink comp="285" pin=0"/></net>

<net id="292"><net_src comp="190" pin="14"/><net_sink comp="289" pin=0"/></net>

<net id="293"><net_src comp="289" pin="1"/><net_sink comp="183" pin=0"/></net>

<net id="297"><net_src comp="190" pin="14"/><net_sink comp="294" pin=0"/></net>

<net id="301"><net_src comp="190" pin="14"/><net_sink comp="298" pin=0"/></net>

<net id="305"><net_src comp="60" pin="2"/><net_sink comp="302" pin=0"/></net>

<net id="306"><net_src comp="302" pin="1"/><net_sink comp="190" pin=4"/></net>

<net id="310"><net_src comp="66" pin="2"/><net_sink comp="307" pin=0"/></net>

<net id="311"><net_src comp="307" pin="1"/><net_sink comp="218" pin=2"/></net>

<net id="312"><net_src comp="307" pin="1"/><net_sink comp="162" pin=2"/></net>

<net id="313"><net_src comp="307" pin="1"/><net_sink comp="190" pin=3"/></net>

<net id="317"><net_src comp="242" pin="2"/><net_sink comp="314" pin=0"/></net>

<net id="321"><net_src comp="218" pin="6"/><net_sink comp="318" pin=0"/></net>

<net id="322"><net_src comp="318" pin="1"/><net_sink comp="248" pin=0"/></net>

<net id="323"><net_src comp="318" pin="1"/><net_sink comp="253" pin=2"/></net>

<net id="327"><net_src comp="232" pin="4"/><net_sink comp="324" pin=0"/></net>

<net id="331"><net_src comp="261" pin="2"/><net_sink comp="328" pin=0"/></net>

<net id="332"><net_src comp="328" pin="1"/><net_sink comp="173" pin=0"/></net>

<net id="336"><net_src comp="267" pin="2"/><net_sink comp="333" pin=0"/></net>

<net id="340"><net_src comp="273" pin="1"/><net_sink comp="337" pin=0"/></net>

<net id="341"><net_src comp="337" pin="1"/><net_sink comp="116" pin=0"/></net>

<net id="345"><net_src comp="277" pin="1"/><net_sink comp="342" pin=0"/></net>

<net id="346"><net_src comp="342" pin="1"/><net_sink comp="152" pin=0"/></net>

<net id="350"><net_src comp="281" pin="1"/><net_sink comp="347" pin=0"/></net>

<net id="351"><net_src comp="347" pin="1"/><net_sink comp="105" pin=0"/></net>

<net id="355"><net_src comp="285" pin="1"/><net_sink comp="352" pin=0"/></net>

<net id="356"><net_src comp="352" pin="1"/><net_sink comp="140" pin=0"/></net>

<net id="360"><net_src comp="289" pin="1"/><net_sink comp="357" pin=0"/></net>

<net id="361"><net_src comp="357" pin="1"/><net_sink comp="162" pin=0"/></net>

<net id="365"><net_src comp="294" pin="1"/><net_sink comp="362" pin=0"/></net>

<net id="366"><net_src comp="362" pin="1"/><net_sink comp="93" pin=0"/></net>

<net id="370"><net_src comp="298" pin="1"/><net_sink comp="367" pin=0"/></net>

<net id="371"><net_src comp="367" pin="1"/><net_sink comp="128" pin=0"/></net>

</net_list>

</model> 
---------------- Datapath Model END ------------------

* FSMD analyzer results:
  - Output states:
	Port: n_patches | {48 49 }
	Port: GDn_points | {}
	Port: patches_superpoints | {48 49 }
	Port: patches_parameters | {48 49 }
	Port: radiiDivisionList_4 | {}
	Port: trapezoid_edges_V | {}
 - Input state : 
	Port: solveNextColumn : n_patches | {1 48 49 }
	Port: solveNextColumn : GDn_points | {48 49 }
	Port: solveNextColumn : apexZ0 | {1 }
	Port: solveNextColumn : ppl | {1 }
	Port: solveNextColumn : GDarrayDecoded | {48 49 }
	Port: solveNextColumn : patches_superpoints | {48 49 }
	Port: solveNextColumn : patches_parameters | {48 49 }
	Port: solveNextColumn : radiiDivisionList_4 | {48 49 }
	Port: solveNextColumn : trapezoid_edges_V | {48 49 }
  - Chain level:
	State 1
		br_ln744 : 1
	State 2
	State 3
	State 4
	State 5
	State 6
	State 7
	State 8
	State 9
	State 10
	State 11
	State 12
	State 13
	State 14
	State 15
	State 16
	State 17
	State 18
	State 19
	State 20
	State 21
	State 22
	State 23
	State 24
	State 25
	State 26
	State 27
	State 28
	State 29
	State 30
	State 31
	State 32
	State 33
	State 34
	State 35
	State 36
	State 37
	State 38
	State 39
	State 40
	State 41
	State 42
	State 43
	State 44
	State 45
	State 46
	State 47
		select_ln746 : 1
		z_top_max_V_16_ph : 2
	State 48
		tmp : 1
		loopCounter_1 : 1
		br_ln758 : 2
		call_ret : 1
		icmp_ln764 : 1
	State 49
		complementary_apexZ0_V : 1
		projectionOfCornerToBeam_V : 1
		c_corner_V : 1
		nPatchesInColumn : 1
		saved_apexZ0_ret : 1
		z_top_max_V : 1
		z_top_min_V : 1
		saved_apexZ0_buf_1 : 2
		ret_ln779 : 3


============================================================
+ Verbose Summary: Datapath Resource usage 
============================================================

* Functional unit list:
|----------|------------------------------------------------|---------|---------|---------|---------|---------|
| Operation|                 Functional Unit                |   BRAM  |   DSP   |  Delay  |    FF   |   LUT   |
|----------|------------------------------------------------|---------|---------|---------|---------|---------|
|          |          grp_solveNextPatchPair_fu_190         |    9    |    4    | 118.053 |  89135  |  70166  |
|   call   | grp_straightLineProjectorFromLayerIJtoK_fu_218 |    0    |    0    |  1.161  |   3429  |   2494  |
|          |  tmp_getSolveNextColumnWhileConditional_fu_232 |    0    |    0    |    0    |    0    |    64   |
|----------|------------------------------------------------|---------|---------|---------|---------|---------|
|          |                icmp_ln744_fu_242               |    0    |    0    |    0    |    0    |    11   |
|   icmp   |                icmp_ln878_fu_248               |    0    |    0    |    0    |    0    |    20   |
|          |                icmp_ln764_fu_267               |    0    |    0    |    0    |    0    |    20   |
|----------|------------------------------------------------|---------|---------|---------|---------|---------|
|    add   |              loopCounter_1_fu_261              |    0    |    0    |    0    |    0    |    39   |
|----------|------------------------------------------------|---------|---------|---------|---------|---------|
|  select  |               select_ln746_fu_253              |    0    |    0    |    0    |    0    |    32   |
|----------|------------------------------------------------|---------|---------|---------|---------|---------|
|          |               ppl_read_read_fu_60              |    0    |    0    |    0    |    0    |    0    |
|   read   |             apexZ0_read_read_fu_66             |    0    |    0    |    0    |    0    |    0    |
|          |            n_patches_read_read_fu_72           |    0    |    0    |    0    |    0    |    0    |
|----------|------------------------------------------------|---------|---------|---------|---------|---------|
|          |          complementary_apexZ0_V_fu_273         |    0    |    0    |    0    |    0    |    0    |
|          |        projectionOfCornerToBeam_V_fu_277       |    0    |    0    |    0    |    0    |    0    |
|          |                c_corner_V_fu_281               |    0    |    0    |    0    |    0    |    0    |
|extractvalue|             nPatchesInColumn_fu_285            |    0    |    0    |    0    |    0    |    0    |
|          |             saved_apexZ0_ret_fu_289            |    0    |    0    |    0    |    0    |    0    |
|          |               z_top_max_V_fu_294               |    0    |    0    |    0    |    0    |    0    |
|          |               z_top_min_V_fu_298               |    0    |    0    |    0    |    0    |    0    |
|----------|------------------------------------------------|---------|---------|---------|---------|---------|
|   Total  |                                                |    9    |    4    | 119.214 |  92564  |  72846  |
|----------|------------------------------------------------|---------|---------|---------|---------|---------|

Memories:
N/A

* Register list:
+------------------------------------+--------+
|                                    |   FF   |
+------------------------------------+--------+
|         apexZ0_read_reg_307        |   32   |
|        c_corner_V_0_reg_101        |   32   |
|         c_corner_V_reg_347         |   32   |
|  complementary_apexZ0_V_0_reg_112  |   32   |
|   complementary_apexZ0_V_reg_337   |   32   |
|         icmp_ln744_reg_314         |    1   |
|         icmp_ln764_reg_333         |    1   |
|        loopCounter_1_reg_328       |   32   |
|         loopCounter_reg_169        |   32   |
|     nPatchesInColumn_0_reg_136     |   32   |
|      nPatchesInColumn_reg_352      |   32   |
|            op2_V_reg_318           |   32   |
|          ppl_read_reg_302          |   32   |
|projectionOfCornerToBeam_V_0_reg_148|   32   |
| projectionOfCornerToBeam_V_reg_342 |   32   |
|     saved_apexZ0_buf_0_reg_159     |   32   |
|     saved_apexZ0_buf_1_reg_180     |   32   |
|      saved_apexZ0_ret_reg_357      |   32   |
|             tmp_reg_324            |    1   |
|      z_top_max_V_16_ph_reg_78      |   32   |
|        z_top_max_V_16_reg_90       |   32   |
|         z_top_max_V_reg_362        |   32   |
|        z_top_min_V_0_reg_124       |   32   |
|         z_top_min_V_reg_367        |   32   |
+------------------------------------+--------+
|                Total               |   675  |
+------------------------------------+--------+

* Multiplexer (MUX) list: 
|------------------------------------------------|------|------|------|--------||---------||---------|
|                      Comp                      |  Pin | Size |  BW  | S x BW ||  Delay  ||   LUT   |
|------------------------------------------------|------|------|------|--------||---------||---------|
|            z_top_max_V_16_ph_reg_78            |  p0  |   2  |  32  |   64   ||    9    |
|        complementary_apexZ0_V_0_reg_112        |  p0  |   2  |  32  |   64   ||    9    |
|              z_top_min_V_0_reg_124             |  p0  |   2  |  32  |   64   ||    9    |
|           nPatchesInColumn_0_reg_136           |  p0  |   2  |  32  |   64   ||    9    |
| grp_straightLineProjectorFromLayerIJtoK_fu_218 |  p2  |   2  |  32  |   64   ||    9    |
|------------------------------------------------|------|------|------|--------||---------||---------|
|                      Total                     |      |      |      |   320  ||  1.935  ||    45   |
|------------------------------------------------|------|------|------|--------||---------||---------|



* Summary:
+-----------+--------+--------+--------+--------+--------+
|           |  BRAM  |   DSP  |  Delay |   FF   |   LUT  |
+-----------+--------+--------+--------+--------+--------+
|  Function |    9   |    4   |   119  |  92564 |  72846 |
|   Memory  |    -   |    -   |    -   |    -   |    -   |
|Multiplexer|    -   |    -   |    1   |    -   |   45   |
|  Register |    -   |    -   |    -   |   675  |    -   |
+-----------+--------+--------+--------+--------+--------+
|   Total   |    9   |    4   |   121  |  93239 |  72891 |
+-----------+--------+--------+--------+--------+--------+
