==============================================================
Vitis HLS - High-Level Synthesis from C, C++ and OpenCL v2020.2 (64-bit)
Copyright 1986-2020 Xilinx, Inc. All Rights Reserved.
==============================================================
INFO: [SYN 201-201] Setting up clock 'default' with a period of 10ns.
INFO: [HLS 200-10] Setting target device to 'xcvu19p-fsvb3824-2-e'
INFO: [HLS 200-1505] Using flow_target 'vivado'
INFO: [HLS 200-1510] Running: set_part xcvu19p-fsvb3824-2-e 
INFO: [HLS 200-1510] Running: create_clock -period 10 -name default 
INFO: [SYN 201-201] Setting up clock 'default' with a period of 10ns.
INFO: [HLS 200-1510] Running: csim_design -quiet 
INFO: [SIM 211-2] *************** CSIM start ***************
INFO: [SIM 211-4] CSIM will launch GCC as the compiler.
INFO: [SIM 211-1] CSim done with 0 errors.
INFO: [SIM 211-3] *************** CSIM finish ***************
INFO: [HLS 200-111] Finished Command csim_design CPU user time: 1 seconds. CPU system time: 0 seconds. Elapsed time: 12.728 seconds; current allocated memory: 91.967 MB.
==============================================================
Vitis HLS - High-Level Synthesis from C, C++ and OpenCL v2020.2 (64-bit)
Copyright 1986-2020 Xilinx, Inc. All Rights Reserved.
==============================================================
INFO: [SYN 201-201] Setting up clock 'default' with a period of 10ns.
INFO: [HLS 200-10] Setting target device to 'xcvu19p-fsvb3824-2-e'
INFO: [HLS 200-1505] Using flow_target 'vivado'
INFO: [HLS 200-1510] Running: set_part xcvu19p-fsvb3824-2-e 
INFO: [HLS 200-1510] Running: create_clock -period 10 -name default 
INFO: [HLS 200-1510] Running: csynth_design 
INFO: [HLS 200-111] Finished File checks and directory preparation: CPU user time: 0 seconds. CPU system time: 0 seconds. Elapsed time: 0.144 seconds; current allocated memory: 871.508 MB.
INFO: [HLS 200-10] Analyzing design file 'patchMaker.cpp' ... 
WARNING: [HLS 207-5301] unused parameter 'pointCount': patchMaker.cpp:3:72
WARNING: [HLS 207-5301] unused parameter 'wp_superpoints': patchMaker.cpp:195:35
WARNING: [HLS 207-5301] unused parameter 'stop': patchMaker.cpp:470:112
WARNING: [HLS 207-5301] unused parameter 'ppl': patchMaker.cpp:470:122
WARNING: [HLS 207-5301] unused parameter 'leftRight': patchMaker.cpp:470:132
WARNING: [HLS 207-5301] unused parameter 'GDarray': patchMaker.cpp:470:170
WARNING: [HLS 207-5301] unused parameter 'GDn_points': patchMaker.cpp:470:195
WARNING: [HLS 207-5301] unused parameter 'stop': patchMaker.cpp:528:42
WARNING: [HLS 207-5301] unused parameter 'leftRight': patchMaker.cpp:528:62
WARNING: [HLS 207-5301] unused parameter 'GDarray': patchMaker.cpp:690:74
WARNING: [HLS 207-5301] unused parameter 'patches_superpoints': patchMaker.cpp:690:126
WARNING: [HLS 207-5301] unused parameter 'repeat_patch': patchMaker.cpp:850:381
WARNING: [HLS 207-5301] unused parameter 'repeat_original': patchMaker.cpp:850:401
INFO: [HLS 200-111] Finished Source Code Analysis and Preprocessing: CPU user time: 2 seconds. CPU system time: 1 seconds. Elapsed time: 8.237 seconds; current allocated memory: 93.575 MB.
INFO: [HLS 200-777] Using interface defaults for 'Vivado' flow target.
INFO: [HLS 214-248] complete reshaped array 'patches_superpoints' on dimension 3 (patchMaker.cpp:471:1)
INFO: [HLS 200-111] Finished Compiling Optimization and Transform: CPU user time: 0 seconds. CPU system time: 0 seconds. Elapsed time: 6.47 seconds; current allocated memory: 94.697 MB.
INFO: [HLS 200-111] Finished Checking Pragmas: CPU user time: 0 seconds. CPU system time: 0 seconds. Elapsed time: 0.022 seconds; current allocated memory: 94.697 MB.
INFO: [HLS 200-10] Starting code transformations ...
INFO: [HLS 200-111] Finished Standard Transforms: CPU user time: 0 seconds. CPU system time: 0 seconds. Elapsed time: 0.158 seconds; current allocated memory: 96.301 MB.
INFO: [HLS 200-10] Checking synthesizability ...
INFO: [HLS 200-111] Finished Checking Synthesizability: CPU user time: 0 seconds. CPU system time: 0 seconds. Elapsed time: 0.095 seconds; current allocated memory: 96.698 MB.
INFO: [HLS 200-111] Finished Loop, function and other optimizations: CPU user time: 0 seconds. CPU system time: 0 seconds. Elapsed time: 0.245 seconds; current allocated memory: 117.726 MB.
INFO: [HLS 200-111] Finished Architecture Synthesis: CPU user time: 0 seconds. CPU system time: 0 seconds. Elapsed time: 0.144 seconds; current allocated memory: 109.849 MB.
INFO: [HLS 200-10] Starting hardware synthesis ...
INFO: [HLS 200-10] Synthesizing 'makePatches_ShadowQuilt_fromEdges' ...
INFO: [HLS 200-10] ----------------------------------------------------------------
INFO: [HLS 200-42] -- Implementing module 'makePatches_ShadowQuilt_fromEdges' 
INFO: [HLS 200-10] ----------------------------------------------------------------
INFO: [SCHED 204-11] Starting scheduling ...
INFO: [SCHED 204-11] Finished scheduling.
INFO: [HLS 200-111] Finished Scheduling: CPU user time: 0 seconds. CPU system time: 0 seconds. Elapsed time: 0.049 seconds; current allocated memory: 110.091 MB.
INFO: [BIND 205-100] Starting micro-architecture generation ...
INFO: [BIND 205-101] Performing variable lifetime analysis.
INFO: [BIND 205-101] Exploring resource sharing.
INFO: [BIND 205-101] Binding ...
INFO: [BIND 205-100] Finished micro-architecture generation.
INFO: [HLS 200-111] Finished Binding: CPU user time: 0 seconds. CPU system time: 0 seconds. Elapsed time: 0.112 seconds; current allocated memory: 110.196 MB.
INFO: [HLS 200-10] ----------------------------------------------------------------
INFO: [HLS 200-10] -- Generating RTL for module 'makePatches_ShadowQuilt_fromEdges' 
INFO: [HLS 200-10] ----------------------------------------------------------------
INFO: [RTGEN 206-500] Setting interface mode on port 'makePatches_ShadowQuilt_fromEdges/stop' to 'ap_none'.
INFO: [RTGEN 206-500] Setting interface mode on port 'makePatches_ShadowQuilt_fromEdges/ppl' to 'ap_none'.
INFO: [RTGEN 206-500] Setting interface mode on port 'makePatches_ShadowQuilt_fromEdges/leftRight' to 'ap_none'.
INFO: [RTGEN 206-500] Setting interface mode on port 'makePatches_ShadowQuilt_fromEdges/n_patches' to 'ap_vld'.
INFO: [RTGEN 206-500] Setting interface mode on port 'makePatches_ShadowQuilt_fromEdges/GDarray' to 'ap_memory'.
INFO: [RTGEN 206-500] Setting interface mode on port 'makePatches_ShadowQuilt_fromEdges/GDn_points' to 'ap_memory'.
INFO: [RTGEN 206-500] Setting interface mode on port 'makePatches_ShadowQuilt_fromEdges/patches_superpoints' to 'ap_memory'.
INFO: [RTGEN 206-500] Setting interface mode on function 'makePatches_ShadowQuilt_fromEdges' to 'ap_ctrl_hs'.
WARNING: [RTGEN 206-101] Port 'makePatches_ShadowQuilt_fromEdges/stop' has no fanin or fanout and is left dangling.
               Please use C simulation to confirm this function argument can be read from or written to.
WARNING: [RTGEN 206-101] Port 'makePatches_ShadowQuilt_fromEdges/ppl' has no fanin or fanout and is left dangling.
               Please use C simulation to confirm this function argument can be read from or written to.
WARNING: [RTGEN 206-101] Port 'makePatches_ShadowQuilt_fromEdges/leftRight' has no fanin or fanout and is left dangling.
               Please use C simulation to confirm this function argument can be read from or written to.
WARNING: [RTGEN 206-101] Port 'makePatches_ShadowQuilt_fromEdges/GDarray_address0' has no fanin or fanout and is left dangling.
               Please use C simulation to confirm this function argument can be read from or written to.
WARNING: [RTGEN 206-101] Setting dangling out port 'makePatches_ShadowQuilt_fromEdges/GDarray_address0' to 0.
WARNING: [RTGEN 206-101] Port 'makePatches_ShadowQuilt_fromEdges/GDarray_ce0' has no fanin or fanout and is left dangling.
               Please use C simulation to confirm this function argument can be read from or written to.
WARNING: [RTGEN 206-101] Setting dangling out port 'makePatches_ShadowQuilt_fromEdges/GDarray_ce0' to 0.
WARNING: [RTGEN 206-101] Port 'makePatches_ShadowQuilt_fromEdges/GDarray_we0' has no fanin or fanout and is left dangling.
               Please use C simulation to confirm this function argument can be read from or written to.
WARNING: [RTGEN 206-101] Setting dangling out port 'makePatches_ShadowQuilt_fromEdges/GDarray_we0' to 0.
WARNING: [RTGEN 206-101] Port 'makePatches_ShadowQuilt_fromEdges/GDarray_d0' has no fanin or fanout and is left dangling.
               Please use C simulation to confirm this function argument can be read from or written to.
WARNING: [RTGEN 206-101] Setting dangling out port 'makePatches_ShadowQuilt_fromEdges/GDarray_d0' to 0.
WARNING: [RTGEN 206-101] Port 'makePatches_ShadowQuilt_fromEdges/GDarray_q0' has no fanin or fanout and is left dangling.
               Please use C simulation to confirm this function argument can be read from or written to.
WARNING: [RTGEN 206-101] Port 'makePatches_ShadowQuilt_fromEdges/GDarray_address1' has no fanin or fanout and is left dangling.
               Please use C simulation to confirm this function argument can be read from or written to.
WARNING: [RTGEN 206-101] Setting dangling out port 'makePatches_ShadowQuilt_fromEdges/GDarray_address1' to 0.
WARNING: [RTGEN 206-101] Port 'makePatches_ShadowQuilt_fromEdges/GDarray_ce1' has no fanin or fanout and is left dangling.
               Please use C simulation to confirm this function argument can be read from or written to.
WARNING: [RTGEN 206-101] Setting dangling out port 'makePatches_ShadowQuilt_fromEdges/GDarray_ce1' to 0.
WARNING: [RTGEN 206-101] Port 'makePatches_ShadowQuilt_fromEdges/GDarray_we1' has no fanin or fanout and is left dangling.
               Please use C simulation to confirm this function argument can be read from or written to.
WARNING: [RTGEN 206-101] Setting dangling out port 'makePatches_ShadowQuilt_fromEdges/GDarray_we1' to 0.
WARNING: [RTGEN 206-101] Port 'makePatches_ShadowQuilt_fromEdges/GDarray_d1' has no fanin or fanout and is left dangling.
               Please use C simulation to confirm this function argument can be read from or written to.
WARNING: [RTGEN 206-101] Setting dangling out port 'makePatches_ShadowQuilt_fromEdges/GDarray_d1' to 0.
WARNING: [RTGEN 206-101] Port 'makePatches_ShadowQuilt_fromEdges/GDarray_q1' has no fanin or fanout and is left dangling.
               Please use C simulation to confirm this function argument can be read from or written to.
WARNING: [RTGEN 206-101] Port 'makePatches_ShadowQuilt_fromEdges/GDn_points_address0' has no fanin or fanout and is left dangling.
               Please use C simulation to confirm this function argument can be read from or written to.
WARNING: [RTGEN 206-101] Setting dangling out port 'makePatches_ShadowQuilt_fromEdges/GDn_points_address0' to 0.
WARNING: [RTGEN 206-101] Port 'makePatches_ShadowQuilt_fromEdges/GDn_points_ce0' has no fanin or fanout and is left dangling.
               Please use C simulation to confirm this function argument can be read from or written to.
WARNING: [RTGEN 206-101] Setting dangling out port 'makePatches_ShadowQuilt_fromEdges/GDn_points_ce0' to 0.
WARNING: [RTGEN 206-101] Port 'makePatches_ShadowQuilt_fromEdges/GDn_points_we0' has no fanin or fanout and is left dangling.
               Please use C simulation to confirm this function argument can be read from or written to.
WARNING: [RTGEN 206-101] Setting dangling out port 'makePatches_ShadowQuilt_fromEdges/GDn_points_we0' to 0.
WARNING: [RTGEN 206-101] Port 'makePatches_ShadowQuilt_fromEdges/GDn_points_d0' has no fanin or fanout and is left dangling.
               Please use C simulation to confirm this function argument can be read from or written to.
WARNING: [RTGEN 206-101] Setting dangling out port 'makePatches_ShadowQuilt_fromEdges/GDn_points_d0' to 0.
WARNING: [RTGEN 206-101] Port 'makePatches_ShadowQuilt_fromEdges/GDn_points_q0' has no fanin or fanout and is left dangling.
               Please use C simulation to confirm this function argument can be read from or written to.
WARNING: [RTGEN 206-101] Port 'makePatches_ShadowQuilt_fromEdges/GDn_points_address1' has no fanin or fanout and is left dangling.
               Please use C simulation to confirm this function argument can be read from or written to.
WARNING: [RTGEN 206-101] Setting dangling out port 'makePatches_ShadowQuilt_fromEdges/GDn_points_address1' to 0.
WARNING: [RTGEN 206-101] Port 'makePatches_ShadowQuilt_fromEdges/GDn_points_ce1' has no fanin or fanout and is left dangling.
               Please use C simulation to confirm this function argument can be read from or written to.
WARNING: [RTGEN 206-101] Setting dangling out port 'makePatches_ShadowQuilt_fromEdges/GDn_points_ce1' to 0.
WARNING: [RTGEN 206-101] Port 'makePatches_ShadowQuilt_fromEdges/GDn_points_we1' has no fanin or fanout and is left dangling.
               Please use C simulation to confirm this function argument can be read from or written to.
WARNING: [RTGEN 206-101] Setting dangling out port 'makePatches_ShadowQuilt_fromEdges/GDn_points_we1' to 0.
WARNING: [RTGEN 206-101] Port 'makePatches_ShadowQuilt_fromEdges/GDn_points_d1' has no fanin or fanout and is left dangling.
               Please use C simulation to confirm this function argument can be read from or written to.
WARNING: [RTGEN 206-101] Setting dangling out port 'makePatches_ShadowQuilt_fromEdges/GDn_points_d1' to 0.
WARNING: [RTGEN 206-101] Port 'makePatches_ShadowQuilt_fromEdges/GDn_points_q1' has no fanin or fanout and is left dangling.
               Please use C simulation to confirm this function argument can be read from or written to.
WARNING: [RTGEN 206-101] Port 'makePatches_ShadowQuilt_fromEdges/patches_superpoints_address0' has no fanin or fanout and is left dangling.
               Please use C simulation to confirm this function argument can be read from or written to.
WARNING: [RTGEN 206-101] Setting dangling out port 'makePatches_ShadowQuilt_fromEdges/patches_superpoints_address0' to 0.
WARNING: [RTGEN 206-101] Port 'makePatches_ShadowQuilt_fromEdges/patches_superpoints_ce0' has no fanin or fanout and is left dangling.
               Please use C simulation to confirm this function argument can be read from or written to.
WARNING: [RTGEN 206-101] Setting dangling out port 'makePatches_ShadowQuilt_fromEdges/patches_superpoints_ce0' to 0.
WARNING: [RTGEN 206-101] Port 'makePatches_ShadowQuilt_fromEdges/patches_superpoints_we0' has no fanin or fanout and is left dangling.
               Please use C simulation to confirm this function argument can be read from or written to.
WARNING: [RTGEN 206-101] Setting dangling out port 'makePatches_ShadowQuilt_fromEdges/patches_superpoints_we0' to 0.
WARNING: [RTGEN 206-101] Port 'makePatches_ShadowQuilt_fromEdges/patches_superpoints_d0' has no fanin or fanout and is left dangling.
               Please use C simulation to confirm this function argument can be read from or written to.
WARNING: [RTGEN 206-101] Setting dangling out port 'makePatches_ShadowQuilt_fromEdges/patches_superpoints_d0' to 0.
WARNING: [RTGEN 206-101] Port 'makePatches_ShadowQuilt_fromEdges/patches_superpoints_q0' has no fanin or fanout and is left dangling.
               Please use C simulation to confirm this function argument can be read from or written to.
WARNING: [RTGEN 206-101] Port 'makePatches_ShadowQuilt_fromEdges/patches_superpoints_address1' has no fanin or fanout and is left dangling.
               Please use C simulation to confirm this function argument can be read from or written to.
WARNING: [RTGEN 206-101] Setting dangling out port 'makePatches_ShadowQuilt_fromEdges/patches_superpoints_address1' to 0.
WARNING: [RTGEN 206-101] Port 'makePatches_ShadowQuilt_fromEdges/patches_superpoints_ce1' has no fanin or fanout and is left dangling.
               Please use C simulation to confirm this function argument can be read from or written to.
WARNING: [RTGEN 206-101] Setting dangling out port 'makePatches_ShadowQuilt_fromEdges/patches_superpoints_ce1' to 0.
WARNING: [RTGEN 206-101] Port 'makePatches_ShadowQuilt_fromEdges/patches_superpoints_we1' has no fanin or fanout and is left dangling.
               Please use C simulation to confirm this function argument can be read from or written to.
WARNING: [RTGEN 206-101] Setting dangling out port 'makePatches_ShadowQuilt_fromEdges/patches_superpoints_we1' to 0.
WARNING: [RTGEN 206-101] Port 'makePatches_ShadowQuilt_fromEdges/patches_superpoints_d1' has no fanin or fanout and is left dangling.
               Please use C simulation to confirm this function argument can be read from or written to.
WARNING: [RTGEN 206-101] Setting dangling out port 'makePatches_ShadowQuilt_fromEdges/patches_superpoints_d1' to 0.
WARNING: [RTGEN 206-101] Port 'makePatches_ShadowQuilt_fromEdges/patches_superpoints_q1' has no fanin or fanout and is left dangling.
               Please use C simulation to confirm this function argument can be read from or written to.
INFO: [RTGEN 206-100] Finished creating RTL model for 'makePatches_ShadowQuilt_fromEdges'.
INFO: [HLS 200-111] Finished Creating RTL model: CPU user time: 0 seconds. CPU system time: 0 seconds. Elapsed time: 0.825 seconds; current allocated memory: 110.470 MB.
INFO: [HLS 200-111] Finished Generating all RTL models: CPU user time: 1 seconds. CPU system time: 0 seconds. Elapsed time: 2.044 seconds; current allocated memory: 117.135 MB.
INFO: [VHDL 208-304] Generating VHDL RTL for makePatches_ShadowQuilt_fromEdges.
INFO: [VLOG 209-307] Generating Verilog RTL for makePatches_ShadowQuilt_fromEdges.
INFO: [HLS 200-789] **** Estimated Fmax: 0.00 MHz
INFO: [HLS 200-111] Finished Command csynth_design CPU user time: 3 seconds. CPU system time: 1 seconds. Elapsed time: 19.053 seconds; current allocated memory: 117.429 MB.
INFO: [HLS 200-112] Total CPU user time: 5 seconds. Total CPU system time: 2 seconds. Total elapsed time: 21.682 seconds; peak allocated memory: 871.508 MB.
==============================================================
Vitis HLS - High-Level Synthesis from C, C++ and OpenCL v2020.2 (64-bit)
Copyright 1986-2020 Xilinx, Inc. All Rights Reserved.
==============================================================
INFO: [SYN 201-201] Setting up clock 'default' with a period of 10ns.
INFO: [HLS 200-10] Setting target device to 'xcvu19p-fsvb3824-2-e'
INFO: [HLS 200-1505] Using flow_target 'vivado'
INFO: [HLS 200-1510] Running: set_part xcvu19p-fsvb3824-2-e 
INFO: [HLS 200-1510] Running: create_clock -period 10 -name default 
INFO: [SYN 201-201] Setting up clock 'default' with a period of 10ns.
INFO: [HLS 200-1510] Running: cosim_design 
INFO: [COSIM 212-47] Using XSIM for RTL simulation.
INFO: [COSIM 212-14] Instrumenting C test bench ...
INFO: [COSIM 212-302] Starting C TB testing ... 
INFO: [COSIM 212-333] Generating C post check test bench ...
INFO: [COSIM 212-12] Generating RTL test bench ...
INFO: [COSIM 212-1] *** C/RTL co-simulation file generation completed. ***
INFO: [COSIM 212-323] Starting verilog simulation. 
INFO: [COSIM 212-15] Starting XSIM ...
INFO: [COSIM 212-316] Starting C post checking ...
INFO: [COSIM 212-1000] *** C/RTL co-simulation finished: PASS ***
INFO: [COSIM 212-210] Design is translated to an combinational logic. II and Latency will be marked as all 0.
INFO: [HLS 200-111] Finished Command cosim_design CPU user time: 3 seconds. CPU system time: 1 seconds. Elapsed time: 47.414 seconds; current allocated memory: 97.229 MB.
==============================================================
Vitis HLS - High-Level Synthesis from C, C++ and OpenCL v2020.2 (64-bit)
Copyright 1986-2020 Xilinx, Inc. All Rights Reserved.
==============================================================
INFO: [SYN 201-201] Setting up clock 'default' with a period of 10ns.
INFO: [HLS 200-10] Setting target device to 'xcvu19p-fsvb3824-2-e'
INFO: [HLS 200-1505] Using flow_target 'vivado'
INFO: [HLS 200-1510] Running: set_part xcvu19p-fsvb3824-2-e 
INFO: [HLS 200-1510] Running: create_clock -period 10 -name default 
INFO: [SYN 201-201] Setting up clock 'default' with a period of 10ns.
INFO: [HLS 200-1510] Running: csim_design -quiet 
INFO: [SIM 211-2] *************** CSIM start ***************
INFO: [SIM 211-4] CSIM will launch GCC as the compiler.
INFO: [SIM 211-1] CSim done with 0 errors.
INFO: [SIM 211-3] *************** CSIM finish ***************
INFO: [HLS 200-111] Finished Command csim_design CPU user time: 1 seconds. CPU system time: 0 seconds. Elapsed time: 11.275 seconds; current allocated memory: 91.928 MB.
==============================================================
Vitis HLS - High-Level Synthesis from C, C++ and OpenCL v2020.2 (64-bit)
Copyright 1986-2020 Xilinx, Inc. All Rights Reserved.
==============================================================
INFO: [SYN 201-201] Setting up clock 'default' with a period of 10ns.
INFO: [HLS 200-10] Setting target device to 'xcvu19p-fsvb3824-2-e'
INFO: [HLS 200-1505] Using flow_target 'vivado'
INFO: [HLS 200-1510] Running: set_part xcvu19p-fsvb3824-2-e 
INFO: [HLS 200-1510] Running: create_clock -period 10 -name default 
INFO: [HLS 200-1510] Running: csynth_design 
INFO: [HLS 200-111] Finished File checks and directory preparation: CPU user time: 1 seconds. CPU system time: 0 seconds. Elapsed time: 0.139 seconds; current allocated memory: 871.508 MB.
INFO: [HLS 200-10] Analyzing design file 'patchMaker.cpp' ... 
WARNING: [HLS 207-5301] unused parameter 'pointCount': patchMaker.cpp:3:72
WARNING: [HLS 207-5301] unused parameter 'wp_superpoints': patchMaker.cpp:195:35
WARNING: [HLS 207-5301] unused parameter 'stop': patchMaker.cpp:470:112
WARNING: [HLS 207-5301] unused parameter 'ppl': patchMaker.cpp:470:122
WARNING: [HLS 207-5301] unused parameter 'leftRight': patchMaker.cpp:470:132
WARNING: [HLS 207-5301] unused parameter 'GDarray': patchMaker.cpp:470:170
WARNING: [HLS 207-5301] unused parameter 'GDn_points': patchMaker.cpp:470:195
WARNING: [HLS 207-5301] unused parameter 'stop': patchMaker.cpp:528:42
WARNING: [HLS 207-5301] unused parameter 'leftRight': patchMaker.cpp:528:62
WARNING: [HLS 207-5301] unused parameter 'GDarray': patchMaker.cpp:690:74
WARNING: [HLS 207-5301] unused parameter 'patches_superpoints': patchMaker.cpp:690:126
WARNING: [HLS 207-5301] unused parameter 'repeat_patch': patchMaker.cpp:850:381
WARNING: [HLS 207-5301] unused parameter 'repeat_original': patchMaker.cpp:850:401
INFO: [HLS 200-111] Finished Source Code Analysis and Preprocessing: CPU user time: 1 seconds. CPU system time: 1 seconds. Elapsed time: 7.098 seconds; current allocated memory: 93.575 MB.
INFO: [HLS 200-777] Using interface defaults for 'Vivado' flow target.
INFO: [HLS 214-248] complete reshaped array 'patches_superpoints' on dimension 3 (patchMaker.cpp:471:1)
INFO: [HLS 200-111] Finished Compiling Optimization and Transform: CPU user time: 0 seconds. CPU system time: 0 seconds. Elapsed time: 5.828 seconds; current allocated memory: 94.697 MB.
INFO: [HLS 200-111] Finished Checking Pragmas: CPU user time: 0 seconds. CPU system time: 0 seconds. Elapsed time: 0.025 seconds; current allocated memory: 94.697 MB.
INFO: [HLS 200-10] Starting code transformations ...
INFO: [HLS 200-111] Finished Standard Transforms: CPU user time: 0 seconds. CPU system time: 0 seconds. Elapsed time: 0.125 seconds; current allocated memory: 96.302 MB.
INFO: [HLS 200-10] Checking synthesizability ...
INFO: [HLS 200-111] Finished Checking Synthesizability: CPU user time: 0 seconds. CPU system time: 0 seconds. Elapsed time: 0.077 seconds; current allocated memory: 96.700 MB.
INFO: [HLS 200-111] Finished Loop, function and other optimizations: CPU user time: 0 seconds. CPU system time: 0 seconds. Elapsed time: 0.222 seconds; current allocated memory: 117.730 MB.
INFO: [HLS 200-111] Finished Architecture Synthesis: CPU user time: 0 seconds. CPU system time: 0 seconds. Elapsed time: 0.106 seconds; current allocated memory: 109.870 MB.
INFO: [HLS 200-10] Starting hardware synthesis ...
INFO: [HLS 200-10] Synthesizing 'makePatches_ShadowQuilt_fromEdges' ...
INFO: [HLS 200-10] ----------------------------------------------------------------
INFO: [HLS 200-42] -- Implementing module 'makePatches_ShadowQuilt_fromEdges' 
INFO: [HLS 200-10] ----------------------------------------------------------------
INFO: [SCHED 204-11] Starting scheduling ...
INFO: [SCHED 204-11] Finished scheduling.
INFO: [HLS 200-111] Finished Scheduling: CPU user time: 0 seconds. CPU system time: 0 seconds. Elapsed time: 0.147 seconds; current allocated memory: 110.096 MB.
INFO: [BIND 205-100] Starting micro-architecture generation ...
INFO: [BIND 205-101] Performing variable lifetime analysis.
INFO: [BIND 205-101] Exploring resource sharing.
INFO: [BIND 205-101] Binding ...
INFO: [BIND 205-100] Finished micro-architecture generation.
INFO: [HLS 200-111] Finished Binding: CPU user time: 0 seconds. CPU system time: 0 seconds. Elapsed time: 0.048 seconds; current allocated memory: 110.201 MB.
INFO: [HLS 200-10] ----------------------------------------------------------------
INFO: [HLS 200-10] -- Generating RTL for module 'makePatches_ShadowQuilt_fromEdges' 
INFO: [HLS 200-10] ----------------------------------------------------------------
INFO: [RTGEN 206-500] Setting interface mode on port 'makePatches_ShadowQuilt_fromEdges/stop' to 'ap_none'.
INFO: [RTGEN 206-500] Setting interface mode on port 'makePatches_ShadowQuilt_fromEdges/ppl' to 'ap_none'.
INFO: [RTGEN 206-500] Setting interface mode on port 'makePatches_ShadowQuilt_fromEdges/leftRight' to 'ap_none'.
INFO: [RTGEN 206-500] Setting interface mode on port 'makePatches_ShadowQuilt_fromEdges/n_patches' to 'ap_vld'.
INFO: [RTGEN 206-500] Setting interface mode on port 'makePatches_ShadowQuilt_fromEdges/GDarray' to 'ap_memory'.
INFO: [RTGEN 206-500] Setting interface mode on port 'makePatches_ShadowQuilt_fromEdges/GDn_points' to 'ap_memory'.
INFO: [RTGEN 206-500] Setting interface mode on port 'makePatches_ShadowQuilt_fromEdges/patches_superpoints' to 'ap_memory'.
INFO: [RTGEN 206-500] Setting interface mode on function 'makePatches_ShadowQuilt_fromEdges' to 'ap_ctrl_hs'.
WARNING: [RTGEN 206-101] Port 'makePatches_ShadowQuilt_fromEdges/stop' has no fanin or fanout and is left dangling.
               Please use C simulation to confirm this function argument can be read from or written to.
WARNING: [RTGEN 206-101] Port 'makePatches_ShadowQuilt_fromEdges/ppl' has no fanin or fanout and is left dangling.
               Please use C simulation to confirm this function argument can be read from or written to.
WARNING: [RTGEN 206-101] Port 'makePatches_ShadowQuilt_fromEdges/leftRight' has no fanin or fanout and is left dangling.
               Please use C simulation to confirm this function argument can be read from or written to.
WARNING: [RTGEN 206-101] Port 'makePatches_ShadowQuilt_fromEdges/GDarray_address0' has no fanin or fanout and is left dangling.
               Please use C simulation to confirm this function argument can be read from or written to.
WARNING: [RTGEN 206-101] Setting dangling out port 'makePatches_ShadowQuilt_fromEdges/GDarray_address0' to 0.
WARNING: [RTGEN 206-101] Port 'makePatches_ShadowQuilt_fromEdges/GDarray_ce0' has no fanin or fanout and is left dangling.
               Please use C simulation to confirm this function argument can be read from or written to.
WARNING: [RTGEN 206-101] Setting dangling out port 'makePatches_ShadowQuilt_fromEdges/GDarray_ce0' to 0.
WARNING: [RTGEN 206-101] Port 'makePatches_ShadowQuilt_fromEdges/GDarray_we0' has no fanin or fanout and is left dangling.
               Please use C simulation to confirm this function argument can be read from or written to.
WARNING: [RTGEN 206-101] Setting dangling out port 'makePatches_ShadowQuilt_fromEdges/GDarray_we0' to 0.
WARNING: [RTGEN 206-101] Port 'makePatches_ShadowQuilt_fromEdges/GDarray_d0' has no fanin or fanout and is left dangling.
               Please use C simulation to confirm this function argument can be read from or written to.
WARNING: [RTGEN 206-101] Setting dangling out port 'makePatches_ShadowQuilt_fromEdges/GDarray_d0' to 0.
WARNING: [RTGEN 206-101] Port 'makePatches_ShadowQuilt_fromEdges/GDarray_q0' has no fanin or fanout and is left dangling.
               Please use C simulation to confirm this function argument can be read from or written to.
WARNING: [RTGEN 206-101] Port 'makePatches_ShadowQuilt_fromEdges/GDarray_address1' has no fanin or fanout and is left dangling.
               Please use C simulation to confirm this function argument can be read from or written to.
WARNING: [RTGEN 206-101] Setting dangling out port 'makePatches_ShadowQuilt_fromEdges/GDarray_address1' to 0.
WARNING: [RTGEN 206-101] Port 'makePatches_ShadowQuilt_fromEdges/GDarray_ce1' has no fanin or fanout and is left dangling.
               Please use C simulation to confirm this function argument can be read from or written to.
WARNING: [RTGEN 206-101] Setting dangling out port 'makePatches_ShadowQuilt_fromEdges/GDarray_ce1' to 0.
WARNING: [RTGEN 206-101] Port 'makePatches_ShadowQuilt_fromEdges/GDarray_we1' has no fanin or fanout and is left dangling.
               Please use C simulation to confirm this function argument can be read from or written to.
WARNING: [RTGEN 206-101] Setting dangling out port 'makePatches_ShadowQuilt_fromEdges/GDarray_we1' to 0.
WARNING: [RTGEN 206-101] Port 'makePatches_ShadowQuilt_fromEdges/GDarray_d1' has no fanin or fanout and is left dangling.
               Please use C simulation to confirm this function argument can be read from or written to.
WARNING: [RTGEN 206-101] Setting dangling out port 'makePatches_ShadowQuilt_fromEdges/GDarray_d1' to 0.
WARNING: [RTGEN 206-101] Port 'makePatches_ShadowQuilt_fromEdges/GDarray_q1' has no fanin or fanout and is left dangling.
               Please use C simulation to confirm this function argument can be read from or written to.
WARNING: [RTGEN 206-101] Port 'makePatches_ShadowQuilt_fromEdges/GDn_points_address0' has no fanin or fanout and is left dangling.
               Please use C simulation to confirm this function argument can be read from or written to.
WARNING: [RTGEN 206-101] Setting dangling out port 'makePatches_ShadowQuilt_fromEdges/GDn_points_address0' to 0.
WARNING: [RTGEN 206-101] Port 'makePatches_ShadowQuilt_fromEdges/GDn_points_ce0' has no fanin or fanout and is left dangling.
               Please use C simulation to confirm this function argument can be read from or written to.
WARNING: [RTGEN 206-101] Setting dangling out port 'makePatches_ShadowQuilt_fromEdges/GDn_points_ce0' to 0.
WARNING: [RTGEN 206-101] Port 'makePatches_ShadowQuilt_fromEdges/GDn_points_we0' has no fanin or fanout and is left dangling.
               Please use C simulation to confirm this function argument can be read from or written to.
WARNING: [RTGEN 206-101] Setting dangling out port 'makePatches_ShadowQuilt_fromEdges/GDn_points_we0' to 0.
WARNING: [RTGEN 206-101] Port 'makePatches_ShadowQuilt_fromEdges/GDn_points_d0' has no fanin or fanout and is left dangling.
               Please use C simulation to confirm this function argument can be read from or written to.
WARNING: [RTGEN 206-101] Setting dangling out port 'makePatches_ShadowQuilt_fromEdges/GDn_points_d0' to 0.
WARNING: [RTGEN 206-101] Port 'makePatches_ShadowQuilt_fromEdges/GDn_points_q0' has no fanin or fanout and is left dangling.
               Please use C simulation to confirm this function argument can be read from or written to.
WARNING: [RTGEN 206-101] Port 'makePatches_ShadowQuilt_fromEdges/GDn_points_address1' has no fanin or fanout and is left dangling.
               Please use C simulation to confirm this function argument can be read from or written to.
WARNING: [RTGEN 206-101] Setting dangling out port 'makePatches_ShadowQuilt_fromEdges/GDn_points_address1' to 0.
WARNING: [RTGEN 206-101] Port 'makePatches_ShadowQuilt_fromEdges/GDn_points_ce1' has no fanin or fanout and is left dangling.
               Please use C simulation to confirm this function argument can be read from or written to.
WARNING: [RTGEN 206-101] Setting dangling out port 'makePatches_ShadowQuilt_fromEdges/GDn_points_ce1' to 0.
WARNING: [RTGEN 206-101] Port 'makePatches_ShadowQuilt_fromEdges/GDn_points_we1' has no fanin or fanout and is left dangling.
               Please use C simulation to confirm this function argument can be read from or written to.
WARNING: [RTGEN 206-101] Setting dangling out port 'makePatches_ShadowQuilt_fromEdges/GDn_points_we1' to 0.
WARNING: [RTGEN 206-101] Port 'makePatches_ShadowQuilt_fromEdges/GDn_points_d1' has no fanin or fanout and is left dangling.
               Please use C simulation to confirm this function argument can be read from or written to.
WARNING: [RTGEN 206-101] Setting dangling out port 'makePatches_ShadowQuilt_fromEdges/GDn_points_d1' to 0.
WARNING: [RTGEN 206-101] Port 'makePatches_ShadowQuilt_fromEdges/GDn_points_q1' has no fanin or fanout and is left dangling.
               Please use C simulation to confirm this function argument can be read from or written to.
WARNING: [RTGEN 206-101] Port 'makePatches_ShadowQuilt_fromEdges/patches_superpoints_address0' has no fanin or fanout and is left dangling.
               Please use C simulation to confirm this function argument can be read from or written to.
WARNING: [RTGEN 206-101] Setting dangling out port 'makePatches_ShadowQuilt_fromEdges/patches_superpoints_address0' to 0.
WARNING: [RTGEN 206-101] Port 'makePatches_ShadowQuilt_fromEdges/patches_superpoints_ce0' has no fanin or fanout and is left dangling.
               Please use C simulation to confirm this function argument can be read from or written to.
WARNING: [RTGEN 206-101] Setting dangling out port 'makePatches_ShadowQuilt_fromEdges/patches_superpoints_ce0' to 0.
WARNING: [RTGEN 206-101] Port 'makePatches_ShadowQuilt_fromEdges/patches_superpoints_we0' has no fanin or fanout and is left dangling.
               Please use C simulation to confirm this function argument can be read from or written to.
WARNING: [RTGEN 206-101] Setting dangling out port 'makePatches_ShadowQuilt_fromEdges/patches_superpoints_we0' to 0.
WARNING: [RTGEN 206-101] Port 'makePatches_ShadowQuilt_fromEdges/patches_superpoints_d0' has no fanin or fanout and is left dangling.
               Please use C simulation to confirm this function argument can be read from or written to.
WARNING: [RTGEN 206-101] Setting dangling out port 'makePatches_ShadowQuilt_fromEdges/patches_superpoints_d0' to 0.
WARNING: [RTGEN 206-101] Port 'makePatches_ShadowQuilt_fromEdges/patches_superpoints_q0' has no fanin or fanout and is left dangling.
               Please use C simulation to confirm this function argument can be read from or written to.
WARNING: [RTGEN 206-101] Port 'makePatches_ShadowQuilt_fromEdges/patches_superpoints_address1' has no fanin or fanout and is left dangling.
               Please use C simulation to confirm this function argument can be read from or written to.
WARNING: [RTGEN 206-101] Setting dangling out port 'makePatches_ShadowQuilt_fromEdges/patches_superpoints_address1' to 0.
WARNING: [RTGEN 206-101] Port 'makePatches_ShadowQuilt_fromEdges/patches_superpoints_ce1' has no fanin or fanout and is left dangling.
               Please use C simulation to confirm this function argument can be read from or written to.
WARNING: [RTGEN 206-101] Setting dangling out port 'makePatches_ShadowQuilt_fromEdges/patches_superpoints_ce1' to 0.
WARNING: [RTGEN 206-101] Port 'makePatches_ShadowQuilt_fromEdges/patches_superpoints_we1' has no fanin or fanout and is left dangling.
               Please use C simulation to confirm this function argument can be read from or written to.
WARNING: [RTGEN 206-101] Setting dangling out port 'makePatches_ShadowQuilt_fromEdges/patches_superpoints_we1' to 0.
WARNING: [RTGEN 206-101] Port 'makePatches_ShadowQuilt_fromEdges/patches_superpoints_d1' has no fanin or fanout and is left dangling.
               Please use C simulation to confirm this function argument can be read from or written to.
WARNING: [RTGEN 206-101] Setting dangling out port 'makePatches_ShadowQuilt_fromEdges/patches_superpoints_d1' to 0.
WARNING: [RTGEN 206-101] Port 'makePatches_ShadowQuilt_fromEdges/patches_superpoints_q1' has no fanin or fanout and is left dangling.
               Please use C simulation to confirm this function argument can be read from or written to.
INFO: [RTGEN 206-100] Finished creating RTL model for 'makePatches_ShadowQuilt_fromEdges'.
INFO: [HLS 200-111] Finished Creating RTL model: CPU user time: 0 seconds. CPU system time: 0 seconds. Elapsed time: 0.419 seconds; current allocated memory: 110.475 MB.
INFO: [HLS 200-111] Finished Generating all RTL models: CPU user time: 1 seconds. CPU system time: 0 seconds. Elapsed time: 1.544 seconds; current allocated memory: 117.156 MB.
INFO: [VHDL 208-304] Generating VHDL RTL for makePatches_ShadowQuilt_fromEdges.
INFO: [VLOG 209-307] Generating Verilog RTL for makePatches_ShadowQuilt_fromEdges.
INFO: [HLS 200-789] **** Estimated Fmax: 0.00 MHz
INFO: [HLS 200-111] Finished Command csynth_design CPU user time: 3 seconds. CPU system time: 1 seconds. Elapsed time: 16.218 seconds; current allocated memory: 117.450 MB.
INFO: [HLS 200-112] Total CPU user time: 5 seconds. Total CPU system time: 2 seconds. Total elapsed time: 18.828 seconds; peak allocated memory: 871.508 MB.
==============================================================
Vitis HLS - High-Level Synthesis from C, C++ and OpenCL v2020.2 (64-bit)
Copyright 1986-2020 Xilinx, Inc. All Rights Reserved.
==============================================================
INFO: [SYN 201-201] Setting up clock 'default' with a period of 10ns.
INFO: [HLS 200-10] Setting target device to 'xcvu19p-fsvb3824-2-e'
INFO: [HLS 200-1505] Using flow_target 'vivado'
INFO: [HLS 200-1510] Running: set_part xcvu19p-fsvb3824-2-e 
INFO: [HLS 200-1510] Running: create_clock -period 10 -name default 
INFO: [SYN 201-201] Setting up clock 'default' with a period of 10ns.
INFO: [HLS 200-1510] Running: cosim_design 
INFO: [COSIM 212-47] Using XSIM for RTL simulation.
INFO: [COSIM 212-14] Instrumenting C test bench ...
INFO: [COSIM 212-302] Starting C TB testing ... 
INFO: [COSIM 212-333] Generating C post check test bench ...
INFO: [COSIM 212-12] Generating RTL test bench ...
INFO: [COSIM 212-1] *** C/RTL co-simulation file generation completed. ***
INFO: [COSIM 212-323] Starting verilog simulation. 
INFO: [COSIM 212-15] Starting XSIM ...
INFO: [COSIM 212-316] Starting C post checking ...
INFO: [COSIM 212-1000] *** C/RTL co-simulation finished: PASS ***
INFO: [COSIM 212-210] Design is translated to an combinational logic. II and Latency will be marked as all 0.
INFO: [HLS 200-111] Finished Command cosim_design CPU user time: 3 seconds. CPU system time: 1 seconds. Elapsed time: 49.233 seconds; current allocated memory: 97.222 MB.
==============================================================
Vitis HLS - High-Level Synthesis from C, C++ and OpenCL v2020.2 (64-bit)
Copyright 1986-2020 Xilinx, Inc. All Rights Reserved.
==============================================================
INFO: [SYN 201-201] Setting up clock 'default' with a period of 10ns.
INFO: [HLS 200-10] Setting target device to 'xcvu19p-fsvb3824-2-e'
INFO: [HLS 200-1505] Using flow_target 'vivado'
INFO: [HLS 200-1510] Running: set_part xcvu19p-fsvb3824-2-e 
INFO: [HLS 200-1510] Running: create_clock -period 10 -name default 
INFO: [SYN 201-201] Setting up clock 'default' with a period of 10ns.
INFO: [HLS 200-1510] Running: csim_design -quiet 
INFO: [SIM 211-2] *************** CSIM start ***************
INFO: [SIM 211-4] CSIM will launch GCC as the compiler.
ERROR: [SIM 211-100] 'csim_design' failed: compilation error(s).
INFO: [SIM 211-3] *************** CSIM finish ***************
INFO: [HLS 200-111] Finished Command csim_design CPU user time: 1 seconds. CPU system time: 1 seconds. Elapsed time: 2.75 seconds; current allocated memory: 91.962 MB.
==============================================================
Vitis HLS - High-Level Synthesis from C, C++ and OpenCL v2020.2 (64-bit)
Copyright 1986-2020 Xilinx, Inc. All Rights Reserved.
==============================================================
INFO: [SYN 201-201] Setting up clock 'default' with a period of 10ns.
INFO: [HLS 200-10] Setting target device to 'xcvu19p-fsvb3824-2-e'
INFO: [HLS 200-1505] Using flow_target 'vivado'
INFO: [HLS 200-1510] Running: set_part xcvu19p-fsvb3824-2-e 
INFO: [HLS 200-1510] Running: create_clock -period 10 -name default 
INFO: [SYN 201-201] Setting up clock 'default' with a period of 10ns.
INFO: [HLS 200-1510] Running: csim_design -quiet 
INFO: [SIM 211-2] *************** CSIM start ***************
INFO: [SIM 211-4] CSIM will launch GCC as the compiler.
ERROR: [SIM 211-100] 'csim_design' failed: nonzero return value.
INFO: [SIM 211-3] *************** CSIM finish ***************
INFO: [HLS 200-111] Finished Command csim_design CPU user time: 1 seconds. CPU system time: 1 seconds. Elapsed time: 109.057 seconds; current allocated memory: 91.947 MB.
==============================================================
Vitis HLS - High-Level Synthesis from C, C++ and OpenCL v2020.2 (64-bit)
Copyright 1986-2020 Xilinx, Inc. All Rights Reserved.
==============================================================
INFO: [SYN 201-201] Setting up clock 'default' with a period of 10ns.
INFO: [HLS 200-10] Setting target device to 'xcvu19p-fsvb3824-2-e'
INFO: [HLS 200-1505] Using flow_target 'vivado'
INFO: [HLS 200-1510] Running: set_part xcvu19p-fsvb3824-2-e 
INFO: [HLS 200-1510] Running: create_clock -period 10 -name default 
INFO: [HLS 200-1510] Running: set_directive_top -name makePatches_ShadowQuilt_fromEdges makePatches_ShadowQuilt_fromEdges 
INFO: [HLS 200-1510] Running: csim_design -quiet 
INFO: [SIM 211-2] *************** CSIM start ***************
INFO: [SIM 211-4] CSIM will launch GCC as the compiler.
ERROR: [SIM 211-100] 'csim_design' failed: nonzero return value.
INFO: [SIM 211-3] *************** CSIM finish ***************
INFO: [HLS 200-111] Finished Command csim_design CPU user time: 1 seconds. CPU system time: 0 seconds. Elapsed time: 542.338 seconds; current allocated memory: 92.024 MB.
==============================================================
Vitis HLS - High-Level Synthesis from C, C++ and OpenCL v2020.2 (64-bit)
Copyright 1986-2020 Xilinx, Inc. All Rights Reserved.
==============================================================
INFO: [SYN 201-201] Setting up clock 'default' with a period of 10ns.
INFO: [HLS 200-10] Setting target device to 'xcvu19p-fsvb3824-2-e'
INFO: [HLS 200-1505] Using flow_target 'vivado'
INFO: [HLS 200-1510] Running: set_part xcvu19p-fsvb3824-2-e 
INFO: [HLS 200-1510] Running: create_clock -period 10 -name default 
INFO: [HLS 200-1510] Running: set_directive_top -name makePatches_ShadowQuilt_fromEdges makePatches_ShadowQuilt_fromEdges 
INFO: [HLS 200-1510] Running: csynth_design 
INFO: [HLS 200-111] Finished File checks and directory preparation: CPU user time: 0 seconds. CPU system time: 1 seconds. Elapsed time: 0.196 seconds; current allocated memory: 871.508 MB.
INFO: [HLS 200-10] Analyzing design file 'patchMaker.cpp' ... 
WARNING: [HLS 207-5301] unused parameter 'pointCount': patchMaker.cpp:3:72
WARNING: [HLS 207-5301] unused parameter 'wp_superpoints': patchMaker.cpp:195:35
WARNING: [HLS 207-5301] unused parameter 'stop': patchMaker.cpp:470:112
WARNING: [HLS 207-5301] unused parameter 'ppl': patchMaker.cpp:470:122
WARNING: [HLS 207-5301] unused parameter 'leftRight': patchMaker.cpp:470:132
WARNING: [HLS 207-5301] unused parameter 'GDarray': patchMaker.cpp:470:170
WARNING: [HLS 207-5301] unused parameter 'GDn_points': patchMaker.cpp:470:198
WARNING: [HLS 207-5301] unused parameter 'stop': patchMaker.cpp:529:42
WARNING: [HLS 207-5301] unused parameter 'leftRight': patchMaker.cpp:529:62
WARNING: [HLS 207-5301] unused parameter 'GDarray': patchMaker.cpp:691:74
WARNING: [HLS 207-5301] unused parameter 'patches_superpoints': patchMaker.cpp:691:126
WARNING: [HLS 207-5301] unused parameter 'repeat_patch': patchMaker.cpp:851:381
WARNING: [HLS 207-5301] unused parameter 'repeat_original': patchMaker.cpp:851:401
INFO: [HLS 200-111] Finished Source Code Analysis and Preprocessing: CPU user time: 2 seconds. CPU system time: 0 seconds. Elapsed time: 8.209 seconds; current allocated memory: 93.591 MB.
INFO: [HLS 200-777] Using interface defaults for 'Vivado' flow target.
INFO: [HLS 214-248] complete reshaped array 'patches_superpoints' on dimension 3 (patchMaker.cpp:471:1)
INFO: [HLS 200-111] Finished Compiling Optimization and Transform: CPU user time: 0 seconds. CPU system time: 0 seconds. Elapsed time: 6.394 seconds; current allocated memory: 94.757 MB.
INFO: [HLS 200-111] Finished Checking Pragmas: CPU user time: 0 seconds. CPU system time: 0 seconds. Elapsed time: 0.13 seconds; current allocated memory: 94.758 MB.
INFO: [HLS 200-10] Starting code transformations ...
INFO: [HLS 200-111] Finished Standard Transforms: CPU user time: 0 seconds. CPU system time: 0 seconds. Elapsed time: 0.154 seconds; current allocated memory: 96.347 MB.
INFO: [HLS 200-10] Checking synthesizability ...
INFO: [HLS 200-111] Finished Checking Synthesizability: CPU user time: 0 seconds. CPU system time: 0 seconds. Elapsed time: 0.102 seconds; current allocated memory: 96.745 MB.
INFO: [HLS 200-111] Finished Loop, function and other optimizations: CPU user time: 0 seconds. CPU system time: 0 seconds. Elapsed time: 0.227 seconds; current allocated memory: 117.775 MB.
INFO: [HLS 200-111] Finished Architecture Synthesis: CPU user time: 0 seconds. CPU system time: 0 seconds. Elapsed time: 0.125 seconds; current allocated memory: 109.886 MB.
INFO: [HLS 200-10] Starting hardware synthesis ...
INFO: [HLS 200-10] Synthesizing 'makePatches_ShadowQuilt_fromEdges' ...
INFO: [HLS 200-10] ----------------------------------------------------------------
INFO: [HLS 200-42] -- Implementing module 'makePatches_ShadowQuilt_fromEdges' 
INFO: [HLS 200-10] ----------------------------------------------------------------
INFO: [SCHED 204-11] Starting scheduling ...
INFO: [SCHED 204-11] Finished scheduling.
INFO: [HLS 200-111] Finished Scheduling: CPU user time: 0 seconds. CPU system time: 0 seconds. Elapsed time: 0.106 seconds; current allocated memory: 110.097 MB.
INFO: [BIND 205-100] Starting micro-architecture generation ...
INFO: [BIND 205-101] Performing variable lifetime analysis.
INFO: [BIND 205-101] Exploring resource sharing.
INFO: [BIND 205-101] Binding ...
INFO: [BIND 205-100] Finished micro-architecture generation.
INFO: [HLS 200-111] Finished Binding: CPU user time: 0 seconds. CPU system time: 0 seconds. Elapsed time: 0.116 seconds; current allocated memory: 110.202 MB.
INFO: [HLS 200-10] ----------------------------------------------------------------
INFO: [HLS 200-10] -- Generating RTL for module 'makePatches_ShadowQuilt_fromEdges' 
INFO: [HLS 200-10] ----------------------------------------------------------------
INFO: [RTGEN 206-500] Setting interface mode on port 'makePatches_ShadowQuilt_fromEdges/stop' to 'ap_none'.
INFO: [RTGEN 206-500] Setting interface mode on port 'makePatches_ShadowQuilt_fromEdges/ppl' to 'ap_none'.
INFO: [RTGEN 206-500] Setting interface mode on port 'makePatches_ShadowQuilt_fromEdges/leftRight' to 'ap_none'.
INFO: [RTGEN 206-500] Setting interface mode on port 'makePatches_ShadowQuilt_fromEdges/n_patches' to 'ap_vld'.
INFO: [RTGEN 206-500] Setting interface mode on port 'makePatches_ShadowQuilt_fromEdges/GDarray' to 'ap_memory'.
INFO: [RTGEN 206-500] Setting interface mode on port 'makePatches_ShadowQuilt_fromEdges/GDn_points' to 'ap_memory'.
INFO: [RTGEN 206-500] Setting interface mode on port 'makePatches_ShadowQuilt_fromEdges/patches_superpoints' to 'ap_memory'.
INFO: [RTGEN 206-500] Setting interface mode on function 'makePatches_ShadowQuilt_fromEdges' to 'ap_ctrl_hs'.
WARNING: [RTGEN 206-101] Port 'makePatches_ShadowQuilt_fromEdges/stop' has no fanin or fanout and is left dangling.
               Please use C simulation to confirm this function argument can be read from or written to.
WARNING: [RTGEN 206-101] Port 'makePatches_ShadowQuilt_fromEdges/ppl' has no fanin or fanout and is left dangling.
               Please use C simulation to confirm this function argument can be read from or written to.
WARNING: [RTGEN 206-101] Port 'makePatches_ShadowQuilt_fromEdges/leftRight' has no fanin or fanout and is left dangling.
               Please use C simulation to confirm this function argument can be read from or written to.
WARNING: [RTGEN 206-101] Port 'makePatches_ShadowQuilt_fromEdges/GDarray_address0' has no fanin or fanout and is left dangling.
               Please use C simulation to confirm this function argument can be read from or written to.
WARNING: [RTGEN 206-101] Setting dangling out port 'makePatches_ShadowQuilt_fromEdges/GDarray_address0' to 0.
WARNING: [RTGEN 206-101] Port 'makePatches_ShadowQuilt_fromEdges/GDarray_ce0' has no fanin or fanout and is left dangling.
               Please use C simulation to confirm this function argument can be read from or written to.
WARNING: [RTGEN 206-101] Setting dangling out port 'makePatches_ShadowQuilt_fromEdges/GDarray_ce0' to 0.
WARNING: [RTGEN 206-101] Port 'makePatches_ShadowQuilt_fromEdges/GDarray_we0' has no fanin or fanout and is left dangling.
               Please use C simulation to confirm this function argument can be read from or written to.
WARNING: [RTGEN 206-101] Setting dangling out port 'makePatches_ShadowQuilt_fromEdges/GDarray_we0' to 0.
WARNING: [RTGEN 206-101] Port 'makePatches_ShadowQuilt_fromEdges/GDarray_d0' has no fanin or fanout and is left dangling.
               Please use C simulation to confirm this function argument can be read from or written to.
WARNING: [RTGEN 206-101] Setting dangling out port 'makePatches_ShadowQuilt_fromEdges/GDarray_d0' to 0.
WARNING: [RTGEN 206-101] Port 'makePatches_ShadowQuilt_fromEdges/GDarray_q0' has no fanin or fanout and is left dangling.
               Please use C simulation to confirm this function argument can be read from or written to.
WARNING: [RTGEN 206-101] Port 'makePatches_ShadowQuilt_fromEdges/GDarray_address1' has no fanin or fanout and is left dangling.
               Please use C simulation to confirm this function argument can be read from or written to.
WARNING: [RTGEN 206-101] Setting dangling out port 'makePatches_ShadowQuilt_fromEdges/GDarray_address1' to 0.
WARNING: [RTGEN 206-101] Port 'makePatches_ShadowQuilt_fromEdges/GDarray_ce1' has no fanin or fanout and is left dangling.
               Please use C simulation to confirm this function argument can be read from or written to.
WARNING: [RTGEN 206-101] Setting dangling out port 'makePatches_ShadowQuilt_fromEdges/GDarray_ce1' to 0.
WARNING: [RTGEN 206-101] Port 'makePatches_ShadowQuilt_fromEdges/GDarray_we1' has no fanin or fanout and is left dangling.
               Please use C simulation to confirm this function argument can be read from or written to.
WARNING: [RTGEN 206-101] Setting dangling out port 'makePatches_ShadowQuilt_fromEdges/GDarray_we1' to 0.
WARNING: [RTGEN 206-101] Port 'makePatches_ShadowQuilt_fromEdges/GDarray_d1' has no fanin or fanout and is left dangling.
               Please use C simulation to confirm this function argument can be read from or written to.
WARNING: [RTGEN 206-101] Setting dangling out port 'makePatches_ShadowQuilt_fromEdges/GDarray_d1' to 0.
WARNING: [RTGEN 206-101] Port 'makePatches_ShadowQuilt_fromEdges/GDarray_q1' has no fanin or fanout and is left dangling.
               Please use C simulation to confirm this function argument can be read from or written to.
WARNING: [RTGEN 206-101] Port 'makePatches_ShadowQuilt_fromEdges/GDn_points_address0' has no fanin or fanout and is left dangling.
               Please use C simulation to confirm this function argument can be read from or written to.
WARNING: [RTGEN 206-101] Setting dangling out port 'makePatches_ShadowQuilt_fromEdges/GDn_points_address0' to 0.
WARNING: [RTGEN 206-101] Port 'makePatches_ShadowQuilt_fromEdges/GDn_points_ce0' has no fanin or fanout and is left dangling.
               Please use C simulation to confirm this function argument can be read from or written to.
WARNING: [RTGEN 206-101] Setting dangling out port 'makePatches_ShadowQuilt_fromEdges/GDn_points_ce0' to 0.
WARNING: [RTGEN 206-101] Port 'makePatches_ShadowQuilt_fromEdges/GDn_points_we0' has no fanin or fanout and is left dangling.
               Please use C simulation to confirm this function argument can be read from or written to.
WARNING: [RTGEN 206-101] Setting dangling out port 'makePatches_ShadowQuilt_fromEdges/GDn_points_we0' to 0.
WARNING: [RTGEN 206-101] Port 'makePatches_ShadowQuilt_fromEdges/GDn_points_d0' has no fanin or fanout and is left dangling.
               Please use C simulation to confirm this function argument can be read from or written to.
WARNING: [RTGEN 206-101] Setting dangling out port 'makePatches_ShadowQuilt_fromEdges/GDn_points_d0' to 0.
WARNING: [RTGEN 206-101] Port 'makePatches_ShadowQuilt_fromEdges/GDn_points_q0' has no fanin or fanout and is left dangling.
               Please use C simulation to confirm this function argument can be read from or written to.
WARNING: [RTGEN 206-101] Port 'makePatches_ShadowQuilt_fromEdges/GDn_points_address1' has no fanin or fanout and is left dangling.
               Please use C simulation to confirm this function argument can be read from or written to.
WARNING: [RTGEN 206-101] Setting dangling out port 'makePatches_ShadowQuilt_fromEdges/GDn_points_address1' to 0.
WARNING: [RTGEN 206-101] Port 'makePatches_ShadowQuilt_fromEdges/GDn_points_ce1' has no fanin or fanout and is left dangling.
               Please use C simulation to confirm this function argument can be read from or written to.
WARNING: [RTGEN 206-101] Setting dangling out port 'makePatches_ShadowQuilt_fromEdges/GDn_points_ce1' to 0.
WARNING: [RTGEN 206-101] Port 'makePatches_ShadowQuilt_fromEdges/GDn_points_we1' has no fanin or fanout and is left dangling.
               Please use C simulation to confirm this function argument can be read from or written to.
WARNING: [RTGEN 206-101] Setting dangling out port 'makePatches_ShadowQuilt_fromEdges/GDn_points_we1' to 0.
WARNING: [RTGEN 206-101] Port 'makePatches_ShadowQuilt_fromEdges/GDn_points_d1' has no fanin or fanout and is left dangling.
               Please use C simulation to confirm this function argument can be read from or written to.
WARNING: [RTGEN 206-101] Setting dangling out port 'makePatches_ShadowQuilt_fromEdges/GDn_points_d1' to 0.
WARNING: [RTGEN 206-101] Port 'makePatches_ShadowQuilt_fromEdges/GDn_points_q1' has no fanin or fanout and is left dangling.
               Please use C simulation to confirm this function argument can be read from or written to.
WARNING: [RTGEN 206-101] Port 'makePatches_ShadowQuilt_fromEdges/patches_superpoints_address0' has no fanin or fanout and is left dangling.
               Please use C simulation to confirm this function argument can be read from or written to.
WARNING: [RTGEN 206-101] Setting dangling out port 'makePatches_ShadowQuilt_fromEdges/patches_superpoints_address0' to 0.
WARNING: [RTGEN 206-101] Port 'makePatches_ShadowQuilt_fromEdges/patches_superpoints_ce0' has no fanin or fanout and is left dangling.
               Please use C simulation to confirm this function argument can be read from or written to.
WARNING: [RTGEN 206-101] Setting dangling out port 'makePatches_ShadowQuilt_fromEdges/patches_superpoints_ce0' to 0.
WARNING: [RTGEN 206-101] Port 'makePatches_ShadowQuilt_fromEdges/patches_superpoints_we0' has no fanin or fanout and is left dangling.
               Please use C simulation to confirm this function argument can be read from or written to.
WARNING: [RTGEN 206-101] Setting dangling out port 'makePatches_ShadowQuilt_fromEdges/patches_superpoints_we0' to 0.
WARNING: [RTGEN 206-101] Port 'makePatches_ShadowQuilt_fromEdges/patches_superpoints_d0' has no fanin or fanout and is left dangling.
               Please use C simulation to confirm this function argument can be read from or written to.
WARNING: [RTGEN 206-101] Setting dangling out port 'makePatches_ShadowQuilt_fromEdges/patches_superpoints_d0' to 0.
WARNING: [RTGEN 206-101] Port 'makePatches_ShadowQuilt_fromEdges/patches_superpoints_q0' has no fanin or fanout and is left dangling.
               Please use C simulation to confirm this function argument can be read from or written to.
WARNING: [RTGEN 206-101] Port 'makePatches_ShadowQuilt_fromEdges/patches_superpoints_address1' has no fanin or fanout and is left dangling.
               Please use C simulation to confirm this function argument can be read from or written to.
WARNING: [RTGEN 206-101] Setting dangling out port 'makePatches_ShadowQuilt_fromEdges/patches_superpoints_address1' to 0.
WARNING: [RTGEN 206-101] Port 'makePatches_ShadowQuilt_fromEdges/patches_superpoints_ce1' has no fanin or fanout and is left dangling.
               Please use C simulation to confirm this function argument can be read from or written to.
WARNING: [RTGEN 206-101] Setting dangling out port 'makePatches_ShadowQuilt_fromEdges/patches_superpoints_ce1' to 0.
WARNING: [RTGEN 206-101] Port 'makePatches_ShadowQuilt_fromEdges/patches_superpoints_we1' has no fanin or fanout and is left dangling.
               Please use C simulation to confirm this function argument can be read from or written to.
WARNING: [RTGEN 206-101] Setting dangling out port 'makePatches_ShadowQuilt_fromEdges/patches_superpoints_we1' to 0.
WARNING: [RTGEN 206-101] Port 'makePatches_ShadowQuilt_fromEdges/patches_superpoints_d1' has no fanin or fanout and is left dangling.
               Please use C simulation to confirm this function argument can be read from or written to.
WARNING: [RTGEN 206-101] Setting dangling out port 'makePatches_ShadowQuilt_fromEdges/patches_superpoints_d1' to 0.
WARNING: [RTGEN 206-101] Port 'makePatches_ShadowQuilt_fromEdges/patches_superpoints_q1' has no fanin or fanout and is left dangling.
               Please use C simulation to confirm this function argument can be read from or written to.
INFO: [RTGEN 206-100] Finished creating RTL model for 'makePatches_ShadowQuilt_fromEdges'.
INFO: [HLS 200-111] Finished Creating RTL model: CPU user time: 0 seconds. CPU system time: 0 seconds. Elapsed time: 1.386 seconds; current allocated memory: 110.491 MB.
INFO: [HLS 200-111] Finished Generating all RTL models: CPU user time: 1 seconds. CPU system time: 1 seconds. Elapsed time: 1.832 seconds; current allocated memory: 117.156 MB.
INFO: [VHDL 208-304] Generating VHDL RTL for makePatches_ShadowQuilt_fromEdges.
INFO: [VLOG 209-307] Generating Verilog RTL for makePatches_ShadowQuilt_fromEdges.
INFO: [HLS 200-789] **** Estimated Fmax: 0.00 MHz
INFO: [HLS 200-111] Finished Command csynth_design CPU user time: 3 seconds. CPU system time: 2 seconds. Elapsed time: 19.563 seconds; current allocated memory: 117.435 MB.
INFO: [HLS 200-112] Total CPU user time: 5 seconds. Total CPU system time: 3 seconds. Total elapsed time: 22.198 seconds; peak allocated memory: 871.508 MB.
==============================================================
Vitis HLS - High-Level Synthesis from C, C++ and OpenCL v2020.2 (64-bit)
Copyright 1986-2020 Xilinx, Inc. All Rights Reserved.
==============================================================
==============================================================
Vitis HLS - High-Level Synthesis from C, C++ and OpenCL v2020.2 (64-bit)
Copyright 1986-2020 Xilinx, Inc. All Rights Reserved.
==============================================================
INFO: [SYN 201-201] Setting up clock 'default' with a period of 10ns.
INFO: [HLS 200-10] Setting target device to 'xcvu19p-fsvb3824-2-e'
INFO: [HLS 200-1505] Using flow_target 'vivado'
INFO: [HLS 200-1510] Running: set_part xcvu19p-fsvb3824-2-e 
INFO: [HLS 200-1510] Running: create_clock -period 10 -name default 
INFO: [HLS 200-1510] Running: set_directive_top -name makePatches_ShadowQuilt_fromEdges makePatches_ShadowQuilt_fromEdges 
INFO: [HLS 200-1510] Running: csim_design -quiet 
INFO: [SIM 211-2] *************** CSIM start ***************
INFO: [SIM 211-4] CSIM will launch GCC as the compiler.
ERROR: [SIM 211-100] 'csim_design' failed: compilation error(s).
INFO: [SIM 211-3] *************** CSIM finish ***************
INFO: [HLS 200-111] Finished Command csim_design CPU user time: 1 seconds. CPU system time: 0 seconds. Elapsed time: 3.503 seconds; current allocated memory: 92.054 MB.
==============================================================
Vitis HLS - High-Level Synthesis from C, C++ and OpenCL v2020.2 (64-bit)
Copyright 1986-2020 Xilinx, Inc. All Rights Reserved.
==============================================================
INFO: [SYN 201-201] Setting up clock 'default' with a period of 10ns.
INFO: [HLS 200-10] Setting target device to 'xcvu19p-fsvb3824-2-e'
INFO: [HLS 200-1505] Using flow_target 'vivado'
INFO: [HLS 200-1510] Running: set_part xcvu19p-fsvb3824-2-e 
INFO: [HLS 200-1510] Running: create_clock -period 10 -name default 
INFO: [HLS 200-1510] Running: set_directive_top -name makePatches_ShadowQuilt_fromEdges makePatches_ShadowQuilt_fromEdges 
INFO: [HLS 200-1510] Running: csim_design -quiet 
INFO: [SIM 211-2] *************** CSIM start ***************
INFO: [SIM 211-4] CSIM will launch GCC as the compiler.
ERROR: [SIM 211-100] 'csim_design' failed: nonzero return value.
INFO: [SIM 211-3] *************** CSIM finish ***************
INFO: [HLS 200-111] Finished Command csim_design CPU user time: 1 seconds. CPU system time: 0 seconds. Elapsed time: 67.565 seconds; current allocated memory: 92.024 MB.
