

================================================================
== Vitis HLS Report for 'makePatches_ShadowQuilt_fromEdges'
================================================================
* Date:           Tue Jul 16 12:33:42 2024

* Version:        2020.2 (Build 3064766 on Wed Nov 18 09:12:45 MST 2020)
* Project:        PatchMaker_tanishGit
* Solution:       solution2 (Vivado IP Flow Target)
* Product family: virtexuplus
* Target device:  xcvu19p-fsvb3824-2-e


================================================================
== Performance Estimates
================================================================
+ Timing: 
    * Summary: 
    +--------+----------+----------+------------+
    |  Clock |  Target  | Estimated| Uncertainty|
    +--------+----------+----------+------------+
    |ap_clk  |  10.00 ns|      0 ns|     2.70 ns|
    +--------+----------+----------+------------+

+ Latency: 
    * Summary: 
    +---------+---------+----------+----------+-----+-----+---------+
    |  Latency (cycles) |  Latency (absolute) |  Interval | Pipeline|
    |   min   |   max   |    min   |    max   | min | max |   Type  |
    +---------+---------+----------+----------+-----+-----+---------+
    |        0|        0|      0 ns|      0 ns|    1|    1|     none|
    +---------+---------+----------+----------+-----+-----+---------+

    + Detail: 
        * Instance: 
        N/A

        * Loop: 
        N/A



================================================================
== Utilization Estimates
================================================================
* Summary: 
+---------------------+---------+------+---------+---------+-----+
|         Name        | BRAM_18K|  DSP |    FF   |   LUT   | URAM|
+---------------------+---------+------+---------+---------+-----+
|DSP                  |        -|     -|        -|        -|    -|
|Expression           |        -|     -|        -|        -|    -|
|FIFO                 |        -|     -|        -|        -|    -|
|Instance             |        -|     -|        -|        -|    -|
|Memory               |        -|     -|        -|        -|    -|
|Multiplexer          |        -|     -|        -|        -|    -|
|Register             |        -|     -|        -|        -|    -|
+---------------------+---------+------+---------+---------+-----+
|Total                |        0|     0|        0|        0|    0|
+---------------------+---------+------+---------+---------+-----+
|Available SLR        |     1080|   960|  2042880|  1021440|   80|
+---------------------+---------+------+---------+---------+-----+
|Utilization SLR (%)  |        0|     0|        0|        0|    0|
+---------------------+---------+------+---------+---------+-----+
|Available            |     4320|  3840|  8171520|  4085760|  320|
+---------------------+---------+------+---------+---------+-----+
|Utilization (%)      |        0|     0|        0|        0|    0|
+---------------------+---------+------+---------+---------+-----+

+ Detail: 
    * Instance: 
    N/A

    * DSP: 
    N/A

    * Memory: 
    N/A

    * FIFO: 
    N/A

    * Expression: 
    N/A

    * Multiplexer: 
    N/A

    * Register: 
    N/A



================================================================
== Interface
================================================================
* Summary: 
+------------------------------+-----+------+------------+-----------------------------------+--------------+
|           RTL Ports          | Dir | Bits |  Protocol  |           Source Object           |    C Type    |
+------------------------------+-----+------+------------+-----------------------------------+--------------+
|ap_start                      |   in|     1|  ap_ctrl_hs|  makePatches_ShadowQuilt_fromEdges|  return value|
|ap_done                       |  out|     1|  ap_ctrl_hs|  makePatches_ShadowQuilt_fromEdges|  return value|
|ap_idle                       |  out|     1|  ap_ctrl_hs|  makePatches_ShadowQuilt_fromEdges|  return value|
|ap_ready                      |  out|     1|  ap_ctrl_hs|  makePatches_ShadowQuilt_fromEdges|  return value|
|stop                          |   in|    32|     ap_none|                               stop|        scalar|
|ppl                           |   in|    32|     ap_none|                                ppl|        scalar|
|leftRight                     |   in|     1|     ap_none|                          leftRight|        scalar|
|n_patches                     |  out|     8|      ap_vld|                          n_patches|       pointer|
|n_patches_ap_vld              |  out|     1|      ap_vld|                          n_patches|       pointer|
|GDarray_address0              |  out|    11|   ap_memory|                            GDarray|         array|
|GDarray_ce0                   |  out|     1|   ap_memory|                            GDarray|         array|
|GDarray_we0                   |  out|     1|   ap_memory|                            GDarray|         array|
|GDarray_d0                    |  out|    64|   ap_memory|                            GDarray|         array|
|GDarray_q0                    |   in|    64|   ap_memory|                            GDarray|         array|
|GDarray_address1              |  out|    11|   ap_memory|                            GDarray|         array|
|GDarray_ce1                   |  out|     1|   ap_memory|                            GDarray|         array|
|GDarray_we1                   |  out|     1|   ap_memory|                            GDarray|         array|
|GDarray_d1                    |  out|    64|   ap_memory|                            GDarray|         array|
|GDarray_q1                    |   in|    64|   ap_memory|                            GDarray|         array|
|GDn_points_address0           |  out|     3|   ap_memory|                         GDn_points|         array|
|GDn_points_ce0                |  out|     1|   ap_memory|                         GDn_points|         array|
|GDn_points_we0                |  out|     1|   ap_memory|                         GDn_points|         array|
|GDn_points_d0                 |  out|    32|   ap_memory|                         GDn_points|         array|
|GDn_points_q0                 |   in|    32|   ap_memory|                         GDn_points|         array|
|GDn_points_address1           |  out|     3|   ap_memory|                         GDn_points|         array|
|GDn_points_ce1                |  out|     1|   ap_memory|                         GDn_points|         array|
|GDn_points_we1                |  out|     1|   ap_memory|                         GDn_points|         array|
|GDn_points_d1                 |  out|    32|   ap_memory|                         GDn_points|         array|
|GDn_points_q1                 |   in|    32|   ap_memory|                         GDn_points|         array|
|patches_superpoints_address0  |  out|     8|   ap_memory|                patches_superpoints|         array|
|patches_superpoints_ce0       |  out|     1|   ap_memory|                patches_superpoints|         array|
|patches_superpoints_we0       |  out|     1|   ap_memory|                patches_superpoints|         array|
|patches_superpoints_d0        |  out|  1024|   ap_memory|                patches_superpoints|         array|
|patches_superpoints_q0        |   in|  1024|   ap_memory|                patches_superpoints|         array|
|patches_superpoints_address1  |  out|     8|   ap_memory|                patches_superpoints|         array|
|patches_superpoints_ce1       |  out|     1|   ap_memory|                patches_superpoints|         array|
|patches_superpoints_we1       |  out|     1|   ap_memory|                patches_superpoints|         array|
|patches_superpoints_d1        |  out|  1024|   ap_memory|                patches_superpoints|         array|
|patches_superpoints_q1        |   in|  1024|   ap_memory|                patches_superpoints|         array|
+------------------------------+-----+------+------------+-----------------------------------+--------------+

