

================================================================
== Vitis HLS Report for 'initializeArrays'
================================================================
* Date:           Thu Aug  8 04:16:37 2024

* Version:        2020.2 (Build 3064766 on Wed Nov 18 09:12:45 MST 2020)
* Project:        PatchMaker_tanishGit
* Solution:       solutionLC (Vivado IP Flow Target)
* Product family: virtexuplus
* Target device:  xcvu19p-fsvb3824-2-e


================================================================
== Performance Estimates
================================================================
+ Timing: 
    * Summary: 
    +--------+---------+----------+------------+
    |  Clock |  Target | Estimated| Uncertainty|
    +--------+---------+----------+------------+
    |ap_clk  |  3.00 ns|  0.453 ns|     0.81 ns|
    +--------+---------+----------+------------+

+ Latency: 
    * Summary: 
    +---------+---------+-----------+-----------+-----+-----+---------+
    |  Latency (cycles) |   Latency (absolute)  |  Interval | Pipeline|
    |   min   |   max   |    min    |    max    | min | max |   Type  |
    +---------+---------+-----------+-----------+-----+-----+---------+
    |       10|       10|  30.000 ns|  30.000 ns|   10|   10|     none|
    +---------+---------+-----------+-----------+-----+-----+---------+

    + Detail: 
        * Instance: 
        N/A

        * Loop: 
        +---------------------+---------+---------+----------+-----------+-----------+------+----------+
        |                     |  Latency (cycles) | Iteration|  Initiation Interval  | Trip |          |
        |      Loop Name      |   min   |   max   |  Latency |  achieved |   target  | Count| Pipelined|
        +---------------------+---------+---------+----------+-----------+-----------+------+----------+
        |- initArraysSPloop1  |        3|        3|         1|          1|          1|     3|       yes|
        |- initArraysPPloop1  |        3|        3|         1|          1|          1|     3|       yes|
        +---------------------+---------+---------+----------+-----------+-----------+------+----------+



================================================================
== Utilization Estimates
================================================================
* Summary: 
+---------------------+---------+------+---------+---------+-----+
|         Name        | BRAM_18K|  DSP |    FF   |   LUT   | URAM|
+---------------------+---------+------+---------+---------+-----+
|DSP                  |        -|     -|        -|        -|    -|
|Expression           |        -|     -|        0|       34|    -|
|FIFO                 |        -|     -|        -|        -|    -|
|Instance             |        -|     -|        0|     6240|    -|
|Memory               |        -|     -|        -|        -|    -|
|Multiplexer          |        -|     -|        -|     2857|    -|
|Register             |        -|     -|      321|        -|    -|
+---------------------+---------+------+---------+---------+-----+
|Total                |        0|     0|      321|     9131|    0|
+---------------------+---------+------+---------+---------+-----+
|Available SLR        |     1080|   960|  2042880|  1021440|   80|
+---------------------+---------+------+---------+---------+-----+
|Utilization SLR (%)  |        0|     0|       ~0|       ~0|    0|
+---------------------+---------+------+---------+---------+-----+
|Available            |     4320|  3840|  8171520|  4085760|  320|
+---------------------+---------+------+---------+---------+-----+
|Utilization (%)      |        0|     0|       ~0|       ~0|    0|
+---------------------+---------+------+---------+---------+-----+

+ Detail: 
    * Instance: 
    +-------------------+--------------+---------+----+---+----+-----+
    |      Instance     |    Module    | BRAM_18K| DSP| FF| LUT| URAM|
    +-------------------+--------------+---------+----+---+----+-----+
    |mux_42_1_1_1_U1    |mux_42_1_1_1  |        0|   0|  0|  20|    0|
    |mux_42_1_1_1_U2    |mux_42_1_1_1  |        0|   0|  0|  20|    0|
    |mux_42_1_1_1_U3    |mux_42_1_1_1  |        0|   0|  0|  20|    0|
    |mux_42_1_1_1_U4    |mux_42_1_1_1  |        0|   0|  0|  20|    0|
    |mux_42_1_1_1_U5    |mux_42_1_1_1  |        0|   0|  0|  20|    0|
    |mux_42_1_1_1_U6    |mux_42_1_1_1  |        0|   0|  0|  20|    0|
    |mux_42_1_1_1_U7    |mux_42_1_1_1  |        0|   0|  0|  20|    0|
    |mux_42_1_1_1_U8    |mux_42_1_1_1  |        0|   0|  0|  20|    0|
    |mux_42_1_1_1_U9    |mux_42_1_1_1  |        0|   0|  0|  20|    0|
    |mux_42_1_1_1_U10   |mux_42_1_1_1  |        0|   0|  0|  20|    0|
    |mux_42_1_1_1_U11   |mux_42_1_1_1  |        0|   0|  0|  20|    0|
    |mux_42_1_1_1_U12   |mux_42_1_1_1  |        0|   0|  0|  20|    0|
    |mux_42_1_1_1_U13   |mux_42_1_1_1  |        0|   0|  0|  20|    0|
    |mux_42_1_1_1_U14   |mux_42_1_1_1  |        0|   0|  0|  20|    0|
    |mux_42_1_1_1_U15   |mux_42_1_1_1  |        0|   0|  0|  20|    0|
    |mux_42_1_1_1_U16   |mux_42_1_1_1  |        0|   0|  0|  20|    0|
    |mux_42_1_1_1_U17   |mux_42_1_1_1  |        0|   0|  0|  20|    0|
    |mux_42_1_1_1_U18   |mux_42_1_1_1  |        0|   0|  0|  20|    0|
    |mux_42_1_1_1_U19   |mux_42_1_1_1  |        0|   0|  0|  20|    0|
    |mux_42_1_1_1_U20   |mux_42_1_1_1  |        0|   0|  0|  20|    0|
    |mux_42_1_1_1_U21   |mux_42_1_1_1  |        0|   0|  0|  20|    0|
    |mux_42_1_1_1_U22   |mux_42_1_1_1  |        0|   0|  0|  20|    0|
    |mux_42_1_1_1_U23   |mux_42_1_1_1  |        0|   0|  0|  20|    0|
    |mux_42_1_1_1_U24   |mux_42_1_1_1  |        0|   0|  0|  20|    0|
    |mux_42_1_1_1_U25   |mux_42_1_1_1  |        0|   0|  0|  20|    0|
    |mux_42_1_1_1_U26   |mux_42_1_1_1  |        0|   0|  0|  20|    0|
    |mux_42_1_1_1_U27   |mux_42_1_1_1  |        0|   0|  0|  20|    0|
    |mux_42_1_1_1_U28   |mux_42_1_1_1  |        0|   0|  0|  20|    0|
    |mux_42_1_1_1_U29   |mux_42_1_1_1  |        0|   0|  0|  20|    0|
    |mux_42_1_1_1_U30   |mux_42_1_1_1  |        0|   0|  0|  20|    0|
    |mux_42_1_1_1_U31   |mux_42_1_1_1  |        0|   0|  0|  20|    0|
    |mux_42_1_1_1_U32   |mux_42_1_1_1  |        0|   0|  0|  20|    0|
    |mux_42_1_1_1_U33   |mux_42_1_1_1  |        0|   0|  0|  20|    0|
    |mux_42_1_1_1_U34   |mux_42_1_1_1  |        0|   0|  0|  20|    0|
    |mux_42_1_1_1_U35   |mux_42_1_1_1  |        0|   0|  0|  20|    0|
    |mux_42_1_1_1_U36   |mux_42_1_1_1  |        0|   0|  0|  20|    0|
    |mux_42_1_1_1_U37   |mux_42_1_1_1  |        0|   0|  0|  20|    0|
    |mux_42_1_1_1_U38   |mux_42_1_1_1  |        0|   0|  0|  20|    0|
    |mux_42_1_1_1_U39   |mux_42_1_1_1  |        0|   0|  0|  20|    0|
    |mux_42_1_1_1_U40   |mux_42_1_1_1  |        0|   0|  0|  20|    0|
    |mux_42_1_1_1_U41   |mux_42_1_1_1  |        0|   0|  0|  20|    0|
    |mux_42_1_1_1_U42   |mux_42_1_1_1  |        0|   0|  0|  20|    0|
    |mux_42_1_1_1_U43   |mux_42_1_1_1  |        0|   0|  0|  20|    0|
    |mux_42_1_1_1_U44   |mux_42_1_1_1  |        0|   0|  0|  20|    0|
    |mux_42_1_1_1_U45   |mux_42_1_1_1  |        0|   0|  0|  20|    0|
    |mux_42_1_1_1_U46   |mux_42_1_1_1  |        0|   0|  0|  20|    0|
    |mux_42_1_1_1_U47   |mux_42_1_1_1  |        0|   0|  0|  20|    0|
    |mux_42_1_1_1_U48   |mux_42_1_1_1  |        0|   0|  0|  20|    0|
    |mux_42_1_1_1_U49   |mux_42_1_1_1  |        0|   0|  0|  20|    0|
    |mux_42_1_1_1_U50   |mux_42_1_1_1  |        0|   0|  0|  20|    0|
    |mux_42_1_1_1_U51   |mux_42_1_1_1  |        0|   0|  0|  20|    0|
    |mux_42_1_1_1_U52   |mux_42_1_1_1  |        0|   0|  0|  20|    0|
    |mux_42_1_1_1_U53   |mux_42_1_1_1  |        0|   0|  0|  20|    0|
    |mux_42_1_1_1_U54   |mux_42_1_1_1  |        0|   0|  0|  20|    0|
    |mux_42_1_1_1_U55   |mux_42_1_1_1  |        0|   0|  0|  20|    0|
    |mux_42_1_1_1_U56   |mux_42_1_1_1  |        0|   0|  0|  20|    0|
    |mux_42_1_1_1_U57   |mux_42_1_1_1  |        0|   0|  0|  20|    0|
    |mux_42_1_1_1_U58   |mux_42_1_1_1  |        0|   0|  0|  20|    0|
    |mux_42_1_1_1_U59   |mux_42_1_1_1  |        0|   0|  0|  20|    0|
    |mux_42_1_1_1_U60   |mux_42_1_1_1  |        0|   0|  0|  20|    0|
    |mux_42_1_1_1_U61   |mux_42_1_1_1  |        0|   0|  0|  20|    0|
    |mux_42_1_1_1_U62   |mux_42_1_1_1  |        0|   0|  0|  20|    0|
    |mux_42_1_1_1_U63   |mux_42_1_1_1  |        0|   0|  0|  20|    0|
    |mux_42_1_1_1_U64   |mux_42_1_1_1  |        0|   0|  0|  20|    0|
    |mux_42_1_1_1_U65   |mux_42_1_1_1  |        0|   0|  0|  20|    0|
    |mux_42_1_1_1_U66   |mux_42_1_1_1  |        0|   0|  0|  20|    0|
    |mux_42_1_1_1_U67   |mux_42_1_1_1  |        0|   0|  0|  20|    0|
    |mux_42_1_1_1_U68   |mux_42_1_1_1  |        0|   0|  0|  20|    0|
    |mux_42_1_1_1_U69   |mux_42_1_1_1  |        0|   0|  0|  20|    0|
    |mux_42_1_1_1_U70   |mux_42_1_1_1  |        0|   0|  0|  20|    0|
    |mux_42_1_1_1_U71   |mux_42_1_1_1  |        0|   0|  0|  20|    0|
    |mux_42_1_1_1_U72   |mux_42_1_1_1  |        0|   0|  0|  20|    0|
    |mux_42_1_1_1_U73   |mux_42_1_1_1  |        0|   0|  0|  20|    0|
    |mux_42_1_1_1_U74   |mux_42_1_1_1  |        0|   0|  0|  20|    0|
    |mux_42_1_1_1_U75   |mux_42_1_1_1  |        0|   0|  0|  20|    0|
    |mux_42_1_1_1_U76   |mux_42_1_1_1  |        0|   0|  0|  20|    0|
    |mux_42_1_1_1_U77   |mux_42_1_1_1  |        0|   0|  0|  20|    0|
    |mux_42_1_1_1_U78   |mux_42_1_1_1  |        0|   0|  0|  20|    0|
    |mux_42_1_1_1_U79   |mux_42_1_1_1  |        0|   0|  0|  20|    0|
    |mux_42_1_1_1_U80   |mux_42_1_1_1  |        0|   0|  0|  20|    0|
    |mux_42_1_1_1_U81   |mux_42_1_1_1  |        0|   0|  0|  20|    0|
    |mux_42_1_1_1_U82   |mux_42_1_1_1  |        0|   0|  0|  20|    0|
    |mux_42_1_1_1_U83   |mux_42_1_1_1  |        0|   0|  0|  20|    0|
    |mux_42_1_1_1_U84   |mux_42_1_1_1  |        0|   0|  0|  20|    0|
    |mux_42_1_1_1_U85   |mux_42_1_1_1  |        0|   0|  0|  20|    0|
    |mux_42_1_1_1_U86   |mux_42_1_1_1  |        0|   0|  0|  20|    0|
    |mux_42_1_1_1_U87   |mux_42_1_1_1  |        0|   0|  0|  20|    0|
    |mux_42_1_1_1_U88   |mux_42_1_1_1  |        0|   0|  0|  20|    0|
    |mux_42_1_1_1_U89   |mux_42_1_1_1  |        0|   0|  0|  20|    0|
    |mux_42_1_1_1_U90   |mux_42_1_1_1  |        0|   0|  0|  20|    0|
    |mux_42_1_1_1_U91   |mux_42_1_1_1  |        0|   0|  0|  20|    0|
    |mux_42_1_1_1_U92   |mux_42_1_1_1  |        0|   0|  0|  20|    0|
    |mux_42_1_1_1_U93   |mux_42_1_1_1  |        0|   0|  0|  20|    0|
    |mux_42_1_1_1_U94   |mux_42_1_1_1  |        0|   0|  0|  20|    0|
    |mux_42_1_1_1_U95   |mux_42_1_1_1  |        0|   0|  0|  20|    0|
    |mux_42_1_1_1_U96   |mux_42_1_1_1  |        0|   0|  0|  20|    0|
    |mux_42_1_1_1_U97   |mux_42_1_1_1  |        0|   0|  0|  20|    0|
    |mux_42_1_1_1_U98   |mux_42_1_1_1  |        0|   0|  0|  20|    0|
    |mux_42_1_1_1_U99   |mux_42_1_1_1  |        0|   0|  0|  20|    0|
    |mux_42_1_1_1_U100  |mux_42_1_1_1  |        0|   0|  0|  20|    0|
    |mux_42_1_1_1_U101  |mux_42_1_1_1  |        0|   0|  0|  20|    0|
    |mux_42_1_1_1_U102  |mux_42_1_1_1  |        0|   0|  0|  20|    0|
    |mux_42_1_1_1_U103  |mux_42_1_1_1  |        0|   0|  0|  20|    0|
    |mux_42_1_1_1_U104  |mux_42_1_1_1  |        0|   0|  0|  20|    0|
    |mux_42_1_1_1_U105  |mux_42_1_1_1  |        0|   0|  0|  20|    0|
    |mux_42_1_1_1_U106  |mux_42_1_1_1  |        0|   0|  0|  20|    0|
    |mux_42_1_1_1_U107  |mux_42_1_1_1  |        0|   0|  0|  20|    0|
    |mux_42_1_1_1_U108  |mux_42_1_1_1  |        0|   0|  0|  20|    0|
    |mux_42_1_1_1_U109  |mux_42_1_1_1  |        0|   0|  0|  20|    0|
    |mux_42_1_1_1_U110  |mux_42_1_1_1  |        0|   0|  0|  20|    0|
    |mux_42_1_1_1_U111  |mux_42_1_1_1  |        0|   0|  0|  20|    0|
    |mux_42_1_1_1_U112  |mux_42_1_1_1  |        0|   0|  0|  20|    0|
    |mux_42_1_1_1_U113  |mux_42_1_1_1  |        0|   0|  0|  20|    0|
    |mux_42_1_1_1_U114  |mux_42_1_1_1  |        0|   0|  0|  20|    0|
    |mux_42_1_1_1_U115  |mux_42_1_1_1  |        0|   0|  0|  20|    0|
    |mux_42_1_1_1_U116  |mux_42_1_1_1  |        0|   0|  0|  20|    0|
    |mux_42_1_1_1_U117  |mux_42_1_1_1  |        0|   0|  0|  20|    0|
    |mux_42_1_1_1_U118  |mux_42_1_1_1  |        0|   0|  0|  20|    0|
    |mux_42_1_1_1_U119  |mux_42_1_1_1  |        0|   0|  0|  20|    0|
    |mux_42_1_1_1_U120  |mux_42_1_1_1  |        0|   0|  0|  20|    0|
    |mux_42_1_1_1_U121  |mux_42_1_1_1  |        0|   0|  0|  20|    0|
    |mux_42_1_1_1_U122  |mux_42_1_1_1  |        0|   0|  0|  20|    0|
    |mux_42_1_1_1_U123  |mux_42_1_1_1  |        0|   0|  0|  20|    0|
    |mux_42_1_1_1_U124  |mux_42_1_1_1  |        0|   0|  0|  20|    0|
    |mux_42_1_1_1_U125  |mux_42_1_1_1  |        0|   0|  0|  20|    0|
    |mux_42_1_1_1_U126  |mux_42_1_1_1  |        0|   0|  0|  20|    0|
    |mux_42_1_1_1_U127  |mux_42_1_1_1  |        0|   0|  0|  20|    0|
    |mux_42_1_1_1_U128  |mux_42_1_1_1  |        0|   0|  0|  20|    0|
    |mux_42_1_1_1_U129  |mux_42_1_1_1  |        0|   0|  0|  20|    0|
    |mux_42_1_1_1_U130  |mux_42_1_1_1  |        0|   0|  0|  20|    0|
    |mux_42_1_1_1_U131  |mux_42_1_1_1  |        0|   0|  0|  20|    0|
    |mux_42_1_1_1_U132  |mux_42_1_1_1  |        0|   0|  0|  20|    0|
    |mux_42_1_1_1_U133  |mux_42_1_1_1  |        0|   0|  0|  20|    0|
    |mux_42_1_1_1_U134  |mux_42_1_1_1  |        0|   0|  0|  20|    0|
    |mux_42_1_1_1_U135  |mux_42_1_1_1  |        0|   0|  0|  20|    0|
    |mux_42_1_1_1_U136  |mux_42_1_1_1  |        0|   0|  0|  20|    0|
    |mux_42_1_1_1_U137  |mux_42_1_1_1  |        0|   0|  0|  20|    0|
    |mux_42_1_1_1_U138  |mux_42_1_1_1  |        0|   0|  0|  20|    0|
    |mux_42_1_1_1_U139  |mux_42_1_1_1  |        0|   0|  0|  20|    0|
    |mux_42_1_1_1_U140  |mux_42_1_1_1  |        0|   0|  0|  20|    0|
    |mux_42_1_1_1_U141  |mux_42_1_1_1  |        0|   0|  0|  20|    0|
    |mux_42_1_1_1_U142  |mux_42_1_1_1  |        0|   0|  0|  20|    0|
    |mux_42_1_1_1_U143  |mux_42_1_1_1  |        0|   0|  0|  20|    0|
    |mux_42_1_1_1_U144  |mux_42_1_1_1  |        0|   0|  0|  20|    0|
    |mux_42_1_1_1_U145  |mux_42_1_1_1  |        0|   0|  0|  20|    0|
    |mux_42_1_1_1_U146  |mux_42_1_1_1  |        0|   0|  0|  20|    0|
    |mux_42_1_1_1_U147  |mux_42_1_1_1  |        0|   0|  0|  20|    0|
    |mux_42_1_1_1_U148  |mux_42_1_1_1  |        0|   0|  0|  20|    0|
    |mux_42_1_1_1_U149  |mux_42_1_1_1  |        0|   0|  0|  20|    0|
    |mux_42_1_1_1_U150  |mux_42_1_1_1  |        0|   0|  0|  20|    0|
    |mux_42_1_1_1_U151  |mux_42_1_1_1  |        0|   0|  0|  20|    0|
    |mux_42_1_1_1_U152  |mux_42_1_1_1  |        0|   0|  0|  20|    0|
    |mux_42_1_1_1_U153  |mux_42_1_1_1  |        0|   0|  0|  20|    0|
    |mux_42_1_1_1_U154  |mux_42_1_1_1  |        0|   0|  0|  20|    0|
    |mux_42_1_1_1_U155  |mux_42_1_1_1  |        0|   0|  0|  20|    0|
    |mux_42_1_1_1_U156  |mux_42_1_1_1  |        0|   0|  0|  20|    0|
    |mux_42_1_1_1_U157  |mux_42_1_1_1  |        0|   0|  0|  20|    0|
    |mux_42_1_1_1_U158  |mux_42_1_1_1  |        0|   0|  0|  20|    0|
    |mux_42_1_1_1_U159  |mux_42_1_1_1  |        0|   0|  0|  20|    0|
    |mux_42_1_1_1_U160  |mux_42_1_1_1  |        0|   0|  0|  20|    0|
    |mux_42_1_1_1_U161  |mux_42_1_1_1  |        0|   0|  0|  20|    0|
    |mux_42_1_1_1_U162  |mux_42_1_1_1  |        0|   0|  0|  20|    0|
    |mux_42_1_1_1_U163  |mux_42_1_1_1  |        0|   0|  0|  20|    0|
    |mux_42_1_1_1_U164  |mux_42_1_1_1  |        0|   0|  0|  20|    0|
    |mux_42_1_1_1_U165  |mux_42_1_1_1  |        0|   0|  0|  20|    0|
    |mux_42_1_1_1_U166  |mux_42_1_1_1  |        0|   0|  0|  20|    0|
    |mux_42_1_1_1_U167  |mux_42_1_1_1  |        0|   0|  0|  20|    0|
    |mux_42_1_1_1_U168  |mux_42_1_1_1  |        0|   0|  0|  20|    0|
    |mux_42_1_1_1_U169  |mux_42_1_1_1  |        0|   0|  0|  20|    0|
    |mux_42_1_1_1_U170  |mux_42_1_1_1  |        0|   0|  0|  20|    0|
    |mux_42_1_1_1_U171  |mux_42_1_1_1  |        0|   0|  0|  20|    0|
    |mux_42_1_1_1_U172  |mux_42_1_1_1  |        0|   0|  0|  20|    0|
    |mux_42_1_1_1_U173  |mux_42_1_1_1  |        0|   0|  0|  20|    0|
    |mux_42_1_1_1_U174  |mux_42_1_1_1  |        0|   0|  0|  20|    0|
    |mux_42_1_1_1_U175  |mux_42_1_1_1  |        0|   0|  0|  20|    0|
    |mux_42_1_1_1_U176  |mux_42_1_1_1  |        0|   0|  0|  20|    0|
    |mux_42_1_1_1_U177  |mux_42_1_1_1  |        0|   0|  0|  20|    0|
    |mux_42_1_1_1_U178  |mux_42_1_1_1  |        0|   0|  0|  20|    0|
    |mux_42_1_1_1_U179  |mux_42_1_1_1  |        0|   0|  0|  20|    0|
    |mux_42_1_1_1_U180  |mux_42_1_1_1  |        0|   0|  0|  20|    0|
    |mux_42_1_1_1_U181  |mux_42_1_1_1  |        0|   0|  0|  20|    0|
    |mux_42_1_1_1_U182  |mux_42_1_1_1  |        0|   0|  0|  20|    0|
    |mux_42_1_1_1_U183  |mux_42_1_1_1  |        0|   0|  0|  20|    0|
    |mux_42_1_1_1_U184  |mux_42_1_1_1  |        0|   0|  0|  20|    0|
    |mux_42_1_1_1_U185  |mux_42_1_1_1  |        0|   0|  0|  20|    0|
    |mux_42_1_1_1_U186  |mux_42_1_1_1  |        0|   0|  0|  20|    0|
    |mux_42_1_1_1_U187  |mux_42_1_1_1  |        0|   0|  0|  20|    0|
    |mux_42_1_1_1_U188  |mux_42_1_1_1  |        0|   0|  0|  20|    0|
    |mux_42_1_1_1_U189  |mux_42_1_1_1  |        0|   0|  0|  20|    0|
    |mux_42_1_1_1_U190  |mux_42_1_1_1  |        0|   0|  0|  20|    0|
    |mux_42_1_1_1_U191  |mux_42_1_1_1  |        0|   0|  0|  20|    0|
    |mux_42_1_1_1_U192  |mux_42_1_1_1  |        0|   0|  0|  20|    0|
    |mux_42_1_1_1_U193  |mux_42_1_1_1  |        0|   0|  0|  20|    0|
    |mux_42_1_1_1_U194  |mux_42_1_1_1  |        0|   0|  0|  20|    0|
    |mux_42_1_1_1_U195  |mux_42_1_1_1  |        0|   0|  0|  20|    0|
    |mux_42_1_1_1_U196  |mux_42_1_1_1  |        0|   0|  0|  20|    0|
    |mux_42_1_1_1_U197  |mux_42_1_1_1  |        0|   0|  0|  20|    0|
    |mux_42_1_1_1_U198  |mux_42_1_1_1  |        0|   0|  0|  20|    0|
    |mux_42_1_1_1_U199  |mux_42_1_1_1  |        0|   0|  0|  20|    0|
    |mux_42_1_1_1_U200  |mux_42_1_1_1  |        0|   0|  0|  20|    0|
    |mux_42_1_1_1_U201  |mux_42_1_1_1  |        0|   0|  0|  20|    0|
    |mux_42_1_1_1_U202  |mux_42_1_1_1  |        0|   0|  0|  20|    0|
    |mux_42_1_1_1_U203  |mux_42_1_1_1  |        0|   0|  0|  20|    0|
    |mux_42_1_1_1_U204  |mux_42_1_1_1  |        0|   0|  0|  20|    0|
    |mux_42_1_1_1_U205  |mux_42_1_1_1  |        0|   0|  0|  20|    0|
    |mux_42_1_1_1_U206  |mux_42_1_1_1  |        0|   0|  0|  20|    0|
    |mux_42_1_1_1_U207  |mux_42_1_1_1  |        0|   0|  0|  20|    0|
    |mux_42_1_1_1_U208  |mux_42_1_1_1  |        0|   0|  0|  20|    0|
    |mux_42_1_1_1_U209  |mux_42_1_1_1  |        0|   0|  0|  20|    0|
    |mux_42_1_1_1_U210  |mux_42_1_1_1  |        0|   0|  0|  20|    0|
    |mux_42_1_1_1_U211  |mux_42_1_1_1  |        0|   0|  0|  20|    0|
    |mux_42_1_1_1_U212  |mux_42_1_1_1  |        0|   0|  0|  20|    0|
    |mux_42_1_1_1_U213  |mux_42_1_1_1  |        0|   0|  0|  20|    0|
    |mux_42_1_1_1_U214  |mux_42_1_1_1  |        0|   0|  0|  20|    0|
    |mux_42_1_1_1_U215  |mux_42_1_1_1  |        0|   0|  0|  20|    0|
    |mux_42_1_1_1_U216  |mux_42_1_1_1  |        0|   0|  0|  20|    0|
    |mux_42_1_1_1_U217  |mux_42_1_1_1  |        0|   0|  0|  20|    0|
    |mux_42_1_1_1_U218  |mux_42_1_1_1  |        0|   0|  0|  20|    0|
    |mux_42_1_1_1_U219  |mux_42_1_1_1  |        0|   0|  0|  20|    0|
    |mux_42_1_1_1_U220  |mux_42_1_1_1  |        0|   0|  0|  20|    0|
    |mux_42_1_1_1_U221  |mux_42_1_1_1  |        0|   0|  0|  20|    0|
    |mux_42_1_1_1_U222  |mux_42_1_1_1  |        0|   0|  0|  20|    0|
    |mux_42_1_1_1_U223  |mux_42_1_1_1  |        0|   0|  0|  20|    0|
    |mux_42_1_1_1_U224  |mux_42_1_1_1  |        0|   0|  0|  20|    0|
    |mux_42_1_1_1_U225  |mux_42_1_1_1  |        0|   0|  0|  20|    0|
    |mux_42_1_1_1_U226  |mux_42_1_1_1  |        0|   0|  0|  20|    0|
    |mux_42_1_1_1_U227  |mux_42_1_1_1  |        0|   0|  0|  20|    0|
    |mux_42_1_1_1_U228  |mux_42_1_1_1  |        0|   0|  0|  20|    0|
    |mux_42_1_1_1_U229  |mux_42_1_1_1  |        0|   0|  0|  20|    0|
    |mux_42_1_1_1_U230  |mux_42_1_1_1  |        0|   0|  0|  20|    0|
    |mux_42_1_1_1_U231  |mux_42_1_1_1  |        0|   0|  0|  20|    0|
    |mux_42_1_1_1_U232  |mux_42_1_1_1  |        0|   0|  0|  20|    0|
    |mux_42_1_1_1_U233  |mux_42_1_1_1  |        0|   0|  0|  20|    0|
    |mux_42_1_1_1_U234  |mux_42_1_1_1  |        0|   0|  0|  20|    0|
    |mux_42_1_1_1_U235  |mux_42_1_1_1  |        0|   0|  0|  20|    0|
    |mux_42_1_1_1_U236  |mux_42_1_1_1  |        0|   0|  0|  20|    0|
    |mux_42_1_1_1_U237  |mux_42_1_1_1  |        0|   0|  0|  20|    0|
    |mux_42_1_1_1_U238  |mux_42_1_1_1  |        0|   0|  0|  20|    0|
    |mux_42_1_1_1_U239  |mux_42_1_1_1  |        0|   0|  0|  20|    0|
    |mux_42_1_1_1_U240  |mux_42_1_1_1  |        0|   0|  0|  20|    0|
    |mux_42_1_1_1_U241  |mux_42_1_1_1  |        0|   0|  0|  20|    0|
    |mux_42_1_1_1_U242  |mux_42_1_1_1  |        0|   0|  0|  20|    0|
    |mux_42_1_1_1_U243  |mux_42_1_1_1  |        0|   0|  0|  20|    0|
    |mux_42_1_1_1_U244  |mux_42_1_1_1  |        0|   0|  0|  20|    0|
    |mux_42_1_1_1_U245  |mux_42_1_1_1  |        0|   0|  0|  20|    0|
    |mux_42_1_1_1_U246  |mux_42_1_1_1  |        0|   0|  0|  20|    0|
    |mux_42_1_1_1_U247  |mux_42_1_1_1  |        0|   0|  0|  20|    0|
    |mux_42_1_1_1_U248  |mux_42_1_1_1  |        0|   0|  0|  20|    0|
    |mux_42_1_1_1_U249  |mux_42_1_1_1  |        0|   0|  0|  20|    0|
    |mux_42_1_1_1_U250  |mux_42_1_1_1  |        0|   0|  0|  20|    0|
    |mux_42_1_1_1_U251  |mux_42_1_1_1  |        0|   0|  0|  20|    0|
    |mux_42_1_1_1_U252  |mux_42_1_1_1  |        0|   0|  0|  20|    0|
    |mux_42_1_1_1_U253  |mux_42_1_1_1  |        0|   0|  0|  20|    0|
    |mux_42_1_1_1_U254  |mux_42_1_1_1  |        0|   0|  0|  20|    0|
    |mux_42_1_1_1_U255  |mux_42_1_1_1  |        0|   0|  0|  20|    0|
    |mux_42_1_1_1_U256  |mux_42_1_1_1  |        0|   0|  0|  20|    0|
    |mux_42_1_1_1_U257  |mux_42_1_1_1  |        0|   0|  0|  20|    0|
    |mux_42_1_1_1_U258  |mux_42_1_1_1  |        0|   0|  0|  20|    0|
    |mux_42_1_1_1_U259  |mux_42_1_1_1  |        0|   0|  0|  20|    0|
    |mux_42_1_1_1_U260  |mux_42_1_1_1  |        0|   0|  0|  20|    0|
    |mux_42_1_1_1_U261  |mux_42_1_1_1  |        0|   0|  0|  20|    0|
    |mux_42_1_1_1_U262  |mux_42_1_1_1  |        0|   0|  0|  20|    0|
    |mux_42_1_1_1_U263  |mux_42_1_1_1  |        0|   0|  0|  20|    0|
    |mux_42_1_1_1_U264  |mux_42_1_1_1  |        0|   0|  0|  20|    0|
    |mux_42_1_1_1_U265  |mux_42_1_1_1  |        0|   0|  0|  20|    0|
    |mux_42_1_1_1_U266  |mux_42_1_1_1  |        0|   0|  0|  20|    0|
    |mux_42_1_1_1_U267  |mux_42_1_1_1  |        0|   0|  0|  20|    0|
    |mux_42_1_1_1_U268  |mux_42_1_1_1  |        0|   0|  0|  20|    0|
    |mux_42_1_1_1_U269  |mux_42_1_1_1  |        0|   0|  0|  20|    0|
    |mux_42_1_1_1_U270  |mux_42_1_1_1  |        0|   0|  0|  20|    0|
    |mux_42_1_1_1_U271  |mux_42_1_1_1  |        0|   0|  0|  20|    0|
    |mux_42_1_1_1_U272  |mux_42_1_1_1  |        0|   0|  0|  20|    0|
    |mux_42_1_1_1_U273  |mux_42_1_1_1  |        0|   0|  0|  20|    0|
    |mux_42_1_1_1_U274  |mux_42_1_1_1  |        0|   0|  0|  20|    0|
    |mux_42_1_1_1_U275  |mux_42_1_1_1  |        0|   0|  0|  20|    0|
    |mux_42_1_1_1_U276  |mux_42_1_1_1  |        0|   0|  0|  20|    0|
    |mux_42_1_1_1_U277  |mux_42_1_1_1  |        0|   0|  0|  20|    0|
    |mux_42_1_1_1_U278  |mux_42_1_1_1  |        0|   0|  0|  20|    0|
    |mux_42_1_1_1_U279  |mux_42_1_1_1  |        0|   0|  0|  20|    0|
    |mux_42_1_1_1_U280  |mux_42_1_1_1  |        0|   0|  0|  20|    0|
    |mux_42_1_1_1_U281  |mux_42_1_1_1  |        0|   0|  0|  20|    0|
    |mux_42_1_1_1_U282  |mux_42_1_1_1  |        0|   0|  0|  20|    0|
    |mux_42_1_1_1_U283  |mux_42_1_1_1  |        0|   0|  0|  20|    0|
    |mux_42_1_1_1_U284  |mux_42_1_1_1  |        0|   0|  0|  20|    0|
    |mux_42_1_1_1_U285  |mux_42_1_1_1  |        0|   0|  0|  20|    0|
    |mux_42_1_1_1_U286  |mux_42_1_1_1  |        0|   0|  0|  20|    0|
    |mux_42_1_1_1_U287  |mux_42_1_1_1  |        0|   0|  0|  20|    0|
    |mux_42_1_1_1_U288  |mux_42_1_1_1  |        0|   0|  0|  20|    0|
    |mux_42_1_1_1_U289  |mux_42_1_1_1  |        0|   0|  0|  20|    0|
    |mux_42_1_1_1_U290  |mux_42_1_1_1  |        0|   0|  0|  20|    0|
    |mux_42_1_1_1_U291  |mux_42_1_1_1  |        0|   0|  0|  20|    0|
    |mux_42_1_1_1_U292  |mux_42_1_1_1  |        0|   0|  0|  20|    0|
    |mux_42_1_1_1_U293  |mux_42_1_1_1  |        0|   0|  0|  20|    0|
    |mux_42_1_1_1_U294  |mux_42_1_1_1  |        0|   0|  0|  20|    0|
    |mux_42_1_1_1_U295  |mux_42_1_1_1  |        0|   0|  0|  20|    0|
    |mux_42_1_1_1_U296  |mux_42_1_1_1  |        0|   0|  0|  20|    0|
    |mux_42_1_1_1_U297  |mux_42_1_1_1  |        0|   0|  0|  20|    0|
    |mux_42_1_1_1_U298  |mux_42_1_1_1  |        0|   0|  0|  20|    0|
    |mux_42_1_1_1_U299  |mux_42_1_1_1  |        0|   0|  0|  20|    0|
    |mux_42_1_1_1_U300  |mux_42_1_1_1  |        0|   0|  0|  20|    0|
    |mux_42_1_1_1_U301  |mux_42_1_1_1  |        0|   0|  0|  20|    0|
    |mux_42_1_1_1_U302  |mux_42_1_1_1  |        0|   0|  0|  20|    0|
    |mux_42_1_1_1_U303  |mux_42_1_1_1  |        0|   0|  0|  20|    0|
    |mux_42_1_1_1_U304  |mux_42_1_1_1  |        0|   0|  0|  20|    0|
    |mux_42_1_1_1_U305  |mux_42_1_1_1  |        0|   0|  0|  20|    0|
    |mux_42_1_1_1_U306  |mux_42_1_1_1  |        0|   0|  0|  20|    0|
    |mux_42_1_1_1_U307  |mux_42_1_1_1  |        0|   0|  0|  20|    0|
    |mux_42_1_1_1_U308  |mux_42_1_1_1  |        0|   0|  0|  20|    0|
    |mux_42_1_1_1_U309  |mux_42_1_1_1  |        0|   0|  0|  20|    0|
    |mux_42_1_1_1_U310  |mux_42_1_1_1  |        0|   0|  0|  20|    0|
    |mux_42_1_1_1_U311  |mux_42_1_1_1  |        0|   0|  0|  20|    0|
    |mux_42_1_1_1_U312  |mux_42_1_1_1  |        0|   0|  0|  20|    0|
    +-------------------+--------------+---------+----+---+----+-----+
    |Total              |              |        0|   0|  0|6240|    0|
    +-------------------+--------------+---------+----+---+----+-----+

    * DSP: 
    N/A

    * Memory: 
    N/A

    * FIFO: 
    N/A

    * Expression: 
    +-----------------------+----------+----+---+----+------------+------------+
    |     Variable Name     | Operation| DSP| FF| LUT| Bitwidth P0| Bitwidth P1|
    +-----------------------+----------+----+---+----+------------+------------+
    |add_ln655_fu_3490_p2   |         +|   0|  0|   9|           2|           1|
    |add_ln676_fu_6862_p2   |         +|   0|  0|   9|           2|           1|
    |icmp_ln655_fu_3496_p2  |      icmp|   0|  0|   8|           2|           2|
    |icmp_ln676_fu_6868_p2  |      icmp|   0|  0|   8|           2|           2|
    +-----------------------+----------+----+---+----+------------+------------+
    |Total                  |          |   0|  0|  34|           8|           6|
    +-----------------------+----------+----+---+----+------------+------------+

    * Multiplexer: 
    +--------------------------+----+-----------+-----+-----------+
    |           Name           | LUT| Input Size| Bits| Total Bits|
    +--------------------------+----+-----------+-----+-----------+
    |a_1_reg_3479              |   9|          2|    2|          4|
    |a_reg_2676                |   9|          2|    2|          4|
    |ap_NS_fsm                 |  31|          6|    1|          6|
    |write_flag102_0_reg_223   |   9|          2|    1|          2|
    |write_flag105_0_reg_256   |   9|          2|    1|          2|
    |write_flag108_0_reg_289   |   9|          2|    1|          2|
    |write_flag111_0_reg_322   |   9|          2|    1|          2|
    |write_flag114_0_reg_355   |   9|          2|    1|          2|
    |write_flag117_0_reg_388   |   9|          2|    1|          2|
    |write_flag120_0_reg_421   |   9|          2|    1|          2|
    |write_flag123_0_reg_454   |   9|          2|    1|          2|
    |write_flag126_0_reg_487   |   9|          2|    1|          2|
    |write_flag129_0_reg_861   |   9|          2|    1|          2|
    |write_flag12_0_reg_58     |   9|          2|    1|          2|
    |write_flag132_0_reg_850   |   9|          2|    1|          2|
    |write_flag135_0_reg_828   |   9|          2|    1|          2|
    |write_flag138_0_reg_817   |   9|          2|    1|          2|
    |write_flag141_0_reg_795   |   9|          2|    1|          2|
    |write_flag144_0_reg_784   |   9|          2|    1|          2|
    |write_flag147_0_reg_762   |   9|          2|    1|          2|
    |write_flag150_0_reg_751   |   9|          2|    1|          2|
    |write_flag153_0_reg_729   |   9|          2|    1|          2|
    |write_flag156_0_reg_718   |   9|          2|    1|          2|
    |write_flag159_0_reg_696   |   9|          2|    1|          2|
    |write_flag15_0_reg_47     |   9|          2|    1|          2|
    |write_flag162_0_reg_685   |   9|          2|    1|          2|
    |write_flag165_0_reg_663   |   9|          2|    1|          2|
    |write_flag168_0_reg_652   |   9|          2|    1|          2|
    |write_flag171_0_reg_630   |   9|          2|    1|          2|
    |write_flag174_0_reg_619   |   9|          2|    1|          2|
    |write_flag177_0_reg_597   |   9|          2|    1|          2|
    |write_flag180_0_reg_586   |   9|          2|    1|          2|
    |write_flag183_0_reg_564   |   9|          2|    1|          2|
    |write_flag186_0_reg_553   |   9|          2|    1|          2|
    |write_flag189_0_reg_531   |   9|          2|    1|          2|
    |write_flag18_0_reg_36     |   9|          2|    1|          2|
    |write_flag192_0_reg_520   |   9|          2|    1|          2|
    |write_flag195_0_reg_509   |   9|          2|    1|          2|
    |write_flag198_0_reg_542   |   9|          2|    1|          2|
    |write_flag201_0_reg_575   |   9|          2|    1|          2|
    |write_flag204_0_reg_608   |   9|          2|    1|          2|
    |write_flag207_0_reg_641   |   9|          2|    1|          2|
    |write_flag210_0_reg_674   |   9|          2|    1|          2|
    |write_flag213_0_reg_707   |   9|          2|    1|          2|
    |write_flag216_0_reg_740   |   9|          2|    1|          2|
    |write_flag219_0_reg_773   |   9|          2|    1|          2|
    |write_flag21_0_reg_69     |   9|          2|    1|          2|
    |write_flag222_0_reg_806   |   9|          2|    1|          2|
    |write_flag225_0_reg_839   |   9|          2|    1|          2|
    |write_flag228_0_reg_872   |   9|          2|    1|          2|
    |write_flag231_0_reg_1235  |   9|          2|    1|          2|
    |write_flag234_0_reg_1224  |   9|          2|    1|          2|
    |write_flag237_0_reg_1202  |   9|          2|    1|          2|
    |write_flag240_0_reg_1191  |   9|          2|    1|          2|
    |write_flag243_0_reg_1169  |   9|          2|    1|          2|
    |write_flag246_0_reg_1158  |   9|          2|    1|          2|
    |write_flag249_0_reg_1136  |   9|          2|    1|          2|
    |write_flag24_0_reg_102    |   9|          2|    1|          2|
    |write_flag252_0_reg_1125  |   9|          2|    1|          2|
    |write_flag255_0_reg_1103  |   9|          2|    1|          2|
    |write_flag258_0_reg_1092  |   9|          2|    1|          2|
    |write_flag261_0_reg_1070  |   9|          2|    1|          2|
    |write_flag264_0_reg_1059  |   9|          2|    1|          2|
    |write_flag267_0_reg_1037  |   9|          2|    1|          2|
    |write_flag270_0_reg_1026  |   9|          2|    1|          2|
    |write_flag273_0_reg_1004  |   9|          2|    1|          2|
    |write_flag276_0_reg_993   |   9|          2|    1|          2|
    |write_flag279_0_reg_971   |   9|          2|    1|          2|
    |write_flag27_0_reg_498    |   9|          2|    1|          2|
    |write_flag282_0_reg_960   |   9|          2|    1|          2|
    |write_flag285_0_reg_938   |   9|          2|    1|          2|
    |write_flag288_0_reg_927   |   9|          2|    1|          2|
    |write_flag291_0_reg_905   |   9|          2|    1|          2|
    |write_flag294_0_reg_894   |   9|          2|    1|          2|
    |write_flag297_0_reg_883   |   9|          2|    1|          2|
    |write_flag300_0_reg_916   |   9|          2|    1|          2|
    |write_flag303_0_reg_949   |   9|          2|    1|          2|
    |write_flag306_0_reg_982   |   9|          2|    1|          2|
    |write_flag309_0_reg_1015  |   9|          2|    1|          2|
    |write_flag30_0_reg_476    |   9|          2|    1|          2|
    |write_flag312_0_reg_1048  |   9|          2|    1|          2|
    |write_flag315_0_reg_1081  |   9|          2|    1|          2|
    |write_flag318_0_reg_1114  |   9|          2|    1|          2|
    |write_flag321_0_reg_1147  |   9|          2|    1|          2|
    |write_flag324_0_reg_1180  |   9|          2|    1|          2|
    |write_flag327_0_reg_1213  |   9|          2|    1|          2|
    |write_flag330_0_reg_1609  |   9|          2|    1|          2|
    |write_flag333_0_reg_1587  |   9|          2|    1|          2|
    |write_flag336_0_reg_1576  |   9|          2|    1|          2|
    |write_flag339_0_reg_1554  |   9|          2|    1|          2|
    |write_flag33_0_reg_465    |   9|          2|    1|          2|
    |write_flag342_0_reg_1543  |   9|          2|    1|          2|
    |write_flag345_0_reg_1521  |   9|          2|    1|          2|
    |write_flag348_0_reg_1510  |   9|          2|    1|          2|
    |write_flag351_0_reg_1488  |   9|          2|    1|          2|
    |write_flag354_0_reg_1477  |   9|          2|    1|          2|
    |write_flag357_0_reg_1455  |   9|          2|    1|          2|
    |write_flag360_0_reg_1444  |   9|          2|    1|          2|
    |write_flag363_0_reg_1422  |   9|          2|    1|          2|
    |write_flag366_0_reg_1411  |   9|          2|    1|          2|
    |write_flag369_0_reg_1389  |   9|          2|    1|          2|
    |write_flag36_0_reg_443    |   9|          2|    1|          2|
    |write_flag372_0_reg_1378  |   9|          2|    1|          2|
    |write_flag375_0_reg_1356  |   9|          2|    1|          2|
    |write_flag378_0_reg_1345  |   9|          2|    1|          2|
    |write_flag381_0_reg_1323  |   9|          2|    1|          2|
    |write_flag384_0_reg_1312  |   9|          2|    1|          2|
    |write_flag387_0_reg_1290  |   9|          2|    1|          2|
    |write_flag390_0_reg_1279  |   9|          2|    1|          2|
    |write_flag393_0_reg_1257  |   9|          2|    1|          2|
    |write_flag396_0_reg_1246  |   9|          2|    1|          2|
    |write_flag399_0_reg_1268  |   9|          2|    1|          2|
    |write_flag39_0_reg_432    |   9|          2|    1|          2|
    |write_flag3_0_reg_113     |   9|          2|    1|          2|
    |write_flag402_0_reg_1301  |   9|          2|    1|          2|
    |write_flag405_0_reg_1334  |   9|          2|    1|          2|
    |write_flag408_0_reg_1367  |   9|          2|    1|          2|
    |write_flag411_0_reg_1400  |   9|          2|    1|          2|
    |write_flag414_0_reg_1433  |   9|          2|    1|          2|
    |write_flag417_0_reg_1466  |   9|          2|    1|          2|
    |write_flag420_0_reg_1499  |   9|          2|    1|          2|
    |write_flag423_0_reg_1532  |   9|          2|    1|          2|
    |write_flag426_0_reg_1565  |   9|          2|    1|          2|
    |write_flag429_0_reg_1598  |   9|          2|    1|          2|
    |write_flag42_0_reg_410    |   9|          2|    1|          2|
    |write_flag432_0_reg_1972  |   9|          2|    1|          2|
    |write_flag435_0_reg_1961  |   9|          2|    1|          2|
    |write_flag438_0_reg_1939  |   9|          2|    1|          2|
    |write_flag441_0_reg_1928  |   9|          2|    1|          2|
    |write_flag444_0_reg_1906  |   9|          2|    1|          2|
    |write_flag447_0_reg_1895  |   9|          2|    1|          2|
    |write_flag450_0_reg_1873  |   9|          2|    1|          2|
    |write_flag453_0_reg_1862  |   9|          2|    1|          2|
    |write_flag456_0_reg_1840  |   9|          2|    1|          2|
    |write_flag459_0_reg_1829  |   9|          2|    1|          2|
    |write_flag45_0_reg_399    |   9|          2|    1|          2|
    |write_flag462_0_reg_1807  |   9|          2|    1|          2|
    |write_flag465_0_reg_1796  |   9|          2|    1|          2|
    |write_flag468_0_reg_1774  |   9|          2|    1|          2|
    |write_flag471_0_reg_1763  |   9|          2|    1|          2|
    |write_flag474_0_reg_1741  |   9|          2|    1|          2|
    |write_flag477_0_reg_1730  |   9|          2|    1|          2|
    |write_flag480_0_reg_1708  |   9|          2|    1|          2|
    |write_flag483_0_reg_1697  |   9|          2|    1|          2|
    |write_flag486_0_reg_1675  |   9|          2|    1|          2|
    |write_flag489_0_reg_1664  |   9|          2|    1|          2|
    |write_flag48_0_reg_377    |   9|          2|    1|          2|
    |write_flag492_0_reg_1642  |   9|          2|    1|          2|
    |write_flag495_0_reg_1631  |   9|          2|    1|          2|
    |write_flag498_0_reg_1620  |   9|          2|    1|          2|
    |write_flag501_0_reg_1653  |   9|          2|    1|          2|
    |write_flag504_0_reg_1686  |   9|          2|    1|          2|
    |write_flag507_0_reg_1719  |   9|          2|    1|          2|
    |write_flag510_0_reg_1752  |   9|          2|    1|          2|
    |write_flag513_0_reg_1785  |   9|          2|    1|          2|
    |write_flag516_0_reg_1818  |   9|          2|    1|          2|
    |write_flag519_0_reg_1851  |   9|          2|    1|          2|
    |write_flag51_0_reg_366    |   9|          2|    1|          2|
    |write_flag522_0_reg_1884  |   9|          2|    1|          2|
    |write_flag525_0_reg_1917  |   9|          2|    1|          2|
    |write_flag528_0_reg_1950  |   9|          2|    1|          2|
    |write_flag531_0_reg_1983  |   9|          2|    1|          2|
    |write_flag534_0_reg_2346  |   9|          2|    1|          2|
    |write_flag537_0_reg_2335  |   9|          2|    1|          2|
    |write_flag540_0_reg_2313  |   9|          2|    1|          2|
    |write_flag543_0_reg_2302  |   9|          2|    1|          2|
    |write_flag546_0_reg_2280  |   9|          2|    1|          2|
    |write_flag549_0_reg_2269  |   9|          2|    1|          2|
    |write_flag54_0_reg_344    |   9|          2|    1|          2|
    |write_flag552_0_reg_2247  |   9|          2|    1|          2|
    |write_flag555_0_reg_2236  |   9|          2|    1|          2|
    |write_flag558_0_reg_2214  |   9|          2|    1|          2|
    |write_flag561_0_reg_2203  |   9|          2|    1|          2|
    |write_flag564_0_reg_2181  |   9|          2|    1|          2|
    |write_flag567_0_reg_2170  |   9|          2|    1|          2|
    |write_flag570_0_reg_2148  |   9|          2|    1|          2|
    |write_flag573_0_reg_2137  |   9|          2|    1|          2|
    |write_flag576_0_reg_2115  |   9|          2|    1|          2|
    |write_flag579_0_reg_2104  |   9|          2|    1|          2|
    |write_flag57_0_reg_333    |   9|          2|    1|          2|
    |write_flag582_0_reg_2082  |   9|          2|    1|          2|
    |write_flag585_0_reg_2071  |   9|          2|    1|          2|
    |write_flag588_0_reg_2049  |   9|          2|    1|          2|
    |write_flag591_0_reg_2038  |   9|          2|    1|          2|
    |write_flag594_0_reg_2016  |   9|          2|    1|          2|
    |write_flag597_0_reg_2005  |   9|          2|    1|          2|
    |write_flag600_0_reg_1994  |   9|          2|    1|          2|
    |write_flag603_0_reg_2027  |   9|          2|    1|          2|
    |write_flag606_0_reg_2060  |   9|          2|    1|          2|
    |write_flag609_0_reg_2093  |   9|          2|    1|          2|
    |write_flag60_0_reg_311    |   9|          2|    1|          2|
    |write_flag612_0_reg_2126  |   9|          2|    1|          2|
    |write_flag615_0_reg_2159  |   9|          2|    1|          2|
    |write_flag618_0_reg_2192  |   9|          2|    1|          2|
    |write_flag621_0_reg_2225  |   9|          2|    1|          2|
    |write_flag624_0_reg_2258  |   9|          2|    1|          2|
    |write_flag627_0_reg_2291  |   9|          2|    1|          2|
    |write_flag630_0_reg_2324  |   9|          2|    1|          2|
    |write_flag633_0_reg_2665  |   9|          2|    1|          2|
    |write_flag636_0_reg_2654  |   9|          2|    1|          2|
    |write_flag639_0_reg_2643  |   9|          2|    1|          2|
    |write_flag63_0_reg_300    |   9|          2|    1|          2|
    |write_flag642_0_reg_2632  |   9|          2|    1|          2|
    |write_flag645_0_reg_2621  |   9|          2|    1|          2|
    |write_flag648_0_reg_2610  |   9|          2|    1|          2|
    |write_flag651_0_reg_2599  |   9|          2|    1|          2|
    |write_flag654_0_reg_2588  |   9|          2|    1|          2|
    |write_flag657_0_reg_2577  |   9|          2|    1|          2|
    |write_flag660_0_reg_2566  |   9|          2|    1|          2|
    |write_flag663_0_reg_2555  |   9|          2|    1|          2|
    |write_flag666_0_reg_2533  |   9|          2|    1|          2|
    |write_flag669_0_reg_2522  |   9|          2|    1|          2|
    |write_flag66_0_reg_278    |   9|          2|    1|          2|
    |write_flag672_0_reg_2500  |   9|          2|    1|          2|
    |write_flag675_0_reg_2489  |   9|          2|    1|          2|
    |write_flag678_0_reg_2467  |   9|          2|    1|          2|
    |write_flag681_0_reg_2456  |   9|          2|    1|          2|
    |write_flag684_0_reg_2434  |   9|          2|    1|          2|
    |write_flag687_0_reg_2423  |   9|          2|    1|          2|
    |write_flag690_0_reg_2401  |   9|          2|    1|          2|
    |write_flag693_0_reg_2390  |   9|          2|    1|          2|
    |write_flag696_0_reg_2368  |   9|          2|    1|          2|
    |write_flag699_0_reg_2357  |   9|          2|    1|          2|
    |write_flag69_0_reg_267    |   9|          2|    1|          2|
    |write_flag6_0_reg_91      |   9|          2|    1|          2|
    |write_flag702_0_reg_2379  |   9|          2|    1|          2|
    |write_flag705_0_reg_2412  |   9|          2|    1|          2|
    |write_flag708_0_reg_2445  |   9|          2|    1|          2|
    |write_flag711_0_reg_2478  |   9|          2|    1|          2|
    |write_flag714_0_reg_2511  |   9|          2|    1|          2|
    |write_flag717_0_reg_2544  |   9|          2|    1|          2|
    |write_flag720_0_reg_2687  |   9|          2|    1|          2|
    |write_flag723_0_reg_2698  |   9|          2|    1|          2|
    |write_flag726_0_reg_2709  |   9|          2|    1|          2|
    |write_flag729_0_reg_2720  |   9|          2|    1|          2|
    |write_flag72_0_reg_245    |   9|          2|    1|          2|
    |write_flag732_0_reg_2731  |   9|          2|    1|          2|
    |write_flag735_0_reg_3094  |   9|          2|    1|          2|
    |write_flag738_0_reg_3083  |   9|          2|    1|          2|
    |write_flag741_0_reg_3061  |   9|          2|    1|          2|
    |write_flag744_0_reg_3050  |   9|          2|    1|          2|
    |write_flag747_0_reg_3028  |   9|          2|    1|          2|
    |write_flag750_0_reg_3017  |   9|          2|    1|          2|
    |write_flag753_0_reg_2995  |   9|          2|    1|          2|
    |write_flag756_0_reg_2984  |   9|          2|    1|          2|
    |write_flag759_0_reg_2962  |   9|          2|    1|          2|
    |write_flag75_0_reg_234    |   9|          2|    1|          2|
    |write_flag762_0_reg_2951  |   9|          2|    1|          2|
    |write_flag765_0_reg_2929  |   9|          2|    1|          2|
    |write_flag768_0_reg_2918  |   9|          2|    1|          2|
    |write_flag771_0_reg_2896  |   9|          2|    1|          2|
    |write_flag774_0_reg_2885  |   9|          2|    1|          2|
    |write_flag777_0_reg_2863  |   9|          2|    1|          2|
    |write_flag780_0_reg_2852  |   9|          2|    1|          2|
    |write_flag783_0_reg_2830  |   9|          2|    1|          2|
    |write_flag786_0_reg_2819  |   9|          2|    1|          2|
    |write_flag789_0_reg_2797  |   9|          2|    1|          2|
    |write_flag78_0_reg_212    |   9|          2|    1|          2|
    |write_flag792_0_reg_2786  |   9|          2|    1|          2|
    |write_flag795_0_reg_2764  |   9|          2|    1|          2|
    |write_flag798_0_reg_2753  |   9|          2|    1|          2|
    |write_flag801_0_reg_2742  |   9|          2|    1|          2|
    |write_flag804_0_reg_2775  |   9|          2|    1|          2|
    |write_flag807_0_reg_2808  |   9|          2|    1|          2|
    |write_flag810_0_reg_2841  |   9|          2|    1|          2|
    |write_flag813_0_reg_2874  |   9|          2|    1|          2|
    |write_flag816_0_reg_2907  |   9|          2|    1|          2|
    |write_flag819_0_reg_2940  |   9|          2|    1|          2|
    |write_flag81_0_reg_201    |   9|          2|    1|          2|
    |write_flag822_0_reg_2973  |   9|          2|    1|          2|
    |write_flag825_0_reg_3006  |   9|          2|    1|          2|
    |write_flag828_0_reg_3039  |   9|          2|    1|          2|
    |write_flag831_0_reg_3072  |   9|          2|    1|          2|
    |write_flag834_0_reg_3105  |   9|          2|    1|          2|
    |write_flag837_0_reg_3468  |   9|          2|    1|          2|
    |write_flag840_0_reg_3457  |   9|          2|    1|          2|
    |write_flag843_0_reg_3435  |   9|          2|    1|          2|
    |write_flag846_0_reg_3424  |   9|          2|    1|          2|
    |write_flag849_0_reg_3402  |   9|          2|    1|          2|
    |write_flag84_0_reg_179    |   9|          2|    1|          2|
    |write_flag852_0_reg_3391  |   9|          2|    1|          2|
    |write_flag855_0_reg_3369  |   9|          2|    1|          2|
    |write_flag858_0_reg_3358  |   9|          2|    1|          2|
    |write_flag861_0_reg_3336  |   9|          2|    1|          2|
    |write_flag864_0_reg_3325  |   9|          2|    1|          2|
    |write_flag867_0_reg_3303  |   9|          2|    1|          2|
    |write_flag870_0_reg_3292  |   9|          2|    1|          2|
    |write_flag873_0_reg_3270  |   9|          2|    1|          2|
    |write_flag876_0_reg_3259  |   9|          2|    1|          2|
    |write_flag879_0_reg_3237  |   9|          2|    1|          2|
    |write_flag87_0_reg_168    |   9|          2|    1|          2|
    |write_flag882_0_reg_3226  |   9|          2|    1|          2|
    |write_flag885_0_reg_3204  |   9|          2|    1|          2|
    |write_flag888_0_reg_3193  |   9|          2|    1|          2|
    |write_flag891_0_reg_3171  |   9|          2|    1|          2|
    |write_flag894_0_reg_3160  |   9|          2|    1|          2|
    |write_flag897_0_reg_3138  |   9|          2|    1|          2|
    |write_flag900_0_reg_3127  |   9|          2|    1|          2|
    |write_flag903_0_reg_3116  |   9|          2|    1|          2|
    |write_flag906_0_reg_3149  |   9|          2|    1|          2|
    |write_flag909_0_reg_3182  |   9|          2|    1|          2|
    |write_flag90_0_reg_146    |   9|          2|    1|          2|
    |write_flag912_0_reg_3215  |   9|          2|    1|          2|
    |write_flag915_0_reg_3248  |   9|          2|    1|          2|
    |write_flag918_0_reg_3281  |   9|          2|    1|          2|
    |write_flag921_0_reg_3314  |   9|          2|    1|          2|
    |write_flag924_0_reg_3347  |   9|          2|    1|          2|
    |write_flag927_0_reg_3380  |   9|          2|    1|          2|
    |write_flag930_0_reg_3413  |   9|          2|    1|          2|
    |write_flag933_0_reg_3446  |   9|          2|    1|          2|
    |write_flag93_0_reg_135    |   9|          2|    1|          2|
    |write_flag96_0_reg_157    |   9|          2|    1|          2|
    |write_flag99_0_reg_190    |   9|          2|    1|          2|
    |write_flag9_0_reg_80      |   9|          2|    1|          2|
    |write_flag_0_reg_124      |   9|          2|    1|          2|
    +--------------------------+----+-----------+-----+-----------+
    |Total                     |2857|        634|  317|        638|
    +--------------------------+----+-----------+-----+-----------+

    * Register: 
    +--------------------------+---+----+-----+-----------+
    |           Name           | FF| LUT| Bits| Const Bits|
    +--------------------------+---+----+-----+-----------+
    |a_1_reg_3479              |  2|   0|    2|          0|
    |a_reg_2676                |  2|   0|    2|          0|
    |ap_CS_fsm                 |  5|   0|    5|          0|
    |write_flag102_0_reg_223   |  1|   0|    1|          0|
    |write_flag105_0_reg_256   |  1|   0|    1|          0|
    |write_flag108_0_reg_289   |  1|   0|    1|          0|
    |write_flag111_0_reg_322   |  1|   0|    1|          0|
    |write_flag114_0_reg_355   |  1|   0|    1|          0|
    |write_flag117_0_reg_388   |  1|   0|    1|          0|
    |write_flag120_0_reg_421   |  1|   0|    1|          0|
    |write_flag123_0_reg_454   |  1|   0|    1|          0|
    |write_flag126_0_reg_487   |  1|   0|    1|          0|
    |write_flag129_0_reg_861   |  1|   0|    1|          0|
    |write_flag12_0_reg_58     |  1|   0|    1|          0|
    |write_flag132_0_reg_850   |  1|   0|    1|          0|
    |write_flag135_0_reg_828   |  1|   0|    1|          0|
    |write_flag138_0_reg_817   |  1|   0|    1|          0|
    |write_flag141_0_reg_795   |  1|   0|    1|          0|
    |write_flag144_0_reg_784   |  1|   0|    1|          0|
    |write_flag147_0_reg_762   |  1|   0|    1|          0|
    |write_flag150_0_reg_751   |  1|   0|    1|          0|
    |write_flag153_0_reg_729   |  1|   0|    1|          0|
    |write_flag156_0_reg_718   |  1|   0|    1|          0|
    |write_flag159_0_reg_696   |  1|   0|    1|          0|
    |write_flag15_0_reg_47     |  1|   0|    1|          0|
    |write_flag162_0_reg_685   |  1|   0|    1|          0|
    |write_flag165_0_reg_663   |  1|   0|    1|          0|
    |write_flag168_0_reg_652   |  1|   0|    1|          0|
    |write_flag171_0_reg_630   |  1|   0|    1|          0|
    |write_flag174_0_reg_619   |  1|   0|    1|          0|
    |write_flag177_0_reg_597   |  1|   0|    1|          0|
    |write_flag180_0_reg_586   |  1|   0|    1|          0|
    |write_flag183_0_reg_564   |  1|   0|    1|          0|
    |write_flag186_0_reg_553   |  1|   0|    1|          0|
    |write_flag189_0_reg_531   |  1|   0|    1|          0|
    |write_flag18_0_reg_36     |  1|   0|    1|          0|
    |write_flag192_0_reg_520   |  1|   0|    1|          0|
    |write_flag195_0_reg_509   |  1|   0|    1|          0|
    |write_flag198_0_reg_542   |  1|   0|    1|          0|
    |write_flag201_0_reg_575   |  1|   0|    1|          0|
    |write_flag204_0_reg_608   |  1|   0|    1|          0|
    |write_flag207_0_reg_641   |  1|   0|    1|          0|
    |write_flag210_0_reg_674   |  1|   0|    1|          0|
    |write_flag213_0_reg_707   |  1|   0|    1|          0|
    |write_flag216_0_reg_740   |  1|   0|    1|          0|
    |write_flag219_0_reg_773   |  1|   0|    1|          0|
    |write_flag21_0_reg_69     |  1|   0|    1|          0|
    |write_flag222_0_reg_806   |  1|   0|    1|          0|
    |write_flag225_0_reg_839   |  1|   0|    1|          0|
    |write_flag228_0_reg_872   |  1|   0|    1|          0|
    |write_flag231_0_reg_1235  |  1|   0|    1|          0|
    |write_flag234_0_reg_1224  |  1|   0|    1|          0|
    |write_flag237_0_reg_1202  |  1|   0|    1|          0|
    |write_flag240_0_reg_1191  |  1|   0|    1|          0|
    |write_flag243_0_reg_1169  |  1|   0|    1|          0|
    |write_flag246_0_reg_1158  |  1|   0|    1|          0|
    |write_flag249_0_reg_1136  |  1|   0|    1|          0|
    |write_flag24_0_reg_102    |  1|   0|    1|          0|
    |write_flag252_0_reg_1125  |  1|   0|    1|          0|
    |write_flag255_0_reg_1103  |  1|   0|    1|          0|
    |write_flag258_0_reg_1092  |  1|   0|    1|          0|
    |write_flag261_0_reg_1070  |  1|   0|    1|          0|
    |write_flag264_0_reg_1059  |  1|   0|    1|          0|
    |write_flag267_0_reg_1037  |  1|   0|    1|          0|
    |write_flag270_0_reg_1026  |  1|   0|    1|          0|
    |write_flag273_0_reg_1004  |  1|   0|    1|          0|
    |write_flag276_0_reg_993   |  1|   0|    1|          0|
    |write_flag279_0_reg_971   |  1|   0|    1|          0|
    |write_flag27_0_reg_498    |  1|   0|    1|          0|
    |write_flag282_0_reg_960   |  1|   0|    1|          0|
    |write_flag285_0_reg_938   |  1|   0|    1|          0|
    |write_flag288_0_reg_927   |  1|   0|    1|          0|
    |write_flag291_0_reg_905   |  1|   0|    1|          0|
    |write_flag294_0_reg_894   |  1|   0|    1|          0|
    |write_flag297_0_reg_883   |  1|   0|    1|          0|
    |write_flag300_0_reg_916   |  1|   0|    1|          0|
    |write_flag303_0_reg_949   |  1|   0|    1|          0|
    |write_flag306_0_reg_982   |  1|   0|    1|          0|
    |write_flag309_0_reg_1015  |  1|   0|    1|          0|
    |write_flag30_0_reg_476    |  1|   0|    1|          0|
    |write_flag312_0_reg_1048  |  1|   0|    1|          0|
    |write_flag315_0_reg_1081  |  1|   0|    1|          0|
    |write_flag318_0_reg_1114  |  1|   0|    1|          0|
    |write_flag321_0_reg_1147  |  1|   0|    1|          0|
    |write_flag324_0_reg_1180  |  1|   0|    1|          0|
    |write_flag327_0_reg_1213  |  1|   0|    1|          0|
    |write_flag330_0_reg_1609  |  1|   0|    1|          0|
    |write_flag333_0_reg_1587  |  1|   0|    1|          0|
    |write_flag336_0_reg_1576  |  1|   0|    1|          0|
    |write_flag339_0_reg_1554  |  1|   0|    1|          0|
    |write_flag33_0_reg_465    |  1|   0|    1|          0|
    |write_flag342_0_reg_1543  |  1|   0|    1|          0|
    |write_flag345_0_reg_1521  |  1|   0|    1|          0|
    |write_flag348_0_reg_1510  |  1|   0|    1|          0|
    |write_flag351_0_reg_1488  |  1|   0|    1|          0|
    |write_flag354_0_reg_1477  |  1|   0|    1|          0|
    |write_flag357_0_reg_1455  |  1|   0|    1|          0|
    |write_flag360_0_reg_1444  |  1|   0|    1|          0|
    |write_flag363_0_reg_1422  |  1|   0|    1|          0|
    |write_flag366_0_reg_1411  |  1|   0|    1|          0|
    |write_flag369_0_reg_1389  |  1|   0|    1|          0|
    |write_flag36_0_reg_443    |  1|   0|    1|          0|
    |write_flag372_0_reg_1378  |  1|   0|    1|          0|
    |write_flag375_0_reg_1356  |  1|   0|    1|          0|
    |write_flag378_0_reg_1345  |  1|   0|    1|          0|
    |write_flag381_0_reg_1323  |  1|   0|    1|          0|
    |write_flag384_0_reg_1312  |  1|   0|    1|          0|
    |write_flag387_0_reg_1290  |  1|   0|    1|          0|
    |write_flag390_0_reg_1279  |  1|   0|    1|          0|
    |write_flag393_0_reg_1257  |  1|   0|    1|          0|
    |write_flag396_0_reg_1246  |  1|   0|    1|          0|
    |write_flag399_0_reg_1268  |  1|   0|    1|          0|
    |write_flag39_0_reg_432    |  1|   0|    1|          0|
    |write_flag3_0_reg_113     |  1|   0|    1|          0|
    |write_flag402_0_reg_1301  |  1|   0|    1|          0|
    |write_flag405_0_reg_1334  |  1|   0|    1|          0|
    |write_flag408_0_reg_1367  |  1|   0|    1|          0|
    |write_flag411_0_reg_1400  |  1|   0|    1|          0|
    |write_flag414_0_reg_1433  |  1|   0|    1|          0|
    |write_flag417_0_reg_1466  |  1|   0|    1|          0|
    |write_flag420_0_reg_1499  |  1|   0|    1|          0|
    |write_flag423_0_reg_1532  |  1|   0|    1|          0|
    |write_flag426_0_reg_1565  |  1|   0|    1|          0|
    |write_flag429_0_reg_1598  |  1|   0|    1|          0|
    |write_flag42_0_reg_410    |  1|   0|    1|          0|
    |write_flag432_0_reg_1972  |  1|   0|    1|          0|
    |write_flag435_0_reg_1961  |  1|   0|    1|          0|
    |write_flag438_0_reg_1939  |  1|   0|    1|          0|
    |write_flag441_0_reg_1928  |  1|   0|    1|          0|
    |write_flag444_0_reg_1906  |  1|   0|    1|          0|
    |write_flag447_0_reg_1895  |  1|   0|    1|          0|
    |write_flag450_0_reg_1873  |  1|   0|    1|          0|
    |write_flag453_0_reg_1862  |  1|   0|    1|          0|
    |write_flag456_0_reg_1840  |  1|   0|    1|          0|
    |write_flag459_0_reg_1829  |  1|   0|    1|          0|
    |write_flag45_0_reg_399    |  1|   0|    1|          0|
    |write_flag462_0_reg_1807  |  1|   0|    1|          0|
    |write_flag465_0_reg_1796  |  1|   0|    1|          0|
    |write_flag468_0_reg_1774  |  1|   0|    1|          0|
    |write_flag471_0_reg_1763  |  1|   0|    1|          0|
    |write_flag474_0_reg_1741  |  1|   0|    1|          0|
    |write_flag477_0_reg_1730  |  1|   0|    1|          0|
    |write_flag480_0_reg_1708  |  1|   0|    1|          0|
    |write_flag483_0_reg_1697  |  1|   0|    1|          0|
    |write_flag486_0_reg_1675  |  1|   0|    1|          0|
    |write_flag489_0_reg_1664  |  1|   0|    1|          0|
    |write_flag48_0_reg_377    |  1|   0|    1|          0|
    |write_flag492_0_reg_1642  |  1|   0|    1|          0|
    |write_flag495_0_reg_1631  |  1|   0|    1|          0|
    |write_flag498_0_reg_1620  |  1|   0|    1|          0|
    |write_flag501_0_reg_1653  |  1|   0|    1|          0|
    |write_flag504_0_reg_1686  |  1|   0|    1|          0|
    |write_flag507_0_reg_1719  |  1|   0|    1|          0|
    |write_flag510_0_reg_1752  |  1|   0|    1|          0|
    |write_flag513_0_reg_1785  |  1|   0|    1|          0|
    |write_flag516_0_reg_1818  |  1|   0|    1|          0|
    |write_flag519_0_reg_1851  |  1|   0|    1|          0|
    |write_flag51_0_reg_366    |  1|   0|    1|          0|
    |write_flag522_0_reg_1884  |  1|   0|    1|          0|
    |write_flag525_0_reg_1917  |  1|   0|    1|          0|
    |write_flag528_0_reg_1950  |  1|   0|    1|          0|
    |write_flag531_0_reg_1983  |  1|   0|    1|          0|
    |write_flag534_0_reg_2346  |  1|   0|    1|          0|
    |write_flag537_0_reg_2335  |  1|   0|    1|          0|
    |write_flag540_0_reg_2313  |  1|   0|    1|          0|
    |write_flag543_0_reg_2302  |  1|   0|    1|          0|
    |write_flag546_0_reg_2280  |  1|   0|    1|          0|
    |write_flag549_0_reg_2269  |  1|   0|    1|          0|
    |write_flag54_0_reg_344    |  1|   0|    1|          0|
    |write_flag552_0_reg_2247  |  1|   0|    1|          0|
    |write_flag555_0_reg_2236  |  1|   0|    1|          0|
    |write_flag558_0_reg_2214  |  1|   0|    1|          0|
    |write_flag561_0_reg_2203  |  1|   0|    1|          0|
    |write_flag564_0_reg_2181  |  1|   0|    1|          0|
    |write_flag567_0_reg_2170  |  1|   0|    1|          0|
    |write_flag570_0_reg_2148  |  1|   0|    1|          0|
    |write_flag573_0_reg_2137  |  1|   0|    1|          0|
    |write_flag576_0_reg_2115  |  1|   0|    1|          0|
    |write_flag579_0_reg_2104  |  1|   0|    1|          0|
    |write_flag57_0_reg_333    |  1|   0|    1|          0|
    |write_flag582_0_reg_2082  |  1|   0|    1|          0|
    |write_flag585_0_reg_2071  |  1|   0|    1|          0|
    |write_flag588_0_reg_2049  |  1|   0|    1|          0|
    |write_flag591_0_reg_2038  |  1|   0|    1|          0|
    |write_flag594_0_reg_2016  |  1|   0|    1|          0|
    |write_flag597_0_reg_2005  |  1|   0|    1|          0|
    |write_flag600_0_reg_1994  |  1|   0|    1|          0|
    |write_flag603_0_reg_2027  |  1|   0|    1|          0|
    |write_flag606_0_reg_2060  |  1|   0|    1|          0|
    |write_flag609_0_reg_2093  |  1|   0|    1|          0|
    |write_flag60_0_reg_311    |  1|   0|    1|          0|
    |write_flag612_0_reg_2126  |  1|   0|    1|          0|
    |write_flag615_0_reg_2159  |  1|   0|    1|          0|
    |write_flag618_0_reg_2192  |  1|   0|    1|          0|
    |write_flag621_0_reg_2225  |  1|   0|    1|          0|
    |write_flag624_0_reg_2258  |  1|   0|    1|          0|
    |write_flag627_0_reg_2291  |  1|   0|    1|          0|
    |write_flag630_0_reg_2324  |  1|   0|    1|          0|
    |write_flag633_0_reg_2665  |  1|   0|    1|          0|
    |write_flag636_0_reg_2654  |  1|   0|    1|          0|
    |write_flag639_0_reg_2643  |  1|   0|    1|          0|
    |write_flag63_0_reg_300    |  1|   0|    1|          0|
    |write_flag642_0_reg_2632  |  1|   0|    1|          0|
    |write_flag645_0_reg_2621  |  1|   0|    1|          0|
    |write_flag648_0_reg_2610  |  1|   0|    1|          0|
    |write_flag651_0_reg_2599  |  1|   0|    1|          0|
    |write_flag654_0_reg_2588  |  1|   0|    1|          0|
    |write_flag657_0_reg_2577  |  1|   0|    1|          0|
    |write_flag660_0_reg_2566  |  1|   0|    1|          0|
    |write_flag663_0_reg_2555  |  1|   0|    1|          0|
    |write_flag666_0_reg_2533  |  1|   0|    1|          0|
    |write_flag669_0_reg_2522  |  1|   0|    1|          0|
    |write_flag66_0_reg_278    |  1|   0|    1|          0|
    |write_flag672_0_reg_2500  |  1|   0|    1|          0|
    |write_flag675_0_reg_2489  |  1|   0|    1|          0|
    |write_flag678_0_reg_2467  |  1|   0|    1|          0|
    |write_flag681_0_reg_2456  |  1|   0|    1|          0|
    |write_flag684_0_reg_2434  |  1|   0|    1|          0|
    |write_flag687_0_reg_2423  |  1|   0|    1|          0|
    |write_flag690_0_reg_2401  |  1|   0|    1|          0|
    |write_flag693_0_reg_2390  |  1|   0|    1|          0|
    |write_flag696_0_reg_2368  |  1|   0|    1|          0|
    |write_flag699_0_reg_2357  |  1|   0|    1|          0|
    |write_flag69_0_reg_267    |  1|   0|    1|          0|
    |write_flag6_0_reg_91      |  1|   0|    1|          0|
    |write_flag702_0_reg_2379  |  1|   0|    1|          0|
    |write_flag705_0_reg_2412  |  1|   0|    1|          0|
    |write_flag708_0_reg_2445  |  1|   0|    1|          0|
    |write_flag711_0_reg_2478  |  1|   0|    1|          0|
    |write_flag714_0_reg_2511  |  1|   0|    1|          0|
    |write_flag717_0_reg_2544  |  1|   0|    1|          0|
    |write_flag720_0_reg_2687  |  1|   0|    1|          0|
    |write_flag723_0_reg_2698  |  1|   0|    1|          0|
    |write_flag726_0_reg_2709  |  1|   0|    1|          0|
    |write_flag729_0_reg_2720  |  1|   0|    1|          0|
    |write_flag72_0_reg_245    |  1|   0|    1|          0|
    |write_flag732_0_reg_2731  |  1|   0|    1|          0|
    |write_flag735_0_reg_3094  |  1|   0|    1|          0|
    |write_flag738_0_reg_3083  |  1|   0|    1|          0|
    |write_flag741_0_reg_3061  |  1|   0|    1|          0|
    |write_flag744_0_reg_3050  |  1|   0|    1|          0|
    |write_flag747_0_reg_3028  |  1|   0|    1|          0|
    |write_flag750_0_reg_3017  |  1|   0|    1|          0|
    |write_flag753_0_reg_2995  |  1|   0|    1|          0|
    |write_flag756_0_reg_2984  |  1|   0|    1|          0|
    |write_flag759_0_reg_2962  |  1|   0|    1|          0|
    |write_flag75_0_reg_234    |  1|   0|    1|          0|
    |write_flag762_0_reg_2951  |  1|   0|    1|          0|
    |write_flag765_0_reg_2929  |  1|   0|    1|          0|
    |write_flag768_0_reg_2918  |  1|   0|    1|          0|
    |write_flag771_0_reg_2896  |  1|   0|    1|          0|
    |write_flag774_0_reg_2885  |  1|   0|    1|          0|
    |write_flag777_0_reg_2863  |  1|   0|    1|          0|
    |write_flag780_0_reg_2852  |  1|   0|    1|          0|
    |write_flag783_0_reg_2830  |  1|   0|    1|          0|
    |write_flag786_0_reg_2819  |  1|   0|    1|          0|
    |write_flag789_0_reg_2797  |  1|   0|    1|          0|
    |write_flag78_0_reg_212    |  1|   0|    1|          0|
    |write_flag792_0_reg_2786  |  1|   0|    1|          0|
    |write_flag795_0_reg_2764  |  1|   0|    1|          0|
    |write_flag798_0_reg_2753  |  1|   0|    1|          0|
    |write_flag801_0_reg_2742  |  1|   0|    1|          0|
    |write_flag804_0_reg_2775  |  1|   0|    1|          0|
    |write_flag807_0_reg_2808  |  1|   0|    1|          0|
    |write_flag810_0_reg_2841  |  1|   0|    1|          0|
    |write_flag813_0_reg_2874  |  1|   0|    1|          0|
    |write_flag816_0_reg_2907  |  1|   0|    1|          0|
    |write_flag819_0_reg_2940  |  1|   0|    1|          0|
    |write_flag81_0_reg_201    |  1|   0|    1|          0|
    |write_flag822_0_reg_2973  |  1|   0|    1|          0|
    |write_flag825_0_reg_3006  |  1|   0|    1|          0|
    |write_flag828_0_reg_3039  |  1|   0|    1|          0|
    |write_flag831_0_reg_3072  |  1|   0|    1|          0|
    |write_flag834_0_reg_3105  |  1|   0|    1|          0|
    |write_flag837_0_reg_3468  |  1|   0|    1|          0|
    |write_flag840_0_reg_3457  |  1|   0|    1|          0|
    |write_flag843_0_reg_3435  |  1|   0|    1|          0|
    |write_flag846_0_reg_3424  |  1|   0|    1|          0|
    |write_flag849_0_reg_3402  |  1|   0|    1|          0|
    |write_flag84_0_reg_179    |  1|   0|    1|          0|
    |write_flag852_0_reg_3391  |  1|   0|    1|          0|
    |write_flag855_0_reg_3369  |  1|   0|    1|          0|
    |write_flag858_0_reg_3358  |  1|   0|    1|          0|
    |write_flag861_0_reg_3336  |  1|   0|    1|          0|
    |write_flag864_0_reg_3325  |  1|   0|    1|          0|
    |write_flag867_0_reg_3303  |  1|   0|    1|          0|
    |write_flag870_0_reg_3292  |  1|   0|    1|          0|
    |write_flag873_0_reg_3270  |  1|   0|    1|          0|
    |write_flag876_0_reg_3259  |  1|   0|    1|          0|
    |write_flag879_0_reg_3237  |  1|   0|    1|          0|
    |write_flag87_0_reg_168    |  1|   0|    1|          0|
    |write_flag882_0_reg_3226  |  1|   0|    1|          0|
    |write_flag885_0_reg_3204  |  1|   0|    1|          0|
    |write_flag888_0_reg_3193  |  1|   0|    1|          0|
    |write_flag891_0_reg_3171  |  1|   0|    1|          0|
    |write_flag894_0_reg_3160  |  1|   0|    1|          0|
    |write_flag897_0_reg_3138  |  1|   0|    1|          0|
    |write_flag900_0_reg_3127  |  1|   0|    1|          0|
    |write_flag903_0_reg_3116  |  1|   0|    1|          0|
    |write_flag906_0_reg_3149  |  1|   0|    1|          0|
    |write_flag909_0_reg_3182  |  1|   0|    1|          0|
    |write_flag90_0_reg_146    |  1|   0|    1|          0|
    |write_flag912_0_reg_3215  |  1|   0|    1|          0|
    |write_flag915_0_reg_3248  |  1|   0|    1|          0|
    |write_flag918_0_reg_3281  |  1|   0|    1|          0|
    |write_flag921_0_reg_3314  |  1|   0|    1|          0|
    |write_flag924_0_reg_3347  |  1|   0|    1|          0|
    |write_flag927_0_reg_3380  |  1|   0|    1|          0|
    |write_flag930_0_reg_3413  |  1|   0|    1|          0|
    |write_flag933_0_reg_3446  |  1|   0|    1|          0|
    |write_flag93_0_reg_135    |  1|   0|    1|          0|
    |write_flag96_0_reg_157    |  1|   0|    1|          0|
    |write_flag99_0_reg_190    |  1|   0|    1|          0|
    |write_flag9_0_reg_80      |  1|   0|    1|          0|
    |write_flag_0_reg_124      |  1|   0|    1|          0|
    +--------------------------+---+----+-----+-----------+
    |Total                     |321|   0|  321|          0|
    +--------------------------+---+----+-----+-----------+



================================================================
== Interface
================================================================
* Summary: 
+---------------+-----+-----+------------+------------------+--------------+
|   RTL Ports   | Dir | Bits|  Protocol  |   Source Object  |    C Type    |
+---------------+-----+-----+------------+------------------+--------------+
|ap_clk         |   in|    1|  ap_ctrl_hs|  initializeArrays|  return value|
|ap_rst         |   in|    1|  ap_ctrl_hs|  initializeArrays|  return value|
|ap_start       |   in|    1|  ap_ctrl_hs|  initializeArrays|  return value|
|ap_done        |  out|    1|  ap_ctrl_hs|  initializeArrays|  return value|
|ap_idle        |  out|    1|  ap_ctrl_hs|  initializeArrays|  return value|
|ap_ready       |  out|    1|  ap_ctrl_hs|  initializeArrays|  return value|
|ap_return_0    |  out|   64|  ap_ctrl_hs|  initializeArrays|  return value|
|ap_return_1    |  out|   64|  ap_ctrl_hs|  initializeArrays|  return value|
|ap_return_2    |  out|   64|  ap_ctrl_hs|  initializeArrays|  return value|
|ap_return_3    |  out|   64|  ap_ctrl_hs|  initializeArrays|  return value|
|ap_return_4    |  out|   64|  ap_ctrl_hs|  initializeArrays|  return value|
|ap_return_5    |  out|   64|  ap_ctrl_hs|  initializeArrays|  return value|
|ap_return_6    |  out|   64|  ap_ctrl_hs|  initializeArrays|  return value|
|ap_return_7    |  out|   64|  ap_ctrl_hs|  initializeArrays|  return value|
|ap_return_8    |  out|   64|  ap_ctrl_hs|  initializeArrays|  return value|
|ap_return_9    |  out|   64|  ap_ctrl_hs|  initializeArrays|  return value|
|ap_return_10   |  out|   64|  ap_ctrl_hs|  initializeArrays|  return value|
|ap_return_11   |  out|   64|  ap_ctrl_hs|  initializeArrays|  return value|
|ap_return_12   |  out|   64|  ap_ctrl_hs|  initializeArrays|  return value|
|ap_return_13   |  out|   64|  ap_ctrl_hs|  initializeArrays|  return value|
|ap_return_14   |  out|   64|  ap_ctrl_hs|  initializeArrays|  return value|
|ap_return_15   |  out|   64|  ap_ctrl_hs|  initializeArrays|  return value|
|ap_return_16   |  out|   64|  ap_ctrl_hs|  initializeArrays|  return value|
|ap_return_17   |  out|   64|  ap_ctrl_hs|  initializeArrays|  return value|
|ap_return_18   |  out|   64|  ap_ctrl_hs|  initializeArrays|  return value|
|ap_return_19   |  out|   64|  ap_ctrl_hs|  initializeArrays|  return value|
|ap_return_20   |  out|   64|  ap_ctrl_hs|  initializeArrays|  return value|
|ap_return_21   |  out|   64|  ap_ctrl_hs|  initializeArrays|  return value|
|ap_return_22   |  out|   64|  ap_ctrl_hs|  initializeArrays|  return value|
|ap_return_23   |  out|   64|  ap_ctrl_hs|  initializeArrays|  return value|
|ap_return_24   |  out|   64|  ap_ctrl_hs|  initializeArrays|  return value|
|ap_return_25   |  out|   64|  ap_ctrl_hs|  initializeArrays|  return value|
|ap_return_26   |  out|   64|  ap_ctrl_hs|  initializeArrays|  return value|
|ap_return_27   |  out|   64|  ap_ctrl_hs|  initializeArrays|  return value|
|ap_return_28   |  out|   64|  ap_ctrl_hs|  initializeArrays|  return value|
|ap_return_29   |  out|   64|  ap_ctrl_hs|  initializeArrays|  return value|
|ap_return_30   |  out|   64|  ap_ctrl_hs|  initializeArrays|  return value|
|ap_return_31   |  out|   64|  ap_ctrl_hs|  initializeArrays|  return value|
|ap_return_32   |  out|   64|  ap_ctrl_hs|  initializeArrays|  return value|
|ap_return_33   |  out|   64|  ap_ctrl_hs|  initializeArrays|  return value|
|ap_return_34   |  out|   64|  ap_ctrl_hs|  initializeArrays|  return value|
|ap_return_35   |  out|   64|  ap_ctrl_hs|  initializeArrays|  return value|
|ap_return_36   |  out|   64|  ap_ctrl_hs|  initializeArrays|  return value|
|ap_return_37   |  out|   64|  ap_ctrl_hs|  initializeArrays|  return value|
|ap_return_38   |  out|   64|  ap_ctrl_hs|  initializeArrays|  return value|
|ap_return_39   |  out|   64|  ap_ctrl_hs|  initializeArrays|  return value|
|ap_return_40   |  out|   64|  ap_ctrl_hs|  initializeArrays|  return value|
|ap_return_41   |  out|   64|  ap_ctrl_hs|  initializeArrays|  return value|
|ap_return_42   |  out|   64|  ap_ctrl_hs|  initializeArrays|  return value|
|ap_return_43   |  out|   64|  ap_ctrl_hs|  initializeArrays|  return value|
|ap_return_44   |  out|   64|  ap_ctrl_hs|  initializeArrays|  return value|
|ap_return_45   |  out|   64|  ap_ctrl_hs|  initializeArrays|  return value|
|ap_return_46   |  out|   64|  ap_ctrl_hs|  initializeArrays|  return value|
|ap_return_47   |  out|   64|  ap_ctrl_hs|  initializeArrays|  return value|
|ap_return_48   |  out|   64|  ap_ctrl_hs|  initializeArrays|  return value|
|ap_return_49   |  out|   64|  ap_ctrl_hs|  initializeArrays|  return value|
|ap_return_50   |  out|   64|  ap_ctrl_hs|  initializeArrays|  return value|
|ap_return_51   |  out|   64|  ap_ctrl_hs|  initializeArrays|  return value|
|ap_return_52   |  out|   64|  ap_ctrl_hs|  initializeArrays|  return value|
|ap_return_53   |  out|   64|  ap_ctrl_hs|  initializeArrays|  return value|
|ap_return_54   |  out|   64|  ap_ctrl_hs|  initializeArrays|  return value|
|ap_return_55   |  out|   64|  ap_ctrl_hs|  initializeArrays|  return value|
|ap_return_56   |  out|   64|  ap_ctrl_hs|  initializeArrays|  return value|
|ap_return_57   |  out|   64|  ap_ctrl_hs|  initializeArrays|  return value|
|ap_return_58   |  out|   64|  ap_ctrl_hs|  initializeArrays|  return value|
|ap_return_59   |  out|   64|  ap_ctrl_hs|  initializeArrays|  return value|
|ap_return_60   |  out|   64|  ap_ctrl_hs|  initializeArrays|  return value|
|ap_return_61   |  out|   64|  ap_ctrl_hs|  initializeArrays|  return value|
|ap_return_62   |  out|   64|  ap_ctrl_hs|  initializeArrays|  return value|
|ap_return_63   |  out|   64|  ap_ctrl_hs|  initializeArrays|  return value|
|ap_return_64   |  out|   64|  ap_ctrl_hs|  initializeArrays|  return value|
|ap_return_65   |  out|   64|  ap_ctrl_hs|  initializeArrays|  return value|
|ap_return_66   |  out|   64|  ap_ctrl_hs|  initializeArrays|  return value|
|ap_return_67   |  out|   64|  ap_ctrl_hs|  initializeArrays|  return value|
|ap_return_68   |  out|   64|  ap_ctrl_hs|  initializeArrays|  return value|
|ap_return_69   |  out|   64|  ap_ctrl_hs|  initializeArrays|  return value|
|ap_return_70   |  out|   64|  ap_ctrl_hs|  initializeArrays|  return value|
|ap_return_71   |  out|   64|  ap_ctrl_hs|  initializeArrays|  return value|
|ap_return_72   |  out|   64|  ap_ctrl_hs|  initializeArrays|  return value|
|ap_return_73   |  out|   64|  ap_ctrl_hs|  initializeArrays|  return value|
|ap_return_74   |  out|   64|  ap_ctrl_hs|  initializeArrays|  return value|
|ap_return_75   |  out|   64|  ap_ctrl_hs|  initializeArrays|  return value|
|ap_return_76   |  out|   64|  ap_ctrl_hs|  initializeArrays|  return value|
|ap_return_77   |  out|   64|  ap_ctrl_hs|  initializeArrays|  return value|
|ap_return_78   |  out|   64|  ap_ctrl_hs|  initializeArrays|  return value|
|ap_return_79   |  out|   64|  ap_ctrl_hs|  initializeArrays|  return value|
|ap_return_80   |  out|   64|  ap_ctrl_hs|  initializeArrays|  return value|
|ap_return_81   |  out|   64|  ap_ctrl_hs|  initializeArrays|  return value|
|ap_return_82   |  out|   64|  ap_ctrl_hs|  initializeArrays|  return value|
|ap_return_83   |  out|   64|  ap_ctrl_hs|  initializeArrays|  return value|
|ap_return_84   |  out|   64|  ap_ctrl_hs|  initializeArrays|  return value|
|ap_return_85   |  out|   64|  ap_ctrl_hs|  initializeArrays|  return value|
|ap_return_86   |  out|   64|  ap_ctrl_hs|  initializeArrays|  return value|
|ap_return_87   |  out|   64|  ap_ctrl_hs|  initializeArrays|  return value|
|ap_return_88   |  out|   64|  ap_ctrl_hs|  initializeArrays|  return value|
|ap_return_89   |  out|   64|  ap_ctrl_hs|  initializeArrays|  return value|
|ap_return_90   |  out|   64|  ap_ctrl_hs|  initializeArrays|  return value|
|ap_return_91   |  out|   64|  ap_ctrl_hs|  initializeArrays|  return value|
|ap_return_92   |  out|   64|  ap_ctrl_hs|  initializeArrays|  return value|
|ap_return_93   |  out|   64|  ap_ctrl_hs|  initializeArrays|  return value|
|ap_return_94   |  out|   64|  ap_ctrl_hs|  initializeArrays|  return value|
|ap_return_95   |  out|   64|  ap_ctrl_hs|  initializeArrays|  return value|
|ap_return_96   |  out|   64|  ap_ctrl_hs|  initializeArrays|  return value|
|ap_return_97   |  out|   64|  ap_ctrl_hs|  initializeArrays|  return value|
|ap_return_98   |  out|   64|  ap_ctrl_hs|  initializeArrays|  return value|
|ap_return_99   |  out|   64|  ap_ctrl_hs|  initializeArrays|  return value|
|ap_return_100  |  out|   64|  ap_ctrl_hs|  initializeArrays|  return value|
|ap_return_101  |  out|   64|  ap_ctrl_hs|  initializeArrays|  return value|
|ap_return_102  |  out|   64|  ap_ctrl_hs|  initializeArrays|  return value|
|ap_return_103  |  out|   64|  ap_ctrl_hs|  initializeArrays|  return value|
|ap_return_104  |  out|   64|  ap_ctrl_hs|  initializeArrays|  return value|
|ap_return_105  |  out|   64|  ap_ctrl_hs|  initializeArrays|  return value|
|ap_return_106  |  out|   64|  ap_ctrl_hs|  initializeArrays|  return value|
|ap_return_107  |  out|   64|  ap_ctrl_hs|  initializeArrays|  return value|
|ap_return_108  |  out|   64|  ap_ctrl_hs|  initializeArrays|  return value|
|ap_return_109  |  out|   64|  ap_ctrl_hs|  initializeArrays|  return value|
|ap_return_110  |  out|   64|  ap_ctrl_hs|  initializeArrays|  return value|
|ap_return_111  |  out|   64|  ap_ctrl_hs|  initializeArrays|  return value|
|ap_return_112  |  out|   64|  ap_ctrl_hs|  initializeArrays|  return value|
|ap_return_113  |  out|   64|  ap_ctrl_hs|  initializeArrays|  return value|
|ap_return_114  |  out|   64|  ap_ctrl_hs|  initializeArrays|  return value|
|ap_return_115  |  out|   64|  ap_ctrl_hs|  initializeArrays|  return value|
|ap_return_116  |  out|   64|  ap_ctrl_hs|  initializeArrays|  return value|
|ap_return_117  |  out|   64|  ap_ctrl_hs|  initializeArrays|  return value|
|ap_return_118  |  out|   64|  ap_ctrl_hs|  initializeArrays|  return value|
|ap_return_119  |  out|   64|  ap_ctrl_hs|  initializeArrays|  return value|
|ap_return_120  |  out|   64|  ap_ctrl_hs|  initializeArrays|  return value|
|ap_return_121  |  out|   64|  ap_ctrl_hs|  initializeArrays|  return value|
|ap_return_122  |  out|   64|  ap_ctrl_hs|  initializeArrays|  return value|
|ap_return_123  |  out|   64|  ap_ctrl_hs|  initializeArrays|  return value|
|ap_return_124  |  out|   64|  ap_ctrl_hs|  initializeArrays|  return value|
|ap_return_125  |  out|   64|  ap_ctrl_hs|  initializeArrays|  return value|
|ap_return_126  |  out|   64|  ap_ctrl_hs|  initializeArrays|  return value|
|ap_return_127  |  out|   64|  ap_ctrl_hs|  initializeArrays|  return value|
|ap_return_128  |  out|   64|  ap_ctrl_hs|  initializeArrays|  return value|
|ap_return_129  |  out|   64|  ap_ctrl_hs|  initializeArrays|  return value|
|ap_return_130  |  out|   64|  ap_ctrl_hs|  initializeArrays|  return value|
|ap_return_131  |  out|   64|  ap_ctrl_hs|  initializeArrays|  return value|
|ap_return_132  |  out|   64|  ap_ctrl_hs|  initializeArrays|  return value|
|ap_return_133  |  out|   64|  ap_ctrl_hs|  initializeArrays|  return value|
|ap_return_134  |  out|   64|  ap_ctrl_hs|  initializeArrays|  return value|
|ap_return_135  |  out|   64|  ap_ctrl_hs|  initializeArrays|  return value|
|ap_return_136  |  out|   64|  ap_ctrl_hs|  initializeArrays|  return value|
|ap_return_137  |  out|   64|  ap_ctrl_hs|  initializeArrays|  return value|
|ap_return_138  |  out|   64|  ap_ctrl_hs|  initializeArrays|  return value|
|ap_return_139  |  out|   64|  ap_ctrl_hs|  initializeArrays|  return value|
|ap_return_140  |  out|   64|  ap_ctrl_hs|  initializeArrays|  return value|
|ap_return_141  |  out|   64|  ap_ctrl_hs|  initializeArrays|  return value|
|ap_return_142  |  out|   64|  ap_ctrl_hs|  initializeArrays|  return value|
|ap_return_143  |  out|   64|  ap_ctrl_hs|  initializeArrays|  return value|
|ap_return_144  |  out|   64|  ap_ctrl_hs|  initializeArrays|  return value|
|ap_return_145  |  out|   64|  ap_ctrl_hs|  initializeArrays|  return value|
|ap_return_146  |  out|   64|  ap_ctrl_hs|  initializeArrays|  return value|
|ap_return_147  |  out|   64|  ap_ctrl_hs|  initializeArrays|  return value|
|ap_return_148  |  out|   64|  ap_ctrl_hs|  initializeArrays|  return value|
|ap_return_149  |  out|   64|  ap_ctrl_hs|  initializeArrays|  return value|
|ap_return_150  |  out|   64|  ap_ctrl_hs|  initializeArrays|  return value|
|ap_return_151  |  out|   64|  ap_ctrl_hs|  initializeArrays|  return value|
|ap_return_152  |  out|   64|  ap_ctrl_hs|  initializeArrays|  return value|
|ap_return_153  |  out|   64|  ap_ctrl_hs|  initializeArrays|  return value|
|ap_return_154  |  out|   64|  ap_ctrl_hs|  initializeArrays|  return value|
|ap_return_155  |  out|   64|  ap_ctrl_hs|  initializeArrays|  return value|
|ap_return_156  |  out|   64|  ap_ctrl_hs|  initializeArrays|  return value|
|ap_return_157  |  out|   64|  ap_ctrl_hs|  initializeArrays|  return value|
|ap_return_158  |  out|   64|  ap_ctrl_hs|  initializeArrays|  return value|
|ap_return_159  |  out|   64|  ap_ctrl_hs|  initializeArrays|  return value|
|ap_return_160  |  out|   64|  ap_ctrl_hs|  initializeArrays|  return value|
|ap_return_161  |  out|   64|  ap_ctrl_hs|  initializeArrays|  return value|
|ap_return_162  |  out|   64|  ap_ctrl_hs|  initializeArrays|  return value|
|ap_return_163  |  out|   64|  ap_ctrl_hs|  initializeArrays|  return value|
|ap_return_164  |  out|   64|  ap_ctrl_hs|  initializeArrays|  return value|
|ap_return_165  |  out|   64|  ap_ctrl_hs|  initializeArrays|  return value|
|ap_return_166  |  out|   64|  ap_ctrl_hs|  initializeArrays|  return value|
|ap_return_167  |  out|   64|  ap_ctrl_hs|  initializeArrays|  return value|
|ap_return_168  |  out|   64|  ap_ctrl_hs|  initializeArrays|  return value|
|ap_return_169  |  out|   64|  ap_ctrl_hs|  initializeArrays|  return value|
|ap_return_170  |  out|   64|  ap_ctrl_hs|  initializeArrays|  return value|
|ap_return_171  |  out|   64|  ap_ctrl_hs|  initializeArrays|  return value|
|ap_return_172  |  out|   64|  ap_ctrl_hs|  initializeArrays|  return value|
|ap_return_173  |  out|   64|  ap_ctrl_hs|  initializeArrays|  return value|
|ap_return_174  |  out|   64|  ap_ctrl_hs|  initializeArrays|  return value|
|ap_return_175  |  out|   64|  ap_ctrl_hs|  initializeArrays|  return value|
|ap_return_176  |  out|   64|  ap_ctrl_hs|  initializeArrays|  return value|
|ap_return_177  |  out|   64|  ap_ctrl_hs|  initializeArrays|  return value|
|ap_return_178  |  out|   64|  ap_ctrl_hs|  initializeArrays|  return value|
|ap_return_179  |  out|   64|  ap_ctrl_hs|  initializeArrays|  return value|
|ap_return_180  |  out|   64|  ap_ctrl_hs|  initializeArrays|  return value|
|ap_return_181  |  out|   64|  ap_ctrl_hs|  initializeArrays|  return value|
|ap_return_182  |  out|   64|  ap_ctrl_hs|  initializeArrays|  return value|
|ap_return_183  |  out|   64|  ap_ctrl_hs|  initializeArrays|  return value|
|ap_return_184  |  out|   64|  ap_ctrl_hs|  initializeArrays|  return value|
|ap_return_185  |  out|   64|  ap_ctrl_hs|  initializeArrays|  return value|
|ap_return_186  |  out|   64|  ap_ctrl_hs|  initializeArrays|  return value|
|ap_return_187  |  out|   64|  ap_ctrl_hs|  initializeArrays|  return value|
|ap_return_188  |  out|   64|  ap_ctrl_hs|  initializeArrays|  return value|
|ap_return_189  |  out|   64|  ap_ctrl_hs|  initializeArrays|  return value|
|ap_return_190  |  out|   64|  ap_ctrl_hs|  initializeArrays|  return value|
|ap_return_191  |  out|   64|  ap_ctrl_hs|  initializeArrays|  return value|
|ap_return_192  |  out|   64|  ap_ctrl_hs|  initializeArrays|  return value|
|ap_return_193  |  out|   64|  ap_ctrl_hs|  initializeArrays|  return value|
|ap_return_194  |  out|   64|  ap_ctrl_hs|  initializeArrays|  return value|
|ap_return_195  |  out|   64|  ap_ctrl_hs|  initializeArrays|  return value|
|ap_return_196  |  out|   64|  ap_ctrl_hs|  initializeArrays|  return value|
|ap_return_197  |  out|   64|  ap_ctrl_hs|  initializeArrays|  return value|
|ap_return_198  |  out|   64|  ap_ctrl_hs|  initializeArrays|  return value|
|ap_return_199  |  out|   64|  ap_ctrl_hs|  initializeArrays|  return value|
|ap_return_200  |  out|   64|  ap_ctrl_hs|  initializeArrays|  return value|
|ap_return_201  |  out|   64|  ap_ctrl_hs|  initializeArrays|  return value|
|ap_return_202  |  out|   64|  ap_ctrl_hs|  initializeArrays|  return value|
|ap_return_203  |  out|   64|  ap_ctrl_hs|  initializeArrays|  return value|
|ap_return_204  |  out|   64|  ap_ctrl_hs|  initializeArrays|  return value|
|ap_return_205  |  out|   64|  ap_ctrl_hs|  initializeArrays|  return value|
|ap_return_206  |  out|   64|  ap_ctrl_hs|  initializeArrays|  return value|
|ap_return_207  |  out|   64|  ap_ctrl_hs|  initializeArrays|  return value|
|ap_return_208  |  out|   64|  ap_ctrl_hs|  initializeArrays|  return value|
|ap_return_209  |  out|   64|  ap_ctrl_hs|  initializeArrays|  return value|
|ap_return_210  |  out|   64|  ap_ctrl_hs|  initializeArrays|  return value|
|ap_return_211  |  out|   64|  ap_ctrl_hs|  initializeArrays|  return value|
|ap_return_212  |  out|   64|  ap_ctrl_hs|  initializeArrays|  return value|
|ap_return_213  |  out|   64|  ap_ctrl_hs|  initializeArrays|  return value|
|ap_return_214  |  out|   64|  ap_ctrl_hs|  initializeArrays|  return value|
|ap_return_215  |  out|   64|  ap_ctrl_hs|  initializeArrays|  return value|
|ap_return_216  |  out|   64|  ap_ctrl_hs|  initializeArrays|  return value|
|ap_return_217  |  out|   64|  ap_ctrl_hs|  initializeArrays|  return value|
|ap_return_218  |  out|   64|  ap_ctrl_hs|  initializeArrays|  return value|
|ap_return_219  |  out|   64|  ap_ctrl_hs|  initializeArrays|  return value|
|ap_return_220  |  out|   64|  ap_ctrl_hs|  initializeArrays|  return value|
|ap_return_221  |  out|   64|  ap_ctrl_hs|  initializeArrays|  return value|
|ap_return_222  |  out|   64|  ap_ctrl_hs|  initializeArrays|  return value|
|ap_return_223  |  out|   64|  ap_ctrl_hs|  initializeArrays|  return value|
|ap_return_224  |  out|   64|  ap_ctrl_hs|  initializeArrays|  return value|
|ap_return_225  |  out|   64|  ap_ctrl_hs|  initializeArrays|  return value|
|ap_return_226  |  out|   64|  ap_ctrl_hs|  initializeArrays|  return value|
|ap_return_227  |  out|   64|  ap_ctrl_hs|  initializeArrays|  return value|
|ap_return_228  |  out|   64|  ap_ctrl_hs|  initializeArrays|  return value|
|ap_return_229  |  out|   64|  ap_ctrl_hs|  initializeArrays|  return value|
|ap_return_230  |  out|   64|  ap_ctrl_hs|  initializeArrays|  return value|
|ap_return_231  |  out|   64|  ap_ctrl_hs|  initializeArrays|  return value|
|ap_return_232  |  out|   64|  ap_ctrl_hs|  initializeArrays|  return value|
|ap_return_233  |  out|   64|  ap_ctrl_hs|  initializeArrays|  return value|
|ap_return_234  |  out|   64|  ap_ctrl_hs|  initializeArrays|  return value|
|ap_return_235  |  out|   64|  ap_ctrl_hs|  initializeArrays|  return value|
|ap_return_236  |  out|   64|  ap_ctrl_hs|  initializeArrays|  return value|
|ap_return_237  |  out|   64|  ap_ctrl_hs|  initializeArrays|  return value|
|ap_return_238  |  out|   64|  ap_ctrl_hs|  initializeArrays|  return value|
|ap_return_239  |  out|   64|  ap_ctrl_hs|  initializeArrays|  return value|
|ap_return_240  |  out|   32|  ap_ctrl_hs|  initializeArrays|  return value|
|ap_return_241  |  out|   32|  ap_ctrl_hs|  initializeArrays|  return value|
|ap_return_242  |  out|   32|  ap_ctrl_hs|  initializeArrays|  return value|
|ap_return_243  |  out|   32|  ap_ctrl_hs|  initializeArrays|  return value|
|ap_return_244  |  out|   32|  ap_ctrl_hs|  initializeArrays|  return value|
|ap_return_245  |  out|   32|  ap_ctrl_hs|  initializeArrays|  return value|
|ap_return_246  |  out|   32|  ap_ctrl_hs|  initializeArrays|  return value|
|ap_return_247  |  out|   32|  ap_ctrl_hs|  initializeArrays|  return value|
|ap_return_248  |  out|   32|  ap_ctrl_hs|  initializeArrays|  return value|
|ap_return_249  |  out|   32|  ap_ctrl_hs|  initializeArrays|  return value|
|ap_return_250  |  out|   32|  ap_ctrl_hs|  initializeArrays|  return value|
|ap_return_251  |  out|   32|  ap_ctrl_hs|  initializeArrays|  return value|
|ap_return_252  |  out|   32|  ap_ctrl_hs|  initializeArrays|  return value|
|ap_return_253  |  out|   32|  ap_ctrl_hs|  initializeArrays|  return value|
|ap_return_254  |  out|   32|  ap_ctrl_hs|  initializeArrays|  return value|
|ap_return_255  |  out|   32|  ap_ctrl_hs|  initializeArrays|  return value|
|ap_return_256  |  out|   32|  ap_ctrl_hs|  initializeArrays|  return value|
|ap_return_257  |  out|   32|  ap_ctrl_hs|  initializeArrays|  return value|
|ap_return_258  |  out|   32|  ap_ctrl_hs|  initializeArrays|  return value|
|ap_return_259  |  out|   32|  ap_ctrl_hs|  initializeArrays|  return value|
|ap_return_260  |  out|   32|  ap_ctrl_hs|  initializeArrays|  return value|
|ap_return_261  |  out|   32|  ap_ctrl_hs|  initializeArrays|  return value|
|ap_return_262  |  out|   32|  ap_ctrl_hs|  initializeArrays|  return value|
|ap_return_263  |  out|   32|  ap_ctrl_hs|  initializeArrays|  return value|
|ap_return_264  |  out|   32|  ap_ctrl_hs|  initializeArrays|  return value|
|ap_return_265  |  out|   32|  ap_ctrl_hs|  initializeArrays|  return value|
|ap_return_266  |  out|   32|  ap_ctrl_hs|  initializeArrays|  return value|
|ap_return_267  |  out|   32|  ap_ctrl_hs|  initializeArrays|  return value|
|ap_return_268  |  out|   32|  ap_ctrl_hs|  initializeArrays|  return value|
|ap_return_269  |  out|   32|  ap_ctrl_hs|  initializeArrays|  return value|
|ap_return_270  |  out|   32|  ap_ctrl_hs|  initializeArrays|  return value|
|ap_return_271  |  out|   32|  ap_ctrl_hs|  initializeArrays|  return value|
|ap_return_272  |  out|   32|  ap_ctrl_hs|  initializeArrays|  return value|
|ap_return_273  |  out|   32|  ap_ctrl_hs|  initializeArrays|  return value|
|ap_return_274  |  out|   32|  ap_ctrl_hs|  initializeArrays|  return value|
|ap_return_275  |  out|   32|  ap_ctrl_hs|  initializeArrays|  return value|
|ap_return_276  |  out|   32|  ap_ctrl_hs|  initializeArrays|  return value|
|ap_return_277  |  out|   32|  ap_ctrl_hs|  initializeArrays|  return value|
|ap_return_278  |  out|   32|  ap_ctrl_hs|  initializeArrays|  return value|
|ap_return_279  |  out|   32|  ap_ctrl_hs|  initializeArrays|  return value|
|ap_return_280  |  out|   32|  ap_ctrl_hs|  initializeArrays|  return value|
|ap_return_281  |  out|   32|  ap_ctrl_hs|  initializeArrays|  return value|
|ap_return_282  |  out|   32|  ap_ctrl_hs|  initializeArrays|  return value|
|ap_return_283  |  out|   32|  ap_ctrl_hs|  initializeArrays|  return value|
|ap_return_284  |  out|   32|  ap_ctrl_hs|  initializeArrays|  return value|
|ap_return_285  |  out|   32|  ap_ctrl_hs|  initializeArrays|  return value|
|ap_return_286  |  out|   32|  ap_ctrl_hs|  initializeArrays|  return value|
|ap_return_287  |  out|   32|  ap_ctrl_hs|  initializeArrays|  return value|
|ap_return_288  |  out|   32|  ap_ctrl_hs|  initializeArrays|  return value|
|ap_return_289  |  out|   32|  ap_ctrl_hs|  initializeArrays|  return value|
|ap_return_290  |  out|   32|  ap_ctrl_hs|  initializeArrays|  return value|
|ap_return_291  |  out|   32|  ap_ctrl_hs|  initializeArrays|  return value|
|ap_return_292  |  out|   32|  ap_ctrl_hs|  initializeArrays|  return value|
|ap_return_293  |  out|   32|  ap_ctrl_hs|  initializeArrays|  return value|
|ap_return_294  |  out|   32|  ap_ctrl_hs|  initializeArrays|  return value|
|ap_return_295  |  out|   32|  ap_ctrl_hs|  initializeArrays|  return value|
|ap_return_296  |  out|   32|  ap_ctrl_hs|  initializeArrays|  return value|
|ap_return_297  |  out|   32|  ap_ctrl_hs|  initializeArrays|  return value|
|ap_return_298  |  out|   32|  ap_ctrl_hs|  initializeArrays|  return value|
|ap_return_299  |  out|   32|  ap_ctrl_hs|  initializeArrays|  return value|
|ap_return_300  |  out|   32|  ap_ctrl_hs|  initializeArrays|  return value|
|ap_return_301  |  out|   32|  ap_ctrl_hs|  initializeArrays|  return value|
|ap_return_302  |  out|   32|  ap_ctrl_hs|  initializeArrays|  return value|
|ap_return_303  |  out|   32|  ap_ctrl_hs|  initializeArrays|  return value|
|ap_return_304  |  out|   32|  ap_ctrl_hs|  initializeArrays|  return value|
|ap_return_305  |  out|   32|  ap_ctrl_hs|  initializeArrays|  return value|
|ap_return_306  |  out|   32|  ap_ctrl_hs|  initializeArrays|  return value|
|ap_return_307  |  out|   32|  ap_ctrl_hs|  initializeArrays|  return value|
|ap_return_308  |  out|   32|  ap_ctrl_hs|  initializeArrays|  return value|
|ap_return_309  |  out|   32|  ap_ctrl_hs|  initializeArrays|  return value|
|ap_return_310  |  out|   32|  ap_ctrl_hs|  initializeArrays|  return value|
|ap_return_311  |  out|   32|  ap_ctrl_hs|  initializeArrays|  return value|
+---------------+-----+-----+------------+------------------+--------------+

