

================================================================
== Vitis HLS Report for 'straightLineProjectorFromLayerIJtoK'
================================================================
* Date:           Thu Aug  8 04:16:43 2024

* Version:        2020.2 (Build 3064766 on Wed Nov 18 09:12:45 MST 2020)
* Project:        PatchMaker_tanishGit
* Solution:       solutionLC (Vivado IP Flow Target)
* Product family: virtexuplus
* Target device:  xcvu19p-fsvb3824-2-e


================================================================
== Performance Estimates
================================================================
+ Timing: 
    * Summary: 
    +--------+---------+----------+------------+
    |  Clock |  Target | Estimated| Uncertainty|
    +--------+---------+----------+------------+
    |ap_clk  |  3.00 ns|  2.172 ns|     0.81 ns|
    +--------+---------+----------+------------+

+ Latency: 
    * Summary: 
    +---------+---------+-----------+-----------+-----+-----+---------+
    |  Latency (cycles) |   Latency (absolute)  |  Interval | Pipeline|
    |   min   |   max   |    min    |    max    | min | max |   Type  |
    +---------+---------+-----------+-----------+-----+-----+---------+
    |        7|        7|  21.000 ns|  21.000 ns|    7|    7|     none|
    +---------+---------+-----------+-----------+-----+-----+---------+

    + Detail: 
        * Instance: 
        N/A

        * Loop: 
        N/A



================================================================
== Utilization Estimates
================================================================
* Summary: 
+---------------------+---------+------+---------+---------+-----+
|         Name        | BRAM_18K|  DSP |    FF   |   LUT   | URAM|
+---------------------+---------+------+---------+---------+-----+
|DSP                  |        -|     -|        -|        -|    -|
|Expression           |        -|     -|        0|      252|    -|
|FIFO                 |        -|     -|        -|        -|    -|
|Instance             |        -|     0|      199|       68|    -|
|Memory               |        0|     -|       64|       65|    -|
|Multiplexer          |        -|     -|        -|       43|    -|
|Register             |        -|     -|      123|        -|    -|
+---------------------+---------+------+---------+---------+-----+
|Total                |        0|     0|      386|      428|    0|
+---------------------+---------+------+---------+---------+-----+
|Available SLR        |     1080|   960|  2042880|  1021440|   80|
+---------------------+---------+------+---------+---------+-----+
|Utilization SLR (%)  |        0|     0|       ~0|       ~0|    0|
+---------------------+---------+------+---------+---------+-----+
|Available            |     4320|  3840|  8171520|  4085760|  320|
+---------------------+---------+------+---------+---------+-----+
|Utilization (%)      |        0|     0|       ~0|       ~0|    0|
+---------------------+---------+------+---------+---------+-----+

+ Detail: 
    * Instance: 
    +--------------------------+---------------------+---------+----+-----+----+-----+
    |         Instance         |        Module       | BRAM_18K| DSP|  FF | LUT| URAM|
    +--------------------------+---------------------+---------+----+-----+----+-----+
    |mul_35ns_32s_64_3_1_U316  |mul_35ns_32s_64_3_1  |        0|   0|  199|  68|    0|
    +--------------------------+---------------------+---------+----+-----+----+-----+
    |Total                     |                     |        0|   0|  199|  68|    0|
    +--------------------------+---------------------+---------+----+-----+----+-----+

    * DSP: 
    N/A

    * Memory: 
    +---------------------+-------------------------------------------------------+---------+----+----+-----+------+-----+------+-------------+
    |        Memory       |                         Module                        | BRAM_18K| FF | LUT| URAM| Words| Bits| Banks| W*Bits*Banks|
    +---------------------+-------------------------------------------------------+---------+----+----+-----+------+-----+------+-------------+
    |radiiDivisionList_U  |straightLineProjectorFromLayerIJtoK_radiiDivisionList  |        0|  64|  65|    0|    36|   35|     1|         1260|
    +---------------------+-------------------------------------------------------+---------+----+----+-----+------+-----+------+-------------+
    |Total                |                                                       |        0|  64|  65|    0|    36|   35|     1|         1260|
    +---------------------+-------------------------------------------------------+---------+----+----+-----+------+-----+------+-------------+

    * FIFO: 
    N/A

    * Expression: 
    +------------------------+----------+----+---+----+------------+------------+
    |      Variable Name     | Operation| DSP| FF| LUT| Bitwidth P0| Bitwidth P1|
    +------------------------+----------+----+---+----+------------+------------+
    |add_ln162_fu_173_p2     |         +|   0|  0|  13|           6|           6|
    |add_ln166_fu_240_p2     |         +|   0|  0|  39|          32|          32|
    |neg4_fu_121_p2          |         -|   0|  0|  12|           1|           4|
    |neg_fu_127_p2           |         -|   0|  0|  10|           1|           3|
    |sub_ln160_1_fu_103_p2   |         -|   0|  0|  12|           4|           4|
    |sub_ln160_fu_93_p2      |         -|   0|  0|  12|           4|           4|
    |sub_ln162_1_fu_236_p2   |         -|   0|  0|  39|          32|          32|
    |sub_ln162_2_fu_158_p2   |         -|   0|  0|  13|           6|           6|
    |sub_ln162_fu_184_p2     |         -|   0|  0|  39|          32|          32|
    |and_ln160_1_fu_231_p2   |       and|   0|  0|   2|           1|           1|
    |and_ln160_fu_219_p2     |       and|   0|  0|   2|           1|           1|
    |icmp_ln160_1_fu_115_p2  |      icmp|   0|  0|   9|           4|           1|
    |icmp_ln160_fu_109_p2    |      icmp|   0|  0|   9|           4|           1|
    |or_ln160_fu_244_p2      |        or|   0|  0|   2|           1|           1|
    |abs6_fu_164_p3          |    select|   0|  0|   4|           1|           4|
    |abs_fu_132_p3           |    select|   0|  0|   3|           1|           3|
    |ap_return               |    select|   0|  0|  32|           1|          32|
    +------------------------+----------+----+---+----+------------+------------+
    |Total                   |          |   0|  0| 252|         132|         167|
    +------------------------+----------+----+---+----+------------+------------+

    * Multiplexer: 
    +-----------+----+-----------+-----+-----------+
    |    Name   | LUT| Input Size| Bits| Total Bits|
    +-----------+----+-----------+-----+-----------+
    |ap_NS_fsm  |  43|          8|    1|          8|
    +-----------+----+-----------+-----+-----------+
    |Total      |  43|          8|    1|          8|
    +-----------+----+-----------+-----+-----------+

    * Register: 
    +--------------------------------+----+----+-----+-----------+
    |              Name              | FF | LUT| Bits| Const Bits|
    +--------------------------------+----+----+-----+-----------+
    |ap_CS_fsm                       |   7|   0|    7|          0|
    |icmp_ln160_1_reg_281            |   1|   0|    1|          0|
    |icmp_ln160_reg_275              |   1|   0|    1|          0|
    |neg4_reg_287                    |   4|   0|    4|          0|
    |radiiDivisionList_load_reg_308  |  35|   0|   35|          0|
    |sub_ln160_1_reg_269             |   4|   0|    4|          0|
    |sub_ln160_reg_258               |   4|   0|    4|          0|
    |sub_ln162_reg_303               |  32|   0|   32|          0|
    |trunc_ln160_reg_263             |   3|   0|    3|          0|
    |trunc_ln1_reg_323               |  32|   0|   32|          0|
    +--------------------------------+----+----+-----+-----------+
    |Total                           | 123|   0|  123|          0|
    +--------------------------------+----+----+-----+-----------+



================================================================
== Interface
================================================================
* Summary: 
+-----------+-----+-----+------------+-------------------------------------+--------------+
| RTL Ports | Dir | Bits|  Protocol  |            Source Object            |    C Type    |
+-----------+-----+-----+------------+-------------------------------------+--------------+
|ap_clk     |   in|    1|  ap_ctrl_hs|  straightLineProjectorFromLayerIJtoK|  return value|
|ap_rst     |   in|    1|  ap_ctrl_hs|  straightLineProjectorFromLayerIJtoK|  return value|
|ap_start   |   in|    1|  ap_ctrl_hs|  straightLineProjectorFromLayerIJtoK|  return value|
|ap_done    |  out|    1|  ap_ctrl_hs|  straightLineProjectorFromLayerIJtoK|  return value|
|ap_idle    |  out|    1|  ap_ctrl_hs|  straightLineProjectorFromLayerIJtoK|  return value|
|ap_ready   |  out|    1|  ap_ctrl_hs|  straightLineProjectorFromLayerIJtoK|  return value|
|ap_return  |  out|   32|  ap_ctrl_hs|  straightLineProjectorFromLayerIJtoK|  return value|
|z_i        |   in|   32|     ap_none|                                  z_i|        scalar|
|z_j        |   in|   32|     ap_none|                                  z_j|        scalar|
|i          |   in|    3|     ap_none|                                    i|        scalar|
|j          |   in|    3|     ap_none|                                    j|        scalar|
|k          |   in|    3|     ap_none|                                    k|        scalar|
+-----------+-----+-----+------------+-------------------------------------+--------------+

