

================================================================
== Vitis HLS Report for 'getShadows'
================================================================
* Date:           Tue Aug  6 03:36:17 2024

* Version:        2020.2 (Build 3064766 on Wed Nov 18 09:12:45 MST 2020)
* Project:        PatchMaker_tanishGit
* Solution:       solutionSC5 (Vivado IP Flow Target)
* Product family: virtexuplus
* Target device:  xcvu19p-fsvb3824-2-e


================================================================
== Performance Estimates
================================================================
+ Timing: 
    * Summary: 
    +--------+---------+----------+------------+
    |  Clock |  Target | Estimated| Uncertainty|
    +--------+---------+----------+------------+
    |ap_clk  |  3.00 ns|  2.172 ns|     0.81 ns|
    +--------+---------+----------+------------+

+ Latency: 
    * Summary: 
    +---------+---------+-----------+-----------+-----+-----+---------+
    |  Latency (cycles) |   Latency (absolute)  |  Interval | Pipeline|
    |   min   |   max   |    min    |    max    | min | max |   Type  |
    +---------+---------+-----------+-----------+-----+-----+---------+
    |       13|       13|  39.000 ns|  39.000 ns|   13|   13|     none|
    +---------+---------+-----------+-----------+-----+-----+---------+

    + Detail: 
        * Instance: 
        +------------------------------------------------+-------------------------------------+---------+---------+-----------+-----------+-----+-----+---------+
        |                                                |                                     |  Latency (cycles) |   Latency (absolute)  |  Interval | Pipeline|
        |                    Instance                    |                Module               |   min   |   max   |    min    |    max    | min | max |   Type  |
        +------------------------------------------------+-------------------------------------+---------+---------+-----------+-----------+-----+-----+---------+
        |grp_straightLineProjectorFromLayerIJtoK_fu_495  |straightLineProjectorFromLayerIJtoK  |        7|        7|  21.000 ns|  21.000 ns|    7|    7|     none|
        |grp_straightLineProjectorFromLayerIJtoK_fu_509  |straightLineProjectorFromLayerIJtoK  |        7|        7|  21.000 ns|  21.000 ns|    7|    7|     none|
        |grp_straightLineProjectorFromLayerIJtoK_fu_523  |straightLineProjectorFromLayerIJtoK  |        7|        7|  21.000 ns|  21.000 ns|    7|    7|     none|
        |grp_straightLineProjectorFromLayerIJtoK_fu_537  |straightLineProjectorFromLayerIJtoK  |        7|        7|  21.000 ns|  21.000 ns|    7|    7|     none|
        |grp_straightLineProjectorFromLayerIJtoK_fu_551  |straightLineProjectorFromLayerIJtoK  |        7|        7|  21.000 ns|  21.000 ns|    7|    7|     none|
        |grp_straightLineProjectorFromLayerIJtoK_fu_565  |straightLineProjectorFromLayerIJtoK  |        7|        7|  21.000 ns|  21.000 ns|    7|    7|     none|
        |grp_straightLineProjectorFromLayerIJtoK_fu_579  |straightLineProjectorFromLayerIJtoK  |        7|        7|  21.000 ns|  21.000 ns|    7|    7|     none|
        |grp_straightLineProjectorFromLayerIJtoK_fu_593  |straightLineProjectorFromLayerIJtoK  |        7|        7|  21.000 ns|  21.000 ns|    7|    7|     none|
        |grp_straightLineProjectorFromLayerIJtoK_fu_607  |straightLineProjectorFromLayerIJtoK  |        7|        7|  21.000 ns|  21.000 ns|    7|    7|     none|
        |grp_straightLineProjectorFromLayerIJtoK_fu_621  |straightLineProjectorFromLayerIJtoK  |        7|        7|  21.000 ns|  21.000 ns|    7|    7|     none|
        |grp_straightLineProjectorFromLayerIJtoK_fu_635  |straightLineProjectorFromLayerIJtoK  |        7|        7|  21.000 ns|  21.000 ns|    7|    7|     none|
        |grp_straightLineProjectorFromLayerIJtoK_fu_649  |straightLineProjectorFromLayerIJtoK  |        7|        7|  21.000 ns|  21.000 ns|    7|    7|     none|
        |grp_straightLineProjectorFromLayerIJtoK_fu_663  |straightLineProjectorFromLayerIJtoK  |        7|        7|  21.000 ns|  21.000 ns|    7|    7|     none|
        |grp_straightLineProjectorFromLayerIJtoK_fu_677  |straightLineProjectorFromLayerIJtoK  |        7|        7|  21.000 ns|  21.000 ns|    7|    7|     none|
        |grp_straightLineProjectorFromLayerIJtoK_fu_691  |straightLineProjectorFromLayerIJtoK  |        7|        7|  21.000 ns|  21.000 ns|    7|    7|     none|
        |grp_straightLineProjectorFromLayerIJtoK_fu_705  |straightLineProjectorFromLayerIJtoK  |        7|        7|  21.000 ns|  21.000 ns|    7|    7|     none|
        +------------------------------------------------+-------------------------------------+---------+---------+-----------+-----------+-----+-----+---------+

        * Loop: 
        +------------------------------+---------+---------+----------+-----------+-----------+------+----------+
        |                              |  Latency (cycles) | Iteration|  Initiation Interval  | Trip |          |
        |           Loop Name          |   min   |   max   |  Latency |  achieved |   target  | Count| Pipelined|
        +------------------------------+---------+---------+----------+-----------+-----------+------+----------+
        |- getShadows_maxFinding_loop  |        3|        3|         1|          -|          -|     3|        no|
        +------------------------------+---------+---------+----------+-----------+-----------+------+----------+



================================================================
== Utilization Estimates
================================================================
* Summary: 
+---------------------+---------+------+---------+---------+-----+
|         Name        | BRAM_18K|  DSP |    FF   |   LUT   | URAM|
+---------------------+---------+------+---------+---------+-----+
|DSP                  |        -|     -|        -|        -|    -|
|Expression           |        -|     -|        0|      669|    -|
|FIFO                 |        -|     -|        -|        -|    -|
|Instance             |        0|     0|     6192|     7360|    -|
|Memory               |        -|     -|        -|        -|    -|
|Multiplexer          |        -|     -|        -|      287|    -|
|Register             |        -|     -|     1251|        -|    -|
+---------------------+---------+------+---------+---------+-----+
|Total                |        0|     0|     7443|     8316|    0|
+---------------------+---------+------+---------+---------+-----+
|Available SLR        |     1080|   960|  2042880|  1021440|   80|
+---------------------+---------+------+---------+---------+-----+
|Utilization SLR (%)  |        0|     0|       ~0|       ~0|    0|
+---------------------+---------+------+---------+---------+-----+
|Available            |     4320|  3840|  8171520|  4085760|  320|
+---------------------+---------+------+---------+---------+-----+
|Utilization (%)      |        0|     0|       ~0|       ~0|    0|
+---------------------+---------+------+---------+---------+-----+

+ Detail: 
    * Instance: 
    +------------------------------------------------+-------------------------------------+---------+----+-----+-----+-----+
    |                    Instance                    |                Module               | BRAM_18K| DSP|  FF | LUT | URAM|
    +------------------------------------------------+-------------------------------------+---------+----+-----+-----+-----+
    |mux_21_1_1_1_U24278                             |mux_21_1_1_1                         |        0|   0|    0|    9|    0|
    |mux_21_1_1_1_U24279                             |mux_21_1_1_1                         |        0|   0|    0|    9|    0|
    |mux_21_1_1_1_U24280                             |mux_21_1_1_1                         |        0|   0|    0|    9|    0|
    |mux_21_1_1_1_U24281                             |mux_21_1_1_1                         |        0|   0|    0|    9|    0|
    |mux_21_1_1_1_U24282                             |mux_21_1_1_1                         |        0|   0|    0|    9|    0|
    |mux_21_1_1_1_U24283                             |mux_21_1_1_1                         |        0|   0|    0|    9|    0|
    |mux_21_1_1_1_U24284                             |mux_21_1_1_1                         |        0|   0|    0|    9|    0|
    |mux_21_1_1_1_U24285                             |mux_21_1_1_1                         |        0|   0|    0|    9|    0|
    |mux_21_1_1_1_U24286                             |mux_21_1_1_1                         |        0|   0|    0|    9|    0|
    |mux_21_1_1_1_U24287                             |mux_21_1_1_1                         |        0|   0|    0|    9|    0|
    |mux_21_1_1_1_U24288                             |mux_21_1_1_1                         |        0|   0|    0|    9|    0|
    |mux_21_1_1_1_U24289                             |mux_21_1_1_1                         |        0|   0|    0|    9|    0|
    |mux_21_1_1_1_U24290                             |mux_21_1_1_1                         |        0|   0|    0|    9|    0|
    |mux_21_1_1_1_U24292                             |mux_21_1_1_1                         |        0|   0|    0|    9|    0|
    |mux_21_1_1_1_U24294                             |mux_21_1_1_1                         |        0|   0|    0|    9|    0|
    |mux_21_1_1_1_U24298                             |mux_21_1_1_1                         |        0|   0|    0|    9|    0|
    |mux_21_1_1_1_U24299                             |mux_21_1_1_1                         |        0|   0|    0|    9|    0|
    |mux_21_1_1_1_U24302                             |mux_21_1_1_1                         |        0|   0|    0|    9|    0|
    |mux_21_1_1_1_U24305                             |mux_21_1_1_1                         |        0|   0|    0|    9|    0|
    |mux_21_1_1_1_U24307                             |mux_21_1_1_1                         |        0|   0|    0|    9|    0|
    |mux_21_1_1_1_U24309                             |mux_21_1_1_1                         |        0|   0|    0|    9|    0|
    |mux_21_1_1_1_U24312                             |mux_21_1_1_1                         |        0|   0|    0|    9|    0|
    |mux_21_1_1_1_U24314                             |mux_21_1_1_1                         |        0|   0|    0|    9|    0|
    |mux_21_1_1_1_U24316                             |mux_21_1_1_1                         |        0|   0|    0|    9|    0|
    |mux_21_32_1_1_U24291                            |mux_21_32_1_1                        |        0|   0|    0|    9|    0|
    |mux_21_32_1_1_U24293                            |mux_21_32_1_1                        |        0|   0|    0|    9|    0|
    |mux_21_32_1_1_U24295                            |mux_21_32_1_1                        |        0|   0|    0|    9|    0|
    |mux_21_32_1_1_U24297                            |mux_21_32_1_1                        |        0|   0|    0|    9|    0|
    |mux_21_32_1_1_U24300                            |mux_21_32_1_1                        |        0|   0|    0|    9|    0|
    |mux_21_32_1_1_U24301                            |mux_21_32_1_1                        |        0|   0|    0|    9|    0|
    |mux_21_32_1_1_U24304                            |mux_21_32_1_1                        |        0|   0|    0|    9|    0|
    |mux_21_32_1_1_U24306                            |mux_21_32_1_1                        |        0|   0|    0|    9|    0|
    |mux_21_32_1_1_U24308                            |mux_21_32_1_1                        |        0|   0|    0|    9|    0|
    |mux_21_32_1_1_U24311                            |mux_21_32_1_1                        |        0|   0|    0|    9|    0|
    |mux_21_32_1_1_U24313                            |mux_21_32_1_1                        |        0|   0|    0|    9|    0|
    |mux_21_32_1_1_U24315                            |mux_21_32_1_1                        |        0|   0|    0|    9|    0|
    |mux_32_64_1_1_U24270                            |mux_32_64_1_1                        |        0|   0|    0|   14|    0|
    |mux_32_64_1_1_U24271                            |mux_32_64_1_1                        |        0|   0|    0|   14|    0|
    |mux_32_64_1_1_U24272                            |mux_32_64_1_1                        |        0|   0|    0|   14|    0|
    |mux_32_64_1_1_U24273                            |mux_32_64_1_1                        |        0|   0|    0|   14|    0|
    |mux_32_64_1_1_U24274                            |mux_32_64_1_1                        |        0|   0|    0|   14|    0|
    |mux_32_64_1_1_U24275                            |mux_32_64_1_1                        |        0|   0|    0|   14|    0|
    |mux_32_64_1_1_U24276                            |mux_32_64_1_1                        |        0|   0|    0|   14|    0|
    |mux_32_64_1_1_U24277                            |mux_32_64_1_1                        |        0|   0|    0|   14|    0|
    |mux_42_32_1_1_U24296                            |mux_42_32_1_1                        |        0|   0|    0|   20|    0|
    |mux_42_32_1_1_U24303                            |mux_42_32_1_1                        |        0|   0|    0|   20|    0|
    |mux_42_32_1_1_U24310                            |mux_42_32_1_1                        |        0|   0|    0|   20|    0|
    |grp_straightLineProjectorFromLayerIJtoK_fu_495  |straightLineProjectorFromLayerIJtoK  |        0|   0|  387|  429|    0|
    |grp_straightLineProjectorFromLayerIJtoK_fu_509  |straightLineProjectorFromLayerIJtoK  |        0|   0|  387|  429|    0|
    |grp_straightLineProjectorFromLayerIJtoK_fu_523  |straightLineProjectorFromLayerIJtoK  |        0|   0|  387|  429|    0|
    |grp_straightLineProjectorFromLayerIJtoK_fu_537  |straightLineProjectorFromLayerIJtoK  |        0|   0|  387|  429|    0|
    |grp_straightLineProjectorFromLayerIJtoK_fu_551  |straightLineProjectorFromLayerIJtoK  |        0|   0|  387|  429|    0|
    |grp_straightLineProjectorFromLayerIJtoK_fu_565  |straightLineProjectorFromLayerIJtoK  |        0|   0|  387|  429|    0|
    |grp_straightLineProjectorFromLayerIJtoK_fu_579  |straightLineProjectorFromLayerIJtoK  |        0|   0|  387|  429|    0|
    |grp_straightLineProjectorFromLayerIJtoK_fu_593  |straightLineProjectorFromLayerIJtoK  |        0|   0|  387|  429|    0|
    |grp_straightLineProjectorFromLayerIJtoK_fu_607  |straightLineProjectorFromLayerIJtoK  |        0|   0|  387|  429|    0|
    |grp_straightLineProjectorFromLayerIJtoK_fu_621  |straightLineProjectorFromLayerIJtoK  |        0|   0|  387|  429|    0|
    |grp_straightLineProjectorFromLayerIJtoK_fu_635  |straightLineProjectorFromLayerIJtoK  |        0|   0|  387|  429|    0|
    |grp_straightLineProjectorFromLayerIJtoK_fu_649  |straightLineProjectorFromLayerIJtoK  |        0|   0|  387|  429|    0|
    |grp_straightLineProjectorFromLayerIJtoK_fu_663  |straightLineProjectorFromLayerIJtoK  |        0|   0|  387|  429|    0|
    |grp_straightLineProjectorFromLayerIJtoK_fu_677  |straightLineProjectorFromLayerIJtoK  |        0|   0|  387|  429|    0|
    |grp_straightLineProjectorFromLayerIJtoK_fu_691  |straightLineProjectorFromLayerIJtoK  |        0|   0|  387|  429|    0|
    |grp_straightLineProjectorFromLayerIJtoK_fu_705  |straightLineProjectorFromLayerIJtoK  |        0|   0|  387|  429|    0|
    +------------------------------------------------+-------------------------------------+---------+----+-----+-----+-----+
    |Total                                           |                                     |        0|   0| 6192| 7360|    0|
    +------------------------------------------------+-------------------------------------+---------+----+-----+-----+-----+

    * DSP: 
    N/A

    * Memory: 
    N/A

    * FIFO: 
    N/A

    * Expression: 
    +---------------------------------+----------+----+---+----+------------+------------+
    |          Variable Name          | Operation| DSP| FF| LUT| Bitwidth P0| Bitwidth P1|
    +---------------------------------+----------+----+---+----+------------+------------+
    |add_ln289_fu_1668_p2             |         +|   0|  0|  10|           3|           1|
    |icmp_ln289_fu_1211_p2            |      icmp|   0|  0|   9|           3|           4|
    |icmp_ln878_10_fu_805_p2          |      icmp|   0|  0|  20|          32|          26|
    |icmp_ln878_11_fu_1357_p2         |      icmp|   0|  0|  20|          32|          32|
    |icmp_ln878_12_fu_1573_p2         |      icmp|   0|  0|  20|          32|          32|
    |icmp_ln878_fu_791_p2             |      icmp|   0|  0|  20|          32|          27|
    |icmp_ln886_7_fu_1224_p2          |      icmp|   0|  0|   8|           2|           3|
    |icmp_ln886_8_fu_1465_p2          |      icmp|   0|  0|  20|          32|          32|
    |icmp_ln886_9_fu_1236_p2          |      icmp|   0|  0|   8|           2|           1|
    |icmp_ln886_fu_1249_p2            |      icmp|   0|  0|  20|          32|          32|
    |ap_block_state3_on_subcall_done  |        or|   0|  0|   2|           1|           1|
    |select_ln258_fu_797_p3           |    select|   0|  0|  32|           1|          27|
    |select_ln259_fu_811_p3           |    select|   0|  0|  32|           1|          32|
    |select_ln308_10_fu_1744_p3       |    select|   0|  0|  32|           1|          32|
    |select_ln308_11_fu_1751_p3       |    select|   0|  0|  32|           1|          32|
    |select_ln308_1_fu_1681_p3        |    select|   0|  0|  32|           1|          32|
    |select_ln308_2_fu_1688_p3        |    select|   0|  0|  32|           1|          32|
    |select_ln308_3_fu_1695_p3        |    select|   0|  0|  32|           1|          32|
    |select_ln308_4_fu_1702_p3        |    select|   0|  0|  32|           1|          32|
    |select_ln308_5_fu_1709_p3        |    select|   0|  0|  32|           1|          32|
    |select_ln308_6_fu_1716_p3        |    select|   0|  0|  32|           1|          32|
    |select_ln308_7_fu_1723_p3        |    select|   0|  0|  32|           1|          32|
    |select_ln308_8_fu_1730_p3        |    select|   0|  0|  32|           1|          32|
    |select_ln308_9_fu_1737_p3        |    select|   0|  0|  32|           1|          32|
    |select_ln308_fu_1674_p3          |    select|   0|  0|  32|           1|          32|
    |select_ln886_1_fu_1242_p3        |    select|   0|  0|  32|           1|          32|
    |select_ln886_fu_1230_p3          |    select|   0|  0|  32|           1|          32|
    +---------------------------------+----------+----+---+----+------------+------------+
    |Total                            |          |   0|  0| 669|         219|         698|
    +---------------------------------+----------+----+---+----+------------+------------+

    * Multiplexer: 
    +----------------------------+----+-----------+-----+-----------+
    |            Name            | LUT| Input Size| Bits| Total Bits|
    +----------------------------+----+-----------+-----+-----------+
    |ap_NS_fsm                   |  26|          5|    1|          5|
    |empty_44_fu_136             |   9|          2|   32|         64|
    |empty_45_fu_140             |   9|          2|   32|         64|
    |empty_46_fu_144             |   9|          2|   32|         64|
    |empty_fu_132                |   9|          2|   32|         64|
    |i_reg_484                   |   9|          2|    3|          6|
    |wp_parameters17_1_fu_188    |   9|          2|   32|         64|
    |wp_parameters18_1_fu_212    |   9|          2|   32|         64|
    |wp_parameters8019_1_fu_232  |   9|          2|   32|         64|
    |wp_parameters8020_1_fu_220  |   9|          2|   32|         64|
    |wp_parameters80_1_fu_236    |   9|          2|   32|         64|
    |wp_parameters8121_1_fu_196  |   9|          2|   32|         64|
    |wp_parameters8122_1_fu_184  |   9|          2|   32|         64|
    |wp_parameters81_1_fu_208    |   9|          2|   32|         64|
    |wp_parameters8223_1_fu_160  |   9|          2|   32|         64|
    |wp_parameters8224_1_fu_148  |   9|          2|   32|         64|
    |wp_parameters82_1_fu_172    |   9|          2|   32|         64|
    |wp_parameters_1_fu_164      |   9|          2|   32|         64|
    |write_flag26_1_fu_176       |   9|          2|    1|          2|
    |write_flag29_1_fu_200       |   9|          2|    1|          2|
    |write_flag32_1_fu_224       |   9|          2|    1|          2|
    |write_flag35_1_fu_240       |   9|          2|    1|          2|
    |write_flag38_1_fu_228       |   9|          2|    1|          2|
    |write_flag41_1_fu_216       |   9|          2|    1|          2|
    |write_flag44_1_fu_204       |   9|          2|    1|          2|
    |write_flag47_1_fu_192       |   9|          2|    1|          2|
    |write_flag50_1_fu_180       |   9|          2|    1|          2|
    |write_flag53_1_fu_168       |   9|          2|    1|          2|
    |write_flag56_1_fu_156       |   9|          2|    1|          2|
    |write_flag_1_fu_152         |   9|          2|    1|          2|
    +----------------------------+----+-----------+-----+-----------+
    |Total                       | 287|         63|  528|       1059|
    +----------------------------+----+-----------+-----+-----------+

    * Register: 
    +-------------------------------------------------------------+----+----+-----+-----------+
    |                             Name                            | FF | LUT| Bits| Const Bits|
    +-------------------------------------------------------------+----+----+-----+-----------+
    |ap_CS_fsm                                                    |   4|   0|    4|          0|
    |empty_44_fu_136                                              |  32|   0|   32|          0|
    |empty_45_fu_140                                              |  32|   0|   32|          0|
    |empty_46_fu_144                                              |  32|   0|   32|          0|
    |empty_fu_132                                                 |  32|   0|   32|          0|
    |grp_straightLineProjectorFromLayerIJtoK_fu_495_ap_start_reg  |   1|   0|    1|          0|
    |grp_straightLineProjectorFromLayerIJtoK_fu_509_ap_start_reg  |   1|   0|    1|          0|
    |grp_straightLineProjectorFromLayerIJtoK_fu_523_ap_start_reg  |   1|   0|    1|          0|
    |grp_straightLineProjectorFromLayerIJtoK_fu_537_ap_start_reg  |   1|   0|    1|          0|
    |grp_straightLineProjectorFromLayerIJtoK_fu_551_ap_start_reg  |   1|   0|    1|          0|
    |grp_straightLineProjectorFromLayerIJtoK_fu_565_ap_start_reg  |   1|   0|    1|          0|
    |grp_straightLineProjectorFromLayerIJtoK_fu_579_ap_start_reg  |   1|   0|    1|          0|
    |grp_straightLineProjectorFromLayerIJtoK_fu_593_ap_start_reg  |   1|   0|    1|          0|
    |grp_straightLineProjectorFromLayerIJtoK_fu_607_ap_start_reg  |   1|   0|    1|          0|
    |grp_straightLineProjectorFromLayerIJtoK_fu_621_ap_start_reg  |   1|   0|    1|          0|
    |grp_straightLineProjectorFromLayerIJtoK_fu_635_ap_start_reg  |   1|   0|    1|          0|
    |grp_straightLineProjectorFromLayerIJtoK_fu_649_ap_start_reg  |   1|   0|    1|          0|
    |grp_straightLineProjectorFromLayerIJtoK_fu_663_ap_start_reg  |   1|   0|    1|          0|
    |grp_straightLineProjectorFromLayerIJtoK_fu_677_ap_start_reg  |   1|   0|    1|          0|
    |grp_straightLineProjectorFromLayerIJtoK_fu_691_ap_start_reg  |   1|   0|    1|          0|
    |grp_straightLineProjectorFromLayerIJtoK_fu_705_ap_start_reg  |   1|   0|    1|          0|
    |i_reg_484                                                    |   3|   0|    3|          0|
    |select_ln258_reg_2026                                        |  32|   0|   32|          0|
    |select_ln259_reg_2038                                        |  32|   0|   32|          0|
    |topL_jL_V_1_reg_2186                                         |  32|   0|   32|          0|
    |topL_jL_V_2_reg_2206                                         |  32|   0|   32|          0|
    |topL_jL_V_3_reg_2226                                         |  32|   0|   32|          0|
    |topL_jR_V_1_reg_2191                                         |  32|   0|   32|          0|
    |topL_jR_V_2_reg_2211                                         |  32|   0|   32|          0|
    |topL_jR_V_3_reg_2231                                         |  32|   0|   32|          0|
    |topR_jL_V_1_reg_2196                                         |  32|   0|   32|          0|
    |topR_jL_V_2_reg_2216                                         |  32|   0|   32|          0|
    |topR_jL_V_3_reg_2237                                         |  32|   0|   32|          0|
    |topR_jR_V_1_reg_2201                                         |  32|   0|   32|          0|
    |topR_jR_V_2_reg_2221                                         |  32|   0|   32|          0|
    |topR_jR_V_3_reg_2243                                         |  32|   0|   32|          0|
    |wp_parameters17_1_fu_188                                     |  32|   0|   32|          0|
    |wp_parameters18_1_fu_212                                     |  32|   0|   32|          0|
    |wp_parameters8019_1_fu_232                                   |  32|   0|   32|          0|
    |wp_parameters8020_1_fu_220                                   |  32|   0|   32|          0|
    |wp_parameters80_1_fu_236                                     |  32|   0|   32|          0|
    |wp_parameters8121_1_fu_196                                   |  32|   0|   32|          0|
    |wp_parameters8122_1_fu_184                                   |  32|   0|   32|          0|
    |wp_parameters81_1_fu_208                                     |  32|   0|   32|          0|
    |wp_parameters8223_1_fu_160                                   |  32|   0|   32|          0|
    |wp_parameters8224_1_fu_148                                   |  32|   0|   32|          0|
    |wp_parameters82_1_fu_172                                     |  32|   0|   32|          0|
    |wp_parameters_1_fu_164                                       |  32|   0|   32|          0|
    |write_flag26_1_fu_176                                        |   1|   0|    1|          0|
    |write_flag29_1_fu_200                                        |   1|   0|    1|          0|
    |write_flag32_1_fu_224                                        |   1|   0|    1|          0|
    |write_flag35_1_fu_240                                        |   1|   0|    1|          0|
    |write_flag38_1_fu_228                                        |   1|   0|    1|          0|
    |write_flag41_1_fu_216                                        |   1|   0|    1|          0|
    |write_flag44_1_fu_204                                        |   1|   0|    1|          0|
    |write_flag47_1_fu_192                                        |   1|   0|    1|          0|
    |write_flag50_1_fu_180                                        |   1|   0|    1|          0|
    |write_flag53_1_fu_168                                        |   1|   0|    1|          0|
    |write_flag56_1_fu_156                                        |   1|   0|    1|          0|
    |write_flag_1_fu_152                                          |   1|   0|    1|          0|
    |z_j_max_V_1_reg_2068                                         |  32|   0|   32|          0|
    |z_j_max_V_2_reg_2080                                         |  32|   0|   32|          0|
    |z_j_max_V_3_reg_2092                                         |  32|   0|   32|          0|
    |z_j_max_V_reg_2056                                           |  32|   0|   32|          0|
    |z_j_min_V_1_reg_2062                                         |  32|   0|   32|          0|
    |z_j_min_V_2_reg_2074                                         |  32|   0|   32|          0|
    |z_j_min_V_3_reg_2086                                         |  32|   0|   32|          0|
    |z_j_min_V_reg_2050                                           |  32|   0|   32|          0|
    +-------------------------------------------------------------+----+----+-----+-----------+
    |Total                                                        |1251|   0| 1251|          0|
    +-------------------------------------------------------------+----+----+-----+-----------+



================================================================
== Interface
================================================================
* Summary: 
+-----------------------+-----+-----+------------+-----------------------+--------------+
|       RTL Ports       | Dir | Bits|  Protocol  |     Source Object     |    C Type    |
+-----------------------+-----+-----+------------+-----------------------+--------------+
|ap_clk                 |   in|    1|  ap_ctrl_hs|             getShadows|  return value|
|ap_rst                 |   in|    1|  ap_ctrl_hs|             getShadows|  return value|
|ap_start               |   in|    1|  ap_ctrl_hs|             getShadows|  return value|
|ap_done                |  out|    1|  ap_ctrl_hs|             getShadows|  return value|
|ap_idle                |  out|    1|  ap_ctrl_hs|             getShadows|  return value|
|ap_ready               |  out|    1|  ap_ctrl_hs|             getShadows|  return value|
|ap_return_0            |  out|   32|  ap_ctrl_hs|             getShadows|  return value|
|ap_return_1            |  out|   32|  ap_ctrl_hs|             getShadows|  return value|
|ap_return_2            |  out|   32|  ap_ctrl_hs|             getShadows|  return value|
|ap_return_3            |  out|   32|  ap_ctrl_hs|             getShadows|  return value|
|ap_return_4            |  out|   32|  ap_ctrl_hs|             getShadows|  return value|
|ap_return_5            |  out|   32|  ap_ctrl_hs|             getShadows|  return value|
|ap_return_6            |  out|   32|  ap_ctrl_hs|             getShadows|  return value|
|ap_return_7            |  out|   32|  ap_ctrl_hs|             getShadows|  return value|
|ap_return_8            |  out|   32|  ap_ctrl_hs|             getShadows|  return value|
|ap_return_9            |  out|   32|  ap_ctrl_hs|             getShadows|  return value|
|ap_return_10           |  out|   32|  ap_ctrl_hs|             getShadows|  return value|
|ap_return_11           |  out|   32|  ap_ctrl_hs|             getShadows|  return value|
|p_read                 |   in|   64|     ap_none|                 p_read|        scalar|
|p_read1                |   in|   64|     ap_none|                p_read1|        scalar|
|p_read2                |   in|   64|     ap_none|                p_read2|        scalar|
|p_read3                |   in|   64|     ap_none|                p_read3|        scalar|
|p_read4                |   in|   64|     ap_none|                p_read4|        scalar|
|p_read5                |   in|   64|     ap_none|                p_read5|        scalar|
|p_read6                |   in|   64|     ap_none|                p_read6|        scalar|
|p_read7                |   in|   64|     ap_none|                p_read7|        scalar|
|p_read8                |   in|   64|     ap_none|                p_read8|        scalar|
|p_read9                |   in|   64|     ap_none|                p_read9|        scalar|
|p_read10               |   in|   64|     ap_none|               p_read10|        scalar|
|p_read11               |   in|   64|     ap_none|               p_read11|        scalar|
|p_read12               |   in|   64|     ap_none|               p_read12|        scalar|
|p_read13               |   in|   64|     ap_none|               p_read13|        scalar|
|p_read14               |   in|   64|     ap_none|               p_read14|        scalar|
|p_read15               |   in|   64|     ap_none|               p_read15|        scalar|
|p_read16               |   in|   64|     ap_none|               p_read16|        scalar|
|p_read17               |   in|   64|     ap_none|               p_read17|        scalar|
|p_read18               |   in|   64|     ap_none|               p_read18|        scalar|
|p_read19               |   in|   64|     ap_none|               p_read19|        scalar|
|p_read20               |   in|   64|     ap_none|               p_read20|        scalar|
|p_read21               |   in|   64|     ap_none|               p_read21|        scalar|
|p_read22               |   in|   64|     ap_none|               p_read22|        scalar|
|p_read23               |   in|   64|     ap_none|               p_read23|        scalar|
|wp_superpoints_offset  |   in|    1|     ap_none|  wp_superpoints_offset|        scalar|
|p_read24               |   in|   32|     ap_none|               p_read24|        scalar|
|p_read25               |   in|   32|     ap_none|               p_read25|        scalar|
|p_read26               |   in|   32|     ap_none|               p_read26|        scalar|
|p_read27               |   in|   32|     ap_none|               p_read27|        scalar|
|p_read28               |   in|   32|     ap_none|               p_read28|        scalar|
|p_read29               |   in|   32|     ap_none|               p_read29|        scalar|
|p_read30               |   in|   32|     ap_none|               p_read30|        scalar|
|p_read31               |   in|   32|     ap_none|               p_read31|        scalar|
|p_read32               |   in|   32|     ap_none|               p_read32|        scalar|
|p_read33               |   in|   32|     ap_none|               p_read33|        scalar|
|p_read34               |   in|   32|     ap_none|               p_read34|        scalar|
|p_read35               |   in|   32|     ap_none|               p_read35|        scalar|
|wp_parameters_offset   |   in|    1|     ap_none|   wp_parameters_offset|        scalar|
|zTopMin                |   in|   32|     ap_none|                zTopMin|        scalar|
|zTopMax                |   in|   32|     ap_none|                zTopMax|        scalar|
+-----------------------+-----+-----+------------+-----------------------+--------------+

