

================================================================
== Vitis HLS Report for 'getSolveNextPatchPairWhileCondition'
================================================================
* Date:           Tue Aug  6 03:29:29 2024

* Version:        2020.2 (Build 3064766 on Wed Nov 18 09:12:45 MST 2020)
* Project:        PatchMaker_tanishGit
* Solution:       solutionSC5 (Vivado IP Flow Target)
* Product family: virtexuplus
* Target device:  xcvu19p-fsvb3824-2-e


================================================================
== Performance Estimates
================================================================
+ Timing: 
    * Summary: 
    +--------+---------+----------+------------+
    |  Clock |  Target | Estimated| Uncertainty|
    +--------+---------+----------+------------+
    |ap_clk  |  3.00 ns|  1.309 ns|     0.81 ns|
    +--------+---------+----------+------------+

+ Latency: 
    * Summary: 
    +---------+---------+----------+----------+-----+-----+---------+
    |  Latency (cycles) |  Latency (absolute) |  Interval | Pipeline|
    |   min   |   max   |    min   |    max   | min | max |   Type  |
    +---------+---------+----------+----------+-----+-----+---------+
    |        1|        1|  3.000 ns|  3.000 ns|    1|    1|     none|
    +---------+---------+----------+----------+-----+-----+---------+

    + Detail: 
        * Instance: 
        N/A

        * Loop: 
        N/A



================================================================
== Utilization Estimates
================================================================
* Summary: 
+---------------------+---------+------+---------+---------+-----+
|         Name        | BRAM_18K|  DSP |    FF   |   LUT   | URAM|
+---------------------+---------+------+---------+---------+-----+
|DSP                  |        -|     -|        -|        -|    -|
|Expression           |        -|     -|        0|      277|    -|
|FIFO                 |        -|     -|        -|        -|    -|
|Instance             |        -|     -|        -|        -|    -|
|Memory               |        -|     -|        -|        -|    -|
|Multiplexer          |        -|     -|        -|       23|    -|
|Register             |        -|     -|       67|        -|    -|
+---------------------+---------+------+---------+---------+-----+
|Total                |        0|     0|       67|      300|    0|
+---------------------+---------+------+---------+---------+-----+
|Available SLR        |     1080|   960|  2042880|  1021440|   80|
+---------------------+---------+------+---------+---------+-----+
|Utilization SLR (%)  |        0|     0|       ~0|       ~0|    0|
+---------------------+---------+------+---------+---------+-----+
|Available            |     4320|  3840|  8171520|  4085760|  320|
+---------------------+---------+------+---------+---------+-----+
|Utilization (%)      |        0|     0|       ~0|       ~0|    0|
+---------------------+---------+------+---------+---------+-----+

+ Detail: 
    * Instance: 
    N/A

    * DSP: 
    N/A

    * Memory: 
    N/A

    * FIFO: 
    N/A

    * Expression: 
    +-------------------------+----------+----+---+----+------------+------------+
    |      Variable Name      | Operation| DSP| FF| LUT| Bitwidth P0| Bitwidth P1|
    +-------------------------+----------+----+---+----+------------+------------+
    |sub_ln180_fu_68_p2       |         -|   0|  0|  71|           1|          64|
    |and_ln1027_fu_93_p2      |       and|   0|  0|   2|           1|           1|
    |and_ln1033_1_fu_165_p2   |       and|   0|  0|   2|           1|           1|
    |and_ln1033_fu_135_p2     |       and|   0|  0|   2|           1|           1|
    |exp4_fu_112_p2           |      icmp|   0|  0|  20|          32|          32|
    |icmp_ln1027_fu_74_p2     |      icmp|   0|  0|  29|          64|           1|
    |icmp_ln1033_1_fu_124_p2  |      icmp|   0|  0|  20|          32|          27|
    |icmp_ln1033_2_fu_130_p2  |      icmp|   0|  0|  29|          64|           3|
    |icmp_ln1033_fu_118_p2    |      icmp|   0|  0|  29|          64|           3|
    |or_ln1033_1_fu_147_p2    |        or|   0|  0|   2|           1|           1|
    |or_ln1033_2_fu_153_p2    |        or|   0|  0|   2|           1|           1|
    |or_ln1033_fu_141_p2      |        or|   0|  0|   2|           1|           1|
    |select_ln180_fu_106_p3   |    select|   0|  0|  63|           1|          64|
    |xor_ln1027_fu_87_p2      |       xor|   0|  0|   2|           1|           2|
    |xor_ln1033_fu_159_p2     |       xor|   0|  0|   2|           1|           2|
    +-------------------------+----------+----+---+----+------------+------------+
    |Total                    |          |   0|  0| 277|         266|         204|
    +-------------------------+----------+----+---+----+------------+------------+

    * Multiplexer: 
    +-----------+----+-----------+-----+-----------+
    |    Name   | LUT| Input Size| Bits| Total Bits|
    +-----------+----+-----------+-----+-----------+
    |ap_NS_fsm  |  14|          3|    1|          3|
    |ap_return  |   9|          2|    1|          2|
    +-----------+----+-----------+-----+-----------+
    |Total      |  23|          5|    2|          5|
    +-----------+----+-----------+-----+-----------+

    * Register: 
    +-------------------+----+----+-----+-----------+
    |        Name       | FF | LUT| Bits| Const Bits|
    +-------------------+----+----+-----+-----------+
    |ap_CS_fsm          |   2|   0|    2|          0|
    |ap_return_preg     |   1|   0|    1|          0|
    |sub_ln180_reg_179  |  64|   0|   64|          0|
    +-------------------+----+----+-----+-----------+
    |Total              |  67|   0|   67|          0|
    +-------------------+----+----+-----+-----------+



================================================================
== Interface
================================================================
* Summary: 
+-----------------------------+-----+-----+------------+-------------------------------------+--------------+
|          RTL Ports          | Dir | Bits|  Protocol  |            Source Object            |    C Type    |
+-----------------------------+-----+-----+------------+-------------------------------------+--------------+
|ap_clk                       |   in|    1|  ap_ctrl_hs|  getSolveNextPatchPairWhileCondition|  return value|
|ap_rst                       |   in|    1|  ap_ctrl_hs|  getSolveNextPatchPairWhileCondition|  return value|
|ap_start                     |   in|    1|  ap_ctrl_hs|  getSolveNextPatchPairWhileCondition|  return value|
|ap_done                      |  out|    1|  ap_ctrl_hs|  getSolveNextPatchPairWhileCondition|  return value|
|ap_idle                      |  out|    1|  ap_ctrl_hs|  getSolveNextPatchPairWhileCondition|  return value|
|ap_ready                     |  out|    1|  ap_ctrl_hs|  getSolveNextPatchPairWhileCondition|  return value|
|ap_return                    |  out|    1|  ap_ctrl_hs|  getSolveNextPatchPairWhileCondition|  return value|
|p_read                       |   in|   32|     ap_none|                               p_read|        scalar|
|repeat_original              |   in|    1|     ap_none|                      repeat_original|        scalar|
|white_space_height           |   in|   64|     ap_none|                   white_space_height|        scalar|
|previous_white_space_height  |   in|   64|     ap_none|          previous_white_space_height|        scalar|
|current_z_top_index          |   in|   32|     ap_none|                  current_z_top_index|        scalar|
|p_read1                      |   in|   32|     ap_none|                              p_read1|        scalar|
+-----------------------------+-----+-----+------------+-------------------------------------+--------------+

