#-----------------------------------------------------------
# xsim v2020.2 (64-bit)
# SW Build 3064766 on Wed Nov 18 09:12:45 MST 2020
# IP Build 3064653 on Wed Nov 18 14:17:31 MST 2020
# Start of session at: Mon Aug  5 17:58:05 2024
# Process ID: 4104
# Current directory: C:/Users/rapiduser/Desktop/tanishGitHub/tanishPatchMakerHLS/PatchMaker_tanishGit/solutionSC4/sim/verilog
# Command line: xsim.exe -mode tcl -source {xsim.dir/MPSQ/xsim_script.tcl}
# Log file: C:/Users/rapiduser/Desktop/tanishGitHub/tanishPatchMakerHLS/PatchMaker_tanishGit/solutionSC4/sim/verilog/xsim.log
# Journal file: C:/Users/rapiduser/Desktop/tanishGitHub/tanishPatchMakerHLS/PatchMaker_tanishGit/solutionSC4/sim/verilog\xsim.jou
#-----------------------------------------------------------
source xsim.dir/MPSQ/xsim_script.tcl
# xsim {MPSQ} -autoloadwcfg -tclbatch {MPSQ.tcl}
Vivado Simulator 2020.2
Time resolution is 1 ps
source MPSQ.tcl
## run all
////////////////////////////////////////////////////////////////////////////////////
// Inter-Transaction Progress: Completed Transaction / Total Transaction
// Intra-Transaction Progress: Measured Latency / Latency Estimation * 100%
//
// RTL Simulation : "Inter-Transaction Progress" ["Intra-Transaction Progress"] @ "Simulation Time"
////////////////////////////////////////////////////////////////////////////////////
// RTL Simulation : 0 / 10 [n/a] @ "107000"
// RTL Simulation : 1 / 10 [n/a] @ "545909000"
// RTL Simulation : 2 / 10 [n/a] @ "1434968000"
// RTL Simulation : 3 / 10 [n/a] @ "2589179000"
// RTL Simulation : 4 / 10 [n/a] @ "3323006000"
// RTL Simulation : 5 / 10 [n/a] @ "4386755000"
// RTL Simulation : 6 / 10 [n/a] @ "5789066000"
// RTL Simulation : 7 / 10 [n/a] @ "7182191000"
// RTL Simulation : 8 / 10 [n/a] @ "8152661000"
// RTL Simulation : 9 / 10 [n/a] @ "9574187000"
// RTL Simulation : 10 / 10 [n/a] @ "11267495000"
////////////////////////////////////////////////////////////////////////////////////
$finish called at time : 11267506500 ps : File "C:/Users/rapiduser/Desktop/tanishGitHub/tanishPatchMakerHLS/PatchMaker_tanishGit/solutionSC4/sim/verilog/MPSQ.autotb.v" Line 503
run: Time (s): cpu = 00:00:01 ; elapsed = 00:14:24 . Memory (MB): peak = 923.617 ; gain = 0.000
## quit
INFO: [Common 17-206] Exiting xsim at Mon Aug  5 18:12:35 2024...
