#-----------------------------------------------------------
# xsim v2020.2 (64-bit)
# SW Build 3064766 on Wed Nov 18 09:12:45 MST 2020
# IP Build 3064653 on Wed Nov 18 14:17:31 MST 2020
# Start of session at: Wed Aug  7 17:21:16 2024
# Process ID: 3468
# Current directory: C:/Users/rapiduser/Desktop/tanishGitHub/tanishPatchMakerHLS/PatchMaker_tanishGit/solutionSC6/sim/verilog
# Command line: xsim.exe -mode tcl -source {xsim.dir/MPSQ/xsim_script.tcl}
# Log file: C:/Users/rapiduser/Desktop/tanishGitHub/tanishPatchMakerHLS/PatchMaker_tanishGit/solutionSC6/sim/verilog/xsim.log
# Journal file: C:/Users/rapiduser/Desktop/tanishGitHub/tanishPatchMakerHLS/PatchMaker_tanishGit/solutionSC6/sim/verilog\xsim.jou
#-----------------------------------------------------------
source xsim.dir/MPSQ/xsim_script.tcl
# xsim {MPSQ} -autoloadwcfg -tclbatch {MPSQ.tcl}
Vivado Simulator 2020.2
Time resolution is 1 ps
source MPSQ.tcl
## run all
////////////////////////////////////////////////////////////////////////////////////
// Inter-Transaction Progress: Completed Transaction / Total Transaction
// Intra-Transaction Progress: Measured Latency / Latency Estimation * 100%
//
// RTL Simulation : "Inter-Transaction Progress" ["Intra-Transaction Progress"] @ "Simulation Time"
////////////////////////////////////////////////////////////////////////////////////
// RTL Simulation : 0 / 1 [0.00%] @ "107000"
// RTL Simulation : 1 / 1 [100.00%] @ "4475000"
////////////////////////////////////////////////////////////////////////////////////
$finish called at time : 4486500 ps : File "C:/Users/rapiduser/Desktop/tanishGitHub/tanishPatchMakerHLS/PatchMaker_tanishGit/solutionSC6/sim/verilog/MPSQ.autotb.v" Line 324
## quit
INFO: [Common 17-206] Exiting xsim at Wed Aug  7 17:21:25 2024...
