

================================================================
== Vitis HLS Report for 'areWedgeSuperPointsEqual_1'
================================================================
* Date:           Sun Jul 14 15:00:07 2024

* Version:        2020.2 (Build 3064766 on Wed Nov 18 09:12:45 MST 2020)
* Project:        PatchMaker_tanishGit
* Solution:       solution1 (Vivado IP Flow Target)
* Product family: virtexuplus
* Target device:  xcvu19p-fsvb3824-2-e


================================================================
== Performance Estimates
================================================================
+ Timing: 
    * Summary: 
    +--------+----------+----------+------------+
    |  Clock |  Target  | Estimated| Uncertainty|
    +--------+----------+----------+------------+
    |ap_clk  |  10.00 ns|  6.998 ns|     2.70 ns|
    +--------+----------+----------+------------+

+ Latency: 
    * Summary: 
    +---------+---------+-----------+-----------+-----+-----+---------+
    |  Latency (cycles) |   Latency (absolute)  |  Interval | Pipeline|
    |   min   |   max   |    min    |    max    | min | max |   Type  |
    +---------+---------+-----------+-----------+-----+-----+---------+
    |        2|        2|  20.000 ns|  20.000 ns|    1|    1|      yes|
    +---------+---------+-----------+-----------+-----+-----+---------+

    + Detail: 
        * Instance: 
        N/A

        * Loop: 
        N/A

============================================================
+ Verbose Summary: Synthesis Manager
============================================================
InlineROM: 1
ExposeGlobal: 0
============================================================
+ Verbose Summary: CDFG Model
============================================================
IsTopModel: 0
ResetActiveHigh: 1
IsCombinational: 0
IsDatapathOnly: 0
HasWiredReturn: 1
HasMFsm: 2
HasVarLatency: 0
IsPipeline: 1
IsRtlPipelined: 1
IsInstanceOverlapped: 0
IsDontTouch: 0
HasImplIP: 0
IsGatedGlobalClock: 0

+ Individual pipeline summary: 
  * Pipeline-0: initiation interval (II) = 1, depth = 3


============================================================
+ Verbose Summary: Schedule
============================================================
* Number of FSM states : 3
* Pipeline : 1
  Pipeline-0 : II = 1, D = 3, States = { 1 2 3 }
* Dataflow Pipeline: 0

* FSM state transitions: 
1 --> 2 
2 --> 3 
3 --> 

* FSM state operations: 

State 1 <SV = 0> <Delay = 2.03>
ST_1 : Operation 4 [1/1] (0.00ns)   --->   "%wsp2_read = read i3 @_ssdm_op_Read.ap_auto.i3, i3 %wsp2" [patchMaker.cpp:23]   --->   Operation 4 'read' 'wsp2_read' <Predicate = true> <Delay = 0.00>
ST_1 : Operation 5 [1/1] (0.00ns)   --->   "%wsp1_read = read i3 @_ssdm_op_Read.ap_auto.i3, i3 %wsp1" [patchMaker.cpp:23]   --->   Operation 5 'read' 'wsp1_read' <Predicate = true> <Delay = 0.00>
ST_1 : Operation 6 [1/1] (0.00ns)   --->   "%tmp = bitconcatenate i7 @_ssdm_op_BitConcatenate.i7.i3.i4, i3 %wsp2_read, i4 0" [patchMaker.cpp:23]   --->   Operation 6 'bitconcatenate' 'tmp' <Predicate = true> <Delay = 0.00>
ST_1 : Operation 7 [1/1] (0.00ns)   --->   "%trunc_ln23 = trunc i3 %wsp2_read" [patchMaker.cpp:23]   --->   Operation 7 'trunc' 'trunc_ln23' <Predicate = true> <Delay = 0.00>
ST_1 : Operation 8 [1/1] (0.00ns)   --->   "%tmp_148_cast = bitconcatenate i8 @_ssdm_op_BitConcatenate.i8.i2.i6, i2 %trunc_ln23, i6 0" [patchMaker.cpp:23]   --->   Operation 8 'bitconcatenate' 'tmp_148_cast' <Predicate = true> <Delay = 0.00>
ST_1 : Operation 9 [1/1] (0.00ns)   --->   "%zext_ln23 = zext i7 %tmp" [patchMaker.cpp:23]   --->   Operation 9 'zext' 'zext_ln23' <Predicate = true> <Delay = 0.00>
ST_1 : Operation 10 [1/1] (0.70ns)   --->   "%sub_ln23 = sub i8 %tmp_148_cast, i8 %zext_ln23" [patchMaker.cpp:23]   --->   Operation 10 'sub' 'sub_ln23' <Predicate = true> <Delay = 0.70> <CoreInst = "Adder">   --->   Core 1 'Adder' <Latency = 0> <II = 1> <Delay = 0.73> <FuncUnit> <Opcode : 'add' 'sub'> <InPorts = 2> <OutPorts = 1>
ST_1 : Operation 11 [1/1] (0.00ns)   --->   "%or_ln23 = or i8 %sub_ln23, i8 2" [patchMaker.cpp:23]   --->   Operation 11 'or' 'or_ln23' <Predicate = true> <Delay = 0.00>
ST_1 : Operation 12 [1/1] (0.00ns)   --->   "%zext_ln23_1 = zext i8 %or_ln23" [patchMaker.cpp:23]   --->   Operation 12 'zext' 'zext_ln23_1' <Predicate = true> <Delay = 0.00>
ST_1 : Operation 13 [1/1] (0.00ns)   --->   "%patches_superpoints_30_addr = getelementptr i64 %patches_superpoints_30, i64 0, i64 %zext_ln23_1" [patchMaker.cpp:23]   --->   Operation 13 'getelementptr' 'patches_superpoints_30_addr' <Predicate = true> <Delay = 0.00>
ST_1 : Operation 14 [1/1] (0.00ns)   --->   "%or_ln23_1 = or i7 %tmp, i7 15" [patchMaker.cpp:23]   --->   Operation 14 'or' 'or_ln23_1' <Predicate = true> <Delay = 0.00>
ST_1 : Operation 15 [1/1] (0.00ns)   --->   "%tmp_150_cast = bitconcatenate i8 @_ssdm_op_BitConcatenate.i8.i1.i7, i1 0, i7 %or_ln23_1" [patchMaker.cpp:23]   --->   Operation 15 'bitconcatenate' 'tmp_150_cast' <Predicate = true> <Delay = 0.00>
ST_1 : Operation 16 [1/1] (0.00ns)   --->   "%trunc_ln23_1 = trunc i7 %or_ln23_1" [patchMaker.cpp:23]   --->   Operation 16 'trunc' 'trunc_ln23_1' <Predicate = true> <Delay = 0.00>
ST_1 : Operation 17 [1/1] (0.00ns)   --->   "%p_shl3_cast = bitconcatenate i8 @_ssdm_op_BitConcatenate.i8.i6.i2, i6 %trunc_ln23_1, i2 0" [patchMaker.cpp:23]   --->   Operation 17 'bitconcatenate' 'p_shl3_cast' <Predicate = true> <Delay = 0.00>
ST_1 : Operation 18 [1/1] (0.00ns) (grouped into TernaryAdder)   --->   "%sub_ln23_1 = sub i8 %p_shl3_cast, i8 %tmp_150_cast" [patchMaker.cpp:23]   --->   Operation 18 'sub' 'sub_ln23_1' <Predicate = true> <Delay = 0.00> <CoreInst = "TAddSub">   --->   Core 10 'TAddSub' <Latency = 0> <II = 1> <Delay = 0.41> <IPBlock> <Opcode : 'add' 'sub'> <InPorts = 3> <OutPorts = 1> <Sync>
ST_1 : Operation 19 [1/1] (0.83ns) (root node of TernaryAdder)   --->   "%add_ln23 = add i8 %sub_ln23_1, i8 2" [patchMaker.cpp:23]   --->   Operation 19 'add' 'add_ln23' <Predicate = true> <Delay = 0.83> <CoreInst = "TAddSub">   --->   Core 10 'TAddSub' <Latency = 0> <II = 1> <Delay = 0.41> <IPBlock> <Opcode : 'add' 'sub'> <InPorts = 3> <OutPorts = 1> <Sync>
ST_1 : Operation 20 [1/1] (0.00ns)   --->   "%zext_ln23_2 = zext i8 %add_ln23" [patchMaker.cpp:23]   --->   Operation 20 'zext' 'zext_ln23_2' <Predicate = true> <Delay = 0.00>
ST_1 : Operation 21 [1/1] (0.00ns)   --->   "%patches_superpoints_30_addr_4 = getelementptr i64 %patches_superpoints_30, i64 0, i64 %zext_ln23_2" [patchMaker.cpp:23]   --->   Operation 21 'getelementptr' 'patches_superpoints_30_addr_4' <Predicate = true> <Delay = 0.00>
ST_1 : Operation 22 [1/1] (0.00ns)   --->   "%tmp_s = bitconcatenate i7 @_ssdm_op_BitConcatenate.i7.i3.i4, i3 %wsp1_read, i4 0" [patchMaker.cpp:23]   --->   Operation 22 'bitconcatenate' 'tmp_s' <Predicate = true> <Delay = 0.00>
ST_1 : Operation 23 [1/1] (0.00ns)   --->   "%trunc_ln23_2 = trunc i3 %wsp1_read" [patchMaker.cpp:23]   --->   Operation 23 'trunc' 'trunc_ln23_2' <Predicate = true> <Delay = 0.00>
ST_1 : Operation 24 [1/1] (0.00ns)   --->   "%tmp_152_cast = bitconcatenate i8 @_ssdm_op_BitConcatenate.i8.i2.i6, i2 %trunc_ln23_2, i6 0" [patchMaker.cpp:23]   --->   Operation 24 'bitconcatenate' 'tmp_152_cast' <Predicate = true> <Delay = 0.00>
ST_1 : Operation 25 [1/1] (0.00ns)   --->   "%zext_ln23_3 = zext i7 %tmp_s" [patchMaker.cpp:23]   --->   Operation 25 'zext' 'zext_ln23_3' <Predicate = true> <Delay = 0.00>
ST_1 : Operation 26 [1/1] (0.70ns)   --->   "%sub_ln23_2 = sub i8 %tmp_152_cast, i8 %zext_ln23_3" [patchMaker.cpp:23]   --->   Operation 26 'sub' 'sub_ln23_2' <Predicate = true> <Delay = 0.70> <CoreInst = "Adder">   --->   Core 1 'Adder' <Latency = 0> <II = 1> <Delay = 0.73> <FuncUnit> <Opcode : 'add' 'sub'> <InPorts = 2> <OutPorts = 1>
ST_1 : Operation 27 [1/1] (0.00ns)   --->   "%or_ln23_2 = or i8 %sub_ln23_2, i8 2" [patchMaker.cpp:23]   --->   Operation 27 'or' 'or_ln23_2' <Predicate = true> <Delay = 0.00>
ST_1 : Operation 28 [1/1] (0.00ns)   --->   "%zext_ln23_4 = zext i8 %or_ln23_2" [patchMaker.cpp:23]   --->   Operation 28 'zext' 'zext_ln23_4' <Predicate = true> <Delay = 0.00>
ST_1 : Operation 29 [1/1] (0.00ns)   --->   "%patches_superpoints_31_addr = getelementptr i64 %patches_superpoints_31, i64 0, i64 %zext_ln23_4" [patchMaker.cpp:23]   --->   Operation 29 'getelementptr' 'patches_superpoints_31_addr' <Predicate = true> <Delay = 0.00>
ST_1 : Operation 30 [1/1] (0.00ns)   --->   "%or_ln23_3 = or i7 %tmp_s, i7 15" [patchMaker.cpp:23]   --->   Operation 30 'or' 'or_ln23_3' <Predicate = true> <Delay = 0.00>
ST_1 : Operation 31 [1/1] (0.00ns)   --->   "%tmp_154_cast = bitconcatenate i8 @_ssdm_op_BitConcatenate.i8.i1.i7, i1 0, i7 %or_ln23_3" [patchMaker.cpp:23]   --->   Operation 31 'bitconcatenate' 'tmp_154_cast' <Predicate = true> <Delay = 0.00>
ST_1 : Operation 32 [1/1] (0.00ns)   --->   "%trunc_ln23_3 = trunc i7 %or_ln23_3" [patchMaker.cpp:23]   --->   Operation 32 'trunc' 'trunc_ln23_3' <Predicate = true> <Delay = 0.00>
ST_1 : Operation 33 [1/1] (0.00ns)   --->   "%p_shl_cast = bitconcatenate i8 @_ssdm_op_BitConcatenate.i8.i6.i2, i6 %trunc_ln23_3, i2 0" [patchMaker.cpp:23]   --->   Operation 33 'bitconcatenate' 'p_shl_cast' <Predicate = true> <Delay = 0.00>
ST_1 : Operation 34 [1/1] (0.00ns) (grouped into TernaryAdder)   --->   "%sub_ln23_3 = sub i8 %p_shl_cast, i8 %tmp_154_cast" [patchMaker.cpp:23]   --->   Operation 34 'sub' 'sub_ln23_3' <Predicate = true> <Delay = 0.00> <CoreInst = "TAddSub">   --->   Core 10 'TAddSub' <Latency = 0> <II = 1> <Delay = 0.41> <IPBlock> <Opcode : 'add' 'sub'> <InPorts = 3> <OutPorts = 1> <Sync>
ST_1 : Operation 35 [1/1] (0.83ns) (root node of TernaryAdder)   --->   "%add_ln23_1 = add i8 %sub_ln23_3, i8 2" [patchMaker.cpp:23]   --->   Operation 35 'add' 'add_ln23_1' <Predicate = true> <Delay = 0.83> <CoreInst = "TAddSub">   --->   Core 10 'TAddSub' <Latency = 0> <II = 1> <Delay = 0.41> <IPBlock> <Opcode : 'add' 'sub'> <InPorts = 3> <OutPorts = 1> <Sync>
ST_1 : Operation 36 [1/1] (0.00ns)   --->   "%zext_ln23_5 = zext i8 %add_ln23_1" [patchMaker.cpp:23]   --->   Operation 36 'zext' 'zext_ln23_5' <Predicate = true> <Delay = 0.00>
ST_1 : Operation 37 [1/1] (0.00ns)   --->   "%patches_superpoints_31_addr_5 = getelementptr i64 %patches_superpoints_31, i64 0, i64 %zext_ln23_5" [patchMaker.cpp:23]   --->   Operation 37 'getelementptr' 'patches_superpoints_31_addr_5' <Predicate = true> <Delay = 0.00>
ST_1 : Operation 38 [2/2] (1.20ns)   --->   "%patches_superpoints_31_load = load i8 %patches_superpoints_31_addr" [patchMaker.cpp:23]   --->   Operation 38 'load' 'patches_superpoints_31_load' <Predicate = true> <Delay = 1.20> <CoreInst = "RAM">   --->   Core 83 'RAM' <Latency = 1> <II = 1> <Delay = 1.20> <Storage> <Opcode : 'load' 'store'> <Ports = 2> <Width = 64> <Depth = 240> <RAM>
ST_1 : Operation 39 [2/2] (1.20ns)   --->   "%patches_superpoints_30_load = load i8 %patches_superpoints_30_addr" [patchMaker.cpp:23]   --->   Operation 39 'load' 'patches_superpoints_30_load' <Predicate = true> <Delay = 1.20> <CoreInst = "RAM">   --->   Core 83 'RAM' <Latency = 1> <II = 1> <Delay = 1.20> <Storage> <Opcode : 'load' 'store'> <Ports = 2> <Width = 64> <Depth = 240> <RAM>
ST_1 : Operation 40 [2/2] (1.20ns)   --->   "%patches_superpoints_31_load_2 = load i8 %patches_superpoints_31_addr_5" [patchMaker.cpp:23]   --->   Operation 40 'load' 'patches_superpoints_31_load_2' <Predicate = true> <Delay = 1.20> <CoreInst = "RAM">   --->   Core 83 'RAM' <Latency = 1> <II = 1> <Delay = 1.20> <Storage> <Opcode : 'load' 'store'> <Ports = 2> <Width = 64> <Depth = 240> <RAM>
ST_1 : Operation 41 [2/2] (1.20ns)   --->   "%patches_superpoints_30_load_2 = load i8 %patches_superpoints_30_addr_4" [patchMaker.cpp:23]   --->   Operation 41 'load' 'patches_superpoints_30_load_2' <Predicate = true> <Delay = 1.20> <CoreInst = "RAM">   --->   Core 83 'RAM' <Latency = 1> <II = 1> <Delay = 1.20> <Storage> <Opcode : 'load' 'store'> <Ports = 2> <Width = 64> <Depth = 240> <RAM>

State 2 <SV = 1> <Delay = 6.99>
ST_2 : Operation 42 [1/2] (1.20ns)   --->   "%patches_superpoints_31_load = load i8 %patches_superpoints_31_addr" [patchMaker.cpp:23]   --->   Operation 42 'load' 'patches_superpoints_31_load' <Predicate = true> <Delay = 1.20> <CoreInst = "RAM">   --->   Core 83 'RAM' <Latency = 1> <II = 1> <Delay = 1.20> <Storage> <Opcode : 'load' 'store'> <Ports = 2> <Width = 64> <Depth = 240> <RAM>
ST_2 : Operation 43 [1/2] (1.20ns)   --->   "%patches_superpoints_30_load = load i8 %patches_superpoints_30_addr" [patchMaker.cpp:23]   --->   Operation 43 'load' 'patches_superpoints_30_load' <Predicate = true> <Delay = 1.20> <CoreInst = "RAM">   --->   Core 83 'RAM' <Latency = 1> <II = 1> <Delay = 1.20> <Storage> <Opcode : 'load' 'store'> <Ports = 2> <Width = 64> <Depth = 240> <RAM>
ST_2 : Operation 44 [1/1] (1.14ns)   --->   "%sub_ln23_4 = sub i64 %patches_superpoints_31_load, i64 %patches_superpoints_30_load" [patchMaker.cpp:23]   --->   Operation 44 'sub' 'sub_ln23_4' <Predicate = true> <Delay = 1.14> <CoreInst = "Adder">   --->   Core 1 'Adder' <Latency = 0> <II = 1> <Delay = 0.73> <FuncUnit> <Opcode : 'add' 'sub'> <InPorts = 2> <OutPorts = 1>
ST_2 : Operation 45 [2/2] (4.65ns)   --->   "%dc = sitodp i64 %sub_ln23_4" [C:/Xilinx/Vitis_HLS/2020.2/tps/mingw/6.2.0/win64.o/nt\lib\gcc\x86_64-w64-mingw32\6.2.0\include\c++\cmath:277]   --->   Operation 45 'sitodp' 'dc' <Predicate = true> <Delay = 4.65> <CoreInst = "Int2Double">   --->   Core 66 'Int2Double' <Latency = 1> <II = 1> <Delay = 4.65> <FuncUnit> <Opcode : 'sitodp' 'uitodp'> <InPorts = 1> <OutPorts = 1>
ST_2 : Operation 46 [1/2] (1.20ns)   --->   "%patches_superpoints_31_load_2 = load i8 %patches_superpoints_31_addr_5" [patchMaker.cpp:23]   --->   Operation 46 'load' 'patches_superpoints_31_load_2' <Predicate = true> <Delay = 1.20> <CoreInst = "RAM">   --->   Core 83 'RAM' <Latency = 1> <II = 1> <Delay = 1.20> <Storage> <Opcode : 'load' 'store'> <Ports = 2> <Width = 64> <Depth = 240> <RAM>
ST_2 : Operation 47 [1/2] (1.20ns)   --->   "%patches_superpoints_30_load_2 = load i8 %patches_superpoints_30_addr_4" [patchMaker.cpp:23]   --->   Operation 47 'load' 'patches_superpoints_30_load_2' <Predicate = true> <Delay = 1.20> <CoreInst = "RAM">   --->   Core 83 'RAM' <Latency = 1> <II = 1> <Delay = 1.20> <Storage> <Opcode : 'load' 'store'> <Ports = 2> <Width = 64> <Depth = 240> <RAM>
ST_2 : Operation 48 [1/1] (1.14ns)   --->   "%sub_ln23_5 = sub i64 %patches_superpoints_31_load_2, i64 %patches_superpoints_30_load_2" [patchMaker.cpp:23]   --->   Operation 48 'sub' 'sub_ln23_5' <Predicate = true> <Delay = 1.14> <CoreInst = "Adder">   --->   Core 1 'Adder' <Latency = 0> <II = 1> <Delay = 0.73> <FuncUnit> <Opcode : 'add' 'sub'> <InPorts = 2> <OutPorts = 1>
ST_2 : Operation 49 [2/2] (4.65ns)   --->   "%dc_13 = sitodp i64 %sub_ln23_5" [C:/Xilinx/Vitis_HLS/2020.2/tps/mingw/6.2.0/win64.o/nt\lib\gcc\x86_64-w64-mingw32\6.2.0\include\c++\cmath:277]   --->   Operation 49 'sitodp' 'dc_13' <Predicate = true> <Delay = 4.65> <CoreInst = "Int2Double">   --->   Core 66 'Int2Double' <Latency = 1> <II = 1> <Delay = 4.65> <FuncUnit> <Opcode : 'sitodp' 'uitodp'> <InPorts = 1> <OutPorts = 1>

State 3 <SV = 2> <Delay = 6.93>
ST_3 : Operation 50 [1/1] (0.00ns)   --->   "%specinterface_ln0 = specinterface void @_ssdm_op_SpecInterface, i64 %patches_superpoints_30, void @empty_1, i32 0, i32 0, void @empty_0, i32 4294967295, i32 0, void @empty_0, void @empty_0, void @empty_0, i32 0, i32 0, i32 0, i32 0, void @empty_0, void @empty_0"   --->   Operation 50 'specinterface' 'specinterface_ln0' <Predicate = true> <Delay = 0.00>
ST_3 : Operation 51 [1/1] (0.00ns)   --->   "%specinterface_ln0 = specinterface void @_ssdm_op_SpecInterface, i64 %patches_superpoints_31, void @empty_1, i32 0, i32 0, void @empty_0, i32 4294967295, i32 0, void @empty_0, void @empty_0, void @empty_0, i32 0, i32 0, i32 0, i32 0, void @empty_0, void @empty_0"   --->   Operation 51 'specinterface' 'specinterface_ln0' <Predicate = true> <Delay = 0.00>
ST_3 : Operation 52 [1/2] (4.65ns)   --->   "%dc = sitodp i64 %sub_ln23_4" [C:/Xilinx/Vitis_HLS/2020.2/tps/mingw/6.2.0/win64.o/nt\lib\gcc\x86_64-w64-mingw32\6.2.0\include\c++\cmath:277]   --->   Operation 52 'sitodp' 'dc' <Predicate = true> <Delay = 4.65> <CoreInst = "Int2Double">   --->   Core 66 'Int2Double' <Latency = 1> <II = 1> <Delay = 4.65> <FuncUnit> <Opcode : 'sitodp' 'uitodp'> <InPorts = 1> <OutPorts = 1>
ST_3 : Operation 53 [1/1] (0.00ns)   --->   "%data_V = bitcast i64 %dc" [r:/ci/prod/2020.2/rdi_builds/continuous/2020_11_18_3064766/src/shared/hls/clib/src/hls\utils/x_hls_utils.h:483]   --->   Operation 53 'bitcast' 'data_V' <Predicate = true> <Delay = 0.00>
ST_3 : Operation 54 [1/1] (0.00ns)   --->   "%tmp_194 = partselect i11 @_ssdm_op_PartSelect.i11.i64.i32.i32, i64 %data_V, i32 52, i32 62"   --->   Operation 54 'partselect' 'tmp_194' <Predicate = true> <Delay = 0.00>
ST_3 : Operation 55 [1/1] (0.00ns)   --->   "%tmp_195 = trunc i64 %data_V"   --->   Operation 55 'trunc' 'tmp_195' <Predicate = true> <Delay = 0.00>
ST_3 : Operation 56 [1/1] (0.00ns)   --->   "%mantissa = bitconcatenate i54 @_ssdm_op_BitConcatenate.i54.i1.i52.i1, i1 1, i52 %tmp_195, i1 0"   --->   Operation 56 'bitconcatenate' 'mantissa' <Predicate = true> <Delay = 0.00>
ST_3 : Operation 57 [1/1] (0.00ns)   --->   "%zext_ln15 = zext i54 %mantissa" [r:/ci/prod/2020.2/rdi_builds/continuous/2020_11_18_3064766/src/shared/hls/clib/hlsmath/include/FloatingPoint\hls_case_IEEE754.h:15]   --->   Operation 57 'zext' 'zext_ln15' <Predicate = true> <Delay = 0.00>
ST_3 : Operation 58 [1/1] (0.00ns)   --->   "%zext_ln510 = zext i11 %tmp_194" [r:/ci/prod/2020.2/rdi_builds/continuous/2020_11_18_3064766/src/shared/hls/clib/src/hls\utils/x_hls_utils.h:510]   --->   Operation 58 'zext' 'zext_ln510' <Predicate = true> <Delay = 0.00>
ST_3 : Operation 59 [1/1] (0.73ns)   --->   "%add_ln510 = add i12 %zext_ln510, i12 3073" [r:/ci/prod/2020.2/rdi_builds/continuous/2020_11_18_3064766/src/shared/hls/clib/src/hls\utils/x_hls_utils.h:510]   --->   Operation 59 'add' 'add_ln510' <Predicate = true> <Delay = 0.73> <CoreInst = "Adder">   --->   Core 1 'Adder' <Latency = 0> <II = 1> <Delay = 0.73> <FuncUnit> <Opcode : 'add' 'sub'> <InPorts = 2> <OutPorts = 1>
ST_3 : Operation 60 [1/1] (0.00ns)   --->   "%isNeg = bitselect i1 @_ssdm_op_BitSelect.i1.i12.i32, i12 %add_ln510, i32 11"   --->   Operation 60 'bitselect' 'isNeg' <Predicate = true> <Delay = 0.00>
ST_3 : Operation 61 [1/1] (0.73ns)   --->   "%sub_ln1311 = sub i11 1023, i11 %tmp_194"   --->   Operation 61 'sub' 'sub_ln1311' <Predicate = true> <Delay = 0.73> <CoreInst = "Adder">   --->   Core 1 'Adder' <Latency = 0> <II = 1> <Delay = 0.73> <FuncUnit> <Opcode : 'add' 'sub'> <InPorts = 2> <OutPorts = 1>
ST_3 : Operation 62 [1/1] (0.00ns)   --->   "%sext_ln1311 = sext i11 %sub_ln1311"   --->   Operation 62 'sext' 'sext_ln1311' <Predicate = true> <Delay = 0.00>
ST_3 : Operation 63 [1/1] (0.29ns)   --->   "%ush = select i1 %isNeg, i12 %sext_ln1311, i12 %add_ln510"   --->   Operation 63 'select' 'ush' <Predicate = true> <Delay = 0.29> <CoreInst = "Sel">   --->   Core 73 'Sel' <Latency = 0> <II = 1> <Delay = 0.41> <FuncUnit> <Opcode : 'select'> <InPorts = 3> <OutPorts = 1>
ST_3 : Operation 64 [1/1] (0.00ns)   --->   "%sh_prom_i_i_i_i_i_cast_cast_cast = sext i12 %ush"   --->   Operation 64 'sext' 'sh_prom_i_i_i_i_i_cast_cast_cast' <Predicate = true> <Delay = 0.00>
ST_3 : Operation 65 [1/1] (0.00ns)   --->   "%sh_prom_i_i_i_i_i_cast_cast_cast_cast = zext i32 %sh_prom_i_i_i_i_i_cast_cast_cast"   --->   Operation 65 'zext' 'sh_prom_i_i_i_i_i_cast_cast_cast_cast' <Predicate = true> <Delay = 0.00>
ST_3 : Operation 66 [1/1] (0.00ns) (grouped into LUT with out node icmp_ln23)   --->   "%r_V = lshr i169 %zext_ln15, i169 %sh_prom_i_i_i_i_i_cast_cast_cast_cast"   --->   Operation 66 'lshr' 'r_V' <Predicate = true> <Delay = 0.00> <CoreInst = "Shifter">   --->   Core 75 'Shifter' <Latency = 0> <II = 1> <Delay = 1.12> <FuncUnit> <Opcode : 'shl' 'lshr' 'ashr'> <InPorts = 2> <OutPorts = 1>
ST_3 : Operation 67 [1/1] (0.00ns) (grouped into LUT with out node icmp_ln23)   --->   "%r_V_16 = shl i169 %zext_ln15, i169 %sh_prom_i_i_i_i_i_cast_cast_cast_cast"   --->   Operation 67 'shl' 'r_V_16' <Predicate = true> <Delay = 0.00> <CoreInst = "Shifter">   --->   Core 75 'Shifter' <Latency = 0> <II = 1> <Delay = 1.12> <FuncUnit> <Opcode : 'shl' 'lshr' 'ashr'> <InPorts = 2> <OutPorts = 1>
ST_3 : Operation 68 [1/1] (0.00ns) (grouped into LUT with out node icmp_ln23)   --->   "%tmp_189 = bitselect i1 @_ssdm_op_BitSelect.i1.i169.i32, i169 %r_V, i32 53"   --->   Operation 68 'bitselect' 'tmp_189' <Predicate = true> <Delay = 0.00>
ST_3 : Operation 69 [1/1] (0.00ns) (grouped into LUT with out node icmp_ln23)   --->   "%zext_ln662 = zext i1 %tmp_189"   --->   Operation 69 'zext' 'zext_ln662' <Predicate = true> <Delay = 0.00>
ST_3 : Operation 70 [1/1] (0.00ns) (grouped into LUT with out node icmp_ln23)   --->   "%tmp_131 = partselect i64 @_ssdm_op_PartSelect.i64.i169.i32.i32, i169 %r_V_16, i32 53, i32 116"   --->   Operation 70 'partselect' 'tmp_131' <Predicate = true> <Delay = 0.00>
ST_3 : Operation 71 [1/1] (0.00ns) (grouped into LUT with out node icmp_ln23)   --->   "%val = select i1 %isNeg, i64 %zext_ln662, i64 %tmp_131"   --->   Operation 71 'select' 'val' <Predicate = true> <Delay = 0.00> <CoreInst = "Sel">   --->   Core 73 'Sel' <Latency = 0> <II = 1> <Delay = 0.41> <FuncUnit> <Opcode : 'select'> <InPorts = 3> <OutPorts = 1>
ST_3 : Operation 72 [1/1] (1.12ns) (out node of the LUT)   --->   "%icmp_ln23 = icmp_slt  i64 %val, i64 100" [patchMaker.cpp:23]   --->   Operation 72 'icmp' 'icmp_ln23' <Predicate = true> <Delay = 1.12> <CoreInst = "Cmp">   --->   Core 9 'Cmp' <Latency = 0> <II = 1> <Delay = 1.06> <FuncUnit> <Opcode : 'icmp'> <InPorts = 2> <OutPorts = 1>
ST_3 : Operation 73 [1/2] (4.65ns)   --->   "%dc_13 = sitodp i64 %sub_ln23_5" [C:/Xilinx/Vitis_HLS/2020.2/tps/mingw/6.2.0/win64.o/nt\lib\gcc\x86_64-w64-mingw32\6.2.0\include\c++\cmath:277]   --->   Operation 73 'sitodp' 'dc_13' <Predicate = true> <Delay = 4.65> <CoreInst = "Int2Double">   --->   Core 66 'Int2Double' <Latency = 1> <II = 1> <Delay = 4.65> <FuncUnit> <Opcode : 'sitodp' 'uitodp'> <InPorts = 1> <OutPorts = 1>
ST_3 : Operation 74 [1/1] (0.00ns)   --->   "%data_V_14 = bitcast i64 %dc_13" [r:/ci/prod/2020.2/rdi_builds/continuous/2020_11_18_3064766/src/shared/hls/clib/src/hls\utils/x_hls_utils.h:483]   --->   Operation 74 'bitcast' 'data_V_14' <Predicate = true> <Delay = 0.00>
ST_3 : Operation 75 [1/1] (0.00ns)   --->   "%tmp_196 = partselect i11 @_ssdm_op_PartSelect.i11.i64.i32.i32, i64 %data_V_14, i32 52, i32 62"   --->   Operation 75 'partselect' 'tmp_196' <Predicate = true> <Delay = 0.00>
ST_3 : Operation 76 [1/1] (0.00ns)   --->   "%tmp_197 = trunc i64 %data_V_14"   --->   Operation 76 'trunc' 'tmp_197' <Predicate = true> <Delay = 0.00>
ST_3 : Operation 77 [1/1] (0.00ns)   --->   "%mantissa_6 = bitconcatenate i54 @_ssdm_op_BitConcatenate.i54.i1.i52.i1, i1 1, i52 %tmp_197, i1 0"   --->   Operation 77 'bitconcatenate' 'mantissa_6' <Predicate = true> <Delay = 0.00>
ST_3 : Operation 78 [1/1] (0.00ns)   --->   "%zext_ln15_6 = zext i54 %mantissa_6" [r:/ci/prod/2020.2/rdi_builds/continuous/2020_11_18_3064766/src/shared/hls/clib/hlsmath/include/FloatingPoint\hls_case_IEEE754.h:15]   --->   Operation 78 'zext' 'zext_ln15_6' <Predicate = true> <Delay = 0.00>
ST_3 : Operation 79 [1/1] (0.00ns)   --->   "%zext_ln510_2 = zext i11 %tmp_196" [r:/ci/prod/2020.2/rdi_builds/continuous/2020_11_18_3064766/src/shared/hls/clib/src/hls\utils/x_hls_utils.h:510]   --->   Operation 79 'zext' 'zext_ln510_2' <Predicate = true> <Delay = 0.00>
ST_3 : Operation 80 [1/1] (0.73ns)   --->   "%add_ln510_2 = add i12 %zext_ln510_2, i12 3073" [r:/ci/prod/2020.2/rdi_builds/continuous/2020_11_18_3064766/src/shared/hls/clib/src/hls\utils/x_hls_utils.h:510]   --->   Operation 80 'add' 'add_ln510_2' <Predicate = true> <Delay = 0.73> <CoreInst = "Adder">   --->   Core 1 'Adder' <Latency = 0> <II = 1> <Delay = 0.73> <FuncUnit> <Opcode : 'add' 'sub'> <InPorts = 2> <OutPorts = 1>
ST_3 : Operation 81 [1/1] (0.00ns)   --->   "%isNeg_6 = bitselect i1 @_ssdm_op_BitSelect.i1.i12.i32, i12 %add_ln510_2, i32 11"   --->   Operation 81 'bitselect' 'isNeg_6' <Predicate = true> <Delay = 0.00>
ST_3 : Operation 82 [1/1] (0.73ns)   --->   "%sub_ln1311_5 = sub i11 1023, i11 %tmp_196"   --->   Operation 82 'sub' 'sub_ln1311_5' <Predicate = true> <Delay = 0.73> <CoreInst = "Adder">   --->   Core 1 'Adder' <Latency = 0> <II = 1> <Delay = 0.73> <FuncUnit> <Opcode : 'add' 'sub'> <InPorts = 2> <OutPorts = 1>
ST_3 : Operation 83 [1/1] (0.00ns)   --->   "%sext_ln1311_6 = sext i11 %sub_ln1311_5"   --->   Operation 83 'sext' 'sext_ln1311_6' <Predicate = true> <Delay = 0.00>
ST_3 : Operation 84 [1/1] (0.29ns)   --->   "%ush_6 = select i1 %isNeg_6, i12 %sext_ln1311_6, i12 %add_ln510_2"   --->   Operation 84 'select' 'ush_6' <Predicate = true> <Delay = 0.29> <CoreInst = "Sel">   --->   Core 73 'Sel' <Latency = 0> <II = 1> <Delay = 0.41> <FuncUnit> <Opcode : 'select'> <InPorts = 3> <OutPorts = 1>
ST_3 : Operation 85 [1/1] (0.00ns)   --->   "%sh_prom_i_i_i_i_i59_cast_cast_cast = sext i12 %ush_6"   --->   Operation 85 'sext' 'sh_prom_i_i_i_i_i59_cast_cast_cast' <Predicate = true> <Delay = 0.00>
ST_3 : Operation 86 [1/1] (0.00ns)   --->   "%sh_prom_i_i_i_i_i59_cast_cast_cast_cast = zext i32 %sh_prom_i_i_i_i_i59_cast_cast_cast"   --->   Operation 86 'zext' 'sh_prom_i_i_i_i_i59_cast_cast_cast_cast' <Predicate = true> <Delay = 0.00>
ST_3 : Operation 87 [1/1] (0.00ns) (grouped into LUT with out node icmp_ln23_1)   --->   "%r_V_17 = lshr i169 %zext_ln15_6, i169 %sh_prom_i_i_i_i_i59_cast_cast_cast_cast"   --->   Operation 87 'lshr' 'r_V_17' <Predicate = true> <Delay = 0.00> <CoreInst = "Shifter">   --->   Core 75 'Shifter' <Latency = 0> <II = 1> <Delay = 1.12> <FuncUnit> <Opcode : 'shl' 'lshr' 'ashr'> <InPorts = 2> <OutPorts = 1>
ST_3 : Operation 88 [1/1] (0.00ns) (grouped into LUT with out node icmp_ln23_1)   --->   "%r_V_18 = shl i169 %zext_ln15_6, i169 %sh_prom_i_i_i_i_i59_cast_cast_cast_cast"   --->   Operation 88 'shl' 'r_V_18' <Predicate = true> <Delay = 0.00> <CoreInst = "Shifter">   --->   Core 75 'Shifter' <Latency = 0> <II = 1> <Delay = 1.12> <FuncUnit> <Opcode : 'shl' 'lshr' 'ashr'> <InPorts = 2> <OutPorts = 1>
ST_3 : Operation 89 [1/1] (0.00ns) (grouped into LUT with out node icmp_ln23_1)   --->   "%tmp_193 = bitselect i1 @_ssdm_op_BitSelect.i1.i169.i32, i169 %r_V_17, i32 53"   --->   Operation 89 'bitselect' 'tmp_193' <Predicate = true> <Delay = 0.00>
ST_3 : Operation 90 [1/1] (0.00ns) (grouped into LUT with out node icmp_ln23_1)   --->   "%zext_ln662_6 = zext i1 %tmp_193"   --->   Operation 90 'zext' 'zext_ln662_6' <Predicate = true> <Delay = 0.00>
ST_3 : Operation 91 [1/1] (0.00ns) (grouped into LUT with out node icmp_ln23_1)   --->   "%tmp_133 = partselect i64 @_ssdm_op_PartSelect.i64.i169.i32.i32, i169 %r_V_18, i32 53, i32 116"   --->   Operation 91 'partselect' 'tmp_133' <Predicate = true> <Delay = 0.00>
ST_3 : Operation 92 [1/1] (0.00ns) (grouped into LUT with out node icmp_ln23_1)   --->   "%val_6 = select i1 %isNeg_6, i64 %zext_ln662_6, i64 %tmp_133"   --->   Operation 92 'select' 'val_6' <Predicate = true> <Delay = 0.00> <CoreInst = "Sel">   --->   Core 73 'Sel' <Latency = 0> <II = 1> <Delay = 0.41> <FuncUnit> <Opcode : 'select'> <InPorts = 3> <OutPorts = 1>
ST_3 : Operation 93 [1/1] (1.12ns) (out node of the LUT)   --->   "%icmp_ln23_1 = icmp_slt  i64 %val_6, i64 100" [patchMaker.cpp:23]   --->   Operation 93 'icmp' 'icmp_ln23_1' <Predicate = true> <Delay = 1.12> <CoreInst = "Cmp">   --->   Core 9 'Cmp' <Latency = 0> <II = 1> <Delay = 1.06> <FuncUnit> <Opcode : 'icmp'> <InPorts = 2> <OutPorts = 1>
ST_3 : Operation 94 [1/1] (0.12ns)   --->   "%and_ln23 = and i1 %icmp_ln23, i1 %icmp_ln23_1" [patchMaker.cpp:23]   --->   Operation 94 'and' 'and_ln23' <Predicate = true> <Delay = 0.12> <CoreInst = "LogicGate">   --->   Core 74 'LogicGate' <Latency = 0> <II = 1> <Delay = 0.12> <FuncUnit> <Opcode : 'and' 'or' 'xor'> <InPorts = 2> <OutPorts = 1>
ST_3 : Operation 95 [1/1] (0.00ns)   --->   "%ret_ln23 = ret i1 %and_ln23" [patchMaker.cpp:23]   --->   Operation 95 'ret' 'ret_ln23' <Predicate = true> <Delay = 0.00>


============================================================
+ Verbose Summary: Timing violations
============================================================
Target clock period: 10ns, clock uncertainty: 2.7ns.

 <State 1>: 2.04ns
The critical path consists of the following:
	wire read on port 'wsp1' (patchMaker.cpp:23) [6]  (0 ns)
	'or' operation ('or_ln23_3', patchMaker.cpp:23) [31]  (0 ns)
	'sub' operation ('sub_ln23_3', patchMaker.cpp:23) [35]  (0 ns)
	'add' operation ('add_ln23_1', patchMaker.cpp:23) [36]  (0.838 ns)
	'getelementptr' operation ('patches_superpoints_31_addr_5', patchMaker.cpp:23) [38]  (0 ns)
	'load' operation ('patches_superpoints_31_load_2', patchMaker.cpp:23) on array 'patches_superpoints_31' [65]  (1.2 ns)

 <State 2>: 7ns
The critical path consists of the following:
	'load' operation ('patches_superpoints_31_load', patchMaker.cpp:23) on array 'patches_superpoints_31' [41]  (1.2 ns)
	'sub' operation ('__x', patchMaker.cpp:23) [43]  (1.15 ns)
	'sitodp' operation ('x', C:/Xilinx/Vitis_HLS/2020.2/tps/mingw/6.2.0/win64.o/nt\lib\gcc\x86_64-w64-mingw32\6.2.0\include\c++\cmath:277) [44]  (4.65 ns)

 <State 3>: 6.93ns
The critical path consists of the following:
	'sitodp' operation ('x', C:/Xilinx/Vitis_HLS/2020.2/tps/mingw/6.2.0/win64.o/nt\lib\gcc\x86_64-w64-mingw32\6.2.0\include\c++\cmath:277) [44]  (4.65 ns)
	'add' operation ('sh', r:/ci/prod/2020.2/rdi_builds/continuous/2020_11_18_3064766/src/shared/hls/clib/src/hls\utils/x_hls_utils.h:510) [51]  (0.735 ns)
	'select' operation ('ush') [55]  (0.299 ns)
	'shl' operation ('r.V') [59]  (0 ns)
	'select' operation ('val') [63]  (0 ns)
	'icmp' operation ('icmp_ln23', patchMaker.cpp:23) [64]  (1.13 ns)
	'and' operation ('and_ln23', patchMaker.cpp:23) [89]  (0.122 ns)


============================================================
+ Verbose Summary: Binding
============================================================
N/A
* FSMD analyzer results:
  - Output states:
 - Input state : 
  - Chain level:
	State 1
	State 2
	State 3


============================================================
+ Verbose Summary: Datapath Resource usage 
============================================================
N/A
