

================================================================
== Vitis HLS Report for 'getShadows'
================================================================
* Date:           Thu Jul 11 15:45:18 2024

* Version:        2020.2 (Build 3064766 on Wed Nov 18 09:12:45 MST 2020)
* Project:        PatchMaker_tanishGit
* Solution:       solution1 (Vivado IP Flow Target)
* Product family: virtexuplus
* Target device:  xcvu19p-fsvb3824-2-e


================================================================
== Performance Estimates
================================================================
+ Timing: 
    * Summary: 
    +--------+----------+----------+------------+
    |  Clock |  Target  | Estimated| Uncertainty|
    +--------+----------+----------+------------+
    |ap_clk  |  10.00 ns|  7.300 ns|     2.70 ns|
    +--------+----------+----------+------------+

+ Latency: 
    * Summary: 
    +---------+---------+----------+----------+-----+-----+---------+
    |  Latency (cycles) |  Latency (absolute) |  Interval | Pipeline|
    |   min   |   max   |    min   |    max   | min | max |   Type  |
    +---------+---------+----------+----------+-----+-----+---------+
    |        ?|        ?|         ?|         ?|    ?|    ?|     none|
    +---------+---------+----------+----------+-----+-----+---------+

    + Detail: 
        * Instance: 
        N/A

        * Loop: 
        +---------------------+---------+---------+----------+-----------+-----------+------+----------+
        |                     |  Latency (cycles) | Iteration|  Initiation Interval  | Trip |          |
        |      Loop Name      |   min   |   max   |  Latency |  achieved |   target  | Count| Pipelined|
        +---------------------+---------+---------+----------+-----------+-----------+------+----------+
        |- getShadows_loop    |        ?|        ?|        13|          1|          1|     ?|       yes|
        |- GSmaxFinding_loop  |        ?|        ?|         2|          2|          1|     ?|       yes|
        +---------------------+---------+---------+----------+-----------+-----------+------+----------+

============================================================
+ Verbose Summary: Synthesis Manager
============================================================
InlineROM: 1
ExposeGlobal: 0
============================================================
+ Verbose Summary: CDFG Model
============================================================
IsTopModel: 0
ResetActiveHigh: 1
IsCombinational: 0
IsDatapathOnly: 0
HasWiredReturn: 1
HasMFsm: 0
HasVarLatency: 1
IsPipeline: 0
IsRtlPipelined: 0
IsInstanceOverlapped: 0
IsDontTouch: 0
HasImplIP: 0
IsGatedGlobalClock: 0

+ Individual pipeline summary: 
  * Pipeline-0: initiation interval (II) = 1, depth = 13
  * Pipeline-1: initiation interval (II) = 2, depth = 2


============================================================
+ Verbose Summary: Schedule
============================================================
* Number of FSM states : 20
* Pipeline : 2
  Pipeline-0 : II = 1, D = 13, States = { 3 4 5 6 7 8 9 10 11 12 13 14 15 }
  Pipeline-1 : II = 2, D = 2, States = { 18 19 }
* Dataflow Pipeline: 0

* FSM state transitions: 
1 --> 2 
2 --> 3 
3 --> 4 
4 --> 5 
5 --> 6 
6 --> 7 
7 --> 8 
8 --> 9 
9 --> 10 
10 --> 11 
11 --> 12 
12 --> 13 
13 --> 14 
14 --> 15 
15 --> 16 3 
16 --> 17 
17 --> 18 
18 --> 20 19 
19 --> 18 
20 --> 

* FSM state operations: 

State 1 <SV = 0> <Delay = 1.92>
ST_1 : Operation 21 [1/1] (0.00ns)   --->   "%topL_jL_3_1 = alloca i32 1"   --->   Operation 21 'alloca' 'topL_jL_3_1' <Predicate = true> <Delay = 0.00>
ST_1 : Operation 22 [1/1] (0.00ns)   --->   "%topL_jR_3 = alloca i32 1"   --->   Operation 22 'alloca' 'topL_jR_3' <Predicate = true> <Delay = 0.00>
ST_1 : Operation 23 [1/1] (0.00ns)   --->   "%topR_jL_3 = alloca i32 1"   --->   Operation 23 'alloca' 'topR_jL_3' <Predicate = true> <Delay = 0.00>
ST_1 : Operation 24 [1/1] (0.00ns)   --->   "%topR_jR_3 = alloca i32 1"   --->   Operation 24 'alloca' 'topR_jR_3' <Predicate = true> <Delay = 0.00>
ST_1 : Operation 25 [1/1] (0.00ns)   --->   "%topL_jL_3_2 = alloca i32 1"   --->   Operation 25 'alloca' 'topL_jL_3_2' <Predicate = true> <Delay = 0.00>
ST_1 : Operation 26 [1/1] (0.00ns)   --->   "%topL_jL_3_4 = alloca i32 1"   --->   Operation 26 'alloca' 'topL_jL_3_4' <Predicate = true> <Delay = 0.00>
ST_1 : Operation 27 [1/1] (0.00ns)   --->   "%topL_jL_3_5 = alloca i32 1"   --->   Operation 27 'alloca' 'topL_jL_3_5' <Predicate = true> <Delay = 0.00>
ST_1 : Operation 28 [1/1] (0.00ns)   --->   "%topL_jR_3_1 = alloca i32 1"   --->   Operation 28 'alloca' 'topL_jR_3_1' <Predicate = true> <Delay = 0.00>
ST_1 : Operation 29 [1/1] (0.00ns)   --->   "%topL_jR_3_2 = alloca i32 1"   --->   Operation 29 'alloca' 'topL_jR_3_2' <Predicate = true> <Delay = 0.00>
ST_1 : Operation 30 [1/1] (0.00ns)   --->   "%topL_jR_3_3 = alloca i32 1"   --->   Operation 30 'alloca' 'topL_jR_3_3' <Predicate = true> <Delay = 0.00>
ST_1 : Operation 31 [1/1] (0.00ns)   --->   "%topR_jL_3_1 = alloca i32 1"   --->   Operation 31 'alloca' 'topR_jL_3_1' <Predicate = true> <Delay = 0.00>
ST_1 : Operation 32 [1/1] (0.00ns)   --->   "%topR_jL_3_2 = alloca i32 1"   --->   Operation 32 'alloca' 'topR_jL_3_2' <Predicate = true> <Delay = 0.00>
ST_1 : Operation 33 [1/1] (0.00ns)   --->   "%topR_jL_3_3 = alloca i32 1"   --->   Operation 33 'alloca' 'topR_jL_3_3' <Predicate = true> <Delay = 0.00>
ST_1 : Operation 34 [1/1] (0.00ns)   --->   "%topR_jR_3_1 = alloca i32 1"   --->   Operation 34 'alloca' 'topR_jR_3_1' <Predicate = true> <Delay = 0.00>
ST_1 : Operation 35 [1/1] (0.00ns)   --->   "%topR_jR_3_2 = alloca i32 1"   --->   Operation 35 'alloca' 'topR_jR_3_2' <Predicate = true> <Delay = 0.00>
ST_1 : Operation 36 [1/1] (0.00ns)   --->   "%topR_jR_3_3 = alloca i32 1"   --->   Operation 36 'alloca' 'topR_jR_3_3' <Predicate = true> <Delay = 0.00>
ST_1 : Operation 37 [1/1] (0.00ns)   --->   "%wp_parameters_4_read = read i5 @_ssdm_op_Read.ap_auto.i5, i5 %wp_parameters_4"   --->   Operation 37 'read' 'wp_parameters_4_read' <Predicate = true> <Delay = 0.00>
ST_1 : Operation 38 [1/1] (0.00ns)   --->   "%tmp = bitconcatenate i7 @_ssdm_op_BitConcatenate.i7.i5.i2, i5 %wp_parameters_4_read, i2 0"   --->   Operation 38 'bitconcatenate' 'tmp' <Predicate = true> <Delay = 0.00>
ST_1 : Operation 39 [1/1] (0.00ns)   --->   "%empty = or i7 %tmp, i7 1"   --->   Operation 39 'or' 'empty' <Predicate = true> <Delay = 0.00>
ST_1 : Operation 40 [1/1] (0.00ns)   --->   "%p_shl8_cast = bitconcatenate i10 @_ssdm_op_BitConcatenate.i10.i7.i3, i7 %empty, i3 0"   --->   Operation 40 'bitconcatenate' 'p_shl8_cast' <Predicate = true> <Delay = 0.00>
ST_1 : Operation 41 [1/1] (0.00ns)   --->   "%p_shl9_cast = bitconcatenate i10 @_ssdm_op_BitConcatenate.i10.i2.i7.i1, i2 0, i7 %empty, i1 0"   --->   Operation 41 'bitconcatenate' 'p_shl9_cast' <Predicate = true> <Delay = 0.00>
ST_1 : Operation 42 [1/1] (0.72ns)   --->   "%empty_107 = sub i10 %p_shl8_cast, i10 %p_shl9_cast"   --->   Operation 42 'sub' 'empty_107' <Predicate = true> <Delay = 0.72> <CoreInst = "Adder">   --->   Core 1 'Adder' <Latency = 0> <II = 1> <Delay = 0.88> <FuncUnit> <Opcode : 'add' 'sub'> <InPorts = 2> <OutPorts = 1>
ST_1 : Operation 43 [1/1] (0.00ns)   --->   "%p_cast = zext i10 %empty_107"   --->   Operation 43 'zext' 'p_cast' <Predicate = true> <Delay = 0.00>
ST_1 : Operation 44 [1/1] (0.00ns)   --->   "%patches_parameters_4_addr = getelementptr i64 %patches_parameters_4, i64 0, i64 %p_cast"   --->   Operation 44 'getelementptr' 'patches_parameters_4_addr' <Predicate = true> <Delay = 0.00>
ST_1 : Operation 45 [2/2] (1.20ns)   --->   "%patches_parameters_4_load = load i10 %patches_parameters_4_addr"   --->   Operation 45 'load' 'patches_parameters_4_load' <Predicate = true> <Delay = 1.20> <CoreInst = "RAM">   --->   Core 83 'RAM' <Latency = 1> <II = 1> <Delay = 1.20> <Storage> <Opcode : 'load' 'store'> <Ports = 2> <Width = 64> <Depth = 768> <RAM>

State 2 <SV = 1> <Delay = 2.08>
ST_2 : Operation 46 [1/1] (0.00ns)   --->   "%zTopMax_read = read i64 @_ssdm_op_Read.ap_auto.i64, i64 %zTopMax"   --->   Operation 46 'read' 'zTopMax_read' <Predicate = true> <Delay = 0.00>
ST_2 : Operation 47 [1/1] (0.00ns)   --->   "%zTopMin_read = read i64 @_ssdm_op_Read.ap_auto.i64, i64 %zTopMin"   --->   Operation 47 'read' 'zTopMin_read' <Predicate = true> <Delay = 0.00>
ST_2 : Operation 48 [1/1] (0.00ns)   --->   "%wp_parameters_1_read = read i5 @_ssdm_op_Read.ap_auto.i5, i5 %wp_parameters_1"   --->   Operation 48 'read' 'wp_parameters_1_read' <Predicate = true> <Delay = 0.00>
ST_2 : Operation 49 [1/1] (0.00ns)   --->   "%tmp_s = bitconcatenate i7 @_ssdm_op_BitConcatenate.i7.i5.i2, i5 %wp_parameters_1_read, i2 0" [patchMaker.cpp:183]   --->   Operation 49 'bitconcatenate' 'tmp_s' <Predicate = true> <Delay = 0.00>
ST_2 : Operation 50 [1/1] (0.00ns)   --->   "%tmp_132 = bitconcatenate i10 @_ssdm_op_BitConcatenate.i10.i5.i5, i5 %wp_parameters_1_read, i5 0" [patchMaker.cpp:183]   --->   Operation 50 'bitconcatenate' 'tmp_132' <Predicate = true> <Delay = 0.00>
ST_2 : Operation 51 [1/1] (0.00ns)   --->   "%tmp_133 = bitconcatenate i8 @_ssdm_op_BitConcatenate.i8.i5.i3, i5 %wp_parameters_1_read, i3 0" [patchMaker.cpp:183]   --->   Operation 51 'bitconcatenate' 'tmp_133' <Predicate = true> <Delay = 0.00>
ST_2 : Operation 52 [1/1] (0.00ns)   --->   "%zext_ln183 = zext i8 %tmp_133" [patchMaker.cpp:183]   --->   Operation 52 'zext' 'zext_ln183' <Predicate = true> <Delay = 0.00>
ST_2 : Operation 53 [1/1] (0.72ns)   --->   "%sub_ln183 = sub i10 %tmp_132, i10 %zext_ln183" [patchMaker.cpp:183]   --->   Operation 53 'sub' 'sub_ln183' <Predicate = true> <Delay = 0.72> <CoreInst = "Adder">   --->   Core 1 'Adder' <Latency = 0> <II = 1> <Delay = 0.88> <FuncUnit> <Opcode : 'add' 'sub'> <InPorts = 2> <OutPorts = 1>
ST_2 : Operation 54 [1/1] (0.00ns)   --->   "%zext_ln183_1 = zext i10 %sub_ln183" [patchMaker.cpp:183]   --->   Operation 54 'zext' 'zext_ln183_1' <Predicate = true> <Delay = 0.00>
ST_2 : Operation 55 [1/1] (0.00ns)   --->   "%patches_parameters_1_addr = getelementptr i64 %patches_parameters_1, i64 0, i64 %zext_ln183_1" [patchMaker.cpp:183]   --->   Operation 55 'getelementptr' 'patches_parameters_1_addr' <Predicate = true> <Delay = 0.00>
ST_2 : Operation 56 [1/1] (0.00ns)   --->   "%or_ln184 = or i7 %tmp_s, i7 1" [patchMaker.cpp:184]   --->   Operation 56 'or' 'or_ln184' <Predicate = true> <Delay = 0.00>
ST_2 : Operation 57 [1/1] (0.00ns)   --->   "%p_shl4_cast = bitconcatenate i10 @_ssdm_op_BitConcatenate.i10.i7.i3, i7 %or_ln184, i3 0" [patchMaker.cpp:184]   --->   Operation 57 'bitconcatenate' 'p_shl4_cast' <Predicate = true> <Delay = 0.00>
ST_2 : Operation 58 [1/1] (0.00ns)   --->   "%p_shl5_cast = bitconcatenate i10 @_ssdm_op_BitConcatenate.i10.i2.i7.i1, i2 0, i7 %or_ln184, i1 0" [patchMaker.cpp:184]   --->   Operation 58 'bitconcatenate' 'p_shl5_cast' <Predicate = true> <Delay = 0.00>
ST_2 : Operation 59 [1/1] (0.72ns)   --->   "%sub_ln184 = sub i10 %p_shl4_cast, i10 %p_shl5_cast" [patchMaker.cpp:184]   --->   Operation 59 'sub' 'sub_ln184' <Predicate = true> <Delay = 0.72> <CoreInst = "Adder">   --->   Core 1 'Adder' <Latency = 0> <II = 1> <Delay = 0.88> <FuncUnit> <Opcode : 'add' 'sub'> <InPorts = 2> <OutPorts = 1>
ST_2 : Operation 60 [1/1] (0.00ns)   --->   "%zext_ln184 = zext i10 %sub_ln184" [patchMaker.cpp:184]   --->   Operation 60 'zext' 'zext_ln184' <Predicate = true> <Delay = 0.00>
ST_2 : Operation 61 [1/1] (0.00ns)   --->   "%patches_parameters_1_addr_12 = getelementptr i64 %patches_parameters_1, i64 0, i64 %zext_ln184" [patchMaker.cpp:184]   --->   Operation 61 'getelementptr' 'patches_parameters_1_addr_12' <Predicate = true> <Delay = 0.00>
ST_2 : Operation 62 [1/1] (0.00ns)   --->   "%or_ln185 = or i7 %tmp_s, i7 2" [patchMaker.cpp:185]   --->   Operation 62 'or' 'or_ln185' <Predicate = true> <Delay = 0.00>
ST_2 : Operation 63 [1/1] (0.00ns)   --->   "%p_shl2_cast = bitconcatenate i10 @_ssdm_op_BitConcatenate.i10.i7.i3, i7 %or_ln185, i3 0" [patchMaker.cpp:185]   --->   Operation 63 'bitconcatenate' 'p_shl2_cast' <Predicate = true> <Delay = 0.00>
ST_2 : Operation 64 [1/1] (0.00ns)   --->   "%p_shl3_cast = bitconcatenate i10 @_ssdm_op_BitConcatenate.i10.i2.i7.i1, i2 0, i7 %or_ln185, i1 0" [patchMaker.cpp:185]   --->   Operation 64 'bitconcatenate' 'p_shl3_cast' <Predicate = true> <Delay = 0.00>
ST_2 : Operation 65 [1/1] (0.72ns)   --->   "%sub_ln185 = sub i10 %p_shl2_cast, i10 %p_shl3_cast" [patchMaker.cpp:185]   --->   Operation 65 'sub' 'sub_ln185' <Predicate = true> <Delay = 0.72> <CoreInst = "Adder">   --->   Core 1 'Adder' <Latency = 0> <II = 1> <Delay = 0.88> <FuncUnit> <Opcode : 'add' 'sub'> <InPorts = 2> <OutPorts = 1>
ST_2 : Operation 66 [1/1] (0.00ns)   --->   "%zext_ln185 = zext i10 %sub_ln185" [patchMaker.cpp:185]   --->   Operation 66 'zext' 'zext_ln185' <Predicate = true> <Delay = 0.00>
ST_2 : Operation 67 [1/1] (0.00ns)   --->   "%patches_parameters_1_addr_13 = getelementptr i64 %patches_parameters_1, i64 0, i64 %zext_ln185" [patchMaker.cpp:185]   --->   Operation 67 'getelementptr' 'patches_parameters_1_addr_13' <Predicate = true> <Delay = 0.00>
ST_2 : Operation 68 [1/1] (0.00ns)   --->   "%or_ln186 = or i7 %tmp_s, i7 3" [patchMaker.cpp:186]   --->   Operation 68 'or' 'or_ln186' <Predicate = true> <Delay = 0.00>
ST_2 : Operation 69 [1/1] (0.00ns)   --->   "%p_shl_cast = bitconcatenate i10 @_ssdm_op_BitConcatenate.i10.i7.i3, i7 %or_ln186, i3 0" [patchMaker.cpp:186]   --->   Operation 69 'bitconcatenate' 'p_shl_cast' <Predicate = true> <Delay = 0.00>
ST_2 : Operation 70 [1/1] (0.00ns)   --->   "%p_shl1_cast = bitconcatenate i10 @_ssdm_op_BitConcatenate.i10.i2.i7.i1, i2 0, i7 %or_ln186, i1 0" [patchMaker.cpp:186]   --->   Operation 70 'bitconcatenate' 'p_shl1_cast' <Predicate = true> <Delay = 0.00>
ST_2 : Operation 71 [1/1] (0.72ns)   --->   "%sub_ln186 = sub i10 %p_shl_cast, i10 %p_shl1_cast" [patchMaker.cpp:186]   --->   Operation 71 'sub' 'sub_ln186' <Predicate = true> <Delay = 0.72> <CoreInst = "Adder">   --->   Core 1 'Adder' <Latency = 0> <II = 1> <Delay = 0.88> <FuncUnit> <Opcode : 'add' 'sub'> <InPorts = 2> <OutPorts = 1>
ST_2 : Operation 72 [1/1] (0.00ns)   --->   "%zext_ln186 = zext i10 %sub_ln186" [patchMaker.cpp:186]   --->   Operation 72 'zext' 'zext_ln186' <Predicate = true> <Delay = 0.00>
ST_2 : Operation 73 [1/1] (0.00ns)   --->   "%patches_parameters_1_addr_14 = getelementptr i64 %patches_parameters_1, i64 0, i64 %zext_ln186" [patchMaker.cpp:186]   --->   Operation 73 'getelementptr' 'patches_parameters_1_addr_14' <Predicate = true> <Delay = 0.00>
ST_2 : Operation 74 [1/1] (0.00ns)   --->   "%specinterface_ln0 = specinterface void @_ssdm_op_SpecInterface, i64 %patches_parameters_4, void @empty_41, i32 0, i32 0, void @empty_40, i32 4294967295, i32 0, void @empty_40, void @empty_40, void @empty_40, i32 0, i32 0, i32 0, i32 0, void @empty_40, void @empty_40"   --->   Operation 74 'specinterface' 'specinterface_ln0' <Predicate = true> <Delay = 0.00>
ST_2 : Operation 75 [1/1] (0.00ns)   --->   "%specinterface_ln0 = specinterface void @_ssdm_op_SpecInterface, i64 %patches_parameters_1, void @empty_41, i32 0, i32 0, void @empty_40, i32 4294967295, i32 0, void @empty_40, void @empty_40, void @empty_40, i32 0, i32 0, i32 0, i32 0, void @empty_40, void @empty_40"   --->   Operation 75 'specinterface' 'specinterface_ln0' <Predicate = true> <Delay = 0.00>
ST_2 : Operation 76 [1/1] (0.00ns)   --->   "%specinterface_ln0 = specinterface void @_ssdm_op_SpecInterface, i64 %patches_superpoints_31, void @empty_41, i32 0, i32 0, void @empty_40, i32 4294967295, i32 0, void @empty_40, void @empty_40, void @empty_40, i32 0, i32 0, i32 0, i32 0, void @empty_40, void @empty_40"   --->   Operation 76 'specinterface' 'specinterface_ln0' <Predicate = true> <Delay = 0.00>
ST_2 : Operation 77 [1/1] (1.06ns)   --->   "%icmp_ln162 = icmp_slt  i64 %zTopMin_read, i64 18446744073659551516" [patchMaker.cpp:162]   --->   Operation 77 'icmp' 'icmp_ln162' <Predicate = true> <Delay = 1.06> <CoreInst = "Cmp">   --->   Core 9 'Cmp' <Latency = 0> <II = 1> <Delay = 1.06> <FuncUnit> <Opcode : 'icmp'> <InPorts = 2> <OutPorts = 1>
ST_2 : Operation 78 [1/1] (0.41ns)   --->   "%zTop_min = select i1 %icmp_ln162, i64 18446744073659551516, i64 %zTopMin_read" [patchMaker.cpp:162]   --->   Operation 78 'select' 'zTop_min' <Predicate = true> <Delay = 0.41> <CoreInst = "Sel">   --->   Core 73 'Sel' <Latency = 0> <II = 1> <Delay = 0.41> <FuncUnit> <Opcode : 'select'> <InPorts = 3> <OutPorts = 1>
ST_2 : Operation 79 [1/1] (1.06ns)   --->   "%icmp_ln163 = icmp_slt  i64 %zTopMax_read, i64 50000100" [patchMaker.cpp:163]   --->   Operation 79 'icmp' 'icmp_ln163' <Predicate = true> <Delay = 1.06> <CoreInst = "Cmp">   --->   Core 9 'Cmp' <Latency = 0> <II = 1> <Delay = 1.06> <FuncUnit> <Opcode : 'icmp'> <InPorts = 2> <OutPorts = 1>
ST_2 : Operation 80 [1/1] (0.41ns)   --->   "%zTop_max = select i1 %icmp_ln163, i64 %zTopMax_read, i64 50000100" [patchMaker.cpp:163]   --->   Operation 80 'select' 'zTop_max' <Predicate = true> <Delay = 0.41> <CoreInst = "Sel">   --->   Core 73 'Sel' <Latency = 0> <II = 1> <Delay = 0.41> <FuncUnit> <Opcode : 'select'> <InPorts = 3> <OutPorts = 1>
ST_2 : Operation 81 [1/2] (1.20ns)   --->   "%patches_parameters_4_load = load i10 %patches_parameters_4_addr"   --->   Operation 81 'load' 'patches_parameters_4_load' <Predicate = true> <Delay = 1.20> <CoreInst = "RAM">   --->   Core 83 'RAM' <Latency = 1> <II = 1> <Delay = 1.20> <Storage> <Opcode : 'load' 'store'> <Ports = 2> <Width = 64> <Depth = 768> <RAM>
ST_2 : Operation 82 [1/1] (0.00ns)   --->   "%empty_108 = trunc i64 %patches_parameters_4_load"   --->   Operation 82 'trunc' 'empty_108' <Predicate = true> <Delay = 0.00>
ST_2 : Operation 83 [1/1] (0.88ns)   --->   "%add_ln171 = add i32 %empty_108, i32 4294967295" [patchMaker.cpp:171]   --->   Operation 83 'add' 'add_ln171' <Predicate = true> <Delay = 0.88> <CoreInst = "Adder">   --->   Core 1 'Adder' <Latency = 0> <II = 1> <Delay = 0.88> <FuncUnit> <Opcode : 'add' 'sub'> <InPorts = 2> <OutPorts = 1>
ST_2 : Operation 84 [1/1] (0.38ns)   --->   "%br_ln171 = br void" [patchMaker.cpp:171]   --->   Operation 84 'br' 'br_ln171' <Predicate = true> <Delay = 0.38>

State 3 <SV = 2> <Delay = 2.65>
ST_3 : Operation 85 [1/1] (0.00ns)   --->   "%i = phi i32 0, void %arrayidx56.case.4, i32 %add_ln173, void %.split918396081" [patchMaker.cpp:173]   --->   Operation 85 'phi' 'i' <Predicate = true> <Delay = 0.00>
ST_3 : Operation 86 [1/1] (0.88ns)   --->   "%add_ln173 = add i32 %i, i32 1" [patchMaker.cpp:173]   --->   Operation 86 'add' 'add_ln173' <Predicate = true> <Delay = 0.88> <CoreInst = "Adder">   --->   Core 1 'Adder' <Latency = 0> <II = 1> <Delay = 0.88> <FuncUnit> <Opcode : 'add' 'sub'> <InPorts = 2> <OutPorts = 1>
ST_3 : Operation 87 [1/1] (0.85ns)   --->   "%icmp_ln171 = icmp_eq  i32 %i, i32 %add_ln171" [patchMaker.cpp:171]   --->   Operation 87 'icmp' 'icmp_ln171' <Predicate = true> <Delay = 0.85> <CoreInst = "Cmp">   --->   Core 9 'Cmp' <Latency = 0> <II = 1> <Delay = 1.06> <FuncUnit> <Opcode : 'icmp'> <InPorts = 2> <OutPorts = 1>
ST_3 : Operation 88 [1/1] (0.00ns)   --->   "%br_ln171 = br i1 %icmp_ln171, void %.split9, void %._crit_edge45.loopexit" [patchMaker.cpp:171]   --->   Operation 88 'br' 'br_ln171' <Predicate = true> <Delay = 0.00>
ST_3 : Operation 89 [1/1] (0.00ns)   --->   "%trunc_ln174 = trunc i32 %i" [patchMaker.cpp:174]   --->   Operation 89 'trunc' 'trunc_ln174' <Predicate = (!icmp_ln171)> <Delay = 0.00>
ST_3 : Operation 90 [1/1] (0.00ns)   --->   "%tmp_229_cast = bitconcatenate i10 @_ssdm_op_BitConcatenate.i10.i3.i7, i3 %trunc_ln174, i7 0" [patchMaker.cpp:174]   --->   Operation 90 'bitconcatenate' 'tmp_229_cast' <Predicate = (!icmp_ln171)> <Delay = 0.00>
ST_3 : Operation 91 [1/1] (0.00ns)   --->   "%trunc_ln174_1 = trunc i32 %i" [patchMaker.cpp:174]   --->   Operation 91 'trunc' 'trunc_ln174_1' <Predicate = (!icmp_ln171)> <Delay = 0.00>
ST_3 : Operation 92 [1/1] (0.00ns)   --->   "%tmp_230_cast = bitconcatenate i10 @_ssdm_op_BitConcatenate.i10.i6.i4, i6 %trunc_ln174_1, i4 0" [patchMaker.cpp:174]   --->   Operation 92 'bitconcatenate' 'tmp_230_cast' <Predicate = (!icmp_ln171)> <Delay = 0.00>
ST_3 : Operation 93 [1/1] (0.72ns)   --->   "%add_ln174 = add i10 %tmp_229_cast, i10 %tmp_230_cast" [patchMaker.cpp:174]   --->   Operation 93 'add' 'add_ln174' <Predicate = (!icmp_ln171)> <Delay = 0.72> <CoreInst = "Adder">   --->   Core 1 'Adder' <Latency = 0> <II = 1> <Delay = 0.88> <FuncUnit> <Opcode : 'add' 'sub'> <InPorts = 2> <OutPorts = 1>
ST_3 : Operation 94 [1/1] (0.72ns)   --->   "%add_ln174_1 = add i10 %add_ln174, i10 99" [patchMaker.cpp:174]   --->   Operation 94 'add' 'add_ln174_1' <Predicate = (!icmp_ln171)> <Delay = 0.72> <CoreInst = "Adder">   --->   Core 1 'Adder' <Latency = 0> <II = 1> <Delay = 0.88> <FuncUnit> <Opcode : 'add' 'sub'> <InPorts = 2> <OutPorts = 1>
ST_3 : Operation 95 [1/1] (0.00ns)   --->   "%zext_ln174 = zext i10 %add_ln174_1" [patchMaker.cpp:174]   --->   Operation 95 'zext' 'zext_ln174' <Predicate = (!icmp_ln171)> <Delay = 0.00>
ST_3 : Operation 96 [1/1] (0.00ns)   --->   "%patches_superpoints_31_addr = getelementptr i64 %patches_superpoints_31, i64 0, i64 %zext_ln174" [patchMaker.cpp:174]   --->   Operation 96 'getelementptr' 'patches_superpoints_31_addr' <Predicate = (!icmp_ln171)> <Delay = 0.00>
ST_3 : Operation 97 [1/1] (0.72ns)   --->   "%add_ln175 = add i10 %add_ln174, i10 102" [patchMaker.cpp:175]   --->   Operation 97 'add' 'add_ln175' <Predicate = (!icmp_ln171)> <Delay = 0.72> <CoreInst = "Adder">   --->   Core 1 'Adder' <Latency = 0> <II = 1> <Delay = 0.88> <FuncUnit> <Opcode : 'add' 'sub'> <InPorts = 2> <OutPorts = 1>
ST_3 : Operation 98 [1/1] (0.00ns)   --->   "%zext_ln175 = zext i10 %add_ln175" [patchMaker.cpp:175]   --->   Operation 98 'zext' 'zext_ln175' <Predicate = (!icmp_ln171)> <Delay = 0.00>
ST_3 : Operation 99 [1/1] (0.00ns)   --->   "%patches_superpoints_31_addr_2 = getelementptr i64 %patches_superpoints_31, i64 0, i64 %zext_ln175" [patchMaker.cpp:175]   --->   Operation 99 'getelementptr' 'patches_superpoints_31_addr_2' <Predicate = (!icmp_ln171)> <Delay = 0.00>
ST_3 : Operation 100 [2/2] (1.20ns)   --->   "%z_j_min = load i10 %patches_superpoints_31_addr" [patchMaker.cpp:174]   --->   Operation 100 'load' 'z_j_min' <Predicate = (!icmp_ln171)> <Delay = 1.20> <CoreInst = "RAM">   --->   Core 83 'RAM' <Latency = 1> <II = 1> <Delay = 1.20> <Storage> <Opcode : 'load' 'store'> <Ports = 2> <Width = 64> <Depth = 720> <RAM>
ST_3 : Operation 101 [2/2] (1.20ns)   --->   "%z_j_max = load i10 %patches_superpoints_31_addr_2" [patchMaker.cpp:175]   --->   Operation 101 'load' 'z_j_max' <Predicate = (!icmp_ln171)> <Delay = 1.20> <CoreInst = "RAM">   --->   Core 83 'RAM' <Latency = 1> <II = 1> <Delay = 1.20> <Storage> <Opcode : 'load' 'store'> <Ports = 2> <Width = 64> <Depth = 720> <RAM>
ST_3 : Operation 102 [1/1] (0.00ns)   --->   "%trunc_ln177 = trunc i32 %i" [patchMaker.cpp:177]   --->   Operation 102 'trunc' 'trunc_ln177' <Predicate = (!icmp_ln171)> <Delay = 0.00>
ST_3 : Operation 103 [1/1] (0.65ns)   --->   "%switch_ln177 = switch i2 %trunc_ln177, void %branch7, i2 0, void %.split9..split918_crit_edge, i2 1, void %branch5, i2 2, void %branch6" [patchMaker.cpp:177]   --->   Operation 103 'switch' 'switch_ln177' <Predicate = (!icmp_ln171)> <Delay = 0.65>
ST_3 : Operation 104 [1/1] (0.65ns)   --->   "%switch_ln178 = switch i2 %trunc_ln177, void %branch15, i2 0, void %.split918..split91839_crit_edge, i2 1, void %branch13, i2 2, void %branch14" [patchMaker.cpp:178]   --->   Operation 104 'switch' 'switch_ln178' <Predicate = (!icmp_ln171)> <Delay = 0.65>
ST_3 : Operation 105 [1/1] (0.65ns)   --->   "%switch_ln179 = switch i2 %trunc_ln177, void %branch23, i2 0, void %.split91839..split9183960_crit_edge, i2 1, void %branch21, i2 2, void %branch22" [patchMaker.cpp:179]   --->   Operation 105 'switch' 'switch_ln179' <Predicate = (!icmp_ln171)> <Delay = 0.65>
ST_3 : Operation 106 [1/1] (0.65ns)   --->   "%switch_ln180 = switch i2 %trunc_ln177, void %branch31, i2 0, void %.split9183960..split918396081_crit_edge, i2 1, void %branch29, i2 2, void %branch30" [patchMaker.cpp:180]   --->   Operation 106 'switch' 'switch_ln180' <Predicate = (!icmp_ln171)> <Delay = 0.65>
ST_3 : Operation 107 [1/1] (0.00ns)   --->   "%br_ln0 = br void"   --->   Operation 107 'br' 'br_ln0' <Predicate = (!icmp_ln171)> <Delay = 0.00>

State 4 <SV = 3> <Delay = 6.00>
ST_4 : Operation 108 [1/2] (1.20ns)   --->   "%z_j_min = load i10 %patches_superpoints_31_addr" [patchMaker.cpp:174]   --->   Operation 108 'load' 'z_j_min' <Predicate = (!icmp_ln171)> <Delay = 1.20> <CoreInst = "RAM">   --->   Core 83 'RAM' <Latency = 1> <II = 1> <Delay = 1.20> <Storage> <Opcode : 'load' 'store'> <Ports = 2> <Width = 64> <Depth = 720> <RAM>
ST_4 : Operation 109 [1/2] (1.20ns)   --->   "%z_j_max = load i10 %patches_superpoints_31_addr_2" [patchMaker.cpp:175]   --->   Operation 109 'load' 'z_j_max' <Predicate = (!icmp_ln171)> <Delay = 1.20> <CoreInst = "RAM">   --->   Core 83 'RAM' <Latency = 1> <II = 1> <Delay = 1.20> <Storage> <Opcode : 'load' 'store'> <Ports = 2> <Width = 64> <Depth = 720> <RAM>
ST_4 : Operation 110 [12/12] (4.80ns)   --->   "%topL_jL_0 = call i64 @straightLineProjectorFromLayerIJtoK, i64 %zTop_min, i64 %z_j_min, i3 5, i32 %add_ln173, i3 1, i25 %radii" [patchMaker.cpp:177]   --->   Operation 110 'call' 'topL_jL_0' <Predicate = (!icmp_ln171)> <Delay = 4.80> <CoreType = "Generic">   --->   Core 0 '' <Latency = 0> <II = 1> <Delay = 1.00> <Generic> <Opcode : >
ST_4 : Operation 111 [12/12] (4.80ns)   --->   "%topL_jR_0 = call i64 @straightLineProjectorFromLayerIJtoK, i64 %zTop_min, i64 %z_j_max, i3 5, i32 %add_ln173, i3 1, i25 %radii" [patchMaker.cpp:178]   --->   Operation 111 'call' 'topL_jR_0' <Predicate = (!icmp_ln171)> <Delay = 4.80> <CoreType = "Generic">   --->   Core 0 '' <Latency = 0> <II = 1> <Delay = 1.00> <Generic> <Opcode : >
ST_4 : Operation 112 [12/12] (4.80ns)   --->   "%topR_jL_0 = call i64 @straightLineProjectorFromLayerIJtoK, i64 %zTop_max, i64 %z_j_min, i3 5, i32 %add_ln173, i3 1, i25 %radii" [patchMaker.cpp:179]   --->   Operation 112 'call' 'topR_jL_0' <Predicate = (!icmp_ln171)> <Delay = 4.80> <CoreType = "Generic">   --->   Core 0 '' <Latency = 0> <II = 1> <Delay = 1.00> <Generic> <Opcode : >
ST_4 : Operation 113 [12/12] (4.80ns)   --->   "%topR_jR_0 = call i64 @straightLineProjectorFromLayerIJtoK, i64 %zTop_max, i64 %z_j_max, i3 5, i32 %add_ln173, i3 1, i25 %radii" [patchMaker.cpp:180]   --->   Operation 113 'call' 'topR_jR_0' <Predicate = (!icmp_ln171)> <Delay = 4.80> <CoreType = "Generic">   --->   Core 0 '' <Latency = 0> <II = 1> <Delay = 1.00> <Generic> <Opcode : >

State 5 <SV = 4> <Delay = 7.30>
ST_5 : Operation 114 [11/12] (7.30ns)   --->   "%topL_jL_0 = call i64 @straightLineProjectorFromLayerIJtoK, i64 %zTop_min, i64 %z_j_min, i3 5, i32 %add_ln173, i3 1, i25 %radii" [patchMaker.cpp:177]   --->   Operation 114 'call' 'topL_jL_0' <Predicate = (!icmp_ln171)> <Delay = 7.30> <CoreType = "Generic">   --->   Core 0 '' <Latency = 0> <II = 1> <Delay = 1.00> <Generic> <Opcode : >
ST_5 : Operation 115 [11/12] (7.30ns)   --->   "%topL_jR_0 = call i64 @straightLineProjectorFromLayerIJtoK, i64 %zTop_min, i64 %z_j_max, i3 5, i32 %add_ln173, i3 1, i25 %radii" [patchMaker.cpp:178]   --->   Operation 115 'call' 'topL_jR_0' <Predicate = (!icmp_ln171)> <Delay = 7.30> <CoreType = "Generic">   --->   Core 0 '' <Latency = 0> <II = 1> <Delay = 1.00> <Generic> <Opcode : >
ST_5 : Operation 116 [11/12] (7.30ns)   --->   "%topR_jL_0 = call i64 @straightLineProjectorFromLayerIJtoK, i64 %zTop_max, i64 %z_j_min, i3 5, i32 %add_ln173, i3 1, i25 %radii" [patchMaker.cpp:179]   --->   Operation 116 'call' 'topR_jL_0' <Predicate = (!icmp_ln171)> <Delay = 7.30> <CoreType = "Generic">   --->   Core 0 '' <Latency = 0> <II = 1> <Delay = 1.00> <Generic> <Opcode : >
ST_5 : Operation 117 [11/12] (7.30ns)   --->   "%topR_jR_0 = call i64 @straightLineProjectorFromLayerIJtoK, i64 %zTop_max, i64 %z_j_max, i3 5, i32 %add_ln173, i3 1, i25 %radii" [patchMaker.cpp:180]   --->   Operation 117 'call' 'topR_jR_0' <Predicate = (!icmp_ln171)> <Delay = 7.30> <CoreType = "Generic">   --->   Core 0 '' <Latency = 0> <II = 1> <Delay = 1.00> <Generic> <Opcode : >

State 6 <SV = 5> <Delay = 7.30>
ST_6 : Operation 118 [10/12] (7.30ns)   --->   "%topL_jL_0 = call i64 @straightLineProjectorFromLayerIJtoK, i64 %zTop_min, i64 %z_j_min, i3 5, i32 %add_ln173, i3 1, i25 %radii" [patchMaker.cpp:177]   --->   Operation 118 'call' 'topL_jL_0' <Predicate = (!icmp_ln171)> <Delay = 7.30> <CoreType = "Generic">   --->   Core 0 '' <Latency = 0> <II = 1> <Delay = 1.00> <Generic> <Opcode : >
ST_6 : Operation 119 [10/12] (7.30ns)   --->   "%topL_jR_0 = call i64 @straightLineProjectorFromLayerIJtoK, i64 %zTop_min, i64 %z_j_max, i3 5, i32 %add_ln173, i3 1, i25 %radii" [patchMaker.cpp:178]   --->   Operation 119 'call' 'topL_jR_0' <Predicate = (!icmp_ln171)> <Delay = 7.30> <CoreType = "Generic">   --->   Core 0 '' <Latency = 0> <II = 1> <Delay = 1.00> <Generic> <Opcode : >
ST_6 : Operation 120 [10/12] (7.30ns)   --->   "%topR_jL_0 = call i64 @straightLineProjectorFromLayerIJtoK, i64 %zTop_max, i64 %z_j_min, i3 5, i32 %add_ln173, i3 1, i25 %radii" [patchMaker.cpp:179]   --->   Operation 120 'call' 'topR_jL_0' <Predicate = (!icmp_ln171)> <Delay = 7.30> <CoreType = "Generic">   --->   Core 0 '' <Latency = 0> <II = 1> <Delay = 1.00> <Generic> <Opcode : >
ST_6 : Operation 121 [10/12] (7.30ns)   --->   "%topR_jR_0 = call i64 @straightLineProjectorFromLayerIJtoK, i64 %zTop_max, i64 %z_j_max, i3 5, i32 %add_ln173, i3 1, i25 %radii" [patchMaker.cpp:180]   --->   Operation 121 'call' 'topR_jR_0' <Predicate = (!icmp_ln171)> <Delay = 7.30> <CoreType = "Generic">   --->   Core 0 '' <Latency = 0> <II = 1> <Delay = 1.00> <Generic> <Opcode : >

State 7 <SV = 6> <Delay = 7.30>
ST_7 : Operation 122 [9/12] (7.30ns)   --->   "%topL_jL_0 = call i64 @straightLineProjectorFromLayerIJtoK, i64 %zTop_min, i64 %z_j_min, i3 5, i32 %add_ln173, i3 1, i25 %radii" [patchMaker.cpp:177]   --->   Operation 122 'call' 'topL_jL_0' <Predicate = (!icmp_ln171)> <Delay = 7.30> <CoreType = "Generic">   --->   Core 0 '' <Latency = 0> <II = 1> <Delay = 1.00> <Generic> <Opcode : >
ST_7 : Operation 123 [9/12] (7.30ns)   --->   "%topL_jR_0 = call i64 @straightLineProjectorFromLayerIJtoK, i64 %zTop_min, i64 %z_j_max, i3 5, i32 %add_ln173, i3 1, i25 %radii" [patchMaker.cpp:178]   --->   Operation 123 'call' 'topL_jR_0' <Predicate = (!icmp_ln171)> <Delay = 7.30> <CoreType = "Generic">   --->   Core 0 '' <Latency = 0> <II = 1> <Delay = 1.00> <Generic> <Opcode : >
ST_7 : Operation 124 [9/12] (7.30ns)   --->   "%topR_jL_0 = call i64 @straightLineProjectorFromLayerIJtoK, i64 %zTop_max, i64 %z_j_min, i3 5, i32 %add_ln173, i3 1, i25 %radii" [patchMaker.cpp:179]   --->   Operation 124 'call' 'topR_jL_0' <Predicate = (!icmp_ln171)> <Delay = 7.30> <CoreType = "Generic">   --->   Core 0 '' <Latency = 0> <II = 1> <Delay = 1.00> <Generic> <Opcode : >
ST_7 : Operation 125 [9/12] (7.30ns)   --->   "%topR_jR_0 = call i64 @straightLineProjectorFromLayerIJtoK, i64 %zTop_max, i64 %z_j_max, i3 5, i32 %add_ln173, i3 1, i25 %radii" [patchMaker.cpp:180]   --->   Operation 125 'call' 'topR_jR_0' <Predicate = (!icmp_ln171)> <Delay = 7.30> <CoreType = "Generic">   --->   Core 0 '' <Latency = 0> <II = 1> <Delay = 1.00> <Generic> <Opcode : >

State 8 <SV = 7> <Delay = 7.30>
ST_8 : Operation 126 [8/12] (7.30ns)   --->   "%topL_jL_0 = call i64 @straightLineProjectorFromLayerIJtoK, i64 %zTop_min, i64 %z_j_min, i3 5, i32 %add_ln173, i3 1, i25 %radii" [patchMaker.cpp:177]   --->   Operation 126 'call' 'topL_jL_0' <Predicate = (!icmp_ln171)> <Delay = 7.30> <CoreType = "Generic">   --->   Core 0 '' <Latency = 0> <II = 1> <Delay = 1.00> <Generic> <Opcode : >
ST_8 : Operation 127 [8/12] (7.30ns)   --->   "%topL_jR_0 = call i64 @straightLineProjectorFromLayerIJtoK, i64 %zTop_min, i64 %z_j_max, i3 5, i32 %add_ln173, i3 1, i25 %radii" [patchMaker.cpp:178]   --->   Operation 127 'call' 'topL_jR_0' <Predicate = (!icmp_ln171)> <Delay = 7.30> <CoreType = "Generic">   --->   Core 0 '' <Latency = 0> <II = 1> <Delay = 1.00> <Generic> <Opcode : >
ST_8 : Operation 128 [8/12] (7.30ns)   --->   "%topR_jL_0 = call i64 @straightLineProjectorFromLayerIJtoK, i64 %zTop_max, i64 %z_j_min, i3 5, i32 %add_ln173, i3 1, i25 %radii" [patchMaker.cpp:179]   --->   Operation 128 'call' 'topR_jL_0' <Predicate = (!icmp_ln171)> <Delay = 7.30> <CoreType = "Generic">   --->   Core 0 '' <Latency = 0> <II = 1> <Delay = 1.00> <Generic> <Opcode : >
ST_8 : Operation 129 [8/12] (7.30ns)   --->   "%topR_jR_0 = call i64 @straightLineProjectorFromLayerIJtoK, i64 %zTop_max, i64 %z_j_max, i3 5, i32 %add_ln173, i3 1, i25 %radii" [patchMaker.cpp:180]   --->   Operation 129 'call' 'topR_jR_0' <Predicate = (!icmp_ln171)> <Delay = 7.30> <CoreType = "Generic">   --->   Core 0 '' <Latency = 0> <II = 1> <Delay = 1.00> <Generic> <Opcode : >

State 9 <SV = 8> <Delay = 7.30>
ST_9 : Operation 130 [7/12] (7.30ns)   --->   "%topL_jL_0 = call i64 @straightLineProjectorFromLayerIJtoK, i64 %zTop_min, i64 %z_j_min, i3 5, i32 %add_ln173, i3 1, i25 %radii" [patchMaker.cpp:177]   --->   Operation 130 'call' 'topL_jL_0' <Predicate = (!icmp_ln171)> <Delay = 7.30> <CoreType = "Generic">   --->   Core 0 '' <Latency = 0> <II = 1> <Delay = 1.00> <Generic> <Opcode : >
ST_9 : Operation 131 [7/12] (7.30ns)   --->   "%topL_jR_0 = call i64 @straightLineProjectorFromLayerIJtoK, i64 %zTop_min, i64 %z_j_max, i3 5, i32 %add_ln173, i3 1, i25 %radii" [patchMaker.cpp:178]   --->   Operation 131 'call' 'topL_jR_0' <Predicate = (!icmp_ln171)> <Delay = 7.30> <CoreType = "Generic">   --->   Core 0 '' <Latency = 0> <II = 1> <Delay = 1.00> <Generic> <Opcode : >
ST_9 : Operation 132 [7/12] (7.30ns)   --->   "%topR_jL_0 = call i64 @straightLineProjectorFromLayerIJtoK, i64 %zTop_max, i64 %z_j_min, i3 5, i32 %add_ln173, i3 1, i25 %radii" [patchMaker.cpp:179]   --->   Operation 132 'call' 'topR_jL_0' <Predicate = (!icmp_ln171)> <Delay = 7.30> <CoreType = "Generic">   --->   Core 0 '' <Latency = 0> <II = 1> <Delay = 1.00> <Generic> <Opcode : >
ST_9 : Operation 133 [7/12] (7.30ns)   --->   "%topR_jR_0 = call i64 @straightLineProjectorFromLayerIJtoK, i64 %zTop_max, i64 %z_j_max, i3 5, i32 %add_ln173, i3 1, i25 %radii" [patchMaker.cpp:180]   --->   Operation 133 'call' 'topR_jR_0' <Predicate = (!icmp_ln171)> <Delay = 7.30> <CoreType = "Generic">   --->   Core 0 '' <Latency = 0> <II = 1> <Delay = 1.00> <Generic> <Opcode : >

State 10 <SV = 9> <Delay = 7.30>
ST_10 : Operation 134 [6/12] (7.30ns)   --->   "%topL_jL_0 = call i64 @straightLineProjectorFromLayerIJtoK, i64 %zTop_min, i64 %z_j_min, i3 5, i32 %add_ln173, i3 1, i25 %radii" [patchMaker.cpp:177]   --->   Operation 134 'call' 'topL_jL_0' <Predicate = (!icmp_ln171)> <Delay = 7.30> <CoreType = "Generic">   --->   Core 0 '' <Latency = 0> <II = 1> <Delay = 1.00> <Generic> <Opcode : >
ST_10 : Operation 135 [6/12] (7.30ns)   --->   "%topL_jR_0 = call i64 @straightLineProjectorFromLayerIJtoK, i64 %zTop_min, i64 %z_j_max, i3 5, i32 %add_ln173, i3 1, i25 %radii" [patchMaker.cpp:178]   --->   Operation 135 'call' 'topL_jR_0' <Predicate = (!icmp_ln171)> <Delay = 7.30> <CoreType = "Generic">   --->   Core 0 '' <Latency = 0> <II = 1> <Delay = 1.00> <Generic> <Opcode : >
ST_10 : Operation 136 [6/12] (7.30ns)   --->   "%topR_jL_0 = call i64 @straightLineProjectorFromLayerIJtoK, i64 %zTop_max, i64 %z_j_min, i3 5, i32 %add_ln173, i3 1, i25 %radii" [patchMaker.cpp:179]   --->   Operation 136 'call' 'topR_jL_0' <Predicate = (!icmp_ln171)> <Delay = 7.30> <CoreType = "Generic">   --->   Core 0 '' <Latency = 0> <II = 1> <Delay = 1.00> <Generic> <Opcode : >
ST_10 : Operation 137 [6/12] (7.30ns)   --->   "%topR_jR_0 = call i64 @straightLineProjectorFromLayerIJtoK, i64 %zTop_max, i64 %z_j_max, i3 5, i32 %add_ln173, i3 1, i25 %radii" [patchMaker.cpp:180]   --->   Operation 137 'call' 'topR_jR_0' <Predicate = (!icmp_ln171)> <Delay = 7.30> <CoreType = "Generic">   --->   Core 0 '' <Latency = 0> <II = 1> <Delay = 1.00> <Generic> <Opcode : >

State 11 <SV = 10> <Delay = 7.30>
ST_11 : Operation 138 [5/12] (7.30ns)   --->   "%topL_jL_0 = call i64 @straightLineProjectorFromLayerIJtoK, i64 %zTop_min, i64 %z_j_min, i3 5, i32 %add_ln173, i3 1, i25 %radii" [patchMaker.cpp:177]   --->   Operation 138 'call' 'topL_jL_0' <Predicate = (!icmp_ln171)> <Delay = 7.30> <CoreType = "Generic">   --->   Core 0 '' <Latency = 0> <II = 1> <Delay = 1.00> <Generic> <Opcode : >
ST_11 : Operation 139 [5/12] (7.30ns)   --->   "%topL_jR_0 = call i64 @straightLineProjectorFromLayerIJtoK, i64 %zTop_min, i64 %z_j_max, i3 5, i32 %add_ln173, i3 1, i25 %radii" [patchMaker.cpp:178]   --->   Operation 139 'call' 'topL_jR_0' <Predicate = (!icmp_ln171)> <Delay = 7.30> <CoreType = "Generic">   --->   Core 0 '' <Latency = 0> <II = 1> <Delay = 1.00> <Generic> <Opcode : >
ST_11 : Operation 140 [5/12] (7.30ns)   --->   "%topR_jL_0 = call i64 @straightLineProjectorFromLayerIJtoK, i64 %zTop_max, i64 %z_j_min, i3 5, i32 %add_ln173, i3 1, i25 %radii" [patchMaker.cpp:179]   --->   Operation 140 'call' 'topR_jL_0' <Predicate = (!icmp_ln171)> <Delay = 7.30> <CoreType = "Generic">   --->   Core 0 '' <Latency = 0> <II = 1> <Delay = 1.00> <Generic> <Opcode : >
ST_11 : Operation 141 [5/12] (7.30ns)   --->   "%topR_jR_0 = call i64 @straightLineProjectorFromLayerIJtoK, i64 %zTop_max, i64 %z_j_max, i3 5, i32 %add_ln173, i3 1, i25 %radii" [patchMaker.cpp:180]   --->   Operation 141 'call' 'topR_jR_0' <Predicate = (!icmp_ln171)> <Delay = 7.30> <CoreType = "Generic">   --->   Core 0 '' <Latency = 0> <II = 1> <Delay = 1.00> <Generic> <Opcode : >

State 12 <SV = 11> <Delay = 7.30>
ST_12 : Operation 142 [4/12] (7.30ns)   --->   "%topL_jL_0 = call i64 @straightLineProjectorFromLayerIJtoK, i64 %zTop_min, i64 %z_j_min, i3 5, i32 %add_ln173, i3 1, i25 %radii" [patchMaker.cpp:177]   --->   Operation 142 'call' 'topL_jL_0' <Predicate = (!icmp_ln171)> <Delay = 7.30> <CoreType = "Generic">   --->   Core 0 '' <Latency = 0> <II = 1> <Delay = 1.00> <Generic> <Opcode : >
ST_12 : Operation 143 [4/12] (7.30ns)   --->   "%topL_jR_0 = call i64 @straightLineProjectorFromLayerIJtoK, i64 %zTop_min, i64 %z_j_max, i3 5, i32 %add_ln173, i3 1, i25 %radii" [patchMaker.cpp:178]   --->   Operation 143 'call' 'topL_jR_0' <Predicate = (!icmp_ln171)> <Delay = 7.30> <CoreType = "Generic">   --->   Core 0 '' <Latency = 0> <II = 1> <Delay = 1.00> <Generic> <Opcode : >
ST_12 : Operation 144 [4/12] (7.30ns)   --->   "%topR_jL_0 = call i64 @straightLineProjectorFromLayerIJtoK, i64 %zTop_max, i64 %z_j_min, i3 5, i32 %add_ln173, i3 1, i25 %radii" [patchMaker.cpp:179]   --->   Operation 144 'call' 'topR_jL_0' <Predicate = (!icmp_ln171)> <Delay = 7.30> <CoreType = "Generic">   --->   Core 0 '' <Latency = 0> <II = 1> <Delay = 1.00> <Generic> <Opcode : >
ST_12 : Operation 145 [4/12] (7.30ns)   --->   "%topR_jR_0 = call i64 @straightLineProjectorFromLayerIJtoK, i64 %zTop_max, i64 %z_j_max, i3 5, i32 %add_ln173, i3 1, i25 %radii" [patchMaker.cpp:180]   --->   Operation 145 'call' 'topR_jR_0' <Predicate = (!icmp_ln171)> <Delay = 7.30> <CoreType = "Generic">   --->   Core 0 '' <Latency = 0> <II = 1> <Delay = 1.00> <Generic> <Opcode : >

State 13 <SV = 12> <Delay = 7.30>
ST_13 : Operation 146 [3/12] (7.30ns)   --->   "%topL_jL_0 = call i64 @straightLineProjectorFromLayerIJtoK, i64 %zTop_min, i64 %z_j_min, i3 5, i32 %add_ln173, i3 1, i25 %radii" [patchMaker.cpp:177]   --->   Operation 146 'call' 'topL_jL_0' <Predicate = (!icmp_ln171)> <Delay = 7.30> <CoreType = "Generic">   --->   Core 0 '' <Latency = 0> <II = 1> <Delay = 1.00> <Generic> <Opcode : >
ST_13 : Operation 147 [3/12] (7.30ns)   --->   "%topL_jR_0 = call i64 @straightLineProjectorFromLayerIJtoK, i64 %zTop_min, i64 %z_j_max, i3 5, i32 %add_ln173, i3 1, i25 %radii" [patchMaker.cpp:178]   --->   Operation 147 'call' 'topL_jR_0' <Predicate = (!icmp_ln171)> <Delay = 7.30> <CoreType = "Generic">   --->   Core 0 '' <Latency = 0> <II = 1> <Delay = 1.00> <Generic> <Opcode : >
ST_13 : Operation 148 [3/12] (7.30ns)   --->   "%topR_jL_0 = call i64 @straightLineProjectorFromLayerIJtoK, i64 %zTop_max, i64 %z_j_min, i3 5, i32 %add_ln173, i3 1, i25 %radii" [patchMaker.cpp:179]   --->   Operation 148 'call' 'topR_jL_0' <Predicate = (!icmp_ln171)> <Delay = 7.30> <CoreType = "Generic">   --->   Core 0 '' <Latency = 0> <II = 1> <Delay = 1.00> <Generic> <Opcode : >
ST_13 : Operation 149 [3/12] (7.30ns)   --->   "%topR_jR_0 = call i64 @straightLineProjectorFromLayerIJtoK, i64 %zTop_max, i64 %z_j_max, i3 5, i32 %add_ln173, i3 1, i25 %radii" [patchMaker.cpp:180]   --->   Operation 149 'call' 'topR_jR_0' <Predicate = (!icmp_ln171)> <Delay = 7.30> <CoreType = "Generic">   --->   Core 0 '' <Latency = 0> <II = 1> <Delay = 1.00> <Generic> <Opcode : >

State 14 <SV = 13> <Delay = 7.30>
ST_14 : Operation 150 [2/12] (7.30ns)   --->   "%topL_jL_0 = call i64 @straightLineProjectorFromLayerIJtoK, i64 %zTop_min, i64 %z_j_min, i3 5, i32 %add_ln173, i3 1, i25 %radii" [patchMaker.cpp:177]   --->   Operation 150 'call' 'topL_jL_0' <Predicate = (!icmp_ln171)> <Delay = 7.30> <CoreType = "Generic">   --->   Core 0 '' <Latency = 0> <II = 1> <Delay = 1.00> <Generic> <Opcode : >
ST_14 : Operation 151 [2/12] (7.30ns)   --->   "%topL_jR_0 = call i64 @straightLineProjectorFromLayerIJtoK, i64 %zTop_min, i64 %z_j_max, i3 5, i32 %add_ln173, i3 1, i25 %radii" [patchMaker.cpp:178]   --->   Operation 151 'call' 'topL_jR_0' <Predicate = (!icmp_ln171)> <Delay = 7.30> <CoreType = "Generic">   --->   Core 0 '' <Latency = 0> <II = 1> <Delay = 1.00> <Generic> <Opcode : >
ST_14 : Operation 152 [2/12] (7.30ns)   --->   "%topR_jL_0 = call i64 @straightLineProjectorFromLayerIJtoK, i64 %zTop_max, i64 %z_j_min, i3 5, i32 %add_ln173, i3 1, i25 %radii" [patchMaker.cpp:179]   --->   Operation 152 'call' 'topR_jL_0' <Predicate = (!icmp_ln171)> <Delay = 7.30> <CoreType = "Generic">   --->   Core 0 '' <Latency = 0> <II = 1> <Delay = 1.00> <Generic> <Opcode : >
ST_14 : Operation 153 [2/12] (7.30ns)   --->   "%topR_jR_0 = call i64 @straightLineProjectorFromLayerIJtoK, i64 %zTop_max, i64 %z_j_max, i3 5, i32 %add_ln173, i3 1, i25 %radii" [patchMaker.cpp:180]   --->   Operation 153 'call' 'topR_jR_0' <Predicate = (!icmp_ln171)> <Delay = 7.30> <CoreType = "Generic">   --->   Core 0 '' <Latency = 0> <II = 1> <Delay = 1.00> <Generic> <Opcode : >

State 15 <SV = 14> <Delay = 4.46>
ST_15 : Operation 154 [1/1] (0.00ns)   --->   "%topL_jL_3_1_load = load i64 %topL_jL_3_1"   --->   Operation 154 'load' 'topL_jL_3_1_load' <Predicate = true> <Delay = 0.00>
ST_15 : Operation 155 [1/1] (0.00ns)   --->   "%topL_jR_3_load = load i64 %topL_jR_3"   --->   Operation 155 'load' 'topL_jR_3_load' <Predicate = true> <Delay = 0.00>
ST_15 : Operation 156 [1/1] (0.00ns)   --->   "%topR_jL_3_load = load i64 %topR_jL_3"   --->   Operation 156 'load' 'topR_jL_3_load' <Predicate = true> <Delay = 0.00>
ST_15 : Operation 157 [1/1] (0.00ns)   --->   "%topR_jR_3_load = load i64 %topR_jR_3"   --->   Operation 157 'load' 'topR_jR_3_load' <Predicate = true> <Delay = 0.00>
ST_15 : Operation 158 [1/1] (0.00ns)   --->   "%specpipeline_ln0 = specpipeline void @_ssdm_op_SpecPipeline, i32 4294967295, i32 0, i32 1, i32 0, void @p_str"   --->   Operation 158 'specpipeline' 'specpipeline_ln0' <Predicate = true> <Delay = 0.00>
ST_15 : Operation 159 [1/1] (0.00ns)   --->   "%specloopname_ln171 = specloopname void @_ssdm_op_SpecLoopName, void @empty_34" [patchMaker.cpp:171]   --->   Operation 159 'specloopname' 'specloopname_ln171' <Predicate = (!icmp_ln171)> <Delay = 0.00>
ST_15 : Operation 160 [1/12] (4.46ns)   --->   "%topL_jL_0 = call i64 @straightLineProjectorFromLayerIJtoK, i64 %zTop_min, i64 %z_j_min, i3 5, i32 %add_ln173, i3 1, i25 %radii" [patchMaker.cpp:177]   --->   Operation 160 'call' 'topL_jL_0' <Predicate = (!icmp_ln171)> <Delay = 4.46> <CoreType = "Generic">   --->   Core 0 '' <Latency = 0> <II = 1> <Delay = 1.00> <Generic> <Opcode : >
ST_15 : Operation 161 [1/1] (0.00ns)   --->   "%store_ln177 = store i64 %topL_jL_0, i64 %topL_jL_3_4" [patchMaker.cpp:177]   --->   Operation 161 'store' 'store_ln177' <Predicate = (!icmp_ln171 & trunc_ln177 == 2)> <Delay = 0.00>
ST_15 : Operation 162 [1/1] (0.00ns)   --->   "%br_ln177 = br void %.split918" [patchMaker.cpp:177]   --->   Operation 162 'br' 'br_ln177' <Predicate = (!icmp_ln171 & trunc_ln177 == 2)> <Delay = 0.00>
ST_15 : Operation 163 [1/1] (0.00ns)   --->   "%store_ln177 = store i64 %topL_jL_0, i64 %topL_jL_3_2" [patchMaker.cpp:177]   --->   Operation 163 'store' 'store_ln177' <Predicate = (!icmp_ln171 & trunc_ln177 == 1)> <Delay = 0.00>
ST_15 : Operation 164 [1/1] (0.00ns)   --->   "%br_ln177 = br void %.split918" [patchMaker.cpp:177]   --->   Operation 164 'br' 'br_ln177' <Predicate = (!icmp_ln171 & trunc_ln177 == 1)> <Delay = 0.00>
ST_15 : Operation 165 [1/1] (0.00ns)   --->   "%store_ln177 = store i64 %topL_jL_0, i64 %topL_jL_3_1" [patchMaker.cpp:177]   --->   Operation 165 'store' 'store_ln177' <Predicate = (!icmp_ln171 & trunc_ln177 == 0)> <Delay = 0.00>
ST_15 : Operation 166 [1/1] (0.00ns)   --->   "%br_ln177 = br void %.split918" [patchMaker.cpp:177]   --->   Operation 166 'br' 'br_ln177' <Predicate = (!icmp_ln171 & trunc_ln177 == 0)> <Delay = 0.00>
ST_15 : Operation 167 [1/1] (0.00ns)   --->   "%store_ln177 = store i64 %topL_jL_0, i64 %topL_jL_3_5" [patchMaker.cpp:177]   --->   Operation 167 'store' 'store_ln177' <Predicate = (!icmp_ln171 & trunc_ln177 == 3)> <Delay = 0.00>
ST_15 : Operation 168 [1/1] (0.00ns)   --->   "%br_ln177 = br void %.split918" [patchMaker.cpp:177]   --->   Operation 168 'br' 'br_ln177' <Predicate = (!icmp_ln171 & trunc_ln177 == 3)> <Delay = 0.00>
ST_15 : Operation 169 [1/12] (4.46ns)   --->   "%topL_jR_0 = call i64 @straightLineProjectorFromLayerIJtoK, i64 %zTop_min, i64 %z_j_max, i3 5, i32 %add_ln173, i3 1, i25 %radii" [patchMaker.cpp:178]   --->   Operation 169 'call' 'topL_jR_0' <Predicate = (!icmp_ln171)> <Delay = 4.46> <CoreType = "Generic">   --->   Core 0 '' <Latency = 0> <II = 1> <Delay = 1.00> <Generic> <Opcode : >
ST_15 : Operation 170 [1/1] (0.00ns)   --->   "%store_ln178 = store i64 %topL_jR_0, i64 %topL_jR_3_2" [patchMaker.cpp:178]   --->   Operation 170 'store' 'store_ln178' <Predicate = (!icmp_ln171 & trunc_ln177 == 2)> <Delay = 0.00>
ST_15 : Operation 171 [1/1] (0.00ns)   --->   "%br_ln178 = br void %.split91839" [patchMaker.cpp:178]   --->   Operation 171 'br' 'br_ln178' <Predicate = (!icmp_ln171 & trunc_ln177 == 2)> <Delay = 0.00>
ST_15 : Operation 172 [1/1] (0.00ns)   --->   "%store_ln178 = store i64 %topL_jR_0, i64 %topL_jR_3_1" [patchMaker.cpp:178]   --->   Operation 172 'store' 'store_ln178' <Predicate = (!icmp_ln171 & trunc_ln177 == 1)> <Delay = 0.00>
ST_15 : Operation 173 [1/1] (0.00ns)   --->   "%br_ln178 = br void %.split91839" [patchMaker.cpp:178]   --->   Operation 173 'br' 'br_ln178' <Predicate = (!icmp_ln171 & trunc_ln177 == 1)> <Delay = 0.00>
ST_15 : Operation 174 [1/1] (0.00ns)   --->   "%store_ln178 = store i64 %topL_jR_0, i64 %topL_jR_3" [patchMaker.cpp:178]   --->   Operation 174 'store' 'store_ln178' <Predicate = (!icmp_ln171 & trunc_ln177 == 0)> <Delay = 0.00>
ST_15 : Operation 175 [1/1] (0.00ns)   --->   "%br_ln178 = br void %.split91839" [patchMaker.cpp:178]   --->   Operation 175 'br' 'br_ln178' <Predicate = (!icmp_ln171 & trunc_ln177 == 0)> <Delay = 0.00>
ST_15 : Operation 176 [1/1] (0.00ns)   --->   "%store_ln178 = store i64 %topL_jR_0, i64 %topL_jR_3_3" [patchMaker.cpp:178]   --->   Operation 176 'store' 'store_ln178' <Predicate = (!icmp_ln171 & trunc_ln177 == 3)> <Delay = 0.00>
ST_15 : Operation 177 [1/1] (0.00ns)   --->   "%br_ln178 = br void %.split91839" [patchMaker.cpp:178]   --->   Operation 177 'br' 'br_ln178' <Predicate = (!icmp_ln171 & trunc_ln177 == 3)> <Delay = 0.00>
ST_15 : Operation 178 [1/12] (4.46ns)   --->   "%topR_jL_0 = call i64 @straightLineProjectorFromLayerIJtoK, i64 %zTop_max, i64 %z_j_min, i3 5, i32 %add_ln173, i3 1, i25 %radii" [patchMaker.cpp:179]   --->   Operation 178 'call' 'topR_jL_0' <Predicate = (!icmp_ln171)> <Delay = 4.46> <CoreType = "Generic">   --->   Core 0 '' <Latency = 0> <II = 1> <Delay = 1.00> <Generic> <Opcode : >
ST_15 : Operation 179 [1/1] (0.00ns)   --->   "%store_ln179 = store i64 %topR_jL_0, i64 %topR_jL_3_2" [patchMaker.cpp:179]   --->   Operation 179 'store' 'store_ln179' <Predicate = (!icmp_ln171 & trunc_ln177 == 2)> <Delay = 0.00>
ST_15 : Operation 180 [1/1] (0.00ns)   --->   "%br_ln179 = br void %.split9183960" [patchMaker.cpp:179]   --->   Operation 180 'br' 'br_ln179' <Predicate = (!icmp_ln171 & trunc_ln177 == 2)> <Delay = 0.00>
ST_15 : Operation 181 [1/1] (0.00ns)   --->   "%store_ln179 = store i64 %topR_jL_0, i64 %topR_jL_3_1" [patchMaker.cpp:179]   --->   Operation 181 'store' 'store_ln179' <Predicate = (!icmp_ln171 & trunc_ln177 == 1)> <Delay = 0.00>
ST_15 : Operation 182 [1/1] (0.00ns)   --->   "%br_ln179 = br void %.split9183960" [patchMaker.cpp:179]   --->   Operation 182 'br' 'br_ln179' <Predicate = (!icmp_ln171 & trunc_ln177 == 1)> <Delay = 0.00>
ST_15 : Operation 183 [1/1] (0.00ns)   --->   "%store_ln179 = store i64 %topR_jL_0, i64 %topR_jL_3" [patchMaker.cpp:179]   --->   Operation 183 'store' 'store_ln179' <Predicate = (!icmp_ln171 & trunc_ln177 == 0)> <Delay = 0.00>
ST_15 : Operation 184 [1/1] (0.00ns)   --->   "%br_ln179 = br void %.split9183960" [patchMaker.cpp:179]   --->   Operation 184 'br' 'br_ln179' <Predicate = (!icmp_ln171 & trunc_ln177 == 0)> <Delay = 0.00>
ST_15 : Operation 185 [1/1] (0.00ns)   --->   "%store_ln179 = store i64 %topR_jL_0, i64 %topR_jL_3_3" [patchMaker.cpp:179]   --->   Operation 185 'store' 'store_ln179' <Predicate = (!icmp_ln171 & trunc_ln177 == 3)> <Delay = 0.00>
ST_15 : Operation 186 [1/1] (0.00ns)   --->   "%br_ln179 = br void %.split9183960" [patchMaker.cpp:179]   --->   Operation 186 'br' 'br_ln179' <Predicate = (!icmp_ln171 & trunc_ln177 == 3)> <Delay = 0.00>
ST_15 : Operation 187 [1/12] (4.46ns)   --->   "%topR_jR_0 = call i64 @straightLineProjectorFromLayerIJtoK, i64 %zTop_max, i64 %z_j_max, i3 5, i32 %add_ln173, i3 1, i25 %radii" [patchMaker.cpp:180]   --->   Operation 187 'call' 'topR_jR_0' <Predicate = (!icmp_ln171)> <Delay = 4.46> <CoreType = "Generic">   --->   Core 0 '' <Latency = 0> <II = 1> <Delay = 1.00> <Generic> <Opcode : >
ST_15 : Operation 188 [1/1] (0.00ns)   --->   "%store_ln180 = store i64 %topR_jR_0, i64 %topR_jR_3_2" [patchMaker.cpp:180]   --->   Operation 188 'store' 'store_ln180' <Predicate = (!icmp_ln171 & trunc_ln177 == 2)> <Delay = 0.00>
ST_15 : Operation 189 [1/1] (0.00ns)   --->   "%br_ln180 = br void %.split918396081" [patchMaker.cpp:180]   --->   Operation 189 'br' 'br_ln180' <Predicate = (!icmp_ln171 & trunc_ln177 == 2)> <Delay = 0.00>
ST_15 : Operation 190 [1/1] (0.00ns)   --->   "%store_ln180 = store i64 %topR_jR_0, i64 %topR_jR_3_1" [patchMaker.cpp:180]   --->   Operation 190 'store' 'store_ln180' <Predicate = (!icmp_ln171 & trunc_ln177 == 1)> <Delay = 0.00>
ST_15 : Operation 191 [1/1] (0.00ns)   --->   "%br_ln180 = br void %.split918396081" [patchMaker.cpp:180]   --->   Operation 191 'br' 'br_ln180' <Predicate = (!icmp_ln171 & trunc_ln177 == 1)> <Delay = 0.00>
ST_15 : Operation 192 [1/1] (0.00ns)   --->   "%store_ln180 = store i64 %topR_jR_0, i64 %topR_jR_3" [patchMaker.cpp:180]   --->   Operation 192 'store' 'store_ln180' <Predicate = (!icmp_ln171 & trunc_ln177 == 0)> <Delay = 0.00>
ST_15 : Operation 193 [1/1] (0.00ns)   --->   "%br_ln180 = br void %.split918396081" [patchMaker.cpp:180]   --->   Operation 193 'br' 'br_ln180' <Predicate = (!icmp_ln171 & trunc_ln177 == 0)> <Delay = 0.00>
ST_15 : Operation 194 [1/1] (0.00ns)   --->   "%store_ln180 = store i64 %topR_jR_0, i64 %topR_jR_3_3" [patchMaker.cpp:180]   --->   Operation 194 'store' 'store_ln180' <Predicate = (!icmp_ln171 & trunc_ln177 == 3)> <Delay = 0.00>
ST_15 : Operation 195 [1/1] (0.00ns)   --->   "%br_ln180 = br void %.split918396081" [patchMaker.cpp:180]   --->   Operation 195 'br' 'br_ln180' <Predicate = (!icmp_ln171 & trunc_ln177 == 3)> <Delay = 0.00>

State 16 <SV = 15> <Delay = 1.20>
ST_16 : Operation 196 [1/1] (0.00ns)   --->   "%topL_jL_3_6 = alloca i32 1"   --->   Operation 196 'alloca' 'topL_jL_3_6' <Predicate = true> <Delay = 0.00>
ST_16 : Operation 197 [1/1] (0.00ns)   --->   "%empty_109 = alloca i32 1"   --->   Operation 197 'alloca' 'empty_109' <Predicate = true> <Delay = 0.00>
ST_16 : Operation 198 [1/1] (0.00ns)   --->   "%empty_110 = alloca i32 1"   --->   Operation 198 'alloca' 'empty_110' <Predicate = true> <Delay = 0.00>
ST_16 : Operation 199 [1/1] (0.00ns)   --->   "%empty_111 = alloca i32 1"   --->   Operation 199 'alloca' 'empty_111' <Predicate = true> <Delay = 0.00>
ST_16 : Operation 200 [1/1] (1.20ns)   --->   "%store_ln183 = store i64 %topL_jL_3_1_load, i10 %patches_parameters_1_addr" [patchMaker.cpp:183]   --->   Operation 200 'store' 'store_ln183' <Predicate = true> <Delay = 1.20> <CoreInst = "RAM">   --->   Core 83 'RAM' <Latency = 1> <II = 1> <Delay = 1.20> <Storage> <Opcode : 'load' 'store'> <Ports = 2> <Width = 64> <Depth = 768> <RAM>
ST_16 : Operation 201 [1/1] (1.20ns)   --->   "%store_ln184 = store i64 %topL_jR_3_load, i10 %patches_parameters_1_addr_12" [patchMaker.cpp:184]   --->   Operation 201 'store' 'store_ln184' <Predicate = true> <Delay = 1.20> <CoreInst = "RAM">   --->   Core 83 'RAM' <Latency = 1> <II = 1> <Delay = 1.20> <Storage> <Opcode : 'load' 'store'> <Ports = 2> <Width = 64> <Depth = 768> <RAM>
ST_16 : Operation 202 [1/1] (0.38ns)   --->   "%store_ln190 = store i64 %topR_jR_3_load, i64 %empty_111" [patchMaker.cpp:190]   --->   Operation 202 'store' 'store_ln190' <Predicate = true> <Delay = 0.38>
ST_16 : Operation 203 [1/1] (0.38ns)   --->   "%store_ln190 = store i64 %topR_jL_3_load, i64 %empty_110" [patchMaker.cpp:190]   --->   Operation 203 'store' 'store_ln190' <Predicate = true> <Delay = 0.38>
ST_16 : Operation 204 [1/1] (0.38ns)   --->   "%store_ln190 = store i64 %topL_jR_3_load, i64 %empty_109" [patchMaker.cpp:190]   --->   Operation 204 'store' 'store_ln190' <Predicate = true> <Delay = 0.38>
ST_16 : Operation 205 [1/1] (0.38ns)   --->   "%store_ln190 = store i64 %topL_jL_3_1_load, i64 %topL_jL_3_6" [patchMaker.cpp:190]   --->   Operation 205 'store' 'store_ln190' <Predicate = true> <Delay = 0.38>

State 17 <SV = 16> <Delay = 1.20>
ST_17 : Operation 206 [1/1] (1.20ns)   --->   "%store_ln185 = store i64 %topR_jL_3_load, i10 %patches_parameters_1_addr_13" [patchMaker.cpp:185]   --->   Operation 206 'store' 'store_ln185' <Predicate = true> <Delay = 1.20> <CoreInst = "RAM">   --->   Core 83 'RAM' <Latency = 1> <II = 1> <Delay = 1.20> <Storage> <Opcode : 'load' 'store'> <Ports = 2> <Width = 64> <Depth = 768> <RAM>
ST_17 : Operation 207 [1/1] (1.20ns)   --->   "%store_ln186 = store i64 %topR_jR_3_load, i10 %patches_parameters_1_addr_14" [patchMaker.cpp:186]   --->   Operation 207 'store' 'store_ln186' <Predicate = true> <Delay = 1.20> <CoreInst = "RAM">   --->   Core 83 'RAM' <Latency = 1> <II = 1> <Delay = 1.20> <Storage> <Opcode : 'load' 'store'> <Ports = 2> <Width = 64> <Depth = 768> <RAM>
ST_17 : Operation 208 [1/1] (0.38ns)   --->   "%br_ln190 = br void" [patchMaker.cpp:190]   --->   Operation 208 'br' 'br_ln190' <Predicate = true> <Delay = 0.38>

State 18 <SV = 17> <Delay = 3.14>
ST_18 : Operation 209 [1/1] (0.00ns)   --->   "%i_22 = phi i32 1, void %._crit_edge45.loopexit, i32 %add_ln190, void %._crit_edge2" [patchMaker.cpp:190]   --->   Operation 209 'phi' 'i_22' <Predicate = true> <Delay = 0.00>
ST_18 : Operation 210 [1/1] (0.00ns)   --->   "%specpipeline_ln0 = specpipeline void @_ssdm_op_SpecPipeline, i32 4294967295, i32 0, i32 1, i32 0, void @p_str"   --->   Operation 210 'specpipeline' 'specpipeline_ln0' <Predicate = true> <Delay = 0.00>
ST_18 : Operation 211 [1/1] (0.85ns)   --->   "%icmp_ln190 = icmp_ult  i32 %i_22, i32 %add_ln171" [patchMaker.cpp:190]   --->   Operation 211 'icmp' 'icmp_ln190' <Predicate = true> <Delay = 0.85> <CoreInst = "Cmp">   --->   Core 9 'Cmp' <Latency = 0> <II = 1> <Delay = 1.06> <FuncUnit> <Opcode : 'icmp'> <InPorts = 2> <OutPorts = 1>
ST_18 : Operation 212 [1/1] (0.00ns)   --->   "%br_ln190 = br i1 %icmp_ln190, void %._crit_edge.loopexit, void %.split_ifconv" [patchMaker.cpp:190]   --->   Operation 212 'br' 'br_ln190' <Predicate = true> <Delay = 0.00>
ST_18 : Operation 213 [1/1] (0.00ns)   --->   "%topL_jL_3_6_load = load i64 %topL_jL_3_6" [patchMaker.cpp:192]   --->   Operation 213 'load' 'topL_jL_3_6_load' <Predicate = (icmp_ln190)> <Delay = 0.00>
ST_18 : Operation 214 [1/1] (0.00ns)   --->   "%topL_jL_3_2_load = load i64 %topL_jL_3_2" [patchMaker.cpp:192]   --->   Operation 214 'load' 'topL_jL_3_2_load' <Predicate = (icmp_ln190)> <Delay = 0.00>
ST_18 : Operation 215 [1/1] (0.00ns)   --->   "%topL_jL_3_4_load = load i64 %topL_jL_3_4" [patchMaker.cpp:192]   --->   Operation 215 'load' 'topL_jL_3_4_load' <Predicate = (icmp_ln190)> <Delay = 0.00>
ST_18 : Operation 216 [1/1] (0.00ns)   --->   "%topL_jL_3_5_load = load i64 %topL_jL_3_5" [patchMaker.cpp:192]   --->   Operation 216 'load' 'topL_jL_3_5_load' <Predicate = (icmp_ln190)> <Delay = 0.00>
ST_18 : Operation 217 [1/1] (0.00ns)   --->   "%specloopname_ln190 = specloopname void @_ssdm_op_SpecLoopName, void @empty_3" [patchMaker.cpp:190]   --->   Operation 217 'specloopname' 'specloopname_ln190' <Predicate = (icmp_ln190)> <Delay = 0.00>
ST_18 : Operation 218 [1/1] (0.00ns)   --->   "%trunc_ln192 = trunc i32 %i_22" [patchMaker.cpp:192]   --->   Operation 218 'trunc' 'trunc_ln192' <Predicate = (icmp_ln190)> <Delay = 0.00>
ST_18 : Operation 219 [1/1] (0.34ns)   --->   "%icmp_ln192_1 = icmp_eq  i2 %trunc_ln192, i2 2" [patchMaker.cpp:192]   --->   Operation 219 'icmp' 'icmp_ln192_1' <Predicate = (icmp_ln190)> <Delay = 0.34> <CoreInst = "Cmp">   --->   Core 9 'Cmp' <Latency = 0> <II = 1> <Delay = 1.06> <FuncUnit> <Opcode : 'icmp'> <InPorts = 2> <OutPorts = 1>
ST_18 : Operation 220 [1/1] (0.00ns) (grouped into LUT with out node topL_jL_3_8)   --->   "%topL_jL_3 = select i1 %icmp_ln192_1, i64 %topL_jL_3_4_load, i64 %topL_jL_3_5_load" [patchMaker.cpp:192]   --->   Operation 220 'select' 'topL_jL_3' <Predicate = (icmp_ln190)> <Delay = 0.00> <CoreInst = "Sel">   --->   Core 73 'Sel' <Latency = 0> <II = 1> <Delay = 0.41> <FuncUnit> <Opcode : 'select'> <InPorts = 3> <OutPorts = 1>
ST_18 : Operation 221 [1/1] (0.34ns)   --->   "%icmp_ln192_2 = icmp_eq  i2 %trunc_ln192, i2 1" [patchMaker.cpp:192]   --->   Operation 221 'icmp' 'icmp_ln192_2' <Predicate = (icmp_ln190)> <Delay = 0.34> <CoreInst = "Cmp">   --->   Core 9 'Cmp' <Latency = 0> <II = 1> <Delay = 1.06> <FuncUnit> <Opcode : 'icmp'> <InPorts = 2> <OutPorts = 1>
ST_18 : Operation 222 [1/1] (0.41ns) (out node of the LUT)   --->   "%topL_jL_3_8 = select i1 %icmp_ln192_2, i64 %topL_jL_3_2_load, i64 %topL_jL_3" [patchMaker.cpp:192]   --->   Operation 222 'select' 'topL_jL_3_8' <Predicate = (icmp_ln190)> <Delay = 0.41> <CoreInst = "Sel">   --->   Core 73 'Sel' <Latency = 0> <II = 1> <Delay = 0.41> <FuncUnit> <Opcode : 'select'> <InPorts = 3> <OutPorts = 1>
ST_18 : Operation 223 [1/1] (1.06ns)   --->   "%icmp_ln192 = icmp_sgt  i64 %topL_jL_3_8, i64 %topL_jL_3_6_load" [patchMaker.cpp:192]   --->   Operation 223 'icmp' 'icmp_ln192' <Predicate = (icmp_ln190)> <Delay = 1.06> <CoreInst = "Cmp">   --->   Core 9 'Cmp' <Latency = 0> <II = 1> <Delay = 1.06> <FuncUnit> <Opcode : 'icmp'> <InPorts = 2> <OutPorts = 1>
ST_18 : Operation 224 [1/1] (0.00ns)   --->   "%br_ln192 = br i1 %icmp_ln192, void %.split._crit_edge, void %arrayidx318.case.16" [patchMaker.cpp:192]   --->   Operation 224 'br' 'br_ln192' <Predicate = (icmp_ln190)> <Delay = 0.00>
ST_18 : Operation 225 [1/1] (1.20ns)   --->   "%store_ln194 = store i64 %topL_jL_3_8, i10 %patches_parameters_1_addr" [patchMaker.cpp:194]   --->   Operation 225 'store' 'store_ln194' <Predicate = (icmp_ln190 & icmp_ln192)> <Delay = 1.20> <CoreInst = "RAM">   --->   Core 83 'RAM' <Latency = 1> <II = 1> <Delay = 1.20> <Storage> <Opcode : 'load' 'store'> <Ports = 2> <Width = 64> <Depth = 768> <RAM>
ST_18 : Operation 226 [1/1] (0.38ns)   --->   "%store_ln195 = store i64 %topL_jL_3_8, i64 %topL_jL_3_6" [patchMaker.cpp:195]   --->   Operation 226 'store' 'store_ln195' <Predicate = (icmp_ln190 & icmp_ln192)> <Delay = 0.38>
ST_18 : Operation 227 [1/1] (0.00ns)   --->   "%br_ln195 = br void %.split._crit_edge" [patchMaker.cpp:195]   --->   Operation 227 'br' 'br_ln195' <Predicate = (icmp_ln190 & icmp_ln192)> <Delay = 0.00>
ST_18 : Operation 228 [1/1] (0.00ns)   --->   "%p_load73 = load i64 %empty_109" [patchMaker.cpp:196]   --->   Operation 228 'load' 'p_load73' <Predicate = (icmp_ln190)> <Delay = 0.00>
ST_18 : Operation 229 [1/1] (0.00ns)   --->   "%topL_jR_3_1_load = load i64 %topL_jR_3_1" [patchMaker.cpp:196]   --->   Operation 229 'load' 'topL_jR_3_1_load' <Predicate = (icmp_ln190)> <Delay = 0.00>
ST_18 : Operation 230 [1/1] (0.00ns)   --->   "%topL_jR_3_2_load = load i64 %topL_jR_3_2" [patchMaker.cpp:196]   --->   Operation 230 'load' 'topL_jR_3_2_load' <Predicate = (icmp_ln190)> <Delay = 0.00>
ST_18 : Operation 231 [1/1] (0.00ns)   --->   "%topL_jR_3_3_load = load i64 %topL_jR_3_3" [patchMaker.cpp:196]   --->   Operation 231 'load' 'topL_jR_3_3_load' <Predicate = (icmp_ln190)> <Delay = 0.00>
ST_18 : Operation 232 [1/1] (0.45ns)   --->   "%phi_ln = mux i64 @_ssdm_op_Mux.ap_auto.4i64.i2, i64 %topL_jR_3_3_load, i64 %topL_jR_3_1_load, i64 %topL_jR_3_2_load, i64 %topL_jR_3_3_load, i2 %trunc_ln192" [patchMaker.cpp:196]   --->   Operation 232 'mux' 'phi_ln' <Predicate = (icmp_ln190)> <Delay = 0.45> <CoreInst = "Multiplexer">   --->   Core 76 'Multiplexer' <Latency = 0> <II = 1> <Delay = 0.45> <FuncUnit> <Opcode : 'mux'> <InPorts = 2> <OutPorts = 1>
ST_18 : Operation 233 [1/1] (1.06ns)   --->   "%icmp_ln196 = icmp_slt  i64 %phi_ln, i64 %p_load73" [patchMaker.cpp:196]   --->   Operation 233 'icmp' 'icmp_ln196' <Predicate = (icmp_ln190)> <Delay = 1.06> <CoreInst = "Cmp">   --->   Core 9 'Cmp' <Latency = 0> <II = 1> <Delay = 1.06> <FuncUnit> <Opcode : 'icmp'> <InPorts = 2> <OutPorts = 1>
ST_18 : Operation 234 [1/1] (0.00ns)   --->   "%br_ln196 = br i1 %icmp_ln196, void %._crit_edge, void %arrayidx3510.case.113" [patchMaker.cpp:196]   --->   Operation 234 'br' 'br_ln196' <Predicate = (icmp_ln190)> <Delay = 0.00>
ST_18 : Operation 235 [1/1] (1.20ns)   --->   "%store_ln198 = store i64 %phi_ln, i10 %patches_parameters_1_addr_12" [patchMaker.cpp:198]   --->   Operation 235 'store' 'store_ln198' <Predicate = (icmp_ln190 & icmp_ln196)> <Delay = 1.20> <CoreInst = "RAM">   --->   Core 83 'RAM' <Latency = 1> <II = 1> <Delay = 1.20> <Storage> <Opcode : 'load' 'store'> <Ports = 2> <Width = 64> <Depth = 768> <RAM>
ST_18 : Operation 236 [1/1] (0.38ns)   --->   "%store_ln199 = store i64 %phi_ln, i64 %empty_109" [patchMaker.cpp:199]   --->   Operation 236 'store' 'store_ln199' <Predicate = (icmp_ln190 & icmp_ln196)> <Delay = 0.38>
ST_18 : Operation 237 [1/1] (0.00ns)   --->   "%br_ln199 = br void %._crit_edge" [patchMaker.cpp:199]   --->   Operation 237 'br' 'br_ln199' <Predicate = (icmp_ln190 & icmp_ln196)> <Delay = 0.00>

State 19 <SV = 18> <Delay = 2.71>
ST_19 : Operation 238 [1/1] (0.00ns)   --->   "%p_load72 = load i64 %empty_110" [patchMaker.cpp:200]   --->   Operation 238 'load' 'p_load72' <Predicate = true> <Delay = 0.00>
ST_19 : Operation 239 [1/1] (0.00ns)   --->   "%topR_jL_3_1_load = load i64 %topR_jL_3_1" [patchMaker.cpp:200]   --->   Operation 239 'load' 'topR_jL_3_1_load' <Predicate = true> <Delay = 0.00>
ST_19 : Operation 240 [1/1] (0.00ns)   --->   "%topR_jL_3_2_load = load i64 %topR_jL_3_2" [patchMaker.cpp:200]   --->   Operation 240 'load' 'topR_jL_3_2_load' <Predicate = true> <Delay = 0.00>
ST_19 : Operation 241 [1/1] (0.00ns)   --->   "%topR_jL_3_3_load = load i64 %topR_jL_3_3" [patchMaker.cpp:200]   --->   Operation 241 'load' 'topR_jL_3_3_load' <Predicate = true> <Delay = 0.00>
ST_19 : Operation 242 [1/1] (0.45ns)   --->   "%phi_ln1 = mux i64 @_ssdm_op_Mux.ap_auto.4i64.i2, i64 %topR_jL_3_3_load, i64 %topR_jL_3_1_load, i64 %topR_jL_3_2_load, i64 %topR_jL_3_3_load, i2 %trunc_ln192" [patchMaker.cpp:200]   --->   Operation 242 'mux' 'phi_ln1' <Predicate = true> <Delay = 0.45> <CoreInst = "Multiplexer">   --->   Core 76 'Multiplexer' <Latency = 0> <II = 1> <Delay = 0.45> <FuncUnit> <Opcode : 'mux'> <InPorts = 2> <OutPorts = 1>
ST_19 : Operation 243 [1/1] (1.06ns)   --->   "%icmp_ln200 = icmp_sgt  i64 %phi_ln1, i64 %p_load72" [patchMaker.cpp:200]   --->   Operation 243 'icmp' 'icmp_ln200' <Predicate = true> <Delay = 1.06> <CoreInst = "Cmp">   --->   Core 9 'Cmp' <Latency = 0> <II = 1> <Delay = 1.06> <FuncUnit> <Opcode : 'icmp'> <InPorts = 2> <OutPorts = 1>
ST_19 : Operation 244 [1/1] (0.00ns)   --->   "%br_ln200 = br i1 %icmp_ln200, void %._crit_edge1, void %arrayidx3912.case.120" [patchMaker.cpp:200]   --->   Operation 244 'br' 'br_ln200' <Predicate = true> <Delay = 0.00>
ST_19 : Operation 245 [1/1] (1.20ns)   --->   "%store_ln202 = store i64 %phi_ln1, i10 %patches_parameters_1_addr_13" [patchMaker.cpp:202]   --->   Operation 245 'store' 'store_ln202' <Predicate = (icmp_ln200)> <Delay = 1.20> <CoreInst = "RAM">   --->   Core 83 'RAM' <Latency = 1> <II = 1> <Delay = 1.20> <Storage> <Opcode : 'load' 'store'> <Ports = 2> <Width = 64> <Depth = 768> <RAM>
ST_19 : Operation 246 [1/1] (0.38ns)   --->   "%store_ln203 = store i64 %phi_ln1, i64 %empty_110" [patchMaker.cpp:203]   --->   Operation 246 'store' 'store_ln203' <Predicate = (icmp_ln200)> <Delay = 0.38>
ST_19 : Operation 247 [1/1] (0.00ns)   --->   "%br_ln203 = br void %._crit_edge1" [patchMaker.cpp:203]   --->   Operation 247 'br' 'br_ln203' <Predicate = (icmp_ln200)> <Delay = 0.00>
ST_19 : Operation 248 [1/1] (0.00ns)   --->   "%p_load = load i64 %empty_111" [patchMaker.cpp:204]   --->   Operation 248 'load' 'p_load' <Predicate = true> <Delay = 0.00>
ST_19 : Operation 249 [1/1] (0.00ns)   --->   "%topR_jR_3_1_load = load i64 %topR_jR_3_1" [patchMaker.cpp:204]   --->   Operation 249 'load' 'topR_jR_3_1_load' <Predicate = true> <Delay = 0.00>
ST_19 : Operation 250 [1/1] (0.00ns)   --->   "%topR_jR_3_2_load = load i64 %topR_jR_3_2" [patchMaker.cpp:204]   --->   Operation 250 'load' 'topR_jR_3_2_load' <Predicate = true> <Delay = 0.00>
ST_19 : Operation 251 [1/1] (0.00ns)   --->   "%topR_jR_3_3_load = load i64 %topR_jR_3_3" [patchMaker.cpp:204]   --->   Operation 251 'load' 'topR_jR_3_3_load' <Predicate = true> <Delay = 0.00>
ST_19 : Operation 252 [1/1] (0.45ns)   --->   "%phi_ln2 = mux i64 @_ssdm_op_Mux.ap_auto.4i64.i2, i64 %topR_jR_3_3_load, i64 %topR_jR_3_1_load, i64 %topR_jR_3_2_load, i64 %topR_jR_3_3_load, i2 %trunc_ln192" [patchMaker.cpp:204]   --->   Operation 252 'mux' 'phi_ln2' <Predicate = true> <Delay = 0.45> <CoreInst = "Multiplexer">   --->   Core 76 'Multiplexer' <Latency = 0> <II = 1> <Delay = 0.45> <FuncUnit> <Opcode : 'mux'> <InPorts = 2> <OutPorts = 1>
ST_19 : Operation 253 [1/1] (1.06ns)   --->   "%icmp_ln204 = icmp_slt  i64 %phi_ln2, i64 %p_load" [patchMaker.cpp:204]   --->   Operation 253 'icmp' 'icmp_ln204' <Predicate = true> <Delay = 1.06> <CoreInst = "Cmp">   --->   Core 9 'Cmp' <Latency = 0> <II = 1> <Delay = 1.06> <FuncUnit> <Opcode : 'icmp'> <InPorts = 2> <OutPorts = 1>
ST_19 : Operation 254 [1/1] (0.00ns)   --->   "%br_ln204 = br i1 %icmp_ln204, void %._crit_edge2, void %arrayidx4314.case.127" [patchMaker.cpp:204]   --->   Operation 254 'br' 'br_ln204' <Predicate = true> <Delay = 0.00>
ST_19 : Operation 255 [1/1] (1.20ns)   --->   "%store_ln206 = store i64 %phi_ln2, i10 %patches_parameters_1_addr_14" [patchMaker.cpp:206]   --->   Operation 255 'store' 'store_ln206' <Predicate = (icmp_ln204)> <Delay = 1.20> <CoreInst = "RAM">   --->   Core 83 'RAM' <Latency = 1> <II = 1> <Delay = 1.20> <Storage> <Opcode : 'load' 'store'> <Ports = 2> <Width = 64> <Depth = 768> <RAM>
ST_19 : Operation 256 [1/1] (0.38ns)   --->   "%store_ln207 = store i64 %phi_ln2, i64 %empty_111" [patchMaker.cpp:207]   --->   Operation 256 'store' 'store_ln207' <Predicate = (icmp_ln204)> <Delay = 0.38>
ST_19 : Operation 257 [1/1] (0.00ns)   --->   "%br_ln207 = br void %._crit_edge2" [patchMaker.cpp:207]   --->   Operation 257 'br' 'br_ln207' <Predicate = (icmp_ln204)> <Delay = 0.00>
ST_19 : Operation 258 [1/1] (0.88ns)   --->   "%add_ln190 = add i32 %i_22, i32 1" [patchMaker.cpp:190]   --->   Operation 258 'add' 'add_ln190' <Predicate = true> <Delay = 0.88> <CoreInst = "Adder">   --->   Core 1 'Adder' <Latency = 0> <II = 1> <Delay = 0.88> <FuncUnit> <Opcode : 'add' 'sub'> <InPorts = 2> <OutPorts = 1>
ST_19 : Operation 259 [1/1] (0.00ns)   --->   "%br_ln0 = br void"   --->   Operation 259 'br' 'br_ln0' <Predicate = true> <Delay = 0.00>

State 20 <SV = 18> <Delay = 0.00>
ST_20 : Operation 260 [1/1] (0.00ns)   --->   "%ret_ln209 = ret" [patchMaker.cpp:209]   --->   Operation 260 'ret' 'ret_ln209' <Predicate = true> <Delay = 0.00>


============================================================
+ Verbose Summary: Timing violations
============================================================
Target clock period: 10ns, clock uncertainty: 2.7ns.

 <State 1>: 1.92ns
The critical path consists of the following:
	wire read on port 'wp_parameters_4' [28]  (0 ns)
	'or' operation ('empty') [31]  (0 ns)
	'sub' operation ('empty_107') [34]  (0.725 ns)
	'getelementptr' operation ('patches_parameters_4_addr') [36]  (0 ns)
	'load' operation ('patches_parameters_4_load') on array 'patches_parameters_4' [69]  (1.2 ns)

 <State 2>: 2.08ns
The critical path consists of the following:
	'load' operation ('patches_parameters_4_load') on array 'patches_parameters_4' [69]  (1.2 ns)
	'add' operation ('add_ln171', patchMaker.cpp:171) [71]  (0.88 ns)

 <State 3>: 2.65ns
The critical path consists of the following:
	'phi' operation ('i', patchMaker.cpp:173) with incoming values : ('add_ln173', patchMaker.cpp:173) [74]  (0 ns)
	'add' operation ('add_ln174', patchMaker.cpp:174) [88]  (0.725 ns)
	'add' operation ('add_ln174_1', patchMaker.cpp:174) [89]  (0.725 ns)
	'getelementptr' operation ('patches_superpoints_31_addr', patchMaker.cpp:174) [91]  (0 ns)
	'load' operation ('z_j_min', patchMaker.cpp:174) on array 'patches_superpoints_31' [96]  (1.2 ns)

 <State 4>: 6ns
The critical path consists of the following:
	'load' operation ('z_j_max', patchMaker.cpp:175) on array 'patches_superpoints_31' [97]  (1.2 ns)
	'call' operation ('topL_jR[0]', patchMaker.cpp:178) to 'straightLineProjectorFromLayerIJtoK' [114]  (4.8 ns)

 <State 5>: 7.3ns
The critical path consists of the following:
	'call' operation ('topR_jL[0]', patchMaker.cpp:179) to 'straightLineProjectorFromLayerIJtoK' [129]  (7.3 ns)

 <State 6>: 7.3ns
The critical path consists of the following:
	'call' operation ('topL_jR[0]', patchMaker.cpp:178) to 'straightLineProjectorFromLayerIJtoK' [114]  (7.3 ns)

 <State 7>: 7.3ns
The critical path consists of the following:
	'call' operation ('topR_jR[0]', patchMaker.cpp:180) to 'straightLineProjectorFromLayerIJtoK' [144]  (7.3 ns)

 <State 8>: 7.3ns
The critical path consists of the following:
	'call' operation ('topR_jL[0]', patchMaker.cpp:179) to 'straightLineProjectorFromLayerIJtoK' [129]  (7.3 ns)

 <State 9>: 7.3ns
The critical path consists of the following:
	'call' operation ('topR_jL[0]', patchMaker.cpp:179) to 'straightLineProjectorFromLayerIJtoK' [129]  (7.3 ns)

 <State 10>: 7.3ns
The critical path consists of the following:
	'call' operation ('topL_jR[0]', patchMaker.cpp:178) to 'straightLineProjectorFromLayerIJtoK' [114]  (7.3 ns)

 <State 11>: 7.3ns
The critical path consists of the following:
	'call' operation ('topL_jR[0]', patchMaker.cpp:178) to 'straightLineProjectorFromLayerIJtoK' [114]  (7.3 ns)

 <State 12>: 7.3ns
The critical path consists of the following:
	'call' operation ('topL_jR[0]', patchMaker.cpp:178) to 'straightLineProjectorFromLayerIJtoK' [114]  (7.3 ns)

 <State 13>: 7.3ns
The critical path consists of the following:
	'call' operation ('topR_jR[0]', patchMaker.cpp:180) to 'straightLineProjectorFromLayerIJtoK' [144]  (7.3 ns)

 <State 14>: 7.3ns
The critical path consists of the following:
	'call' operation ('topR_jR[0]', patchMaker.cpp:180) to 'straightLineProjectorFromLayerIJtoK' [144]  (7.3 ns)

 <State 15>: 4.46ns
The critical path consists of the following:
	'call' operation ('topL_jL[0]', patchMaker.cpp:177) to 'straightLineProjectorFromLayerIJtoK' [98]  (4.46 ns)
	'store' operation ('store_ln177', patchMaker.cpp:177) of variable 'topL_jL[0]', patchMaker.cpp:177 on local variable 'topL_jL[3]' [102]  (0 ns)

 <State 16>: 1.2ns
The critical path consists of the following:
	'store' operation ('store_ln183', patchMaker.cpp:183) of variable 'topL_jL_3_1_load' on array 'patches_parameters_1' [165]  (1.2 ns)

 <State 17>: 1.2ns
The critical path consists of the following:
	'store' operation ('store_ln185', patchMaker.cpp:185) of variable 'topR_jL_3_load' on array 'patches_parameters_1' [167]  (1.2 ns)

 <State 18>: 3.14ns
The critical path consists of the following:
	'phi' operation ('i', patchMaker.cpp:190) with incoming values : ('add_ln190', patchMaker.cpp:190) [175]  (0 ns)
	'icmp' operation ('icmp_ln192_1', patchMaker.cpp:192) [186]  (0.343 ns)
	'select' operation ('topL_jL[3]', patchMaker.cpp:192) [187]  (0 ns)
	'select' operation ('topL_jL[3]', patchMaker.cpp:192) [189]  (0.411 ns)
	'store' operation ('store_ln194', patchMaker.cpp:194) of variable 'topL_jL[3]', patchMaker.cpp:192 on array 'patches_parameters_1' [193]  (1.2 ns)
	blocking operation 1.19 ns on control path)

 <State 19>: 2.72ns
The critical path consists of the following:
	'load' operation ('topR_jL_3_1_load', patchMaker.cpp:200) on local variable 'topR_jL[3]' [210]  (0 ns)
	'mux' operation ('phi_ln1', patchMaker.cpp:200) [213]  (0.453 ns)
	'store' operation ('store_ln202', patchMaker.cpp:202) of variable 'phi_ln1', patchMaker.cpp:200 on array 'patches_parameters_1' [217]  (1.2 ns)
	blocking operation 1.06 ns on control path)

 <State 20>: 0ns
The critical path consists of the following:


============================================================
+ Verbose Summary: Binding
============================================================
N/A
* FSMD analyzer results:
  - Output states:
 - Input state : 
  - Chain level:
	State 1
	State 2
	State 3
	State 4
	State 5
	State 6
	State 7
	State 8
	State 9
	State 10
	State 11
	State 12
	State 13
	State 14
	State 15
	State 16
	State 17
	State 18
	State 19
	State 20


============================================================
+ Verbose Summary: Datapath Resource usage 
============================================================
N/A
