

================================================================
== Vitis HLS Report for 'getParallelogramsAndAcceptanceCorners'
================================================================
* Date:           Thu Aug  8 03:56:13 2024

* Version:        2020.2 (Build 3064766 on Wed Nov 18 09:12:45 MST 2020)
* Project:        PatchMaker_tanishGit
* Solution:       solutionLC (Vivado IP Flow Target)
* Product family: virtexuplus
* Target device:  xcvu19p-fsvb3824-2-e


================================================================
== Performance Estimates
================================================================
+ Timing: 
    * Summary: 
    +--------+---------+----------+------------+
    |  Clock |  Target | Estimated| Uncertainty|
    +--------+---------+----------+------------+
    |ap_clk  |  3.00 ns|  2.172 ns|     0.81 ns|
    +--------+---------+----------+------------+

+ Latency: 
    * Summary: 
    +---------+---------+-----------+-----------+-----+-----+---------+
    |  Latency (cycles) |   Latency (absolute)  |  Interval | Pipeline|
    |   min   |   max   |    min    |    max    | min | max |   Type  |
    +---------+---------+-----------+-----------+-----+-----+---------+
    |       13|       13|  39.000 ns|  39.000 ns|   13|   13|     none|
    +---------+---------+-----------+-----------+-----+-----+---------+

    + Detail: 
        * Instance: 
        N/A

        * Loop: 
        +---------------------------------------+---------+---------+----------+-----------+-----------+------+----------+
        |                                       |  Latency (cycles) | Iteration|  Initiation Interval  | Trip |          |
        |               Loop Name               |   min   |   max   |  Latency |  achieved |   target  | Count| Pipelined|
        +---------------------------------------+---------+---------+----------+-----------+-----------+------+----------+
        |- get_acceptanceCorners_minMaxFinding  |        4|        4|         1|          -|          -|     4|        no|
        +---------------------------------------+---------+---------+----------+-----------+-----------+------+----------+

============================================================
+ Verbose Summary: Synthesis Manager
============================================================
InlineROM: 1
ExposeGlobal: 0
============================================================
+ Verbose Summary: CDFG Model
============================================================
IsTopModel: 0
ResetActiveHigh: 1
IsCombinational: 0
IsDatapathOnly: 0
HasWiredReturn: 1
HasMFsm: 0
HasVarLatency: 1
IsPipeline: 0
IsRtlPipelined: 0
IsInstanceOverlapped: 0
IsDontTouch: 0
HasImplIP: 0
IsGatedGlobalClock: 0


============================================================
+ Verbose Summary: Schedule
============================================================
* Number of FSM states : 4
* Pipeline : 0
* Dataflow Pipeline: 0

* FSM state transitions: 
1 --> 2 
2 --> 3 
3 --> 4 
4 --> 4 

* FSM state operations: 

State 1 <SV = 0> <Delay = 1.94>
ST_1 : Operation 5 [1/1] (0.00ns)   --->   "%wp_superpoints_0_15_1_read_2 = read i32 @_ssdm_op_Read.ap_auto.i32, i32 %wp_superpoints_0_15_1_read" [patchMaker.cpp:10]   --->   Operation 5 'read' 'wp_superpoints_0_15_1_read_2' <Predicate = true> <Delay = 0.00>
ST_1 : Operation 6 [1/1] (0.00ns)   --->   "%wp_superpoints_0_0_1_read_2 = read i32 @_ssdm_op_Read.ap_auto.i32, i32 %wp_superpoints_0_0_1_read" [patchMaker.cpp:10]   --->   Operation 6 'read' 'wp_superpoints_0_0_1_read_2' <Predicate = true> <Delay = 0.00>
ST_1 : Operation 7 [1/1] (0.85ns)   --->   "%icmp_ln13 = icmp_slt  i32 %wp_superpoints_0_0_1_read_2, i32 4272967196" [patchMaker.cpp:13]   --->   Operation 7 'icmp' 'icmp_ln13' <Predicate = true> <Delay = 0.85> <CoreInst = "Cmp">   --->   Core 9 'Cmp' <Latency = 0> <II = 1> <Delay = 0.85> <FuncUnit> <Opcode : 'icmp'> <InPorts = 2> <OutPorts = 1>
ST_1 : Operation 8 [1/1] (0.22ns)   --->   "%z1_min = select i1 %icmp_ln13, i32 4272967196, i32 %wp_superpoints_0_0_1_read_2" [patchMaker.cpp:13]   --->   Operation 8 'select' 'z1_min' <Predicate = true> <Delay = 0.22> <CoreInst = "Sel">   --->   Core 73 'Sel' <Latency = 0> <II = 1> <Delay = 0.22> <FuncUnit> <Opcode : 'select'> <InPorts = 3> <OutPorts = 1>
ST_1 : Operation 9 [1/1] (0.00ns)   --->   "%trunc_ln13 = trunc i32 %z1_min" [patchMaker.cpp:13]   --->   Operation 9 'trunc' 'trunc_ln13' <Predicate = true> <Delay = 0.00>
ST_1 : Operation 10 [1/1] (0.85ns)   --->   "%icmp_ln14 = icmp_slt  i32 %wp_superpoints_0_15_1_read_2, i32 22000100" [patchMaker.cpp:14]   --->   Operation 10 'icmp' 'icmp_ln14' <Predicate = true> <Delay = 0.85> <CoreInst = "Cmp">   --->   Core 9 'Cmp' <Latency = 0> <II = 1> <Delay = 0.85> <FuncUnit> <Opcode : 'icmp'> <InPorts = 2> <OutPorts = 1>
ST_1 : Operation 11 [1/1] (0.22ns)   --->   "%z1_max = select i1 %icmp_ln14, i32 %wp_superpoints_0_15_1_read_2, i32 22000100" [patchMaker.cpp:14]   --->   Operation 11 'select' 'z1_max' <Predicate = true> <Delay = 0.22> <CoreInst = "Sel">   --->   Core 73 'Sel' <Latency = 0> <II = 1> <Delay = 0.22> <FuncUnit> <Opcode : 'select'> <InPorts = 3> <OutPorts = 1>
ST_1 : Operation 12 [1/1] (0.00ns)   --->   "%trunc_ln14 = trunc i32 %z1_max" [patchMaker.cpp:14]   --->   Operation 12 'trunc' 'trunc_ln14' <Predicate = true> <Delay = 0.00>
ST_1 : Operation 13 [1/1] (0.85ns)   --->   "%icmp_ln22 = icmp_sgt  i32 %z1_min, i32 %z1_max" [patchMaker.cpp:22]   --->   Operation 13 'icmp' 'icmp_ln22' <Predicate = true> <Delay = 0.85> <CoreInst = "Cmp">   --->   Core 9 'Cmp' <Latency = 0> <II = 1> <Delay = 0.85> <FuncUnit> <Opcode : 'icmp'> <InPorts = 2> <OutPorts = 1>

State 2 <SV = 1> <Delay = 2.11>
ST_2 : Operation 14 [1/1] (0.00ns)   --->   "%wp_superpoints_4_15_1_read_1 = read i32 @_ssdm_op_Read.ap_auto.i32, i32 %wp_superpoints_4_15_1_read" [patchMaker.cpp:10]   --->   Operation 14 'read' 'wp_superpoints_4_15_1_read_1' <Predicate = true> <Delay = 0.00>
ST_2 : Operation 15 [1/1] (0.00ns)   --->   "%wp_superpoints_4_0_1_read_1 = read i32 @_ssdm_op_Read.ap_auto.i32, i32 %wp_superpoints_4_0_1_read" [patchMaker.cpp:10]   --->   Operation 15 'read' 'wp_superpoints_4_0_1_read_1' <Predicate = true> <Delay = 0.00>
ST_2 : Operation 16 [1/1] (0.00ns)   --->   "%wp_superpoints_3_15_1_read_2 = read i32 @_ssdm_op_Read.ap_auto.i32, i32 %wp_superpoints_3_15_1_read" [patchMaker.cpp:10]   --->   Operation 16 'read' 'wp_superpoints_3_15_1_read_2' <Predicate = true> <Delay = 0.00>
ST_2 : Operation 17 [1/1] (0.00ns)   --->   "%wp_superpoints_3_0_1_read_2 = read i32 @_ssdm_op_Read.ap_auto.i32, i32 %wp_superpoints_3_0_1_read" [patchMaker.cpp:10]   --->   Operation 17 'read' 'wp_superpoints_3_0_1_read_2' <Predicate = true> <Delay = 0.00>
ST_2 : Operation 18 [1/1] (0.00ns)   --->   "%wp_superpoints_2_15_1_read_2 = read i32 @_ssdm_op_Read.ap_auto.i32, i32 %wp_superpoints_2_15_1_read" [patchMaker.cpp:10]   --->   Operation 18 'read' 'wp_superpoints_2_15_1_read_2' <Predicate = true> <Delay = 0.00>
ST_2 : Operation 19 [1/1] (0.00ns)   --->   "%wp_superpoints_2_0_1_read_2 = read i32 @_ssdm_op_Read.ap_auto.i32, i32 %wp_superpoints_2_0_1_read" [patchMaker.cpp:10]   --->   Operation 19 'read' 'wp_superpoints_2_0_1_read_2' <Predicate = true> <Delay = 0.00>
ST_2 : Operation 20 [1/1] (0.00ns)   --->   "%wp_superpoints_1_15_1_read_2 = read i32 @_ssdm_op_Read.ap_auto.i32, i32 %wp_superpoints_1_15_1_read" [patchMaker.cpp:10]   --->   Operation 20 'read' 'wp_superpoints_1_15_1_read_2' <Predicate = true> <Delay = 0.00>
ST_2 : Operation 21 [1/1] (0.00ns)   --->   "%wp_superpoints_1_0_1_read_2 = read i32 @_ssdm_op_Read.ap_auto.i32, i32 %wp_superpoints_1_0_1_read" [patchMaker.cpp:10]   --->   Operation 21 'read' 'wp_superpoints_1_0_1_read_2' <Predicate = true> <Delay = 0.00>
ST_2 : Operation 22 [1/1] (0.34ns)   --->   "%z1_max_1 = select i1 %icmp_ln22, i26 23000100, i26 %trunc_ln14" [patchMaker.cpp:22]   --->   Operation 22 'select' 'z1_max_1' <Predicate = true> <Delay = 0.34> <CoreInst = "Sel">   --->   Core 73 'Sel' <Latency = 0> <II = 1> <Delay = 0.22> <FuncUnit> <Opcode : 'select'> <InPorts = 3> <OutPorts = 1>
ST_2 : Operation 23 [1/1] (0.00ns)   --->   "%sext_ln22 = sext i26 %z1_max_1" [patchMaker.cpp:22]   --->   Operation 23 'sext' 'sext_ln22' <Predicate = true> <Delay = 0.00>
ST_2 : Operation 24 [1/1] (0.34ns)   --->   "%z1_min_1 = select i1 %icmp_ln22, i26 23000100, i26 %trunc_ln13" [patchMaker.cpp:22]   --->   Operation 24 'select' 'z1_min_1' <Predicate = true> <Delay = 0.34> <CoreInst = "Sel">   --->   Core 73 'Sel' <Latency = 0> <II = 1> <Delay = 0.22> <FuncUnit> <Opcode : 'select'> <InPorts = 3> <OutPorts = 1>
ST_2 : Operation 25 [1/1] (0.00ns)   --->   "%sext_ln13 = sext i26 %z1_min_1" [patchMaker.cpp:13]   --->   Operation 25 'sext' 'sext_ln13' <Predicate = true> <Delay = 0.00>
ST_2 : Operation 26 [2/2] (1.77ns)   --->   "%a = call i32 @straightLineProjectorFromLayerIJtoK, i32 %sext_ln13, i32 %wp_superpoints_1_15_1_read_2, i3 1, i3 2, i3 5, i35 %radiiDivisionList" [patchMaker.cpp:37]   --->   Operation 26 'call' 'a' <Predicate = true> <Delay = 1.77> <CoreType = "Generic">   --->   Core 0 '' <Latency = 0> <II = 1> <Delay = 1.00> <Generic> <Opcode : >
ST_2 : Operation 27 [2/2] (1.77ns)   --->   "%b = call i32 @straightLineProjectorFromLayerIJtoK, i32 %sext_ln22, i32 %wp_superpoints_1_15_1_read_2, i3 1, i3 2, i3 5, i35 %radiiDivisionList" [patchMaker.cpp:38]   --->   Operation 27 'call' 'b' <Predicate = true> <Delay = 1.77> <CoreType = "Generic">   --->   Core 0 '' <Latency = 0> <II = 1> <Delay = 1.00> <Generic> <Opcode : >
ST_2 : Operation 28 [2/2] (1.77ns)   --->   "%c = call i32 @straightLineProjectorFromLayerIJtoK, i32 %sext_ln13, i32 %wp_superpoints_1_0_1_read_2, i3 1, i3 2, i3 5, i35 %radiiDivisionList" [patchMaker.cpp:39]   --->   Operation 28 'call' 'c' <Predicate = true> <Delay = 1.77> <CoreType = "Generic">   --->   Core 0 '' <Latency = 0> <II = 1> <Delay = 1.00> <Generic> <Opcode : >
ST_2 : Operation 29 [2/2] (1.77ns)   --->   "%d = call i32 @straightLineProjectorFromLayerIJtoK, i32 %sext_ln22, i32 %wp_superpoints_1_0_1_read_2, i3 1, i3 2, i3 5, i35 %radiiDivisionList" [patchMaker.cpp:40]   --->   Operation 29 'call' 'd' <Predicate = true> <Delay = 1.77> <CoreType = "Generic">   --->   Core 0 '' <Latency = 0> <II = 1> <Delay = 1.00> <Generic> <Opcode : >
ST_2 : Operation 30 [2/2] (1.77ns)   --->   "%a_2 = call i32 @straightLineProjectorFromLayerIJtoK, i32 %sext_ln13, i32 %wp_superpoints_2_15_1_read_2, i3 1, i3 3, i3 5, i35 %radiiDivisionList" [patchMaker.cpp:37]   --->   Operation 30 'call' 'a_2' <Predicate = true> <Delay = 1.77> <CoreType = "Generic">   --->   Core 0 '' <Latency = 0> <II = 1> <Delay = 1.00> <Generic> <Opcode : >
ST_2 : Operation 31 [2/2] (1.77ns)   --->   "%b_1 = call i32 @straightLineProjectorFromLayerIJtoK, i32 %sext_ln22, i32 %wp_superpoints_2_15_1_read_2, i3 1, i3 3, i3 5, i35 %radiiDivisionList" [patchMaker.cpp:38]   --->   Operation 31 'call' 'b_1' <Predicate = true> <Delay = 1.77> <CoreType = "Generic">   --->   Core 0 '' <Latency = 0> <II = 1> <Delay = 1.00> <Generic> <Opcode : >
ST_2 : Operation 32 [2/2] (1.77ns)   --->   "%c_1 = call i32 @straightLineProjectorFromLayerIJtoK, i32 %sext_ln13, i32 %wp_superpoints_2_0_1_read_2, i3 1, i3 3, i3 5, i35 %radiiDivisionList" [patchMaker.cpp:39]   --->   Operation 32 'call' 'c_1' <Predicate = true> <Delay = 1.77> <CoreType = "Generic">   --->   Core 0 '' <Latency = 0> <II = 1> <Delay = 1.00> <Generic> <Opcode : >
ST_2 : Operation 33 [2/2] (1.77ns)   --->   "%d_1 = call i32 @straightLineProjectorFromLayerIJtoK, i32 %sext_ln22, i32 %wp_superpoints_2_0_1_read_2, i3 1, i3 3, i3 5, i35 %radiiDivisionList" [patchMaker.cpp:40]   --->   Operation 33 'call' 'd_1' <Predicate = true> <Delay = 1.77> <CoreType = "Generic">   --->   Core 0 '' <Latency = 0> <II = 1> <Delay = 1.00> <Generic> <Opcode : >
ST_2 : Operation 34 [2/2] (1.77ns)   --->   "%a_3 = call i32 @straightLineProjectorFromLayerIJtoK, i32 %sext_ln13, i32 %wp_superpoints_3_15_1_read_2, i3 1, i3 4, i3 5, i35 %radiiDivisionList" [patchMaker.cpp:37]   --->   Operation 34 'call' 'a_3' <Predicate = true> <Delay = 1.77> <CoreType = "Generic">   --->   Core 0 '' <Latency = 0> <II = 1> <Delay = 1.00> <Generic> <Opcode : >
ST_2 : Operation 35 [2/2] (1.77ns)   --->   "%b_2 = call i32 @straightLineProjectorFromLayerIJtoK, i32 %sext_ln22, i32 %wp_superpoints_3_15_1_read_2, i3 1, i3 4, i3 5, i35 %radiiDivisionList" [patchMaker.cpp:38]   --->   Operation 35 'call' 'b_2' <Predicate = true> <Delay = 1.77> <CoreType = "Generic">   --->   Core 0 '' <Latency = 0> <II = 1> <Delay = 1.00> <Generic> <Opcode : >
ST_2 : Operation 36 [2/2] (1.77ns)   --->   "%c_2 = call i32 @straightLineProjectorFromLayerIJtoK, i32 %sext_ln13, i32 %wp_superpoints_3_0_1_read_2, i3 1, i3 4, i3 5, i35 %radiiDivisionList" [patchMaker.cpp:39]   --->   Operation 36 'call' 'c_2' <Predicate = true> <Delay = 1.77> <CoreType = "Generic">   --->   Core 0 '' <Latency = 0> <II = 1> <Delay = 1.00> <Generic> <Opcode : >
ST_2 : Operation 37 [2/2] (1.77ns)   --->   "%d_2 = call i32 @straightLineProjectorFromLayerIJtoK, i32 %sext_ln22, i32 %wp_superpoints_3_0_1_read_2, i3 1, i3 4, i3 5, i35 %radiiDivisionList" [patchMaker.cpp:40]   --->   Operation 37 'call' 'd_2' <Predicate = true> <Delay = 1.77> <CoreType = "Generic">   --->   Core 0 '' <Latency = 0> <II = 1> <Delay = 1.00> <Generic> <Opcode : >
ST_2 : Operation 38 [2/2] (1.77ns)   --->   "%a_4 = call i32 @straightLineProjectorFromLayerIJtoK, i32 %sext_ln13, i32 %wp_superpoints_4_15_1_read_1, i3 1, i3 5, i3 5, i35 %radiiDivisionList" [patchMaker.cpp:37]   --->   Operation 38 'call' 'a_4' <Predicate = true> <Delay = 1.77> <CoreType = "Generic">   --->   Core 0 '' <Latency = 0> <II = 1> <Delay = 1.00> <Generic> <Opcode : >
ST_2 : Operation 39 [2/2] (1.77ns)   --->   "%b_3 = call i32 @straightLineProjectorFromLayerIJtoK, i32 %sext_ln22, i32 %wp_superpoints_4_15_1_read_1, i3 1, i3 5, i3 5, i35 %radiiDivisionList" [patchMaker.cpp:38]   --->   Operation 39 'call' 'b_3' <Predicate = true> <Delay = 1.77> <CoreType = "Generic">   --->   Core 0 '' <Latency = 0> <II = 1> <Delay = 1.00> <Generic> <Opcode : >
ST_2 : Operation 40 [2/2] (1.77ns)   --->   "%c_3 = call i32 @straightLineProjectorFromLayerIJtoK, i32 %sext_ln13, i32 %wp_superpoints_4_0_1_read_1, i3 1, i3 5, i3 5, i35 %radiiDivisionList" [patchMaker.cpp:39]   --->   Operation 40 'call' 'c_3' <Predicate = true> <Delay = 1.77> <CoreType = "Generic">   --->   Core 0 '' <Latency = 0> <II = 1> <Delay = 1.00> <Generic> <Opcode : >
ST_2 : Operation 41 [2/2] (1.77ns)   --->   "%d_3 = call i32 @straightLineProjectorFromLayerIJtoK, i32 %sext_ln22, i32 %wp_superpoints_4_0_1_read_1, i3 1, i3 5, i3 5, i35 %radiiDivisionList" [patchMaker.cpp:40]   --->   Operation 41 'call' 'd_3' <Predicate = true> <Delay = 1.77> <CoreType = "Generic">   --->   Core 0 '' <Latency = 0> <II = 1> <Delay = 1.00> <Generic> <Opcode : >

State 3 <SV = 2> <Delay = 1.10>
ST_3 : Operation 42 [1/2] (1.10ns)   --->   "%a = call i32 @straightLineProjectorFromLayerIJtoK, i32 %sext_ln13, i32 %wp_superpoints_1_15_1_read_2, i3 1, i3 2, i3 5, i35 %radiiDivisionList" [patchMaker.cpp:37]   --->   Operation 42 'call' 'a' <Predicate = true> <Delay = 1.10> <CoreType = "Generic">   --->   Core 0 '' <Latency = 0> <II = 1> <Delay = 1.00> <Generic> <Opcode : >
ST_3 : Operation 43 [1/2] (1.10ns)   --->   "%b = call i32 @straightLineProjectorFromLayerIJtoK, i32 %sext_ln22, i32 %wp_superpoints_1_15_1_read_2, i3 1, i3 2, i3 5, i35 %radiiDivisionList" [patchMaker.cpp:38]   --->   Operation 43 'call' 'b' <Predicate = true> <Delay = 1.10> <CoreType = "Generic">   --->   Core 0 '' <Latency = 0> <II = 1> <Delay = 1.00> <Generic> <Opcode : >
ST_3 : Operation 44 [1/2] (1.10ns)   --->   "%c = call i32 @straightLineProjectorFromLayerIJtoK, i32 %sext_ln13, i32 %wp_superpoints_1_0_1_read_2, i3 1, i3 2, i3 5, i35 %radiiDivisionList" [patchMaker.cpp:39]   --->   Operation 44 'call' 'c' <Predicate = true> <Delay = 1.10> <CoreType = "Generic">   --->   Core 0 '' <Latency = 0> <II = 1> <Delay = 1.00> <Generic> <Opcode : >
ST_3 : Operation 45 [1/2] (1.10ns)   --->   "%d = call i32 @straightLineProjectorFromLayerIJtoK, i32 %sext_ln22, i32 %wp_superpoints_1_0_1_read_2, i3 1, i3 2, i3 5, i35 %radiiDivisionList" [patchMaker.cpp:40]   --->   Operation 45 'call' 'd' <Predicate = true> <Delay = 1.10> <CoreType = "Generic">   --->   Core 0 '' <Latency = 0> <II = 1> <Delay = 1.00> <Generic> <Opcode : >
ST_3 : Operation 46 [1/2] (1.10ns)   --->   "%a_2 = call i32 @straightLineProjectorFromLayerIJtoK, i32 %sext_ln13, i32 %wp_superpoints_2_15_1_read_2, i3 1, i3 3, i3 5, i35 %radiiDivisionList" [patchMaker.cpp:37]   --->   Operation 46 'call' 'a_2' <Predicate = true> <Delay = 1.10> <CoreType = "Generic">   --->   Core 0 '' <Latency = 0> <II = 1> <Delay = 1.00> <Generic> <Opcode : >
ST_3 : Operation 47 [1/2] (1.10ns)   --->   "%b_1 = call i32 @straightLineProjectorFromLayerIJtoK, i32 %sext_ln22, i32 %wp_superpoints_2_15_1_read_2, i3 1, i3 3, i3 5, i35 %radiiDivisionList" [patchMaker.cpp:38]   --->   Operation 47 'call' 'b_1' <Predicate = true> <Delay = 1.10> <CoreType = "Generic">   --->   Core 0 '' <Latency = 0> <II = 1> <Delay = 1.00> <Generic> <Opcode : >
ST_3 : Operation 48 [1/2] (1.10ns)   --->   "%c_1 = call i32 @straightLineProjectorFromLayerIJtoK, i32 %sext_ln13, i32 %wp_superpoints_2_0_1_read_2, i3 1, i3 3, i3 5, i35 %radiiDivisionList" [patchMaker.cpp:39]   --->   Operation 48 'call' 'c_1' <Predicate = true> <Delay = 1.10> <CoreType = "Generic">   --->   Core 0 '' <Latency = 0> <II = 1> <Delay = 1.00> <Generic> <Opcode : >
ST_3 : Operation 49 [1/2] (1.10ns)   --->   "%d_1 = call i32 @straightLineProjectorFromLayerIJtoK, i32 %sext_ln22, i32 %wp_superpoints_2_0_1_read_2, i3 1, i3 3, i3 5, i35 %radiiDivisionList" [patchMaker.cpp:40]   --->   Operation 49 'call' 'd_1' <Predicate = true> <Delay = 1.10> <CoreType = "Generic">   --->   Core 0 '' <Latency = 0> <II = 1> <Delay = 1.00> <Generic> <Opcode : >
ST_3 : Operation 50 [1/2] (1.10ns)   --->   "%a_3 = call i32 @straightLineProjectorFromLayerIJtoK, i32 %sext_ln13, i32 %wp_superpoints_3_15_1_read_2, i3 1, i3 4, i3 5, i35 %radiiDivisionList" [patchMaker.cpp:37]   --->   Operation 50 'call' 'a_3' <Predicate = true> <Delay = 1.10> <CoreType = "Generic">   --->   Core 0 '' <Latency = 0> <II = 1> <Delay = 1.00> <Generic> <Opcode : >
ST_3 : Operation 51 [1/2] (1.10ns)   --->   "%b_2 = call i32 @straightLineProjectorFromLayerIJtoK, i32 %sext_ln22, i32 %wp_superpoints_3_15_1_read_2, i3 1, i3 4, i3 5, i35 %radiiDivisionList" [patchMaker.cpp:38]   --->   Operation 51 'call' 'b_2' <Predicate = true> <Delay = 1.10> <CoreType = "Generic">   --->   Core 0 '' <Latency = 0> <II = 1> <Delay = 1.00> <Generic> <Opcode : >
ST_3 : Operation 52 [1/2] (1.10ns)   --->   "%c_2 = call i32 @straightLineProjectorFromLayerIJtoK, i32 %sext_ln13, i32 %wp_superpoints_3_0_1_read_2, i3 1, i3 4, i3 5, i35 %radiiDivisionList" [patchMaker.cpp:39]   --->   Operation 52 'call' 'c_2' <Predicate = true> <Delay = 1.10> <CoreType = "Generic">   --->   Core 0 '' <Latency = 0> <II = 1> <Delay = 1.00> <Generic> <Opcode : >
ST_3 : Operation 53 [1/2] (1.10ns)   --->   "%d_2 = call i32 @straightLineProjectorFromLayerIJtoK, i32 %sext_ln22, i32 %wp_superpoints_3_0_1_read_2, i3 1, i3 4, i3 5, i35 %radiiDivisionList" [patchMaker.cpp:40]   --->   Operation 53 'call' 'd_2' <Predicate = true> <Delay = 1.10> <CoreType = "Generic">   --->   Core 0 '' <Latency = 0> <II = 1> <Delay = 1.00> <Generic> <Opcode : >
ST_3 : Operation 54 [1/2] (1.10ns)   --->   "%a_4 = call i32 @straightLineProjectorFromLayerIJtoK, i32 %sext_ln13, i32 %wp_superpoints_4_15_1_read_1, i3 1, i3 5, i3 5, i35 %radiiDivisionList" [patchMaker.cpp:37]   --->   Operation 54 'call' 'a_4' <Predicate = true> <Delay = 1.10> <CoreType = "Generic">   --->   Core 0 '' <Latency = 0> <II = 1> <Delay = 1.00> <Generic> <Opcode : >
ST_3 : Operation 55 [1/2] (1.10ns)   --->   "%b_3 = call i32 @straightLineProjectorFromLayerIJtoK, i32 %sext_ln22, i32 %wp_superpoints_4_15_1_read_1, i3 1, i3 5, i3 5, i35 %radiiDivisionList" [patchMaker.cpp:38]   --->   Operation 55 'call' 'b_3' <Predicate = true> <Delay = 1.10> <CoreType = "Generic">   --->   Core 0 '' <Latency = 0> <II = 1> <Delay = 1.00> <Generic> <Opcode : >
ST_3 : Operation 56 [1/2] (1.10ns)   --->   "%c_3 = call i32 @straightLineProjectorFromLayerIJtoK, i32 %sext_ln13, i32 %wp_superpoints_4_0_1_read_1, i3 1, i3 5, i3 5, i35 %radiiDivisionList" [patchMaker.cpp:39]   --->   Operation 56 'call' 'c_3' <Predicate = true> <Delay = 1.10> <CoreType = "Generic">   --->   Core 0 '' <Latency = 0> <II = 1> <Delay = 1.00> <Generic> <Opcode : >
ST_3 : Operation 57 [1/2] (1.10ns)   --->   "%d_3 = call i32 @straightLineProjectorFromLayerIJtoK, i32 %sext_ln22, i32 %wp_superpoints_4_0_1_read_1, i3 1, i3 5, i3 5, i35 %radiiDivisionList" [patchMaker.cpp:40]   --->   Operation 57 'call' 'd_3' <Predicate = true> <Delay = 1.10> <CoreType = "Generic">   --->   Core 0 '' <Latency = 0> <II = 1> <Delay = 1.00> <Generic> <Opcode : >
ST_3 : Operation 58 [1/1] (0.38ns)   --->   "%br_ln60 = br void" [patchMaker.cpp:60]   --->   Operation 58 'br' 'br_ln60' <Predicate = true> <Delay = 0.38>

State 4 <SV = 3> <Delay = 1.53>
ST_4 : Operation 59 [1/1] (0.00ns)   --->   "%i = phi i3 0, void, i3 %add_ln60, void %.split" [patchMaker.cpp:60]   --->   Operation 59 'phi' 'i' <Predicate = true> <Delay = 0.00>
ST_4 : Operation 60 [1/1] (0.00ns)   --->   "%d_corner_max_1 = phi i32 %d, void, i32 %d_corner_max_4, void %.split"   --->   Operation 60 'phi' 'd_corner_max_1' <Predicate = true> <Delay = 0.00>
ST_4 : Operation 61 [1/1] (0.00ns)   --->   "%c_corner_max_1 = phi i32 %c, void, i32 %c_corner_max_2, void %.split"   --->   Operation 61 'phi' 'c_corner_max_1' <Predicate = true> <Delay = 0.00>
ST_4 : Operation 62 [1/1] (0.00ns)   --->   "%b_corner_min_1 = phi i32 %b, void, i32 %b_corner_min_4, void %.split"   --->   Operation 62 'phi' 'b_corner_min_1' <Predicate = true> <Delay = 0.00>
ST_4 : Operation 63 [1/1] (0.00ns)   --->   "%a_corner_min_1 = phi i32 %a, void, i32 %a_corner_min_2, void %.split"   --->   Operation 63 'phi' 'a_corner_min_1' <Predicate = true> <Delay = 0.00>
ST_4 : Operation 64 [1/1] (0.57ns)   --->   "%add_ln60 = add i3 %i, i3 1" [patchMaker.cpp:60]   --->   Operation 64 'add' 'add_ln60' <Predicate = true> <Delay = 0.57> <CoreInst = "Adder">   --->   Core 1 'Adder' <Latency = 0> <II = 1> <Delay = 0.57> <FuncUnit> <Opcode : 'add' 'sub'> <InPorts = 2> <OutPorts = 1>
ST_4 : Operation 65 [1/1] (0.49ns)   --->   "%icmp_ln60 = icmp_eq  i3 %i, i3 4" [patchMaker.cpp:60]   --->   Operation 65 'icmp' 'icmp_ln60' <Predicate = true> <Delay = 0.49> <CoreInst = "Cmp">   --->   Core 9 'Cmp' <Latency = 0> <II = 1> <Delay = 0.85> <FuncUnit> <Opcode : 'icmp'> <InPorts = 2> <OutPorts = 1>
ST_4 : Operation 66 [1/1] (0.00ns)   --->   "%empty = speclooptripcount i32 @_ssdm_op_SpecLoopTripCount, i64 4, i64 4, i64 4"   --->   Operation 66 'speclooptripcount' 'empty' <Predicate = true> <Delay = 0.00>
ST_4 : Operation 67 [1/1] (0.00ns)   --->   "%br_ln60 = br i1 %icmp_ln60, void %.split, void %._crit_edge" [patchMaker.cpp:60]   --->   Operation 67 'br' 'br_ln60' <Predicate = true> <Delay = 0.00>
ST_4 : Operation 68 [1/1] (0.00ns)   --->   "%specloopname_ln54 = specloopname void @_ssdm_op_SpecLoopName, void @empty_3" [patchMaker.cpp:54]   --->   Operation 68 'specloopname' 'specloopname_ln54' <Predicate = (!icmp_ln60)> <Delay = 0.00>
ST_4 : Operation 69 [1/1] (0.00ns)   --->   "%trunc_ln62 = trunc i3 %i" [patchMaker.cpp:62]   --->   Operation 69 'trunc' 'trunc_ln62' <Predicate = (!icmp_ln60)> <Delay = 0.00>
ST_4 : Operation 70 [1/1] (0.45ns)   --->   "%tmp = mux i32 @_ssdm_op_Mux.ap_auto.4i32.i2, i32 %a, i32 %a_2, i32 %a_3, i32 %a_4, i2 %trunc_ln62" [patchMaker.cpp:62]   --->   Operation 70 'mux' 'tmp' <Predicate = (!icmp_ln60)> <Delay = 0.45> <CoreInst = "Multiplexer">   --->   Core 76 'Multiplexer' <Latency = 0> <II = 1> <Delay = 0.45> <FuncUnit> <Opcode : 'mux'> <InPorts = 2> <OutPorts = 1>
ST_4 : Operation 71 [1/1] (0.85ns)   --->   "%icmp_ln62 = icmp_slt  i32 %tmp, i32 %a_corner_min_1" [patchMaker.cpp:62]   --->   Operation 71 'icmp' 'icmp_ln62' <Predicate = (!icmp_ln60)> <Delay = 0.85> <CoreInst = "Cmp">   --->   Core 9 'Cmp' <Latency = 0> <II = 1> <Delay = 0.85> <FuncUnit> <Opcode : 'icmp'> <InPorts = 2> <OutPorts = 1>
ST_4 : Operation 72 [1/1] (0.22ns)   --->   "%a_corner_min_2 = select i1 %icmp_ln62, i32 %tmp, i32 %a_corner_min_1" [patchMaker.cpp:62]   --->   Operation 72 'select' 'a_corner_min_2' <Predicate = (!icmp_ln60)> <Delay = 0.22> <CoreInst = "Sel">   --->   Core 73 'Sel' <Latency = 0> <II = 1> <Delay = 0.22> <FuncUnit> <Opcode : 'select'> <InPorts = 3> <OutPorts = 1>
ST_4 : Operation 73 [1/1] (0.45ns)   --->   "%b_corner_min_3 = mux i32 @_ssdm_op_Mux.ap_auto.4i32.i2, i32 %b, i32 %b_1, i32 %b_2, i32 %b_3, i2 %trunc_ln62" [patchMaker.cpp:66]   --->   Operation 73 'mux' 'b_corner_min_3' <Predicate = (!icmp_ln60)> <Delay = 0.45> <CoreInst = "Multiplexer">   --->   Core 76 'Multiplexer' <Latency = 0> <II = 1> <Delay = 0.45> <FuncUnit> <Opcode : 'mux'> <InPorts = 2> <OutPorts = 1>
ST_4 : Operation 74 [1/1] (0.85ns)   --->   "%icmp_ln66 = icmp_slt  i32 %b_corner_min_3, i32 %b_corner_min_1" [patchMaker.cpp:66]   --->   Operation 74 'icmp' 'icmp_ln66' <Predicate = (!icmp_ln60)> <Delay = 0.85> <CoreInst = "Cmp">   --->   Core 9 'Cmp' <Latency = 0> <II = 1> <Delay = 0.85> <FuncUnit> <Opcode : 'icmp'> <InPorts = 2> <OutPorts = 1>
ST_4 : Operation 75 [1/1] (0.22ns)   --->   "%b_corner_min_4 = select i1 %icmp_ln66, i32 %b_corner_min_3, i32 %b_corner_min_1" [patchMaker.cpp:66]   --->   Operation 75 'select' 'b_corner_min_4' <Predicate = (!icmp_ln60)> <Delay = 0.22> <CoreInst = "Sel">   --->   Core 73 'Sel' <Latency = 0> <II = 1> <Delay = 0.22> <FuncUnit> <Opcode : 'select'> <InPorts = 3> <OutPorts = 1>
ST_4 : Operation 76 [1/1] (0.45ns)   --->   "%tmp_s = mux i32 @_ssdm_op_Mux.ap_auto.4i32.i2, i32 %c, i32 %c_1, i32 %c_2, i32 %c_3, i2 %trunc_ln62" [patchMaker.cpp:70]   --->   Operation 76 'mux' 'tmp_s' <Predicate = (!icmp_ln60)> <Delay = 0.45> <CoreInst = "Multiplexer">   --->   Core 76 'Multiplexer' <Latency = 0> <II = 1> <Delay = 0.45> <FuncUnit> <Opcode : 'mux'> <InPorts = 2> <OutPorts = 1>
ST_4 : Operation 77 [1/1] (0.85ns)   --->   "%icmp_ln70 = icmp_sgt  i32 %tmp_s, i32 %c_corner_max_1" [patchMaker.cpp:70]   --->   Operation 77 'icmp' 'icmp_ln70' <Predicate = (!icmp_ln60)> <Delay = 0.85> <CoreInst = "Cmp">   --->   Core 9 'Cmp' <Latency = 0> <II = 1> <Delay = 0.85> <FuncUnit> <Opcode : 'icmp'> <InPorts = 2> <OutPorts = 1>
ST_4 : Operation 78 [1/1] (0.22ns)   --->   "%c_corner_max_2 = select i1 %icmp_ln70, i32 %tmp_s, i32 %c_corner_max_1" [patchMaker.cpp:70]   --->   Operation 78 'select' 'c_corner_max_2' <Predicate = (!icmp_ln60)> <Delay = 0.22> <CoreInst = "Sel">   --->   Core 73 'Sel' <Latency = 0> <II = 1> <Delay = 0.22> <FuncUnit> <Opcode : 'select'> <InPorts = 3> <OutPorts = 1>
ST_4 : Operation 79 [1/1] (0.45ns)   --->   "%d_corner_max_3 = mux i32 @_ssdm_op_Mux.ap_auto.4i32.i2, i32 %d, i32 %d_1, i32 %d_2, i32 %d_3, i2 %trunc_ln62" [patchMaker.cpp:74]   --->   Operation 79 'mux' 'd_corner_max_3' <Predicate = (!icmp_ln60)> <Delay = 0.45> <CoreInst = "Multiplexer">   --->   Core 76 'Multiplexer' <Latency = 0> <II = 1> <Delay = 0.45> <FuncUnit> <Opcode : 'mux'> <InPorts = 2> <OutPorts = 1>
ST_4 : Operation 80 [1/1] (0.85ns)   --->   "%icmp_ln74 = icmp_sgt  i32 %d_corner_max_3, i32 %d_corner_max_1" [patchMaker.cpp:74]   --->   Operation 80 'icmp' 'icmp_ln74' <Predicate = (!icmp_ln60)> <Delay = 0.85> <CoreInst = "Cmp">   --->   Core 9 'Cmp' <Latency = 0> <II = 1> <Delay = 0.85> <FuncUnit> <Opcode : 'icmp'> <InPorts = 2> <OutPorts = 1>
ST_4 : Operation 81 [1/1] (0.22ns)   --->   "%d_corner_max_4 = select i1 %icmp_ln74, i32 %d_corner_max_3, i32 %d_corner_max_1" [patchMaker.cpp:74]   --->   Operation 81 'select' 'd_corner_max_4' <Predicate = (!icmp_ln60)> <Delay = 0.22> <CoreInst = "Sel">   --->   Core 73 'Sel' <Latency = 0> <II = 1> <Delay = 0.22> <FuncUnit> <Opcode : 'select'> <InPorts = 3> <OutPorts = 1>
ST_4 : Operation 82 [1/1] (0.00ns)   --->   "%br_ln0 = br void"   --->   Operation 82 'br' 'br_ln0' <Predicate = (!icmp_ln60)> <Delay = 0.00>
ST_4 : Operation 83 [1/1] (0.85ns)   --->   "%icmp_ln89 = icmp_eq  i32 %a_corner_min_1, i32 %a_4" [patchMaker.cpp:89]   --->   Operation 83 'icmp' 'icmp_ln89' <Predicate = (icmp_ln60)> <Delay = 0.85> <CoreInst = "Cmp">   --->   Core 9 'Cmp' <Latency = 0> <II = 1> <Delay = 0.85> <FuncUnit> <Opcode : 'icmp'> <InPorts = 2> <OutPorts = 1>
ST_4 : Operation 84 [1/1] (0.85ns)   --->   "%icmp_ln94 = icmp_eq  i32 %b_corner_min_1, i32 %b_3" [patchMaker.cpp:94]   --->   Operation 84 'icmp' 'icmp_ln94' <Predicate = (icmp_ln60)> <Delay = 0.85> <CoreInst = "Cmp">   --->   Core 9 'Cmp' <Latency = 0> <II = 1> <Delay = 0.85> <FuncUnit> <Opcode : 'icmp'> <InPorts = 2> <OutPorts = 1>
ST_4 : Operation 85 [1/1] (0.12ns)   --->   "%and_ln94 = and i1 %icmp_ln94, i1 %icmp_ln89" [patchMaker.cpp:94]   --->   Operation 85 'and' 'and_ln94' <Predicate = (icmp_ln60)> <Delay = 0.12> <CoreInst = "LogicGate">   --->   Core 74 'LogicGate' <Latency = 0> <II = 1> <Delay = 0.12> <FuncUnit> <Opcode : 'and' 'or' 'xor'> <InPorts = 2> <OutPorts = 1>
ST_4 : Operation 86 [1/1] (0.00ns)   --->   "%zext_ln99 = zext i1 %and_ln94" [patchMaker.cpp:99]   --->   Operation 86 'zext' 'zext_ln99' <Predicate = (icmp_ln60)> <Delay = 0.00>
ST_4 : Operation 87 [1/1] (0.85ns)   --->   "%icmp_ln99 = icmp_eq  i32 %c_corner_max_1, i32 %c_3" [patchMaker.cpp:99]   --->   Operation 87 'icmp' 'icmp_ln99' <Predicate = (icmp_ln60)> <Delay = 0.85> <CoreInst = "Cmp">   --->   Core 9 'Cmp' <Latency = 0> <II = 1> <Delay = 0.85> <FuncUnit> <Opcode : 'icmp'> <InPorts = 2> <OutPorts = 1>
ST_4 : Operation 88 [1/1] (0.00ns) (grouped into LUT with out node and_ln104_1)   --->   "%and_ln99 = and i1 %icmp_ln99, i1 %and_ln94" [patchMaker.cpp:99]   --->   Operation 88 'and' 'and_ln99' <Predicate = (icmp_ln60)> <Delay = 0.00> <CoreInst = "LogicGate">   --->   Core 74 'LogicGate' <Latency = 0> <II = 1> <Delay = 0.12> <FuncUnit> <Opcode : 'and' 'or' 'xor'> <InPorts = 2> <OutPorts = 1>
ST_4 : Operation 89 [1/1] (0.85ns)   --->   "%icmp_ln104 = icmp_eq  i32 %d_corner_max_1, i32 %d_3" [patchMaker.cpp:104]   --->   Operation 89 'icmp' 'icmp_ln104' <Predicate = (icmp_ln60)> <Delay = 0.85> <CoreInst = "Cmp">   --->   Core 9 'Cmp' <Latency = 0> <II = 1> <Delay = 0.85> <FuncUnit> <Opcode : 'icmp'> <InPorts = 2> <OutPorts = 1>
ST_4 : Operation 90 [1/1] (0.12ns)   --->   "%and_ln104 = and i1 %icmp_ln104, i1 %icmp_ln99" [patchMaker.cpp:104]   --->   Operation 90 'and' 'and_ln104' <Predicate = (icmp_ln60)> <Delay = 0.12> <CoreInst = "LogicGate">   --->   Core 74 'LogicGate' <Latency = 0> <II = 1> <Delay = 0.12> <FuncUnit> <Opcode : 'and' 'or' 'xor'> <InPorts = 2> <OutPorts = 1>
ST_4 : Operation 91 [1/1] (0.00ns)   --->   "%zext_ln104 = zext i1 %and_ln104" [patchMaker.cpp:104]   --->   Operation 91 'zext' 'zext_ln104' <Predicate = (icmp_ln60)> <Delay = 0.00>
ST_4 : Operation 92 [1/1] (0.12ns) (out node of the LUT)   --->   "%and_ln104_1 = and i1 %icmp_ln104, i1 %and_ln99" [patchMaker.cpp:104]   --->   Operation 92 'and' 'and_ln104_1' <Predicate = (icmp_ln60)> <Delay = 0.12> <CoreInst = "LogicGate">   --->   Core 74 'LogicGate' <Latency = 0> <II = 1> <Delay = 0.12> <FuncUnit> <Opcode : 'and' 'or' 'xor'> <InPorts = 2> <OutPorts = 1>
ST_4 : Operation 93 [1/1] (0.00ns)   --->   "%zext_ln110 = zext i1 %and_ln104_1" [patchMaker.cpp:110]   --->   Operation 93 'zext' 'zext_ln110' <Predicate = (icmp_ln60)> <Delay = 0.00>
ST_4 : Operation 94 [1/1] (0.85ns)   --->   "%icmp_ln110 = icmp_sgt  i32 %c_corner_max_1, i32 %a_corner_min_1" [patchMaker.cpp:110]   --->   Operation 94 'icmp' 'icmp_ln110' <Predicate = (icmp_ln60)> <Delay = 0.85> <CoreInst = "Cmp">   --->   Core 9 'Cmp' <Latency = 0> <II = 1> <Delay = 0.85> <FuncUnit> <Opcode : 'icmp'> <InPorts = 2> <OutPorts = 1>
ST_4 : Operation 95 [1/1] (0.22ns)   --->   "%select_ln110 = select i1 %icmp_ln110, i32 %b_corner_min_1, i32 %c_corner_max_1" [patchMaker.cpp:110]   --->   Operation 95 'select' 'select_ln110' <Predicate = (icmp_ln60)> <Delay = 0.22> <CoreInst = "Sel">   --->   Core 73 'Sel' <Latency = 0> <II = 1> <Delay = 0.22> <FuncUnit> <Opcode : 'select'> <InPorts = 3> <OutPorts = 1>
ST_4 : Operation 96 [1/1] (0.22ns)   --->   "%select_ln110_1 = select i1 %icmp_ln110, i32 %b_corner_min_1, i32 %a_corner_min_1" [patchMaker.cpp:110]   --->   Operation 96 'select' 'select_ln110_1' <Predicate = (icmp_ln60)> <Delay = 0.22> <CoreInst = "Sel">   --->   Core 73 'Sel' <Latency = 0> <II = 1> <Delay = 0.22> <FuncUnit> <Opcode : 'select'> <InPorts = 3> <OutPorts = 1>
ST_4 : Operation 97 [1/1] (0.85ns)   --->   "%icmp_ln117 = icmp_slt  i32 %b_corner_min_1, i32 %d_corner_max_1" [patchMaker.cpp:117]   --->   Operation 97 'icmp' 'icmp_ln117' <Predicate = (icmp_ln60)> <Delay = 0.85> <CoreInst = "Cmp">   --->   Core 9 'Cmp' <Latency = 0> <II = 1> <Delay = 0.85> <FuncUnit> <Opcode : 'icmp'> <InPorts = 2> <OutPorts = 1>
ST_4 : Operation 98 [1/1] (0.22ns)   --->   "%b_corner_min = select i1 %icmp_ln117, i32 %select_ln110, i32 %b_corner_min_1" [patchMaker.cpp:117]   --->   Operation 98 'select' 'b_corner_min' <Predicate = (icmp_ln60)> <Delay = 0.22> <CoreInst = "Sel">   --->   Core 73 'Sel' <Latency = 0> <II = 1> <Delay = 0.22> <FuncUnit> <Opcode : 'select'> <InPorts = 3> <OutPorts = 1>
ST_4 : Operation 99 [1/1] (0.22ns)   --->   "%d_corner_max = select i1 %icmp_ln117, i32 %select_ln110, i32 %d_corner_max_1" [patchMaker.cpp:117]   --->   Operation 99 'select' 'd_corner_max' <Predicate = (icmp_ln60)> <Delay = 0.22> <CoreInst = "Sel">   --->   Core 73 'Sel' <Latency = 0> <II = 1> <Delay = 0.22> <FuncUnit> <Opcode : 'select'> <InPorts = 3> <OutPorts = 1>
ST_4 : Operation 100 [1/1] (0.12ns)   --->   "%or_ln117 = or i1 %icmp_ln117, i1 %icmp_ln110" [patchMaker.cpp:117]   --->   Operation 100 'or' 'or_ln117' <Predicate = (icmp_ln60)> <Delay = 0.12> <CoreInst = "LogicGate">   --->   Core 74 'LogicGate' <Latency = 0> <II = 1> <Delay = 0.12> <FuncUnit> <Opcode : 'and' 'or' 'xor'> <InPorts = 2> <OutPorts = 1>
ST_4 : Operation 101 [1/1] (0.00ns)   --->   "%zext_ln117 = zext i1 %or_ln117" [patchMaker.cpp:117]   --->   Operation 101 'zext' 'zext_ln117' <Predicate = (icmp_ln60)> <Delay = 0.00>
ST_4 : Operation 102 [1/1] (0.00ns)   --->   "%mrv = insertvalue i384 <undef>, i32 %sext_ln13" [patchMaker.cpp:123]   --->   Operation 102 'insertvalue' 'mrv' <Predicate = (icmp_ln60)> <Delay = 0.00>
ST_4 : Operation 103 [1/1] (0.00ns)   --->   "%mrv_1 = insertvalue i384 %mrv, i32 %select_ln110_1" [patchMaker.cpp:123]   --->   Operation 103 'insertvalue' 'mrv_1' <Predicate = (icmp_ln60)> <Delay = 0.00>
ST_4 : Operation 104 [1/1] (0.00ns)   --->   "%mrv_2 = insertvalue i384 %mrv_1, i32 %sext_ln22" [patchMaker.cpp:123]   --->   Operation 104 'insertvalue' 'mrv_2' <Predicate = (icmp_ln60)> <Delay = 0.00>
ST_4 : Operation 105 [1/1] (0.00ns)   --->   "%mrv_3 = insertvalue i384 %mrv_2, i32 %b_corner_min" [patchMaker.cpp:123]   --->   Operation 105 'insertvalue' 'mrv_3' <Predicate = (icmp_ln60)> <Delay = 0.00>
ST_4 : Operation 106 [1/1] (0.00ns)   --->   "%mrv_4 = insertvalue i384 %mrv_3, i32 %sext_ln13" [patchMaker.cpp:123]   --->   Operation 106 'insertvalue' 'mrv_4' <Predicate = (icmp_ln60)> <Delay = 0.00>
ST_4 : Operation 107 [1/1] (0.00ns)   --->   "%mrv_5 = insertvalue i384 %mrv_4, i32 %select_ln110" [patchMaker.cpp:123]   --->   Operation 107 'insertvalue' 'mrv_5' <Predicate = (icmp_ln60)> <Delay = 0.00>
ST_4 : Operation 108 [1/1] (0.00ns)   --->   "%mrv_6 = insertvalue i384 %mrv_5, i32 %sext_ln22" [patchMaker.cpp:123]   --->   Operation 108 'insertvalue' 'mrv_6' <Predicate = (icmp_ln60)> <Delay = 0.00>
ST_4 : Operation 109 [1/1] (0.00ns)   --->   "%mrv_7 = insertvalue i384 %mrv_6, i32 %d_corner_max" [patchMaker.cpp:123]   --->   Operation 109 'insertvalue' 'mrv_7' <Predicate = (icmp_ln60)> <Delay = 0.00>
ST_4 : Operation 110 [1/1] (0.00ns)   --->   "%mrv_8 = insertvalue i384 %mrv_7, i32 %zext_ln104" [patchMaker.cpp:123]   --->   Operation 110 'insertvalue' 'mrv_8' <Predicate = (icmp_ln60)> <Delay = 0.00>
ST_4 : Operation 111 [1/1] (0.00ns)   --->   "%mrv_9 = insertvalue i384 %mrv_8, i32 %zext_ln99" [patchMaker.cpp:123]   --->   Operation 111 'insertvalue' 'mrv_9' <Predicate = (icmp_ln60)> <Delay = 0.00>
ST_4 : Operation 112 [1/1] (0.00ns)   --->   "%mrv_10 = insertvalue i384 %mrv_9, i32 %zext_ln110" [patchMaker.cpp:123]   --->   Operation 112 'insertvalue' 'mrv_10' <Predicate = (icmp_ln60)> <Delay = 0.00>
ST_4 : Operation 113 [1/1] (0.00ns)   --->   "%mrv_11 = insertvalue i384 %mrv_10, i32 %zext_ln117" [patchMaker.cpp:123]   --->   Operation 113 'insertvalue' 'mrv_11' <Predicate = (icmp_ln60)> <Delay = 0.00>
ST_4 : Operation 114 [1/1] (0.00ns)   --->   "%ret_ln123 = ret i384 %mrv_11" [patchMaker.cpp:123]   --->   Operation 114 'ret' 'ret_ln123' <Predicate = (icmp_ln60)> <Delay = 0.00>


============================================================
+ Verbose Summary: Timing violations
============================================================
Target clock period: 3ns, clock uncertainty: 0.81ns.

 <State 1>: 1.95ns
The critical path consists of the following:
	wire read on port 'wp_superpoints_0_15_1_read' (patchMaker.cpp:10) [21]  (0 ns)
	'icmp' operation ('icmp_ln14', patchMaker.cpp:14) [26]  (0.859 ns)
	'select' operation ('z1_max', patchMaker.cpp:14) [27]  (0.227 ns)
	'icmp' operation ('icmp_ln22', patchMaker.cpp:22) [29]  (0.859 ns)

 <State 2>: 2.12ns
The critical path consists of the following:
	'select' operation ('z1_min', patchMaker.cpp:22) [32]  (0.343 ns)
	'call' operation ('a', patchMaker.cpp:37) to 'straightLineProjectorFromLayerIJtoK' [34]  (1.77 ns)

 <State 3>: 1.11ns
The critical path consists of the following:
	'call' operation ('a', patchMaker.cpp:37) to 'straightLineProjectorFromLayerIJtoK' [34]  (1.11 ns)

 <State 4>: 1.54ns
The critical path consists of the following:
	'phi' operation ('i', patchMaker.cpp:60) with incoming values : ('add_ln60', patchMaker.cpp:60) [52]  (0 ns)
	'mux' operation ('tmp', patchMaker.cpp:62) [64]  (0.453 ns)
	'icmp' operation ('icmp_ln62', patchMaker.cpp:62) [65]  (0.859 ns)
	'select' operation ('a_corner_min', patchMaker.cpp:62) [66]  (0.227 ns)


============================================================
+ Verbose Summary: Binding
============================================================
N/A
* FSMD analyzer results:
  - Output states:
 - Input state : 
  - Chain level:
	State 1
	State 2
	State 3
	State 4


============================================================
+ Verbose Summary: Datapath Resource usage 
============================================================
N/A
