

================================================================
== Vitis HLS Report for 'add_patch9'
================================================================
* Date:           Thu Aug  1 00:48:18 2024

* Version:        2020.2 (Build 3064766 on Wed Nov 18 09:12:45 MST 2020)
* Project:        PatchMaker_tanishGit
* Solution:       solutionSC4 (Vivado IP Flow Target)
* Product family: virtexuplus
* Target device:  xcvu19p-fsvb3824-2-e


================================================================
== Performance Estimates
================================================================
+ Timing: 
    * Summary: 
    +--------+---------+----------+------------+
    |  Clock |  Target | Estimated| Uncertainty|
    +--------+---------+----------+------------+
    |ap_clk  |  3.00 ns|  2.125 ns|     0.81 ns|
    +--------+---------+----------+------------+

+ Latency: 
    * Summary: 
    +---------+---------+-----------+----------+-----+-----+---------+
    |  Latency (cycles) |  Latency (absolute)  |  Interval | Pipeline|
    |   min   |   max   |    min    |    max   | min | max |   Type  |
    +---------+---------+-----------+----------+-----+-----+---------+
    |       14|      490|  42.000 ns|  1.470 us|   14|  490|     none|
    +---------+---------+-----------+----------+-----+-----+---------+

    + Detail: 
        * Instance: 
        +-------------------------------------------+--------------------------------+---------+---------+----------+----------+-----+-----+---------+
        |                                           |                                |  Latency (cycles) |  Latency (absolute) |  Interval | Pipeline|
        |                  Instance                 |             Module             |   min   |   max   |    min   |    max   | min | max |   Type  |
        +-------------------------------------------+--------------------------------+---------+---------+----------+----------+-----+-----+---------+
        |grp_add_patch_patches_parameters14_fu_297  |add_patch_patches_parameters14  |      368|      368|  1.104 us|  1.104 us|  368|  368|     none|
        |grp_encodeCoordinates_fu_305               |encodeCoordinates               |        0|        0|      0 ns|      0 ns|    1|    1|      yes|
        +-------------------------------------------+--------------------------------+---------+---------+----------+----------+-----+-----+---------+

        * Loop: 
        +----------------------------------------------------+---------+---------+----------+-----------+-----------+-------+----------+
        |                                                    |  Latency (cycles) | Iteration|  Initiation Interval  |  Trip |          |
        |                      Loop Name                     |   min   |   max   |  Latency |  achieved |   target  | Count | Pipelined|
        +----------------------------------------------------+---------+---------+----------+-----------+-----------+-------+----------+
        |- add_patch_perSuperpointSP0_add_patch_perPointSP0  |       82|       82|         4|          1|          1|     80|       yes|
        |- add_patch_checkDiff                               |       11|       35|         6|          6|          1|  1 ~ 5|       yes|
        |- add_patch_perSuperpointSP1_add_patch_perPointSP1  |       82|       82|         4|          1|          1|     80|       yes|
        +----------------------------------------------------+---------+---------+----------+-----------+-----------+-------+----------+



================================================================
== Utilization Estimates
================================================================
* Summary: 
+---------------------+---------+------+---------+---------+-----+
|         Name        | BRAM_18K|  DSP |    FF   |   LUT   | URAM|
+---------------------+---------+------+---------+---------+-----+
|DSP                  |        -|     -|        -|        -|    -|
|Expression           |        -|     -|        0|      395|    -|
|FIFO                 |        -|     -|        -|        -|    -|
|Instance             |        -|     -|      247|      906|    -|
|Memory               |        -|     -|        -|        -|    -|
|Multiplexer          |        -|     -|        -|      326|    -|
|Register             |        -|     -|      447|       64|    -|
+---------------------+---------+------+---------+---------+-----+
|Total                |        0|     0|      694|     1691|    0|
+---------------------+---------+------+---------+---------+-----+
|Available SLR        |     1080|   960|  2042880|  1021440|   80|
+---------------------+---------+------+---------+---------+-----+
|Utilization SLR (%)  |        0|     0|       ~0|       ~0|    0|
+---------------------+---------+------+---------+---------+-----+
|Available            |     4320|  3840|  8171520|  4085760|  320|
+---------------------+---------+------+---------+---------+-----+
|Utilization (%)      |        0|     0|       ~0|       ~0|    0|
+---------------------+---------+------+---------+---------+-----+

+ Detail: 
    * Instance: 
    +-------------------------------------------+--------------------------------+---------+----+-----+-----+-----+
    |                  Instance                 |             Module             | BRAM_18K| DSP|  FF | LUT | URAM|
    +-------------------------------------------+--------------------------------+---------+----+-----+-----+-----+
    |grp_add_patch_patches_parameters14_fu_297  |add_patch_patches_parameters14  |        0|   0|  247|  906|    0|
    |grp_encodeCoordinates_fu_305               |encodeCoordinates               |        0|   0|    0|    0|    0|
    +-------------------------------------------+--------------------------------+---------+----+-----+-----+-----+
    |Total                                      |                                |        0|   0|  247|  906|    0|
    +-------------------------------------------+--------------------------------+---------+----+-----+-----+-----+

    * DSP: 
    N/A

    * Memory: 
    N/A

    * FIFO: 
    N/A

    * Expression: 
    +----------------------------------+----------+----+---+----+------------+------------+
    |           Variable Name          | Operation| DSP| FF| LUT| Bitwidth P0| Bitwidth P1|
    +----------------------------------+----------+----+---+----+------------+------------+
    |add_ln384_1_fu_624_p2             |         +|   0|  0|  14|           7|           1|
    |add_ln384_fu_636_p2               |         +|   0|  0|  10|           3|           1|
    |add_ln390_fu_664_p2               |         +|   0|  0|  12|           5|           1|
    |add_ln395_fu_684_p2               |         +|   0|  0|  15|           8|           8|
    |add_ln412_fu_372_p2               |         +|   0|  0|  10|           3|           1|
    |add_ln414_1_fu_405_p2             |         +|   0|  0|  15|           8|           8|
    |add_ln414_fu_360_p2               |         +|   0|  0|  15|           8|           8|
    |add_ln428_1_fu_489_p2             |         +|   0|  0|  14|           7|           1|
    |add_ln428_fu_501_p2               |         +|   0|  0|  10|           3|           1|
    |add_ln434_fu_529_p2               |         +|   0|  0|  12|           5|           1|
    |add_ln439_1_fu_588_p2             |         +|   0|  0|  15|           8|           8|
    |add_ln439_2_fu_549_p2             |         +|   0|  0|  15|           8|           8|
    |add_ln439_3_fu_604_p2             |         +|   0|  0|  19|          12|          12|
    |add_ln439_fu_484_p2               |         +|   0|  0|  15|           8|           8|
    |add_ln448_fu_614_p2               |         +|   0|  0|  13|           6|           1|
    |sub_fu_338_p2                     |         +|   0|  0|  12|           5|           2|
    |ap_block_state14_on_subcall_done  |       and|   0|  0|   2|           1|           1|
    |ap_predicate_op122_call_state14   |       and|   0|  0|   2|           1|           1|
    |icmp_ln380_fu_332_p2              |      icmp|   0|  0|  11|           8|           1|
    |icmp_ln384_fu_630_p2              |      icmp|   0|  0|  10|           7|           7|
    |icmp_ln390_fu_642_p2              |      icmp|   0|  0|  10|           5|           6|
    |icmp_ln412_fu_366_p2              |      icmp|   0|  0|   8|           3|           3|
    |icmp_ln425_fu_473_p2              |      icmp|   0|  0|   8|           3|           1|
    |icmp_ln428_fu_495_p2              |      icmp|   0|  0|  10|           7|           7|
    |icmp_ln434_fu_507_p2              |      icmp|   0|  0|  10|           5|           6|
    |icmp_ln874_4_fu_459_p2            |      icmp|   0|  0|  20|          32|          32|
    |icmp_ln874_fu_450_p2              |      icmp|   0|  0|  20|          32|          32|
    |or_ln395_fu_709_p2                |        or|   0|  0|   8|           8|           1|
    |or_ln415_fu_440_p2                |        or|   0|  0|  12|          12|           4|
    |or_ln439_fu_574_p2                |        or|   0|  0|   8|           8|           1|
    |or_ln874_1_fu_426_p2              |        or|   0|  0|   8|           8|           5|
    |or_ln874_fu_390_p2                |        or|   0|  0|   8|           8|           1|
    |select_ln384_1_fu_656_p3          |    select|   0|  0|   3|           1|           3|
    |select_ln384_fu_648_p3            |    select|   0|  0|   5|           1|           1|
    |select_ln428_1_fu_521_p3          |    select|   0|  0|   3|           1|           3|
    |select_ln428_fu_513_p3            |    select|   0|  0|   5|           1|           1|
    |ap_enable_pp1                     |       xor|   0|  0|   2|           1|           2|
    |ap_enable_pp2                     |       xor|   0|  0|   2|           1|           2|
    |ap_enable_reg_pp1_iter1           |       xor|   0|  0|   2|           2|           1|
    |ap_enable_reg_pp2_iter1           |       xor|   0|  0|   2|           2|           1|
    +----------------------------------+----------+----+---+----+------------+------------+
    |Total                             |          |   0|  0| 395|         262|         193|
    +----------------------------------+----------+----+---+----+------------+------------+

    * Multiplexer: 
    +----------------------------------+----+-----------+-----+-----------+
    |               Name               | LUT| Input Size| Bits| Total Bits|
    +----------------------------------+----+-----------+-----+-----------+
    |a_5_reg_242                       |   9|          2|    3|          6|
    |a_reg_275                         |   9|          2|    3|          6|
    |ap_NS_fsm                         |  65|         16|    1|         16|
    |ap_enable_reg_pp1_iter1           |   9|          2|    1|          2|
    |ap_enable_reg_pp1_iter3           |   9|          2|    1|          2|
    |ap_enable_reg_pp2_iter1           |   9|          2|    1|          2|
    |ap_enable_reg_pp2_iter3           |   9|          2|    1|          2|
    |ap_phi_mux_a_5_phi_fu_246_p4      |   9|          2|    3|          6|
    |ap_phi_mux_a_phi_fu_279_p4        |   9|          2|    3|          6|
    |b_7_reg_253                       |   9|          2|    5|         10|
    |b_reg_286                         |   9|          2|    5|         10|
    |grp_encodeCoordinates_fu_305_phi  |  14|          3|   32|         96|
    |grp_encodeCoordinates_fu_305_z    |  14|          3|   32|         96|
    |i_reg_220                         |   9|          2|    3|          6|
    |indvar_flatten7_reg_231           |   9|          2|    7|         14|
    |indvar_flatten_reg_264            |   9|          2|    7|         14|
    |n_patches                         |  14|          3|    8|         24|
    |patches_parameters_ce0            |   9|          2|    1|          2|
    |patches_parameters_ce1            |   9|          2|    1|          2|
    |patches_parameters_we0            |   9|          2|    1|          2|
    |patches_superpoints_address0      |  26|          5|   12|         60|
    |wp_parameters_ce0                 |   9|          2|    1|          2|
    |wp_superpoints_address0           |  26|          5|    8|         40|
    |wp_superpoints_address1           |  14|          3|    8|         24|
    +----------------------------------+----+-----------+-----+-----------+
    |Total                             | 326|         72|  148|        450|
    +----------------------------------+----+-----------+-----+-----------+

    * Register: 
    +--------------------------------------------------------+----+----+-----+-----------+
    |                          Name                          | FF | LUT| Bits| Const Bits|
    +--------------------------------------------------------+----+----+-----+-----------+
    |a_5_reg_242                                             |   3|   0|    3|          0|
    |a_reg_275                                               |   3|   0|    3|          0|
    |add_ln395_reg_882                                       |   8|   0|    8|          0|
    |add_ln395_reg_882_pp2_iter2_reg                         |   8|   0|    8|          0|
    |add_ln412_reg_749                                       |   3|   0|    3|          0|
    |add_ln414_1_reg_764                                     |   8|   0|    8|          0|
    |add_ln414_reg_740                                       |   8|   0|    8|          0|
    |add_ln439_3_reg_852                                     |  12|   0|   12|          0|
    |add_ln439_reg_810                                       |   8|   0|    8|          0|
    |ap_CS_fsm                                               |  15|   0|   15|          0|
    |ap_enable_reg_pp1_iter0                                 |   1|   0|    1|          0|
    |ap_enable_reg_pp1_iter1                                 |   1|   0|    1|          0|
    |ap_enable_reg_pp1_iter2                                 |   1|   0|    1|          0|
    |ap_enable_reg_pp1_iter3                                 |   1|   0|    1|          0|
    |ap_enable_reg_pp2_iter0                                 |   1|   0|    1|          0|
    |ap_enable_reg_pp2_iter1                                 |   1|   0|    1|          0|
    |ap_enable_reg_pp2_iter2                                 |   1|   0|    1|          0|
    |ap_enable_reg_pp2_iter3                                 |   1|   0|    1|          0|
    |b_7_reg_253                                             |   5|   0|    5|          0|
    |b_reg_286                                               |   5|   0|    5|          0|
    |grp_add_patch_patches_parameters14_fu_297_ap_start_reg  |   1|   0|    1|          0|
    |i_reg_220                                               |   3|   0|    3|          0|
    |icmp_ln380_reg_736                                      |   1|   0|    1|          0|
    |icmp_ln384_reg_862                                      |   1|   0|    1|          0|
    |icmp_ln412_reg_745                                      |   1|   0|    1|          0|
    |icmp_ln425_reg_806                                      |   1|   0|    1|          0|
    |icmp_ln428_reg_820                                      |   1|   0|    1|          0|
    |icmp_ln874_reg_794                                      |   1|   0|    1|          0|
    |indvar_flatten7_reg_231                                 |   7|   0|    7|          0|
    |indvar_flatten_reg_264                                  |   7|   0|    7|          0|
    |reg_315                                                 |  32|   0|   32|          0|
    |reg_319                                                 |  64|   0|   64|          0|
    |select_ln384_1_reg_871                                  |   3|   0|    3|          0|
    |select_ln384_reg_866                                    |   5|   0|    5|          0|
    |select_ln428_1_reg_830                                  |   3|   0|    3|          0|
    |select_ln428_1_reg_830_pp1_iter1_reg                    |   3|   0|    3|          0|
    |select_ln428_reg_824                                    |   5|   0|    5|          0|
    |select_ln428_reg_824_pp1_iter1_reg                      |   5|   0|    5|          0|
    |tmp_10_reg_754                                          |   3|   0|    8|          5|
    |tmp_43_reg_769                                          |   8|   0|   12|          4|
    |trunc_ln377_reg_731                                     |   6|   0|    6|          0|
    |trunc_ln69_2_reg_798                                    |  32|   0|   32|          0|
    |trunc_ln69_reg_779                                      |  32|   0|   32|          0|
    |icmp_ln384_reg_862                                      |  64|  32|    1|          0|
    |icmp_ln428_reg_820                                      |  64|  32|    1|          0|
    +--------------------------------------------------------+----+----+-----+-----------+
    |Total                                                   | 447|  64|  330|          9|
    +--------------------------------------------------------+----+----+-----+-----------+



================================================================
== Interface
================================================================
* Summary: 
+------------------------------+-----+-----+------------+---------------------+--------------+
|           RTL Ports          | Dir | Bits|  Protocol  |    Source Object    |    C Type    |
+------------------------------+-----+-----+------------+---------------------+--------------+
|ap_clk                        |   in|    1|  ap_ctrl_hs|           add_patch9|  return value|
|ap_rst                        |   in|    1|  ap_ctrl_hs|           add_patch9|  return value|
|ap_start                      |   in|    1|  ap_ctrl_hs|           add_patch9|  return value|
|ap_done                       |  out|    1|  ap_ctrl_hs|           add_patch9|  return value|
|ap_idle                       |  out|    1|  ap_ctrl_hs|           add_patch9|  return value|
|ap_ready                      |  out|    1|  ap_ctrl_hs|           add_patch9|  return value|
|n_patches                     |  out|    8|      ap_vld|            n_patches|       pointer|
|n_patches_ap_vld              |  out|    1|      ap_vld|            n_patches|       pointer|
|n_patches_read                |   in|    8|     ap_none|       n_patches_read|        scalar|
|wp_superpoints_address0       |  out|    8|   ap_memory|       wp_superpoints|         array|
|wp_superpoints_ce0            |  out|    1|   ap_memory|       wp_superpoints|         array|
|wp_superpoints_q0             |   in|   32|   ap_memory|       wp_superpoints|         array|
|wp_superpoints_address1       |  out|    8|   ap_memory|       wp_superpoints|         array|
|wp_superpoints_ce1            |  out|    1|   ap_memory|       wp_superpoints|         array|
|wp_superpoints_q1             |   in|   32|   ap_memory|       wp_superpoints|         array|
|wp_parameters_address0        |  out|    7|   ap_memory|        wp_parameters|         array|
|wp_parameters_ce0             |  out|    1|   ap_memory|        wp_parameters|         array|
|wp_parameters_q0              |   in|   32|   ap_memory|        wp_parameters|         array|
|patches_superpoints_address0  |  out|   12|   ap_memory|  patches_superpoints|         array|
|patches_superpoints_ce0       |  out|    1|   ap_memory|  patches_superpoints|         array|
|patches_superpoints_we0       |  out|    1|   ap_memory|  patches_superpoints|         array|
|patches_superpoints_d0        |  out|   64|   ap_memory|  patches_superpoints|         array|
|patches_superpoints_q0        |   in|   64|   ap_memory|  patches_superpoints|         array|
|patches_parameters_address0   |  out|    9|   ap_memory|   patches_parameters|         array|
|patches_parameters_ce0        |  out|    1|   ap_memory|   patches_parameters|         array|
|patches_parameters_we0        |  out|    1|   ap_memory|   patches_parameters|         array|
|patches_parameters_d0         |  out|   32|   ap_memory|   patches_parameters|         array|
|patches_parameters_address1   |  out|    9|   ap_memory|   patches_parameters|         array|
|patches_parameters_ce1        |  out|    1|   ap_memory|   patches_parameters|         array|
|patches_parameters_q1         |   in|   32|   ap_memory|   patches_parameters|         array|
+------------------------------+-----+-----+------------+---------------------+--------------+

