

================================================================
== Vitis HLS Report for 'delete_patch'
================================================================
* Date:           Mon Aug  5 17:49:20 2024

* Version:        2020.2 (Build 3064766 on Wed Nov 18 09:12:45 MST 2020)
* Project:        PatchMaker_tanishGit
* Solution:       solutionSC4 (Vivado IP Flow Target)
* Product family: virtexuplus
* Target device:  xcvu19p-fsvb3824-2-e


================================================================
== Performance Estimates
================================================================
+ Timing: 
    * Summary: 
    +--------+---------+----------+------------+
    |  Clock |  Target | Estimated| Uncertainty|
    +--------+---------+----------+------------+
    |ap_clk  |  3.00 ns|  2.038 ns|     0.81 ns|
    +--------+---------+----------+------------+

+ Latency: 
    * Summary: 
    +---------+---------+----------+----------+-----+-----+---------+
    |  Latency (cycles) |  Latency (absolute) |  Interval | Pipeline|
    |   min   |   max   |    min   |    max   | min | max |   Type  |
    +---------+---------+----------+----------+-----+-----+---------+
    |        ?|        ?|         ?|         ?|    ?|    ?|     none|
    +---------+---------+----------+----------+-----+-----+---------+

    + Detail: 
        * Instance: 
        +--------------------------------------------+---------------------------------+---------+---------+----------+----------+-----+-----+---------+
        |                                            |                                 |  Latency (cycles) |  Latency (absolute) |  Interval | Pipeline|
        |                  Instance                  |              Module             |   min   |   max   |    min   |    max   | min | max |   Type  |
        +--------------------------------------------+---------------------------------+---------+---------+----------+----------+-----+-----+---------+
        |grp_delete_patch_patches_parameters_fu_208  |delete_patch_patches_parameters  |        ?|        ?|         ?|         ?|    ?|    ?|     none|
        +--------------------------------------------+---------------------------------+---------+---------+----------+----------+-----+-----+---------+

        * Loop: 
        +------------------------------------------------------------+---------+---------+----------+-----------+-----------+------+----------+
        |                                                            |  Latency (cycles) | Iteration|  Initiation Interval  | Trip |          |
        |                          Loop Name                         |   min   |   max   |  Latency |  achieved |   target  | Count| Pipelined|
        +------------------------------------------------------------+---------+---------+----------+-----------+-----------+------+----------+
        |- delete_patch_perPatch                                     |        ?|        ?|        85|          -|          -|     ?|        no|
        | + delete_patch_perSuperpointSP_delete_patch_perPointSP     |       82|       82|         4|          1|          1|    80|       yes|
        |- delete_patch_perSuperpointSPLP_delete_patch_perPointSPLP  |       80|       80|         2|          1|          1|    80|       yes|
        +------------------------------------------------------------+---------+---------+----------+-----------+-----------+------+----------+



================================================================
== Utilization Estimates
================================================================
* Summary: 
+---------------------+---------+------+---------+---------+-----+
|         Name        | BRAM_18K|  DSP |    FF   |   LUT   | URAM|
+---------------------+---------+------+---------+---------+-----+
|DSP                  |        -|     -|        -|        -|    -|
|Expression           |        -|     -|        0|      289|    -|
|FIFO                 |        -|     -|        -|        -|    -|
|Instance             |        -|     -|       97|      591|    -|
|Memory               |        -|     -|        -|        -|    -|
|Multiplexer          |        -|     -|        -|      184|    -|
|Register             |        -|     -|      223|       32|    -|
+---------------------+---------+------+---------+---------+-----+
|Total                |        0|     0|      320|     1096|    0|
+---------------------+---------+------+---------+---------+-----+
|Available SLR        |     1080|   960|  2042880|  1021440|   80|
+---------------------+---------+------+---------+---------+-----+
|Utilization SLR (%)  |        0|     0|       ~0|       ~0|    0|
+---------------------+---------+------+---------+---------+-----+
|Available            |     4320|  3840|  8171520|  4085760|  320|
+---------------------+---------+------+---------+---------+-----+
|Utilization (%)      |        0|     0|       ~0|       ~0|    0|
+---------------------+---------+------+---------+---------+-----+

+ Detail: 
    * Instance: 
    +--------------------------------------------+---------------------------------+---------+----+----+-----+-----+
    |                  Instance                  |              Module             | BRAM_18K| DSP| FF | LUT | URAM|
    +--------------------------------------------+---------------------------------+---------+----+----+-----+-----+
    |grp_delete_patch_patches_parameters_fu_208  |delete_patch_patches_parameters  |        0|   0|  97|  591|    0|
    +--------------------------------------------+---------------------------------+---------+----+----+-----+-----+
    |Total                                       |                                 |        0|   0|  97|  591|    0|
    +--------------------------------------------+---------------------------------+---------+----+----+-----+-----+

    * DSP: 
    N/A

    * Memory: 
    N/A

    * FIFO: 
    N/A

    * Expression: 
    +----------------------------------+----------+----+---+----+------------+------------+
    |           Variable Name          | Operation| DSP| FF| LUT| Bitwidth P0| Bitwidth P1|
    +----------------------------------+----------+----+---+----+------------+------------+
    |add_ln558_1_fu_275_p2             |         +|   0|  0|  14|           7|           1|
    |add_ln558_fu_287_p2               |         +|   0|  0|  10|           3|           1|
    |add_ln564_fu_324_p2               |         +|   0|  0|  12|           5|           1|
    |add_ln569_1_fu_269_p2             |         +|   0|  0|  12|           4|           4|
    |add_ln569_2_fu_319_p2             |         +|   0|  0|  12|           4|           4|
    |add_ln569_3_fu_340_p2             |         +|   0|  0|  12|           4|           4|
    |add_ln569_4_fu_356_p2             |         +|   0|  0|  15|           8|           8|
    |add_ln569_5_fu_367_p2             |         +|   0|  0|  15|           8|           8|
    |add_ln569_fu_251_p2               |         +|   0|  0|  12|           4|           4|
    |add_ln580_1_fu_377_p2             |         +|   0|  0|  14|           7|           1|
    |add_ln580_fu_389_p2               |         +|   0|  0|  10|           3|           1|
    |add_ln586_fu_417_p2               |         +|   0|  0|  12|           5|           1|
    |add_ln591_1_fu_443_p2             |         +|   0|  0|  19|           8|           8|
    |add_ln591_fu_434_p2               |         +|   0|  0|  19|           8|           8|
    |i_fu_233_p2                       |         +|   0|  0|   9|           2|           1|
    |n_patches                         |         +|   0|  0|  15|           8|           2|
    |ap_block_state11_on_subcall_done  |       and|   0|  0|   2|           1|           1|
    |icmp_ln543_fu_219_p2              |      icmp|   0|  0|  11|           8|           8|
    |icmp_ln558_fu_281_p2              |      icmp|   0|  0|  10|           7|           7|
    |icmp_ln564_fu_293_p2              |      icmp|   0|  0|  10|           5|           6|
    |icmp_ln580_fu_383_p2              |      icmp|   0|  0|  10|           7|           7|
    |icmp_ln586_fu_395_p2              |      icmp|   0|  0|  10|           5|           6|
    |select_ln558_1_fu_307_p3          |    select|   0|  0|   3|           1|           3|
    |select_ln558_fu_299_p3            |    select|   0|  0|   5|           1|           1|
    |select_ln580_1_fu_409_p3          |    select|   0|  0|   3|           1|           3|
    |select_ln580_fu_401_p3            |    select|   0|  0|   5|           1|           1|
    |ap_enable_pp0                     |       xor|   0|  0|   2|           1|           2|
    |ap_enable_pp1                     |       xor|   0|  0|   2|           1|           2|
    |ap_enable_reg_pp0_iter1           |       xor|   0|  0|   2|           2|           1|
    |ap_enable_reg_pp1_iter1           |       xor|   0|  0|   2|           2|           1|
    +----------------------------------+----------+----+---+----+------------+------------+
    |Total                             |          |   0|  0| 289|         131|         106|
    +----------------------------------+----------+----+---+----+------------+------------+

    * Multiplexer: 
    +------------------------------+----+-----------+-----+-----------+
    |             Name             | LUT| Input Size| Bits| Total Bits|
    +------------------------------+----+-----------+-----+-----------+
    |a_3_reg_186                   |   9|          2|    3|          6|
    |a_reg_153                     |   9|          2|    3|          6|
    |ap_NS_fsm                     |  43|          8|    1|          8|
    |ap_enable_reg_pp0_iter1       |   9|          2|    1|          2|
    |ap_enable_reg_pp0_iter3       |   9|          2|    1|          2|
    |ap_enable_reg_pp1_iter1       |  14|          3|    1|          3|
    |ap_phi_mux_a_3_phi_fu_190_p4  |   9|          2|    3|          6|
    |ap_phi_mux_a_phi_fu_157_p4    |   9|          2|    3|          6|
    |b_5_reg_197                   |   9|          2|    5|         10|
    |b_reg_164                     |   9|          2|    5|         10|
    |i_011_reg_133                 |   9|          2|    2|          4|
    |indvar_flatten7_reg_175       |   9|          2|    7|         14|
    |indvar_flatten_reg_142        |   9|          2|    7|         14|
    |patches_superpoints_address0  |  14|          3|    8|         24|
    |patches_superpoints_d0        |  14|          3|   64|        192|
    +------------------------------+----+-----------+-----+-----------+
    |Total                         | 184|         39|  114|        307|
    +------------------------------+----+-----------+-----+-----------+

    * Register: 
    +---------------------------------------------------------+----+----+-----+-----------+
    |                           Name                          | FF | LUT| Bits| Const Bits|
    +---------------------------------------------------------+----+----+-----+-----------+
    |a_3_reg_186                                              |   3|   0|    3|          0|
    |a_reg_153                                                |   3|   0|    3|          0|
    |add_ln569_1_reg_489                                      |   4|   0|    4|          0|
    |add_ln569_2_reg_514                                      |   4|   0|    4|          0|
    |add_ln569_5_reg_529                                      |   8|   0|    8|          0|
    |add_ln569_5_reg_529_pp0_iter2_reg                        |   8|   0|    8|          0|
    |add_ln569_reg_484                                        |   4|   0|    4|          0|
    |ap_CS_fsm                                                |   7|   0|    7|          0|
    |ap_enable_reg_pp0_iter0                                  |   1|   0|    1|          0|
    |ap_enable_reg_pp0_iter1                                  |   1|   0|    1|          0|
    |ap_enable_reg_pp0_iter2                                  |   1|   0|    1|          0|
    |ap_enable_reg_pp0_iter3                                  |   1|   0|    1|          0|
    |ap_enable_reg_pp1_iter0                                  |   1|   0|    1|          0|
    |ap_enable_reg_pp1_iter1                                  |   1|   0|    1|          0|
    |b_5_reg_197                                              |   5|   0|    5|          0|
    |b_reg_164                                                |   5|   0|    5|          0|
    |grp_delete_patch_patches_parameters_fu_208_ap_start_reg  |   1|   0|    1|          0|
    |i_011_reg_133                                            |   2|   0|    2|          0|
    |i_reg_479                                                |   2|   0|    2|          0|
    |icmp_ln543_reg_471                                       |   1|   0|    1|          0|
    |icmp_ln558_reg_499                                       |   1|   0|    1|          0|
    |icmp_ln580_reg_544                                       |   1|   0|    1|          0|
    |indvar_flatten7_reg_175                                  |   7|   0|    7|          0|
    |indvar_flatten_reg_142                                   |   7|   0|    7|          0|
    |patches_superpoints_load_reg_534                         |  64|   0|   64|          0|
    |select_ln558_1_reg_508                                   |   3|   0|    3|          0|
    |select_ln558_reg_503                                     |   5|   0|    5|          0|
    |select_ln580_1_reg_553                                   |   3|   0|    3|          0|
    |select_ln580_reg_548                                     |   5|   0|    5|          0|
    |icmp_ln558_reg_499                                       |  64|  32|    1|          0|
    +---------------------------------------------------------+----+----+-----+-----------+
    |Total                                                    | 223|  32|  160|          0|
    +---------------------------------------------------------+----+----+-----+-----------+



================================================================
== Interface
================================================================
* Summary: 
+------------------------------+-----+-----+------------+---------------------+--------------+
|           RTL Ports          | Dir | Bits|  Protocol  |    Source Object    |    C Type    |
+------------------------------+-----+-----+------------+---------------------+--------------+
|ap_clk                        |   in|    1|  ap_ctrl_hs|         delete_patch|  return value|
|ap_rst                        |   in|    1|  ap_ctrl_hs|         delete_patch|  return value|
|ap_start                      |   in|    1|  ap_ctrl_hs|         delete_patch|  return value|
|ap_done                       |  out|    1|  ap_ctrl_hs|         delete_patch|  return value|
|ap_idle                       |  out|    1|  ap_ctrl_hs|         delete_patch|  return value|
|ap_ready                      |  out|    1|  ap_ctrl_hs|         delete_patch|  return value|
|n_patches                     |  out|    8|      ap_vld|            n_patches|       pointer|
|n_patches_ap_vld              |  out|    1|      ap_vld|            n_patches|       pointer|
|n_patches_read                |   in|    8|     ap_none|       n_patches_read|        scalar|
|index                         |   in|    2|     ap_none|                index|        scalar|
|patches_superpoints_address0  |  out|    8|   ap_memory|  patches_superpoints|         array|
|patches_superpoints_ce0       |  out|    1|   ap_memory|  patches_superpoints|         array|
|patches_superpoints_we0       |  out|    1|   ap_memory|  patches_superpoints|         array|
|patches_superpoints_d0        |  out|   64|   ap_memory|  patches_superpoints|         array|
|patches_superpoints_address1  |  out|    8|   ap_memory|  patches_superpoints|         array|
|patches_superpoints_ce1       |  out|    1|   ap_memory|  patches_superpoints|         array|
|patches_superpoints_q1        |   in|   64|   ap_memory|  patches_superpoints|         array|
|patches_parameters_address0   |  out|    7|   ap_memory|   patches_parameters|         array|
|patches_parameters_ce0        |  out|    1|   ap_memory|   patches_parameters|         array|
|patches_parameters_we0        |  out|    1|   ap_memory|   patches_parameters|         array|
|patches_parameters_d0         |  out|   32|   ap_memory|   patches_parameters|         array|
|patches_parameters_address1   |  out|    7|   ap_memory|   patches_parameters|         array|
|patches_parameters_ce1        |  out|    1|   ap_memory|   patches_parameters|         array|
|patches_parameters_q1         |   in|   32|   ap_memory|   patches_parameters|         array|
+------------------------------+-----+-----+------------+---------------------+--------------+

