

================================================================
== Vitis HLS Report for 'getParallelogramsAndAcceptanceCorners'
================================================================
* Date:           Sat Aug  3 00:46:41 2024

* Version:        2020.2 (Build 3064766 on Wed Nov 18 09:12:45 MST 2020)
* Project:        PatchMaker_tanishGit
* Solution:       solutionSC4 (Vivado IP Flow Target)
* Product family: virtexuplus
* Target device:  xcvu19p-fsvb3824-2-e


================================================================
== Performance Estimates
================================================================
+ Timing: 
    * Summary: 
    +--------+---------+----------+------------+
    |  Clock |  Target | Estimated| Uncertainty|
    +--------+---------+----------+------------+
    |ap_clk  |  3.00 ns|  2.190 ns|     0.81 ns|
    +--------+---------+----------+------------+

+ Latency: 
    * Summary: 
    +---------+---------+----------+----------+-----+-----+---------+
    |  Latency (cycles) |  Latency (absolute) |  Interval | Pipeline|
    |   min   |   max   |    min   |    max   | min | max |   Type  |
    +---------+---------+----------+----------+-----+-----+---------+
    |      211|      212|  0.633 us|  0.636 us|  211|  212|     none|
    +---------+---------+----------+----------+-----+-----+---------+

    + Detail: 
        * Instance: 
        +------------------------------------------------+-------------------------------------+---------+---------+----------+----------+-----+-----+---------+
        |                                                |                                     |  Latency (cycles) |  Latency (absolute) |  Interval | Pipeline|
        |                    Instance                    |                Module               |   min   |   max   |    min   |    max   | min | max |   Type  |
        +------------------------------------------------+-------------------------------------+---------+---------+----------+----------+-----+-----+---------+
        |grp_straightLineProjectorFromLayerIJtoK_fu_441  |straightLineProjectorFromLayerIJtoK  |       44|       44|  0.132 us|  0.132 us|    1|    1|      yes|
        |grp_straightLineProjectorFromLayerIJtoK_fu_452  |straightLineProjectorFromLayerIJtoK  |       44|       44|  0.132 us|  0.132 us|    1|    1|      yes|
        |grp_straightLineProjectorFromLayerIJtoK_fu_463  |straightLineProjectorFromLayerIJtoK  |       44|       44|  0.132 us|  0.132 us|    1|    1|      yes|
        |grp_straightLineProjectorFromLayerIJtoK_fu_474  |straightLineProjectorFromLayerIJtoK  |       44|       44|  0.132 us|  0.132 us|    1|    1|      yes|
        +------------------------------------------------+-------------------------------------+---------+---------+----------+----------+-----+-----+---------+

        * Loop: 
        +-----------------------------------------+---------+---------+----------+-----------+-----------+------+----------+
        |                                         |  Latency (cycles) | Iteration|  Initiation Interval  | Trip |          |
        |                Loop Name                |   min   |   max   |  Latency |  achieved |   target  | Count| Pipelined|
        +-----------------------------------------+---------+---------+----------+-----------+-----------+------+----------+
        |- getParallelograms_settingWPparameters  |      192|      192|        48|          -|          -|     4|        no|
        |- get_acceptanceCorners_minMaxFinding    |        4|        4|         1|          -|          -|     4|        no|
        +-----------------------------------------+---------+---------+----------+-----------+-----------+------+----------+



================================================================
== Utilization Estimates
================================================================
* Summary: 
+---------------------+---------+------+---------+---------+-----+
|         Name        | BRAM_18K|  DSP |    FF   |   LUT   | URAM|
+---------------------+---------+------+---------+---------+-----+
|DSP                  |        -|     -|        -|        -|    -|
|Expression           |        -|     -|        0|      629|    -|
|FIFO                 |        -|     -|        -|        -|    -|
|Instance             |        -|     0|    14208|    10260|    -|
|Memory               |        -|     -|        -|        -|    -|
|Multiplexer          |        -|     -|        -|      541|    -|
|Register             |        -|     -|     1331|        -|    -|
+---------------------+---------+------+---------+---------+-----+
|Total                |        0|     0|    15539|    11430|    0|
+---------------------+---------+------+---------+---------+-----+
|Available SLR        |     1080|   960|  2042880|  1021440|   80|
+---------------------+---------+------+---------+---------+-----+
|Utilization SLR (%)  |        0|     0|       ~0|        1|    0|
+---------------------+---------+------+---------+---------+-----+
|Available            |     4320|  3840|  8171520|  4085760|  320|
+---------------------+---------+------+---------+---------+-----+
|Utilization (%)      |        0|     0|       ~0|       ~0|    0|
+---------------------+---------+------+---------+---------+-----+

+ Detail: 
    * Instance: 
    +------------------------------------------------+-------------------------------------+---------+----+------+------+-----+
    |                    Instance                    |                Module               | BRAM_18K| DSP|  FF  |  LUT | URAM|
    +------------------------------------------------+-------------------------------------+---------+----+------+------+-----+
    |mux_42_32_1_1_U34                               |mux_42_32_1_1                        |        0|   0|     0|    20|    0|
    |mux_42_32_1_1_U35                               |mux_42_32_1_1                        |        0|   0|     0|    20|    0|
    |mux_42_32_1_1_U36                               |mux_42_32_1_1                        |        0|   0|     0|    20|    0|
    |mux_42_32_1_1_U37                               |mux_42_32_1_1                        |        0|   0|     0|    20|    0|
    |grp_straightLineProjectorFromLayerIJtoK_fu_441  |straightLineProjectorFromLayerIJtoK  |        0|   0|  3552|  2545|    0|
    |grp_straightLineProjectorFromLayerIJtoK_fu_452  |straightLineProjectorFromLayerIJtoK  |        0|   0|  3552|  2545|    0|
    |grp_straightLineProjectorFromLayerIJtoK_fu_463  |straightLineProjectorFromLayerIJtoK  |        0|   0|  3552|  2545|    0|
    |grp_straightLineProjectorFromLayerIJtoK_fu_474  |straightLineProjectorFromLayerIJtoK  |        0|   0|  3552|  2545|    0|
    +------------------------------------------------+-------------------------------------+---------+----+------+------+-----+
    |Total                                           |                                     |        0|   0| 14208| 10260|    0|
    +------------------------------------------------+-------------------------------------+---------+----+------+------+-----+

    * DSP: 
    N/A

    * Memory: 
    N/A

    * FIFO: 
    N/A

    * Expression: 
    +------------------------------------+----------+----+---+----+------------+------------+
    |            Variable Name           | Operation| DSP| FF| LUT| Bitwidth P0| Bitwidth P1|
    +------------------------------------+----------+----+---+----+------------+------------+
    |add_ln66_fu_617_p2                  |         +|   0|  0|  10|           3|           1|
    |add_ln92_fu_770_p2                  |         +|   0|  0|  10|           3|           1|
    |icmp_ln61_fu_611_p2                 |      icmp|   0|  0|   8|           3|           3|
    |icmp_ln77_fu_751_p2                 |      icmp|   0|  0|   8|           2|           1|
    |icmp_ln874_1_fu_958_p2              |      icmp|   0|  0|  20|          32|          32|
    |icmp_ln874_2_fu_967_p2              |      icmp|   0|  0|  20|          32|          32|
    |icmp_ln874_3_fu_976_p2              |      icmp|   0|  0|  20|          32|          32|
    |icmp_ln874_fu_949_p2                |      icmp|   0|  0|  20|          32|          32|
    |icmp_ln878_12_fu_503_p2             |      icmp|   0|  0|  20|          32|          25|
    |icmp_ln878_13_fu_848_p2             |      icmp|   0|  0|  20|          32|          32|
    |icmp_ln878_14_fu_876_p2             |      icmp|   0|  0|  20|          32|          32|
    |icmp_ln878_15_fu_988_p2             |      icmp|   0|  0|  20|          32|          32|
    |icmp_ln878_fu_497_p2                |      icmp|   0|  0|  20|          32|          26|
    |icmp_ln886_10_fu_932_p2             |      icmp|   0|  0|  20|          32|          32|
    |icmp_ln886_11_fu_982_p2             |      icmp|   0|  0|  20|          32|          32|
    |icmp_ln886_9_fu_904_p2              |      icmp|   0|  0|  20|          32|          32|
    |icmp_ln886_fu_531_p2                |      icmp|   0|  0|  20|          32|          32|
    |icmp_ln92_fu_776_p2                 |      icmp|   0|  0|   9|           3|           4|
    |or_ln63_fu_581_p2                   |        or|   0|  0|   8|           8|           1|
    |or_ln64_fu_596_p2                   |        or|   0|  0|   8|           8|           5|
    |a_corner_min_V_4_fu_854_p3          |    select|   0|  0|  32|           1|          32|
    |b_corner_min_V_5_fu_882_p3          |    select|   0|  0|  32|           1|          32|
    |c_corner_max_V_4_fu_910_p3          |    select|   0|  0|  32|           1|          32|
    |d_corner_max_V_5_fu_938_p3          |    select|   0|  0|  32|           1|          32|
    |parallelogramsList_V_4_0_fu_549_p3  |    select|   0|  0|  26|           1|          25|
    |parallelogramsList_V_5_0_fu_537_p3  |    select|   0|  0|  26|           1|          25|
    |select_ln77_fu_756_p3               |    select|   0|  0|  32|           1|          32|
    |select_ln78_fu_763_p3               |    select|   0|  0|  32|           1|          32|
    |z1_max_V_fu_520_p3                  |    select|   0|  0|  32|           1|          32|
    |z1_min_V_fu_509_p3                  |    select|   0|  0|  32|           1|          26|
    +------------------------------------+----------+----+---+----+------------+------------+
    |Total                               |          |   0|  0| 629|         456|         719|
    +------------------------------------+----------+----+---+----+------------+------------+

    * Multiplexer: 
    +--------------------------------+-----+-----------+-----+-----------+
    |              Name              | LUT | Input Size| Bits| Total Bits|
    +--------------------------------+-----+-----------+-----+-----------+
    |a_corner_min_V_1_reg_416        |    9|          2|   32|         64|
    |ap_NS_fsm                       |  279|         65|    1|         65|
    |arrayidx2356315_load_0_reg_427  |    9|          2|   32|         64|
    |b_corner_min_V_1_reg_405        |    9|          2|   32|         64|
    |c_corner_max_V_1_reg_394        |    9|          2|   32|         64|
    |d_corner_max_V_1_reg_383        |    9|          2|   32|         64|
    |i_10_reg_372                    |    9|          2|    3|          6|
    |i_reg_360                       |    9|          2|    3|          6|
    |wp_parameters_address0          |   43|          8|    5|         40|
    |wp_parameters_address1          |   54|         10|    5|         50|
    |wp_parameters_d0                |   37|          7|   32|        224|
    |wp_parameters_d1                |   37|          7|   32|        224|
    |wp_superpoints_address0         |   14|          3|    8|         24|
    |wp_superpoints_address1         |   14|          3|    8|         24|
    +--------------------------------+-----+-----------+-----+-----------+
    |Total                           |  541|        117|  257|        983|
    +--------------------------------+-----+-----------+-----+-----------+

    * Register: 
    +---------------------------------------+----+----+-----+-----------+
    |                  Name                 | FF | LUT| Bits| Const Bits|
    +---------------------------------------+----+----+-----+-----------+
    |a_corner_min_V_1_reg_416               |  32|   0|   32|          0|
    |a_corner_min_V_3_reg_1236              |  32|   0|   32|          0|
    |a_corner_min_V_fu_86                   |  32|   0|   32|          0|
    |add_ln66_reg_1269                      |   3|   0|    3|          0|
    |ap_CS_fsm                              |  64|   0|   64|          0|
    |arrayidx2356315_load_0_reg_427         |  32|   0|   32|          0|
    |b_corner_min_V_1_reg_405               |  32|   0|   32|          0|
    |b_corner_min_V_4_reg_1241              |  32|   0|   32|          0|
    |b_corner_min_V_fu_90                   |  32|   0|   32|          0|
    |c_corner_max_V_1_reg_394               |  32|   0|   32|          0|
    |c_corner_max_V_3_reg_1246              |  32|   0|   32|          0|
    |c_corner_max_V_fu_94                   |  32|   0|   32|          0|
    |d_corner_max_V_1_reg_383               |  32|   0|   32|          0|
    |d_corner_max_V_4_reg_1251              |  32|   0|   32|          0|
    |d_corner_max_V_fu_98                   |  32|   0|   32|          0|
    |i_10_reg_372                           |   3|   0|    3|          0|
    |i_reg_360                              |   3|   0|    3|          0|
    |icmp_ln874_1_reg_1325                  |   1|   0|    1|          0|
    |icmp_ln874_2_reg_1329                  |   1|   0|    1|          0|
    |icmp_ln874_3_reg_1333                  |   1|   0|    1|          0|
    |icmp_ln874_reg_1321                    |   1|   0|    1|          0|
    |icmp_ln878_12_reg_1153                 |   1|   0|    1|          0|
    |icmp_ln878_15_reg_1341                 |   1|   0|    1|          0|
    |icmp_ln878_reg_1148                    |   1|   0|    1|          0|
    |icmp_ln886_11_reg_1337                 |   1|   0|    1|          0|
    |parallelogramsList_V_0_3_1_fu_118      |  32|   0|   32|          0|
    |parallelogramsList_V_0_3_2_fu_122      |  32|   0|   32|          0|
    |parallelogramsList_V_0_3_3_fu_126      |  32|   0|   32|          0|
    |parallelogramsList_V_0_3_4_fu_130      |  32|   0|   32|          0|
    |parallelogramsList_V_0_3_fu_102        |  32|   0|   32|          0|
    |parallelogramsList_V_1_3_1_fu_134      |  32|   0|   32|          0|
    |parallelogramsList_V_1_3_2_fu_138      |  32|   0|   32|          0|
    |parallelogramsList_V_1_3_3_fu_142      |  32|   0|   32|          0|
    |parallelogramsList_V_1_3_4_fu_146      |  32|   0|   32|          0|
    |parallelogramsList_V_1_3_fu_106        |  32|   0|   32|          0|
    |parallelogramsList_V_2_3_1_fu_150      |  32|   0|   32|          0|
    |parallelogramsList_V_2_3_2_fu_154      |  32|   0|   32|          0|
    |parallelogramsList_V_2_3_3_fu_158      |  32|   0|   32|          0|
    |parallelogramsList_V_2_3_4_fu_162      |  32|   0|   32|          0|
    |parallelogramsList_V_2_3_fu_110        |  32|   0|   32|          0|
    |parallelogramsList_V_3_3_1_fu_166      |  32|   0|   32|          0|
    |parallelogramsList_V_3_3_2_fu_170      |  32|   0|   32|          0|
    |parallelogramsList_V_3_3_3_fu_174      |  32|   0|   32|          0|
    |parallelogramsList_V_3_3_4_fu_178      |  32|   0|   32|          0|
    |parallelogramsList_V_3_3_fu_114        |  32|   0|   32|          0|
    |parallelogramsList_V_4_0_0144_reg_347  |  32|   0|   32|          0|
    |parallelogramsList_V_5_0_0145_reg_334  |  32|   0|   32|          0|
    |reg_485                                |  32|   0|   32|          0|
    |reg_491                                |  32|   0|   32|          0|
    |sext_ln77_reg_1229                     |  32|   0|   32|          0|
    |sext_ln78_reg_1222                     |  32|   0|   32|          0|
    |trunc_ln73_reg_1278                    |   2|   0|    2|          0|
    +---------------------------------------+----+----+-----+-----------+
    |Total                                  |1331|   0| 1331|          0|
    +---------------------------------------+----+----+-----+-----------+



================================================================
== Interface
================================================================
* Summary: 
+-------------------------+-----+-----+------------+---------------------------------------+--------------+
|        RTL Ports        | Dir | Bits|  Protocol  |             Source Object             |    C Type    |
+-------------------------+-----+-----+------------+---------------------------------------+--------------+
|ap_clk                   |   in|    1|  ap_ctrl_hs|  getParallelogramsAndAcceptanceCorners|  return value|
|ap_rst                   |   in|    1|  ap_ctrl_hs|  getParallelogramsAndAcceptanceCorners|  return value|
|ap_start                 |   in|    1|  ap_ctrl_hs|  getParallelogramsAndAcceptanceCorners|  return value|
|ap_done                  |  out|    1|  ap_ctrl_hs|  getParallelogramsAndAcceptanceCorners|  return value|
|ap_idle                  |  out|    1|  ap_ctrl_hs|  getParallelogramsAndAcceptanceCorners|  return value|
|ap_ready                 |  out|    1|  ap_ctrl_hs|  getParallelogramsAndAcceptanceCorners|  return value|
|wp_superpoints_address0  |  out|    8|   ap_memory|                         wp_superpoints|         array|
|wp_superpoints_ce0       |  out|    1|   ap_memory|                         wp_superpoints|         array|
|wp_superpoints_q0        |   in|   32|   ap_memory|                         wp_superpoints|         array|
|wp_superpoints_address1  |  out|    8|   ap_memory|                         wp_superpoints|         array|
|wp_superpoints_ce1       |  out|    1|   ap_memory|                         wp_superpoints|         array|
|wp_superpoints_q1        |   in|   32|   ap_memory|                         wp_superpoints|         array|
|wp_parameters_address0   |  out|    5|   ap_memory|                          wp_parameters|         array|
|wp_parameters_ce0        |  out|    1|   ap_memory|                          wp_parameters|         array|
|wp_parameters_we0        |  out|    1|   ap_memory|                          wp_parameters|         array|
|wp_parameters_d0         |  out|   32|   ap_memory|                          wp_parameters|         array|
|wp_parameters_address1   |  out|    5|   ap_memory|                          wp_parameters|         array|
|wp_parameters_ce1        |  out|    1|   ap_memory|                          wp_parameters|         array|
|wp_parameters_we1        |  out|    1|   ap_memory|                          wp_parameters|         array|
|wp_parameters_d1         |  out|   32|   ap_memory|                          wp_parameters|         array|
+-------------------------+-----+-----+------------+---------------------------------------+--------------+

