

================================================================
== Vitis HLS Report for 'getSolveNextPatchPairWhileCondition'
================================================================
* Date:           Thu Aug  1 23:31:56 2024

* Version:        2020.2 (Build 3064766 on Wed Nov 18 09:12:45 MST 2020)
* Project:        PatchMaker_tanishGit
* Solution:       solutionSC4 (Vivado IP Flow Target)
* Product family: virtexuplus
* Target device:  xcvu19p-fsvb3824-2-e


================================================================
== Performance Estimates
================================================================
+ Timing: 
    * Summary: 
    +--------+---------+----------+------------+
    |  Clock |  Target | Estimated| Uncertainty|
    +--------+---------+----------+------------+
    |ap_clk  |  3.00 ns|  2.055 ns|     0.81 ns|
    +--------+---------+----------+------------+

+ Latency: 
    * Summary: 
    +---------+---------+----------+----------+-----+-----+---------+
    |  Latency (cycles) |  Latency (absolute) |  Interval | Pipeline|
    |   min   |   max   |    min   |    max   | min | max |   Type  |
    +---------+---------+----------+----------+-----+-----+---------+
    |        2|        2|  6.000 ns|  6.000 ns|    2|    2|     none|
    +---------+---------+----------+----------+-----+-----+---------+

    + Detail: 
        * Instance: 
        N/A

        * Loop: 
        N/A



================================================================
== Utilization Estimates
================================================================
* Summary: 
+---------------------+---------+------+---------+---------+-----+
|         Name        | BRAM_18K|  DSP |    FF   |   LUT   | URAM|
+---------------------+---------+------+---------+---------+-----+
|DSP                  |        -|     -|        -|        -|    -|
|Expression           |        -|     -|        0|      277|    -|
|FIFO                 |        -|     -|        -|        -|    -|
|Instance             |        -|     -|        -|        -|    -|
|Memory               |        -|     -|        -|        -|    -|
|Multiplexer          |        -|     -|        -|       29|    -|
|Register             |        -|     -|       69|        -|    -|
+---------------------+---------+------+---------+---------+-----+
|Total                |        0|     0|       69|      306|    0|
+---------------------+---------+------+---------+---------+-----+
|Available SLR        |     1080|   960|  2042880|  1021440|   80|
+---------------------+---------+------+---------+---------+-----+
|Utilization SLR (%)  |        0|     0|       ~0|       ~0|    0|
+---------------------+---------+------+---------+---------+-----+
|Available            |     4320|  3840|  8171520|  4085760|  320|
+---------------------+---------+------+---------+---------+-----+
|Utilization (%)      |        0|     0|       ~0|       ~0|    0|
+---------------------+---------+------+---------+---------+-----+

+ Detail: 
    * Instance: 
    N/A

    * DSP: 
    N/A

    * Memory: 
    N/A

    * FIFO: 
    N/A

    * Expression: 
    +------------------------+----------+----+---+----+------------+------------+
    |      Variable Name     | Operation| DSP| FF| LUT| Bitwidth P0| Bitwidth P1|
    +------------------------+----------+----+---+----+------------+------------+
    |sub_ln180_fu_98_p2      |         -|   0|  0|  71|           1|          64|
    |and_ln973_fu_129_p2     |       and|   0|  0|   2|           1|           1|
    |and_ln979_1_fu_194_p2   |       and|   0|  0|   2|           1|           1|
    |and_ln979_fu_165_p2     |       and|   0|  0|   2|           1|           1|
    |exp4_fu_148_p2          |      icmp|   0|  0|  20|          32|          32|
    |icmp_ln973_fu_110_p2    |      icmp|   0|  0|  29|          64|           1|
    |icmp_ln979_1_fu_104_p2  |      icmp|   0|  0|  20|          32|          27|
    |icmp_ln979_2_fu_160_p2  |      icmp|   0|  0|  29|          64|           3|
    |icmp_ln979_fu_154_p2    |      icmp|   0|  0|  29|          64|           3|
    |or_ln979_1_fu_176_p2    |        or|   0|  0|   2|           1|           1|
    |or_ln979_2_fu_182_p2    |        or|   0|  0|   2|           1|           1|
    |or_ln979_fu_170_p2      |        or|   0|  0|   2|           1|           1|
    |select_ln180_fu_142_p3  |    select|   0|  0|  63|           1|          64|
    |xor_ln973_fu_123_p2     |       xor|   0|  0|   2|           1|           2|
    |xor_ln979_fu_188_p2     |       xor|   0|  0|   2|           1|           2|
    +------------------------+----------+----+---+----+------------+------------+
    |Total                   |          |   0|  0| 277|         266|         204|
    +------------------------+----------+----+---+----+------------+------------+

    * Multiplexer: 
    +-----------+----+-----------+-----+-----------+
    |    Name   | LUT| Input Size| Bits| Total Bits|
    +-----------+----+-----------+-----+-----------+
    |ap_NS_fsm  |  20|          4|    1|          4|
    |ap_return  |   9|          2|    1|          2|
    +-----------+----+-----------+-----+-----------+
    |Total      |  29|          6|    2|          6|
    +-----------+----+-----------+-----+-----------+

    * Register: 
    +----------------------+----+----+-----+-----------+
    |         Name         | FF | LUT| Bits| Const Bits|
    +----------------------+----+----+-----+-----------+
    |ap_CS_fsm             |   3|   0|    3|          0|
    |ap_return_preg        |   1|   0|    1|          0|
    |icmp_ln979_1_reg_223  |   1|   0|    1|          0|
    |sub_ln180_reg_213     |  64|   0|   64|          0|
    +----------------------+----+----+-----+-----------+
    |Total                 |  69|   0|   69|          0|
    +----------------------+----+----+-----+-----------+



================================================================
== Interface
================================================================
* Summary: 
+-----------------------------+-----+-----+------------+-------------------------------------+--------------+
|          RTL Ports          | Dir | Bits|  Protocol  |            Source Object            |    C Type    |
+-----------------------------+-----+-----+------------+-------------------------------------+--------------+
|ap_clk                       |   in|    1|  ap_ctrl_hs|  getSolveNextPatchPairWhileCondition|  return value|
|ap_rst                       |   in|    1|  ap_ctrl_hs|  getSolveNextPatchPairWhileCondition|  return value|
|ap_start                     |   in|    1|  ap_ctrl_hs|  getSolveNextPatchPairWhileCondition|  return value|
|ap_done                      |  out|    1|  ap_ctrl_hs|  getSolveNextPatchPairWhileCondition|  return value|
|ap_idle                      |  out|    1|  ap_ctrl_hs|  getSolveNextPatchPairWhileCondition|  return value|
|ap_ready                     |  out|    1|  ap_ctrl_hs|  getSolveNextPatchPairWhileCondition|  return value|
|ap_return                    |  out|    1|  ap_ctrl_hs|  getSolveNextPatchPairWhileCondition|  return value|
|GDn_points_address0          |  out|    3|   ap_memory|                           GDn_points|         array|
|GDn_points_ce0               |  out|    1|   ap_memory|                           GDn_points|         array|
|GDn_points_q0                |   in|   32|   ap_memory|                           GDn_points|         array|
|repeat_original              |   in|    1|     ap_none|                      repeat_original|        scalar|
|white_space_height           |   in|   64|     ap_none|                   white_space_height|        scalar|
|previous_white_space_height  |   in|   64|     ap_none|          previous_white_space_height|        scalar|
|current_z_top_index          |   in|   32|     ap_none|                  current_z_top_index|        scalar|
|patches_parameters_address0  |  out|    9|   ap_memory|                   patches_parameters|         array|
|patches_parameters_ce0       |  out|    1|   ap_memory|                   patches_parameters|         array|
|patches_parameters_q0        |   in|   32|   ap_memory|                   patches_parameters|         array|
+-----------------------------+-----+-----+------------+-------------------------------------+--------------+

