

================================================================
== Vitis HLS Report for 'getSolveNextColumnWhileConditional'
================================================================
* Date:           Sat Aug  3 00:46:37 2024

* Version:        2020.2 (Build 3064766 on Wed Nov 18 09:12:45 MST 2020)
* Project:        PatchMaker_tanishGit
* Solution:       solutionSC4 (Vivado IP Flow Target)
* Product family: virtexuplus
* Target device:  xcvu19p-fsvb3824-2-e


================================================================
== Performance Estimates
================================================================
+ Timing: 
    * Summary: 
    +--------+---------+----------+------------+
    |  Clock |  Target | Estimated| Uncertainty|
    +--------+---------+----------+------------+
    |ap_clk  |  3.00 ns|  0.981 ns|     0.81 ns|
    +--------+---------+----------+------------+

+ Latency: 
    * Summary: 
    +---------+---------+----------+----------+-----+-----+---------+
    |  Latency (cycles) |  Latency (absolute) |  Interval | Pipeline|
    |   min   |   max   |    min   |    max   | min | max |   Type  |
    +---------+---------+----------+----------+-----+-----+---------+
    |        0|        0|      0 ns|      0 ns|    0|    0|     none|
    +---------+---------+----------+----------+-----+-----+---------+

    + Detail: 
        * Instance: 
        N/A

        * Loop: 
        N/A



================================================================
== Utilization Estimates
================================================================
* Summary: 
+---------------------+---------+------+---------+---------+-----+
|         Name        | BRAM_18K|  DSP |    FF   |   LUT   | URAM|
+---------------------+---------+------+---------+---------+-----+
|DSP                  |        -|     -|        -|        -|    -|
|Expression           |        -|     -|        0|       64|    -|
|FIFO                 |        -|     -|        -|        -|    -|
|Instance             |        -|     -|        -|        -|    -|
|Memory               |        -|     -|        -|        -|    -|
|Multiplexer          |        -|     -|        -|        -|    -|
|Register             |        -|     -|        -|        -|    -|
+---------------------+---------+------+---------+---------+-----+
|Total                |        0|     0|        0|       64|    0|
+---------------------+---------+------+---------+---------+-----+
|Available SLR        |     1080|   960|  2042880|  1021440|   80|
+---------------------+---------+------+---------+---------+-----+
|Utilization SLR (%)  |        0|     0|        0|       ~0|    0|
+---------------------+---------+------+---------+---------+-----+
|Available            |     4320|  3840|  8171520|  4085760|  320|
+---------------------+---------+------+---------+---------+-----+
|Utilization (%)      |        0|     0|        0|       ~0|    0|
+---------------------+---------+------+---------+---------+-----+

+ Detail: 
    * Instance: 
    N/A

    * DSP: 
    N/A

    * Memory: 
    N/A

    * FIFO: 
    N/A

    * Expression: 
    +-----------------------+----------+----+---+----+------------+------------+
    |     Variable Name     | Operation| DSP| FF| LUT| Bitwidth P0| Bitwidth P1|
    +-----------------------+----------+----+---+----+------------+------------+
    |and_ln786_fu_50_p2     |       and|   0|  0|   2|           1|           1|
    |ap_return              |       and|   0|  0|   2|           1|           1|
    |icmp_ln786_1_fu_44_p2  |      icmp|   0|  0|  20|          32|          24|
    |icmp_ln786_fu_38_p2    |      icmp|   0|  0|  20|          32|          27|
    |icmp_ln886_fu_32_p2    |      icmp|   0|  0|  20|          32|          27|
    +-----------------------+----------+----+---+----+------------+------------+
    |Total                  |          |   0|  0|  64|          98|          80|
    +-----------------------+----------+----+---+----+------------+------------+

    * Multiplexer: 
    N/A

    * Register: 
    N/A



================================================================
== Interface
================================================================
* Summary: 
+--------------------------+-----+-----+------------+------------------------------------+--------------+
|         RTL Ports        | Dir | Bits|  Protocol  |            Source Object           |    C Type    |
+--------------------------+-----+-----+------------+------------------------------------+--------------+
|ap_ready                  |  out|    1|  ap_ctrl_hs|  getSolveNextColumnWhileConditional|  return value|
|ap_return                 |  out|    1|  ap_ctrl_hs|  getSolveNextColumnWhileConditional|  return value|
|c_corner                  |   in|   32|     ap_none|                            c_corner|        scalar|
|nPatchesInColumn          |   in|   32|     ap_none|                    nPatchesInColumn|        scalar|
|projectionOfCornerToBeam  |   in|   32|     ap_none|            projectionOfCornerToBeam|        scalar|
+--------------------------+-----+-----+------------+------------------------------------+--------------+

