

================================================================
== Vitis HLS Report for 'getShadows'
================================================================
* Date:           Mon Aug  5 17:49:26 2024

* Version:        2020.2 (Build 3064766 on Wed Nov 18 09:12:45 MST 2020)
* Project:        PatchMaker_tanishGit
* Solution:       solutionSC4 (Vivado IP Flow Target)
* Product family: virtexuplus
* Target device:  xcvu19p-fsvb3824-2-e


================================================================
== Performance Estimates
================================================================
+ Timing: 
    * Summary: 
    +--------+---------+----------+------------+
    |  Clock |  Target | Estimated| Uncertainty|
    +--------+---------+----------+------------+
    |ap_clk  |  3.00 ns|  2.190 ns|     0.81 ns|
    +--------+---------+----------+------------+

+ Latency: 
    * Summary: 
    +---------+---------+----------+----------+-----+-----+---------+
    |  Latency (cycles) |  Latency (absolute) |  Interval | Pipeline|
    |   min   |   max   |    min   |    max   | min | max |   Type  |
    +---------+---------+----------+----------+-----+-----+---------+
    |      117|      117|  0.351 us|  0.351 us|  117|  117|     none|
    +---------+---------+----------+----------+-----+-----+---------+

    + Detail: 
        * Instance: 
        +------------------------------------------------+-------------------------------------+---------+---------+-----------+-----------+-----+-----+---------+
        |                                                |                                     |  Latency (cycles) |   Latency (absolute)  |  Interval | Pipeline|
        |                    Instance                    |                Module               |   min   |   max   |    min    |    max    | min | max |   Type  |
        +------------------------------------------------+-------------------------------------+---------+---------+-----------+-----------+-----+-----+---------+
        |grp_straightLineProjectorFromLayerIJtoK_fu_260  |straightLineProjectorFromLayerIJtoK  |        6|        6|  18.000 ns|  18.000 ns|    1|    1|      yes|
        +------------------------------------------------+-------------------------------------+---------+---------+-----------+-----------+-----+-----+---------+

        * Loop: 
        +-------------------------------+---------+---------+----------+-----------+-----------+------+----------+
        |                               |  Latency (cycles) | Iteration|  Initiation Interval  | Trip |          |
        |           Loop Name           |   min   |   max   |  Latency |  achieved |   target  | Count| Pipelined|
        +-------------------------------+---------+---------+----------+-----------+-----------+------+----------+
        |- getShadows_settingtopArrays  |      108|      108|        27|          -|          -|     4|        no|
        |- getShadows_maxFinding_loop   |        6|        6|         2|          -|          -|     3|        no|
        +-------------------------------+---------+---------+----------+-----------+-----------+------+----------+



================================================================
== Utilization Estimates
================================================================
* Summary: 
+---------------------+---------+------+---------+---------+-----+
|         Name        | BRAM_18K|  DSP |    FF   |   LUT   | URAM|
+---------------------+---------+------+---------+---------+-----+
|DSP                  |        -|     -|        -|        -|    -|
|Expression           |        -|     -|        0|      355|    -|
|FIFO                 |        -|     -|        -|        -|    -|
|Instance             |        0|     0|      803|      608|    -|
|Memory               |        -|     -|        -|        -|    -|
|Multiplexer          |        -|     -|        -|      338|    -|
|Register             |        -|     -|      894|        -|    -|
+---------------------+---------+------+---------+---------+-----+
|Total                |        0|     0|     1697|     1301|    0|
+---------------------+---------+------+---------+---------+-----+
|Available SLR        |     1080|   960|  2042880|  1021440|   80|
+---------------------+---------+------+---------+---------+-----+
|Utilization SLR (%)  |        0|     0|       ~0|       ~0|    0|
+---------------------+---------+------+---------+---------+-----+
|Available            |     4320|  3840|  8171520|  4085760|  320|
+---------------------+---------+------+---------+---------+-----+
|Utilization (%)      |        0|     0|       ~0|       ~0|    0|
+---------------------+---------+------+---------+---------+-----+

+ Detail: 
    * Instance: 
    +------------------------------------------------+-------------------------------------+---------+----+-----+-----+-----+
    |                    Instance                    |                Module               | BRAM_18K| DSP|  FF | LUT | URAM|
    +------------------------------------------------+-------------------------------------+---------+----+-----+-----+-----+
    |mux_42_32_1_1_U110                              |mux_42_32_1_1                        |        0|   0|    0|   20|    0|
    |mux_42_32_1_1_U111                              |mux_42_32_1_1                        |        0|   0|    0|   20|    0|
    |mux_42_32_1_1_U112                              |mux_42_32_1_1                        |        0|   0|    0|   20|    0|
    |grp_straightLineProjectorFromLayerIJtoK_fu_260  |straightLineProjectorFromLayerIJtoK  |        0|   0|  803|  548|    0|
    +------------------------------------------------+-------------------------------------+---------+----+-----+-----+-----+
    |Total                                           |                                     |        0|   0|  803|  608|    0|
    +------------------------------------------------+-------------------------------------+---------+----+-----+-----+-----+

    * DSP: 
    N/A

    * Memory: 
    N/A

    * FIFO: 
    N/A

    * Expression: 
    +-----------------------------+----------+----+---+----+------------+------------+
    |        Variable Name        | Operation| DSP| FF| LUT| Bitwidth P0| Bitwidth P1|
    +-----------------------------+----------+----+---+----+------------+------------+
    |add_ln272_fu_369_p2          |         +|   0|  0|  12|           4|           4|
    |add_ln275_1_fu_435_p2        |         +|   0|  0|  10|           3|           1|
    |add_ln275_fu_345_p2          |         +|   0|  0|  10|           3|           1|
    |add_ln288_fu_700_p2          |         +|   0|  0|  10|           3|           1|
    |icmp_ln267_fu_398_p2         |      icmp|   0|  0|   9|           3|           4|
    |icmp_ln288_fu_526_p2         |      icmp|   0|  0|   9|           3|           4|
    |icmp_ln878_10_fu_615_p2      |      icmp|   0|  0|  20|          32|          32|
    |icmp_ln878_11_fu_689_p2      |      icmp|   0|  0|  20|          32|          32|
    |icmp_ln878_9_fu_331_p2       |      icmp|   0|  0|  20|          32|          26|
    |icmp_ln878_fu_317_p2         |      icmp|   0|  0|  20|          32|          27|
    |icmp_ln886_7_fu_548_p2       |      icmp|   0|  0|   8|           2|           3|
    |icmp_ln886_8_fu_652_p2       |      icmp|   0|  0|  20|          32|          32|
    |icmp_ln886_9_fu_562_p2       |      icmp|   0|  0|   8|           2|           1|
    |icmp_ln886_fu_577_p2         |      icmp|   0|  0|  20|          32|          32|
    |or_ln273_fu_387_p2           |        or|   0|  0|   8|           8|           4|
    |select_ln257_fu_323_p3       |    select|   0|  0|  32|           1|          27|
    |select_ln258_fu_337_p3       |    select|   0|  0|  32|           1|          32|
    |select_ln272_cast_fu_309_p3  |    select|   0|  0|   3|           1|           3|
    |select_ln281_fu_273_p3       |    select|   0|  0|   5|           1|           5|
    |select_ln282_fu_282_p3       |    select|   0|  0|   5|           1|           5|
    |select_ln283_fu_291_p3       |    select|   0|  0|   5|           1|           5|
    |select_ln284_fu_300_p3       |    select|   0|  0|   5|           1|           5|
    |topL_jL_V_3_8_fu_568_p3      |    select|   0|  0|  32|           1|          32|
    |topL_jL_V_3_fu_554_p3        |    select|   0|  0|  32|           1|          32|
    +-----------------------------+----------+----+---+----+------------+------------+
    |Total                        |          |   0|  0| 355|         232|         350|
    +-----------------------------+----------+----+---+----+------------+------------+

    * Multiplexer: 
    +----------------------------------------------------+-----+-----------+-----+-----------+
    |                        Name                        | LUT | Input Size| Bits| Total Bits|
    +----------------------------------------------------+-----+-----------+-----+-----------+
    |ap_NS_fsm                                           |  148|         32|    1|         32|
    |empty_92_fu_144                                     |    9|          2|   32|         64|
    |empty_93_fu_148                                     |    9|          2|   32|         64|
    |empty_94_fu_152                                     |    9|          2|   32|         64|
    |grp_straightLineProjectorFromLayerIJtoK_fu_260_j    |   14|          3|    3|          9|
    |grp_straightLineProjectorFromLayerIJtoK_fu_260_z_i  |   14|          3|   32|         96|
    |grp_straightLineProjectorFromLayerIJtoK_fu_260_z_j  |   14|          3|   32|         96|
    |i_9_reg_248                                         |    9|          2|    3|          6|
    |i_reg_237                                           |    9|          2|    3|          6|
    |topL_jL_V_3_6_fu_140                                |    9|          2|   32|         64|
    |wp_parameters_address0                              |   14|          3|    7|         21|
    |wp_parameters_address1                              |   14|          3|    7|         21|
    |wp_parameters_d0                                    |   26|          5|   32|        160|
    |wp_parameters_d1                                    |   26|          5|   32|        160|
    |wp_superpoints_address0                             |   14|          3|    8|         24|
    +----------------------------------------------------+-----+-----------+-----+-----------+
    |Total                                               |  338|         72|  288|        887|
    +----------------------------------------------------+-----+-----------+-----+-----------+

    * Register: 
    +-------------------------------------------------------------+----+----+-----+-----------+
    |                             Name                            | FF | LUT| Bits| Const Bits|
    +-------------------------------------------------------------+----+----+-----+-----------+
    |add_ln275_1_reg_903                                          |   3|   0|    3|          0|
    |add_ln275_reg_837                                            |   3|   0|    3|          0|
    |ap_CS_fsm                                                    |  31|   0|   31|          0|
    |empty_92_fu_144                                              |  32|   0|   32|          0|
    |empty_93_fu_148                                              |  32|   0|   32|          0|
    |empty_94_fu_152                                              |  32|   0|   32|          0|
    |grp_straightLineProjectorFromLayerIJtoK_fu_260_ap_start_reg  |   1|   0|    1|          0|
    |i_9_reg_248                                                  |   3|   0|    3|          0|
    |i_reg_237                                                    |   3|   0|    3|          0|
    |select_ln257_reg_827                                         |  32|   0|   32|          0|
    |select_ln258_reg_832                                         |  32|   0|   32|          0|
    |select_ln272_cast_reg_822                                    |   2|   0|    4|          2|
    |topL_jL_V_3_1_fu_76                                          |  32|   0|   32|          0|
    |topL_jL_V_3_2_fu_92                                          |  32|   0|   32|          0|
    |topL_jL_V_3_4_fu_96                                          |  32|   0|   32|          0|
    |topL_jL_V_3_5_fu_100                                         |  32|   0|   32|          0|
    |topL_jL_V_3_6_fu_140                                         |  32|   0|   32|          0|
    |topL_jR_V_3_1_fu_104                                         |  32|   0|   32|          0|
    |topL_jR_V_3_2_fu_108                                         |  32|   0|   32|          0|
    |topL_jR_V_3_3_fu_112                                         |  32|   0|   32|          0|
    |topL_jR_V_3_fu_80                                            |  32|   0|   32|          0|
    |topR_jL_V_3_1_fu_116                                         |  32|   0|   32|          0|
    |topR_jL_V_3_2_fu_120                                         |  32|   0|   32|          0|
    |topR_jL_V_3_3_fu_124                                         |  32|   0|   32|          0|
    |topR_jL_V_3_fu_84                                            |  32|   0|   32|          0|
    |topR_jL_V_3_load_reg_842                                     |  32|   0|   32|          0|
    |topR_jR_V_3_1_fu_128                                         |  32|   0|   32|          0|
    |topR_jR_V_3_2_fu_132                                         |  32|   0|   32|          0|
    |topR_jR_V_3_3_fu_136                                         |  32|   0|   32|          0|
    |topR_jR_V_3_fu_88                                            |  32|   0|   32|          0|
    |topR_jR_V_3_load_reg_847                                     |  32|   0|   32|          0|
    |trunc_ln275_reg_865                                          |   2|   0|    2|          0|
    |trunc_ln886_reg_916                                          |   2|   0|    2|          0|
    |wp_parameters_addr_4_reg_807                                 |   2|   0|    7|          5|
    |wp_parameters_addr_5_reg_812                                 |   2|   0|    7|          5|
    |wp_parameters_addr_6_reg_817                                 |   2|   0|    7|          5|
    |wp_parameters_addr_reg_802                                   |   2|   0|    7|          5|
    |wp_superpoints_addr_1_reg_857                                |   4|   0|    8|          4|
    |z_j_max_V_reg_908                                            |  32|   0|   32|          0|
    |z_j_min_V_reg_898                                            |  32|   0|   32|          0|
    +-------------------------------------------------------------+----+----+-----+-----------+
    |Total                                                        | 894|   0|  920|         26|
    +-------------------------------------------------------------+----+----+-----+-----------+



================================================================
== Interface
================================================================
* Summary: 
+-------------------------+-----+-----+------------+-----------------------+--------------+
|        RTL Ports        | Dir | Bits|  Protocol  |     Source Object     |    C Type    |
+-------------------------+-----+-----+------------+-----------------------+--------------+
|ap_clk                   |   in|    1|  ap_ctrl_hs|             getShadows|  return value|
|ap_rst                   |   in|    1|  ap_ctrl_hs|             getShadows|  return value|
|ap_start                 |   in|    1|  ap_ctrl_hs|             getShadows|  return value|
|ap_done                  |  out|    1|  ap_ctrl_hs|             getShadows|  return value|
|ap_idle                  |  out|    1|  ap_ctrl_hs|             getShadows|  return value|
|ap_ready                 |  out|    1|  ap_ctrl_hs|             getShadows|  return value|
|wp_superpoints_address0  |  out|    8|   ap_memory|         wp_superpoints|         array|
|wp_superpoints_ce0       |  out|    1|   ap_memory|         wp_superpoints|         array|
|wp_superpoints_q0        |   in|   64|   ap_memory|         wp_superpoints|         array|
|wp_superpoints_offset    |   in|    1|     ap_none|  wp_superpoints_offset|        scalar|
|wp_parameters_address0   |  out|    7|   ap_memory|          wp_parameters|         array|
|wp_parameters_ce0        |  out|    1|   ap_memory|          wp_parameters|         array|
|wp_parameters_we0        |  out|    1|   ap_memory|          wp_parameters|         array|
|wp_parameters_d0         |  out|   32|   ap_memory|          wp_parameters|         array|
|wp_parameters_address1   |  out|    7|   ap_memory|          wp_parameters|         array|
|wp_parameters_ce1        |  out|    1|   ap_memory|          wp_parameters|         array|
|wp_parameters_we1        |  out|    1|   ap_memory|          wp_parameters|         array|
|wp_parameters_d1         |  out|   32|   ap_memory|          wp_parameters|         array|
|wp_parameters_offset     |   in|    1|     ap_none|   wp_parameters_offset|        scalar|
|zTopMin                  |   in|   32|     ap_none|                zTopMin|        scalar|
|zTopMax                  |   in|   32|     ap_none|                zTopMax|        scalar|
+-------------------------+-----+-----+------------+-----------------------+--------------+

