

================================================================
== Vitis HLS Report for 'makeThirdPatch'
================================================================
* Date:           Thu Aug  1 00:48:33 2024

* Version:        2020.2 (Build 3064766 on Wed Nov 18 09:12:45 MST 2020)
* Project:        PatchMaker_tanishGit
* Solution:       solutionSC4 (Vivado IP Flow Target)
* Product family: virtexuplus
* Target device:  xcvu19p-fsvb3824-2-e


================================================================
== Performance Estimates
================================================================
+ Timing: 
    * Summary: 
    +--------+---------+----------+------------+
    |  Clock |  Target | Estimated| Uncertainty|
    +--------+---------+----------+------------+
    |ap_clk  |  3.00 ns|  2.190 ns|     0.81 ns|
    +--------+---------+----------+------------+

+ Latency: 
    * Summary: 
    +---------+---------+----------+----------+-----+-----+---------+
    |  Latency (cycles) |  Latency (absolute) |  Interval | Pipeline|
    |   min   |   max   |    min   |    max   | min | max |   Type  |
    +---------+---------+----------+----------+-----+-----+---------+
    |        ?|        ?|         ?|         ?|    ?|    ?|     none|
    +---------+---------+----------+----------+-----+-----+---------+

    + Detail: 
        * Instance: 
        +------------------------------------------------+-------------------------------------+---------+---------+-----------+-----------+-----+-----+---------+
        |                                                |                                     |  Latency (cycles) |   Latency (absolute)  |  Interval | Pipeline|
        |                    Instance                    |                Module               |   min   |   max   |    min    |    max    | min | max |   Type  |
        +------------------------------------------------+-------------------------------------+---------+---------+-----------+-----------+-----+-----+---------+
        |grp_makePatch_alignedToLine_fu_482              |makePatch_alignedToLine              |        ?|        ?|          ?|          ?|    ?|    ?|     none|
        |grp_getShadows_fu_505                           |getShadows                           |      130|      130|   0.390 us|   0.390 us|  130|  130|     none|
        |grp_delete_patch_fu_522                         |delete_patch                         |        ?|        ?|          ?|          ?|    ?|    ?|     none|
        |grp_straightLineProjectorFromLayerIJtoK_fu_534  |straightLineProjectorFromLayerIJtoK  |        6|        6|  18.000 ns|  18.000 ns|    1|    1|      yes|
        +------------------------------------------------+-------------------------------------+---------+---------+-----------+-----------+-----+-----+---------+

        * Loop: 
        +-------------------+---------+---------+----------+-----------+-----------+------+----------+
        |                   |  Latency (cycles) | Iteration|  Initiation Interval  | Trip |          |
        |     Loop Name     |   min   |   max   |  Latency |  achieved |   target  | Count| Pipelined|
        +-------------------+---------+---------+----------+-----------+-----------+------+----------+
        |- thirdPatch_loop  |        ?|        ?|         ?|          -|          -|     ?|        no|
        +-------------------+---------+---------+----------+-----------+-----------+------+----------+



================================================================
== Utilization Estimates
================================================================
* Summary: 
+---------------------+---------+------+---------+---------+-----+
|         Name        | BRAM_18K|  DSP |    FF   |   LUT   | URAM|
+---------------------+---------+------+---------+---------+-----+
|DSP                  |        -|     -|        -|        -|    -|
|Expression           |        -|     -|        0|     1963|    -|
|FIFO                 |        -|     -|        -|        -|    -|
|Instance             |        3|     0|     8396|    12350|    -|
|Memory               |        -|     -|        -|        -|    -|
|Multiplexer          |        -|     -|        -|     1013|    -|
|Register             |        -|     -|     1747|        -|    -|
+---------------------+---------+------+---------+---------+-----+
|Total                |        3|     0|    10143|    15326|    0|
+---------------------+---------+------+---------+---------+-----+
|Available SLR        |     1080|   960|  2042880|  1021440|   80|
+---------------------+---------+------+---------+---------+-----+
|Utilization SLR (%)  |       ~0|     0|       ~0|        1|    0|
+---------------------+---------+------+---------+---------+-----+
|Available            |     4320|  3840|  8171520|  4085760|  320|
+---------------------+---------+------+---------+---------+-----+
|Utilization (%)      |       ~0|     0|       ~0|       ~0|    0|
+---------------------+---------+------+---------+---------+-----+

+ Detail: 
    * Instance: 
    +------------------------------------+-------------------------+---------+----+------+------+-----+
    |              Instance              |          Module         | BRAM_18K| DSP|  FF  |  LUT | URAM|
    +------------------------------------+-------------------------+---------+----+------+------+-----+
    |grp_delete_patch_fu_522             |delete_patch             |        0|   0|   659|  1893|    0|
    |grp_getShadows_fu_505               |getShadows               |        0|   0|  1666|  1323|    0|
    |grp_makePatch_alignedToLine_fu_482  |makePatch_alignedToLine  |        3|   0|  6071|  9134|    0|
    +------------------------------------+-------------------------+---------+----+------+------+-----+
    |Total                               |                         |        3|   0|  8396| 12350|    0|
    +------------------------------------+-------------------------+---------+----+------+------+-----+

    * DSP: 
    N/A

    * Memory: 
    N/A

    * FIFO: 
    N/A

    * Expression: 
    +----------------------------------------+----------+----+---+----+------------+------------+
    |              Variable Name             | Operation| DSP| FF| LUT| Bitwidth P0| Bitwidth P1|
    +----------------------------------------+----------+----+---+----+------------+------------+
    |add_ln1106_fu_1147_p2                   |         +|   0|  0|  16|           9|           2|
    |add_ln1112_fu_1158_p2                   |         +|   0|  0|  12|           5|           2|
    |add_ln1165_fu_1353_p2                   |         +|   0|  0|  15|           8|           3|
    |loopCounter_2_fu_1044_p2                |         +|   0|  0|  39|          32|           1|
    |secondLastPatchIndex_fu_586_p2          |         +|   0|  0|  12|           5|           2|
    |shifted_Align_4_fu_1126_p2              |         +|   0|  0|  71|          64|          64|
    |grp_fu_569_p2                           |         -|   0|  0|  39|           1|          32|
    |horizontalShiftBottom_1_fu_1236_p2      |         -|   0|  0|  39|          32|          32|
    |horizontalShiftBottom_fu_963_p2         |         -|   0|  0|  39|          32|          32|
    |horizontalShiftTop_1_fu_1226_p2         |         -|   0|  0|  39|          32|          32|
    |horizontalShiftTop_fu_959_p2            |         -|   0|  0|  39|          32|          32|
    |ret_10_fu_1257_p2                       |         -|   0|  0|  40|          33|          33|
    |ret_11_fu_1287_p2                       |         -|   0|  0|  40|          33|          33|
    |ret_12_fu_1295_p2                       |         -|   0|  0|  40|          33|          33|
    |ret_7_fu_843_p2                         |         -|   0|  0|  40|          33|          33|
    |ret_8_fu_897_p2                         |         -|   0|  0|  40|          33|          33|
    |ret_9_fu_1249_p2                        |         -|   0|  0|  40|          33|          33|
    |ret_fu_803_p2                           |         -|   0|  0|  40|          33|          33|
    |shifted_Align_3_fu_1120_p2              |         -|   0|  0|  71|          64|          64|
    |sub_ln1015_fu_633_p2                    |         -|   0|  0|  16|           9|           9|
    |sub_ln1019_fu_676_p2                    |         -|   0|  0|  16|           9|           9|
    |sub_ln1039_fu_718_p2                    |         -|   0|  0|  16|           9|           9|
    |sub_ln1040_fu_760_p2                    |         -|   0|  0|  16|           9|           9|
    |and_ln1016_fu_656_p2                    |       and|   0|  0|   2|           1|           1|
    |and_ln1026_fu_859_p2                    |       and|   0|  0|   2|           1|           1|
    |and_ln1086_1_fu_1097_p2                 |       and|   0|  0|   2|           1|           1|
    |and_ln1086_2_fu_1058_p2                 |       and|   0|  0|   2|           1|           1|
    |and_ln1086_fu_1091_p2                   |       and|   0|  0|   2|           1|           1|
    |and_ln1161_fu_1342_p2                   |       and|   0|  0|   2|           1|           1|
    |ap_block_state55_on_subcall_done        |       and|   0|  0|   2|           1|           1|
    |ap_block_state81_on_subcall_done        |       and|   0|  0|   2|           1|           1|
    |lnot_fu_1007_p2                         |       and|   0|  0|   2|           1|           1|
    |grp_fu_550_p2                           |      icmp|   0|  0|  20|          32|           1|
    |grp_fu_555_p2                           |      icmp|   0|  0|  20|          32|           1|
    |icmp_ln1000_fu_580_p2                   |      icmp|   0|  0|  11|           8|           1|
    |icmp_ln1086_1_fu_1074_p2                |      icmp|   0|  0|  19|          31|           1|
    |icmp_ln1086_fu_1033_p2                  |      icmp|   0|  0|  19|          31|           1|
    |icmp_ln1151_fu_1330_p2                  |      icmp|   0|  0|  20|          32|           5|
    |icmp_ln1163_fu_1347_p2                  |      icmp|   0|  0|  11|           8|           2|
    |icmp_ln878_2_fu_809_p2                  |      icmp|   0|  0|  20|          33|           8|
    |icmp_ln878_3_fu_855_p2                  |      icmp|   0|  0|  20|          32|          32|
    |icmp_ln878_4_fu_903_p2                  |      icmp|   0|  0|  20|          33|           8|
    |icmp_ln878_5_fu_1103_p2                 |      icmp|   0|  0|  20|          32|          32|
    |icmp_ln878_6_fu_1240_p2                 |      icmp|   0|  0|  20|          32|          24|
    |icmp_ln878_7_fu_1262_p2                 |      icmp|   0|  0|  20|          33|          33|
    |icmp_ln878_8_fu_1300_p2                 |      icmp|   0|  0|  20|          33|          33|
    |icmp_ln878_fu_650_p2                    |      icmp|   0|  0|  20|          32|          32|
    |icmp_ln886_2_fu_793_p2                  |      icmp|   0|  0|  20|          32|          32|
    |icmp_ln886_3_fu_849_p2                  |      icmp|   0|  0|  20|          33|           6|
    |icmp_ln886_4_fu_887_p2                  |      icmp|   0|  0|  20|          32|          32|
    |icmp_ln886_5_fu_953_p2                  |      icmp|   0|  0|  20|          32|           1|
    |icmp_ln886_6_fu_1336_p2                 |      icmp|   0|  0|  20|          32|          24|
    |icmp_ln886_fu_644_p2                    |      icmp|   0|  0|  20|          32|          32|
    |phitmp3_fu_881_p2                       |      icmp|   0|  0|  20|          32|          29|
    |phitmp4_fu_831_p2                       |      icmp|   0|  0|  20|          32|          29|
    |phitmp5_fu_925_p2                       |      icmp|   0|  0|  20|          32|          29|
    |phitmp_fu_787_p2                        |      icmp|   0|  0|  20|          32|          29|
    |ap_predicate_op389_call_state81         |        or|   0|  0|   2|           1|           1|
    |or_ln1086_1_fu_1039_p2                  |        or|   0|  0|   2|           1|           1|
    |or_ln1086_2_fu_947_p2                   |        or|   0|  0|   2|           1|           1|
    |or_ln1086_3_fu_1080_p2                  |        or|   0|  0|   2|           1|           1|
    |or_ln1086_fu_931_p2                     |        or|   0|  0|   2|           1|           1|
    |shiftOriginal_1_fu_997_p2               |        or|   0|  0|   2|           1|           1|
    |complementary_topL_jL_V_3_fu_1213_p3    |    select|   0|  0|  32|           1|          32|
    |complementary_topL_jR_V_4_fu_1171_p3    |    select|   0|  0|  32|           1|          32|
    |complementary_topR_jL_V_3_fu_1206_p3    |    select|   0|  0|  32|           1|          32|
    |complementary_topR_jR_V_4_fu_1164_p3    |    select|   0|  0|  32|           1|          32|
    |horizontalOverlapBottom_V_1_fu_1314_p3  |    select|   0|  0|  32|           1|          32|
    |horizontalOverlapTop_V_1_fu_1276_p3     |    select|   0|  0|  32|           1|          32|
    |newZtop_V_1_fu_1013_p3                  |    select|   0|  0|  32|           1|          32|
    |original_topL_jL_V_4_fu_1192_p3         |    select|   0|  0|  32|           1|          32|
    |original_topL_jR_V_3_fu_1185_p3         |    select|   0|  0|  32|           1|          32|
    |original_topR_jL_V_3_fu_1199_p3         |    select|   0|  0|  32|           1|          32|
    |original_topR_jR_V_3_fu_1178_p3         |    select|   0|  0|  32|           1|          32|
    |secondLastPatchIndex_1_fu_591_p3        |    select|   0|  0|   5|           1|           1|
    |select_ln1015_fu_604_p3                 |    select|   0|  0|   4|           1|           3|
    |select_ln1019_1_fu_669_p3               |    select|   0|  0|   6|           1|           4|
    |select_ln1019_fu_662_p3                 |    select|   0|  0|   8|           1|           6|
    |select_ln1039_fu_687_p3                 |    select|   0|  0|   4|           1|           3|
    |select_ln1040_fu_729_p3                 |    select|   0|  0|   4|           1|           3|
    |select_ln180_4_fu_823_p3                |    select|   0|  0|  32|           1|          32|
    |select_ln180_5_fu_873_p3                |    select|   0|  0|  32|           1|          32|
    |select_ln180_6_fu_917_p3                |    select|   0|  0|  32|           1|          32|
    |select_ln180_fu_779_p3                  |    select|   0|  0|  32|           1|          32|
    |select_ln534_fu_1109_p3                 |    select|   0|  0|  32|           1|          32|
    |shifted_Align_1_fu_987_p3               |    select|   0|  0|  32|           1|          32|
    |shifted_Align_5_fu_1132_p3              |    select|   0|  0|  63|           1|          64|
    |shifted_Align_fu_975_p3                 |    select|   0|  0|  32|           1|          32|
    |cmp_i_i301_not_fu_1002_p2               |       xor|   0|  0|   2|           1|           2|
    |shiftOriginal_fu_981_p2                 |       xor|   0|  0|   2|           1|           2|
    |xor_ln1013_fu_598_p2                    |       xor|   0|  0|   2|           1|           2|
    |xor_ln1086_fu_1085_p2                   |       xor|   0|  0|   2|           1|           2|
    +----------------------------------------+----------+----+---+----+------------+------------+
    |Total                                   |          |   0|  0|1963|        1382|        1705|
    +----------------------------------------+----------+----+---+----+------------+------------+

    * Multiplexer: 
    +----------------------------------------------------+-----+-----------+-----+-----------+
    |                        Name                        | LUT | Input Size| Bits| Total Bits|
    +----------------------------------------------------+-----+-----------+-----+-----------+
    |agg_tmp178_0_reg_471                                |    9|          2|   32|         64|
    |ap_NS_fsm                                           |  390|         82|    1|         82|
    |complementary_topL_jL_V_1_reg_383                   |    9|          2|   32|         64|
    |complementary_topL_jR_V_reg_363                     |    9|          2|   32|         64|
    |complementary_topR_jL_V_1_reg_373                   |    9|          2|   32|         64|
    |complementary_topR_jR_V_reg_333                     |    9|          2|   32|         64|
    |empty_65_reg_252                                    |    9|          2|    1|          2|
    |empty_66_reg_264                                    |    9|          2|    1|          2|
    |empty_67_reg_279                                    |    9|          2|    1|          2|
    |empty_68_reg_291                                    |    9|          2|    1|          2|
    |empty_69_reg_315                                    |    9|          2|   32|         64|
    |empty_70_reg_324                                    |    9|          2|   32|         64|
    |grp_delete_patch_fu_522_index                       |   14|          3|    9|         27|
    |grp_getShadows_fu_505_wp_parameters_offset          |   14|          3|    1|          3|
    |grp_getShadows_fu_505_wp_superpoints_offset         |   20|          4|    5|         20|
    |grp_straightLineProjectorFromLayerIJtoK_fu_534_z_i  |   49|          9|   32|        288|
    |grp_straightLineProjectorFromLayerIJtoK_fu_534_z_j  |   20|          4|   32|        128|
    |horizontalOverlapBottom_V_fu_132                    |    9|          2|   32|         64|
    |horizontalOverlapTop_V_fu_136                       |    9|          2|   32|         64|
    |loopCounter_reg_449                                 |    9|          2|   32|         64|
    |n_patches_o                                         |   14|          3|    8|         24|
    |n_patches_o_ap_vld                                  |   14|          3|    1|          3|
    |newZtop_V_reg_413                                   |    9|          2|   32|         64|
    |original_topL_jL_V_reg_343                          |    9|          2|   32|         64|
    |original_topL_jR_V_1_reg_403                        |    9|          2|   32|         64|
    |original_topR_jL_V_1_reg_353                        |    9|          2|   32|         64|
    |original_topR_jR_V_1_reg_393                        |    9|          2|   32|         64|
    |patches_parameters_address0                         |   59|         11|    9|         99|
    |patches_parameters_address1                         |   43|          8|    9|         72|
    |patches_parameters_ce0                              |   26|          5|    1|          5|
    |patches_parameters_ce1                              |   26|          5|    1|          5|
    |patches_parameters_d0                               |   20|          4|   32|        128|
    |patches_parameters_we0                              |   20|          4|    1|          4|
    |patches_parameters_we1                              |    9|          2|    1|          2|
    |patches_superpoints_address0                        |   20|          4|   12|         48|
    |patches_superpoints_ce0                             |   20|          4|    1|          4|
    |patches_superpoints_ce1                             |    9|          2|    1|          2|
    |patches_superpoints_d0                              |   14|          3|   64|        192|
    |patches_superpoints_we0                             |   14|          3|    1|          3|
    |phi_ln166_reg_461                                   |    9|          2|   32|         64|
    |ppl_assign_0_reg_305                                |    9|          2|   32|         64|
    |shifted_Align_2_reg_439                             |    9|          2|   64|        128|
    +----------------------------------------------------+-----+-----------+-----+-----------+
    |Total                                               | 1013|        210|  834|       2363|
    +----------------------------------------------------+-----+-----------+-----+-----------+

    * Register: 
    +-------------------------------------------------------------+----+----+-----+-----------+
    |                             Name                            | FF | LUT| Bits| Const Bits|
    +-------------------------------------------------------------+----+----+-----+-----------+
    |add_ln1106_reg_1691                                          |   9|   0|    9|          0|
    |add_ln1112_reg_1701                                          |   5|   0|    5|          0|
    |agg_tmp178_0_reg_471                                         |  32|   0|   32|          0|
    |and_ln1016_reg_1447                                          |   1|   0|    1|          0|
    |and_ln1026_reg_1530                                          |   1|   0|    1|          0|
    |and_ln1086_1_reg_1671                                        |   1|   0|    1|          0|
    |and_ln1086_2_reg_1667                                        |   1|   0|    1|          0|
    |and_ln1161_reg_1806                                          |   1|   0|    1|          0|
    |ap_CS_fsm                                                    |  81|   0|   81|          0|
    |complementary_topL_jL_V_1_reg_383                            |  32|   0|   32|          0|
    |complementary_topL_jL_V_3_reg_1753                           |  32|   0|   32|          0|
    |complementary_topL_jL_V_reg_1590                             |  32|   0|   32|          0|
    |complementary_topL_jR_V_3_reg_1539                           |  32|   0|   32|          0|
    |complementary_topL_jR_V_4_reg_1713                           |  32|   0|   32|          0|
    |complementary_topL_jR_V_reg_363                              |  32|   0|   32|          0|
    |complementary_topR_jL_V_1_reg_373                            |  32|   0|   32|          0|
    |complementary_topR_jL_V_3_reg_1747                           |  32|   0|   32|          0|
    |complementary_topR_jL_V_reg_1585                             |  32|   0|   32|          0|
    |complementary_topR_jR_V_3_reg_1521                           |  32|   0|   32|          0|
    |complementary_topR_jR_V_4_reg_1706                           |  32|   0|   32|          0|
    |complementary_topR_jR_V_reg_333                              |  32|   0|   32|          0|
    |empty_65_reg_252                                             |   1|   0|    1|          0|
    |empty_66_reg_264                                             |   1|   0|    1|          0|
    |empty_67_reg_279                                             |   1|   0|    1|          0|
    |empty_68_reg_291                                             |   1|   0|    1|          0|
    |empty_69_reg_315                                             |  32|   0|   32|          0|
    |empty_70_reg_324                                             |  32|   0|   32|          0|
    |empty_reg_1378                                               |   5|   0|    5|          0|
    |grp_delete_patch_fu_522_ap_start_reg                         |   1|   0|    1|          0|
    |grp_getShadows_fu_505_ap_start_reg                           |   1|   0|    1|          0|
    |grp_makePatch_alignedToLine_fu_482_ap_start_reg              |   1|   0|    1|          0|
    |grp_straightLineProjectorFromLayerIJtoK_fu_534_ap_start_reg  |   1|   0|    1|          0|
    |horizontalOverlapBottom_V_1_reg_1798                         |  32|   0|   32|          0|
    |horizontalOverlapBottom_V_fu_132                             |  32|   0|   32|          0|
    |horizontalOverlapTop_V_1_reg_1793                            |  32|   0|   32|          0|
    |horizontalOverlapTop_V_fu_136                                |  32|   0|   32|          0|
    |horizontalShiftBottom_1_reg_1784                             |  32|   0|   32|          0|
    |horizontalShiftTop_1_reg_1769                                |  32|   0|   32|          0|
    |icmp_ln1000_reg_1384                                         |   1|   0|    1|          0|
    |icmp_ln1163_reg_1810                                         |   1|   0|    1|          0|
    |icmp_ln878_2_reg_1512                                        |   1|   0|    1|          0|
    |icmp_ln878_4_reg_1552                                        |   1|   0|    1|          0|
    |icmp_ln878_6_reg_1789                                        |   1|   0|    1|          0|
    |icmp_ln886_2_reg_1508                                        |   1|   0|    1|          0|
    |icmp_ln886_4_reg_1548                                        |   1|   0|    1|          0|
    |icmp_ln886_5_reg_1595                                        |   1|   0|    1|          0|
    |lnot_reg_1641                                                |   1|   0|    1|          0|
    |loopCounter_2_reg_1662                                       |  32|   0|   32|          0|
    |loopCounter_reg_449                                          |  32|   0|   32|          0|
    |makeHorizontallyShiftedPatch_reg_425                         |   1|   0|    1|          0|
    |newZtop_V_1_reg_1646                                         |  32|   0|   32|          0|
    |newZtop_V_reg_413                                            |  32|   0|   32|          0|
    |or_ln1086_1_reg_1658                                         |   1|   0|    1|          0|
    |or_ln1086_2_reg_1580                                         |   1|   0|    1|          0|
    |or_ln1086_reg_1575                                           |   1|   0|    1|          0|
    |original_topL_jL_V_3_reg_1499                                |  32|   0|   32|          0|
    |original_topL_jL_V_4_reg_1733                                |  32|   0|   32|          0|
    |original_topL_jL_V_reg_343                                   |  32|   0|   32|          0|
    |original_topL_jR_V_1_reg_403                                 |  32|   0|   32|          0|
    |original_topL_jR_V_3_reg_1727                                |  32|   0|   32|          0|
    |original_topR_jL_V_1_reg_353                                 |  32|   0|   32|          0|
    |original_topR_jL_V_3_reg_1740                                |  32|   0|   32|          0|
    |original_topR_jL_V_reg_1440                                  |  32|   0|   32|          0|
    |original_topR_jR_V_1_reg_393                                 |  32|   0|   32|          0|
    |original_topR_jR_V_3_reg_1720                                |  32|   0|   32|          0|
    |patches_parameters_addr_14_reg_1484                          |   6|   0|    9|          3|
    |patches_parameters_addr_15_reg_1489                          |   6|   0|    9|          3|
    |patches_parameters_addr_9_reg_1479                           |   6|   0|    9|          3|
    |phi_ln166_reg_461                                            |  32|   0|   32|          0|
    |ppl_assign1_reg_1696                                         |  32|   0|   32|          0|
    |ppl_assign_0_reg_305                                         |  32|   0|   32|          0|
    |reg_560                                                      |  32|   0|   32|          0|
    |reg_564                                                      |   8|   0|    8|          0|
    |secondLastPatchIndex_1_reg_1400                              |   5|   0|    5|          0|
    |secondLastPatchIndex_reg_1395                                |   5|   0|    5|          0|
    |select_ln1015_reg_1410                                       |   3|   0|    5|          2|
    |select_ln534_reg_1675                                        |  32|   0|   32|          0|
    |sext_ln215_17_reg_1759                                       |  33|   0|   33|          0|
    |sext_ln215_18_reg_1764                                       |  33|   0|   33|          0|
    |sext_ln215_19_reg_1774                                       |  33|   0|   33|          0|
    |sext_ln215_20_reg_1779                                       |  33|   0|   33|          0|
    |shiftOriginal_1_reg_1627                                     |   1|   0|    1|          0|
    |shifted_Align_2_reg_439                                      |  64|   0|   64|          0|
    |shifted_Align_5_reg_1680                                     |  64|   0|   64|          0|
    |trunc_ln1054_1_reg_1685                                      |  32|   0|   32|          0|
    |xor_ln1013_reg_1405                                          |   1|   0|    1|          0|
    |zext_ln1165_reg_1814                                         |   8|   0|    9|          1|
    +-------------------------------------------------------------+----+----+-----+-----------+
    |Total                                                        |1747|   0| 1759|         12|
    +-------------------------------------------------------------+----+----+-----+-----------+



================================================================
== Interface
================================================================
* Summary: 
+---------------------------------------------------------+-----+-----+------------+----------------------+--------------+
|                        RTL Ports                        | Dir | Bits|  Protocol  |     Source Object    |    C Type    |
+---------------------------------------------------------+-----+-----+------------+----------------------+--------------+
|ap_clk                                                   |   in|    1|  ap_ctrl_hs|        makeThirdPatch|  return value|
|ap_rst                                                   |   in|    1|  ap_ctrl_hs|        makeThirdPatch|  return value|
|ap_start                                                 |   in|    1|  ap_ctrl_hs|        makeThirdPatch|  return value|
|ap_done                                                  |  out|    1|  ap_ctrl_hs|        makeThirdPatch|  return value|
|ap_idle                                                  |  out|    1|  ap_ctrl_hs|        makeThirdPatch|  return value|
|ap_ready                                                 |  out|    1|  ap_ctrl_hs|        makeThirdPatch|  return value|
|grp_straightLineProjectorFromLayerIJtoK_fu_1148_p_din1   |  out|   32|  ap_ctrl_hs|        makeThirdPatch|  return value|
|grp_straightLineProjectorFromLayerIJtoK_fu_1148_p_din2   |  out|   32|  ap_ctrl_hs|        makeThirdPatch|  return value|
|grp_straightLineProjectorFromLayerIJtoK_fu_1148_p_din3   |  out|    3|  ap_ctrl_hs|        makeThirdPatch|  return value|
|grp_straightLineProjectorFromLayerIJtoK_fu_1148_p_din4   |  out|    3|  ap_ctrl_hs|        makeThirdPatch|  return value|
|grp_straightLineProjectorFromLayerIJtoK_fu_1148_p_din5   |  out|    3|  ap_ctrl_hs|        makeThirdPatch|  return value|
|grp_straightLineProjectorFromLayerIJtoK_fu_1148_p_dout0  |   in|   32|  ap_ctrl_hs|        makeThirdPatch|  return value|
|grp_straightLineProjectorFromLayerIJtoK_fu_1148_p_ce     |  out|    1|  ap_ctrl_hs|        makeThirdPatch|  return value|
|grp_straightLineProjectorFromLayerIJtoK_fu_1148_p_start  |  out|    1|  ap_ctrl_hs|        makeThirdPatch|  return value|
|grp_straightLineProjectorFromLayerIJtoK_fu_1148_p_ready  |   in|    1|  ap_ctrl_hs|        makeThirdPatch|  return value|
|grp_straightLineProjectorFromLayerIJtoK_fu_1148_p_done   |   in|    1|  ap_ctrl_hs|        makeThirdPatch|  return value|
|grp_straightLineProjectorFromLayerIJtoK_fu_1148_p_idle   |   in|    1|  ap_ctrl_hs|        makeThirdPatch|  return value|
|n_patches_i                                              |   in|    8|     ap_ovld|             n_patches|       pointer|
|n_patches_o                                              |  out|    8|     ap_ovld|             n_patches|       pointer|
|n_patches_o_ap_vld                                       |  out|    1|     ap_ovld|             n_patches|       pointer|
|GDn_points_address0                                      |  out|    3|   ap_memory|            GDn_points|         array|
|GDn_points_ce0                                           |  out|    1|   ap_memory|            GDn_points|         array|
|GDn_points_q0                                            |   in|   32|   ap_memory|            GDn_points|         array|
|lastPatchIndex                                           |   in|    8|     ap_none|        lastPatchIndex|        scalar|
|z_top_min                                                |   in|   32|     ap_none|             z_top_min|        scalar|
|z_top_max                                                |   in|   32|     ap_none|             z_top_max|        scalar|
|complementary_apexZ0                                     |   in|   32|     ap_none|  complementary_apexZ0|        scalar|
|apexZ0                                                   |   in|   32|     ap_none|                apexZ0|        scalar|
|ppl                                                      |   in|   32|     ap_none|                   ppl|        scalar|
|GDarrayDecoded_address0                                  |  out|   12|   ap_memory|        GDarrayDecoded|         array|
|GDarrayDecoded_ce0                                       |  out|    1|   ap_memory|        GDarrayDecoded|         array|
|GDarrayDecoded_q0                                        |   in|   32|   ap_memory|        GDarrayDecoded|         array|
|patches_superpoints_address0                             |  out|   12|   ap_memory|   patches_superpoints|         array|
|patches_superpoints_ce0                                  |  out|    1|   ap_memory|   patches_superpoints|         array|
|patches_superpoints_we0                                  |  out|    1|   ap_memory|   patches_superpoints|         array|
|patches_superpoints_d0                                   |  out|   64|   ap_memory|   patches_superpoints|         array|
|patches_superpoints_q0                                   |   in|   64|   ap_memory|   patches_superpoints|         array|
|patches_superpoints_address1                             |  out|   12|   ap_memory|   patches_superpoints|         array|
|patches_superpoints_ce1                                  |  out|    1|   ap_memory|   patches_superpoints|         array|
|patches_superpoints_q1                                   |   in|   64|   ap_memory|   patches_superpoints|         array|
|patches_parameters_address0                              |  out|    9|   ap_memory|    patches_parameters|         array|
|patches_parameters_ce0                                   |  out|    1|   ap_memory|    patches_parameters|         array|
|patches_parameters_we0                                   |  out|    1|   ap_memory|    patches_parameters|         array|
|patches_parameters_d0                                    |  out|   32|   ap_memory|    patches_parameters|         array|
|patches_parameters_q0                                    |   in|   32|   ap_memory|    patches_parameters|         array|
|patches_parameters_address1                              |  out|    9|   ap_memory|    patches_parameters|         array|
|patches_parameters_ce1                                   |  out|    1|   ap_memory|    patches_parameters|         array|
|patches_parameters_we1                                   |  out|    1|   ap_memory|    patches_parameters|         array|
|patches_parameters_d1                                    |  out|   32|   ap_memory|    patches_parameters|         array|
|patches_parameters_q1                                    |   in|   32|   ap_memory|    patches_parameters|         array|
+---------------------------------------------------------+-----+-----+------------+----------------------+--------------+

