

================================================================
== Vitis HLS Report for 'mSP_findStartIndex'
================================================================
* Date:           Sun Jul 28 18:54:21 2024

* Version:        2020.2 (Build 3064766 on Wed Nov 18 09:12:45 MST 2020)
* Project:        PatchMaker_tanishGit
* Solution:       solutionSC3 (Vivado IP Flow Target)
* Product family: virtexuplus
* Target device:  xcvu19p-fsvb3824-2-e


================================================================
== Performance Estimates
================================================================
+ Timing: 
    * Summary: 
    +--------+---------+----------+------------+
    |  Clock |  Target | Estimated| Uncertainty|
    +--------+---------+----------+------------+
    |ap_clk  |  3.00 ns|  2.128 ns|     0.81 ns|
    +--------+---------+----------+------------+

+ Latency: 
    * Summary: 
    +---------+---------+----------+----------+-----+-----+---------+
    |  Latency (cycles) |  Latency (absolute) |  Interval | Pipeline|
    |   min   |   max   |    min   |    max   | min | max |   Type  |
    +---------+---------+----------+----------+-----+-----+---------+
    |        ?|        ?|         ?|         ?|    ?|    ?|     none|
    +---------+---------+----------+----------+-----+-----+---------+

    + Detail: 
        * Instance: 
        N/A

        * Loop: 
        +---------------------------------+---------+---------+----------+-----------+-----------+------+----------+
        |                                 |  Latency (cycles) | Iteration|  Initiation Interval  | Trip |          |
        |            Loop Name            |   min   |   max   |  Latency |  achieved |   target  | Count| Pipelined|
        +---------------------------------+---------+---------+----------+-----------+-----------+------+----------+
        |- mSP_findStartIndex_startValue  |        ?|        ?|         4|          2|          1|     ?|       yes|
        +---------------------------------+---------+---------+----------+-----------+-----------+------+----------+



================================================================
== Utilization Estimates
================================================================
* Summary: 
+---------------------+---------+------+---------+---------+-----+
|         Name        | BRAM_18K|  DSP |    FF   |   LUT   | URAM|
+---------------------+---------+------+---------+---------+-----+
|DSP                  |        -|     -|        -|        -|    -|
|Expression           |        -|     -|        0|      507|    -|
|FIFO                 |        -|     -|        -|        -|    -|
|Instance             |        -|     -|        -|        -|    -|
|Memory               |        -|     -|        -|        -|    -|
|Multiplexer          |        -|     -|        -|       80|    -|
|Register             |        -|     -|      402|        -|    -|
+---------------------+---------+------+---------+---------+-----+
|Total                |        0|     0|      402|      587|    0|
+---------------------+---------+------+---------+---------+-----+
|Available SLR        |     1080|   960|  2042880|  1021440|   80|
+---------------------+---------+------+---------+---------+-----+
|Utilization SLR (%)  |        0|     0|       ~0|       ~0|    0|
+---------------------+---------+------+---------+---------+-----+
|Available            |     4320|  3840|  8171520|  4085760|  320|
+---------------------+---------+------+---------+---------+-----+
|Utilization (%)      |        0|     0|       ~0|       ~0|    0|
+---------------------+---------+------+---------+---------+-----+

+ Detail: 
    * Instance: 
    N/A

    * DSP: 
    N/A

    * Memory: 
    N/A

    * FIFO: 
    N/A

    * Expression: 
    +---------------------------+----------+----+---+----+------------+------------+
    |       Variable Name       | Operation| DSP| FF| LUT| Bitwidth P0| Bitwidth P1|
    +---------------------------+----------+----+---+----+------------+------------+
    |add_ln1662_fu_123_p2       |         +|   0|  0|  39|          32|           1|
    |sub_ln180_7_fu_143_p2      |         -|   0|  0|  71|           1|          64|
    |sub_ln180_fu_138_p2        |         -|   0|  0|  44|           1|          37|
    |sub_ln534_fu_133_p2        |         -|   0|  0|  44|          37|          37|
    |icmp_ln1662_fu_113_p2      |      icmp|   0|  0|  20|          32|          32|
    |icmp_ln1664_fu_184_p2      |      icmp|   0|  0|  29|          64|          64|
    |select_ln1664_1_fu_198_p3  |    select|   0|  0|  63|           1|          64|
    |select_ln1664_2_fu_206_p3  |    select|   0|  0|  63|           1|          64|
    |select_ln1664_fu_190_p3    |    select|   0|  0|  32|           1|          32|
    |select_ln180_7_fu_177_p3   |    select|   0|  0|  63|           1|          64|
    |select_ln180_fu_159_p3     |    select|   0|  0|  37|           1|          37|
    |ap_enable_pp0              |       xor|   0|  0|   2|           1|           2|
    +---------------------------+----------+----+---+----+------------+------------+
    |Total                      |          |   0|  0| 507|         173|         498|
    +---------------------------+----------+----+---+----+------------+------------+

    * Multiplexer: 
    +---------------------------------+----+-----------+-----+-----------+
    |               Name              | LUT| Input Size| Bits| Total Bits|
    +---------------------------------+----+-----------+-----+-----------+
    |ap_NS_fsm                        |  26|          5|    1|          5|
    |ap_enable_reg_pp0_iter1          |   9|          2|    1|          2|
    |ap_phi_mux_j_phi_fu_69_p4        |   9|          2|   32|         64|
    |j_reg_65                         |   9|          2|   32|         64|
    |p_x_assign_7_reg_101             |   9|          2|   64|        128|
    |start_index_write_assign_reg_77  |   9|          2|   32|         64|
    |start_value_write_assign_reg_89  |   9|          2|   64|        128|
    +---------------------------------+----+-----------+-----+-----------+
    |Total                            |  80|         17|  226|        455|
    +---------------------------------+----+-----------+-----+-----------+

    * Register: 
    +-----------------------------------+----+----+-----+-----------+
    |                Name               | FF | LUT| Bits| Const Bits|
    +-----------------------------------+----+----+-----+-----------+
    |add_ln1662_reg_245                 |  32|   0|   32|          0|
    |ap_CS_fsm                          |   4|   0|    4|          0|
    |ap_enable_reg_pp0_iter0            |   1|   0|    1|          0|
    |ap_enable_reg_pp0_iter1            |   1|   0|    1|          0|
    |icmp_ln1662_reg_236                |   1|   0|    1|          0|
    |icmp_ln1662_reg_236_pp0_iter1_reg  |   1|   0|    1|          0|
    |j_reg_65                           |  32|   0|   32|          0|
    |j_reg_65_pp0_iter1_reg             |  32|   0|   32|          0|
    |p_x_assign_7_reg_101               |  64|   0|   64|          0|
    |start_index_write_assign_reg_77    |  32|   0|   32|          0|
    |start_value_write_assign_reg_89    |  64|   0|   64|          0|
    |sub_ln180_7_reg_263                |  64|   0|   64|          0|
    |sub_ln180_reg_258                  |  37|   0|   37|          0|
    |sub_ln534_reg_250                  |  37|   0|   37|          0|
    +-----------------------------------+----+----+-----+-----------+
    |Total                              | 402|   0|  402|          0|
    +-----------------------------------+----+----+-----+-----------+



================================================================
== Interface
================================================================
* Summary: 
+-------------------+-----+-----+------------+--------------------+--------------+
|     RTL Ports     | Dir | Bits|  Protocol  |    Source Object   |    C Type    |
+-------------------+-----+-----+------------+--------------------+--------------+
|ap_clk             |   in|    1|  ap_ctrl_hs|  mSP_findStartIndex|  return value|
|ap_rst             |   in|    1|  ap_ctrl_hs|  mSP_findStartIndex|  return value|
|ap_start           |   in|    1|  ap_ctrl_hs|  mSP_findStartIndex|  return value|
|ap_done            |  out|    1|  ap_ctrl_hs|  mSP_findStartIndex|  return value|
|ap_idle            |  out|    1|  ap_ctrl_hs|  mSP_findStartIndex|  return value|
|ap_ready           |  out|    1|  ap_ctrl_hs|  mSP_findStartIndex|  return value|
|ap_return_0        |  out|   32|  ap_ctrl_hs|  mSP_findStartIndex|  return value|
|ap_return_1        |  out|   64|  ap_ctrl_hs|  mSP_findStartIndex|  return value|
|row_list_address0  |  out|    8|   ap_memory|            row_list|         array|
|row_list_ce0       |  out|    1|   ap_memory|            row_list|         array|
|row_list_q0        |   in|   32|   ap_memory|            row_list|         array|
|row_list_size      |   in|   32|     ap_none|       row_list_size|        scalar|
|projectionToRow    |   in|   37|     ap_none|     projectionToRow|        scalar|
+-------------------+-----+-----+------------+--------------------+--------------+

============================================================
+ Verbose Summary: Synthesis Manager
============================================================
InlineROM: 1
ExposeGlobal: 0
============================================================
+ Verbose Summary: CDFG Model
============================================================
IsTopModel: 0
ResetActiveHigh: 1
IsCombinational: 2
IsDatapathOnly: 2
HasWiredReturn: 1
HasMFsm: 0
HasVarLatency: 1
IsPipeline: 0
IsRtlPipelined: 0
IsInstanceOverlapped: 0
IsDontTouch: 0
HasImplIP: 0
IsGatedGlobalClock: 0

+ Individual pipeline summary: 
  * Pipeline-0: initiation interval (II) = 2, depth = 4


============================================================
+ Verbose Summary: Schedule
============================================================
* Number of FSM states : 6
* Pipeline : 1
  Pipeline-0 : II = 2, D = 4, States = { 2 3 4 5 }
* Dataflow Pipeline: 0

* FSM state transitions: 
1 --> 2 
2 --> 3 
3 --> 4 
4 --> 6 5 
5 --> 2 
6 --> 

* FSM state operations: 

State 1 <SV = 0> <Delay = 0.38>
ST_1 : Operation 7 [1/1] (0.00ns)   --->   "%projectionToRow_read = read i37 @_ssdm_op_Read.ap_auto.i37, i37 %projectionToRow" [patchMaker.cpp:1656]   --->   Operation 7 'read' 'projectionToRow_read' <Predicate = true> <Delay = 0.00>
ST_1 : Operation 8 [1/1] (0.00ns)   --->   "%row_list_size_read = read i32 @_ssdm_op_Read.ap_auto.i32, i32 %row_list_size" [patchMaker.cpp:1656]   --->   Operation 8 'read' 'row_list_size_read' <Predicate = true> <Delay = 0.00>
ST_1 : Operation 9 [1/1] (0.38ns)   --->   "%br_ln1662 = br void" [patchMaker.cpp:1662]   --->   Operation 9 'br' 'br_ln1662' <Predicate = true> <Delay = 0.38>

State 2 <SV = 1> <Delay = 1.19>
ST_2 : Operation 10 [1/1] (0.00ns)   --->   "%j = phi i32 0, void %.lr.ph, i32 %add_ln1662, void %.split" [patchMaker.cpp:1666]   --->   Operation 10 'phi' 'j' <Predicate = true> <Delay = 0.00>
ST_2 : Operation 11 [1/1] (0.85ns)   --->   "%icmp_ln1662 = icmp_eq  i32 %j, i32 %row_list_size_read" [patchMaker.cpp:1662]   --->   Operation 11 'icmp' 'icmp_ln1662' <Predicate = true> <Delay = 0.85> <CoreInst = "Cmp">   --->   Core 9 'Cmp' <Latency = 0> <II = 1> <Delay = 1.06> <FuncUnit> <Opcode : 'icmp'> <InPorts = 2> <OutPorts = 1>
ST_2 : Operation 12 [1/1] (0.00ns)   --->   "%br_ln1662 = br i1 %icmp_ln1662, void %.split, void %._crit_edge.loopexit" [patchMaker.cpp:1662]   --->   Operation 12 'br' 'br_ln1662' <Predicate = true> <Delay = 0.00>
ST_2 : Operation 13 [1/1] (0.00ns)   --->   "%trunc_ln1666_cast = zext i32 %j" [patchMaker.cpp:1666]   --->   Operation 13 'zext' 'trunc_ln1666_cast' <Predicate = (!icmp_ln1662)> <Delay = 0.00>
ST_2 : Operation 14 [1/1] (0.00ns)   --->   "%row_list_addr = getelementptr i32 %row_list, i64 0, i64 %trunc_ln1666_cast"   --->   Operation 14 'getelementptr' 'row_list_addr' <Predicate = (!icmp_ln1662)> <Delay = 0.00>
ST_2 : Operation 15 [2/2] (1.19ns)   --->   "%row_list_load = load i8 %row_list_addr"   --->   Operation 15 'load' 'row_list_load' <Predicate = (!icmp_ln1662)> <Delay = 1.19> <CoreInst = "RAM">   --->   Core 83 'RAM' <Latency = 1> <II = 1> <Delay = 1.19> <Storage> <Opcode : 'load' 'store'> <Ports = 2> <Width = 32> <Depth = 256> <RAM>

State 3 <SV = 2> <Delay = 2.12>
ST_3 : Operation 16 [1/1] (0.88ns)   --->   "%add_ln1662 = add i32 %j, i32 1" [patchMaker.cpp:1662]   --->   Operation 16 'add' 'add_ln1662' <Predicate = true> <Delay = 0.88> <CoreInst = "Adder">   --->   Core 1 'Adder' <Latency = 0> <II = 1> <Delay = 0.93> <FuncUnit> <Opcode : 'add' 'sub'> <InPorts = 2> <OutPorts = 1>
ST_3 : Operation 17 [1/2] (1.19ns)   --->   "%row_list_load = load i8 %row_list_addr"   --->   Operation 17 'load' 'row_list_load' <Predicate = (!icmp_ln1662)> <Delay = 1.19> <CoreInst = "RAM">   --->   Core 83 'RAM' <Latency = 1> <II = 1> <Delay = 1.19> <Storage> <Opcode : 'load' 'store'> <Ports = 2> <Width = 32> <Depth = 256> <RAM>
ST_3 : Operation 18 [1/1] (0.00ns)   --->   "%sext_ln1347 = sext i32 %row_list_load"   --->   Operation 18 'sext' 'sext_ln1347' <Predicate = (!icmp_ln1662)> <Delay = 0.00>
ST_3 : Operation 19 [1/1] (0.93ns)   --->   "%sub_ln534 = sub i37 %sext_ln1347, i37 %projectionToRow_read"   --->   Operation 19 'sub' 'sub_ln534' <Predicate = (!icmp_ln1662)> <Delay = 0.93> <CoreInst = "Adder">   --->   Core 1 'Adder' <Latency = 0> <II = 1> <Delay = 0.93> <FuncUnit> <Opcode : 'add' 'sub'> <InPorts = 2> <OutPorts = 1>

State 4 <SV = 3> <Delay = 1.14>
ST_4 : Operation 20 [1/1] (0.00ns)   --->   "%start_index_write_assign = phi i32 0, void %.lr.ph, i32 %select_ln1664, void %.split" [patchMaker.cpp:1664]   --->   Operation 20 'phi' 'start_index_write_assign' <Predicate = true> <Delay = 0.00>
ST_4 : Operation 21 [1/1] (0.00ns)   --->   "%start_value_write_assign = phi i64 9223372036854775807, void %.lr.ph, i64 %select_ln1664_1, void %.split" [patchMaker.cpp:1664]   --->   Operation 21 'phi' 'start_value_write_assign' <Predicate = true> <Delay = 0.00>
ST_4 : Operation 22 [1/1] (0.00ns)   --->   "%p_x_assign_7 = phi i64 9223372036854775807, void %.lr.ph, i64 %select_ln1664_2, void %.split" [patchMaker.cpp:1664]   --->   Operation 22 'phi' 'p_x_assign_7' <Predicate = true> <Delay = 0.00>
ST_4 : Operation 23 [1/1] (0.00ns)   --->   "%specpipeline_ln0 = specpipeline void @_ssdm_op_SpecPipeline, i32 4294967295, i32 0, i32 1, i32 0, void @p_str"   --->   Operation 23 'specpipeline' 'specpipeline_ln0' <Predicate = true> <Delay = 0.00>
ST_4 : Operation 24 [1/1] (0.93ns)   --->   "%sub_ln180 = sub i37 0, i37 %sub_ln534" [C:/Xilinx/Vitis_HLS/2020.2/tps/mingw/6.2.0/win64.o/nt\lib\gcc\x86_64-w64-mingw32\6.2.0\include\c++\cstdlib:180]   --->   Operation 24 'sub' 'sub_ln180' <Predicate = (!icmp_ln1662)> <Delay = 0.93> <CoreInst = "Adder">   --->   Core 1 'Adder' <Latency = 0> <II = 1> <Delay = 0.93> <FuncUnit> <Opcode : 'add' 'sub'> <InPorts = 2> <OutPorts = 1>
ST_4 : Operation 25 [1/1] (1.14ns)   --->   "%sub_ln180_7 = sub i64 0, i64 %p_x_assign_7" [C:/Xilinx/Vitis_HLS/2020.2/tps/mingw/6.2.0/win64.o/nt\lib\gcc\x86_64-w64-mingw32\6.2.0\include\c++\cstdlib:180]   --->   Operation 25 'sub' 'sub_ln180_7' <Predicate = (!icmp_ln1662)> <Delay = 1.14> <CoreInst = "Adder">   --->   Core 1 'Adder' <Latency = 0> <II = 1> <Delay = 0.93> <FuncUnit> <Opcode : 'add' 'sub'> <InPorts = 2> <OutPorts = 1>

State 5 <SV = 4> <Delay = 1.47>
ST_5 : Operation 26 [1/1] (0.00ns)   --->   "%specloopname_ln1662 = specloopname void @_ssdm_op_SpecLoopName, void @empty_19" [patchMaker.cpp:1662]   --->   Operation 26 'specloopname' 'specloopname_ln1662' <Predicate = (!icmp_ln1662)> <Delay = 0.00>
ST_5 : Operation 27 [1/1] (0.00ns)   --->   "%sext_ln180 = sext i37 %sub_ln534" [C:/Xilinx/Vitis_HLS/2020.2/tps/mingw/6.2.0/win64.o/nt\lib\gcc\x86_64-w64-mingw32\6.2.0\include\c++\cstdlib:180]   --->   Operation 27 'sext' 'sext_ln180' <Predicate = (!icmp_ln1662)> <Delay = 0.00>
ST_5 : Operation 28 [1/1] (0.00ns) (grouped into LUT with out node icmp_ln1664)   --->   "%tmp = bitselect i1 @_ssdm_op_BitSelect.i1.i37.i32, i37 %sub_ln534, i32 36" [C:/Xilinx/Vitis_HLS/2020.2/tps/mingw/6.2.0/win64.o/nt\lib\gcc\x86_64-w64-mingw32\6.2.0\include\c++\cstdlib:180]   --->   Operation 28 'bitselect' 'tmp' <Predicate = (!icmp_ln1662)> <Delay = 0.00>
ST_5 : Operation 29 [1/1] (0.00ns) (grouped into LUT with out node icmp_ln1664)   --->   "%select_ln180 = select i1 %tmp, i37 %sub_ln180, i37 %sub_ln534" [C:/Xilinx/Vitis_HLS/2020.2/tps/mingw/6.2.0/win64.o/nt\lib\gcc\x86_64-w64-mingw32\6.2.0\include\c++\cstdlib:180]   --->   Operation 29 'select' 'select_ln180' <Predicate = (!icmp_ln1662)> <Delay = 0.00> <CoreInst = "Sel">   --->   Core 73 'Sel' <Latency = 0> <II = 1> <Delay = 0.22> <FuncUnit> <Opcode : 'select'> <InPorts = 3> <OutPorts = 1>
ST_5 : Operation 30 [1/1] (0.00ns) (grouped into LUT with out node icmp_ln1664)   --->   "%sext_ln180_1 = sext i37 %select_ln180" [C:/Xilinx/Vitis_HLS/2020.2/tps/mingw/6.2.0/win64.o/nt\lib\gcc\x86_64-w64-mingw32\6.2.0\include\c++\cstdlib:180]   --->   Operation 30 'sext' 'sext_ln180_1' <Predicate = (!icmp_ln1662)> <Delay = 0.00>
ST_5 : Operation 31 [1/1] (0.00ns) (grouped into LUT with out node icmp_ln1664)   --->   "%tmp_21 = bitselect i1 @_ssdm_op_BitSelect.i1.i64.i32, i64 %p_x_assign_7, i32 63" [C:/Xilinx/Vitis_HLS/2020.2/tps/mingw/6.2.0/win64.o/nt\lib\gcc\x86_64-w64-mingw32\6.2.0\include\c++\cstdlib:180]   --->   Operation 31 'bitselect' 'tmp_21' <Predicate = (!icmp_ln1662)> <Delay = 0.00>
ST_5 : Operation 32 [1/1] (0.00ns) (grouped into LUT with out node icmp_ln1664)   --->   "%select_ln180_7 = select i1 %tmp_21, i64 %sub_ln180_7, i64 %p_x_assign_7" [C:/Xilinx/Vitis_HLS/2020.2/tps/mingw/6.2.0/win64.o/nt\lib\gcc\x86_64-w64-mingw32\6.2.0\include\c++\cstdlib:180]   --->   Operation 32 'select' 'select_ln180_7' <Predicate = (!icmp_ln1662)> <Delay = 0.00> <CoreInst = "Sel">   --->   Core 73 'Sel' <Latency = 0> <II = 1> <Delay = 0.22> <FuncUnit> <Opcode : 'select'> <InPorts = 3> <OutPorts = 1>
ST_5 : Operation 33 [1/1] (1.06ns) (out node of the LUT)   --->   "%icmp_ln1664 = icmp_slt  i64 %sext_ln180_1, i64 %select_ln180_7" [patchMaker.cpp:1664]   --->   Operation 33 'icmp' 'icmp_ln1664' <Predicate = (!icmp_ln1662)> <Delay = 1.06> <CoreInst = "Cmp">   --->   Core 9 'Cmp' <Latency = 0> <II = 1> <Delay = 1.06> <FuncUnit> <Opcode : 'icmp'> <InPorts = 2> <OutPorts = 1>
ST_5 : Operation 34 [1/1] (0.22ns)   --->   "%select_ln1664 = select i1 %icmp_ln1664, i32 %j, i32 %start_index_write_assign" [patchMaker.cpp:1664]   --->   Operation 34 'select' 'select_ln1664' <Predicate = (!icmp_ln1662)> <Delay = 0.22> <CoreInst = "Sel">   --->   Core 73 'Sel' <Latency = 0> <II = 1> <Delay = 0.22> <FuncUnit> <Opcode : 'select'> <InPorts = 3> <OutPorts = 1>
ST_5 : Operation 35 [1/1] (0.41ns)   --->   "%select_ln1664_1 = select i1 %icmp_ln1664, i64 %sext_ln180, i64 %start_value_write_assign" [patchMaker.cpp:1664]   --->   Operation 35 'select' 'select_ln1664_1' <Predicate = (!icmp_ln1662)> <Delay = 0.41> <CoreInst = "Sel">   --->   Core 73 'Sel' <Latency = 0> <II = 1> <Delay = 0.22> <FuncUnit> <Opcode : 'select'> <InPorts = 3> <OutPorts = 1>
ST_5 : Operation 36 [1/1] (0.41ns)   --->   "%select_ln1664_2 = select i1 %icmp_ln1664, i64 %sext_ln180, i64 %p_x_assign_7" [patchMaker.cpp:1664]   --->   Operation 36 'select' 'select_ln1664_2' <Predicate = (!icmp_ln1662)> <Delay = 0.41> <CoreInst = "Sel">   --->   Core 73 'Sel' <Latency = 0> <II = 1> <Delay = 0.22> <FuncUnit> <Opcode : 'select'> <InPorts = 3> <OutPorts = 1>
ST_5 : Operation 37 [1/1] (0.00ns)   --->   "%br_ln0 = br void"   --->   Operation 37 'br' 'br_ln0' <Predicate = (!icmp_ln1662)> <Delay = 0.00>

State 6 <SV = 4> <Delay = 0.00>
ST_6 : Operation 38 [1/1] (0.00ns)   --->   "%mrv = insertvalue i96 <undef>, i32 %start_index_write_assign" [patchMaker.cpp:1670]   --->   Operation 38 'insertvalue' 'mrv' <Predicate = true> <Delay = 0.00>
ST_6 : Operation 39 [1/1] (0.00ns)   --->   "%mrv_1 = insertvalue i96 %mrv, i64 %start_value_write_assign" [patchMaker.cpp:1670]   --->   Operation 39 'insertvalue' 'mrv_1' <Predicate = true> <Delay = 0.00>
ST_6 : Operation 40 [1/1] (0.00ns)   --->   "%ret_ln1670 = ret i96 %mrv_1" [patchMaker.cpp:1670]   --->   Operation 40 'ret' 'ret_ln1670' <Predicate = true> <Delay = 0.00>


============================================================
+ Verbose Summary: Binding
============================================================
STG Binding: 
---------------- STG Properties BEGIN ----------------
- Is combinational: 0
- Is one-state seq: 0
- Is datapath-only: 0
- Is pipelined: 0
- Is top level: 0
Port [ Return ] is wired: 1; IO mode=ap_ctrl_hs:ce=0
Port [ row_list]:  wired=1; compound=1; hidden=0; nouse=0; global=0; static=0; extern=0; dir=0; type=1; pingpong=0; private_global=0; MemPort=[13]; IO mode=ap_memory:ce=0
Port [ row_list_size]:  wired=1; compound=0; hidden=0; nouse=0; global=0; static=0; extern=0; dir=0; type=0; pingpong=0; private_global=0; IO mode=ap_none:ce=0
Port [ projectionToRow]:  wired=1; compound=0; hidden=0; nouse=0; global=0; static=0; extern=0; dir=0; type=0; pingpong=0; private_global=0; IO mode=ap_none:ce=0
---------------- STG Properties END ------------------

---------------- Datapath Model BEGIN ----------------

<LifeTime>
<method=bitvector/>
projectionToRow_read     (read         ) [ 0011110]
row_list_size_read       (read         ) [ 0011110]
br_ln1662                (br           ) [ 0111110]
j                        (phi          ) [ 0011110]
icmp_ln1662              (icmp         ) [ 0011110]
br_ln1662                (br           ) [ 0000000]
trunc_ln1666_cast        (zext         ) [ 0000000]
row_list_addr            (getelementptr) [ 0001000]
add_ln1662               (add          ) [ 0111110]
row_list_load            (load         ) [ 0000000]
sext_ln1347              (sext         ) [ 0000000]
sub_ln534                (sub          ) [ 0011110]
start_index_write_assign (phi          ) [ 0011111]
start_value_write_assign (phi          ) [ 0011111]
p_x_assign_7             (phi          ) [ 0011110]
specpipeline_ln0         (specpipeline ) [ 0000000]
sub_ln180                (sub          ) [ 0001010]
sub_ln180_7              (sub          ) [ 0001010]
specloopname_ln1662      (specloopname ) [ 0000000]
sext_ln180               (sext         ) [ 0000000]
tmp                      (bitselect    ) [ 0000000]
select_ln180             (select       ) [ 0000000]
sext_ln180_1             (sext         ) [ 0000000]
tmp_21                   (bitselect    ) [ 0000000]
select_ln180_7           (select       ) [ 0000000]
icmp_ln1664              (icmp         ) [ 0000000]
select_ln1664            (select       ) [ 0111110]
select_ln1664_1          (select       ) [ 0111110]
select_ln1664_2          (select       ) [ 0111110]
br_ln0                   (br           ) [ 0111110]
mrv                      (insertvalue  ) [ 0000000]
mrv_1                    (insertvalue  ) [ 0000000]
ret_ln1670               (ret          ) [ 0000000]
</LifeTime>

<model>

<comp_list>
<comp id="0" class="1000" name="row_list">
<pin_list>
<pin id="1" dir="1" index="0" bw="1" slack="0"/>
</pin_list>
<bind>
<StgValue><ssdm name="row_list"/><MemPortTyVec>1 3 </MemPortTyVec>
</StgValue>
</bind>
</comp>

<comp id="2" class="1000" name="row_list_size">
<pin_list>
<pin id="3" dir="1" index="0" bw="1" slack="0"/>
</pin_list>
<bind>
<StgValue><ssdm name="row_list_size"/></StgValue>
</bind>
</comp>

<comp id="4" class="1000" name="projectionToRow">
<pin_list>
<pin id="5" dir="1" index="0" bw="1" slack="0"/>
</pin_list>
<bind>
<StgValue><ssdm name="projectionToRow"/></StgValue>
</bind>
</comp>

<comp id="6" class="1001" name="const_6">
<pin_list>
<pin id="7" dir="1" index="0" bw="1" slack="0"/>
</pin_list>
<bind>
<StgValue><ssdm name="_ssdm_op_Read.ap_auto.i37"/></StgValue>
</bind>
</comp>

<comp id="8" class="1001" name="const_8">
<pin_list>
<pin id="9" dir="1" index="0" bw="1" slack="0"/>
</pin_list>
<bind>
<StgValue><ssdm name="_ssdm_op_Read.ap_auto.i32"/></StgValue>
</bind>
</comp>

<comp id="10" class="1001" name="const_10">
<pin_list>
<pin id="11" dir="1" index="0" bw="1" slack="1"/>
</pin_list>
<bind>
<StgValue><ssdm name=""/></StgValue>
</bind>
</comp>

<comp id="12" class="1001" name="const_12">
<pin_list>
<pin id="13" dir="1" index="0" bw="1" slack="0"/>
</pin_list>
<bind>
<StgValue><ssdm name=""/></StgValue>
</bind>
</comp>

<comp id="14" class="1001" name="const_14">
<pin_list>
<pin id="15" dir="1" index="0" bw="1" slack="0"/>
</pin_list>
<bind>
<StgValue><ssdm name=""/></StgValue>
</bind>
</comp>

<comp id="16" class="1001" name="const_16">
<pin_list>
<pin id="17" dir="1" index="0" bw="1" slack="3"/>
</pin_list>
<bind>
<StgValue><ssdm name=""/></StgValue>
</bind>
</comp>

<comp id="18" class="1001" name="const_18">
<pin_list>
<pin id="19" dir="1" index="0" bw="1" slack="2147483647"/>
</pin_list>
<bind>
<StgValue><ssdm name="_ssdm_op_SpecPipeline"/></StgValue>
</bind>
</comp>

<comp id="20" class="1001" name="const_20">
<pin_list>
<pin id="21" dir="1" index="0" bw="1" slack="2147483647"/>
</pin_list>
<bind>
<StgValue><ssdm name=""/></StgValue>
</bind>
</comp>

<comp id="22" class="1001" name="const_22">
<pin_list>
<pin id="23" dir="1" index="0" bw="1" slack="2147483647"/>
</pin_list>
<bind>
<StgValue><ssdm name="p_str"/></StgValue>
</bind>
</comp>

<comp id="24" class="1001" name="const_24">
<pin_list>
<pin id="25" dir="1" index="0" bw="1" slack="0"/>
</pin_list>
<bind>
<StgValue><ssdm name=""/></StgValue>
</bind>
</comp>

<comp id="26" class="1001" name="const_26">
<pin_list>
<pin id="27" dir="1" index="0" bw="1" slack="2147483647"/>
</pin_list>
<bind>
<StgValue><ssdm name="_ssdm_op_SpecLoopName"/></StgValue>
</bind>
</comp>

<comp id="28" class="1001" name="const_28">
<pin_list>
<pin id="29" dir="1" index="0" bw="1" slack="2147483647"/>
</pin_list>
<bind>
<StgValue><ssdm name="empty_19"/></StgValue>
</bind>
</comp>

<comp id="30" class="1001" name="const_30">
<pin_list>
<pin id="31" dir="1" index="0" bw="1" slack="0"/>
</pin_list>
<bind>
<StgValue><ssdm name="_ssdm_op_BitSelect.i1.i37.i32"/></StgValue>
</bind>
</comp>

<comp id="32" class="1001" name="const_32">
<pin_list>
<pin id="33" dir="1" index="0" bw="1" slack="0"/>
</pin_list>
<bind>
<StgValue><ssdm name=""/></StgValue>
</bind>
</comp>

<comp id="34" class="1001" name="const_34">
<pin_list>
<pin id="35" dir="1" index="0" bw="1" slack="0"/>
</pin_list>
<bind>
<StgValue><ssdm name="_ssdm_op_BitSelect.i1.i64.i32"/></StgValue>
</bind>
</comp>

<comp id="36" class="1001" name="const_36">
<pin_list>
<pin id="37" dir="1" index="0" bw="1" slack="0"/>
</pin_list>
<bind>
<StgValue><ssdm name=""/></StgValue>
</bind>
</comp>

<comp id="38" class="1001" name="const_38">
<pin_list>
<pin id="39" dir="1" index="0" bw="1" slack="0"/>
</pin_list>
<bind>
<StgValue><ssdm name=""/></StgValue>
</bind>
</comp>

<comp id="40" class="1004" name="projectionToRow_read_read_fu_40">
<pin_list>
<pin id="41" dir="0" index="0" bw="37" slack="0"/>
<pin id="42" dir="0" index="1" bw="37" slack="0"/>
<pin id="43" dir="1" index="2" bw="37" slack="2"/>
</pin_list>
<bind>
<opcode="read(1150) " fcode="read"/>
<opset="projectionToRow_read/1 "/>
</bind>
</comp>

<comp id="46" class="1004" name="row_list_size_read_read_fu_46">
<pin_list>
<pin id="47" dir="0" index="0" bw="32" slack="0"/>
<pin id="48" dir="0" index="1" bw="32" slack="0"/>
<pin id="49" dir="1" index="2" bw="32" slack="1"/>
</pin_list>
<bind>
<opcode="read(1150) " fcode="read"/>
<opset="row_list_size_read/1 "/>
</bind>
</comp>

<comp id="52" class="1004" name="row_list_addr_gep_fu_52">
<pin_list>
<pin id="53" dir="0" index="0" bw="32" slack="0"/>
<pin id="54" dir="0" index="1" bw="1" slack="0"/>
<pin id="55" dir="0" index="2" bw="32" slack="0"/>
<pin id="56" dir="1" index="3" bw="8" slack="0"/>
</pin_list>
<bind>
<opcode="getelementptr(29) " fcode="getelementptr"/>
<opset="row_list_addr/2 "/>
</bind>
</comp>

<comp id="59" class="1004" name="grp_access_fu_59">
<pin_list>
<pin id="60" dir="0" index="0" bw="8" slack="0"/>
<pin id="61" dir="0" index="1" bw="32" slack="2147483647"/>
<pin id="62" dir="0" index="2" bw="0" slack="2147483647"/>
<pin id="63" dir="1" index="3" bw="32" slack="0"/>
</pin_list>
<bind>
<opcode="load(27) " fcode="load"/>
<opset="row_list_load/2 "/>
</bind>
</comp>

<comp id="65" class="1005" name="j_reg_65">
<pin_list>
<pin id="66" dir="0" index="0" bw="32" slack="1"/>
<pin id="67" dir="1" index="1" bw="32" slack="1"/>
</pin_list>
<bind>
<opset="j (phireg) "/>
</bind>
</comp>

<comp id="69" class="1004" name="j_phi_fu_69">
<pin_list>
<pin id="70" dir="0" index="0" bw="1" slack="1"/>
<pin id="71" dir="0" index="1" bw="0" slack="2147483647"/>
<pin id="72" dir="0" index="2" bw="32" slack="1"/>
<pin id="73" dir="0" index="3" bw="0" slack="2147483647"/>
<pin id="74" dir="1" index="4" bw="32" slack="0"/>
</pin_list>
<bind>
<opcode="phi(47) " fcode="phi"/>
<opset="j/2 "/>
</bind>
</comp>

<comp id="77" class="1005" name="start_index_write_assign_reg_77">
<pin_list>
<pin id="78" dir="0" index="0" bw="32" slack="1"/>
<pin id="79" dir="1" index="1" bw="32" slack="1"/>
</pin_list>
<bind>
<opset="start_index_write_assign (phireg) "/>
</bind>
</comp>

<comp id="81" class="1004" name="start_index_write_assign_phi_fu_81">
<pin_list>
<pin id="82" dir="0" index="0" bw="1" slack="3"/>
<pin id="83" dir="0" index="1" bw="0" slack="2147483647"/>
<pin id="84" dir="0" index="2" bw="32" slack="1"/>
<pin id="85" dir="0" index="3" bw="0" slack="2147483647"/>
<pin id="86" dir="1" index="4" bw="32" slack="1"/>
</pin_list>
<bind>
<opcode="phi(47) " fcode="phi"/>
<opset="start_index_write_assign/4 "/>
</bind>
</comp>

<comp id="89" class="1005" name="start_value_write_assign_reg_89">
<pin_list>
<pin id="90" dir="0" index="0" bw="64" slack="1"/>
<pin id="91" dir="1" index="1" bw="64" slack="1"/>
</pin_list>
<bind>
<opset="start_value_write_assign (phireg) "/>
</bind>
</comp>

<comp id="93" class="1004" name="start_value_write_assign_phi_fu_93">
<pin_list>
<pin id="94" dir="0" index="0" bw="64" slack="3"/>
<pin id="95" dir="0" index="1" bw="0" slack="2147483647"/>
<pin id="96" dir="0" index="2" bw="64" slack="1"/>
<pin id="97" dir="0" index="3" bw="0" slack="2147483647"/>
<pin id="98" dir="1" index="4" bw="64" slack="1"/>
</pin_list>
<bind>
<opcode="phi(47) " fcode="phi"/>
<opset="start_value_write_assign/4 "/>
</bind>
</comp>

<comp id="101" class="1005" name="p_x_assign_7_reg_101">
<pin_list>
<pin id="102" dir="0" index="0" bw="64" slack="1"/>
<pin id="103" dir="1" index="1" bw="64" slack="1"/>
</pin_list>
<bind>
<opset="p_x_assign_7 (phireg) "/>
</bind>
</comp>

<comp id="105" class="1004" name="p_x_assign_7_phi_fu_105">
<pin_list>
<pin id="106" dir="0" index="0" bw="64" slack="3"/>
<pin id="107" dir="0" index="1" bw="0" slack="2147483647"/>
<pin id="108" dir="0" index="2" bw="64" slack="1"/>
<pin id="109" dir="0" index="3" bw="0" slack="2147483647"/>
<pin id="110" dir="1" index="4" bw="64" slack="0"/>
</pin_list>
<bind>
<opcode="phi(47) " fcode="phi"/>
<opset="p_x_assign_7/4 "/>
</bind>
</comp>

<comp id="113" class="1004" name="icmp_ln1662_fu_113">
<pin_list>
<pin id="114" dir="0" index="0" bw="32" slack="0"/>
<pin id="115" dir="0" index="1" bw="32" slack="1"/>
<pin id="116" dir="1" index="2" bw="1" slack="1"/>
</pin_list>
<bind>
<opcode="icmp(45) " fcode="icmp"/>
<opset="icmp_ln1662/2 "/>
</bind>
</comp>

<comp id="118" class="1004" name="trunc_ln1666_cast_fu_118">
<pin_list>
<pin id="119" dir="0" index="0" bw="32" slack="0"/>
<pin id="120" dir="1" index="1" bw="64" slack="0"/>
</pin_list>
<bind>
<opcode="zext(34) " fcode="zext"/>
<opset="trunc_ln1666_cast/2 "/>
</bind>
</comp>

<comp id="123" class="1004" name="add_ln1662_fu_123">
<pin_list>
<pin id="124" dir="0" index="0" bw="32" slack="1"/>
<pin id="125" dir="0" index="1" bw="1" slack="0"/>
<pin id="126" dir="1" index="2" bw="32" slack="1"/>
</pin_list>
<bind>
<opcode="add(8) " fcode="add"/>
<opset="add_ln1662/3 "/>
</bind>
</comp>

<comp id="129" class="1004" name="sext_ln1347_fu_129">
<pin_list>
<pin id="130" dir="0" index="0" bw="32" slack="0"/>
<pin id="131" dir="1" index="1" bw="37" slack="0"/>
</pin_list>
<bind>
<opcode="sext(35) " fcode="sext"/>
<opset="sext_ln1347/3 "/>
</bind>
</comp>

<comp id="133" class="1004" name="sub_ln534_fu_133">
<pin_list>
<pin id="134" dir="0" index="0" bw="32" slack="0"/>
<pin id="135" dir="0" index="1" bw="37" slack="2"/>
<pin id="136" dir="1" index="2" bw="37" slack="1"/>
</pin_list>
<bind>
<opcode="sub(10) " fcode="sub"/>
<opset="sub_ln534/3 "/>
</bind>
</comp>

<comp id="138" class="1004" name="sub_ln180_fu_138">
<pin_list>
<pin id="139" dir="0" index="0" bw="1" slack="0"/>
<pin id="140" dir="0" index="1" bw="37" slack="1"/>
<pin id="141" dir="1" index="2" bw="37" slack="1"/>
</pin_list>
<bind>
<opcode="sub(10) " fcode="sub"/>
<opset="sub_ln180/4 "/>
</bind>
</comp>

<comp id="143" class="1004" name="sub_ln180_7_fu_143">
<pin_list>
<pin id="144" dir="0" index="0" bw="1" slack="0"/>
<pin id="145" dir="0" index="1" bw="64" slack="0"/>
<pin id="146" dir="1" index="2" bw="64" slack="1"/>
</pin_list>
<bind>
<opcode="sub(10) " fcode="sub"/>
<opset="sub_ln180_7/4 "/>
</bind>
</comp>

<comp id="149" class="1004" name="sext_ln180_fu_149">
<pin_list>
<pin id="150" dir="0" index="0" bw="37" slack="2"/>
<pin id="151" dir="1" index="1" bw="64" slack="0"/>
</pin_list>
<bind>
<opcode="sext(35) " fcode="sext"/>
<opset="sext_ln180/5 "/>
</bind>
</comp>

<comp id="152" class="1004" name="tmp_fu_152">
<pin_list>
<pin id="153" dir="0" index="0" bw="1" slack="0"/>
<pin id="154" dir="0" index="1" bw="37" slack="2"/>
<pin id="155" dir="0" index="2" bw="7" slack="0"/>
<pin id="156" dir="1" index="3" bw="1" slack="0"/>
</pin_list>
<bind>
<opcode="bitselect(1000) " fcode="bitselect"/>
<opset="tmp/5 "/>
</bind>
</comp>

<comp id="159" class="1004" name="select_ln180_fu_159">
<pin_list>
<pin id="160" dir="0" index="0" bw="1" slack="0"/>
<pin id="161" dir="0" index="1" bw="37" slack="1"/>
<pin id="162" dir="0" index="2" bw="37" slack="2"/>
<pin id="163" dir="1" index="3" bw="37" slack="0"/>
</pin_list>
<bind>
<opcode="select(49) " fcode="select"/>
<opset="select_ln180/5 "/>
</bind>
</comp>

<comp id="165" class="1004" name="sext_ln180_1_fu_165">
<pin_list>
<pin id="166" dir="0" index="0" bw="37" slack="0"/>
<pin id="167" dir="1" index="1" bw="64" slack="0"/>
</pin_list>
<bind>
<opcode="sext(35) " fcode="sext"/>
<opset="sext_ln180_1/5 "/>
</bind>
</comp>

<comp id="169" class="1004" name="tmp_21_fu_169">
<pin_list>
<pin id="170" dir="0" index="0" bw="1" slack="0"/>
<pin id="171" dir="0" index="1" bw="64" slack="1"/>
<pin id="172" dir="0" index="2" bw="7" slack="0"/>
<pin id="173" dir="1" index="3" bw="1" slack="0"/>
</pin_list>
<bind>
<opcode="bitselect(1000) " fcode="bitselect"/>
<opset="tmp_21/5 "/>
</bind>
</comp>

<comp id="177" class="1004" name="select_ln180_7_fu_177">
<pin_list>
<pin id="178" dir="0" index="0" bw="1" slack="0"/>
<pin id="179" dir="0" index="1" bw="64" slack="1"/>
<pin id="180" dir="0" index="2" bw="64" slack="1"/>
<pin id="181" dir="1" index="3" bw="64" slack="0"/>
</pin_list>
<bind>
<opcode="select(49) " fcode="select"/>
<opset="select_ln180_7/5 "/>
</bind>
</comp>

<comp id="184" class="1004" name="icmp_ln1664_fu_184">
<pin_list>
<pin id="185" dir="0" index="0" bw="64" slack="0"/>
<pin id="186" dir="0" index="1" bw="64" slack="0"/>
<pin id="187" dir="1" index="2" bw="1" slack="0"/>
</pin_list>
<bind>
<opcode="icmp(45) " fcode="icmp"/>
<opset="icmp_ln1664/5 "/>
</bind>
</comp>

<comp id="190" class="1004" name="select_ln1664_fu_190">
<pin_list>
<pin id="191" dir="0" index="0" bw="1" slack="0"/>
<pin id="192" dir="0" index="1" bw="32" slack="3"/>
<pin id="193" dir="0" index="2" bw="32" slack="1"/>
<pin id="194" dir="1" index="3" bw="32" slack="1"/>
</pin_list>
<bind>
<opcode="select(49) " fcode="select"/>
<opset="select_ln1664/5 "/>
</bind>
</comp>

<comp id="198" class="1004" name="select_ln1664_1_fu_198">
<pin_list>
<pin id="199" dir="0" index="0" bw="1" slack="0"/>
<pin id="200" dir="0" index="1" bw="64" slack="0"/>
<pin id="201" dir="0" index="2" bw="64" slack="1"/>
<pin id="202" dir="1" index="3" bw="64" slack="1"/>
</pin_list>
<bind>
<opcode="select(49) " fcode="select"/>
<opset="select_ln1664_1/5 "/>
</bind>
</comp>

<comp id="206" class="1004" name="select_ln1664_2_fu_206">
<pin_list>
<pin id="207" dir="0" index="0" bw="1" slack="0"/>
<pin id="208" dir="0" index="1" bw="64" slack="0"/>
<pin id="209" dir="0" index="2" bw="64" slack="1"/>
<pin id="210" dir="1" index="3" bw="64" slack="1"/>
</pin_list>
<bind>
<opcode="select(49) " fcode="select"/>
<opset="select_ln1664_2/5 "/>
</bind>
</comp>

<comp id="214" class="1004" name="mrv_fu_214">
<pin_list>
<pin id="215" dir="0" index="0" bw="96" slack="0"/>
<pin id="216" dir="0" index="1" bw="32" slack="1"/>
<pin id="217" dir="1" index="2" bw="96" slack="0"/>
</pin_list>
<bind>
<opcode="insertvalue(57) " fcode="insertvalue"/>
<opset="mrv/6 "/>
</bind>
</comp>

<comp id="220" class="1004" name="mrv_1_fu_220">
<pin_list>
<pin id="221" dir="0" index="0" bw="96" slack="0"/>
<pin id="222" dir="0" index="1" bw="64" slack="1"/>
<pin id="223" dir="1" index="2" bw="96" slack="2147483647"/>
</pin_list>
<bind>
<opcode="insertvalue(57) " fcode="insertvalue"/>
<opset="mrv_1/6 "/>
</bind>
</comp>

<comp id="226" class="1005" name="projectionToRow_read_reg_226">
<pin_list>
<pin id="227" dir="0" index="0" bw="37" slack="2"/>
<pin id="228" dir="1" index="1" bw="37" slack="2"/>
</pin_list>
<bind>
<opset="projectionToRow_read "/>
</bind>
</comp>

<comp id="231" class="1005" name="row_list_size_read_reg_231">
<pin_list>
<pin id="232" dir="0" index="0" bw="32" slack="1"/>
<pin id="233" dir="1" index="1" bw="32" slack="1"/>
</pin_list>
<bind>
<opset="row_list_size_read "/>
</bind>
</comp>

<comp id="236" class="1005" name="icmp_ln1662_reg_236">
<pin_list>
<pin id="237" dir="0" index="0" bw="1" slack="1"/>
<pin id="238" dir="1" index="1" bw="1" slack="2147483647"/>
</pin_list>
<bind>
<opset="icmp_ln1662 "/>
</bind>
</comp>

<comp id="240" class="1005" name="row_list_addr_reg_240">
<pin_list>
<pin id="241" dir="0" index="0" bw="8" slack="1"/>
<pin id="242" dir="1" index="1" bw="8" slack="1"/>
</pin_list>
<bind>
<opset="row_list_addr "/>
</bind>
</comp>

<comp id="245" class="1005" name="add_ln1662_reg_245">
<pin_list>
<pin id="246" dir="0" index="0" bw="32" slack="1"/>
<pin id="247" dir="1" index="1" bw="32" slack="1"/>
</pin_list>
<bind>
<opset="add_ln1662 "/>
</bind>
</comp>

<comp id="250" class="1005" name="sub_ln534_reg_250">
<pin_list>
<pin id="251" dir="0" index="0" bw="37" slack="1"/>
<pin id="252" dir="1" index="1" bw="37" slack="1"/>
</pin_list>
<bind>
<opset="sub_ln534 "/>
</bind>
</comp>

<comp id="258" class="1005" name="sub_ln180_reg_258">
<pin_list>
<pin id="259" dir="0" index="0" bw="37" slack="1"/>
<pin id="260" dir="1" index="1" bw="37" slack="1"/>
</pin_list>
<bind>
<opset="sub_ln180 "/>
</bind>
</comp>

<comp id="263" class="1005" name="sub_ln180_7_reg_263">
<pin_list>
<pin id="264" dir="0" index="0" bw="64" slack="1"/>
<pin id="265" dir="1" index="1" bw="64" slack="1"/>
</pin_list>
<bind>
<opset="sub_ln180_7 "/>
</bind>
</comp>

<comp id="268" class="1005" name="select_ln1664_reg_268">
<pin_list>
<pin id="269" dir="0" index="0" bw="32" slack="1"/>
<pin id="270" dir="1" index="1" bw="32" slack="1"/>
</pin_list>
<bind>
<opset="select_ln1664 "/>
</bind>
</comp>

<comp id="273" class="1005" name="select_ln1664_1_reg_273">
<pin_list>
<pin id="274" dir="0" index="0" bw="64" slack="1"/>
<pin id="275" dir="1" index="1" bw="64" slack="1"/>
</pin_list>
<bind>
<opset="select_ln1664_1 "/>
</bind>
</comp>

<comp id="278" class="1005" name="select_ln1664_2_reg_278">
<pin_list>
<pin id="279" dir="0" index="0" bw="64" slack="1"/>
<pin id="280" dir="1" index="1" bw="64" slack="1"/>
</pin_list>
<bind>
<opset="select_ln1664_2 "/>
</bind>
</comp>

</comp_list>

<net_list>
<net id="44"><net_src comp="6" pin="0"/><net_sink comp="40" pin=0"/></net>

<net id="45"><net_src comp="4" pin="0"/><net_sink comp="40" pin=1"/></net>

<net id="50"><net_src comp="8" pin="0"/><net_sink comp="46" pin=0"/></net>

<net id="51"><net_src comp="2" pin="0"/><net_sink comp="46" pin=1"/></net>

<net id="57"><net_src comp="0" pin="0"/><net_sink comp="52" pin=0"/></net>

<net id="58"><net_src comp="12" pin="0"/><net_sink comp="52" pin=1"/></net>

<net id="64"><net_src comp="52" pin="3"/><net_sink comp="59" pin=0"/></net>

<net id="68"><net_src comp="10" pin="0"/><net_sink comp="65" pin=0"/></net>

<net id="75"><net_src comp="65" pin="1"/><net_sink comp="69" pin=0"/></net>

<net id="76"><net_src comp="69" pin="4"/><net_sink comp="65" pin=0"/></net>

<net id="80"><net_src comp="10" pin="0"/><net_sink comp="77" pin=0"/></net>

<net id="87"><net_src comp="77" pin="1"/><net_sink comp="81" pin=0"/></net>

<net id="88"><net_src comp="81" pin="4"/><net_sink comp="77" pin=0"/></net>

<net id="92"><net_src comp="16" pin="0"/><net_sink comp="89" pin=0"/></net>

<net id="99"><net_src comp="89" pin="1"/><net_sink comp="93" pin=0"/></net>

<net id="100"><net_src comp="93" pin="4"/><net_sink comp="89" pin=0"/></net>

<net id="104"><net_src comp="16" pin="0"/><net_sink comp="101" pin=0"/></net>

<net id="111"><net_src comp="101" pin="1"/><net_sink comp="105" pin=0"/></net>

<net id="112"><net_src comp="105" pin="4"/><net_sink comp="101" pin=0"/></net>

<net id="117"><net_src comp="69" pin="4"/><net_sink comp="113" pin=0"/></net>

<net id="121"><net_src comp="69" pin="4"/><net_sink comp="118" pin=0"/></net>

<net id="122"><net_src comp="118" pin="1"/><net_sink comp="52" pin=2"/></net>

<net id="127"><net_src comp="65" pin="1"/><net_sink comp="123" pin=0"/></net>

<net id="128"><net_src comp="14" pin="0"/><net_sink comp="123" pin=1"/></net>

<net id="132"><net_src comp="59" pin="3"/><net_sink comp="129" pin=0"/></net>

<net id="137"><net_src comp="129" pin="1"/><net_sink comp="133" pin=0"/></net>

<net id="142"><net_src comp="24" pin="0"/><net_sink comp="138" pin=0"/></net>

<net id="147"><net_src comp="12" pin="0"/><net_sink comp="143" pin=0"/></net>

<net id="148"><net_src comp="105" pin="4"/><net_sink comp="143" pin=1"/></net>

<net id="157"><net_src comp="30" pin="0"/><net_sink comp="152" pin=0"/></net>

<net id="158"><net_src comp="32" pin="0"/><net_sink comp="152" pin=2"/></net>

<net id="164"><net_src comp="152" pin="3"/><net_sink comp="159" pin=0"/></net>

<net id="168"><net_src comp="159" pin="3"/><net_sink comp="165" pin=0"/></net>

<net id="174"><net_src comp="34" pin="0"/><net_sink comp="169" pin=0"/></net>

<net id="175"><net_src comp="101" pin="1"/><net_sink comp="169" pin=1"/></net>

<net id="176"><net_src comp="36" pin="0"/><net_sink comp="169" pin=2"/></net>

<net id="182"><net_src comp="169" pin="3"/><net_sink comp="177" pin=0"/></net>

<net id="183"><net_src comp="101" pin="1"/><net_sink comp="177" pin=2"/></net>

<net id="188"><net_src comp="165" pin="1"/><net_sink comp="184" pin=0"/></net>

<net id="189"><net_src comp="177" pin="3"/><net_sink comp="184" pin=1"/></net>

<net id="195"><net_src comp="184" pin="2"/><net_sink comp="190" pin=0"/></net>

<net id="196"><net_src comp="65" pin="1"/><net_sink comp="190" pin=1"/></net>

<net id="197"><net_src comp="77" pin="1"/><net_sink comp="190" pin=2"/></net>

<net id="203"><net_src comp="184" pin="2"/><net_sink comp="198" pin=0"/></net>

<net id="204"><net_src comp="149" pin="1"/><net_sink comp="198" pin=1"/></net>

<net id="205"><net_src comp="89" pin="1"/><net_sink comp="198" pin=2"/></net>

<net id="211"><net_src comp="184" pin="2"/><net_sink comp="206" pin=0"/></net>

<net id="212"><net_src comp="149" pin="1"/><net_sink comp="206" pin=1"/></net>

<net id="213"><net_src comp="101" pin="1"/><net_sink comp="206" pin=2"/></net>

<net id="218"><net_src comp="38" pin="0"/><net_sink comp="214" pin=0"/></net>

<net id="219"><net_src comp="77" pin="1"/><net_sink comp="214" pin=1"/></net>

<net id="224"><net_src comp="214" pin="2"/><net_sink comp="220" pin=0"/></net>

<net id="225"><net_src comp="89" pin="1"/><net_sink comp="220" pin=1"/></net>

<net id="229"><net_src comp="40" pin="2"/><net_sink comp="226" pin=0"/></net>

<net id="230"><net_src comp="226" pin="1"/><net_sink comp="133" pin=1"/></net>

<net id="234"><net_src comp="46" pin="2"/><net_sink comp="231" pin=0"/></net>

<net id="235"><net_src comp="231" pin="1"/><net_sink comp="113" pin=1"/></net>

<net id="239"><net_src comp="113" pin="2"/><net_sink comp="236" pin=0"/></net>

<net id="243"><net_src comp="52" pin="3"/><net_sink comp="240" pin=0"/></net>

<net id="244"><net_src comp="240" pin="1"/><net_sink comp="59" pin=0"/></net>

<net id="248"><net_src comp="123" pin="2"/><net_sink comp="245" pin=0"/></net>

<net id="249"><net_src comp="245" pin="1"/><net_sink comp="69" pin=2"/></net>

<net id="253"><net_src comp="133" pin="2"/><net_sink comp="250" pin=0"/></net>

<net id="254"><net_src comp="250" pin="1"/><net_sink comp="138" pin=1"/></net>

<net id="255"><net_src comp="250" pin="1"/><net_sink comp="149" pin=0"/></net>

<net id="256"><net_src comp="250" pin="1"/><net_sink comp="152" pin=1"/></net>

<net id="257"><net_src comp="250" pin="1"/><net_sink comp="159" pin=2"/></net>

<net id="261"><net_src comp="138" pin="2"/><net_sink comp="258" pin=0"/></net>

<net id="262"><net_src comp="258" pin="1"/><net_sink comp="159" pin=1"/></net>

<net id="266"><net_src comp="143" pin="2"/><net_sink comp="263" pin=0"/></net>

<net id="267"><net_src comp="263" pin="1"/><net_sink comp="177" pin=1"/></net>

<net id="271"><net_src comp="190" pin="3"/><net_sink comp="268" pin=0"/></net>

<net id="272"><net_src comp="268" pin="1"/><net_sink comp="81" pin=2"/></net>

<net id="276"><net_src comp="198" pin="3"/><net_sink comp="273" pin=0"/></net>

<net id="277"><net_src comp="273" pin="1"/><net_sink comp="93" pin=2"/></net>

<net id="281"><net_src comp="206" pin="3"/><net_sink comp="278" pin=0"/></net>

<net id="282"><net_src comp="278" pin="1"/><net_sink comp="105" pin=2"/></net>

</net_list>

</model> 
---------------- Datapath Model END ------------------

* FSMD analyzer results:
  - Output states:
 - Input state : 
	Port: mSP_findStartIndex : row_list | {2 3 }
	Port: mSP_findStartIndex : row_list_size | {1 }
	Port: mSP_findStartIndex : projectionToRow | {1 }
  - Chain level:
	State 1
	State 2
		icmp_ln1662 : 1
		br_ln1662 : 2
		trunc_ln1666_cast : 1
		row_list_addr : 2
		row_list_load : 3
	State 3
		sext_ln1347 : 1
		sub_ln534 : 2
	State 4
		sub_ln180_7 : 1
	State 5
		select_ln180 : 1
		sext_ln180_1 : 2
		select_ln180_7 : 1
		icmp_ln1664 : 3
		select_ln1664 : 4
		select_ln1664_1 : 4
		select_ln1664_2 : 4
	State 6
		mrv_1 : 1
		ret_ln1670 : 2


============================================================
+ Verbose Summary: Datapath Resource usage 
============================================================

* Functional unit list:
|----------|---------------------------------|---------|---------|
| Operation|         Functional Unit         |    FF   |   LUT   |
|----------|---------------------------------|---------|---------|
|          |       select_ln180_fu_159       |    0    |    37   |
|          |      select_ln180_7_fu_177      |    0    |    63   |
|  select  |       select_ln1664_fu_190      |    0    |    32   |
|          |      select_ln1664_1_fu_198     |    0    |    63   |
|          |      select_ln1664_2_fu_206     |    0    |    63   |
|----------|---------------------------------|---------|---------|
|          |         sub_ln534_fu_133        |    0    |    44   |
|    sub   |         sub_ln180_fu_138        |    0    |    44   |
|          |        sub_ln180_7_fu_143       |    0    |    71   |
|----------|---------------------------------|---------|---------|
|   icmp   |        icmp_ln1662_fu_113       |    0    |    20   |
|          |        icmp_ln1664_fu_184       |    0    |    29   |
|----------|---------------------------------|---------|---------|
|    add   |        add_ln1662_fu_123        |    0    |    39   |
|----------|---------------------------------|---------|---------|
|   read   | projectionToRow_read_read_fu_40 |    0    |    0    |
|          |  row_list_size_read_read_fu_46  |    0    |    0    |
|----------|---------------------------------|---------|---------|
|   zext   |     trunc_ln1666_cast_fu_118    |    0    |    0    |
|----------|---------------------------------|---------|---------|
|          |        sext_ln1347_fu_129       |    0    |    0    |
|   sext   |        sext_ln180_fu_149        |    0    |    0    |
|          |       sext_ln180_1_fu_165       |    0    |    0    |
|----------|---------------------------------|---------|---------|
| bitselect|            tmp_fu_152           |    0    |    0    |
|          |          tmp_21_fu_169          |    0    |    0    |
|----------|---------------------------------|---------|---------|
|insertvalue|            mrv_fu_214           |    0    |    0    |
|          |           mrv_1_fu_220          |    0    |    0    |
|----------|---------------------------------|---------|---------|
|   Total  |                                 |    0    |   505   |
|----------|---------------------------------|---------|---------|

Memories:
N/A

* Register list:
+-------------------------------+--------+
|                               |   FF   |
+-------------------------------+--------+
|       add_ln1662_reg_245      |   32   |
|      icmp_ln1662_reg_236      |    1   |
|            j_reg_65           |   32   |
|      p_x_assign_7_reg_101     |   64   |
|  projectionToRow_read_reg_226 |   37   |
|     row_list_addr_reg_240     |    8   |
|   row_list_size_read_reg_231  |   32   |
|    select_ln1664_1_reg_273    |   64   |
|    select_ln1664_2_reg_278    |   64   |
|     select_ln1664_reg_268     |   32   |
|start_index_write_assign_reg_77|   32   |
|start_value_write_assign_reg_89|   64   |
|      sub_ln180_7_reg_263      |   64   |
|       sub_ln180_reg_258       |   37   |
|       sub_ln534_reg_250       |   37   |
+-------------------------------+--------+
|             Total             |   600  |
+-------------------------------+--------+

* Multiplexer (MUX) list: 
|---------------------------------|------|------|------|--------||---------||---------|
|               Comp              |  Pin | Size |  BW  | S x BW ||  Delay  ||   LUT   |
|---------------------------------|------|------|------|--------||---------||---------|
|         grp_access_fu_59        |  p0  |   2  |   8  |   16   ||    9    |
|             j_reg_65            |  p0  |   2  |  32  |   64   ||    9    |
| start_index_write_assign_reg_77 |  p0  |   2  |  32  |   64   ||    9    |
| start_value_write_assign_reg_89 |  p0  |   2  |  64  |   128  ||    9    |
|       p_x_assign_7_reg_101      |  p0  |   2  |  64  |   128  ||    9    |
|---------------------------------|------|------|------|--------||---------||---------|
|              Total              |      |      |      |   400  ||  1.935  ||    45   |
|---------------------------------|------|------|------|--------||---------||---------|



* Summary:
+-----------+--------+--------+--------+
|           |  Delay |   FF   |   LUT  |
+-----------+--------+--------+--------+
|  Function |    -   |    0   |   505  |
|   Memory  |    -   |    -   |    -   |
|Multiplexer|    1   |    -   |   45   |
|  Register |    -   |   600  |    -   |
+-----------+--------+--------+--------+
|   Total   |    1   |   600  |   550  |
+-----------+--------+--------+--------+
