

================================================================
== Vitis HLS Report for 'getParallelograms'
================================================================
* Date:           Sat Jul 27 22:49:18 2024

* Version:        2020.2 (Build 3064766 on Wed Nov 18 09:12:45 MST 2020)
* Project:        PatchMaker_tanishGit
* Solution:       solutionSC2 (Vivado IP Flow Target)
* Product family: virtexuplus
* Target device:  xcvu19p-fsvb3824-2-e


================================================================
== Performance Estimates
================================================================
+ Timing: 
    * Summary: 
    +--------+---------+----------+------------+
    |  Clock |  Target | Estimated| Uncertainty|
    +--------+---------+----------+------------+
    |ap_clk  |  5.00 ns|  3.548 ns|     1.35 ns|
    +--------+---------+----------+------------+

+ Latency: 
    * Summary: 
    +---------+---------+----------+----------+-----+-----+---------+
    |  Latency (cycles) |  Latency (absolute) |  Interval | Pipeline|
    |   min   |   max   |    min   |    max   | min | max |   Type  |
    +---------+---------+----------+----------+-----+-----+---------+
    |       30|       42|  0.150 us|  0.210 us|   30|   42|     none|
    +---------+---------+----------+----------+-----+-----+---------+

    + Detail: 
        * Instance: 
        N/A

        * Loop: 
        +-----------------------------------------+---------+---------+----------+-----------+-----------+------+----------+
        |                                         |  Latency (cycles) | Iteration|  Initiation Interval  | Trip |          |
        |                Loop Name                |   min   |   max   |  Latency |  achieved |   target  | Count| Pipelined|
        +-----------------------------------------+---------+---------+----------+-----------+-----------+------+----------+
        |- getParallelograms_settingWPparameters  |       28|       40|    7 ~ 10|          -|          -|     4|        no|
        +-----------------------------------------+---------+---------+----------+-----------+-----------+------+----------+

============================================================
+ Verbose Summary: Synthesis Manager
============================================================
InlineROM: 1
ExposeGlobal: 0
============================================================
+ Verbose Summary: CDFG Model
============================================================
IsTopModel: 0
ResetActiveHigh: 1
IsCombinational: 0
IsDatapathOnly: 0
HasWiredReturn: 1
HasMFsm: 0
HasVarLatency: 1
IsPipeline: 0
IsRtlPipelined: 0
IsInstanceOverlapped: 0
IsDontTouch: 0
HasImplIP: 0
IsGatedGlobalClock: 0


============================================================
+ Verbose Summary: Schedule
============================================================
* Number of FSM states : 12
* Pipeline : 0
* Dataflow Pipeline: 0

* FSM state transitions: 
1 --> 2 
2 --> 3 
3 --> 4 
4 --> 5 
5 --> 6 
6 --> 7 
7 --> 8 
8 --> 9 12 
9 --> 10 
10 --> 11 
11 --> 12 
12 --> 3 

* FSM state operations: 

State 1 <SV = 0> <Delay = 1.19>
ST_1 : Operation 13 [1/1] (0.00ns)   --->   "%empty = alloca i32 1"   --->   Operation 13 'alloca' 'empty' <Predicate = true> <Delay = 0.00>
ST_1 : Operation 14 [1/1] (0.00ns)   --->   "%wp_superpoints_addr = getelementptr i32 %wp_superpoints, i64 0, i64 1"   --->   Operation 14 'getelementptr' 'wp_superpoints_addr' <Predicate = true> <Delay = 0.00>
ST_1 : Operation 15 [1/1] (0.00ns)   --->   "%wp_superpoints_addr_1 = getelementptr i32 %wp_superpoints, i64 0, i64 31"   --->   Operation 15 'getelementptr' 'wp_superpoints_addr_1' <Predicate = true> <Delay = 0.00>
ST_1 : Operation 16 [2/2] (1.19ns)   --->   "%wp_superpoints_load = load i8 %wp_superpoints_addr"   --->   Operation 16 'load' 'wp_superpoints_load' <Predicate = true> <Delay = 1.19> <CoreInst = "RAM">   --->   Core 83 'RAM' <Latency = 1> <II = 1> <Delay = 1.19> <Storage> <Opcode : 'load' 'store'> <Ports = 2> <Width = 32> <Depth = 160> <RAM>
ST_1 : Operation 17 [2/2] (1.19ns)   --->   "%wp_superpoints_load_1 = load i8 %wp_superpoints_addr_1"   --->   Operation 17 'load' 'wp_superpoints_load_1' <Predicate = true> <Delay = 1.19> <CoreInst = "RAM">   --->   Core 83 'RAM' <Latency = 1> <II = 1> <Delay = 1.19> <Storage> <Opcode : 'load' 'store'> <Ports = 2> <Width = 32> <Depth = 160> <RAM>
ST_1 : Operation 18 [1/1] (0.38ns)   --->   "%store_ln59 = store i32 0, i32 %empty" [patchMaker.cpp:59]   --->   Operation 18 'store' 'store_ln59' <Predicate = true> <Delay = 0.38>

State 2 <SV = 1> <Delay = 3.48>
ST_2 : Operation 19 [1/1] (0.00ns)   --->   "%wp_parameters_addr = getelementptr i32 %wp_parameters, i64 0, i64 108" [patchMaker.cpp:57]   --->   Operation 19 'getelementptr' 'wp_parameters_addr' <Predicate = true> <Delay = 0.00>
ST_2 : Operation 20 [1/2] (1.19ns)   --->   "%wp_superpoints_load = load i8 %wp_superpoints_addr"   --->   Operation 20 'load' 'wp_superpoints_load' <Predicate = true> <Delay = 1.19> <CoreInst = "RAM">   --->   Core 83 'RAM' <Latency = 1> <II = 1> <Delay = 1.19> <Storage> <Opcode : 'load' 'store'> <Ports = 2> <Width = 32> <Depth = 160> <RAM>
ST_2 : Operation 21 [1/1] (0.85ns)   --->   "%icmp_ln878 = icmp_slt  i32 %wp_superpoints_load, i32 4272967196"   --->   Operation 21 'icmp' 'icmp_ln878' <Predicate = true> <Delay = 0.85> <CoreInst = "Cmp">   --->   Core 9 'Cmp' <Latency = 0> <II = 1> <Delay = 0.83> <FuncUnit> <Opcode : 'icmp'> <InPorts = 2> <OutPorts = 1>
ST_2 : Operation 22 [1/1] (0.22ns)   --->   "%z1_min_V = select i1 %icmp_ln878, i32 4272967196, i32 %wp_superpoints_load" [patchMaker.cpp:43]   --->   Operation 22 'select' 'z1_min_V' <Predicate = true> <Delay = 0.22> <CoreInst = "Sel">   --->   Core 73 'Sel' <Latency = 0> <II = 1> <Delay = 0.34> <FuncUnit> <Opcode : 'select'> <InPorts = 3> <OutPorts = 1>
ST_2 : Operation 23 [1/1] (0.00ns)   --->   "%trunc_ln43 = trunc i32 %z1_min_V" [patchMaker.cpp:43]   --->   Operation 23 'trunc' 'trunc_ln43' <Predicate = true> <Delay = 0.00>
ST_2 : Operation 24 [1/2] (1.19ns)   --->   "%wp_superpoints_load_1 = load i8 %wp_superpoints_addr_1"   --->   Operation 24 'load' 'wp_superpoints_load_1' <Predicate = true> <Delay = 1.19> <CoreInst = "RAM">   --->   Core 83 'RAM' <Latency = 1> <II = 1> <Delay = 1.19> <Storage> <Opcode : 'load' 'store'> <Ports = 2> <Width = 32> <Depth = 160> <RAM>
ST_2 : Operation 25 [1/1] (0.85ns)   --->   "%icmp_ln878_14 = icmp_slt  i32 %wp_superpoints_load_1, i32 22000100"   --->   Operation 25 'icmp' 'icmp_ln878_14' <Predicate = true> <Delay = 0.85> <CoreInst = "Cmp">   --->   Core 9 'Cmp' <Latency = 0> <II = 1> <Delay = 0.83> <FuncUnit> <Opcode : 'icmp'> <InPorts = 2> <OutPorts = 1>
ST_2 : Operation 26 [1/1] (0.22ns)   --->   "%z1_max_V = select i1 %icmp_ln878_14, i32 %wp_superpoints_load_1, i32 22000100" [patchMaker.cpp:44]   --->   Operation 26 'select' 'z1_max_V' <Predicate = true> <Delay = 0.22> <CoreInst = "Sel">   --->   Core 73 'Sel' <Latency = 0> <II = 1> <Delay = 0.34> <FuncUnit> <Opcode : 'select'> <InPorts = 3> <OutPorts = 1>
ST_2 : Operation 27 [1/1] (0.00ns)   --->   "%trunc_ln44 = trunc i32 %z1_max_V" [patchMaker.cpp:44]   --->   Operation 27 'trunc' 'trunc_ln44' <Predicate = true> <Delay = 0.00>
ST_2 : Operation 28 [1/1] (0.85ns)   --->   "%icmp_ln886 = icmp_sgt  i32 %z1_min_V, i32 %z1_max_V"   --->   Operation 28 'icmp' 'icmp_ln886' <Predicate = true> <Delay = 0.85> <CoreInst = "Cmp">   --->   Core 9 'Cmp' <Latency = 0> <II = 1> <Delay = 0.83> <FuncUnit> <Opcode : 'icmp'> <InPorts = 2> <OutPorts = 1>
ST_2 : Operation 29 [1/1] (0.34ns)   --->   "%z1_max_V_1 = select i1 %icmp_ln886, i26 23000100, i26 %trunc_ln44" [patchMaker.cpp:46]   --->   Operation 29 'select' 'z1_max_V_1' <Predicate = true> <Delay = 0.34> <CoreInst = "Sel">   --->   Core 73 'Sel' <Latency = 0> <II = 1> <Delay = 0.34> <FuncUnit> <Opcode : 'select'> <InPorts = 3> <OutPorts = 1>
ST_2 : Operation 30 [1/1] (0.00ns)   --->   "%sext_ln46 = sext i26 %z1_max_V_1" [patchMaker.cpp:46]   --->   Operation 30 'sext' 'sext_ln46' <Predicate = true> <Delay = 0.00>
ST_2 : Operation 31 [1/1] (0.34ns)   --->   "%z1_min_V_1 = select i1 %icmp_ln886, i26 23000100, i26 %trunc_ln43" [patchMaker.cpp:46]   --->   Operation 31 'select' 'z1_min_V_1' <Predicate = true> <Delay = 0.34> <CoreInst = "Sel">   --->   Core 73 'Sel' <Latency = 0> <II = 1> <Delay = 0.34> <FuncUnit> <Opcode : 'select'> <InPorts = 3> <OutPorts = 1>
ST_2 : Operation 32 [1/1] (0.00ns)   --->   "%sext_ln43 = sext i26 %z1_min_V_1" [patchMaker.cpp:43]   --->   Operation 32 'sext' 'sext_ln43' <Predicate = true> <Delay = 0.00>
ST_2 : Operation 33 [1/1] (0.60ns)   --->   "%store_ln57 = store i32 0, i7 %wp_parameters_addr" [patchMaker.cpp:57]   --->   Operation 33 'store' 'store_ln57' <Predicate = true> <Delay = 0.60> <CoreInst = "RAM">   --->   Core 83 'RAM' <Latency = 1> <II = 1> <Delay = 0.60> <Storage> <Opcode : 'load' 'store'> <Ports = 2> <Width = 32> <Depth = 120> <RAM>
ST_2 : Operation 34 [1/1] (0.38ns)   --->   "%br_ln59 = br void" [patchMaker.cpp:59]   --->   Operation 34 'br' 'br_ln59' <Predicate = true> <Delay = 0.38>

State 3 <SV = 2> <Delay = 1.19>
ST_3 : Operation 35 [1/1] (0.00ns)   --->   "%i = phi i3 1, void, i3 %add_ln64, void %.split._crit_edge" [patchMaker.cpp:64]   --->   Operation 35 'phi' 'i' <Predicate = true> <Delay = 0.00>
ST_3 : Operation 36 [1/1] (0.00ns)   --->   "%tmp = bitconcatenate i8 @_ssdm_op_BitConcatenate.i8.i3.i5, i3 %i, i5 0" [patchMaker.cpp:61]   --->   Operation 36 'bitconcatenate' 'tmp' <Predicate = true> <Delay = 0.00>
ST_3 : Operation 37 [1/1] (0.00ns)   --->   "%or_ln61 = or i8 %tmp, i8 1" [patchMaker.cpp:61]   --->   Operation 37 'or' 'or_ln61' <Predicate = true> <Delay = 0.00>
ST_3 : Operation 38 [1/1] (0.00ns)   --->   "%tmp_s = bitconcatenate i64 @_ssdm_op_BitConcatenate.i64.i56.i8, i56 0, i8 %or_ln61" [patchMaker.cpp:61]   --->   Operation 38 'bitconcatenate' 'tmp_s' <Predicate = true> <Delay = 0.00>
ST_3 : Operation 39 [1/1] (0.00ns)   --->   "%wp_superpoints_addr_2 = getelementptr i32 %wp_superpoints, i64 0, i64 %tmp_s" [patchMaker.cpp:61]   --->   Operation 39 'getelementptr' 'wp_superpoints_addr_2' <Predicate = true> <Delay = 0.00>
ST_3 : Operation 40 [1/1] (0.00ns)   --->   "%or_ln62 = or i8 %tmp, i8 31" [patchMaker.cpp:62]   --->   Operation 40 'or' 'or_ln62' <Predicate = true> <Delay = 0.00>
ST_3 : Operation 41 [1/1] (0.00ns)   --->   "%tmp_28 = bitconcatenate i64 @_ssdm_op_BitConcatenate.i64.i56.i8, i56 0, i8 %or_ln62" [patchMaker.cpp:62]   --->   Operation 41 'bitconcatenate' 'tmp_28' <Predicate = true> <Delay = 0.00>
ST_3 : Operation 42 [1/1] (0.00ns)   --->   "%wp_superpoints_addr_3 = getelementptr i32 %wp_superpoints, i64 0, i64 %tmp_28" [patchMaker.cpp:62]   --->   Operation 42 'getelementptr' 'wp_superpoints_addr_3' <Predicate = true> <Delay = 0.00>
ST_3 : Operation 43 [1/1] (0.49ns)   --->   "%icmp_ln59 = icmp_eq  i3 %i, i3 5" [patchMaker.cpp:59]   --->   Operation 43 'icmp' 'icmp_ln59' <Predicate = true> <Delay = 0.49> <CoreInst = "Cmp">   --->   Core 9 'Cmp' <Latency = 0> <II = 1> <Delay = 0.83> <FuncUnit> <Opcode : 'icmp'> <InPorts = 2> <OutPorts = 1>
ST_3 : Operation 44 [1/1] (0.00ns)   --->   "%empty_97 = speclooptripcount i32 @_ssdm_op_SpecLoopTripCount, i64 4, i64 4, i64 4"   --->   Operation 44 'speclooptripcount' 'empty_97' <Predicate = true> <Delay = 0.00>
ST_3 : Operation 45 [1/1] (0.00ns)   --->   "%br_ln59 = br i1 %icmp_ln59, void %.split, void" [patchMaker.cpp:59]   --->   Operation 45 'br' 'br_ln59' <Predicate = true> <Delay = 0.00>
ST_3 : Operation 46 [2/2] (1.19ns)   --->   "%wp_superpoints_load_2 = load i8 %wp_superpoints_addr_2" [patchMaker.cpp:61]   --->   Operation 46 'load' 'wp_superpoints_load_2' <Predicate = (!icmp_ln59)> <Delay = 1.19> <CoreInst = "RAM">   --->   Core 83 'RAM' <Latency = 1> <II = 1> <Delay = 1.19> <Storage> <Opcode : 'load' 'store'> <Ports = 2> <Width = 32> <Depth = 160> <RAM>
ST_3 : Operation 47 [2/2] (1.19ns)   --->   "%wp_superpoints_load_3 = load i8 %wp_superpoints_addr_3" [patchMaker.cpp:62]   --->   Operation 47 'load' 'wp_superpoints_load_3' <Predicate = (!icmp_ln59)> <Delay = 1.19> <CoreInst = "RAM">   --->   Core 83 'RAM' <Latency = 1> <II = 1> <Delay = 1.19> <Storage> <Opcode : 'load' 'store'> <Ports = 2> <Width = 32> <Depth = 160> <RAM>
ST_3 : Operation 48 [1/1] (0.00ns)   --->   "%ret_ln82 = ret" [patchMaker.cpp:82]   --->   Operation 48 'ret' 'ret_ln82' <Predicate = (icmp_ln59)> <Delay = 0.00>

State 4 <SV = 3> <Delay = 1.19>
ST_4 : Operation 49 [1/1] (0.57ns)   --->   "%add_ln64 = add i3 %i, i3 1" [patchMaker.cpp:64]   --->   Operation 49 'add' 'add_ln64' <Predicate = true> <Delay = 0.57> <CoreInst = "Adder">   --->   Core 1 'Adder' <Latency = 0> <II = 1> <Delay = 0.88> <FuncUnit> <Opcode : 'add' 'sub'> <InPorts = 2> <OutPorts = 1>
ST_4 : Operation 50 [1/2] (1.19ns)   --->   "%wp_superpoints_load_2 = load i8 %wp_superpoints_addr_2" [patchMaker.cpp:61]   --->   Operation 50 'load' 'wp_superpoints_load_2' <Predicate = true> <Delay = 1.19> <CoreInst = "RAM">   --->   Core 83 'RAM' <Latency = 1> <II = 1> <Delay = 1.19> <Storage> <Opcode : 'load' 'store'> <Ports = 2> <Width = 32> <Depth = 160> <RAM>
ST_4 : Operation 51 [1/2] (1.19ns)   --->   "%wp_superpoints_load_3 = load i8 %wp_superpoints_addr_3" [patchMaker.cpp:62]   --->   Operation 51 'load' 'wp_superpoints_load_3' <Predicate = true> <Delay = 1.19> <CoreInst = "RAM">   --->   Core 83 'RAM' <Latency = 1> <II = 1> <Delay = 1.19> <Storage> <Opcode : 'load' 'store'> <Ports = 2> <Width = 32> <Depth = 160> <RAM>

State 5 <SV = 4> <Delay = 3.40>
ST_5 : Operation 52 [4/4] (3.40ns)   --->   "%a_V = call i32 @straightLineProjectorFromLayerIJtoK, i32 %sext_ln43, i32 %wp_superpoints_load_3, i3 1, i3 %add_ln64, i3 5, i35 %radiiDivisionList" [patchMaker.cpp:64]   --->   Operation 52 'call' 'a_V' <Predicate = true> <Delay = 3.40> <CoreType = "Generic">   --->   Core 0 '' <Latency = 0> <II = 1> <Delay = 1.00> <Generic> <Opcode : >
ST_5 : Operation 53 [4/4] (3.40ns)   --->   "%b_V = call i32 @straightLineProjectorFromLayerIJtoK, i32 %sext_ln46, i32 %wp_superpoints_load_3, i3 1, i3 %add_ln64, i3 5, i35 %radiiDivisionList" [patchMaker.cpp:65]   --->   Operation 53 'call' 'b_V' <Predicate = true> <Delay = 3.40> <CoreType = "Generic">   --->   Core 0 '' <Latency = 0> <II = 1> <Delay = 1.00> <Generic> <Opcode : >
ST_5 : Operation 54 [4/4] (3.40ns)   --->   "%c_V = call i32 @straightLineProjectorFromLayerIJtoK, i32 %sext_ln43, i32 %wp_superpoints_load_2, i3 1, i3 %add_ln64, i3 5, i35 %radiiDivisionList" [patchMaker.cpp:66]   --->   Operation 54 'call' 'c_V' <Predicate = true> <Delay = 3.40> <CoreType = "Generic">   --->   Core 0 '' <Latency = 0> <II = 1> <Delay = 1.00> <Generic> <Opcode : >
ST_5 : Operation 55 [4/4] (3.40ns)   --->   "%d_V = call i32 @straightLineProjectorFromLayerIJtoK, i32 %sext_ln46, i32 %wp_superpoints_load_2, i3 1, i3 %add_ln64, i3 5, i35 %radiiDivisionList" [patchMaker.cpp:67]   --->   Operation 55 'call' 'd_V' <Predicate = true> <Delay = 3.40> <CoreType = "Generic">   --->   Core 0 '' <Latency = 0> <II = 1> <Delay = 1.00> <Generic> <Opcode : >

State 6 <SV = 5> <Delay = 3.54>
ST_6 : Operation 56 [3/4] (3.54ns)   --->   "%a_V = call i32 @straightLineProjectorFromLayerIJtoK, i32 %sext_ln43, i32 %wp_superpoints_load_3, i3 1, i3 %add_ln64, i3 5, i35 %radiiDivisionList" [patchMaker.cpp:64]   --->   Operation 56 'call' 'a_V' <Predicate = true> <Delay = 3.54> <CoreType = "Generic">   --->   Core 0 '' <Latency = 0> <II = 1> <Delay = 1.00> <Generic> <Opcode : >
ST_6 : Operation 57 [3/4] (3.54ns)   --->   "%b_V = call i32 @straightLineProjectorFromLayerIJtoK, i32 %sext_ln46, i32 %wp_superpoints_load_3, i3 1, i3 %add_ln64, i3 5, i35 %radiiDivisionList" [patchMaker.cpp:65]   --->   Operation 57 'call' 'b_V' <Predicate = true> <Delay = 3.54> <CoreType = "Generic">   --->   Core 0 '' <Latency = 0> <II = 1> <Delay = 1.00> <Generic> <Opcode : >
ST_6 : Operation 58 [3/4] (3.54ns)   --->   "%c_V = call i32 @straightLineProjectorFromLayerIJtoK, i32 %sext_ln43, i32 %wp_superpoints_load_2, i3 1, i3 %add_ln64, i3 5, i35 %radiiDivisionList" [patchMaker.cpp:66]   --->   Operation 58 'call' 'c_V' <Predicate = true> <Delay = 3.54> <CoreType = "Generic">   --->   Core 0 '' <Latency = 0> <II = 1> <Delay = 1.00> <Generic> <Opcode : >
ST_6 : Operation 59 [3/4] (3.54ns)   --->   "%d_V = call i32 @straightLineProjectorFromLayerIJtoK, i32 %sext_ln46, i32 %wp_superpoints_load_2, i3 1, i3 %add_ln64, i3 5, i35 %radiiDivisionList" [patchMaker.cpp:67]   --->   Operation 59 'call' 'd_V' <Predicate = true> <Delay = 3.54> <CoreType = "Generic">   --->   Core 0 '' <Latency = 0> <II = 1> <Delay = 1.00> <Generic> <Opcode : >

State 7 <SV = 6> <Delay = 3.54>
ST_7 : Operation 60 [2/4] (3.54ns)   --->   "%a_V = call i32 @straightLineProjectorFromLayerIJtoK, i32 %sext_ln43, i32 %wp_superpoints_load_3, i3 1, i3 %add_ln64, i3 5, i35 %radiiDivisionList" [patchMaker.cpp:64]   --->   Operation 60 'call' 'a_V' <Predicate = true> <Delay = 3.54> <CoreType = "Generic">   --->   Core 0 '' <Latency = 0> <II = 1> <Delay = 1.00> <Generic> <Opcode : >
ST_7 : Operation 61 [2/4] (3.54ns)   --->   "%b_V = call i32 @straightLineProjectorFromLayerIJtoK, i32 %sext_ln46, i32 %wp_superpoints_load_3, i3 1, i3 %add_ln64, i3 5, i35 %radiiDivisionList" [patchMaker.cpp:65]   --->   Operation 61 'call' 'b_V' <Predicate = true> <Delay = 3.54> <CoreType = "Generic">   --->   Core 0 '' <Latency = 0> <II = 1> <Delay = 1.00> <Generic> <Opcode : >
ST_7 : Operation 62 [2/4] (3.54ns)   --->   "%c_V = call i32 @straightLineProjectorFromLayerIJtoK, i32 %sext_ln43, i32 %wp_superpoints_load_2, i3 1, i3 %add_ln64, i3 5, i35 %radiiDivisionList" [patchMaker.cpp:66]   --->   Operation 62 'call' 'c_V' <Predicate = true> <Delay = 3.54> <CoreType = "Generic">   --->   Core 0 '' <Latency = 0> <II = 1> <Delay = 1.00> <Generic> <Opcode : >
ST_7 : Operation 63 [2/4] (3.54ns)   --->   "%d_V = call i32 @straightLineProjectorFromLayerIJtoK, i32 %sext_ln46, i32 %wp_superpoints_load_2, i3 1, i3 %add_ln64, i3 5, i35 %radiiDivisionList" [patchMaker.cpp:67]   --->   Operation 63 'call' 'd_V' <Predicate = true> <Delay = 3.54> <CoreType = "Generic">   --->   Core 0 '' <Latency = 0> <II = 1> <Delay = 1.00> <Generic> <Opcode : >

State 8 <SV = 7> <Delay = 1.10>
ST_8 : Operation 64 [1/1] (0.00ns)   --->   "%p_load84 = load i32 %empty" [patchMaker.cpp:70]   --->   Operation 64 'load' 'p_load84' <Predicate = true> <Delay = 0.00>
ST_8 : Operation 65 [1/1] (0.00ns)   --->   "%specloopname_ln59 = specloopname void @_ssdm_op_SpecLoopName, void @empty_12" [patchMaker.cpp:59]   --->   Operation 65 'specloopname' 'specloopname_ln59' <Predicate = true> <Delay = 0.00>
ST_8 : Operation 66 [1/4] (1.10ns)   --->   "%a_V = call i32 @straightLineProjectorFromLayerIJtoK, i32 %sext_ln43, i32 %wp_superpoints_load_3, i3 1, i3 %add_ln64, i3 5, i35 %radiiDivisionList" [patchMaker.cpp:64]   --->   Operation 66 'call' 'a_V' <Predicate = true> <Delay = 1.10> <CoreType = "Generic">   --->   Core 0 '' <Latency = 0> <II = 1> <Delay = 1.00> <Generic> <Opcode : >
ST_8 : Operation 67 [1/4] (1.10ns)   --->   "%b_V = call i32 @straightLineProjectorFromLayerIJtoK, i32 %sext_ln46, i32 %wp_superpoints_load_3, i3 1, i3 %add_ln64, i3 5, i35 %radiiDivisionList" [patchMaker.cpp:65]   --->   Operation 67 'call' 'b_V' <Predicate = true> <Delay = 1.10> <CoreType = "Generic">   --->   Core 0 '' <Latency = 0> <II = 1> <Delay = 1.00> <Generic> <Opcode : >
ST_8 : Operation 68 [1/4] (1.10ns)   --->   "%c_V = call i32 @straightLineProjectorFromLayerIJtoK, i32 %sext_ln43, i32 %wp_superpoints_load_2, i3 1, i3 %add_ln64, i3 5, i35 %radiiDivisionList" [patchMaker.cpp:66]   --->   Operation 68 'call' 'c_V' <Predicate = true> <Delay = 1.10> <CoreType = "Generic">   --->   Core 0 '' <Latency = 0> <II = 1> <Delay = 1.00> <Generic> <Opcode : >
ST_8 : Operation 69 [1/4] (1.10ns)   --->   "%d_V = call i32 @straightLineProjectorFromLayerIJtoK, i32 %sext_ln46, i32 %wp_superpoints_load_2, i3 1, i3 %add_ln64, i3 5, i35 %radiiDivisionList" [patchMaker.cpp:67]   --->   Operation 69 'call' 'd_V' <Predicate = true> <Delay = 1.10> <CoreType = "Generic">   --->   Core 0 '' <Latency = 0> <II = 1> <Delay = 1.00> <Generic> <Opcode : >
ST_8 : Operation 70 [1/1] (0.00ns)   --->   "%tmp_41 = partselect i30 @_ssdm_op_PartSelect.i30.i32.i32.i32, i32 %p_load84, i32 2, i32 31" [patchMaker.cpp:70]   --->   Operation 70 'partselect' 'tmp_41' <Predicate = true> <Delay = 0.00>
ST_8 : Operation 71 [1/1] (0.83ns)   --->   "%icmp_ln70 = icmp_slt  i30 %tmp_41, i30 1" [patchMaker.cpp:70]   --->   Operation 71 'icmp' 'icmp_ln70' <Predicate = true> <Delay = 0.83> <CoreInst = "Cmp">   --->   Core 9 'Cmp' <Latency = 0> <II = 1> <Delay = 0.83> <FuncUnit> <Opcode : 'icmp'> <InPorts = 2> <OutPorts = 1>
ST_8 : Operation 72 [1/1] (0.00ns)   --->   "%br_ln70 = br i1 %icmp_ln70, void %.split._crit_edge, void" [patchMaker.cpp:70]   --->   Operation 72 'br' 'br_ln70' <Predicate = true> <Delay = 0.00>
ST_8 : Operation 73 [1/1] (0.00ns)   --->   "%trunc_ln72 = trunc i32 %p_load84" [patchMaker.cpp:72]   --->   Operation 73 'trunc' 'trunc_ln72' <Predicate = (icmp_ln70)> <Delay = 0.00>
ST_8 : Operation 74 [1/1] (0.00ns)   --->   "%tmp_72_cast = bitconcatenate i7 @_ssdm_op_BitConcatenate.i7.i4.i3, i4 %trunc_ln72, i3 0" [patchMaker.cpp:72]   --->   Operation 74 'bitconcatenate' 'tmp_72_cast' <Predicate = (icmp_ln70)> <Delay = 0.00>
ST_8 : Operation 75 [1/1] (0.00ns)   --->   "%trunc_ln72_1 = trunc i32 %p_load84" [patchMaker.cpp:72]   --->   Operation 75 'trunc' 'trunc_ln72_1' <Predicate = (icmp_ln70)> <Delay = 0.00>
ST_8 : Operation 76 [1/1] (0.00ns)   --->   "%tmp_73_cast = bitconcatenate i7 @_ssdm_op_BitConcatenate.i7.i6.i1, i6 %trunc_ln72_1, i1 0" [patchMaker.cpp:72]   --->   Operation 76 'bitconcatenate' 'tmp_73_cast' <Predicate = (icmp_ln70)> <Delay = 0.00>
ST_8 : Operation 77 [1/1] (0.70ns)   --->   "%sub_ln72 = sub i7 %tmp_72_cast, i7 %tmp_73_cast" [patchMaker.cpp:72]   --->   Operation 77 'sub' 'sub_ln72' <Predicate = (icmp_ln70)> <Delay = 0.70> <CoreInst = "Adder">   --->   Core 1 'Adder' <Latency = 0> <II = 1> <Delay = 0.88> <FuncUnit> <Opcode : 'add' 'sub'> <InPorts = 2> <OutPorts = 1>
ST_8 : Operation 78 [2/2] (0.60ns)   --->   "%wp_parameters_load = load i7 %wp_parameters_addr"   --->   Operation 78 'load' 'wp_parameters_load' <Predicate = (icmp_ln70)> <Delay = 0.60> <CoreInst = "RAM">   --->   Core 83 'RAM' <Latency = 1> <II = 1> <Delay = 0.60> <Storage> <Opcode : 'load' 'store'> <Ports = 2> <Width = 32> <Depth = 120> <RAM>
ST_8 : Operation 79 [2/2] (0.60ns)   --->   "%wp_parameters_load_14 = load i7 %wp_parameters_addr"   --->   Operation 79 'load' 'wp_parameters_load_14' <Predicate = (icmp_ln70)> <Delay = 0.60> <CoreInst = "RAM">   --->   Core 83 'RAM' <Latency = 1> <II = 1> <Delay = 0.60> <Storage> <Opcode : 'load' 'store'> <Ports = 2> <Width = 32> <Depth = 120> <RAM>

State 9 <SV = 8> <Delay = 1.30>
ST_9 : Operation 80 [1/1] (0.00ns)   --->   "%zext_ln72 = zext i7 %sub_ln72" [patchMaker.cpp:72]   --->   Operation 80 'zext' 'zext_ln72' <Predicate = true> <Delay = 0.00>
ST_9 : Operation 81 [1/1] (0.00ns)   --->   "%wp_parameters_addr_31 = getelementptr i32 %wp_parameters, i64 0, i64 %zext_ln72" [patchMaker.cpp:72]   --->   Operation 81 'getelementptr' 'wp_parameters_addr_31' <Predicate = true> <Delay = 0.00>
ST_9 : Operation 82 [1/1] (0.60ns)   --->   "%store_ln72 = store i32 %a_V, i7 %wp_parameters_addr_31" [patchMaker.cpp:72]   --->   Operation 82 'store' 'store_ln72' <Predicate = true> <Delay = 0.60> <CoreInst = "RAM">   --->   Core 83 'RAM' <Latency = 1> <II = 1> <Delay = 0.60> <Storage> <Opcode : 'load' 'store'> <Ports = 2> <Width = 32> <Depth = 120> <RAM>
ST_9 : Operation 83 [1/2] (0.60ns)   --->   "%wp_parameters_load = load i7 %wp_parameters_addr"   --->   Operation 83 'load' 'wp_parameters_load' <Predicate = true> <Delay = 0.60> <CoreInst = "RAM">   --->   Core 83 'RAM' <Latency = 1> <II = 1> <Delay = 0.60> <Storage> <Opcode : 'load' 'store'> <Ports = 2> <Width = 32> <Depth = 120> <RAM>
ST_9 : Operation 84 [1/1] (0.00ns)   --->   "%trunc_ln73 = trunc i32 %wp_parameters_load" [patchMaker.cpp:73]   --->   Operation 84 'trunc' 'trunc_ln73' <Predicate = true> <Delay = 0.00>
ST_9 : Operation 85 [1/1] (0.00ns)   --->   "%tmp_74_cast = bitconcatenate i7 @_ssdm_op_BitConcatenate.i7.i4.i3, i4 %trunc_ln73, i3 0" [patchMaker.cpp:73]   --->   Operation 85 'bitconcatenate' 'tmp_74_cast' <Predicate = true> <Delay = 0.00>
ST_9 : Operation 86 [1/1] (0.00ns)   --->   "%trunc_ln73_1 = trunc i32 %wp_parameters_load" [patchMaker.cpp:73]   --->   Operation 86 'trunc' 'trunc_ln73_1' <Predicate = true> <Delay = 0.00>
ST_9 : Operation 87 [1/1] (0.00ns)   --->   "%tmp_75_cast = bitconcatenate i7 @_ssdm_op_BitConcatenate.i7.i6.i1, i6 %trunc_ln73_1, i1 0" [patchMaker.cpp:73]   --->   Operation 87 'bitconcatenate' 'tmp_75_cast' <Predicate = true> <Delay = 0.00>
ST_9 : Operation 88 [1/1] (0.70ns)   --->   "%sub_ln73 = sub i7 %tmp_74_cast, i7 %tmp_75_cast" [patchMaker.cpp:73]   --->   Operation 88 'sub' 'sub_ln73' <Predicate = true> <Delay = 0.70> <CoreInst = "Adder">   --->   Core 1 'Adder' <Latency = 0> <II = 1> <Delay = 0.88> <FuncUnit> <Opcode : 'add' 'sub'> <InPorts = 2> <OutPorts = 1>
ST_9 : Operation 89 [1/2] (0.60ns)   --->   "%wp_parameters_load_14 = load i7 %wp_parameters_addr"   --->   Operation 89 'load' 'wp_parameters_load_14' <Predicate = true> <Delay = 0.60> <CoreInst = "RAM">   --->   Core 83 'RAM' <Latency = 1> <II = 1> <Delay = 0.60> <Storage> <Opcode : 'load' 'store'> <Ports = 2> <Width = 32> <Depth = 120> <RAM>
ST_9 : Operation 90 [1/1] (0.00ns)   --->   "%trunc_ln75 = trunc i32 %wp_parameters_load_14" [patchMaker.cpp:75]   --->   Operation 90 'trunc' 'trunc_ln75' <Predicate = true> <Delay = 0.00>
ST_9 : Operation 91 [1/1] (0.00ns)   --->   "%tmp_76_cast = bitconcatenate i7 @_ssdm_op_BitConcatenate.i7.i4.i3, i4 %trunc_ln75, i3 0" [patchMaker.cpp:75]   --->   Operation 91 'bitconcatenate' 'tmp_76_cast' <Predicate = true> <Delay = 0.00>
ST_9 : Operation 92 [1/1] (0.00ns)   --->   "%trunc_ln75_1 = trunc i32 %wp_parameters_load_14" [patchMaker.cpp:75]   --->   Operation 92 'trunc' 'trunc_ln75_1' <Predicate = true> <Delay = 0.00>
ST_9 : Operation 93 [1/1] (0.00ns)   --->   "%tmp_77_cast = bitconcatenate i7 @_ssdm_op_BitConcatenate.i7.i6.i1, i6 %trunc_ln75_1, i1 0" [patchMaker.cpp:75]   --->   Operation 93 'bitconcatenate' 'tmp_77_cast' <Predicate = true> <Delay = 0.00>
ST_9 : Operation 94 [1/1] (0.70ns)   --->   "%sub_ln75 = sub i7 %tmp_76_cast, i7 %tmp_77_cast" [patchMaker.cpp:75]   --->   Operation 94 'sub' 'sub_ln75' <Predicate = true> <Delay = 0.70> <CoreInst = "Adder">   --->   Core 1 'Adder' <Latency = 0> <II = 1> <Delay = 0.88> <FuncUnit> <Opcode : 'add' 'sub'> <InPorts = 2> <OutPorts = 1>
ST_9 : Operation 95 [2/2] (0.60ns)   --->   "%wp_parameters_load_15 = load i7 %wp_parameters_addr"   --->   Operation 95 'load' 'wp_parameters_load_15' <Predicate = true> <Delay = 0.60> <CoreInst = "RAM">   --->   Core 83 'RAM' <Latency = 1> <II = 1> <Delay = 0.60> <Storage> <Opcode : 'load' 'store'> <Ports = 2> <Width = 32> <Depth = 120> <RAM>

State 10 <SV = 9> <Delay = 1.32>
ST_10 : Operation 96 [1/1] (0.00ns)   --->   "%or_ln73 = or i7 %sub_ln73, i7 1" [patchMaker.cpp:73]   --->   Operation 96 'or' 'or_ln73' <Predicate = true> <Delay = 0.00>
ST_10 : Operation 97 [1/1] (0.00ns)   --->   "%zext_ln73 = zext i7 %or_ln73" [patchMaker.cpp:73]   --->   Operation 97 'zext' 'zext_ln73' <Predicate = true> <Delay = 0.00>
ST_10 : Operation 98 [1/1] (0.00ns)   --->   "%wp_parameters_addr_32 = getelementptr i32 %wp_parameters, i64 0, i64 %zext_ln73" [patchMaker.cpp:73]   --->   Operation 98 'getelementptr' 'wp_parameters_addr_32' <Predicate = true> <Delay = 0.00>
ST_10 : Operation 99 [1/1] (0.70ns)   --->   "%add_ln74 = add i7 %sub_ln73, i7 2" [patchMaker.cpp:74]   --->   Operation 99 'add' 'add_ln74' <Predicate = true> <Delay = 0.70> <CoreInst = "Adder">   --->   Core 1 'Adder' <Latency = 0> <II = 1> <Delay = 0.88> <FuncUnit> <Opcode : 'add' 'sub'> <InPorts = 2> <OutPorts = 1>
ST_10 : Operation 100 [1/1] (0.00ns)   --->   "%zext_ln74 = zext i7 %add_ln74" [patchMaker.cpp:74]   --->   Operation 100 'zext' 'zext_ln74' <Predicate = true> <Delay = 0.00>
ST_10 : Operation 101 [1/1] (0.00ns)   --->   "%wp_parameters_addr_33 = getelementptr i32 %wp_parameters, i64 0, i64 %zext_ln74" [patchMaker.cpp:74]   --->   Operation 101 'getelementptr' 'wp_parameters_addr_33' <Predicate = true> <Delay = 0.00>
ST_10 : Operation 102 [1/1] (0.60ns)   --->   "%store_ln73 = store i32 %b_V, i7 %wp_parameters_addr_32" [patchMaker.cpp:73]   --->   Operation 102 'store' 'store_ln73' <Predicate = true> <Delay = 0.60> <CoreInst = "RAM">   --->   Core 83 'RAM' <Latency = 1> <II = 1> <Delay = 0.60> <Storage> <Opcode : 'load' 'store'> <Ports = 2> <Width = 32> <Depth = 120> <RAM>
ST_10 : Operation 103 [1/1] (0.60ns)   --->   "%store_ln74 = store i32 %c_V, i7 %wp_parameters_addr_33" [patchMaker.cpp:74]   --->   Operation 103 'store' 'store_ln74' <Predicate = true> <Delay = 0.60> <CoreInst = "RAM">   --->   Core 83 'RAM' <Latency = 1> <II = 1> <Delay = 0.60> <Storage> <Opcode : 'load' 'store'> <Ports = 2> <Width = 32> <Depth = 120> <RAM>
ST_10 : Operation 104 [1/2] (0.60ns)   --->   "%wp_parameters_load_15 = load i7 %wp_parameters_addr"   --->   Operation 104 'load' 'wp_parameters_load_15' <Predicate = true> <Delay = 0.60> <CoreInst = "RAM">   --->   Core 83 'RAM' <Latency = 1> <II = 1> <Delay = 0.60> <Storage> <Opcode : 'load' 'store'> <Ports = 2> <Width = 32> <Depth = 120> <RAM>
ST_10 : Operation 105 [1/1] (0.00ns)   --->   "%trunc_ln77 = trunc i32 %wp_parameters_load_15" [patchMaker.cpp:77]   --->   Operation 105 'trunc' 'trunc_ln77' <Predicate = true> <Delay = 0.00>
ST_10 : Operation 106 [1/1] (0.00ns)   --->   "%tmp_78_cast = bitconcatenate i7 @_ssdm_op_BitConcatenate.i7.i4.i3, i4 %trunc_ln77, i3 0" [patchMaker.cpp:77]   --->   Operation 106 'bitconcatenate' 'tmp_78_cast' <Predicate = true> <Delay = 0.00>
ST_10 : Operation 107 [1/1] (0.00ns)   --->   "%trunc_ln77_1 = trunc i32 %wp_parameters_load_15" [patchMaker.cpp:77]   --->   Operation 107 'trunc' 'trunc_ln77_1' <Predicate = true> <Delay = 0.00>
ST_10 : Operation 108 [1/1] (0.00ns)   --->   "%tmp_79_cast = bitconcatenate i7 @_ssdm_op_BitConcatenate.i7.i6.i1, i6 %trunc_ln77_1, i1 0" [patchMaker.cpp:77]   --->   Operation 108 'bitconcatenate' 'tmp_79_cast' <Predicate = true> <Delay = 0.00>
ST_10 : Operation 109 [1/1] (0.00ns) (grouped into TernaryAdder)   --->   "%sub_ln77 = sub i7 %tmp_78_cast, i7 %tmp_79_cast" [patchMaker.cpp:77]   --->   Operation 109 'sub' 'sub_ln77' <Predicate = true> <Delay = 0.00> <CoreInst = "TAddSub">   --->   Core 10 'TAddSub' <Latency = 0> <II = 1> <Delay = 0.36> <IPBlock> <Opcode : 'add' 'sub'> <InPorts = 3> <OutPorts = 1> <Sync>
ST_10 : Operation 110 [1/1] (0.72ns) (root node of TernaryAdder)   --->   "%add_ln77 = add i7 %sub_ln77, i7 5" [patchMaker.cpp:77]   --->   Operation 110 'add' 'add_ln77' <Predicate = true> <Delay = 0.72> <CoreInst = "TAddSub">   --->   Core 10 'TAddSub' <Latency = 0> <II = 1> <Delay = 0.36> <IPBlock> <Opcode : 'add' 'sub'> <InPorts = 3> <OutPorts = 1> <Sync>

State 11 <SV = 10> <Delay = 1.30>
ST_11 : Operation 111 [1/1] (0.70ns)   --->   "%add_ln75 = add i7 %sub_ln75, i7 3" [patchMaker.cpp:75]   --->   Operation 111 'add' 'add_ln75' <Predicate = true> <Delay = 0.70> <CoreInst = "Adder">   --->   Core 1 'Adder' <Latency = 0> <II = 1> <Delay = 0.88> <FuncUnit> <Opcode : 'add' 'sub'> <InPorts = 2> <OutPorts = 1>
ST_11 : Operation 112 [1/1] (0.00ns)   --->   "%zext_ln75 = zext i7 %add_ln75" [patchMaker.cpp:75]   --->   Operation 112 'zext' 'zext_ln75' <Predicate = true> <Delay = 0.00>
ST_11 : Operation 113 [1/1] (0.00ns)   --->   "%wp_parameters_addr_34 = getelementptr i32 %wp_parameters, i64 0, i64 %zext_ln75" [patchMaker.cpp:75]   --->   Operation 113 'getelementptr' 'wp_parameters_addr_34' <Predicate = true> <Delay = 0.00>
ST_11 : Operation 114 [1/1] (0.70ns)   --->   "%add_ln76 = add i7 %sub_ln75, i7 4" [patchMaker.cpp:76]   --->   Operation 114 'add' 'add_ln76' <Predicate = true> <Delay = 0.70> <CoreInst = "Adder">   --->   Core 1 'Adder' <Latency = 0> <II = 1> <Delay = 0.88> <FuncUnit> <Opcode : 'add' 'sub'> <InPorts = 2> <OutPorts = 1>
ST_11 : Operation 115 [1/1] (0.00ns)   --->   "%zext_ln76 = zext i7 %add_ln76" [patchMaker.cpp:76]   --->   Operation 115 'zext' 'zext_ln76' <Predicate = true> <Delay = 0.00>
ST_11 : Operation 116 [1/1] (0.00ns)   --->   "%wp_parameters_addr_35 = getelementptr i32 %wp_parameters, i64 0, i64 %zext_ln76" [patchMaker.cpp:76]   --->   Operation 116 'getelementptr' 'wp_parameters_addr_35' <Predicate = true> <Delay = 0.00>
ST_11 : Operation 117 [1/1] (0.60ns)   --->   "%store_ln75 = store i32 %d_V, i7 %wp_parameters_addr_34" [patchMaker.cpp:75]   --->   Operation 117 'store' 'store_ln75' <Predicate = true> <Delay = 0.60> <CoreInst = "RAM">   --->   Core 83 'RAM' <Latency = 1> <II = 1> <Delay = 0.60> <Storage> <Opcode : 'load' 'store'> <Ports = 2> <Width = 32> <Depth = 120> <RAM>
ST_11 : Operation 118 [1/1] (0.60ns)   --->   "%store_ln76 = store i32 %sext_ln43, i7 %wp_parameters_addr_35" [patchMaker.cpp:76]   --->   Operation 118 'store' 'store_ln76' <Predicate = true> <Delay = 0.60> <CoreInst = "RAM">   --->   Core 83 'RAM' <Latency = 1> <II = 1> <Delay = 0.60> <Storage> <Opcode : 'load' 'store'> <Ports = 2> <Width = 32> <Depth = 120> <RAM>

State 12 <SV = 11> <Delay = 1.48>
ST_12 : Operation 119 [1/1] (0.00ns)   --->   "%zext_ln77 = zext i7 %add_ln77" [patchMaker.cpp:77]   --->   Operation 119 'zext' 'zext_ln77' <Predicate = (icmp_ln70)> <Delay = 0.00>
ST_12 : Operation 120 [1/1] (0.00ns)   --->   "%wp_parameters_addr_36 = getelementptr i32 %wp_parameters, i64 0, i64 %zext_ln77" [patchMaker.cpp:77]   --->   Operation 120 'getelementptr' 'wp_parameters_addr_36' <Predicate = (icmp_ln70)> <Delay = 0.00>
ST_12 : Operation 121 [1/1] (0.60ns)   --->   "%store_ln77 = store i32 %sext_ln46, i7 %wp_parameters_addr_36" [patchMaker.cpp:77]   --->   Operation 121 'store' 'store_ln77' <Predicate = (icmp_ln70)> <Delay = 0.60> <CoreInst = "RAM">   --->   Core 83 'RAM' <Latency = 1> <II = 1> <Delay = 0.60> <Storage> <Opcode : 'load' 'store'> <Ports = 2> <Width = 32> <Depth = 120> <RAM>
ST_12 : Operation 122 [1/1] (0.88ns)   --->   "%add_ln691 = add i32 %wp_parameters_load_15, i32 1"   --->   Operation 122 'add' 'add_ln691' <Predicate = (icmp_ln70)> <Delay = 0.88> <CoreInst = "Adder">   --->   Core 1 'Adder' <Latency = 0> <II = 1> <Delay = 0.88> <FuncUnit> <Opcode : 'add' 'sub'> <InPorts = 2> <OutPorts = 1>
ST_12 : Operation 123 [1/1] (0.60ns)   --->   "%store_ln691 = store i32 %add_ln691, i7 %wp_parameters_addr"   --->   Operation 123 'store' 'store_ln691' <Predicate = (icmp_ln70)> <Delay = 0.60> <CoreInst = "RAM">   --->   Core 83 'RAM' <Latency = 1> <II = 1> <Delay = 0.60> <Storage> <Opcode : 'load' 'store'> <Ports = 2> <Width = 32> <Depth = 120> <RAM>
ST_12 : Operation 124 [1/1] (0.38ns)   --->   "%store_ln80 = store i32 %add_ln691, i32 %empty" [patchMaker.cpp:80]   --->   Operation 124 'store' 'store_ln80' <Predicate = (icmp_ln70)> <Delay = 0.38>
ST_12 : Operation 125 [1/1] (0.00ns)   --->   "%br_ln80 = br void %.split._crit_edge" [patchMaker.cpp:80]   --->   Operation 125 'br' 'br_ln80' <Predicate = (icmp_ln70)> <Delay = 0.00>
ST_12 : Operation 126 [1/1] (0.00ns)   --->   "%br_ln0 = br void"   --->   Operation 126 'br' 'br_ln0' <Predicate = true> <Delay = 0.00>


============================================================
+ Verbose Summary: Timing violations
============================================================
Target clock period: 5ns, clock uncertainty: 1.35ns.

 <State 1>: 1.2ns
The critical path consists of the following:
	'getelementptr' operation ('wp_superpoints_addr') [6]  (0 ns)
	'load' operation ('wp_superpoints_load') on array 'wp_superpoints' [9]  (1.2 ns)

 <State 2>: 3.48ns
The critical path consists of the following:
	'load' operation ('wp_superpoints_load') on array 'wp_superpoints' [9]  (1.2 ns)
	'icmp' operation ('icmp_ln878') [10]  (0.859 ns)
	'select' operation ('z1_min.V', patchMaker.cpp:43) [11]  (0.227 ns)
	'icmp' operation ('icmp_ln886') [17]  (0.859 ns)
	'select' operation ('z1_max.V', patchMaker.cpp:46) [18]  (0.343 ns)

 <State 3>: 1.2ns
The critical path consists of the following:
	'phi' operation ('i', patchMaker.cpp:64) with incoming values : ('add_ln64', patchMaker.cpp:64) [26]  (0 ns)
	'or' operation ('or_ln61', patchMaker.cpp:61) [28]  (0 ns)
	'getelementptr' operation ('wp_superpoints_addr_2', patchMaker.cpp:61) [30]  (0 ns)
	'load' operation ('wp_superpoints_load_2', patchMaker.cpp:61) on array 'wp_superpoints' [41]  (1.2 ns)

 <State 4>: 1.2ns
The critical path consists of the following:
	'load' operation ('wp_superpoints_load_2', patchMaker.cpp:61) on array 'wp_superpoints' [41]  (1.2 ns)

 <State 5>: 3.41ns
The critical path consists of the following:
	'call' operation ('a.V', patchMaker.cpp:64) to 'straightLineProjectorFromLayerIJtoK' [43]  (3.41 ns)

 <State 6>: 3.55ns
The critical path consists of the following:
	'call' operation ('a.V', patchMaker.cpp:64) to 'straightLineProjectorFromLayerIJtoK' [43]  (3.55 ns)

 <State 7>: 3.55ns
The critical path consists of the following:
	'call' operation ('a.V', patchMaker.cpp:64) to 'straightLineProjectorFromLayerIJtoK' [43]  (3.55 ns)

 <State 8>: 1.11ns
The critical path consists of the following:
	'call' operation ('a.V', patchMaker.cpp:64) to 'straightLineProjectorFromLayerIJtoK' [43]  (1.11 ns)

 <State 9>: 1.31ns
The critical path consists of the following:
	'load' operation ('wp_parameters_load') on array 'wp_parameters' [59]  (0.6 ns)
	'sub' operation ('sub_ln73', patchMaker.cpp:73) [64]  (0.706 ns)

 <State 10>: 1.32ns
The critical path consists of the following:
	'load' operation ('wp_parameters_load_15') on array 'wp_parameters' [87]  (0.6 ns)
	'sub' operation ('sub_ln77', patchMaker.cpp:77) [92]  (0 ns)
	'add' operation ('add_ln77', patchMaker.cpp:77) [93]  (0.723 ns)

 <State 11>: 1.31ns
The critical path consists of the following:
	'add' operation ('add_ln75', patchMaker.cpp:75) [79]  (0.706 ns)
	'getelementptr' operation ('wp_parameters_addr_34', patchMaker.cpp:75) [81]  (0 ns)
	'store' operation ('store_ln75', patchMaker.cpp:75) of variable 'd.V', patchMaker.cpp:67 on array 'wp_parameters' [85]  (0.6 ns)

 <State 12>: 1.48ns
The critical path consists of the following:
	'add' operation ('add_ln691') [97]  (0.88 ns)
	'store' operation ('store_ln691') of variable 'add_ln691' on array 'wp_parameters' [98]  (0.6 ns)


============================================================
+ Verbose Summary: Binding
============================================================
N/A
* FSMD analyzer results:
  - Output states:
 - Input state : 
  - Chain level:
	State 1
	State 2
	State 3
	State 4
	State 5
	State 6
	State 7
	State 8
	State 9
	State 10
	State 11
	State 12


============================================================
+ Verbose Summary: Datapath Resource usage 
============================================================
N/A
