

================================================================
== Vitis HLS Report for 'getParallelograms'
================================================================
* Date:           Sun Jul 28 18:54:24 2024

* Version:        2020.2 (Build 3064766 on Wed Nov 18 09:12:45 MST 2020)
* Project:        PatchMaker_tanishGit
* Solution:       solutionSC3 (Vivado IP Flow Target)
* Product family: virtexuplus
* Target device:  xcvu19p-fsvb3824-2-e


================================================================
== Performance Estimates
================================================================
+ Timing: 
    * Summary: 
    +--------+---------+----------+------------+
    |  Clock |  Target | Estimated| Uncertainty|
    +--------+---------+----------+------------+
    |ap_clk  |  3.00 ns|  2.190 ns|     0.81 ns|
    +--------+---------+----------+------------+

+ Latency: 
    * Summary: 
    +---------+---------+----------+----------+-----+-----+---------+
    |  Latency (cycles) |  Latency (absolute) |  Interval | Pipeline|
    |   min   |   max   |    min   |    max   | min | max |   Type  |
    +---------+---------+----------+----------+-----+-----+---------+
    |       43|       55|  0.129 us|  0.165 us|   43|   55|     none|
    +---------+---------+----------+----------+-----+-----+---------+

    + Detail: 
        * Instance: 
        +------------------------------------------------+-------------------------------------+---------+---------+-----------+-----------+-----+-----+---------+
        |                                                |                                     |  Latency (cycles) |   Latency (absolute)  |  Interval | Pipeline|
        |                    Instance                    |                Module               |   min   |   max   |    min    |    max    | min | max |   Type  |
        +------------------------------------------------+-------------------------------------+---------+---------+-----------+-----------+-----+-----+---------+
        |grp_straightLineProjectorFromLayerIJtoK_fu_202  |straightLineProjectorFromLayerIJtoK  |        6|        6|  18.000 ns|  18.000 ns|    1|    1|      yes|
        |grp_straightLineProjectorFromLayerIJtoK_fu_215  |straightLineProjectorFromLayerIJtoK  |        6|        6|  18.000 ns|  18.000 ns|    1|    1|      yes|
        |grp_straightLineProjectorFromLayerIJtoK_fu_228  |straightLineProjectorFromLayerIJtoK  |        6|        6|  18.000 ns|  18.000 ns|    1|    1|      yes|
        |grp_straightLineProjectorFromLayerIJtoK_fu_241  |straightLineProjectorFromLayerIJtoK  |        6|        6|  18.000 ns|  18.000 ns|    1|    1|      yes|
        +------------------------------------------------+-------------------------------------+---------+---------+-----------+-----------+-----+-----+---------+

        * Loop: 
        +-----------------------------------------+---------+---------+----------+-----------+-----------+------+----------+
        |                                         |  Latency (cycles) | Iteration|  Initiation Interval  | Trip |          |
        |                Loop Name                |   min   |   max   |  Latency |  achieved |   target  | Count| Pipelined|
        +-----------------------------------------+---------+---------+----------+-----------+-----------+------+----------+
        |- getParallelograms_settingWPparameters  |       40|       52|   10 ~ 13|          -|          -|     4|        no|
        +-----------------------------------------+---------+---------+----------+-----------+-----------+------+----------+



================================================================
== Utilization Estimates
================================================================
* Summary: 
+---------------------+---------+------+---------+---------+-----+
|         Name        | BRAM_18K|  DSP |    FF   |   LUT   | URAM|
+---------------------+---------+------+---------+---------+-----+
|DSP                  |        -|     -|        -|        -|    -|
|Expression           |        -|     -|        0|      391|    -|
|FIFO                 |        -|     -|        -|        -|    -|
|Instance             |        0|     0|     2408|     1828|    -|
|Memory               |        -|     -|        -|        -|    -|
|Multiplexer          |        -|     -|        -|      236|    -|
|Register             |        -|     -|      373|        -|    -|
+---------------------+---------+------+---------+---------+-----+
|Total                |        0|     0|     2781|     2455|    0|
+---------------------+---------+------+---------+---------+-----+
|Available SLR        |     1080|   960|  2042880|  1021440|   80|
+---------------------+---------+------+---------+---------+-----+
|Utilization SLR (%)  |        0|     0|       ~0|       ~0|    0|
+---------------------+---------+------+---------+---------+-----+
|Available            |     4320|  3840|  8171520|  4085760|  320|
+---------------------+---------+------+---------+---------+-----+
|Utilization (%)      |        0|     0|       ~0|       ~0|    0|
+---------------------+---------+------+---------+---------+-----+

+ Detail: 
    * Instance: 
    +------------------------------------------------+-------------------------------------+---------+----+-----+-----+-----+
    |                    Instance                    |                Module               | BRAM_18K| DSP|  FF | LUT | URAM|
    +------------------------------------------------+-------------------------------------+---------+----+-----+-----+-----+
    |grp_straightLineProjectorFromLayerIJtoK_fu_202  |straightLineProjectorFromLayerIJtoK  |        0|   0|  602|  457|    0|
    |grp_straightLineProjectorFromLayerIJtoK_fu_215  |straightLineProjectorFromLayerIJtoK  |        0|   0|  602|  457|    0|
    |grp_straightLineProjectorFromLayerIJtoK_fu_228  |straightLineProjectorFromLayerIJtoK  |        0|   0|  602|  457|    0|
    |grp_straightLineProjectorFromLayerIJtoK_fu_241  |straightLineProjectorFromLayerIJtoK  |        0|   0|  602|  457|    0|
    +------------------------------------------------+-------------------------------------+---------+----+-----+-----+-----+
    |Total                                           |                                     |        0|   0| 2408| 1828|    0|
    +------------------------------------------------+-------------------------------------+---------+----+-----+-----+-----+

    * DSP: 
    N/A

    * Memory: 
    N/A

    * FIFO: 
    N/A

    * Expression: 
    +-------------------------+----------+----+---+----+------------+------------+
    |      Variable Name      | Operation| DSP| FF| LUT| Bitwidth P0| Bitwidth P1|
    +-------------------------+----------+----+---+----+------------+------------+
    |add_ln64_fu_379_p2       |         +|   0|  0|  10|           3|           1|
    |add_ln691_fu_578_p2      |         +|   0|  0|  39|          32|           1|
    |add_ln74_fu_508_p2       |         +|   0|  0|  14|           7|           2|
    |add_ln75_fu_554_p2       |         +|   0|  0|  14|           7|           2|
    |add_ln76_fu_564_p2       |         +|   0|  0|  14|           7|           3|
    |add_ln77_fu_548_p2       |         +|   0|  0|  16|           7|           3|
    |sub_ln72_fu_428_p2       |         -|   0|  0|  14|           7|           7|
    |sub_ln73_fu_462_p2       |         -|   0|  0|  14|           7|           7|
    |sub_ln75_fu_492_p2       |         -|   0|  0|  14|           7|           7|
    |sub_ln77_fu_542_p2       |         -|   0|  0|  16|           7|           7|
    |icmp_ln59_fu_373_p2      |      icmp|   0|  0|   8|           3|           3|
    |icmp_ln70_fu_398_p2      |      icmp|   0|  0|  19|          30|           1|
    |icmp_ln878_14_fu_277_p2  |      icmp|   0|  0|  20|          32|          25|
    |icmp_ln878_fu_271_p2     |      icmp|   0|  0|  20|          32|          26|
    |icmp_ln886_fu_305_p2     |      icmp|   0|  0|  20|          32|          32|
    |or_ln61_fu_343_p2        |        or|   0|  0|   8|           8|           1|
    |or_ln62_fu_358_p2        |        or|   0|  0|   8|           8|           5|
    |or_ln73_fu_498_p2        |        or|   0|  0|   7|           7|           1|
    |z1_max_V_1_fu_311_p3     |    select|   0|  0|  26|           1|          25|
    |z1_max_V_fu_294_p3       |    select|   0|  0|  32|           1|          32|
    |z1_min_V_1_fu_323_p3     |    select|   0|  0|  26|           1|          25|
    |z1_min_V_fu_283_p3       |    select|   0|  0|  32|           1|          26|
    +-------------------------+----------+----+---+----+------------+------------+
    |Total                    |          |   0|  0| 391|         247|         242|
    +-------------------------+----------+----+---+----+------------+------------+

    * Multiplexer: 
    +-------------------------+----+-----------+-----+-----------+
    |           Name          | LUT| Input Size| Bits| Total Bits|
    +-------------------------+----+-----------+-----+-----------+
    |ap_NS_fsm                |  81|         17|    1|         17|
    |empty_fu_76              |   9|          2|   32|         64|
    |i_reg_190                |   9|          2|    3|          6|
    |wp_parameters_address0   |  31|          6|    7|         42|
    |wp_parameters_address1   |  26|          5|    7|         35|
    |wp_parameters_d0         |  26|          5|   32|        160|
    |wp_parameters_d1         |  26|          5|   32|        160|
    |wp_superpoints_address0  |  14|          3|    8|         24|
    |wp_superpoints_address1  |  14|          3|    8|         24|
    +-------------------------+----+-----------+-----+-----------+
    |Total                    | 236|         48|  130|        532|
    +-------------------------+----+-----------+-----+-----------+

    * Register: 
    +-------------------------------------------------------------+----+----+-----+-----------+
    |                             Name                            | FF | LUT| Bits| Const Bits|
    +-------------------------------------------------------------+----+----+-----+-----------+
    |a_V_reg_658                                                  |  32|   0|   32|          0|
    |add_ln64_reg_649                                             |   3|   0|    3|          0|
    |add_ln77_reg_704                                             |   6|   0|    7|          1|
    |ap_CS_fsm                                                    |  16|   0|   16|          0|
    |b_V_reg_663                                                  |  32|   0|   32|          0|
    |c_V_reg_668                                                  |  32|   0|   32|          0|
    |d_V_reg_673                                                  |  32|   0|   32|          0|
    |empty_fu_76                                                  |  32|   0|   32|          0|
    |grp_straightLineProjectorFromLayerIJtoK_fu_202_ap_start_reg  |   1|   0|    1|          0|
    |grp_straightLineProjectorFromLayerIJtoK_fu_215_ap_start_reg  |   1|   0|    1|          0|
    |grp_straightLineProjectorFromLayerIJtoK_fu_228_ap_start_reg  |   1|   0|    1|          0|
    |grp_straightLineProjectorFromLayerIJtoK_fu_241_ap_start_reg  |   1|   0|    1|          0|
    |i_reg_190                                                    |   3|   0|    3|          0|
    |icmp_ln70_reg_678                                            |   1|   0|    1|          0|
    |icmp_ln878_14_reg_611                                        |   1|   0|    1|          0|
    |icmp_ln878_reg_606                                           |   1|   0|    1|          0|
    |reg_254                                                      |  32|   0|   32|          0|
    |reg_260                                                      |  32|   0|   32|          0|
    |sext_ln43_reg_629                                            |  32|   0|   32|          0|
    |sext_ln46_reg_622                                            |  32|   0|   32|          0|
    |sub_ln72_reg_682                                             |   6|   0|    7|          1|
    |sub_ln73_reg_687                                             |   6|   0|    7|          1|
    |sub_ln75_reg_693                                             |   6|   0|    7|          1|
    |wp_parameters_load_15_reg_699                                |  32|   0|   32|          0|
    +-------------------------------------------------------------+----+----+-----+-----------+
    |Total                                                        | 373|   0|  377|          4|
    +-------------------------------------------------------------+----+----+-----+-----------+



================================================================
== Interface
================================================================
* Summary: 
+-------------------------+-----+-----+------------+-------------------+--------------+
|        RTL Ports        | Dir | Bits|  Protocol  |   Source Object   |    C Type    |
+-------------------------+-----+-----+------------+-------------------+--------------+
|ap_clk                   |   in|    1|  ap_ctrl_hs|  getParallelograms|  return value|
|ap_rst                   |   in|    1|  ap_ctrl_hs|  getParallelograms|  return value|
|ap_start                 |   in|    1|  ap_ctrl_hs|  getParallelograms|  return value|
|ap_done                  |  out|    1|  ap_ctrl_hs|  getParallelograms|  return value|
|ap_idle                  |  out|    1|  ap_ctrl_hs|  getParallelograms|  return value|
|ap_ready                 |  out|    1|  ap_ctrl_hs|  getParallelograms|  return value|
|wp_superpoints_address0  |  out|    8|   ap_memory|     wp_superpoints|         array|
|wp_superpoints_ce0       |  out|    1|   ap_memory|     wp_superpoints|         array|
|wp_superpoints_q0        |   in|   32|   ap_memory|     wp_superpoints|         array|
|wp_superpoints_address1  |  out|    8|   ap_memory|     wp_superpoints|         array|
|wp_superpoints_ce1       |  out|    1|   ap_memory|     wp_superpoints|         array|
|wp_superpoints_q1        |   in|   32|   ap_memory|     wp_superpoints|         array|
|wp_parameters_address0   |  out|    7|   ap_memory|      wp_parameters|         array|
|wp_parameters_ce0        |  out|    1|   ap_memory|      wp_parameters|         array|
|wp_parameters_we0        |  out|    1|   ap_memory|      wp_parameters|         array|
|wp_parameters_d0         |  out|   32|   ap_memory|      wp_parameters|         array|
|wp_parameters_q0         |   in|   32|   ap_memory|      wp_parameters|         array|
|wp_parameters_address1   |  out|    7|   ap_memory|      wp_parameters|         array|
|wp_parameters_ce1        |  out|    1|   ap_memory|      wp_parameters|         array|
|wp_parameters_we1        |  out|    1|   ap_memory|      wp_parameters|         array|
|wp_parameters_d1         |  out|   32|   ap_memory|      wp_parameters|         array|
|wp_parameters_q1         |   in|   32|   ap_memory|      wp_parameters|         array|
+-------------------------+-----+-----+------------+-------------------+--------------+

