

================================================================
== Vitis HLS Report for 'MPSQ'
================================================================
* Date:           Sun Jul 28 18:54:59 2024

* Version:        2020.2 (Build 3064766 on Wed Nov 18 09:12:45 MST 2020)
* Project:        PatchMaker_tanishGit
* Solution:       solutionSC3 (Vivado IP Flow Target)
* Product family: virtexuplus
* Target device:  xcvu19p-fsvb3824-2-e


================================================================
== Performance Estimates
================================================================
+ Timing: 
    * Summary: 
    +--------+---------+----------+------------+
    |  Clock |  Target | Estimated| Uncertainty|
    +--------+---------+----------+------------+
    |ap_clk  |  3.00 ns|  2.190 ns|     0.81 ns|
    +--------+---------+----------+------------+

+ Latency: 
    * Summary: 
    +---------+---------+----------+----------+-----+-----+---------+
    |  Latency (cycles) |  Latency (absolute) |  Interval | Pipeline|
    |   min   |   max   |    min   |    max   | min | max |   Type  |
    +---------+---------+----------+----------+-----+-----+---------+
    |        ?|        ?|         ?|         ?|    ?|    ?|     none|
    +---------+---------+----------+----------+-----+-----+---------+

    + Detail: 
        * Instance: 
        +-----------------------------+------------------+---------+---------+-----------+-----------+------+------+---------+
        |                             |                  |  Latency (cycles) |   Latency (absolute)  |   Interval  | Pipeline|
        |           Instance          |      Module      |   min   |   max   |    min    |    max    |  min |  max |   Type  |
        +-----------------------------+------------------+---------+---------+-----------+-----------+------+------+---------+
        |grp_solveNextColumn_fu_336   |solveNextColumn   |        ?|        ?|          ?|          ?|     ?|     ?|     none|
        |grp_initializeArrays_fu_354  |initializeArrays  |     6407|     6407|  19.221 us|  19.221 us|  6407|  6407|     none|
        +-----------------------------+------------------+---------+---------+-----------+-----------+------+------+---------+

        * Loop: 
        +-----------------------------------------------------------------------------------------+---------+---------+----------+-----------+-----------+------+----------+
        |                                                                                         |  Latency (cycles) | Iteration|  Initiation Interval  | Trip |          |
        |                                        Loop Name                                        |   min   |   max   |  Latency |  achieved |   target  | Count| Pipelined|
        +-----------------------------------------------------------------------------------------+---------+---------+----------+-----------+-----------+------+----------+
        |- initGDarrayDecoded_perLayer                                                            |        ?|        ?|         ?|          -|          -|     5|        no|
        | + initGDarrayDecoded_perPoint                                                           |        ?|        ?|         4|          1|          1|     ?|       yes|
        |- shadowQuilt_loop                                                                       |        ?|        ?|         ?|          -|          -|     ?|        no|
        |- finalSPOutputInit_perPatch_finalSPOutputInit_perSuperpoint_finalSPOutputInit_perPoint  |     2563|     2563|         5|          1|          1|  2560|       yes|
        +-----------------------------------------------------------------------------------------+---------+---------+----------+-----------+-----------+------+----------+



================================================================
== Utilization Estimates
================================================================
* Summary: 
+---------------------+---------+------+---------+---------+-----+
|         Name        | BRAM_18K|  DSP |    FF   |   LUT   | URAM|
+---------------------+---------+------+---------+---------+-----+
|DSP                  |        -|     -|        -|        -|    -|
|Expression           |        -|     -|        0|      389|    -|
|FIFO                 |        -|     -|        -|        -|    -|
|Instance             |        9|     2|    30518|    43573|    -|
|Memory               |        0|     -|        0|        0|    -|
|Multiplexer          |        -|     -|        -|      425|    -|
|Register             |        -|     -|      581|       64|    -|
+---------------------+---------+------+---------+---------+-----+
|Total                |        9|     2|    31099|    44451|    0|
+---------------------+---------+------+---------+---------+-----+
|Available SLR        |     1080|   960|  2042880|  1021440|   80|
+---------------------+---------+------+---------+---------+-----+
|Utilization SLR (%)  |       ~0|    ~0|        1|        4|    0|
+---------------------+---------+------+---------+---------+-----+
|Available            |     4320|  3840|  8171520|  4085760|  320|
+---------------------+---------+------+---------+---------+-----+
|Utilization (%)      |       ~0|    ~0|       ~0|        1|    0|
+---------------------+---------+------+---------+---------+-----+

+ Detail: 
    * Instance: 
    +-----------------------------+------------------+---------+----+-------+-------+-----+
    |           Instance          |      Module      | BRAM_18K| DSP|   FF  |  LUT  | URAM|
    +-----------------------------+------------------+---------+----+-------+-------+-----+
    |grp_initializeArrays_fu_354  |initializeArrays  |        0|   0|    217|    766|    0|
    |grp_solveNextColumn_fu_336   |solveNextColumn   |        9|   2|  30301|  42807|    0|
    +-----------------------------+------------------+---------+----+-------+-------+-----+
    |Total                        |                  |        9|   2|  30518|  43573|    0|
    +-----------------------------+------------------+---------+----+-------+-------+-----+

    * DSP: 
    N/A

    * Memory: 
    +-------------------------+-----------------------+---------+---+----+-----+------+-----+------+-------------+
    |          Memory         |         Module        | BRAM_18K| FF| LUT| URAM| Words| Bits| Banks| W*Bits*Banks|
    +-------------------------+-----------------------+---------+---+----+-----+------+-----+------+-------------+
    |GDarrayDecoded_V_U       |GDarrayDecoded_V       |        0|  0|   0|    0|  2560|   32|     1|        81920|
    |patches_parameters_V_U   |patches_parameters_V   |        0|  0|   0|    0|  3840|   32|     1|       122880|
    |patches_superpoints_V_U  |patches_superpoints_V  |        0|  0|   0|    0|  2560|   64|     1|       163840|
    +-------------------------+-----------------------+---------+---+----+-----+------+-----+------+-------------+
    |Total                    |                       |        0|  0|   0|    0|  8960|  128|     3|       368640|
    +-------------------------+-----------------------+---------+---+----+-----+------+-----+------+-------------+

    * FIFO: 
    N/A

    * Expression: 
    +----------------------------------+----------+----+---+----+------------+------------+
    |           Variable Name          | Operation| DSP| FF| LUT| Bitwidth P0| Bitwidth P1|
    +----------------------------------+----------+----+---+----+------------+------------+
    |add_ln623_fu_362_p2               |         +|   0|  0|  10|           3|           1|
    |add_ln629_fu_399_p2               |         +|   0|  0|  19|          12|           1|
    |add_ln634_1_fu_445_p2             |         +|   0|  0|  20|          13|          13|
    |add_ln634_fu_426_p2               |         +|   0|  0|  21|          14|          14|
    |add_ln662_1_fu_532_p2             |         +|   0|  0|  19|          12|           1|
    |add_ln662_fu_544_p2               |         +|   0|  0|  13|           6|           1|
    |add_ln665_1_fu_624_p2             |         +|   0|  0|  15|           8|           1|
    |add_ln665_fu_590_p2               |         +|   0|  0|  10|           3|           1|
    |add_ln668_fu_618_p2               |         +|   0|  0|  12|           5|           1|
    |add_ln670_1_fu_657_p2             |         +|   0|  0|  19|           8|           8|
    |add_ln670_2_fu_674_p2             |         +|   0|  0|  19|          12|          12|
    |add_ln670_fu_648_p2               |         +|   0|  0|  19|           8|           8|
    |loopCounter_3_fu_520_p2           |         +|   0|  0|  39|          32|           1|
    |and_ln662_fu_584_p2               |       and|   0|  0|   2|           1|           1|
    |ap_block_state12_on_subcall_done  |       and|   0|  0|   2|           1|           1|
    |icmp_ln623_fu_368_p2              |      icmp|   0|  0|   8|           3|           3|
    |icmp_ln629_fu_409_p2              |      icmp|   0|  0|  20|          32|          32|
    |icmp_ln652_fu_526_p2              |      icmp|   0|  0|  20|          32|           5|
    |icmp_ln662_fu_538_p2              |      icmp|   0|  0|  12|          12|          12|
    |icmp_ln665_fu_550_p2              |      icmp|   0|  0|  11|           8|           7|
    |icmp_ln668_fu_578_p2              |      icmp|   0|  0|  10|           5|           6|
    |icmp_ln886_fu_514_p2              |      icmp|   0|  0|  20|          32|          26|
    |or_ln635_fu_503_p2                |        or|   0|  0|  12|          12|           1|
    |or_ln665_fu_596_p2                |        or|   0|  0|   2|           1|           1|
    |select_ln662_1_fu_564_p3          |    select|   0|  0|   6|           1|           6|
    |select_ln662_fu_556_p3            |    select|   0|  0|   3|           1|           1|
    |select_ln665_1_fu_610_p3          |    select|   0|  0|   3|           1|           3|
    |select_ln665_2_fu_630_p3          |    select|   0|  0|   8|           1|           1|
    |select_ln665_fu_602_p3            |    select|   0|  0|   5|           1|           1|
    |ap_enable_pp0                     |       xor|   0|  0|   2|           1|           2|
    |ap_enable_pp1                     |       xor|   0|  0|   2|           1|           2|
    |ap_enable_reg_pp0_iter1           |       xor|   0|  0|   2|           2|           1|
    |ap_enable_reg_pp1_iter1           |       xor|   0|  0|   2|           2|           1|
    |xor_ln662_fu_572_p2               |       xor|   0|  0|   2|           1|           2|
    +----------------------------------+----------+----+---+----+------------+------------+
    |Total                             |          |   0|  0| 389|         287|         178|
    +----------------------------------+----------+----+---+----+------------+------------+

    * Multiplexer: 
    +--------------------------------+----+-----------+-----+-----------+
    |              Name              | LUT| Input Size| Bits| Total Bits|
    +--------------------------------+----+-----------+-----+-----------+
    |GDarrayDecoded_V_address0       |  14|          3|   12|         36|
    |GDarrayDecoded_V_ce0            |  14|          3|    1|          3|
    |GDn_points_address0             |  14|          3|    3|          9|
    |GDn_points_ce0                  |  14|          3|    1|          3|
    |a_6_reg_292                     |   9|          2|    6|         12|
    |a_reg_234                       |   9|          2|    3|          6|
    |ap_NS_fsm                       |  65|         12|    1|         12|
    |ap_enable_reg_pp0_iter1         |   9|          2|    1|          2|
    |ap_enable_reg_pp0_iter3         |   9|          2|    1|          2|
    |ap_enable_reg_pp1_iter1         |   9|          2|    1|          2|
    |ap_enable_reg_pp1_iter4         |   9|          2|    1|          2|
    |ap_phi_mux_a_6_phi_fu_296_p4    |   9|          2|    6|         12|
    |ap_phi_mux_b_8_phi_fu_318_p4    |   9|          2|    3|          6|
    |ap_phi_mux_b_phi_fu_250_p4      |   9|          2|   12|         24|
    |apexZ0_V_2_reg_258              |   9|          2|   32|         64|
    |b_8_reg_314                     |   9|          2|    3|          6|
    |b_reg_246                       |   9|          2|   12|         24|
    |c_reg_325                       |   9|          2|    5|         10|
    |indvar_flatten13_reg_281        |   9|          2|   12|         24|
    |indvar_flatten_reg_303          |   9|          2|    8|         16|
    |loopCounter_reg_270             |   9|          2|   32|         64|
    |n_patches_o                     |   9|          2|    8|         16|
    |patches_parameters_V_address0   |  14|          3|   12|         36|
    |patches_parameters_V_ce0        |  14|          3|    1|          3|
    |patches_parameters_V_ce1        |   9|          2|    1|          2|
    |patches_parameters_V_d0         |  14|          3|   32|         96|
    |patches_parameters_V_we0        |  14|          3|    1|          3|
    |patches_parameters_V_we1        |   9|          2|    1|          2|
    |patches_superpoints_V_address0  |  20|          4|   12|         48|
    |patches_superpoints_V_ce0       |  20|          4|    1|          4|
    |patches_superpoints_V_ce1       |   9|          2|    1|          2|
    |patches_superpoints_V_d0        |  14|          3|   64|        192|
    |patches_superpoints_V_we0       |  14|          3|    1|          3|
    +--------------------------------+----+-----------+-----+-----------+
    |Total                           | 425|         90|  291|        746|
    +--------------------------------+----+-----------+-----+-----------+

    * Register: 
    +------------------------------------------+----+----+-----+-----------+
    |                   Name                   | FF | LUT| Bits| Const Bits|
    +------------------------------------------+----+----+-----+-----------+
    |GDn_points_load_reg_707                   |  32|   0|   32|          0|
    |a_6_reg_292                               |   6|   0|    6|          0|
    |a_reg_234                                 |   3|   0|    3|          0|
    |add_ln623_reg_689                         |   3|   0|    3|          0|
    |add_ln629_reg_717                         |  12|   0|   12|          0|
    |add_ln634_1_reg_731                       |  13|   0|   13|          0|
    |add_ln634_1_reg_731_pp0_iter2_reg         |  13|   0|   13|          0|
    |add_ln670_2_reg_811                       |  12|   0|   12|          0|
    |ap_CS_fsm                                 |  11|   0|   11|          0|
    |ap_enable_reg_pp0_iter0                   |   1|   0|    1|          0|
    |ap_enable_reg_pp0_iter1                   |   1|   0|    1|          0|
    |ap_enable_reg_pp0_iter2                   |   1|   0|    1|          0|
    |ap_enable_reg_pp0_iter3                   |   1|   0|    1|          0|
    |ap_enable_reg_pp1_iter0                   |   1|   0|    1|          0|
    |ap_enable_reg_pp1_iter1                   |   1|   0|    1|          0|
    |ap_enable_reg_pp1_iter2                   |   1|   0|    1|          0|
    |ap_enable_reg_pp1_iter3                   |   1|   0|    1|          0|
    |ap_enable_reg_pp1_iter4                   |   1|   0|    1|          0|
    |apexZ0_V_2_reg_258                        |  32|   0|   32|          0|
    |b_8_reg_314                               |   3|   0|    3|          0|
    |b_reg_246                                 |  12|   0|   12|          0|
    |c_reg_325                                 |   5|   0|    5|          0|
    |grp_initializeArrays_fu_354_ap_start_reg  |   1|   0|    1|          0|
    |grp_solveNextColumn_fu_336_ap_start_reg   |   1|   0|    1|          0|
    |icmp_ln629_reg_722                        |   1|   0|    1|          0|
    |icmp_ln652_reg_765                        |   1|   0|    1|          0|
    |icmp_ln662_reg_779                        |   1|   0|    1|          0|
    |icmp_ln886_reg_756                        |   1|   0|    1|          0|
    |indvar_flatten13_reg_281                  |  12|   0|   12|          0|
    |indvar_flatten_reg_303                    |   8|   0|    8|          0|
    |loopCounter_3_reg_760                     |  32|   0|   32|          0|
    |loopCounter_reg_270                       |  32|   0|   32|          0|
    |lshr_ln_reg_726                           |   3|   0|    3|          0|
    |patches_superpoints_V_load_reg_826        |  64|   0|   64|          0|
    |select_ln662_1_reg_783                    |   6|   0|    6|          0|
    |select_ln665_1_reg_795                    |   3|   0|    3|          0|
    |select_ln665_reg_790                      |   5|   0|    5|          0|
    |shl_ln_reg_712                            |   3|   0|   14|         11|
    |trunc_ln634_reg_736                       |  11|   0|   11|          0|
    |trunc_ln634_reg_736_pp0_iter2_reg         |  11|   0|   11|          0|
    |trunc_ln69_reg_751                        |  32|   0|   32|          0|
    |trunc_ln_reg_746                          |  32|   0|   32|          0|
    |zext_ln623_1_reg_702                      |   3|   0|   13|         10|
    |zext_ln670_3_reg_816                      |  12|   0|   64|         52|
    |zext_ln670_3_reg_816_pp1_iter3_reg        |  12|   0|   64|         52|
    |icmp_ln629_reg_722                        |  64|  32|    1|          0|
    |icmp_ln662_reg_779                        |  64|  32|    1|          0|
    +------------------------------------------+----+----+-----+-----------+
    |Total                                     | 581|  64|  580|        125|
    +------------------------------------------+----+----+-----+-----------+



================================================================
== Interface
================================================================
* Summary: 
+------------------------------------+-----+-----+------------+---------------------------+--------------+
|              RTL Ports             | Dir | Bits|  Protocol  |       Source Object       |    C Type    |
+------------------------------------+-----+-----+------------+---------------------------+--------------+
|ap_clk                              |   in|    1|  ap_ctrl_hs|                       MPSQ|  return value|
|ap_rst                              |   in|    1|  ap_ctrl_hs|                       MPSQ|  return value|
|ap_start                            |   in|    1|  ap_ctrl_hs|                       MPSQ|  return value|
|ap_done                             |  out|    1|  ap_ctrl_hs|                       MPSQ|  return value|
|ap_idle                             |  out|    1|  ap_ctrl_hs|                       MPSQ|  return value|
|ap_ready                            |  out|    1|  ap_ctrl_hs|                       MPSQ|  return value|
|stop                                |   in|   32|     ap_none|                       stop|        scalar|
|ppl                                 |   in|   32|     ap_none|                        ppl|        scalar|
|leftRight                           |   in|    1|     ap_none|                  leftRight|        scalar|
|n_patches_i                         |   in|    8|     ap_ovld|                  n_patches|       pointer|
|n_patches_o                         |  out|    8|     ap_ovld|                  n_patches|       pointer|
|n_patches_o_ap_vld                  |  out|    1|     ap_ovld|                  n_patches|       pointer|
|GDarray_address0                    |  out|   11|   ap_memory|                    GDarray|         array|
|GDarray_ce0                         |  out|    1|   ap_memory|                    GDarray|         array|
|GDarray_q0                          |   in|   64|   ap_memory|                    GDarray|         array|
|GDn_points_address0                 |  out|    3|   ap_memory|                 GDn_points|         array|
|GDn_points_ce0                      |  out|    1|   ap_memory|                 GDn_points|         array|
|GDn_points_q0                       |   in|   32|   ap_memory|                 GDn_points|         array|
|patches_superpointsOUTPUT_address0  |  out|   12|   ap_memory|  patches_superpointsOUTPUT|         array|
|patches_superpointsOUTPUT_ce0       |  out|    1|   ap_memory|  patches_superpointsOUTPUT|         array|
|patches_superpointsOUTPUT_we0       |  out|    1|   ap_memory|  patches_superpointsOUTPUT|         array|
|patches_superpointsOUTPUT_d0        |  out|   64|   ap_memory|  patches_superpointsOUTPUT|         array|
+------------------------------------+-----+-----+------------+---------------------------+--------------+

