INFO: [SIM 2] *************** CSIM start ***************
INFO: [SIM 4] CSIM will launch GCC as the compiler.
   Compiling ../../../../tanishTestBench/test_bench.cpp in debug mode
   Compiling ../../../../patchMaker.cpp in debug mode
   Generating csim.exe
Printing First Patch Points 
Patch 
836175
220001
77575
220001
5 
Superpoint 
1 0.0051 5 7.7575
1 0.0053 5 9.3396
1 0.0416 5 10.3249
1 0.0292 5 10.6578
1 0.0192 5 12.0573
1 0.0318 5 12.6870
1 0.0284 5 13.0042
1 0.0245 5 13.4613
1 0.0062 5 13.8115
1 0.0025 5 13.8798
1 0.0244 5 13.9998
1 0.0246 5 15.2130
1 0.0235 5 16.0150
1 0.0370 5 16.8733
1 0.0201 5 21.2824
1 0.0030 5 22.0001
Superpoint 
2 0.0187 10 -2.0919
2 0.0037 10 -1.8017
2 0.0091 10 1.0877
2 0.0392 10 2.2852
2 0.0305 10 3.4273
2 0.0058 10 7.5360
2 0.0106 10 8.4920
2 0.0192 10 8.8202
2 0.0017 10 8.9900
2 0.0233 10 9.5295
2 0.0059 10 13.0028
2 0.0343 10 16.4208
2 0.0064 10 20.8630
2 0.0389 10 22.8655
2 0.0444 10 27.9677
2 0.0004 10 29.0001
Superpoint 
3 0.0394 15 5.5477
3 0.0380 15 8.0854
3 0.0366 15 12.4944
3 0.0175 15 17.9387
3 0.0090 15 21.2809
3 0.0060 15 23.4641
3 0.0308 15 24.3188
3 0.0056 15 24.8976
3 0.0089 15 28.0846
3 0.0480 15 29.8702
3 0.0456 15 31.6089
3 0.0485 15 31.6517
3 0.0467 15 34.2818
3 0.0222 15 34.8173
3 0.0391 15 35.7869
3 0.0214 15 36.0001
Superpoint 
4 0.0259 20 18.3618
4 0.0170 20 20.4960
4 0.0360 20 22.7476
4 0.0051 20 25.2604
4 0.0258 20 28.9868
4 0.0282 20 30.2763
4 0.0050 20 31.3355
4 0.0205 20 31.9860
4 0.0243 20 33.7972
4 0.0237 20 37.3688
4 0.0207 20 39.0345
4 0.0291 20 39.0966
4 0.0076 20 40.2413
4 0.0436 20 42.1412
4 0.0116 20 42.4328
4 0.0282 20 43.0001
Superpoint 
5 0.0173 25 -20.8228
5 0.0035 25 -19.2292
5 0.0445 25 -18.1842
5 0.0038 25 -17.0298
5 0.0275 25 -12.5635
5 0.0271 25 -4.5298
5 0.0334 25 -2.0764
5 0.0427 25 4.8527
5 0.0107 25 8.9563
5 0.0027 25 16.7596
5 0.0169 25 21.0135
5 0.0444 25 35.2649
5 0.0251 25 40.4051
5 0.0190 25 45.2831
5 0.0445 25 45.9291
5 0.0377 25 50.0001
INFO: [SIM 1] CSim done with 0 errors.
INFO: [SIM 3] *************** CSIM finish ***************
