#-----------------------------------------------------------
# xsim v2020.2 (64-bit)
# SW Build 3064766 on Wed Nov 18 09:12:45 MST 2020
# IP Build 3064653 on Wed Nov 18 14:17:31 MST 2020
# Start of session at: Thu Aug  8 18:01:43 2024
# Process ID: 7444
# Current directory: C:/Users/rapiduser/Desktop/tanishGitHub/tanishPatchMakerHLS/PatchMaker_tanishGit/solutionLC/sim/verilog
# Command line: xsim.exe -mode tcl -source {xsim.dir/MPSQ/xsim_script.tcl}
# Log file: C:/Users/rapiduser/Desktop/tanishGitHub/tanishPatchMakerHLS/PatchMaker_tanishGit/solutionLC/sim/verilog/xsim.log
# Journal file: C:/Users/rapiduser/Desktop/tanishGitHub/tanishPatchMakerHLS/PatchMaker_tanishGit/solutionLC/sim/verilog\xsim.jou
#-----------------------------------------------------------
source xsim.dir/MPSQ/xsim_script.tcl
# xsim {MPSQ} -autoloadwcfg -tclbatch {MPSQ.tcl}
Vivado Simulator 2020.2
Time resolution is 1 ps
source MPSQ.tcl
## run all
////////////////////////////////////////////////////////////////////////////////////
// Inter-Transaction Progress: Completed Transaction / Total Transaction
// Intra-Transaction Progress: Measured Latency / Latency Estimation * 100%
//
// RTL Simulation : "Inter-Transaction Progress" ["Intra-Transaction Progress"] @ "Simulation Time"
////////////////////////////////////////////////////////////////////////////////////
// RTL Simulation : 0 / 1 [n/a] @ "107000"
// RTL Simulation : 1 / 1 [n/a] @ "26663000"
////////////////////////////////////////////////////////////////////////////////////
$finish called at time : 26674500 ps : File "C:/Users/rapiduser/Desktop/tanishGitHub/tanishPatchMakerHLS/PatchMaker_tanishGit/solutionLC/sim/verilog/MPSQ.autotb.v" Line 16061
run: Time (s): cpu = 00:00:00 ; elapsed = 00:03:01 . Memory (MB): peak = 916.121 ; gain = 0.000
## quit
INFO: [Common 17-206] Exiting xsim at Thu Aug  8 18:05:02 2024...
