

================================================================
== Vitis HLS Report for 'add_patch9'
================================================================
* Date:           Sat Jul 27 22:50:29 2024

* Version:        2020.2 (Build 3064766 on Wed Nov 18 09:12:45 MST 2020)
* Project:        PatchMaker_tanishGit
* Solution:       solutionSC2 (Vivado IP Flow Target)
* Product family: virtexuplus
* Target device:  xcvu19p-fsvb3824-2-e


================================================================
== Performance Estimates
================================================================
+ Timing: 
    * Summary: 
    +--------+---------+----------+------------+
    |  Clock |  Target | Estimated| Uncertainty|
    +--------+---------+----------+------------+
    |ap_clk  |  5.00 ns|  3.612 ns|     1.35 ns|
    +--------+---------+----------+------------+

+ Latency: 
    * Summary: 
    +---------+---------+----------+----------+-----+-----+---------+
    |  Latency (cycles) |  Latency (absolute) |  Interval | Pipeline|
    |   min   |   max   |    min   |    max   | min | max |   Type  |
    +---------+---------+----------+----------+-----+-----+---------+
    |        ?|        ?|         ?|         ?|    ?|    ?|     none|
    +---------+---------+----------+----------+-----+-----+---------+

    + Detail: 
        * Instance: 
        +------------------------------+-------------------+---------+---------+----------+----------+-----+-----+---------+
        |                              |                   |  Latency (cycles) |  Latency (absolute) |  Interval | Pipeline|
        |           Instance           |       Module      |   min   |   max   |    min   |    max   | min | max |   Type  |
        +------------------------------+-------------------+---------+---------+----------+----------+-----+-----+---------+
        |grp_encodeCoordinates_fu_533  |encodeCoordinates  |        0|        0|      0 ns|      0 ns|    1|    1|      yes|
        +------------------------------+-------------------+---------+---------+----------+----------+-----+-----+---------+

        * Loop: 
        +---------------------------------------------------------------------------------------------+---------+---------+----------+-----------+-----------+------+----------+
        |                                                                                             |  Latency (cycles) | Iteration|  Initiation Interval  | Trip |          |
        |                                          Loop Name                                          |   min   |   max   |  Latency |  achieved |   target  | Count| Pipelined|
        +---------------------------------------------------------------------------------------------+---------+---------+----------+-----------+-----------+------+----------+
        |- add_patch_perSuperpointSP0_add_patch_perPointSP0                                           |       80|       80|         2|          1|          1|    80|       yes|
        |- add_patch_perPropertyTypePP0_add_patch_perParallelogramPP0_add_patch_perPropertyLengthPP0  |      121|      121|         3|          1|          1|   120|       yes|
        |- add_patch_checkDiff                                                                        |        ?|        ?|        66|         66|          1|     ?|       yes|
        |- add_patch_perSuperpointSP1_add_patch_perPointSP1                                           |       80|       80|         2|          1|          1|    80|       yes|
        |- add_patch_perPropertyTypePP1_add_patch_perParallelogramPP1_add_patch_perPropertyLengthPP1  |      121|      121|         3|          1|          1|   120|       yes|
        +---------------------------------------------------------------------------------------------+---------+---------+----------+-----------+-----------+------+----------+



================================================================
== Utilization Estimates
================================================================
* Summary: 
+---------------------+---------+------+---------+---------+-----+
|         Name        | BRAM_18K|  DSP |    FF   |   LUT   | URAM|
+---------------------+---------+------+---------+---------+-----+
|DSP                  |        -|     -|        -|        -|    -|
|Expression           |        -|     -|        0|     1024|    -|
|FIFO                 |        -|     -|        -|        -|    -|
|Instance             |        -|     -|     7006|     5352|    -|
|Memory               |        -|     -|        -|        -|    -|
|Multiplexer          |        -|     -|        -|      793|    -|
|Register             |        -|     -|      505|        -|    -|
+---------------------+---------+------+---------+---------+-----+
|Total                |        0|     0|     7511|     7169|    0|
+---------------------+---------+------+---------+---------+-----+
|Available SLR        |     1080|   960|  2042880|  1021440|   80|
+---------------------+---------+------+---------+---------+-----+
|Utilization SLR (%)  |        0|     0|       ~0|       ~0|    0|
+---------------------+---------+------+---------+---------+-----+
|Available            |     4320|  3840|  8171520|  4085760|  320|
+---------------------+---------+------+---------+---------+-----+
|Utilization (%)      |        0|     0|       ~0|       ~0|    0|
+---------------------+---------+------+---------+---------+-----+

+ Detail: 
    * Instance: 
    +------------------------------+----------------------+---------+----+------+------+-----+
    |           Instance           |        Module        | BRAM_18K| DSP|  FF  |  LUT | URAM|
    +------------------------------+----------------------+---------+----+------+------+-----+
    |grp_encodeCoordinates_fu_533  |encodeCoordinates     |        0|   0|     0|     0|    0|
    |urem_57s_4ns_57_61_1_U43      |urem_57s_4ns_57_61_1  |        0|   0|  7006|  5352|    0|
    +------------------------------+----------------------+---------+----+------+------+-----+
    |Total                         |                      |        0|   0|  7006|  5352|    0|
    +------------------------------+----------------------+---------+----+------+------+-----+

    * DSP: 
    N/A

    * Memory: 
    N/A

    * FIFO: 
    N/A

    * Expression: 
    +---------------------------+----------+----+---+----+------------+------------+
    |       Variable Name       | Operation| DSP| FF| LUT| Bitwidth P0| Bitwidth P1|
    +---------------------------+----------+----+---+----+------------+------------+
    |add_ln329_1_fu_1307_p2     |         +|   0|  0|  14|           7|           1|
    |add_ln329_fu_1319_p2       |         +|   0|  0|  10|           3|           1|
    |add_ln335_fu_1399_p2       |         +|   0|  0|  12|           5|           1|
    |add_ln340_fu_1363_p2       |         +|   0|  0|  15|           8|           8|
    |add_ln345_1_fu_1409_p2     |         +|   0|  0|  14|           7|           1|
    |add_ln345_fu_1441_p2       |         +|   0|  0|  10|           3|           1|
    |add_ln351_1_fu_1427_p2     |         +|   0|  0|  13|           6|           1|
    |add_ln351_fu_1490_p2       |         +|   0|  0|  10|           3|           1|
    |add_ln357_fu_1572_p2       |         +|   0|  0|  10|           3|           1|
    |add_ln362_1_fu_1561_p2     |         +|   0|  0|  17|          12|          12|
    |add_ln362_fu_1521_p2       |         +|   0|  0|  13|           6|           6|
    |add_ln380_1_fu_698_p2      |         +|   0|  0|  24|          17|          17|
    |add_ln380_2_fu_769_p2      |         +|   0|  0|  17|          60|          60|
    |add_ln380_3_fu_778_p2      |         +|   0|  0|  17|          60|          60|
    |add_ln380_fu_707_p2        |         +|   0|  0|  26|          19|          19|
    |add_ln381_1_fu_857_p2      |         +|   0|  0|  17|           8|           8|
    |add_ln381_fu_852_p2        |         +|   0|  0|  17|           8|           8|
    |add_ln394_1_fu_926_p2      |         +|   0|  0|  14|           7|           1|
    |add_ln394_fu_938_p2        |         +|   0|  0|  10|           3|           1|
    |add_ln400_fu_1018_p2       |         +|   0|  0|  12|           5|           1|
    |add_ln405_1_fu_1030_p2     |         +|   0|  0|  15|           8|           8|
    |add_ln405_2_fu_1047_p2     |         +|   0|  0|  19|          12|          12|
    |add_ln405_3_fu_982_p2      |         +|   0|  0|  15|           8|           8|
    |add_ln405_fu_920_p2        |         +|   0|  0|  18|          11|          11|
    |add_ln410_1_fu_1058_p2     |         +|   0|  0|  14|           7|           1|
    |add_ln410_fu_1070_p2       |         +|   0|  0|  10|           3|           1|
    |add_ln416_1_fu_1090_p2     |         +|   0|  0|  13|           6|           1|
    |add_ln416_fu_1159_p2       |         +|   0|  0|  10|           3|           1|
    |add_ln422_fu_1287_p2       |         +|   0|  0|  10|           3|           1|
    |add_ln427_1_fu_1194_p2     |         +|   0|  0|  13|           6|           6|
    |add_ln427_2_fu_1226_p2     |         +|   0|  0|  70|          63|          63|
    |add_ln427_3_fu_1270_p2     |         +|   0|  0|  17|           7|           7|
    |add_ln427_4_fu_1281_p2     |         +|   0|  0|  17|          12|          12|
    |add_ln427_fu_1125_p2       |         +|   0|  0|  18|          11|          11|
    |add_ln435_fu_1297_p2       |         +|   0|  0|  13|           6|           1|
    |empty_115_fu_594_p2        |         +|   0|  0|  17|          12|           7|
    |i_14_fu_642_p2             |         +|   0|  0|  15|           8|           1|
    |sub_fu_562_p2              |         +|   0|  0|  16|           9|           2|
    |empty_114_fu_588_p2        |         -|   0|  0|  17|          12|          12|
    |sub_ln362_fu_1551_p2       |         -|   0|  0|  17|          12|          12|
    |sub_ln427_1_fu_1256_p2     |         -|   0|  0|  17|          12|          12|
    |sub_ln427_fu_1220_p2       |         -|   0|  0|  17|           7|           7|
    |and_ln345_fu_1484_p2       |       and|   0|  0|   2|           1|           1|
    |and_ln410_fu_1153_p2       |       and|   0|  0|   2|           1|           1|
    |icmp_ln325_fu_556_p2       |      icmp|   0|  0|  11|           8|           1|
    |icmp_ln329_fu_1313_p2      |      icmp|   0|  0|  10|           7|           7|
    |icmp_ln335_fu_1325_p2      |      icmp|   0|  0|  10|           5|           6|
    |icmp_ln345_fu_1415_p2      |      icmp|   0|  0|  10|           7|           5|
    |icmp_ln351_fu_1421_p2      |      icmp|   0|  0|  10|           6|           5|
    |icmp_ln357_fu_1478_p2      |      icmp|   0|  0|   8|           3|           3|
    |icmp_ln378_1_fu_637_p2     |      icmp|   0|  0|  20|          32|          32|
    |icmp_ln378_fu_612_p2       |      icmp|   0|  0|  20|          32|           1|
    |icmp_ln391_fu_900_p2       |      icmp|   0|  0|   8|           3|           1|
    |icmp_ln394_fu_932_p2       |      icmp|   0|  0|  10|           7|           7|
    |icmp_ln400_fu_944_p2       |      icmp|   0|  0|  10|           5|           6|
    |icmp_ln410_fu_1064_p2      |      icmp|   0|  0|  10|           7|           5|
    |icmp_ln416_fu_1076_p2      |      icmp|   0|  0|  10|           6|           5|
    |icmp_ln422_fu_1147_p2      |      icmp|   0|  0|   8|           3|           3|
    |icmp_ln874_4_fu_885_p2     |      icmp|   0|  0|  20|          32|          32|
    |icmp_ln874_fu_797_p2       |      icmp|   0|  0|  20|          32|          32|
    |or_ln340_fu_1388_p2        |        or|   0|  0|   8|           8|           1|
    |or_ln351_fu_1496_p2        |        or|   0|  0|   2|           1|           1|
    |or_ln381_1_fu_870_p2       |        or|   0|  0|  12|          12|           4|
    |or_ln381_fu_803_p2         |        or|   0|  0|  19|           7|          19|
    |or_ln405_fu_1007_p2        |        or|   0|  0|   8|           8|           1|
    |or_ln416_fu_1165_p2        |        or|   0|  0|   2|           1|           1|
    |or_ln874_1_fu_671_p2       |        or|   0|  0|  13|          13|           5|
    |or_ln874_fu_656_p2         |        or|   0|  0|  13|          13|           1|
    |select_ln329_1_fu_1339_p3  |    select|   0|  0|   3|           1|           3|
    |select_ln329_fu_1331_p3    |    select|   0|  0|   5|           1|           1|
    |select_ln345_1_fu_1454_p3  |    select|   0|  0|   3|           1|           3|
    |select_ln345_fu_1447_p3    |    select|   0|  0|   3|           1|           1|
    |select_ln351_1_fu_1509_p3  |    select|   0|  0|   3|           1|           3|
    |select_ln351_2_fu_1433_p3  |    select|   0|  0|   6|           1|           1|
    |select_ln351_fu_1501_p3    |    select|   0|  0|   3|           1|           1|
    |select_ln394_1_fu_958_p3   |    select|   0|  0|   3|           1|           3|
    |select_ln394_fu_950_p3     |    select|   0|  0|   5|           1|           1|
    |select_ln410_1_fu_1082_p3  |    select|   0|  0|   3|           1|           3|
    |select_ln410_fu_1104_p3    |    select|   0|  0|   3|           1|           1|
    |select_ln416_1_fu_1178_p3  |    select|   0|  0|   3|           1|           3|
    |select_ln416_2_fu_1096_p3  |    select|   0|  0|   6|           1|           1|
    |select_ln416_fu_1170_p3    |    select|   0|  0|   3|           1|           1|
    |ap_enable_pp1              |       xor|   0|  0|   2|           1|           2|
    |ap_enable_pp2              |       xor|   0|  0|   2|           1|           2|
    |ap_enable_pp3              |       xor|   0|  0|   2|           1|           2|
    |ap_enable_pp4              |       xor|   0|  0|   2|           1|           2|
    |ap_enable_reg_pp1_iter1    |       xor|   0|  0|   2|           2|           1|
    |ap_enable_reg_pp3_iter1    |       xor|   0|  0|   2|           2|           1|
    |xor_ln345_fu_1473_p2       |       xor|   0|  0|   2|           1|           2|
    |xor_ln410_fu_1142_p2       |       xor|   0|  0|   2|           1|           2|
    +---------------------------+----------+----+---+----+------------+------------+
    |Total                      |          |   0|  0|1024|         772|         632|
    +---------------------------+----------+----+---+----+------------+------------+

    * Multiplexer: 
    +----------------------------------+-----+-----------+-----+-----------+
    |               Name               | LUT | Input Size| Bits| Total Bits|
    +----------------------------------+-----+-----------+-----+-----------+
    |a_3_reg_500                       |    9|          2|    3|          6|
    |a_4_reg_368                       |    9|          2|    3|          6|
    |a_5_reg_401                       |    9|          2|    3|          6|
    |a_reg_456                         |    9|          2|    3|          6|
    |ap_NS_fsm                         |  370|         79|    1|         79|
    |ap_enable_reg_pp1_iter1           |   14|          3|    1|          3|
    |ap_enable_reg_pp2_iter1           |    9|          2|    1|          2|
    |ap_enable_reg_pp2_iter2           |   14|          3|    1|          3|
    |ap_enable_reg_pp3_iter1           |   14|          3|    1|          3|
    |ap_enable_reg_pp4_iter1           |    9|          2|    1|          2|
    |ap_enable_reg_pp4_iter2           |   14|          3|    1|          3|
    |ap_phi_mux_a_3_phi_fu_504_p4      |    9|          2|    3|          6|
    |ap_phi_mux_a_4_phi_fu_372_p4      |    9|          2|    3|          6|
    |ap_phi_mux_a_5_phi_fu_405_p4      |    9|          2|    3|          6|
    |ap_phi_mux_a_phi_fu_460_p4        |    9|          2|    3|          6|
    |ap_phi_mux_b_5_phi_fu_515_p4      |    9|          2|    3|          6|
    |ap_phi_mux_b_7_phi_fu_427_p4      |    9|          2|    3|          6|
    |b_5_reg_511                       |    9|          2|    3|          6|
    |b_6_reg_379                       |    9|          2|    5|         10|
    |b_7_reg_423                       |    9|          2|    3|          6|
    |b_reg_467                         |    9|          2|    5|         10|
    |c_4_reg_434                       |    9|          2|    3|          6|
    |c_reg_522                         |    9|          2|    3|          6|
    |grp_encodeCoordinates_fu_533_phi  |   14|          3|   32|         96|
    |grp_encodeCoordinates_fu_533_z    |   14|          3|   32|         96|
    |i_reg_346                         |    9|          2|    8|         16|
    |indvar_flatten21_reg_478          |    9|          2|    7|         14|
    |indvar_flatten29_reg_357          |    9|          2|    7|         14|
    |indvar_flatten37_reg_412          |    9|          2|    6|         12|
    |indvar_flatten51_reg_390          |    9|          2|    7|         14|
    |indvar_flatten7_reg_489           |    9|          2|    6|         12|
    |indvar_flatten_reg_445            |    9|          2|    7|         14|
    |n_patches                         |   14|          3|    8|         24|
    |patches_parameters_address0       |   20|          4|   12|         48|
    |patches_superpoints_address0      |   26|          5|   12|         60|
    |wp_parameters_address0            |   14|          3|    7|         21|
    |wp_superpoints_address0           |   26|          5|    8|         40|
    |wp_superpoints_address1           |   14|          3|    8|         24|
    +----------------------------------+-----+-----------+-----+-----------+
    |Total                             |  793|        170|  226|        704|
    +----------------------------------+-----+-----------+-----+-----------+

    * Register: 
    +-----------------------------------+----+----+-----+-----------+
    |                Name               | FF | LUT| Bits| Const Bits|
    +-----------------------------------+----+----+-----+-----------+
    |a_3_reg_500                        |   3|   0|    3|          0|
    |a_4_reg_368                        |   3|   0|    3|          0|
    |a_5_reg_401                        |   3|   0|    3|          0|
    |a_reg_456                          |   3|   0|    3|          0|
    |add_ln340_reg_1815                 |   8|   0|    8|          0|
    |add_ln380_reg_1643                 |  12|   0|   19|          7|
    |add_ln405_reg_1712                 |  11|   0|   11|          0|
    |add_ln427_4_reg_1791               |  12|   0|   12|          0|
    |ap_CS_fsm                          |  78|   0|   78|          0|
    |ap_enable_reg_pp1_iter0            |   1|   0|    1|          0|
    |ap_enable_reg_pp1_iter1            |   1|   0|    1|          0|
    |ap_enable_reg_pp2_iter0            |   1|   0|    1|          0|
    |ap_enable_reg_pp2_iter1            |   1|   0|    1|          0|
    |ap_enable_reg_pp2_iter2            |   1|   0|    1|          0|
    |ap_enable_reg_pp3_iter0            |   1|   0|    1|          0|
    |ap_enable_reg_pp3_iter1            |   1|   0|    1|          0|
    |ap_enable_reg_pp4_iter0            |   1|   0|    1|          0|
    |ap_enable_reg_pp4_iter1            |   1|   0|    1|          0|
    |ap_enable_reg_pp4_iter2            |   1|   0|    1|          0|
    |b_5_reg_511                        |   3|   0|    3|          0|
    |b_6_reg_379                        |   5|   0|    5|          0|
    |b_7_reg_423                        |   3|   0|    3|          0|
    |b_reg_467                          |   5|   0|    5|          0|
    |c_4_reg_434                        |   3|   0|    3|          0|
    |c_reg_522                          |   3|   0|    3|          0|
    |empty_reg_1585                     |   6|   0|    6|          0|
    |i_14_reg_1628                      |   8|   0|    8|          0|
    |i_reg_346                          |   8|   0|    8|          0|
    |icmp_ln325_reg_1590                |   1|   0|    1|          0|
    |icmp_ln329_reg_1806                |   1|   0|    1|          0|
    |icmp_ln345_reg_1840                |   1|   0|    1|          0|
    |icmp_ln345_reg_1840_pp4_iter1_reg  |   1|   0|    1|          0|
    |icmp_ln351_reg_1844                |   1|   0|    1|          0|
    |icmp_ln378_1_reg_1624              |   1|   0|    1|          0|
    |icmp_ln378_reg_1610                |   1|   0|    1|          0|
    |icmp_ln391_reg_1708                |   1|   0|    1|          0|
    |icmp_ln394_reg_1723                |   1|   0|    1|          0|
    |icmp_ln410_reg_1758                |   1|   0|    1|          0|
    |icmp_ln410_reg_1758_pp2_iter1_reg  |   1|   0|    1|          0|
    |icmp_ln416_reg_1762                |   1|   0|    1|          0|
    |icmp_ln874_reg_1676                |   1|   0|    1|          0|
    |indvar_flatten21_reg_478           |   7|   0|    7|          0|
    |indvar_flatten29_reg_357           |   7|   0|    7|          0|
    |indvar_flatten37_reg_412           |   6|   0|    6|          0|
    |indvar_flatten51_reg_390           |   7|   0|    7|          0|
    |indvar_flatten7_reg_489            |   6|   0|    6|          0|
    |indvar_flatten_reg_445             |   7|   0|    7|          0|
    |patches_parameters_load_reg_1605   |  32|   0|   32|          0|
    |reg_544                            |  32|   0|   32|          0|
    |select_ln329_1_reg_1810            |   3|   0|    3|          0|
    |select_ln345_1_reg_1857            |   3|   0|    3|          0|
    |select_ln351_1_reg_1862            |   3|   0|    3|          0|
    |select_ln394_1_reg_1732            |   3|   0|    3|          0|
    |select_ln394_reg_1727              |   5|   0|    5|          0|
    |select_ln410_1_reg_1769            |   3|   0|    3|          0|
    |select_ln416_1_reg_1781            |   3|   0|    3|          0|
    |sext_ln378_reg_1619                |  10|   0|   17|          7|
    |sext_ln380_reg_1614                |  10|   0|   19|          9|
    |sub_reg_1594                       |   9|   0|    9|          0|
    |tmp_50_reg_1659                    |  55|   0|   55|          0|
    |tmp_54_reg_1695                    |   6|   0|    6|          0|
    |trunc_ln381_reg_1685               |   8|   0|    8|          0|
    |udiv_ln3_cast_reg_1690             |   8|   0|    8|          0|
    |urem_ln380_reg_1665                |  57|   0|   57|          0|
    |wp_superpoints_addr_6_reg_1638     |   3|   0|    8|          5|
    |zext_ln362_4_reg_1867              |  12|   0|   64|         52|
    +-----------------------------------+----+----+-----+-----------+
    |Total                              | 505|   0|  585|         80|
    +-----------------------------------+----+----+-----+-----------+



================================================================
== Interface
================================================================
* Summary: 
+------------------------------+-----+-----+------------+---------------------+--------------+
|           RTL Ports          | Dir | Bits|  Protocol  |    Source Object    |    C Type    |
+------------------------------+-----+-----+------------+---------------------+--------------+
|ap_clk                        |   in|    1|  ap_ctrl_hs|           add_patch9|  return value|
|ap_rst                        |   in|    1|  ap_ctrl_hs|           add_patch9|  return value|
|ap_start                      |   in|    1|  ap_ctrl_hs|           add_patch9|  return value|
|ap_done                       |  out|    1|  ap_ctrl_hs|           add_patch9|  return value|
|ap_idle                       |  out|    1|  ap_ctrl_hs|           add_patch9|  return value|
|ap_ready                      |  out|    1|  ap_ctrl_hs|           add_patch9|  return value|
|grp_fu_1065_p_din0            |  out|   64|  ap_ctrl_hs|           add_patch9|  return value|
|grp_fu_1065_p_din1            |  out|   66|  ap_ctrl_hs|           add_patch9|  return value|
|grp_fu_1065_p_dout0           |   in|  129|  ap_ctrl_hs|           add_patch9|  return value|
|grp_fu_1065_p_ce              |  out|    1|  ap_ctrl_hs|           add_patch9|  return value|
|grp_fu_1069_p_din0            |  out|   64|  ap_ctrl_hs|           add_patch9|  return value|
|grp_fu_1069_p_din1            |  out|   66|  ap_ctrl_hs|           add_patch9|  return value|
|grp_fu_1069_p_dout0           |   in|  129|  ap_ctrl_hs|           add_patch9|  return value|
|grp_fu_1069_p_ce              |  out|    1|  ap_ctrl_hs|           add_patch9|  return value|
|n_patches                     |  out|    8|      ap_vld|            n_patches|       pointer|
|n_patches_ap_vld              |  out|    1|      ap_vld|            n_patches|       pointer|
|n_patches_read                |   in|    8|     ap_none|       n_patches_read|        scalar|
|patches_superpoints_address0  |  out|   12|   ap_memory|  patches_superpoints|         array|
|patches_superpoints_ce0       |  out|    1|   ap_memory|  patches_superpoints|         array|
|patches_superpoints_we0       |  out|    1|   ap_memory|  patches_superpoints|         array|
|patches_superpoints_d0        |  out|   64|   ap_memory|  patches_superpoints|         array|
|patches_superpoints_q0        |   in|   64|   ap_memory|  patches_superpoints|         array|
|wp_superpoints_address0       |  out|    8|   ap_memory|       wp_superpoints|         array|
|wp_superpoints_ce0            |  out|    1|   ap_memory|       wp_superpoints|         array|
|wp_superpoints_q0             |   in|   32|   ap_memory|       wp_superpoints|         array|
|wp_superpoints_address1       |  out|    8|   ap_memory|       wp_superpoints|         array|
|wp_superpoints_ce1            |  out|    1|   ap_memory|       wp_superpoints|         array|
|wp_superpoints_q1             |   in|   32|   ap_memory|       wp_superpoints|         array|
|wp_parameters_address0        |  out|    7|   ap_memory|        wp_parameters|         array|
|wp_parameters_ce0             |  out|    1|   ap_memory|        wp_parameters|         array|
|wp_parameters_q0              |   in|   32|   ap_memory|        wp_parameters|         array|
|patches_parameters_address0   |  out|   12|   ap_memory|   patches_parameters|         array|
|patches_parameters_ce0        |  out|    1|   ap_memory|   patches_parameters|         array|
|patches_parameters_we0        |  out|    1|   ap_memory|   patches_parameters|         array|
|patches_parameters_d0         |  out|   32|   ap_memory|   patches_parameters|         array|
|patches_parameters_q0         |   in|   32|   ap_memory|   patches_parameters|         array|
+------------------------------+-----+-----+------------+---------------------+--------------+

