

================================================================
== Vitis HLS Report for 'areWedgeSuperPointsEqual'
================================================================
* Date:           Sat Jun 27 14:15:54 2020

* Version:        2020.2 (Build 3064766 on Wed Nov 18 09:12:45 MST 2020)
* Project:        PatchMaker_tanishGit
* Solution:       solutionSC2 (Vivado IP Flow Target)
* Product family: virtexuplus
* Target device:  xcvu19p-fsvb3824-2-e


================================================================
== Performance Estimates
================================================================
+ Timing: 
    * Summary: 
    +--------+---------+----------+------------+
    |  Clock |  Target | Estimated| Uncertainty|
    +--------+---------+----------+------------+
    |ap_clk  |  5.00 ns|  3.442 ns|     1.35 ns|
    +--------+---------+----------+------------+

+ Latency: 
    * Summary: 
    +---------+---------+-----------+-----------+-----+-----+---------+
    |  Latency (cycles) |   Latency (absolute)  |  Interval | Pipeline|
    |   min   |   max   |    min    |    max    | min | max |   Type  |
    +---------+---------+-----------+-----------+-----+-----+---------+
    |       19|       19|  95.000 ns|  95.000 ns|    2|    2|      yes|
    +---------+---------+-----------+-----------+-----+-----+---------+

    + Detail: 
        * Instance: 
        N/A

        * Loop: 
        N/A



================================================================
== Utilization Estimates
================================================================
* Summary: 
+---------------------+---------+------+---------+---------+-----+
|         Name        | BRAM_18K|  DSP |    FF   |   LUT   | URAM|
+---------------------+---------+------+---------+---------+-----+
|DSP                  |        -|     2|        -|        -|    -|
|Expression           |        -|     -|        0|      397|    -|
|FIFO                 |        -|     -|        -|        -|    -|
|Instance             |        -|     -|      680|      474|    -|
|Memory               |        -|     -|        -|        -|    -|
|Multiplexer          |        -|     -|        -|       69|    -|
|Register             |        -|     -|      357|       96|    -|
+---------------------+---------+------+---------+---------+-----+
|Total                |        0|     2|     1037|     1036|    0|
+---------------------+---------+------+---------+---------+-----+
|Available SLR        |     1080|   960|  2042880|  1021440|   80|
+---------------------+---------+------+---------+---------+-----+
|Utilization SLR (%)  |        0|    ~0|       ~0|       ~0|    0|
+---------------------+---------+------+---------+---------+-----+
|Available            |     4320|  3840|  8171520|  4085760|  320|
+---------------------+---------+------+---------+---------+-----+
|Utilization (%)      |        0|    ~0|       ~0|       ~0|    0|
+---------------------+---------+------+---------+---------+-----+

+ Detail: 
    * Instance: 
    +--------------------------+----------------------+---------+----+-----+-----+-----+
    |         Instance         |        Module        | BRAM_18K| DSP|  FF | LUT | URAM|
    +--------------------------+----------------------+---------+----+-----+-----+-----+
    |urem_11ns_4ns_8_15_1_U78  |urem_11ns_4ns_8_15_1  |        0|   0|  340|  237|    0|
    |urem_11ns_4ns_8_15_1_U79  |urem_11ns_4ns_8_15_1  |        0|   0|  340|  237|    0|
    +--------------------------+----------------------+---------+----+-----+-----+-----+
    |Total                     |                      |        0|   0|  680|  474|    0|
    +--------------------------+----------------------+---------+----+-----+-----+-----+

    * DSP: 
    +------------------------------+--------------------------+-----------+
    |           Instance           |          Module          | Expression|
    +------------------------------+--------------------------+-----------+
    |mul_mul_18ns_20ns_37_4_1_U80  |mul_mul_18ns_20ns_37_4_1  |    i0 * i1|
    |mul_mul_18ns_20ns_37_4_1_U81  |mul_mul_18ns_20ns_37_4_1  |    i0 * i1|
    +------------------------------+--------------------------+-----------+

    * Memory: 
    N/A

    * FIFO: 
    N/A

    * Expression: 
    +------------------------+----------+----+---+----+------------+------------+
    |      Variable Name     | Operation| DSP| FF| LUT| Bitwidth P0| Bitwidth P1|
    +------------------------+----------+----+---+----+------------+------------+
    |add_ln1350_1_fu_357_p2  |         +|   0|  0|  23|          16|          16|
    |add_ln1350_2_fu_225_p2  |         +|   0|  0|  19|          11|          11|
    |add_ln1350_3_fu_231_p2  |         +|   0|  0|  19|          11|          11|
    |add_ln1350_4_fu_492_p2  |         +|   0|  0|  19|           8|           8|
    |add_ln1350_5_fu_501_p2  |         +|   0|  0|  19|           8|           8|
    |add_ln1350_fu_367_p2    |         +|   0|  0|  25|          18|          18|
    |add_ln870_1_fu_292_p2   |         +|   0|  0|  23|          16|          16|
    |add_ln870_2_fu_180_p2   |         +|   0|  0|  19|          11|          11|
    |add_ln870_3_fu_186_p2   |         +|   0|  0|  19|          11|          11|
    |add_ln870_4_fu_451_p2   |         +|   0|  0|  19|           8|           8|
    |add_ln870_5_fu_460_p2   |         +|   0|  0|  19|           8|           8|
    |add_ln870_fu_302_p2     |         +|   0|  0|  25|          18|          18|
    |grp_fu_150_p2           |      icmp|   0|  0|  29|          64|           1|
    |icmp_ln31_1_fu_529_p2   |      icmp|   0|  0|  29|          64|          64|
    |icmp_ln31_fu_253_p2     |      icmp|   0|  0|  29|          64|          64|
    |or_ln1350_1_fu_515_p2   |        or|   0|  0|  12|          12|           4|
    |or_ln1350_fu_389_p2     |        or|   0|  0|  18|           7|          18|
    |or_ln870_1_fu_474_p2    |        or|   0|  0|  12|          12|           4|
    |or_ln870_fu_398_p2      |        or|   0|  0|  18|           7|          18|
    |ap_enable_pp0           |       xor|   0|  0|   2|           1|           2|
    +------------------------+----------+----+---+----+------------+------------+
    |Total                   |          |   0|  0| 397|         375|         319|
    +------------------------+----------+----+---+----+------------+------------+

    * Multiplexer: 
    +------------------------------------+----+-----------+-----+-----------+
    |                Name                | LUT| Input Size| Bits| Total Bits|
    +------------------------------------+----+-----------+-----+-----------+
    |ap_NS_fsm                           |  14|          3|    1|          3|
    |ap_enable_reg_pp0_iter0             |   9|          2|    1|          2|
    |ap_phi_mux_empty_phi_fu_143_p4      |   9|          2|    1|          2|
    |ap_phi_reg_pp0_iter1_empty_reg_139  |   9|          2|    1|          2|
    |wsp1_2_address0                     |  14|          3|   12|         36|
    |wsp1_2_address1                     |  14|          3|   12|         36|
    +------------------------------------+----+-----------+-----+-----------+
    |Total                               |  69|         15|   28|         81|
    +------------------------------------+----+-----------+-----+-----------+

    * Register: 
    +------------------------------------+----+----+-----+-----------+
    |                Name                | FF | LUT| Bits| Const Bits|
    +------------------------------------+----+----+-----+-----------+
    |add_ln1350_reg_603                  |  11|   0|   18|          7|
    |add_ln870_reg_593                   |  11|   0|   18|          7|
    |ap_CS_fsm                           |   2|   0|    2|          0|
    |ap_enable_reg_pp0_iter0_reg         |   1|   0|    1|          0|
    |ap_enable_reg_pp0_iter1             |   1|   0|    1|          0|
    |ap_enable_reg_pp0_iter2             |   1|   0|    1|          0|
    |ap_enable_reg_pp0_iter3             |   1|   0|    1|          0|
    |ap_enable_reg_pp0_iter4             |   1|   0|    1|          0|
    |ap_enable_reg_pp0_iter5             |   1|   0|    1|          0|
    |ap_enable_reg_pp0_iter6             |   1|   0|    1|          0|
    |ap_enable_reg_pp0_iter7             |   1|   0|    1|          0|
    |ap_enable_reg_pp0_iter8             |   1|   0|    1|          0|
    |ap_enable_reg_pp0_iter9             |   1|   0|    1|          0|
    |ap_phi_reg_pp0_iter1_empty_reg_139  |   1|   0|    1|          0|
    |ap_phi_reg_pp0_iter2_empty_reg_139  |   1|   0|    1|          0|
    |ap_phi_reg_pp0_iter3_empty_reg_139  |   1|   0|    1|          0|
    |ap_phi_reg_pp0_iter4_empty_reg_139  |   1|   0|    1|          0|
    |ap_phi_reg_pp0_iter5_empty_reg_139  |   1|   0|    1|          0|
    |ap_phi_reg_pp0_iter6_empty_reg_139  |   1|   0|    1|          0|
    |ap_phi_reg_pp0_iter7_empty_reg_139  |   1|   0|    1|          0|
    |ap_phi_reg_pp0_iter8_empty_reg_139  |   1|   0|    1|          0|
    |ap_phi_reg_pp0_iter9_empty_reg_139  |   1|   0|    1|          0|
    |icmp_ln31_reg_589                   |   1|   0|    1|          0|
    |reg_156                             |  64|   0|   64|          0|
    |rhs_11_reg_648                      |   1|   0|    1|          0|
    |rhs_reg_584                         |   1|   0|    1|          0|
    |tmp_58_reg_633                      |   6|   0|    6|          0|
    |udiv_ln3_cast_reg_628               |   8|   0|    8|          0|
    |urem_ln870_reg_623                  |   8|   0|    8|          0|
    |wsp11_read_reg_563                  |   3|   0|    3|          0|
    |wsp11_read_reg_563_pp0_iter1_reg    |   3|   0|    3|          0|
    |wsp1_read_reg_568                   |   8|   0|    8|          0|
    |wsp1_read_reg_568_pp0_iter1_reg     |   8|   0|    8|          0|
    |wsp23_read_reg_552                  |   3|   0|    3|          0|
    |wsp2_read_reg_557                   |   8|   0|    8|          0|
    |add_ln1350_reg_603                  |  64|  32|   18|          7|
    |add_ln870_reg_593                   |  64|  32|   18|          7|
    |icmp_ln31_reg_589                   |  64|  32|    1|          0|
    +------------------------------------+----+----+-----+-----------+
    |Total                               | 357|  96|  216|         28|
    +------------------------------------+----+----+-----+-----------+



================================================================
== Interface
================================================================
* Summary: 
+-----------------+-----+-----+------------+--------------------------+--------------+
|    RTL Ports    | Dir | Bits|  Protocol  |       Source Object      |    C Type    |
+-----------------+-----+-----+------------+--------------------------+--------------+
|ap_clk           |   in|    1|  ap_ctrl_hs|  areWedgeSuperPointsEqual|  return value|
|ap_rst           |   in|    1|  ap_ctrl_hs|  areWedgeSuperPointsEqual|  return value|
|ap_start         |   in|    1|  ap_ctrl_hs|  areWedgeSuperPointsEqual|  return value|
|ap_done          |  out|    1|  ap_ctrl_hs|  areWedgeSuperPointsEqual|  return value|
|ap_idle          |  out|    1|  ap_ctrl_hs|  areWedgeSuperPointsEqual|  return value|
|ap_ready         |  out|    1|  ap_ctrl_hs|  areWedgeSuperPointsEqual|  return value|
|ap_return        |  out|    1|  ap_ctrl_hs|  areWedgeSuperPointsEqual|  return value|
|wsp1_2_address0  |  out|   12|   ap_memory|                    wsp1_2|         array|
|wsp1_2_ce0       |  out|    1|   ap_memory|                    wsp1_2|         array|
|wsp1_2_q0        |   in|   64|   ap_memory|                    wsp1_2|         array|
|wsp1_2_address1  |  out|   12|   ap_memory|                    wsp1_2|         array|
|wsp1_2_ce1       |  out|    1|   ap_memory|                    wsp1_2|         array|
|wsp1_2_q1        |   in|   64|   ap_memory|                    wsp1_2|         array|
|wsp1             |   in|    8|     ap_none|                      wsp1|        scalar|
|wsp11            |   in|    3|     ap_none|                     wsp11|        scalar|
|wsp2             |   in|    8|     ap_none|                      wsp2|        scalar|
|wsp23            |   in|    3|     ap_none|                     wsp23|        scalar|
+-----------------+-----+-----+------------+--------------------------+--------------+

