

================================================================
== Vitis HLS Report for 'delete_patch'
================================================================
* Date:           Sat Jun 27 14:15:56 2020

* Version:        2020.2 (Build 3064766 on Wed Nov 18 09:12:45 MST 2020)
* Project:        PatchMaker_tanishGit
* Solution:       solutionSC2 (Vivado IP Flow Target)
* Product family: virtexuplus
* Target device:  xcvu19p-fsvb3824-2-e


================================================================
== Performance Estimates
================================================================
+ Timing: 
    * Summary: 
    +--------+---------+----------+------------+
    |  Clock |  Target | Estimated| Uncertainty|
    +--------+---------+----------+------------+
    |ap_clk  |  5.00 ns|  3.290 ns|     1.35 ns|
    +--------+---------+----------+------------+

+ Latency: 
    * Summary: 
    +---------+---------+----------+----------+-----+-----+---------+
    |  Latency (cycles) |  Latency (absolute) |  Interval | Pipeline|
    |   min   |   max   |    min   |    max   | min | max |   Type  |
    +---------+---------+----------+----------+-----+-----+---------+
    |        ?|        ?|         ?|         ?|    ?|    ?|     none|
    +---------+---------+----------+----------+-----+-----+---------+

    + Detail: 
        * Instance: 
        N/A

        * Loop: 
        +----------------------------------------------------------------------------------------------------+---------+---------+----------+-----------+-----------+------+----------+
        |                                                                                                    |  Latency (cycles) | Iteration|  Initiation Interval  | Trip |          |
        |                                              Loop Name                                             |   min   |   max   |  Latency |  achieved |   target  | Count| Pipelined|
        +----------------------------------------------------------------------------------------------------+---------+---------+----------+-----------+-----------+------+----------+
        |- delete_patch_perPatch                                                                             |        ?|        ?|       207|          -|          -|     ?|        no|
        | + delete_patch_perSuperpointSP_delete_patch_perPointSP                                             |       81|       81|         3|          1|          1|    80|       yes|
        | + delete_patch_perPropertyTypePP_delete_patch_perParallelogramPP_delete_patch_perPropertyLengthPP  |      121|      121|         3|          1|          1|   120|       yes|
        |- Loop 2                                                                                            |       80|       80|         1|          1|          1|    80|       yes|
        |- Loop 3                                                                                            |      120|      120|         1|          1|          1|   120|       yes|
        +----------------------------------------------------------------------------------------------------+---------+---------+----------+-----------+-----------+------+----------+



================================================================
== Utilization Estimates
================================================================
* Summary: 
+---------------------+---------+------+---------+---------+-----+
|         Name        | BRAM_18K|  DSP |    FF   |   LUT   | URAM|
+---------------------+---------+------+---------+---------+-----+
|DSP                  |        -|     -|        -|        -|    -|
|Expression           |        -|     -|        0|      711|    -|
|FIFO                 |        -|     -|        -|        -|    -|
|Instance             |        -|     -|        -|        -|    -|
|Memory               |        -|     -|        -|        -|    -|
|Multiplexer          |        -|     -|        -|      277|    -|
|Register             |        -|     -|      174|        -|    -|
+---------------------+---------+------+---------+---------+-----+
|Total                |        0|     0|      174|      988|    0|
+---------------------+---------+------+---------+---------+-----+
|Available SLR        |     1080|   960|  2042880|  1021440|   80|
+---------------------+---------+------+---------+---------+-----+
|Utilization SLR (%)  |        0|     0|       ~0|       ~0|    0|
+---------------------+---------+------+---------+---------+-----+
|Available            |     4320|  3840|  8171520|  4085760|  320|
+---------------------+---------+------+---------+---------+-----+
|Utilization (%)      |        0|     0|       ~0|       ~0|    0|
+---------------------+---------+------+---------+---------+-----+

+ Detail: 
    * Instance: 
    N/A

    * DSP: 
    N/A

    * Memory: 
    N/A

    * FIFO: 
    N/A

    * Expression: 
    +--------------------------+----------+----+---+----+------------+------------+
    |       Variable Name      | Operation| DSP| FF| LUT| Bitwidth P0| Bitwidth P1|
    +--------------------------+----------+----+---+----+------------+------------+
    |add_fu_360_p2             |         +|   0|  0|  12|           5|           1|
    |add_ln455_1_fu_462_p2     |         +|   0|  0|  14|           7|           1|
    |add_ln455_fu_474_p2       |         +|   0|  0|  10|           3|           1|
    |add_ln461_fu_502_p2       |         +|   0|  0|  12|           5|           1|
    |add_ln466_1_fu_404_p2     |         +|   0|  0|  18|          11|          11|
    |add_ln466_2_fu_511_p2     |         +|   0|  0|  15|           8|           8|
    |add_ln466_3_fu_530_p2     |         +|   0|  0|  15|           8|           8|
    |add_ln466_4_fu_547_p2     |         +|   0|  0|  19|          12|          12|
    |add_ln466_5_fu_558_p2     |         +|   0|  0|  19|          12|          12|
    |add_ln466_fu_382_p2       |         +|   0|  0|  15|           8|           8|
    |add_ln471_1_fu_568_p2     |         +|   0|  0|  14|           7|           1|
    |add_ln471_fu_580_p2       |         +|   0|  0|  10|           3|           1|
    |add_ln477_1_fu_669_p2     |         +|   0|  0|  13|           6|           1|
    |add_ln477_fu_635_p2       |         +|   0|  0|  10|           3|           1|
    |add_ln483_fu_663_p2       |         +|   0|  0|  10|           3|           1|
    |add_ln488_1_fu_697_p2     |         +|   0|  0|  18|          11|          11|
    |add_ln488_2_fu_717_p2     |         +|   0|  0|  70|          63|          63|
    |add_ln488_3_fu_753_p2     |         +|   0|  0|  70|          63|          63|
    |add_ln488_4_fu_792_p2     |         +|   0|  0|  17|          12|          12|
    |add_ln488_5_fu_803_p2     |         +|   0|  0|  17|          12|          12|
    |add_ln488_fu_612_p2       |         +|   0|  0|  15|           8|           8|
    |empty_116_fu_428_p2       |         +|   0|  0|  19|          12|          12|
    |empty_120_fu_819_p2       |         +|   0|  0|  14|           7|           1|
    |empty_122_fu_835_p2       |         +|   0|  0|  19|          12|          12|
    |empty_124_fu_845_p2       |         +|   0|  0|  14|           7|           1|
    |empty_126_fu_861_p2       |         +|   0|  0|  19|          12|          12|
    |i_13_fu_813_p2            |         +|   0|  0|  15|           8|           1|
    |sub_fu_345_p2             |         +|   0|  0|  15|           8|           2|
    |empty_118_fu_456_p2       |         -|   0|  0|  19|          12|          12|
    |sub_ln488_1_fu_783_p2     |         -|   0|  0|  17|          12|          12|
    |sub_ln488_fu_747_p2       |         -|   0|  0|  17|          12|          12|
    |and_ln471_fu_629_p2       |       and|   0|  0|   2|           1|           1|
    |exitcond2110_fu_825_p2    |      icmp|   0|  0|  10|           7|           7|
    |exitcond9_fu_851_p2       |      icmp|   0|  0|  10|           7|           5|
    |icmp_ln440_fu_335_p2      |      icmp|   0|  0|  11|           9|           9|
    |icmp_ln449_fu_351_p2      |      icmp|   0|  0|  11|           8|           8|
    |icmp_ln455_fu_468_p2      |      icmp|   0|  0|  10|           7|           7|
    |icmp_ln461_fu_480_p2      |      icmp|   0|  0|  10|           5|           6|
    |icmp_ln471_fu_574_p2      |      icmp|   0|  0|  10|           7|           5|
    |icmp_ln477_fu_586_p2      |      icmp|   0|  0|  10|           6|           5|
    |icmp_ln483_fu_623_p2      |      icmp|   0|  0|   8|           3|           3|
    |or_ln477_fu_641_p2        |        or|   0|  0|   2|           1|           1|
    |select_ln455_1_fu_494_p3  |    select|   0|  0|   3|           1|           3|
    |select_ln455_fu_486_p3    |    select|   0|  0|   5|           1|           1|
    |select_ln471_1_fu_600_p3  |    select|   0|  0|   3|           1|           3|
    |select_ln471_fu_592_p3    |    select|   0|  0|   3|           1|           1|
    |select_ln477_1_fu_655_p3  |    select|   0|  0|   3|           1|           3|
    |select_ln477_2_fu_675_p3  |    select|   0|  0|   6|           1|           1|
    |select_ln477_fu_647_p3    |    select|   0|  0|   3|           1|           1|
    |ap_enable_pp0             |       xor|   0|  0|   2|           1|           2|
    |ap_enable_pp1             |       xor|   0|  0|   2|           1|           2|
    |ap_enable_reg_pp0_iter1   |       xor|   0|  0|   2|           2|           1|
    |ap_enable_reg_pp1_iter1   |       xor|   0|  0|   2|           2|           1|
    |xor_ln471_fu_617_p2       |       xor|   0|  0|   2|           1|           2|
    +--------------------------+----------+----+---+----+------------+------------+
    |Total                     |          |   0|  0| 711|         447|         392|
    +--------------------------+----------+----+---+----+------------+------------+

    * Multiplexer: 
    +-------------------------------+----+-----------+-----+-----------+
    |              Name             | LUT| Input Size| Bits| Total Bits|
    +-------------------------------+----+-----------+-----+-----------+
    |a_2_reg_257                    |   9|          2|    3|          6|
    |a_reg_224                      |   9|          2|    3|          6|
    |ap_NS_fsm                      |  59|         11|    1|         11|
    |ap_enable_reg_pp0_iter1        |   9|          2|    1|          2|
    |ap_enable_reg_pp0_iter2        |   9|          2|    1|          2|
    |ap_enable_reg_pp1_iter1        |   9|          2|    1|          2|
    |ap_enable_reg_pp1_iter2        |   9|          2|    1|          2|
    |ap_phi_mux_a_2_phi_fu_261_p4   |   9|          2|    3|          6|
    |ap_phi_mux_a_phi_fu_228_p4     |   9|          2|    3|          6|
    |ap_phi_mux_b_4_phi_fu_283_p4   |   9|          2|    3|          6|
    |b_4_reg_279                    |   9|          2|    3|          6|
    |b_reg_235                      |   9|          2|    5|         10|
    |c_reg_290                      |   9|          2|    3|          6|
    |empty_119_reg_301              |   9|          2|    7|         14|
    |empty_123_reg_312              |   9|          2|    7|         14|
    |i_12_reg_203                   |   9|          2|    8|         16|
    |indvar_flatten21_reg_246       |   9|          2|    7|         14|
    |indvar_flatten7_reg_268        |   9|          2|    6|         12|
    |indvar_flatten_reg_213         |   9|          2|    7|         14|
    |patches_parameters_V_address0  |  14|          3|   12|         36|
    |patches_parameters_V_d0        |  14|          3|   32|         96|
    |patches_superpoints_address0   |  14|          3|   12|         36|
    |patches_superpoints_d0         |  14|          3|   64|        192|
    +-------------------------------+----+-----------+-----+-----------+
    |Total                          | 277|         59|  193|        515|
    +-------------------------------+----+-----------+-----+-----------+

    * Register: 
    +----------------------------------+----+----+-----+-----------+
    |               Name               | FF | LUT| Bits| Const Bits|
    +----------------------------------+----+----+-----+-----------+
    |a_2_reg_257                       |   3|   0|    3|          0|
    |a_reg_224                         |   3|   0|    3|          0|
    |add_ln466_1_reg_904               |  11|   0|   11|          0|
    |add_ln466_5_reg_951               |  12|   0|   12|          0|
    |add_ln466_reg_898                 |   8|   0|    8|          0|
    |add_ln488_5_reg_1002              |  12|   0|   12|          0|
    |add_ln488_reg_971                 |   8|   0|    8|          0|
    |ap_CS_fsm                         |  10|   0|   10|          0|
    |ap_enable_reg_pp0_iter0           |   1|   0|    1|          0|
    |ap_enable_reg_pp0_iter1           |   1|   0|    1|          0|
    |ap_enable_reg_pp0_iter2           |   1|   0|    1|          0|
    |ap_enable_reg_pp1_iter0           |   1|   0|    1|          0|
    |ap_enable_reg_pp1_iter1           |   1|   0|    1|          0|
    |ap_enable_reg_pp1_iter2           |   1|   0|    1|          0|
    |b_4_reg_279                       |   3|   0|    3|          0|
    |b_reg_235                         |   5|   0|    5|          0|
    |c_reg_290                         |   3|   0|    3|          0|
    |empty_116_reg_910                 |   8|   0|   12|          4|
    |empty_118_reg_915                 |   9|   0|   12|          3|
    |empty_119_reg_301                 |   7|   0|    7|          0|
    |empty_123_reg_312                 |   7|   0|    7|          0|
    |i_12_reg_203                      |   8|   0|    8|          0|
    |icmp_ln440_reg_875                |   1|   0|    1|          0|
    |icmp_ln455_reg_925                |   1|   0|    1|          0|
    |icmp_ln455_reg_925_pp0_iter1_reg  |   1|   0|    1|          0|
    |icmp_ln471_reg_961                |   1|   0|    1|          0|
    |icmp_ln471_reg_961_pp1_iter1_reg  |   1|   0|    1|          0|
    |indvar_flatten21_reg_246          |   7|   0|    7|          0|
    |indvar_flatten7_reg_268           |   6|   0|    6|          0|
    |indvar_flatten_reg_213            |   7|   0|    7|          0|
    |select_ln455_1_reg_934            |   3|   0|    3|          0|
    |select_ln455_reg_929              |   5|   0|    5|          0|
    |select_ln471_1_reg_965            |   3|   0|    3|          0|
    |select_ln477_1_reg_981            |   3|   0|    3|          0|
    |select_ln477_reg_976              |   3|   0|    3|          0|
    |sub_reg_884                       |   8|   0|    8|          0|
    |tmp_52_reg_871                    |   1|   0|    1|          0|
    +----------------------------------+----+----+-----+-----------+
    |Total                             | 174|   0|  181|          7|
    +----------------------------------+----+----+-----+-----------+



================================================================
== Interface
================================================================
* Summary: 
+-------------------------------+-----+-----+------------+----------------------+--------------+
|           RTL Ports           | Dir | Bits|  Protocol  |     Source Object    |    C Type    |
+-------------------------------+-----+-----+------------+----------------------+--------------+
|ap_clk                         |   in|    1|  ap_ctrl_hs|          delete_patch|  return value|
|ap_rst                         |   in|    1|  ap_ctrl_hs|          delete_patch|  return value|
|ap_start                       |   in|    1|  ap_ctrl_hs|          delete_patch|  return value|
|ap_done                        |  out|    1|  ap_ctrl_hs|          delete_patch|  return value|
|ap_idle                        |  out|    1|  ap_ctrl_hs|          delete_patch|  return value|
|ap_ready                       |  out|    1|  ap_ctrl_hs|          delete_patch|  return value|
|n_patches                      |  out|    8|      ap_vld|             n_patches|       pointer|
|n_patches_ap_vld               |  out|    1|      ap_vld|             n_patches|       pointer|
|n_patches_read                 |   in|    8|     ap_none|        n_patches_read|        scalar|
|patches_superpoints_address0   |  out|   12|   ap_memory|   patches_superpoints|         array|
|patches_superpoints_ce0        |  out|    1|   ap_memory|   patches_superpoints|         array|
|patches_superpoints_we0        |  out|    1|   ap_memory|   patches_superpoints|         array|
|patches_superpoints_d0         |  out|   64|   ap_memory|   patches_superpoints|         array|
|patches_superpoints_address1   |  out|   12|   ap_memory|   patches_superpoints|         array|
|patches_superpoints_ce1        |  out|    1|   ap_memory|   patches_superpoints|         array|
|patches_superpoints_q1         |   in|   64|   ap_memory|   patches_superpoints|         array|
|index                          |   in|    9|     ap_none|                 index|        scalar|
|patches_parameters_V_address0  |  out|   12|   ap_memory|  patches_parameters_V|         array|
|patches_parameters_V_ce0       |  out|    1|   ap_memory|  patches_parameters_V|         array|
|patches_parameters_V_we0       |  out|    1|   ap_memory|  patches_parameters_V|         array|
|patches_parameters_V_d0        |  out|   32|   ap_memory|  patches_parameters_V|         array|
|patches_parameters_V_address1  |  out|   12|   ap_memory|  patches_parameters_V|         array|
|patches_parameters_V_ce1       |  out|    1|   ap_memory|  patches_parameters_V|         array|
|patches_parameters_V_q1        |   in|   32|   ap_memory|  patches_parameters_V|         array|
+-------------------------------+-----+-----+------------+----------------------+--------------+

