

================================================================
== Vitis HLS Report for 'get_index_from_z'
================================================================
* Date:           Sat Jun 27 14:15:55 2020

* Version:        2020.2 (Build 3064766 on Wed Nov 18 09:12:45 MST 2020)
* Project:        PatchMaker_tanishGit
* Solution:       solutionSC2 (Vivado IP Flow Target)
* Product family: virtexuplus
* Target device:  xcvu19p-fsvb3824-2-e


================================================================
== Performance Estimates
================================================================
+ Timing: 
    * Summary: 
    +--------+---------+----------+------------+
    |  Clock |  Target | Estimated| Uncertainty|
    +--------+---------+----------+------------+
    |ap_clk  |  5.00 ns|  2.593 ns|     1.35 ns|
    +--------+---------+----------+------------+

+ Latency: 
    * Summary: 
    +---------+---------+----------+----------+-----+-----+---------+
    |  Latency (cycles) |  Latency (absolute) |  Interval | Pipeline|
    |   min   |   max   |    min   |    max   | min | max |   Type  |
    +---------+---------+----------+----------+-----+-----+---------+
    |        ?|        ?|         ?|         ?|    ?|    ?|     none|
    +---------+---------+----------+----------+-----+-----+---------+

    + Detail: 
        * Instance: 
        N/A

        * Loop: 
        +--------------------------+---------+---------+----------+-----------+-----------+------+----------+
        |                          |  Latency (cycles) | Iteration|  Initiation Interval  | Trip |          |
        |         Loop Name        |   min   |   max   |  Latency |  achieved |   target  | Count| Pipelined|
        +--------------------------+---------+---------+----------+-----------+-----------+------+----------+
        |- getIndexFromZ_perPoint  |        ?|        ?|         3|          1|          1|     ?|       yes|
        +--------------------------+---------+---------+----------+-----------+-----------+------+----------+



================================================================
== Utilization Estimates
================================================================
* Summary: 
+---------------------+---------+------+---------+---------+-----+
|         Name        | BRAM_18K|  DSP |    FF   |   LUT   | URAM|
+---------------------+---------+------+---------+---------+-----+
|DSP                  |        -|     -|        -|        -|    -|
|Expression           |        -|     -|        0|      262|    -|
|FIFO                 |        -|     -|        -|        -|    -|
|Instance             |        -|     -|        -|        -|    -|
|Memory               |        -|     -|        -|        -|    -|
|Multiplexer          |        -|     -|        -|       85|    -|
|Register             |        -|     -|      204|        -|    -|
+---------------------+---------+------+---------+---------+-----+
|Total                |        0|     0|      204|      347|    0|
+---------------------+---------+------+---------+---------+-----+
|Available SLR        |     1080|   960|  2042880|  1021440|   80|
+---------------------+---------+------+---------+---------+-----+
|Utilization SLR (%)  |        0|     0|       ~0|       ~0|    0|
+---------------------+---------+------+---------+---------+-----+
|Available            |     4320|  3840|  8171520|  4085760|  320|
+---------------------+---------+------+---------+---------+-----+
|Utilization (%)      |        0|     0|       ~0|       ~0|    0|
+---------------------+---------+------+---------+---------+-----+

+ Detail: 
    * Instance: 
    N/A

    * DSP: 
    N/A

    * Memory: 
    N/A

    * FIFO: 
    N/A

    * Expression: 
    +----------------------+----------+----+---+----+------------+------------+
    |     Variable Name    | Operation| DSP| FF| LUT| Bitwidth P0| Bitwidth P1|
    +----------------------+----------+----+---+----+------------+------------+
    |i_fu_139_p2           |         +|   0|  0|  15|           8|           1|
    |ret_fu_182_p2         |         -|   0|  0|  40|          33|          33|
    |sub_ln180_fu_195_p2   |         -|   0|  0|  40|           1|          33|
    |icmp_ln518_fu_149_p2  |      icmp|   0|  0|  20|          32|          32|
    |icmp_ln521_fu_210_p2  |      icmp|   0|  0|  29|          64|          64|
    |or_ln215_fu_163_p2    |        or|   0|  0|  12|          12|           1|
    |diff_fu_200_p3        |    select|   0|  0|  33|           1|          33|
    |index_1_fu_224_p3     |    select|   0|  0|   8|           1|           8|
    |minVal_1_fu_216_p3    |    select|   0|  0|  63|           1|          64|
    |ap_enable_pp0         |       xor|   0|  0|   2|           1|           2|
    +----------------------+----------+----+---+----+------------+------------+
    |Total                 |          |   0|  0| 262|         154|         271|
    +----------------------+----------+----+---+----+------------+------------+

    * Multiplexer: 
    +------------------------------+----+-----------+-----+-----------+
    |             Name             | LUT| Input Size| Bits| Total Bits|
    +------------------------------+----+-----------+-----+-----------+
    |ap_NS_fsm                     |  26|          5|    1|          5|
    |ap_enable_reg_pp0_iter1       |   9|          2|    1|          2|
    |ap_enable_reg_pp0_iter2       |  14|          3|    1|          3|
    |ap_phi_mux_i_04_phi_fu_98_p4  |   9|          2|    8|         16|
    |i_04_reg_94                   |   9|          2|    8|         16|
    |index_reg_106                 |   9|          2|    8|         16|
    |minVal_reg_118                |   9|          2|   64|        128|
    +------------------------------+----+-----------+-----+-----------+
    |Total                         |  85|         18|   91|        186|
    +------------------------------+----+-----------+-----+-----------+

    * Register: 
    +----------------------------------+----+----+-----+-----------+
    |               Name               | FF | LUT| Bits| Const Bits|
    +----------------------------------+----+----+-----+-----------+
    |GDn_points_load_reg_242           |  32|   0|   32|          0|
    |ap_CS_fsm                         |   4|   0|    4|          0|
    |ap_enable_reg_pp0_iter0           |   1|   0|    1|          0|
    |ap_enable_reg_pp0_iter1           |   1|   0|    1|          0|
    |ap_enable_reg_pp0_iter2           |   1|   0|    1|          0|
    |i_04_reg_94                       |   8|   0|    8|          0|
    |i_04_reg_94_pp0_iter1_reg         |   8|   0|    8|          0|
    |i_reg_252                         |   8|   0|    8|          0|
    |icmp_ln518_reg_257                |   1|   0|    1|          0|
    |icmp_ln518_reg_257_pp0_iter1_reg  |   1|   0|    1|          0|
    |index_reg_106                     |   8|   0|    8|          0|
    |minVal_reg_118                    |  64|   0|   64|          0|
    |ret_reg_266                       |  33|   0|   33|          0|
    |rhs_reg_247                       |  33|   0|   33|          0|
    |tmp_47_reg_272                    |   1|   0|    1|          0|
    +----------------------------------+----+----+-----+-----------+
    |Total                             | 204|   0|  204|          0|
    +----------------------------------+----+----+-----+-----------+



================================================================
== Interface
================================================================
* Summary: 
+-------------------------+-----+-----+------------+------------------+--------------+
|        RTL Ports        | Dir | Bits|  Protocol  |   Source Object  |    C Type    |
+-------------------------+-----+-----+------------+------------------+--------------+
|ap_clk                   |   in|    1|  ap_ctrl_hs|  get_index_from_z|  return value|
|ap_rst                   |   in|    1|  ap_ctrl_hs|  get_index_from_z|  return value|
|ap_start                 |   in|    1|  ap_ctrl_hs|  get_index_from_z|  return value|
|ap_done                  |  out|    1|  ap_ctrl_hs|  get_index_from_z|  return value|
|ap_idle                  |  out|    1|  ap_ctrl_hs|  get_index_from_z|  return value|
|ap_ready                 |  out|    1|  ap_ctrl_hs|  get_index_from_z|  return value|
|ap_return                |  out|    8|  ap_ctrl_hs|  get_index_from_z|  return value|
|GDn_points_address0      |  out|    3|   ap_memory|        GDn_points|         array|
|GDn_points_ce0           |  out|    1|   ap_memory|        GDn_points|         array|
|GDn_points_q0            |   in|   32|   ap_memory|        GDn_points|         array|
|layer                    |   in|    3|     ap_none|             layer|        scalar|
|z_value                  |   in|   32|     ap_none|           z_value|        scalar|
|GDarrayDecoded_address0  |  out|   12|   ap_memory|    GDarrayDecoded|         array|
|GDarrayDecoded_ce0       |  out|    1|   ap_memory|    GDarrayDecoded|         array|
|GDarrayDecoded_q0        |   in|   32|   ap_memory|    GDarrayDecoded|         array|
+-------------------------+-----+-----+------------+------------------+--------------+

