

================================================================
== Vitis HLS Report for 'getParallelograms'
================================================================
* Date:           Sat Jun 27 14:15:47 2020

* Version:        2020.2 (Build 3064766 on Wed Nov 18 09:12:45 MST 2020)
* Project:        PatchMaker_tanishGit
* Solution:       solutionSC2 (Vivado IP Flow Target)
* Product family: virtexuplus
* Target device:  xcvu19p-fsvb3824-2-e


================================================================
== Performance Estimates
================================================================
+ Timing: 
    * Summary: 
    +--------+---------+----------+------------+
    |  Clock |  Target | Estimated| Uncertainty|
    +--------+---------+----------+------------+
    |ap_clk  |  5.00 ns|  3.484 ns|     1.35 ns|
    +--------+---------+----------+------------+

+ Latency: 
    * Summary: 
    +---------+---------+----------+----------+-----+-----+---------+
    |  Latency (cycles) |  Latency (absolute) |  Interval | Pipeline|
    |   min   |   max   |    min   |    max   | min | max |   Type  |
    +---------+---------+----------+----------+-----+-----+---------+
    |        ?|        ?|         ?|         ?|    ?|    ?|     none|
    +---------+---------+----------+----------+-----+-----+---------+

    + Detail: 
        * Instance: 
        +------------------------------------------------+-------------------------------------+---------+---------+----------+----------+-----+-----+---------+
        |                                                |                                     |  Latency (cycles) |  Latency (absolute) |  Interval | Pipeline|
        |                    Instance                    |                Module               |   min   |   max   |    min   |    max   | min | max |   Type  |
        +------------------------------------------------+-------------------------------------+---------+---------+----------+----------+-----+-----+---------+
        |grp_straightLineProjectorFromLayerIJtoK_fu_210  |straightLineProjectorFromLayerIJtoK  |       63|       63|  0.315 us|  0.315 us|    1|    1|      yes|
        +------------------------------------------------+-------------------------------------+---------+---------+----------+----------+-----+-----+---------+

        * Loop: 
        +-----------------------------------------+---------+---------+----------+-----------+-----------+------+----------+
        |                                         |  Latency (cycles) | Iteration|  Initiation Interval  | Trip |          |
        |                Loop Name                |   min   |   max   |  Latency |  achieved |   target  | Count| Pipelined|
        +-----------------------------------------+---------+---------+----------+-----------+-----------+------+----------+
        |- getParallelograms_settingWPparameters  |        ?|        ?|        71|          6|          1|     ?|       yes|
        +-----------------------------------------+---------+---------+----------+-----------+-----------+------+----------+



================================================================
== Utilization Estimates
================================================================
* Summary: 
+---------------------+---------+------+---------+---------+-----+
|         Name        | BRAM_18K|  DSP |    FF   |   LUT   | URAM|
+---------------------+---------+------+---------+---------+-----+
|DSP                  |        -|     -|        -|        -|    -|
|Expression           |        -|     -|        0|      514|    -|
|FIFO                 |        -|     -|        -|        -|    -|
|Instance             |        0|     2|    14463|    11082|    -|
|Memory               |        -|     -|        -|        -|    -|
|Multiplexer          |        -|     -|        -|      280|    -|
|Register             |        -|     -|      746|      160|    -|
+---------------------+---------+------+---------+---------+-----+
|Total                |        0|     2|    15209|    12036|    0|
+---------------------+---------+------+---------+---------+-----+
|Available SLR        |     1080|   960|  2042880|  1021440|   80|
+---------------------+---------+------+---------+---------+-----+
|Utilization SLR (%)  |        0|    ~0|       ~0|        1|    0|
+---------------------+---------+------+---------+---------+-----+
|Available            |     4320|  3840|  8171520|  4085760|  320|
+---------------------+---------+------+---------+---------+-----+
|Utilization (%)      |        0|    ~0|       ~0|       ~0|    0|
+---------------------+---------+------+---------+---------+-----+

+ Detail: 
    * Instance: 
    +------------------------------------------------+-------------------------------------+---------+----+-------+-------+-----+
    |                    Instance                    |                Module               | BRAM_18K| DSP|   FF  |  LUT  | URAM|
    +------------------------------------------------+-------------------------------------+---------+----+-------+-------+-----+
    |grp_straightLineProjectorFromLayerIJtoK_fu_210  |straightLineProjectorFromLayerIJtoK  |        0|   2|  14463|  11082|    0|
    +------------------------------------------------+-------------------------------------+---------+----+-------+-------+-----+
    |Total                                           |                                     |        0|   2|  14463|  11082|    0|
    +------------------------------------------------+-------------------------------------+---------+----+-------+-------+-----+

    * DSP: 
    N/A

    * Memory: 
    N/A

    * FIFO: 
    N/A

    * Expression: 
    +-------------------------+----------+----+---+----+------------+------------+
    |      Variable Name      | Operation| DSP| FF| LUT| Bitwidth P0| Bitwidth P1|
    +-------------------------+----------+----+---+----+------------+------------+
    |add_ln60_fu_394_p2       |         +|   0|  0|  39|          32|           1|
    |add_ln691_fu_513_p2      |         +|   0|  0|  39|          32|           1|
    |add_ln70_fu_545_p2       |         +|   0|  0|  14|           7|           2|
    |add_ln71_fu_555_p2       |         +|   0|  0|  14|           7|           2|
    |add_ln72_fu_461_p2       |         +|   0|  0|  14|           7|           3|
    |add_ln73_fu_502_p2       |         +|   0|  0|  16|           7|           3|
    |j_fu_525_p2              |         +|   0|  0|  71|          64|           1|
    |sub_ln68_fu_384_p2       |         -|   0|  0|  14|           7|           7|
    |sub_ln69_fu_425_p2       |         -|   0|  0|  14|           7|           7|
    |sub_ln71_fu_455_p2       |         -|   0|  0|  14|           7|           7|
    |sub_ln73_fu_496_p2       |         -|   0|  0|  16|           7|           7|
    |icmp_ln53_fu_335_p2      |      icmp|   0|  0|  29|          64|          64|
    |icmp_ln66_fu_354_p2      |      icmp|   0|  0|  19|          30|           1|
    |icmp_ln878_14_fu_249_p2  |      icmp|   0|  0|  20|          32|          25|
    |icmp_ln878_fu_231_p2     |      icmp|   0|  0|  20|          32|          26|
    |icmp_ln886_fu_267_p2     |      icmp|   0|  0|  20|          32|          32|
    |or_ln57_fu_309_p2        |        or|   0|  0|   8|           8|           1|
    |or_ln58_fu_320_p2        |        or|   0|  0|   8|           8|           5|
    |or_ln69_fu_535_p2        |        or|   0|  0|   7|           7|           1|
    |z1_max_V_1_fu_273_p3     |    select|   0|  0|  26|           1|          25|
    |z1_max_V_fu_255_p3       |    select|   0|  0|  32|           1|          32|
    |z1_min_V_1_fu_285_p3     |    select|   0|  0|  26|           1|          25|
    |z1_min_V_fu_237_p3       |    select|   0|  0|  32|           1|          26|
    |ap_enable_pp0            |       xor|   0|  0|   2|           1|           2|
    +-------------------------+----------+----+---+----+------------+------------+
    |Total                    |          |   0|  0| 514|         402|         306|
    +-------------------------+----------+----+---+----+------------+------------+

    * Multiplexer: 
    +----------------------------------------------------+----+-----------+-----+-----------+
    |                        Name                        | LUT| Input Size| Bits| Total Bits|
    +----------------------------------------------------+----+-----------+-----+-----------+
    |ap_NS_fsm                                           |  54|         10|    1|         10|
    |ap_enable_reg_pp0_iter11                            |   9|          2|    1|          2|
    |ap_phi_mux_i_phi_fu_202_p4                          |   9|          2|   64|        128|
    |empty_fu_76                                         |   9|          2|   32|         64|
    |grp_straightLineProjectorFromLayerIJtoK_fu_210_j    |  14|          3|   32|         96|
    |grp_straightLineProjectorFromLayerIJtoK_fu_210_z_i  |  14|          3|   32|         96|
    |grp_straightLineProjectorFromLayerIJtoK_fu_210_z_j  |  20|          4|   32|        128|
    |i_reg_198                                           |   9|          2|   64|        128|
    |wp_parameters_address0                              |  31|          6|    7|         42|
    |wp_parameters_address1                              |  31|          6|    7|         42|
    |wp_parameters_d0                                    |  26|          5|   32|        160|
    |wp_parameters_d1                                    |  26|          5|   32|        160|
    |wp_superpoints_address0                             |  14|          3|    8|         24|
    |wp_superpoints_address1                             |  14|          3|    8|         24|
    +----------------------------------------------------+----+-----------+-----+-----------+
    |Total                                               | 280|         56|  352|       1104|
    +----------------------------------------------------+----+-----------+-----+-----------+

    * Register: 
    +-------------------------------------------------------------+----+----+-----+-----------+
    |                             Name                            | FF | LUT| Bits| Const Bits|
    +-------------------------------------------------------------+----+----+-----+-----------+
    |add_ln60_reg_638                                             |  32|   0|   32|          0|
    |ap_CS_fsm                                                    |   9|   0|    9|          0|
    |ap_enable_reg_pp0_iter0                                      |   1|   0|    1|          0|
    |ap_enable_reg_pp0_iter1                                      |   1|   0|    1|          0|
    |ap_enable_reg_pp0_iter10                                     |   1|   0|    1|          0|
    |ap_enable_reg_pp0_iter11                                     |   1|   0|    1|          0|
    |ap_enable_reg_pp0_iter2                                      |   1|   0|    1|          0|
    |ap_enable_reg_pp0_iter3                                      |   1|   0|    1|          0|
    |ap_enable_reg_pp0_iter4                                      |   1|   0|    1|          0|
    |ap_enable_reg_pp0_iter5                                      |   1|   0|    1|          0|
    |ap_enable_reg_pp0_iter6                                      |   1|   0|    1|          0|
    |ap_enable_reg_pp0_iter7                                      |   1|   0|    1|          0|
    |ap_enable_reg_pp0_iter8                                      |   1|   0|    1|          0|
    |ap_enable_reg_pp0_iter9                                      |   1|   0|    1|          0|
    |c_V_reg_659                                                  |  32|   0|   32|          0|
    |d_V_reg_664                                                  |  32|   0|   32|          0|
    |empty_fu_76                                                  |  32|   0|   32|          0|
    |grp_straightLineProjectorFromLayerIJtoK_fu_210_ap_start_reg  |   1|   0|    1|          0|
    |i_reg_198                                                    |  64|   0|   64|          0|
    |icmp_ln53_reg_615                                            |   1|   0|    1|          0|
    |icmp_ln66_reg_619                                            |   1|   0|    1|          0|
    |j_reg_654                                                    |  64|   0|   64|          0|
    |sext_ln37_reg_599                                            |  32|   0|   32|          0|
    |sext_ln40_reg_593                                            |  32|   0|   32|          0|
    |sub_ln68_reg_623                                             |   6|   0|    7|          1|
    |sub_ln69_reg_643                                             |   6|   0|    7|          1|
    |sub_ln71_reg_649                                             |   6|   0|    7|          1|
    |wp_superpoints_load_2_reg_628                                |  32|   0|   32|          0|
    |wp_superpoints_load_3_reg_633                                |  32|   0|   32|          0|
    |icmp_ln53_reg_615                                            |  64|  32|    1|          0|
    |icmp_ln66_reg_619                                            |  64|  32|    1|          0|
    |sub_ln68_reg_623                                             |  64|  32|    7|          1|
    |sub_ln69_reg_643                                             |  64|  32|    7|          1|
    |sub_ln71_reg_649                                             |  64|  32|    7|          1|
    +-------------------------------------------------------------+----+----+-----+-----------+
    |Total                                                        | 746| 160|  452|          6|
    +-------------------------------------------------------------+----+----+-----+-----------+



================================================================
== Interface
================================================================
* Summary: 
+-------------------------+-----+-----+------------+-------------------+--------------+
|        RTL Ports        | Dir | Bits|  Protocol  |   Source Object   |    C Type    |
+-------------------------+-----+-----+------------+-------------------+--------------+
|ap_clk                   |   in|    1|  ap_ctrl_hs|  getParallelograms|  return value|
|ap_rst                   |   in|    1|  ap_ctrl_hs|  getParallelograms|  return value|
|ap_start                 |   in|    1|  ap_ctrl_hs|  getParallelograms|  return value|
|ap_done                  |  out|    1|  ap_ctrl_hs|  getParallelograms|  return value|
|ap_idle                  |  out|    1|  ap_ctrl_hs|  getParallelograms|  return value|
|ap_ready                 |  out|    1|  ap_ctrl_hs|  getParallelograms|  return value|
|wp_superpoints_address0  |  out|    8|   ap_memory|     wp_superpoints|         array|
|wp_superpoints_ce0       |  out|    1|   ap_memory|     wp_superpoints|         array|
|wp_superpoints_q0        |   in|   32|   ap_memory|     wp_superpoints|         array|
|wp_superpoints_address1  |  out|    8|   ap_memory|     wp_superpoints|         array|
|wp_superpoints_ce1       |  out|    1|   ap_memory|     wp_superpoints|         array|
|wp_superpoints_q1        |   in|   32|   ap_memory|     wp_superpoints|         array|
|wp_parameters_address0   |  out|    7|   ap_memory|      wp_parameters|         array|
|wp_parameters_ce0        |  out|    1|   ap_memory|      wp_parameters|         array|
|wp_parameters_we0        |  out|    1|   ap_memory|      wp_parameters|         array|
|wp_parameters_d0         |  out|   32|   ap_memory|      wp_parameters|         array|
|wp_parameters_q0         |   in|   32|   ap_memory|      wp_parameters|         array|
|wp_parameters_address1   |  out|    7|   ap_memory|      wp_parameters|         array|
|wp_parameters_ce1        |  out|    1|   ap_memory|      wp_parameters|         array|
|wp_parameters_we1        |  out|    1|   ap_memory|      wp_parameters|         array|
|wp_parameters_d1         |  out|   32|   ap_memory|      wp_parameters|         array|
|wp_parameters_q1         |   in|   32|   ap_memory|      wp_parameters|         array|
+-------------------------+-----+-----+------------+-------------------+--------------+

