

================================================================
== Vitis HLS Report for 'getShadows'
================================================================
* Date:           Sat Jul 27 22:50:43 2024

* Version:        2020.2 (Build 3064766 on Wed Nov 18 09:12:45 MST 2020)
* Project:        PatchMaker_tanishGit
* Solution:       solutionSC2 (Vivado IP Flow Target)
* Product family: virtexuplus
* Target device:  xcvu19p-fsvb3824-2-e


================================================================
== Performance Estimates
================================================================
+ Timing: 
    * Summary: 
    +--------+---------+----------+------------+
    |  Clock |  Target | Estimated| Uncertainty|
    +--------+---------+----------+------------+
    |ap_clk  |  5.00 ns|  3.612 ns|     1.35 ns|
    +--------+---------+----------+------------+

+ Latency: 
    * Summary: 
    +---------+---------+----------+----------+-----+-----+---------+
    |  Latency (cycles) |  Latency (absolute) |  Interval | Pipeline|
    |   min   |   max   |    min   |    max   | min | max |   Type  |
    +---------+---------+----------+----------+-----+-----+---------+
    |      334|      334|  1.670 us|  1.670 us|  334|  334|     none|
    +---------+---------+----------+----------+-----+-----+---------+

    + Detail: 
        * Instance: 
        +------------------------------------------------+-------------------------------------+---------+---------+-----------+-----------+-----+-----+---------+
        |                                                |                                     |  Latency (cycles) |   Latency (absolute)  |  Interval | Pipeline|
        |                    Instance                    |                Module               |   min   |   max   |    min    |    max    | min | max |   Type  |
        +------------------------------------------------+-------------------------------------+---------+---------+-----------+-----------+-----+-----+---------+
        |grp_straightLineProjectorFromLayerIJtoK_fu_297  |straightLineProjectorFromLayerIJtoK  |        3|        3|  15.000 ns|  15.000 ns|    1|    1|      yes|
        +------------------------------------------------+-------------------------------------+---------+---------+-----------+-----------+-----+-----+---------+

        * Loop: 
        +-------------------------------+---------+---------+----------+-----------+-----------+------+----------+
        |                               |  Latency (cycles) | Iteration|  Initiation Interval  | Trip |          |
        |           Loop Name           |   min   |   max   |  Latency |  achieved |   target  | Count| Pipelined|
        +-------------------------------+---------+---------+----------+-----------+-----------+------+----------+
        |- getShadows_settingtopArrays  |      304|      304|        76|          -|          -|     4|        no|
        |- getShadows_maxFinding_loop   |       27|       27|         9|          -|          -|     3|        no|
        +-------------------------------+---------+---------+----------+-----------+-----------+------+----------+



================================================================
== Utilization Estimates
================================================================
* Summary: 
+---------------------+---------+------+---------+---------+-----+
|         Name        | BRAM_18K|  DSP |    FF   |   LUT   | URAM|
+---------------------+---------+------+---------+---------+-----+
|DSP                  |        -|     -|        -|        -|    -|
|Expression           |        -|     -|        0|      564|    -|
|FIFO                 |        -|     -|        -|        -|    -|
|Instance             |        0|    16|     1778|     1246|    -|
|Memory               |        -|     -|        -|        -|    -|
|Multiplexer          |        -|     -|        -|      592|    -|
|Register             |        -|     -|     1080|        -|    -|
+---------------------+---------+------+---------+---------+-----+
|Total                |        0|    16|     2858|     2402|    0|
+---------------------+---------+------+---------+---------+-----+
|Available SLR        |     1080|   960|  2042880|  1021440|   80|
+---------------------+---------+------+---------+---------+-----+
|Utilization SLR (%)  |        0|     1|       ~0|       ~0|    0|
+---------------------+---------+------+---------+---------+-----+
|Available            |     4320|  3840|  8171520|  4085760|  320|
+---------------------+---------+------+---------+---------+-----+
|Utilization (%)      |        0|    ~0|       ~0|       ~0|    0|
+---------------------+---------+------+---------+---------+-----+

+ Detail: 
    * Instance: 
    +------------------------------------------------+-------------------------------------+---------+----+-----+-----+-----+
    |                    Instance                    |                Module               | BRAM_18K| DSP|  FF | LUT | URAM|
    +------------------------------------------------+-------------------------------------+---------+----+-----+-----+-----+
    |mul_64ns_66ns_129_2_1_U123                      |mul_64ns_66ns_129_2_1                |        0|   8|  361|  178|    0|
    |mul_64ns_66ns_129_2_1_U124                      |mul_64ns_66ns_129_2_1                |        0|   8|  361|  178|    0|
    |mux_42_32_1_1_U125                              |mux_42_32_1_1                        |        0|   0|    0|   20|    0|
    |mux_42_32_1_1_U126                              |mux_42_32_1_1                        |        0|   0|    0|   20|    0|
    |mux_42_32_1_1_U127                              |mux_42_32_1_1                        |        0|   0|    0|   20|    0|
    |grp_straightLineProjectorFromLayerIJtoK_fu_297  |straightLineProjectorFromLayerIJtoK  |        0|   0|  361|  412|    0|
    |urem_57s_4ns_57_61_seq_1_U122                   |urem_57s_4ns_57_61_seq_1             |        0|   0|  695|  418|    0|
    +------------------------------------------------+-------------------------------------+---------+----+-----+-----+-----+
    |Total                                           |                                     |        0|  16| 1778| 1246|    0|
    +------------------------------------------------+-------------------------------------+---------+----+-----+-----+-----+

    * DSP: 
    N/A

    * Memory: 
    N/A

    * FIFO: 
    N/A

    * Expression: 
    +-------------------------+----------+----+---+----+------------+------------+
    |      Variable Name      | Operation| DSP| FF| LUT| Bitwidth P0| Bitwidth P1|
    +-------------------------+----------+----+---+----+------------+------------+
    |add_ln196_1_fu_460_p2    |         +|   0|  0|  24|          17|          17|
    |add_ln196_2_fu_578_p2    |         +|   0|  0|  19|          60|          60|
    |add_ln196_3_fu_588_p2    |         +|   0|  0|  19|          60|          60|
    |add_ln196_fu_469_p2      |         +|   0|  0|  26|          19|          19|
    |add_ln197_1_fu_610_p2    |         +|   0|  0|  19|           8|           8|
    |add_ln197_fu_601_p2      |         +|   0|  0|  19|           8|           8|
    |add_ln199_1_fu_631_p2    |         +|   0|  0|  10|           3|           1|
    |add_ln199_fu_432_p2      |         +|   0|  0|  10|           3|           1|
    |add_ln205_fu_336_p2      |         +|   0|  0|  19|          12|           5|
    |add_ln206_fu_347_p2      |         +|   0|  0|  19|          12|           5|
    |add_ln207_fu_358_p2      |         +|   0|  0|  19|          12|           6|
    |add_ln208_fu_369_p2      |         +|   0|  0|  19|          12|           6|
    |add_ln212_fu_884_p2      |         +|   0|  0|  10|           3|           1|
    |sub_ln205_fu_330_p2      |         -|   0|  0|  19|          12|          12|
    |icmp_ln194_fu_438_p2     |      icmp|   0|  0|   9|           3|           4|
    |icmp_ln212_fu_747_p2     |      icmp|   0|  0|   9|           3|           4|
    |icmp_ln878_11_fu_394_p2  |      icmp|   0|  0|  20|          32|          26|
    |icmp_ln878_12_fu_822_p2  |      icmp|   0|  0|  20|          32|          32|
    |icmp_ln878_13_fu_878_p2  |      icmp|   0|  0|  20|          32|          32|
    |icmp_ln878_fu_380_p2     |      icmp|   0|  0|  20|          32|          27|
    |icmp_ln886_10_fu_850_p2  |      icmp|   0|  0|  20|          32|          32|
    |icmp_ln886_11_fu_780_p2  |      icmp|   0|  0|   8|           2|           1|
    |icmp_ln886_9_fu_766_p2   |      icmp|   0|  0|   8|           2|           3|
    |icmp_ln886_fu_795_p2     |      icmp|   0|  0|  20|          32|          32|
    |or_ln197_1_fu_644_p2     |        or|   0|  0|  12|          12|           4|
    |or_ln197_fu_515_p2       |        or|   0|  0|  19|           7|          19|
    |select_ln185_fu_386_p3   |    select|   0|  0|  32|           1|          27|
    |select_ln186_fu_400_p3   |    select|   0|  0|  32|           1|          32|
    |topL_jL_V_3_7_fu_786_p3  |    select|   0|  0|  32|           1|          32|
    |topL_jL_V_3_fu_772_p3    |    select|   0|  0|  32|           1|          32|
    +-------------------------+----------+----+---+----+------------+------------+
    |Total                    |          |   0|  0| 564|         466|         548|
    +-------------------------+----------+----+---+----+------------+------------+

    * Multiplexer: 
    +----------------------------------------------------+-----+-----------+-----+-----------+
    |                        Name                        | LUT | Input Size| Bits| Total Bits|
    +----------------------------------------------------+-----+-----------+-----+-----------+
    |ap_NS_fsm                                           |  429|         88|    1|         88|
    |grp_straightLineProjectorFromLayerIJtoK_fu_297_z_i  |   14|          3|   32|         96|
    |grp_straightLineProjectorFromLayerIJtoK_fu_297_z_j  |   14|          3|   32|         96|
    |i_11_reg_285                                        |    9|          2|    3|          6|
    |i_reg_274                                           |    9|          2|    3|          6|
    |patches_superpoints_address0                        |   14|          3|   12|         36|
    |wp_parameters_address0                              |   26|          5|   12|         60|
    |wp_parameters_address1                              |   26|          5|   12|         60|
    |wp_parameters_d0                                    |   14|          3|   32|         96|
    |wp_parameters_d1                                    |   37|          7|   32|        224|
    +----------------------------------------------------+-----+-----------+-----+-----------+
    |Total                                               |  592|        121|  171|        768|
    +----------------------------------------------------+-----+-----------+-----+-----------+

    * Register: 
    +-------------------------------------------------------------+----+----+-----+-----------+
    |                             Name                            | FF | LUT| Bits| Const Bits|
    +-------------------------------------------------------------+----+----+-----+-----------+
    |add_ln196_3_reg_1080                                         |  60|   0|   60|          0|
    |add_ln196_reg_1043                                           |  12|   0|   19|          7|
    |add_ln197_1_reg_1085                                         |   8|   0|    8|          0|
    |add_ln199_1_reg_1100                                         |   3|   0|    3|          0|
    |add_ln199_reg_1030                                           |   3|   0|    3|          0|
    |ap_CS_fsm                                                    |  87|   0|   87|          0|
    |grp_straightLineProjectorFromLayerIJtoK_fu_297_ap_start_reg  |   1|   0|    1|          0|
    |i_11_reg_285                                                 |   3|   0|    3|          0|
    |i_reg_274                                                    |   3|   0|    3|          0|
    |icmp_ln878_12_reg_1138                                       |   1|   0|    1|          0|
    |icmp_ln878_13_reg_1156                                       |   1|   0|    1|          0|
    |icmp_ln886_10_reg_1147                                       |   1|   0|    1|          0|
    |phi_ln878_1_reg_1151                                         |  32|   0|   32|          0|
    |phi_ln886_1_reg_1142                                         |  32|   0|   32|          0|
    |phi_ln_reg_1133                                              |  32|   0|   32|          0|
    |select_ln185_reg_1010                                        |  32|   0|   32|          0|
    |select_ln186_reg_1015                                        |  32|   0|   32|          0|
    |sext_ln194_reg_1025                                          |  10|   0|   17|          7|
    |sext_ln196_reg_1020                                          |  10|   0|   19|          9|
    |tmp_38_reg_1064                                              |  55|   0|   55|          0|
    |tmp_40_reg_1075                                              |   6|   0|    6|          0|
    |topL_jL_V_3_1_fu_128                                         |  32|   0|   32|          0|
    |topL_jL_V_3_2_fu_132                                         |  32|   0|   32|          0|
    |topL_jL_V_3_4_fu_136                                         |  32|   0|   32|          0|
    |topL_jL_V_3_5_fu_140                                         |  32|   0|   32|          0|
    |topL_jR_V_3_1_fu_148                                         |  32|   0|   32|          0|
    |topL_jR_V_3_2_fu_152                                         |  32|   0|   32|          0|
    |topL_jR_V_3_3_fu_156                                         |  32|   0|   32|          0|
    |topL_jR_V_3_fu_144                                           |  32|   0|   32|          0|
    |topR_jL_V_3_1_fu_164                                         |  32|   0|   32|          0|
    |topR_jL_V_3_2_fu_168                                         |  32|   0|   32|          0|
    |topR_jL_V_3_3_fu_172                                         |  32|   0|   32|          0|
    |topR_jL_V_3_fu_160                                           |  32|   0|   32|          0|
    |topR_jR_V_3_1_fu_180                                         |  32|   0|   32|          0|
    |topR_jR_V_3_2_fu_184                                         |  32|   0|   32|          0|
    |topR_jR_V_3_3_fu_188                                         |  32|   0|   32|          0|
    |topR_jR_V_3_fu_176                                           |  32|   0|   32|          0|
    |trunc_ln196_reg_1038                                         |   2|   0|    2|          0|
    |trunc_ln886_reg_1123                                         |   2|   0|    2|          0|
    |udiv_ln2_cast_reg_1070                                       |   8|   0|    8|          0|
    |wp_parameters_addr_28_reg_992                                |   9|   0|   12|          3|
    |wp_parameters_addr_29_reg_998                                |   9|   0|   12|          3|
    |wp_parameters_addr_30_reg_1004                               |   9|   0|   12|          3|
    |wp_parameters_addr_reg_986                                   |   9|   0|   12|          3|
    |wp_parameters_load_reg_1118                                  |  32|   0|   32|          0|
    |z_j_max_V_reg_1110                                           |  32|   0|   32|          0|
    |z_j_min_V_reg_1095                                           |  32|   0|   32|          0|
    +-------------------------------------------------------------+----+----+-----+-----------+
    |Total                                                        |1080|   0| 1115|         35|
    +-------------------------------------------------------------+----+----+-----+-----------+



================================================================
== Interface
================================================================
* Summary: 
+------------------------------+-----+-----+------------+----------------------+--------------+
|           RTL Ports          | Dir | Bits|  Protocol  |     Source Object    |    C Type    |
+------------------------------+-----+-----+------------+----------------------+--------------+
|ap_clk                        |   in|    1|  ap_ctrl_hs|            getShadows|  return value|
|ap_rst                        |   in|    1|  ap_ctrl_hs|            getShadows|  return value|
|ap_start                      |   in|    1|  ap_ctrl_hs|            getShadows|  return value|
|ap_done                       |  out|    1|  ap_ctrl_hs|            getShadows|  return value|
|ap_idle                       |  out|    1|  ap_ctrl_hs|            getShadows|  return value|
|ap_ready                      |  out|    1|  ap_ctrl_hs|            getShadows|  return value|
|patches_superpoints_address0  |  out|   12|   ap_memory|   patches_superpoints|         array|
|patches_superpoints_ce0       |  out|    1|   ap_memory|   patches_superpoints|         array|
|patches_superpoints_q0        |   in|   64|   ap_memory|   patches_superpoints|         array|
|wp_superpoints                |   in|    9|     ap_none|        wp_superpoints|        scalar|
|wp_parameters_address0        |  out|   12|   ap_memory|         wp_parameters|         array|
|wp_parameters_ce0             |  out|    1|   ap_memory|         wp_parameters|         array|
|wp_parameters_we0             |  out|    1|   ap_memory|         wp_parameters|         array|
|wp_parameters_d0              |  out|   32|   ap_memory|         wp_parameters|         array|
|wp_parameters_q0              |   in|   32|   ap_memory|         wp_parameters|         array|
|wp_parameters_address1        |  out|   12|   ap_memory|         wp_parameters|         array|
|wp_parameters_ce1             |  out|    1|   ap_memory|         wp_parameters|         array|
|wp_parameters_we1             |  out|    1|   ap_memory|         wp_parameters|         array|
|wp_parameters_d1              |  out|   32|   ap_memory|         wp_parameters|         array|
|wp_parameters_offset          |   in|    5|     ap_none|  wp_parameters_offset|        scalar|
|zTopMin                       |   in|   32|     ap_none|               zTopMin|        scalar|
|zTopMax                       |   in|   32|     ap_none|               zTopMax|        scalar|
+------------------------------+-----+-----+------------+----------------------+--------------+

