

================================================================
== Vitis HLS Report for 'getSolveNextPatchPairWhileCondition'
================================================================
* Date:           Sat Jun 27 14:15:54 2020

* Version:        2020.2 (Build 3064766 on Wed Nov 18 09:12:45 MST 2020)
* Project:        PatchMaker_tanishGit
* Solution:       solutionSC2 (Vivado IP Flow Target)
* Product family: virtexuplus
* Target device:  xcvu19p-fsvb3824-2-e


================================================================
== Performance Estimates
================================================================
+ Timing: 
    * Summary: 
    +--------+---------+----------+------------+
    |  Clock |  Target | Estimated| Uncertainty|
    +--------+---------+----------+------------+
    |ap_clk  |  5.00 ns|  2.626 ns|     1.35 ns|
    +--------+---------+----------+------------+

+ Latency: 
    * Summary: 
    +---------+---------+-----------+-----------+-----+-----+---------+
    |  Latency (cycles) |   Latency (absolute)  |  Interval | Pipeline|
    |   min   |   max   |    min    |    max    | min | max |   Type  |
    +---------+---------+-----------+-----------+-----+-----+---------+
    |        5|        5|  25.000 ns|  25.000 ns|    5|    5|     none|
    +---------+---------+-----------+-----------+-----+-----+---------+

    + Detail: 
        * Instance: 
        N/A

        * Loop: 
        N/A



================================================================
== Utilization Estimates
================================================================
* Summary: 
+---------------------+---------+------+---------+---------+-----+
|         Name        | BRAM_18K|  DSP |    FF   |   LUT   | URAM|
+---------------------+---------+------+---------+---------+-----+
|DSP                  |        -|     -|        -|        -|    -|
|Expression           |        -|     -|        0|      185|    -|
|FIFO                 |        -|     -|        -|        -|    -|
|Instance             |        -|     -|        -|        -|    -|
|Memory               |        -|     -|        -|        -|    -|
|Multiplexer          |        -|     -|        -|       46|    -|
|Register             |        -|     -|       75|        -|    -|
+---------------------+---------+------+---------+---------+-----+
|Total                |        0|     0|       75|      231|    0|
+---------------------+---------+------+---------+---------+-----+
|Available SLR        |     1080|   960|  2042880|  1021440|   80|
+---------------------+---------+------+---------+---------+-----+
|Utilization SLR (%)  |        0|     0|       ~0|       ~0|    0|
+---------------------+---------+------+---------+---------+-----+
|Available            |     4320|  3840|  8171520|  4085760|  320|
+---------------------+---------+------+---------+---------+-----+
|Utilization (%)      |        0|     0|       ~0|       ~0|    0|
+---------------------+---------+------+---------+---------+-----+

+ Detail: 
    * Instance: 
    N/A

    * DSP: 
    N/A

    * Memory: 
    N/A

    * FIFO: 
    N/A

    * Expression: 
    +------------------------+----------+----+---+----+------------+------------+
    |      Variable Name     | Operation| DSP| FF| LUT| Bitwidth P0| Bitwidth P1|
    +------------------------+----------+----+---+----+------------+------------+
    |add_ln886_fu_214_p2     |         +|   0|  0|  17|          12|           6|
    |sub_ln886_fu_208_p2     |         -|   0|  0|  17|          12|          12|
    |and_ln889_fu_229_p2     |       and|   0|  0|   2|           1|           1|
    |and_ln890_1_fu_277_p2   |       and|   0|  0|   2|           1|           1|
    |and_ln890_2_fu_283_p2   |       and|   0|  0|   2|           1|           1|
    |and_ln890_3_fu_289_p2   |       and|   0|  0|   2|           1|           1|
    |and_ln890_fu_271_p2     |       and|   0|  0|   2|           1|           1|
    |icmp_ln886_fu_235_p2    |      icmp|   0|  0|  20|          32|          27|
    |icmp_ln889_1_fu_182_p2  |      icmp|   0|  0|  24|          52|           1|
    |icmp_ln889_2_fu_140_p2  |      icmp|   0|  0|  29|          64|           1|
    |icmp_ln889_fu_176_p2    |      icmp|   0|  0|  11|          11|           2|
    |icmp_ln891_fu_134_p2    |      icmp|   0|  0|  29|          64|           3|
    |icmp_ln892_fu_246_p2    |      icmp|   0|  0|  20|          32|          32|
    |or_ln889_1_fu_266_p2    |        or|   0|  0|   2|           1|           1|
    |or_ln889_fu_225_p2      |        or|   0|  0|   2|           1|           1|
    |or_ln890_fu_241_p2      |        or|   0|  0|   2|           1|           1|
    |xor_ln893_fu_252_p2     |       xor|   0|  0|   2|           1|           2|
    +------------------------+----------+----+---+----+------------+------------+
    |Total                   |          |   0|  0| 185|         288|          94|
    +------------------------+----------+----+---+----+------------+------------+

    * Multiplexer: 
    +-----------+----+-----------+-----+-----------+
    |    Name   | LUT| Input Size| Bits| Total Bits|
    +-----------+----+-----------+-----+-----------+
    |ap_NS_fsm  |  37|          7|    1|          7|
    |ap_return  |   9|          2|    1|          2|
    +-----------+----+-----------+-----+-----------+
    |Total      |  46|          9|    2|          9|
    +-----------+----+-----------+-----+-----------+

    * Register: 
    +----------------------+----+----+-----+-----------+
    |         Name         | FF | LUT| Bits| Const Bits|
    +----------------------+----+----+-----+-----------+
    |ap_CS_fsm             |   6|   0|    6|          0|
    |ap_return_preg        |   1|   0|    1|          0|
    |dc_reg_310            |  64|   0|   64|          0|
    |icmp_ln889_1_reg_325  |   1|   0|    1|          0|
    |icmp_ln889_2_reg_305  |   1|   0|    1|          0|
    |icmp_ln889_reg_320    |   1|   0|    1|          0|
    |icmp_ln891_reg_300    |   1|   0|    1|          0|
    +----------------------+----+----+-----+-----------+
    |Total                 |  75|   0|   75|          0|
    +----------------------+----+----+-----+-----------+



================================================================
== Interface
================================================================
* Summary: 
+-----------------------------+-----+-----+------------+-------------------------------------+--------------+
|          RTL Ports          | Dir | Bits|  Protocol  |            Source Object            |    C Type    |
+-----------------------------+-----+-----+------------+-------------------------------------+--------------+
|ap_clk                       |   in|    1|  ap_ctrl_hs|  getSolveNextPatchPairWhileCondition|  return value|
|ap_rst                       |   in|    1|  ap_ctrl_hs|  getSolveNextPatchPairWhileCondition|  return value|
|ap_start                     |   in|    1|  ap_ctrl_hs|  getSolveNextPatchPairWhileCondition|  return value|
|ap_done                      |  out|    1|  ap_ctrl_hs|  getSolveNextPatchPairWhileCondition|  return value|
|ap_idle                      |  out|    1|  ap_ctrl_hs|  getSolveNextPatchPairWhileCondition|  return value|
|ap_ready                     |  out|    1|  ap_ctrl_hs|  getSolveNextPatchPairWhileCondition|  return value|
|ap_return                    |  out|    1|  ap_ctrl_hs|  getSolveNextPatchPairWhileCondition|  return value|
|grp_fu_1628_p_din0           |  out|   64|  ap_ctrl_hs|  getSolveNextPatchPairWhileCondition|  return value|
|grp_fu_1628_p_din1           |  out|   64|  ap_ctrl_hs|  getSolveNextPatchPairWhileCondition|  return value|
|grp_fu_1628_p_opcode         |  out|    5|  ap_ctrl_hs|  getSolveNextPatchPairWhileCondition|  return value|
|grp_fu_1628_p_dout0          |   in|    1|  ap_ctrl_hs|  getSolveNextPatchPairWhileCondition|  return value|
|grp_fu_1628_p_ce             |  out|    1|  ap_ctrl_hs|  getSolveNextPatchPairWhileCondition|  return value|
|grp_fu_1632_p_din0           |  out|   64|  ap_ctrl_hs|  getSolveNextPatchPairWhileCondition|  return value|
|grp_fu_1632_p_dout0          |   in|   64|  ap_ctrl_hs|  getSolveNextPatchPairWhileCondition|  return value|
|grp_fu_1632_p_ce             |  out|    1|  ap_ctrl_hs|  getSolveNextPatchPairWhileCondition|  return value|
|GDn_points_address0          |  out|    3|   ap_memory|                           GDn_points|         array|
|GDn_points_ce0               |  out|    1|   ap_memory|                           GDn_points|         array|
|GDn_points_q0                |   in|   32|   ap_memory|                           GDn_points|         array|
|lastPatchIndex               |   in|    5|     ap_none|                       lastPatchIndex|        scalar|
|repeat_original              |   in|    1|     ap_none|                      repeat_original|        scalar|
|white_space_height           |   in|   64|     ap_none|                   white_space_height|        scalar|
|previous_white_space_height  |   in|   64|     ap_none|          previous_white_space_height|        scalar|
|current_z_top_index          |   in|   32|     ap_none|                  current_z_top_index|        scalar|
|patches_parameters_address0  |  out|   12|   ap_memory|                   patches_parameters|         array|
|patches_parameters_ce0       |  out|    1|   ap_memory|                   patches_parameters|         array|
|patches_parameters_q0        |   in|   32|   ap_memory|                   patches_parameters|         array|
+-----------------------------+-----+-----+------------+-------------------------------------+--------------+

