

================================================================
== Vitis HLS Report for 'initializeArrays'
================================================================
* Date:           Sun Jul 28 01:34:50 2024

* Version:        2020.2 (Build 3064766 on Wed Nov 18 09:12:45 MST 2020)
* Project:        PatchMaker_tanishGit
* Solution:       solutionSC2 (Vivado IP Flow Target)
* Product family: virtexuplus
* Target device:  xcvu19p-fsvb3824-2-e


================================================================
== Performance Estimates
================================================================
+ Timing: 
    * Summary: 
    +--------+---------+----------+------------+
    |  Clock |  Target | Estimated| Uncertainty|
    +--------+---------+----------+------------+
    |ap_clk  |  3.00 ns|  1.905 ns|     0.81 ns|
    +--------+---------+----------+------------+

+ Latency: 
    * Summary: 
    +---------+---------+----------+----------+-----+-----+---------+
    |  Latency (cycles) |  Latency (absolute) |  Interval | Pipeline|
    |   min   |   max   |    min   |    max   | min | max |   Type  |
    +---------+---------+----------+----------+-----+-----+---------+
    |      132|      132|  0.396 us|  0.396 us|  132|  132|     none|
    +---------+---------+----------+----------+-----+-----+---------+

    + Detail: 
        * Instance: 
        N/A

        * Loop: 
        +---------------------+---------+---------+----------+-----------+-----------+------+----------+
        |                     |  Latency (cycles) | Iteration|  Initiation Interval  | Trip |          |
        |      Loop Name      |   min   |   max   |  Latency |  achieved |   target  | Count| Pipelined|
        +---------------------+---------+---------+----------+-----------+-----------+------+----------+
        |- initArraysSPloop1  |       96|       96|         3|          3|          1|    32|       yes|
        |- initArraysPPloop1  |       32|       32|         1|          1|          1|    32|       yes|
        +---------------------+---------+---------+----------+-----------+-----------+------+----------+



================================================================
== Utilization Estimates
================================================================
* Summary: 
+---------------------+---------+------+---------+---------+-----+
|         Name        | BRAM_18K|  DSP |    FF   |   LUT   | URAM|
+---------------------+---------+------+---------+---------+-----+
|DSP                  |        -|     -|        -|        -|    -|
|Expression           |        -|     -|        0|      121|    -|
|FIFO                 |        -|     -|        -|        -|    -|
|Instance             |        -|     -|        -|        -|    -|
|Memory               |        -|     -|        -|        -|    -|
|Multiplexer          |        -|     -|        -|      605|    -|
|Register             |        -|     -|       33|        -|    -|
+---------------------+---------+------+---------+---------+-----+
|Total                |        0|     0|       33|      726|    0|
+---------------------+---------+------+---------+---------+-----+
|Available SLR        |     1080|   960|  2042880|  1021440|   80|
+---------------------+---------+------+---------+---------+-----+
|Utilization SLR (%)  |        0|     0|       ~0|       ~0|    0|
+---------------------+---------+------+---------+---------+-----+
|Available            |     4320|  3840|  8171520|  4085760|  320|
+---------------------+---------+------+---------+---------+-----+
|Utilization (%)      |        0|     0|       ~0|       ~0|    0|
+---------------------+---------+------+---------+---------+-----+

+ Detail: 
    * Instance: 
    N/A

    * DSP: 
    N/A

    * Memory: 
    N/A

    * FIFO: 
    N/A

    * Expression: 
    +------------------------+----------+----+---+----+------------+------------+
    |      Variable Name     | Operation| DSP| FF| LUT| Bitwidth P0| Bitwidth P1|
    +------------------------+----------+----+---+----+------------+------------+
    |add_ln540_fu_2840_p2    |         +|   0|  0|  13|           6|           1|
    |add_ln555_1_fu_2890_p2  |         +|   0|  0|  15|           8|           1|
    |add_ln555_2_fu_2915_p2  |         +|   0|  0|  15|           8|           2|
    |add_ln555_3_fu_2940_p2  |         +|   0|  0|  15|           8|           2|
    |add_ln555_4_fu_2965_p2  |         +|   0|  0|  15|           8|           3|
    |add_ln555_fu_2864_p2    |         +|   0|  0|  15|           8|           8|
    |add_ln561_fu_2990_p2    |         +|   0|  0|  13|           6|           1|
    |icmp_ln540_fu_2846_p2   |      icmp|   0|  0|  10|           6|           7|
    |icmp_ln561_fu_2996_p2   |      icmp|   0|  0|  10|           6|           7|
    +------------------------+----------+----+---+----+------------+------------+
    |Total                   |          |   0|  0| 121|          64|          32|
    +------------------------+----------+----+---+----+------------+------------+

    * Multiplexer: 
    +---------------------------------+----+-----------+-----+-----------+
    |               Name              | LUT| Input Size| Bits| Total Bits|
    +---------------------------------+----+-----------+-----+-----------+
    |a_1_reg_2829                     |   9|          2|    6|         12|
    |a_reg_2818                       |   9|          2|    6|         12|
    |ap_NS_fsm                        |  43|          8|    1|          8|
    |patches_superpoints_0_address0   |  20|          4|    8|         32|
    |patches_superpoints_0_address1   |  14|          3|    8|         24|
    |patches_superpoints_10_address0  |  20|          4|    8|         32|
    |patches_superpoints_10_address1  |  14|          3|    8|         24|
    |patches_superpoints_11_address0  |  20|          4|    8|         32|
    |patches_superpoints_11_address1  |  14|          3|    8|         24|
    |patches_superpoints_12_address0  |  20|          4|    8|         32|
    |patches_superpoints_12_address1  |  14|          3|    8|         24|
    |patches_superpoints_13_address0  |  20|          4|    8|         32|
    |patches_superpoints_13_address1  |  14|          3|    8|         24|
    |patches_superpoints_14_address0  |  20|          4|    8|         32|
    |patches_superpoints_14_address1  |  14|          3|    8|         24|
    |patches_superpoints_15_address0  |  20|          4|    8|         32|
    |patches_superpoints_15_address1  |  14|          3|    8|         24|
    |patches_superpoints_1_address0   |  20|          4|    8|         32|
    |patches_superpoints_1_address1   |  14|          3|    8|         24|
    |patches_superpoints_2_address0   |  20|          4|    8|         32|
    |patches_superpoints_2_address1   |  14|          3|    8|         24|
    |patches_superpoints_3_address0   |  20|          4|    8|         32|
    |patches_superpoints_3_address1   |  14|          3|    8|         24|
    |patches_superpoints_4_address0   |  20|          4|    8|         32|
    |patches_superpoints_4_address1   |  14|          3|    8|         24|
    |patches_superpoints_5_address0   |  20|          4|    8|         32|
    |patches_superpoints_5_address1   |  14|          3|    8|         24|
    |patches_superpoints_6_address0   |  20|          4|    8|         32|
    |patches_superpoints_6_address1   |  14|          3|    8|         24|
    |patches_superpoints_7_address0   |  20|          4|    8|         32|
    |patches_superpoints_7_address1   |  14|          3|    8|         24|
    |patches_superpoints_8_address0   |  20|          4|    8|         32|
    |patches_superpoints_8_address1   |  14|          3|    8|         24|
    |patches_superpoints_9_address0   |  20|          4|    8|         32|
    |patches_superpoints_9_address1   |  14|          3|    8|         24|
    +---------------------------------+----+-----------+-----+-----------+
    |Total                            | 605|        124|  269|        928|
    +---------------------------------+----+-----------+-----+-----------+

    * Register: 
    +--------------------+---+----+-----+-----------+
    |        Name        | FF| LUT| Bits| Const Bits|
    +--------------------+---+----+-----+-----------+
    |a_1_reg_2829        |  6|   0|    6|          0|
    |a_reg_2818          |  6|   0|    6|          0|
    |add_ln540_reg_3126  |  6|   0|    6|          0|
    |add_ln555_reg_3134  |  8|   0|    8|          0|
    |ap_CS_fsm           |  7|   0|    7|          0|
    +--------------------+---+----+-----+-----------+
    |Total               | 33|   0|   33|          0|
    +--------------------+---+----+-----+-----------+



================================================================
== Interface
================================================================
* Summary: 
+-----------------------------------+-----+-----+------------+--------------------------+--------------+
|             RTL Ports             | Dir | Bits|  Protocol  |       Source Object      |    C Type    |
+-----------------------------------+-----+-----+------------+--------------------------+--------------+
|ap_clk                             |   in|    1|  ap_ctrl_hs|          initializeArrays|  return value|
|ap_rst                             |   in|    1|  ap_ctrl_hs|          initializeArrays|  return value|
|ap_start                           |   in|    1|  ap_ctrl_hs|          initializeArrays|  return value|
|ap_done                            |  out|    1|  ap_ctrl_hs|          initializeArrays|  return value|
|ap_idle                            |  out|    1|  ap_ctrl_hs|          initializeArrays|  return value|
|ap_ready                           |  out|    1|  ap_ctrl_hs|          initializeArrays|  return value|
|patches_superpoints_0_address0     |  out|    8|   ap_memory|     patches_superpoints_0|         array|
|patches_superpoints_0_ce0          |  out|    1|   ap_memory|     patches_superpoints_0|         array|
|patches_superpoints_0_we0          |  out|    1|   ap_memory|     patches_superpoints_0|         array|
|patches_superpoints_0_d0           |  out|   64|   ap_memory|     patches_superpoints_0|         array|
|patches_superpoints_0_address1     |  out|    8|   ap_memory|     patches_superpoints_0|         array|
|patches_superpoints_0_ce1          |  out|    1|   ap_memory|     patches_superpoints_0|         array|
|patches_superpoints_0_we1          |  out|    1|   ap_memory|     patches_superpoints_0|         array|
|patches_superpoints_0_d1           |  out|   64|   ap_memory|     patches_superpoints_0|         array|
|patches_superpoints_1_address0     |  out|    8|   ap_memory|     patches_superpoints_1|         array|
|patches_superpoints_1_ce0          |  out|    1|   ap_memory|     patches_superpoints_1|         array|
|patches_superpoints_1_we0          |  out|    1|   ap_memory|     patches_superpoints_1|         array|
|patches_superpoints_1_d0           |  out|   64|   ap_memory|     patches_superpoints_1|         array|
|patches_superpoints_1_address1     |  out|    8|   ap_memory|     patches_superpoints_1|         array|
|patches_superpoints_1_ce1          |  out|    1|   ap_memory|     patches_superpoints_1|         array|
|patches_superpoints_1_we1          |  out|    1|   ap_memory|     patches_superpoints_1|         array|
|patches_superpoints_1_d1           |  out|   64|   ap_memory|     patches_superpoints_1|         array|
|patches_superpoints_2_address0     |  out|    8|   ap_memory|     patches_superpoints_2|         array|
|patches_superpoints_2_ce0          |  out|    1|   ap_memory|     patches_superpoints_2|         array|
|patches_superpoints_2_we0          |  out|    1|   ap_memory|     patches_superpoints_2|         array|
|patches_superpoints_2_d0           |  out|   64|   ap_memory|     patches_superpoints_2|         array|
|patches_superpoints_2_address1     |  out|    8|   ap_memory|     patches_superpoints_2|         array|
|patches_superpoints_2_ce1          |  out|    1|   ap_memory|     patches_superpoints_2|         array|
|patches_superpoints_2_we1          |  out|    1|   ap_memory|     patches_superpoints_2|         array|
|patches_superpoints_2_d1           |  out|   64|   ap_memory|     patches_superpoints_2|         array|
|patches_superpoints_3_address0     |  out|    8|   ap_memory|     patches_superpoints_3|         array|
|patches_superpoints_3_ce0          |  out|    1|   ap_memory|     patches_superpoints_3|         array|
|patches_superpoints_3_we0          |  out|    1|   ap_memory|     patches_superpoints_3|         array|
|patches_superpoints_3_d0           |  out|   64|   ap_memory|     patches_superpoints_3|         array|
|patches_superpoints_3_address1     |  out|    8|   ap_memory|     patches_superpoints_3|         array|
|patches_superpoints_3_ce1          |  out|    1|   ap_memory|     patches_superpoints_3|         array|
|patches_superpoints_3_we1          |  out|    1|   ap_memory|     patches_superpoints_3|         array|
|patches_superpoints_3_d1           |  out|   64|   ap_memory|     patches_superpoints_3|         array|
|patches_superpoints_4_address0     |  out|    8|   ap_memory|     patches_superpoints_4|         array|
|patches_superpoints_4_ce0          |  out|    1|   ap_memory|     patches_superpoints_4|         array|
|patches_superpoints_4_we0          |  out|    1|   ap_memory|     patches_superpoints_4|         array|
|patches_superpoints_4_d0           |  out|   64|   ap_memory|     patches_superpoints_4|         array|
|patches_superpoints_4_address1     |  out|    8|   ap_memory|     patches_superpoints_4|         array|
|patches_superpoints_4_ce1          |  out|    1|   ap_memory|     patches_superpoints_4|         array|
|patches_superpoints_4_we1          |  out|    1|   ap_memory|     patches_superpoints_4|         array|
|patches_superpoints_4_d1           |  out|   64|   ap_memory|     patches_superpoints_4|         array|
|patches_superpoints_5_address0     |  out|    8|   ap_memory|     patches_superpoints_5|         array|
|patches_superpoints_5_ce0          |  out|    1|   ap_memory|     patches_superpoints_5|         array|
|patches_superpoints_5_we0          |  out|    1|   ap_memory|     patches_superpoints_5|         array|
|patches_superpoints_5_d0           |  out|   64|   ap_memory|     patches_superpoints_5|         array|
|patches_superpoints_5_address1     |  out|    8|   ap_memory|     patches_superpoints_5|         array|
|patches_superpoints_5_ce1          |  out|    1|   ap_memory|     patches_superpoints_5|         array|
|patches_superpoints_5_we1          |  out|    1|   ap_memory|     patches_superpoints_5|         array|
|patches_superpoints_5_d1           |  out|   64|   ap_memory|     patches_superpoints_5|         array|
|patches_superpoints_6_address0     |  out|    8|   ap_memory|     patches_superpoints_6|         array|
|patches_superpoints_6_ce0          |  out|    1|   ap_memory|     patches_superpoints_6|         array|
|patches_superpoints_6_we0          |  out|    1|   ap_memory|     patches_superpoints_6|         array|
|patches_superpoints_6_d0           |  out|   64|   ap_memory|     patches_superpoints_6|         array|
|patches_superpoints_6_address1     |  out|    8|   ap_memory|     patches_superpoints_6|         array|
|patches_superpoints_6_ce1          |  out|    1|   ap_memory|     patches_superpoints_6|         array|
|patches_superpoints_6_we1          |  out|    1|   ap_memory|     patches_superpoints_6|         array|
|patches_superpoints_6_d1           |  out|   64|   ap_memory|     patches_superpoints_6|         array|
|patches_superpoints_7_address0     |  out|    8|   ap_memory|     patches_superpoints_7|         array|
|patches_superpoints_7_ce0          |  out|    1|   ap_memory|     patches_superpoints_7|         array|
|patches_superpoints_7_we0          |  out|    1|   ap_memory|     patches_superpoints_7|         array|
|patches_superpoints_7_d0           |  out|   64|   ap_memory|     patches_superpoints_7|         array|
|patches_superpoints_7_address1     |  out|    8|   ap_memory|     patches_superpoints_7|         array|
|patches_superpoints_7_ce1          |  out|    1|   ap_memory|     patches_superpoints_7|         array|
|patches_superpoints_7_we1          |  out|    1|   ap_memory|     patches_superpoints_7|         array|
|patches_superpoints_7_d1           |  out|   64|   ap_memory|     patches_superpoints_7|         array|
|patches_superpoints_8_address0     |  out|    8|   ap_memory|     patches_superpoints_8|         array|
|patches_superpoints_8_ce0          |  out|    1|   ap_memory|     patches_superpoints_8|         array|
|patches_superpoints_8_we0          |  out|    1|   ap_memory|     patches_superpoints_8|         array|
|patches_superpoints_8_d0           |  out|   64|   ap_memory|     patches_superpoints_8|         array|
|patches_superpoints_8_address1     |  out|    8|   ap_memory|     patches_superpoints_8|         array|
|patches_superpoints_8_ce1          |  out|    1|   ap_memory|     patches_superpoints_8|         array|
|patches_superpoints_8_we1          |  out|    1|   ap_memory|     patches_superpoints_8|         array|
|patches_superpoints_8_d1           |  out|   64|   ap_memory|     patches_superpoints_8|         array|
|patches_superpoints_9_address0     |  out|    8|   ap_memory|     patches_superpoints_9|         array|
|patches_superpoints_9_ce0          |  out|    1|   ap_memory|     patches_superpoints_9|         array|
|patches_superpoints_9_we0          |  out|    1|   ap_memory|     patches_superpoints_9|         array|
|patches_superpoints_9_d0           |  out|   64|   ap_memory|     patches_superpoints_9|         array|
|patches_superpoints_9_address1     |  out|    8|   ap_memory|     patches_superpoints_9|         array|
|patches_superpoints_9_ce1          |  out|    1|   ap_memory|     patches_superpoints_9|         array|
|patches_superpoints_9_we1          |  out|    1|   ap_memory|     patches_superpoints_9|         array|
|patches_superpoints_9_d1           |  out|   64|   ap_memory|     patches_superpoints_9|         array|
|patches_superpoints_10_address0    |  out|    8|   ap_memory|    patches_superpoints_10|         array|
|patches_superpoints_10_ce0         |  out|    1|   ap_memory|    patches_superpoints_10|         array|
|patches_superpoints_10_we0         |  out|    1|   ap_memory|    patches_superpoints_10|         array|
|patches_superpoints_10_d0          |  out|   64|   ap_memory|    patches_superpoints_10|         array|
|patches_superpoints_10_address1    |  out|    8|   ap_memory|    patches_superpoints_10|         array|
|patches_superpoints_10_ce1         |  out|    1|   ap_memory|    patches_superpoints_10|         array|
|patches_superpoints_10_we1         |  out|    1|   ap_memory|    patches_superpoints_10|         array|
|patches_superpoints_10_d1          |  out|   64|   ap_memory|    patches_superpoints_10|         array|
|patches_superpoints_11_address0    |  out|    8|   ap_memory|    patches_superpoints_11|         array|
|patches_superpoints_11_ce0         |  out|    1|   ap_memory|    patches_superpoints_11|         array|
|patches_superpoints_11_we0         |  out|    1|   ap_memory|    patches_superpoints_11|         array|
|patches_superpoints_11_d0          |  out|   64|   ap_memory|    patches_superpoints_11|         array|
|patches_superpoints_11_address1    |  out|    8|   ap_memory|    patches_superpoints_11|         array|
|patches_superpoints_11_ce1         |  out|    1|   ap_memory|    patches_superpoints_11|         array|
|patches_superpoints_11_we1         |  out|    1|   ap_memory|    patches_superpoints_11|         array|
|patches_superpoints_11_d1          |  out|   64|   ap_memory|    patches_superpoints_11|         array|
|patches_superpoints_12_address0    |  out|    8|   ap_memory|    patches_superpoints_12|         array|
|patches_superpoints_12_ce0         |  out|    1|   ap_memory|    patches_superpoints_12|         array|
|patches_superpoints_12_we0         |  out|    1|   ap_memory|    patches_superpoints_12|         array|
|patches_superpoints_12_d0          |  out|   64|   ap_memory|    patches_superpoints_12|         array|
|patches_superpoints_12_address1    |  out|    8|   ap_memory|    patches_superpoints_12|         array|
|patches_superpoints_12_ce1         |  out|    1|   ap_memory|    patches_superpoints_12|         array|
|patches_superpoints_12_we1         |  out|    1|   ap_memory|    patches_superpoints_12|         array|
|patches_superpoints_12_d1          |  out|   64|   ap_memory|    patches_superpoints_12|         array|
|patches_superpoints_13_address0    |  out|    8|   ap_memory|    patches_superpoints_13|         array|
|patches_superpoints_13_ce0         |  out|    1|   ap_memory|    patches_superpoints_13|         array|
|patches_superpoints_13_we0         |  out|    1|   ap_memory|    patches_superpoints_13|         array|
|patches_superpoints_13_d0          |  out|   64|   ap_memory|    patches_superpoints_13|         array|
|patches_superpoints_13_address1    |  out|    8|   ap_memory|    patches_superpoints_13|         array|
|patches_superpoints_13_ce1         |  out|    1|   ap_memory|    patches_superpoints_13|         array|
|patches_superpoints_13_we1         |  out|    1|   ap_memory|    patches_superpoints_13|         array|
|patches_superpoints_13_d1          |  out|   64|   ap_memory|    patches_superpoints_13|         array|
|patches_superpoints_14_address0    |  out|    8|   ap_memory|    patches_superpoints_14|         array|
|patches_superpoints_14_ce0         |  out|    1|   ap_memory|    patches_superpoints_14|         array|
|patches_superpoints_14_we0         |  out|    1|   ap_memory|    patches_superpoints_14|         array|
|patches_superpoints_14_d0          |  out|   64|   ap_memory|    patches_superpoints_14|         array|
|patches_superpoints_14_address1    |  out|    8|   ap_memory|    patches_superpoints_14|         array|
|patches_superpoints_14_ce1         |  out|    1|   ap_memory|    patches_superpoints_14|         array|
|patches_superpoints_14_we1         |  out|    1|   ap_memory|    patches_superpoints_14|         array|
|patches_superpoints_14_d1          |  out|   64|   ap_memory|    patches_superpoints_14|         array|
|patches_superpoints_15_address0    |  out|    8|   ap_memory|    patches_superpoints_15|         array|
|patches_superpoints_15_ce0         |  out|    1|   ap_memory|    patches_superpoints_15|         array|
|patches_superpoints_15_we0         |  out|    1|   ap_memory|    patches_superpoints_15|         array|
|patches_superpoints_15_d0          |  out|   64|   ap_memory|    patches_superpoints_15|         array|
|patches_superpoints_15_address1    |  out|    8|   ap_memory|    patches_superpoints_15|         array|
|patches_superpoints_15_ce1         |  out|    1|   ap_memory|    patches_superpoints_15|         array|
|patches_superpoints_15_we1         |  out|    1|   ap_memory|    patches_superpoints_15|         array|
|patches_superpoints_15_d1          |  out|   64|   ap_memory|    patches_superpoints_15|         array|
|patches_parameters_address0        |  out|    5|   ap_memory|        patches_parameters|         array|
|patches_parameters_ce0             |  out|    1|   ap_memory|        patches_parameters|         array|
|patches_parameters_we0             |  out|    1|   ap_memory|        patches_parameters|         array|
|patches_parameters_d0              |  out|   32|   ap_memory|        patches_parameters|         array|
|patches_parameters1_address0       |  out|    5|   ap_memory|       patches_parameters1|         array|
|patches_parameters1_ce0            |  out|    1|   ap_memory|       patches_parameters1|         array|
|patches_parameters1_we0            |  out|    1|   ap_memory|       patches_parameters1|         array|
|patches_parameters1_d0             |  out|   32|   ap_memory|       patches_parameters1|         array|
|patches_parameters2_address0       |  out|    5|   ap_memory|       patches_parameters2|         array|
|patches_parameters2_ce0            |  out|    1|   ap_memory|       patches_parameters2|         array|
|patches_parameters2_we0            |  out|    1|   ap_memory|       patches_parameters2|         array|
|patches_parameters2_d0             |  out|   32|   ap_memory|       patches_parameters2|         array|
|patches_parameters3_address0       |  out|    5|   ap_memory|       patches_parameters3|         array|
|patches_parameters3_ce0            |  out|    1|   ap_memory|       patches_parameters3|         array|
|patches_parameters3_we0            |  out|    1|   ap_memory|       patches_parameters3|         array|
|patches_parameters3_d0             |  out|   32|   ap_memory|       patches_parameters3|         array|
|patches_parameters4_address0       |  out|    5|   ap_memory|       patches_parameters4|         array|
|patches_parameters4_ce0            |  out|    1|   ap_memory|       patches_parameters4|         array|
|patches_parameters4_we0            |  out|    1|   ap_memory|       patches_parameters4|         array|
|patches_parameters4_d0             |  out|   32|   ap_memory|       patches_parameters4|         array|
|patches_parameters5_address0       |  out|    5|   ap_memory|       patches_parameters5|         array|
|patches_parameters5_ce0            |  out|    1|   ap_memory|       patches_parameters5|         array|
|patches_parameters5_we0            |  out|    1|   ap_memory|       patches_parameters5|         array|
|patches_parameters5_d0             |  out|   32|   ap_memory|       patches_parameters5|         array|
|patches_parameters16_address0      |  out|    5|   ap_memory|      patches_parameters16|         array|
|patches_parameters16_ce0           |  out|    1|   ap_memory|      patches_parameters16|         array|
|patches_parameters16_we0           |  out|    1|   ap_memory|      patches_parameters16|         array|
|patches_parameters16_d0            |  out|   32|   ap_memory|      patches_parameters16|         array|
|patches_parameters17_address0      |  out|    5|   ap_memory|      patches_parameters17|         array|
|patches_parameters17_ce0           |  out|    1|   ap_memory|      patches_parameters17|         array|
|patches_parameters17_we0           |  out|    1|   ap_memory|      patches_parameters17|         array|
|patches_parameters17_d0            |  out|   32|   ap_memory|      patches_parameters17|         array|
|patches_parameters18_address0      |  out|    5|   ap_memory|      patches_parameters18|         array|
|patches_parameters18_ce0           |  out|    1|   ap_memory|      patches_parameters18|         array|
|patches_parameters18_we0           |  out|    1|   ap_memory|      patches_parameters18|         array|
|patches_parameters18_d0            |  out|   32|   ap_memory|      patches_parameters18|         array|
|patches_parameters19_address0      |  out|    5|   ap_memory|      patches_parameters19|         array|
|patches_parameters19_ce0           |  out|    1|   ap_memory|      patches_parameters19|         array|
|patches_parameters19_we0           |  out|    1|   ap_memory|      patches_parameters19|         array|
|patches_parameters19_d0            |  out|   32|   ap_memory|      patches_parameters19|         array|
|patches_parameters110_address0     |  out|    5|   ap_memory|     patches_parameters110|         array|
|patches_parameters110_ce0          |  out|    1|   ap_memory|     patches_parameters110|         array|
|patches_parameters110_we0          |  out|    1|   ap_memory|     patches_parameters110|         array|
|patches_parameters110_d0           |  out|   32|   ap_memory|     patches_parameters110|         array|
|patches_parameters111_address0     |  out|    5|   ap_memory|     patches_parameters111|         array|
|patches_parameters111_ce0          |  out|    1|   ap_memory|     patches_parameters111|         array|
|patches_parameters111_we0          |  out|    1|   ap_memory|     patches_parameters111|         array|
|patches_parameters111_d0           |  out|   32|   ap_memory|     patches_parameters111|         array|
|patches_parameters212_address0     |  out|    5|   ap_memory|     patches_parameters212|         array|
|patches_parameters212_ce0          |  out|    1|   ap_memory|     patches_parameters212|         array|
|patches_parameters212_we0          |  out|    1|   ap_memory|     patches_parameters212|         array|
|patches_parameters212_d0           |  out|   32|   ap_memory|     patches_parameters212|         array|
|patches_parameters213_address0     |  out|    5|   ap_memory|     patches_parameters213|         array|
|patches_parameters213_ce0          |  out|    1|   ap_memory|     patches_parameters213|         array|
|patches_parameters213_we0          |  out|    1|   ap_memory|     patches_parameters213|         array|
|patches_parameters213_d0           |  out|   32|   ap_memory|     patches_parameters213|         array|
|patches_parameters214_address0     |  out|    5|   ap_memory|     patches_parameters214|         array|
|patches_parameters214_ce0          |  out|    1|   ap_memory|     patches_parameters214|         array|
|patches_parameters214_we0          |  out|    1|   ap_memory|     patches_parameters214|         array|
|patches_parameters214_d0           |  out|   32|   ap_memory|     patches_parameters214|         array|
|patches_parameters215_address0     |  out|    5|   ap_memory|     patches_parameters215|         array|
|patches_parameters215_ce0          |  out|    1|   ap_memory|     patches_parameters215|         array|
|patches_parameters215_we0          |  out|    1|   ap_memory|     patches_parameters215|         array|
|patches_parameters215_d0           |  out|   32|   ap_memory|     patches_parameters215|         array|
|patches_parameters216_address0     |  out|    5|   ap_memory|     patches_parameters216|         array|
|patches_parameters216_ce0          |  out|    1|   ap_memory|     patches_parameters216|         array|
|patches_parameters216_we0          |  out|    1|   ap_memory|     patches_parameters216|         array|
|patches_parameters216_d0           |  out|   32|   ap_memory|     patches_parameters216|         array|
|patches_parameters217_address0     |  out|    5|   ap_memory|     patches_parameters217|         array|
|patches_parameters217_ce0          |  out|    1|   ap_memory|     patches_parameters217|         array|
|patches_parameters217_we0          |  out|    1|   ap_memory|     patches_parameters217|         array|
|patches_parameters217_d0           |  out|   32|   ap_memory|     patches_parameters217|         array|
|patches_parameters318_address0     |  out|    5|   ap_memory|     patches_parameters318|         array|
|patches_parameters318_ce0          |  out|    1|   ap_memory|     patches_parameters318|         array|
|patches_parameters318_we0          |  out|    1|   ap_memory|     patches_parameters318|         array|
|patches_parameters318_d0           |  out|   32|   ap_memory|     patches_parameters318|         array|
|patches_parameters319_address0     |  out|    5|   ap_memory|     patches_parameters319|         array|
|patches_parameters319_ce0          |  out|    1|   ap_memory|     patches_parameters319|         array|
|patches_parameters319_we0          |  out|    1|   ap_memory|     patches_parameters319|         array|
|patches_parameters319_d0           |  out|   32|   ap_memory|     patches_parameters319|         array|
|patches_parameters320_address0     |  out|    5|   ap_memory|     patches_parameters320|         array|
|patches_parameters320_ce0          |  out|    1|   ap_memory|     patches_parameters320|         array|
|patches_parameters320_we0          |  out|    1|   ap_memory|     patches_parameters320|         array|
|patches_parameters320_d0           |  out|   32|   ap_memory|     patches_parameters320|         array|
|patches_parameters321_address0     |  out|    5|   ap_memory|     patches_parameters321|         array|
|patches_parameters321_ce0          |  out|    1|   ap_memory|     patches_parameters321|         array|
|patches_parameters321_we0          |  out|    1|   ap_memory|     patches_parameters321|         array|
|patches_parameters321_d0           |  out|   32|   ap_memory|     patches_parameters321|         array|
|patches_parameters322_address0     |  out|    5|   ap_memory|     patches_parameters322|         array|
|patches_parameters322_ce0          |  out|    1|   ap_memory|     patches_parameters322|         array|
|patches_parameters322_we0          |  out|    1|   ap_memory|     patches_parameters322|         array|
|patches_parameters322_d0           |  out|   32|   ap_memory|     patches_parameters322|         array|
|patches_parameters323_address0     |  out|    5|   ap_memory|     patches_parameters323|         array|
|patches_parameters323_ce0          |  out|    1|   ap_memory|     patches_parameters323|         array|
|patches_parameters323_we0          |  out|    1|   ap_memory|     patches_parameters323|         array|
|patches_parameters323_d0           |  out|   32|   ap_memory|     patches_parameters323|         array|
|patches_parameters14_address0      |  out|    5|   ap_memory|      patches_parameters14|         array|
|patches_parameters14_ce0           |  out|    1|   ap_memory|      patches_parameters14|         array|
|patches_parameters14_we0           |  out|    1|   ap_memory|      patches_parameters14|         array|
|patches_parameters14_d0            |  out|   32|   ap_memory|      patches_parameters14|         array|
|patches_parameters1424_address0    |  out|    5|   ap_memory|    patches_parameters1424|         array|
|patches_parameters1424_ce0         |  out|    1|   ap_memory|    patches_parameters1424|         array|
|patches_parameters1424_we0         |  out|    1|   ap_memory|    patches_parameters1424|         array|
|patches_parameters1424_d0          |  out|    1|   ap_memory|    patches_parameters1424|         array|
|patches_parameters1425_address0    |  out|    5|   ap_memory|    patches_parameters1425|         array|
|patches_parameters1425_ce0         |  out|    1|   ap_memory|    patches_parameters1425|         array|
|patches_parameters1425_we0         |  out|    1|   ap_memory|    patches_parameters1425|         array|
|patches_parameters1425_d0          |  out|    1|   ap_memory|    patches_parameters1425|         array|
|patches_parameters1426_address0    |  out|    5|   ap_memory|    patches_parameters1426|         array|
|patches_parameters1426_ce0         |  out|    1|   ap_memory|    patches_parameters1426|         array|
|patches_parameters1426_we0         |  out|    1|   ap_memory|    patches_parameters1426|         array|
|patches_parameters1426_d0          |  out|    1|   ap_memory|    patches_parameters1426|         array|
|patches_parameters1427_address0    |  out|    5|   ap_memory|    patches_parameters1427|         array|
|patches_parameters1427_ce0         |  out|    1|   ap_memory|    patches_parameters1427|         array|
|patches_parameters1427_we0         |  out|    1|   ap_memory|    patches_parameters1427|         array|
|patches_parameters1427_d0          |  out|    1|   ap_memory|    patches_parameters1427|         array|
|patches_parameters1428_address0    |  out|    5|   ap_memory|    patches_parameters1428|         array|
|patches_parameters1428_ce0         |  out|    1|   ap_memory|    patches_parameters1428|         array|
|patches_parameters1428_we0         |  out|    1|   ap_memory|    patches_parameters1428|         array|
|patches_parameters1428_d0          |  out|    1|   ap_memory|    patches_parameters1428|         array|
|patches_parameters15_address0      |  out|    5|   ap_memory|      patches_parameters15|         array|
|patches_parameters15_ce0           |  out|    1|   ap_memory|      patches_parameters15|         array|
|patches_parameters15_we0           |  out|    1|   ap_memory|      patches_parameters15|         array|
|patches_parameters15_d0            |  out|   32|   ap_memory|      patches_parameters15|         array|
|patches_parameters1529_address0    |  out|    5|   ap_memory|    patches_parameters1529|         array|
|patches_parameters1529_ce0         |  out|    1|   ap_memory|    patches_parameters1529|         array|
|patches_parameters1529_we0         |  out|    1|   ap_memory|    patches_parameters1529|         array|
|patches_parameters1529_d0          |  out|    1|   ap_memory|    patches_parameters1529|         array|
|patches_parameters1530_address0    |  out|    5|   ap_memory|    patches_parameters1530|         array|
|patches_parameters1530_ce0         |  out|    1|   ap_memory|    patches_parameters1530|         array|
|patches_parameters1530_we0         |  out|    1|   ap_memory|    patches_parameters1530|         array|
|patches_parameters1530_d0          |  out|    1|   ap_memory|    patches_parameters1530|         array|
|patches_parameters1531_address0    |  out|    5|   ap_memory|    patches_parameters1531|         array|
|patches_parameters1531_ce0         |  out|    1|   ap_memory|    patches_parameters1531|         array|
|patches_parameters1531_we0         |  out|    1|   ap_memory|    patches_parameters1531|         array|
|patches_parameters1531_d0          |  out|    1|   ap_memory|    patches_parameters1531|         array|
|patches_parameters1532_address0    |  out|    5|   ap_memory|    patches_parameters1532|         array|
|patches_parameters1532_ce0         |  out|    1|   ap_memory|    patches_parameters1532|         array|
|patches_parameters1532_we0         |  out|    1|   ap_memory|    patches_parameters1532|         array|
|patches_parameters1532_d0          |  out|    1|   ap_memory|    patches_parameters1532|         array|
|patches_parameters1533_address0    |  out|    5|   ap_memory|    patches_parameters1533|         array|
|patches_parameters1533_ce0         |  out|    1|   ap_memory|    patches_parameters1533|         array|
|patches_parameters1533_we0         |  out|    1|   ap_memory|    patches_parameters1533|         array|
|patches_parameters1533_d0          |  out|    1|   ap_memory|    patches_parameters1533|         array|
|patches_parameters1634_address0    |  out|    5|   ap_memory|    patches_parameters1634|         array|
|patches_parameters1634_ce0         |  out|    1|   ap_memory|    patches_parameters1634|         array|
|patches_parameters1634_we0         |  out|    1|   ap_memory|    patches_parameters1634|         array|
|patches_parameters1634_d0          |  out|   32|   ap_memory|    patches_parameters1634|         array|
|patches_parameters1635_address0    |  out|    5|   ap_memory|    patches_parameters1635|         array|
|patches_parameters1635_ce0         |  out|    1|   ap_memory|    patches_parameters1635|         array|
|patches_parameters1635_we0         |  out|    1|   ap_memory|    patches_parameters1635|         array|
|patches_parameters1635_d0          |  out|    1|   ap_memory|    patches_parameters1635|         array|
|patches_parameters1636_address0    |  out|    5|   ap_memory|    patches_parameters1636|         array|
|patches_parameters1636_ce0         |  out|    1|   ap_memory|    patches_parameters1636|         array|
|patches_parameters1636_we0         |  out|    1|   ap_memory|    patches_parameters1636|         array|
|patches_parameters1636_d0          |  out|    1|   ap_memory|    patches_parameters1636|         array|
|patches_parameters1637_address0    |  out|    5|   ap_memory|    patches_parameters1637|         array|
|patches_parameters1637_ce0         |  out|    1|   ap_memory|    patches_parameters1637|         array|
|patches_parameters1637_we0         |  out|    1|   ap_memory|    patches_parameters1637|         array|
|patches_parameters1637_d0          |  out|    1|   ap_memory|    patches_parameters1637|         array|
|patches_parameters1638_address0    |  out|    5|   ap_memory|    patches_parameters1638|         array|
|patches_parameters1638_ce0         |  out|    1|   ap_memory|    patches_parameters1638|         array|
|patches_parameters1638_we0         |  out|    1|   ap_memory|    patches_parameters1638|         array|
|patches_parameters1638_d0          |  out|    1|   ap_memory|    patches_parameters1638|         array|
|patches_parameters1639_address0    |  out|    5|   ap_memory|    patches_parameters1639|         array|
|patches_parameters1639_ce0         |  out|    1|   ap_memory|    patches_parameters1639|         array|
|patches_parameters1639_we0         |  out|    1|   ap_memory|    patches_parameters1639|         array|
|patches_parameters1639_d0          |  out|    1|   ap_memory|    patches_parameters1639|         array|
|patches_parameters1740_address0    |  out|    5|   ap_memory|    patches_parameters1740|         array|
|patches_parameters1740_ce0         |  out|    1|   ap_memory|    patches_parameters1740|         array|
|patches_parameters1740_we0         |  out|    1|   ap_memory|    patches_parameters1740|         array|
|patches_parameters1740_d0          |  out|   32|   ap_memory|    patches_parameters1740|         array|
|patches_parameters1741_address0    |  out|    5|   ap_memory|    patches_parameters1741|         array|
|patches_parameters1741_ce0         |  out|    1|   ap_memory|    patches_parameters1741|         array|
|patches_parameters1741_we0         |  out|    1|   ap_memory|    patches_parameters1741|         array|
|patches_parameters1741_d0          |  out|    1|   ap_memory|    patches_parameters1741|         array|
|patches_parameters1742_address0    |  out|    5|   ap_memory|    patches_parameters1742|         array|
|patches_parameters1742_ce0         |  out|    1|   ap_memory|    patches_parameters1742|         array|
|patches_parameters1742_we0         |  out|    1|   ap_memory|    patches_parameters1742|         array|
|patches_parameters1742_d0          |  out|    1|   ap_memory|    patches_parameters1742|         array|
|patches_parameters1743_address0    |  out|    5|   ap_memory|    patches_parameters1743|         array|
|patches_parameters1743_ce0         |  out|    1|   ap_memory|    patches_parameters1743|         array|
|patches_parameters1743_we0         |  out|    1|   ap_memory|    patches_parameters1743|         array|
|patches_parameters1743_d0          |  out|    1|   ap_memory|    patches_parameters1743|         array|
|patches_parameters1744_address0    |  out|    5|   ap_memory|    patches_parameters1744|         array|
|patches_parameters1744_ce0         |  out|    1|   ap_memory|    patches_parameters1744|         array|
|patches_parameters1744_we0         |  out|    1|   ap_memory|    patches_parameters1744|         array|
|patches_parameters1744_d0          |  out|    1|   ap_memory|    patches_parameters1744|         array|
|patches_parameters1745_address0    |  out|    5|   ap_memory|    patches_parameters1745|         array|
|patches_parameters1745_ce0         |  out|    1|   ap_memory|    patches_parameters1745|         array|
|patches_parameters1745_we0         |  out|    1|   ap_memory|    patches_parameters1745|         array|
|patches_parameters1745_d0          |  out|    1|   ap_memory|    patches_parameters1745|         array|
|patches_parameters28_address0      |  out|    5|   ap_memory|      patches_parameters28|         array|
|patches_parameters28_ce0           |  out|    1|   ap_memory|      patches_parameters28|         array|
|patches_parameters28_we0           |  out|    1|   ap_memory|      patches_parameters28|         array|
|patches_parameters28_d0            |  out|   32|   ap_memory|      patches_parameters28|         array|
|patches_parameters2846_address0    |  out|    5|   ap_memory|    patches_parameters2846|         array|
|patches_parameters2846_ce0         |  out|    1|   ap_memory|    patches_parameters2846|         array|
|patches_parameters2846_we0         |  out|    1|   ap_memory|    patches_parameters2846|         array|
|patches_parameters2846_d0          |  out|   32|   ap_memory|    patches_parameters2846|         array|
|patches_parameters2847_address0    |  out|    5|   ap_memory|    patches_parameters2847|         array|
|patches_parameters2847_ce0         |  out|    1|   ap_memory|    patches_parameters2847|         array|
|patches_parameters2847_we0         |  out|    1|   ap_memory|    patches_parameters2847|         array|
|patches_parameters2847_d0          |  out|    1|   ap_memory|    patches_parameters2847|         array|
|patches_parameters2848_address0    |  out|    5|   ap_memory|    patches_parameters2848|         array|
|patches_parameters2848_ce0         |  out|    1|   ap_memory|    patches_parameters2848|         array|
|patches_parameters2848_we0         |  out|    1|   ap_memory|    patches_parameters2848|         array|
|patches_parameters2848_d0          |  out|    1|   ap_memory|    patches_parameters2848|         array|
|patches_parameters2849_address0    |  out|    5|   ap_memory|    patches_parameters2849|         array|
|patches_parameters2849_ce0         |  out|    1|   ap_memory|    patches_parameters2849|         array|
|patches_parameters2849_we0         |  out|    1|   ap_memory|    patches_parameters2849|         array|
|patches_parameters2849_d0          |  out|    1|   ap_memory|    patches_parameters2849|         array|
|patches_parameters2850_address0    |  out|    5|   ap_memory|    patches_parameters2850|         array|
|patches_parameters2850_ce0         |  out|    1|   ap_memory|    patches_parameters2850|         array|
|patches_parameters2850_we0         |  out|    1|   ap_memory|    patches_parameters2850|         array|
|patches_parameters2850_d0          |  out|    1|   ap_memory|    patches_parameters2850|         array|
|patches_parameters29_address0      |  out|    5|   ap_memory|      patches_parameters29|         array|
|patches_parameters29_ce0           |  out|    1|   ap_memory|      patches_parameters29|         array|
|patches_parameters29_we0           |  out|    1|   ap_memory|      patches_parameters29|         array|
|patches_parameters29_d0            |  out|   32|   ap_memory|      patches_parameters29|         array|
|patches_parameters2951_address0    |  out|    5|   ap_memory|    patches_parameters2951|         array|
|patches_parameters2951_ce0         |  out|    1|   ap_memory|    patches_parameters2951|         array|
|patches_parameters2951_we0         |  out|    1|   ap_memory|    patches_parameters2951|         array|
|patches_parameters2951_d0          |  out|   32|   ap_memory|    patches_parameters2951|         array|
|patches_parameters2952_address0    |  out|    5|   ap_memory|    patches_parameters2952|         array|
|patches_parameters2952_ce0         |  out|    1|   ap_memory|    patches_parameters2952|         array|
|patches_parameters2952_we0         |  out|    1|   ap_memory|    patches_parameters2952|         array|
|patches_parameters2952_d0          |  out|    1|   ap_memory|    patches_parameters2952|         array|
|patches_parameters2953_address0    |  out|    5|   ap_memory|    patches_parameters2953|         array|
|patches_parameters2953_ce0         |  out|    1|   ap_memory|    patches_parameters2953|         array|
|patches_parameters2953_we0         |  out|    1|   ap_memory|    patches_parameters2953|         array|
|patches_parameters2953_d0          |  out|    1|   ap_memory|    patches_parameters2953|         array|
|patches_parameters2954_address0    |  out|    5|   ap_memory|    patches_parameters2954|         array|
|patches_parameters2954_ce0         |  out|    1|   ap_memory|    patches_parameters2954|         array|
|patches_parameters2954_we0         |  out|    1|   ap_memory|    patches_parameters2954|         array|
|patches_parameters2954_d0          |  out|    1|   ap_memory|    patches_parameters2954|         array|
|patches_parameters2955_address0    |  out|    5|   ap_memory|    patches_parameters2955|         array|
|patches_parameters2955_ce0         |  out|    1|   ap_memory|    patches_parameters2955|         array|
|patches_parameters2955_we0         |  out|    1|   ap_memory|    patches_parameters2955|         array|
|patches_parameters2955_d0          |  out|    1|   ap_memory|    patches_parameters2955|         array|
|patches_parameters210_address0     |  out|    5|   ap_memory|     patches_parameters210|         array|
|patches_parameters210_ce0          |  out|    1|   ap_memory|     patches_parameters210|         array|
|patches_parameters210_we0          |  out|    1|   ap_memory|     patches_parameters210|         array|
|patches_parameters210_d0           |  out|   32|   ap_memory|     patches_parameters210|         array|
|patches_parameters21056_address0   |  out|    5|   ap_memory|   patches_parameters21056|         array|
|patches_parameters21056_ce0        |  out|    1|   ap_memory|   patches_parameters21056|         array|
|patches_parameters21056_we0        |  out|    1|   ap_memory|   patches_parameters21056|         array|
|patches_parameters21056_d0         |  out|   32|   ap_memory|   patches_parameters21056|         array|
|patches_parameters21057_address0   |  out|    5|   ap_memory|   patches_parameters21057|         array|
|patches_parameters21057_ce0        |  out|    1|   ap_memory|   patches_parameters21057|         array|
|patches_parameters21057_we0        |  out|    1|   ap_memory|   patches_parameters21057|         array|
|patches_parameters21057_d0         |  out|    1|   ap_memory|   patches_parameters21057|         array|
|patches_parameters21058_address0   |  out|    5|   ap_memory|   patches_parameters21058|         array|
|patches_parameters21058_ce0        |  out|    1|   ap_memory|   patches_parameters21058|         array|
|patches_parameters21058_we0        |  out|    1|   ap_memory|   patches_parameters21058|         array|
|patches_parameters21058_d0         |  out|    1|   ap_memory|   patches_parameters21058|         array|
|patches_parameters21059_address0   |  out|    5|   ap_memory|   patches_parameters21059|         array|
|patches_parameters21059_ce0        |  out|    1|   ap_memory|   patches_parameters21059|         array|
|patches_parameters21059_we0        |  out|    1|   ap_memory|   patches_parameters21059|         array|
|patches_parameters21059_d0         |  out|    1|   ap_memory|   patches_parameters21059|         array|
|patches_parameters21060_address0   |  out|    5|   ap_memory|   patches_parameters21060|         array|
|patches_parameters21060_ce0        |  out|    1|   ap_memory|   patches_parameters21060|         array|
|patches_parameters21060_we0        |  out|    1|   ap_memory|   patches_parameters21060|         array|
|patches_parameters21060_d0         |  out|    1|   ap_memory|   patches_parameters21060|         array|
|patches_parameters211_address0     |  out|    5|   ap_memory|     patches_parameters211|         array|
|patches_parameters211_ce0          |  out|    1|   ap_memory|     patches_parameters211|         array|
|patches_parameters211_we0          |  out|    1|   ap_memory|     patches_parameters211|         array|
|patches_parameters211_d0           |  out|   32|   ap_memory|     patches_parameters211|         array|
|patches_parameters21161_address0   |  out|    5|   ap_memory|   patches_parameters21161|         array|
|patches_parameters21161_ce0        |  out|    1|   ap_memory|   patches_parameters21161|         array|
|patches_parameters21161_we0        |  out|    1|   ap_memory|   patches_parameters21161|         array|
|patches_parameters21161_d0         |  out|   32|   ap_memory|   patches_parameters21161|         array|
|patches_parameters21162_address0   |  out|    5|   ap_memory|   patches_parameters21162|         array|
|patches_parameters21162_ce0        |  out|    1|   ap_memory|   patches_parameters21162|         array|
|patches_parameters21162_we0        |  out|    1|   ap_memory|   patches_parameters21162|         array|
|patches_parameters21162_d0         |  out|    1|   ap_memory|   patches_parameters21162|         array|
|patches_parameters21163_address0   |  out|    5|   ap_memory|   patches_parameters21163|         array|
|patches_parameters21163_ce0        |  out|    1|   ap_memory|   patches_parameters21163|         array|
|patches_parameters21163_we0        |  out|    1|   ap_memory|   patches_parameters21163|         array|
|patches_parameters21163_d0         |  out|    1|   ap_memory|   patches_parameters21163|         array|
|patches_parameters21164_address0   |  out|    5|   ap_memory|   patches_parameters21164|         array|
|patches_parameters21164_ce0        |  out|    1|   ap_memory|   patches_parameters21164|         array|
|patches_parameters21164_we0        |  out|    1|   ap_memory|   patches_parameters21164|         array|
|patches_parameters21164_d0         |  out|    1|   ap_memory|   patches_parameters21164|         array|
|patches_parameters21165_address0   |  out|    5|   ap_memory|   patches_parameters21165|         array|
|patches_parameters21165_ce0        |  out|    1|   ap_memory|   patches_parameters21165|         array|
|patches_parameters21165_we0        |  out|    1|   ap_memory|   patches_parameters21165|         array|
|patches_parameters21165_d0         |  out|    1|   ap_memory|   patches_parameters21165|         array|
|patches_parameters312_address0     |  out|    5|   ap_memory|     patches_parameters312|         array|
|patches_parameters312_ce0          |  out|    1|   ap_memory|     patches_parameters312|         array|
|patches_parameters312_we0          |  out|    1|   ap_memory|     patches_parameters312|         array|
|patches_parameters312_d0           |  out|   32|   ap_memory|     patches_parameters312|         array|
|patches_parameters31266_address0   |  out|    5|   ap_memory|   patches_parameters31266|         array|
|patches_parameters31266_ce0        |  out|    1|   ap_memory|   patches_parameters31266|         array|
|patches_parameters31266_we0        |  out|    1|   ap_memory|   patches_parameters31266|         array|
|patches_parameters31266_d0         |  out|    1|   ap_memory|   patches_parameters31266|         array|
|patches_parameters31267_address0   |  out|    5|   ap_memory|   patches_parameters31267|         array|
|patches_parameters31267_ce0        |  out|    1|   ap_memory|   patches_parameters31267|         array|
|patches_parameters31267_we0        |  out|    1|   ap_memory|   patches_parameters31267|         array|
|patches_parameters31267_d0         |  out|    1|   ap_memory|   patches_parameters31267|         array|
|patches_parameters31268_address0   |  out|    5|   ap_memory|   patches_parameters31268|         array|
|patches_parameters31268_ce0        |  out|    1|   ap_memory|   patches_parameters31268|         array|
|patches_parameters31268_we0        |  out|    1|   ap_memory|   patches_parameters31268|         array|
|patches_parameters31268_d0         |  out|    1|   ap_memory|   patches_parameters31268|         array|
|patches_parameters31269_address0   |  out|    5|   ap_memory|   patches_parameters31269|         array|
|patches_parameters31269_ce0        |  out|    1|   ap_memory|   patches_parameters31269|         array|
|patches_parameters31269_we0        |  out|    1|   ap_memory|   patches_parameters31269|         array|
|patches_parameters31269_d0         |  out|    1|   ap_memory|   patches_parameters31269|         array|
|patches_parameters31270_address0   |  out|    5|   ap_memory|   patches_parameters31270|         array|
|patches_parameters31270_ce0        |  out|    1|   ap_memory|   patches_parameters31270|         array|
|patches_parameters31270_we0        |  out|    1|   ap_memory|   patches_parameters31270|         array|
|patches_parameters31270_d0         |  out|    1|   ap_memory|   patches_parameters31270|         array|
|patches_parameters313_address0     |  out|    5|   ap_memory|     patches_parameters313|         array|
|patches_parameters313_ce0          |  out|    1|   ap_memory|     patches_parameters313|         array|
|patches_parameters313_we0          |  out|    1|   ap_memory|     patches_parameters313|         array|
|patches_parameters313_d0           |  out|   32|   ap_memory|     patches_parameters313|         array|
|patches_parameters31371_address0   |  out|    5|   ap_memory|   patches_parameters31371|         array|
|patches_parameters31371_ce0        |  out|    1|   ap_memory|   patches_parameters31371|         array|
|patches_parameters31371_we0        |  out|    1|   ap_memory|   patches_parameters31371|         array|
|patches_parameters31371_d0         |  out|    1|   ap_memory|   patches_parameters31371|         array|
|patches_parameters31372_address0   |  out|    5|   ap_memory|   patches_parameters31372|         array|
|patches_parameters31372_ce0        |  out|    1|   ap_memory|   patches_parameters31372|         array|
|patches_parameters31372_we0        |  out|    1|   ap_memory|   patches_parameters31372|         array|
|patches_parameters31372_d0         |  out|    1|   ap_memory|   patches_parameters31372|         array|
|patches_parameters31373_address0   |  out|    5|   ap_memory|   patches_parameters31373|         array|
|patches_parameters31373_ce0        |  out|    1|   ap_memory|   patches_parameters31373|         array|
|patches_parameters31373_we0        |  out|    1|   ap_memory|   patches_parameters31373|         array|
|patches_parameters31373_d0         |  out|    1|   ap_memory|   patches_parameters31373|         array|
|patches_parameters31374_address0   |  out|    5|   ap_memory|   patches_parameters31374|         array|
|patches_parameters31374_ce0        |  out|    1|   ap_memory|   patches_parameters31374|         array|
|patches_parameters31374_we0        |  out|    1|   ap_memory|   patches_parameters31374|         array|
|patches_parameters31374_d0         |  out|    1|   ap_memory|   patches_parameters31374|         array|
|patches_parameters31375_address0   |  out|    5|   ap_memory|   patches_parameters31375|         array|
|patches_parameters31375_ce0        |  out|    1|   ap_memory|   patches_parameters31375|         array|
|patches_parameters31375_we0        |  out|    1|   ap_memory|   patches_parameters31375|         array|
|patches_parameters31375_d0         |  out|    1|   ap_memory|   patches_parameters31375|         array|
|patches_parameters314_address0     |  out|    5|   ap_memory|     patches_parameters314|         array|
|patches_parameters314_ce0          |  out|    1|   ap_memory|     patches_parameters314|         array|
|patches_parameters314_we0          |  out|    1|   ap_memory|     patches_parameters314|         array|
|patches_parameters314_d0           |  out|   32|   ap_memory|     patches_parameters314|         array|
|patches_parameters31476_address0   |  out|    5|   ap_memory|   patches_parameters31476|         array|
|patches_parameters31476_ce0        |  out|    1|   ap_memory|   patches_parameters31476|         array|
|patches_parameters31476_we0        |  out|    1|   ap_memory|   patches_parameters31476|         array|
|patches_parameters31476_d0         |  out|    1|   ap_memory|   patches_parameters31476|         array|
|patches_parameters31477_address0   |  out|    5|   ap_memory|   patches_parameters31477|         array|
|patches_parameters31477_ce0        |  out|    1|   ap_memory|   patches_parameters31477|         array|
|patches_parameters31477_we0        |  out|    1|   ap_memory|   patches_parameters31477|         array|
|patches_parameters31477_d0         |  out|    1|   ap_memory|   patches_parameters31477|         array|
|patches_parameters31478_address0   |  out|    5|   ap_memory|   patches_parameters31478|         array|
|patches_parameters31478_ce0        |  out|    1|   ap_memory|   patches_parameters31478|         array|
|patches_parameters31478_we0        |  out|    1|   ap_memory|   patches_parameters31478|         array|
|patches_parameters31478_d0         |  out|    1|   ap_memory|   patches_parameters31478|         array|
|patches_parameters31479_address0   |  out|    5|   ap_memory|   patches_parameters31479|         array|
|patches_parameters31479_ce0        |  out|    1|   ap_memory|   patches_parameters31479|         array|
|patches_parameters31479_we0        |  out|    1|   ap_memory|   patches_parameters31479|         array|
|patches_parameters31479_d0         |  out|    1|   ap_memory|   patches_parameters31479|         array|
|patches_parameters31480_address0   |  out|    5|   ap_memory|   patches_parameters31480|         array|
|patches_parameters31480_ce0        |  out|    1|   ap_memory|   patches_parameters31480|         array|
|patches_parameters31480_we0        |  out|    1|   ap_memory|   patches_parameters31480|         array|
|patches_parameters31480_d0         |  out|    1|   ap_memory|   patches_parameters31480|         array|
|patches_parameters315_address0     |  out|    5|   ap_memory|     patches_parameters315|         array|
|patches_parameters315_ce0          |  out|    1|   ap_memory|     patches_parameters315|         array|
|patches_parameters315_we0          |  out|    1|   ap_memory|     patches_parameters315|         array|
|patches_parameters315_d0           |  out|   32|   ap_memory|     patches_parameters315|         array|
|patches_parameters31581_address0   |  out|    5|   ap_memory|   patches_parameters31581|         array|
|patches_parameters31581_ce0        |  out|    1|   ap_memory|   patches_parameters31581|         array|
|patches_parameters31581_we0        |  out|    1|   ap_memory|   patches_parameters31581|         array|
|patches_parameters31581_d0         |  out|    1|   ap_memory|   patches_parameters31581|         array|
|patches_parameters31582_address0   |  out|    5|   ap_memory|   patches_parameters31582|         array|
|patches_parameters31582_ce0        |  out|    1|   ap_memory|   patches_parameters31582|         array|
|patches_parameters31582_we0        |  out|    1|   ap_memory|   patches_parameters31582|         array|
|patches_parameters31582_d0         |  out|    1|   ap_memory|   patches_parameters31582|         array|
|patches_parameters31583_address0   |  out|    5|   ap_memory|   patches_parameters31583|         array|
|patches_parameters31583_ce0        |  out|    1|   ap_memory|   patches_parameters31583|         array|
|patches_parameters31583_we0        |  out|    1|   ap_memory|   patches_parameters31583|         array|
|patches_parameters31583_d0         |  out|    1|   ap_memory|   patches_parameters31583|         array|
|patches_parameters31584_address0   |  out|    5|   ap_memory|   patches_parameters31584|         array|
|patches_parameters31584_ce0        |  out|    1|   ap_memory|   patches_parameters31584|         array|
|patches_parameters31584_we0        |  out|    1|   ap_memory|   patches_parameters31584|         array|
|patches_parameters31584_d0         |  out|    1|   ap_memory|   patches_parameters31584|         array|
|patches_parameters31585_address0   |  out|    5|   ap_memory|   patches_parameters31585|         array|
|patches_parameters31585_ce0        |  out|    1|   ap_memory|   patches_parameters31585|         array|
|patches_parameters31585_we0        |  out|    1|   ap_memory|   patches_parameters31585|         array|
|patches_parameters31585_d0         |  out|    1|   ap_memory|   patches_parameters31585|         array|
|patches_parameters486_address0     |  out|    5|   ap_memory|     patches_parameters486|         array|
|patches_parameters486_ce0          |  out|    1|   ap_memory|     patches_parameters486|         array|
|patches_parameters486_we0          |  out|    1|   ap_memory|     patches_parameters486|         array|
|patches_parameters486_d0           |  out|   32|   ap_memory|     patches_parameters486|         array|
|patches_parameters487_address0     |  out|    5|   ap_memory|     patches_parameters487|         array|
|patches_parameters487_ce0          |  out|    1|   ap_memory|     patches_parameters487|         array|
|patches_parameters487_we0          |  out|    1|   ap_memory|     patches_parameters487|         array|
|patches_parameters487_d0           |  out|    1|   ap_memory|     patches_parameters487|         array|
|patches_parameters488_address0     |  out|    5|   ap_memory|     patches_parameters488|         array|
|patches_parameters488_ce0          |  out|    1|   ap_memory|     patches_parameters488|         array|
|patches_parameters488_we0          |  out|    1|   ap_memory|     patches_parameters488|         array|
|patches_parameters488_d0           |  out|    1|   ap_memory|     patches_parameters488|         array|
|patches_parameters489_address0     |  out|    5|   ap_memory|     patches_parameters489|         array|
|patches_parameters489_ce0          |  out|    1|   ap_memory|     patches_parameters489|         array|
|patches_parameters489_we0          |  out|    1|   ap_memory|     patches_parameters489|         array|
|patches_parameters489_d0           |  out|    1|   ap_memory|     patches_parameters489|         array|
|patches_parameters490_address0     |  out|    5|   ap_memory|     patches_parameters490|         array|
|patches_parameters490_ce0          |  out|    1|   ap_memory|     patches_parameters490|         array|
|patches_parameters490_we0          |  out|    1|   ap_memory|     patches_parameters490|         array|
|patches_parameters490_d0           |  out|    1|   ap_memory|     patches_parameters490|         array|
|patches_parameters491_address0     |  out|    5|   ap_memory|     patches_parameters491|         array|
|patches_parameters491_ce0          |  out|    1|   ap_memory|     patches_parameters491|         array|
|patches_parameters491_we0          |  out|    1|   ap_memory|     patches_parameters491|         array|
|patches_parameters491_d0           |  out|    1|   ap_memory|     patches_parameters491|         array|
|patches_parameters416_address0     |  out|    5|   ap_memory|     patches_parameters416|         array|
|patches_parameters416_ce0          |  out|    1|   ap_memory|     patches_parameters416|         array|
|patches_parameters416_we0          |  out|    1|   ap_memory|     patches_parameters416|         array|
|patches_parameters416_d0           |  out|    3|   ap_memory|     patches_parameters416|         array|
|patches_parameters41692_address0   |  out|    5|   ap_memory|   patches_parameters41692|         array|
|patches_parameters41692_ce0        |  out|    1|   ap_memory|   patches_parameters41692|         array|
|patches_parameters41692_we0        |  out|    1|   ap_memory|   patches_parameters41692|         array|
|patches_parameters41692_d0         |  out|    1|   ap_memory|   patches_parameters41692|         array|
|patches_parameters41693_address0   |  out|    5|   ap_memory|   patches_parameters41693|         array|
|patches_parameters41693_ce0        |  out|    1|   ap_memory|   patches_parameters41693|         array|
|patches_parameters41693_we0        |  out|    1|   ap_memory|   patches_parameters41693|         array|
|patches_parameters41693_d0         |  out|    1|   ap_memory|   patches_parameters41693|         array|
|patches_parameters41694_address0   |  out|    5|   ap_memory|   patches_parameters41694|         array|
|patches_parameters41694_ce0        |  out|    1|   ap_memory|   patches_parameters41694|         array|
|patches_parameters41694_we0        |  out|    1|   ap_memory|   patches_parameters41694|         array|
|patches_parameters41694_d0         |  out|    1|   ap_memory|   patches_parameters41694|         array|
|patches_parameters41695_address0   |  out|    5|   ap_memory|   patches_parameters41695|         array|
|patches_parameters41695_ce0        |  out|    1|   ap_memory|   patches_parameters41695|         array|
|patches_parameters41695_we0        |  out|    1|   ap_memory|   patches_parameters41695|         array|
|patches_parameters41695_d0         |  out|    1|   ap_memory|   patches_parameters41695|         array|
|patches_parameters41696_address0   |  out|    5|   ap_memory|   patches_parameters41696|         array|
|patches_parameters41696_ce0        |  out|    1|   ap_memory|   patches_parameters41696|         array|
|patches_parameters41696_we0        |  out|    1|   ap_memory|   patches_parameters41696|         array|
|patches_parameters41696_d0         |  out|    1|   ap_memory|   patches_parameters41696|         array|
|patches_parameters417_address0     |  out|    5|   ap_memory|     patches_parameters417|         array|
|patches_parameters417_ce0          |  out|    1|   ap_memory|     patches_parameters417|         array|
|patches_parameters417_we0          |  out|    1|   ap_memory|     patches_parameters417|         array|
|patches_parameters417_d0           |  out|   32|   ap_memory|     patches_parameters417|         array|
|patches_parameters41797_address0   |  out|    5|   ap_memory|   patches_parameters41797|         array|
|patches_parameters41797_ce0        |  out|    1|   ap_memory|   patches_parameters41797|         array|
|patches_parameters41797_we0        |  out|    1|   ap_memory|   patches_parameters41797|         array|
|patches_parameters41797_d0         |  out|    1|   ap_memory|   patches_parameters41797|         array|
|patches_parameters41798_address0   |  out|    5|   ap_memory|   patches_parameters41798|         array|
|patches_parameters41798_ce0        |  out|    1|   ap_memory|   patches_parameters41798|         array|
|patches_parameters41798_we0        |  out|    1|   ap_memory|   patches_parameters41798|         array|
|patches_parameters41798_d0         |  out|    1|   ap_memory|   patches_parameters41798|         array|
|patches_parameters41799_address0   |  out|    5|   ap_memory|   patches_parameters41799|         array|
|patches_parameters41799_ce0        |  out|    1|   ap_memory|   patches_parameters41799|         array|
|patches_parameters41799_we0        |  out|    1|   ap_memory|   patches_parameters41799|         array|
|patches_parameters41799_d0         |  out|    1|   ap_memory|   patches_parameters41799|         array|
|patches_parameters417100_address0  |  out|    5|   ap_memory|  patches_parameters417100|         array|
|patches_parameters417100_ce0       |  out|    1|   ap_memory|  patches_parameters417100|         array|
|patches_parameters417100_we0       |  out|    1|   ap_memory|  patches_parameters417100|         array|
|patches_parameters417100_d0        |  out|    1|   ap_memory|  patches_parameters417100|         array|
|patches_parameters417101_address0  |  out|    5|   ap_memory|  patches_parameters417101|         array|
|patches_parameters417101_ce0       |  out|    1|   ap_memory|  patches_parameters417101|         array|
|patches_parameters417101_we0       |  out|    1|   ap_memory|  patches_parameters417101|         array|
|patches_parameters417101_d0        |  out|    1|   ap_memory|  patches_parameters417101|         array|
|patches_parameters418_address0     |  out|    5|   ap_memory|     patches_parameters418|         array|
|patches_parameters418_ce0          |  out|    1|   ap_memory|     patches_parameters418|         array|
|patches_parameters418_we0          |  out|    1|   ap_memory|     patches_parameters418|         array|
|patches_parameters418_d0           |  out|    1|   ap_memory|     patches_parameters418|         array|
|patches_parameters418102_address0  |  out|    5|   ap_memory|  patches_parameters418102|         array|
|patches_parameters418102_ce0       |  out|    1|   ap_memory|  patches_parameters418102|         array|
|patches_parameters418102_we0       |  out|    1|   ap_memory|  patches_parameters418102|         array|
|patches_parameters418102_d0        |  out|    1|   ap_memory|  patches_parameters418102|         array|
|patches_parameters418103_address0  |  out|    5|   ap_memory|  patches_parameters418103|         array|
|patches_parameters418103_ce0       |  out|    1|   ap_memory|  patches_parameters418103|         array|
|patches_parameters418103_we0       |  out|    1|   ap_memory|  patches_parameters418103|         array|
|patches_parameters418103_d0        |  out|    1|   ap_memory|  patches_parameters418103|         array|
|patches_parameters418104_address0  |  out|    5|   ap_memory|  patches_parameters418104|         array|
|patches_parameters418104_ce0       |  out|    1|   ap_memory|  patches_parameters418104|         array|
|patches_parameters418104_we0       |  out|    1|   ap_memory|  patches_parameters418104|         array|
|patches_parameters418104_d0        |  out|    1|   ap_memory|  patches_parameters418104|         array|
|patches_parameters418105_address0  |  out|    5|   ap_memory|  patches_parameters418105|         array|
|patches_parameters418105_ce0       |  out|    1|   ap_memory|  patches_parameters418105|         array|
|patches_parameters418105_we0       |  out|    1|   ap_memory|  patches_parameters418105|         array|
|patches_parameters418105_d0        |  out|    1|   ap_memory|  patches_parameters418105|         array|
|patches_parameters418106_address0  |  out|    5|   ap_memory|  patches_parameters418106|         array|
|patches_parameters418106_ce0       |  out|    1|   ap_memory|  patches_parameters418106|         array|
|patches_parameters418106_we0       |  out|    1|   ap_memory|  patches_parameters418106|         array|
|patches_parameters418106_d0        |  out|    1|   ap_memory|  patches_parameters418106|         array|
+-----------------------------------+-----+-----+------------+--------------------------+--------------+

