

================================================================
== Vitis HLS Report for 'solveNextPatchPair'
================================================================
* Date:           Sat Jun 27 14:16:07 2020

* Version:        2020.2 (Build 3064766 on Wed Nov 18 09:12:45 MST 2020)
* Project:        PatchMaker_tanishGit
* Solution:       solutionSC2 (Vivado IP Flow Target)
* Product family: virtexuplus
* Target device:  xcvu19p-fsvb3824-2-e


================================================================
== Performance Estimates
================================================================
+ Timing: 
    * Summary: 
    +--------+---------+----------+------------+
    |  Clock |  Target | Estimated| Uncertainty|
    +--------+---------+----------+------------+
    |ap_clk  |  5.00 ns|  3.650 ns|     1.35 ns|
    +--------+---------+----------+------------+

+ Latency: 
    * Summary: 
    +---------+---------+----------+----------+-----+-----+---------+
    |  Latency (cycles) |  Latency (absolute) |  Interval | Pipeline|
    |   min   |   max   |    min   |    max   | min | max |   Type  |
    +---------+---------+----------+----------+-----+-----+---------+
    |        ?|        ?|         ?|         ?|    ?|    ?|     none|
    +---------+---------+----------+----------+-----+-----+---------+

    + Detail: 
        * Instance: 
        +------------------------------------------------+-------------------------------------+---------+---------+-----------+-----------+-----+-----+---------+
        |                                                |                                     |  Latency (cycles) |   Latency (absolute)  |  Interval | Pipeline|
        |                    Instance                    |                Module               |   min   |   max   |    min    |    max    | min | max |   Type  |
        +------------------------------------------------+-------------------------------------+---------+---------+-----------+-----------+-----+-----+---------+
        |grp_makeThirdPatch_fu_512                       |makeThirdPatch                       |        ?|        ?|          ?|          ?|    ?|    ?|     none|
        |grp_solveComplmentaryPatch_fu_539               |solveComplmentaryPatch               |        ?|        ?|          ?|          ?|    ?|    ?|     none|
        |grp_makePatch_alignedToLine_fu_572              |makePatch_alignedToLine              |        ?|        ?|          ?|          ?|    ?|    ?|     none|
        |grp_straightLineProjectorFromLayerIJtoK_fu_600  |straightLineProjectorFromLayerIJtoK  |       63|       63|   0.315 us|   0.315 us|    1|    1|      yes|
        |grp_areWedgeSuperPointsEqual_fu_616             |areWedgeSuperPointsEqual             |       19|       19|  95.000 ns|  95.000 ns|    2|    2|      yes|
        |grp_getSolveNextPatchPairWhileCondition_fu_628  |getSolveNextPatchPairWhileCondition  |        5|        5|  25.000 ns|  25.000 ns|    5|    5|     none|
        +------------------------------------------------+-------------------------------------+---------+---------+-----------+-----------+-----+-----+---------+

        * Loop: 
        +-------------------------------------------+---------+---------+----------+-----------+-----------+-------+----------+
        |                                           |  Latency (cycles) | Iteration|  Initiation Interval  |  Trip |          |
        |                 Loop Name                 |   min   |   max   |  Latency |  achieved |   target  | Count | Pipelined|
        +-------------------------------------------+---------+---------+----------+-----------+-----------+-------+----------+
        |- solveNextPatchPair_superPointEqualCheck  |       22|      131|        22|          -|          -|  1 ~ 5|        no|
        |- solvePatchPair_loop                      |        ?|        ?|         ?|          -|          -|      ?|        no|
        +-------------------------------------------+---------+---------+----------+-----------+-----------+-------+----------+



================================================================
== Utilization Estimates
================================================================
* Summary: 
+---------------------+---------+------+---------+---------+-----+
|         Name        | BRAM_18K|  DSP |    FF   |   LUT   | URAM|
+---------------------+---------+------+---------+---------+-----+
|DSP                  |        -|     2|        -|        -|    -|
|Expression           |        -|     -|        0|      845|    -|
|FIFO                 |        -|     -|        -|        -|    -|
|Instance             |        9|   101|   146253|   138299|    -|
|Memory               |        -|     -|        -|        -|    -|
|Multiplexer          |        -|     -|        -|     1963|    -|
|Register             |        -|     -|     1053|        -|    -|
+---------------------+---------+------+---------+---------+-----+
|Total                |        9|   103|   147306|   141107|    0|
+---------------------+---------+------+---------+---------+-----+
|Available SLR        |     1080|   960|  2042880|  1021440|   80|
+---------------------+---------+------+---------+---------+-----+
|Utilization SLR (%)  |       ~0|    10|        7|       13|    0|
+---------------------+---------+------+---------+---------+-----+
|Available            |     4320|  3840|  8171520|  4085760|  320|
+---------------------+---------+------+---------+---------+-----+
|Utilization (%)      |       ~0|     2|        1|        3|    0|
+---------------------+---------+------+---------+---------+-----+

+ Detail: 
    * Instance: 
    +-------------------------------------------------+-------------------------------------+---------+----+-------+-------+-----+
    |                     Instance                    |                Module               | BRAM_18K| DSP|   FF  |  LUT  | URAM|
    +-------------------------------------------------+-------------------------------------+---------+----+-------+-------+-----+
    |grp_areWedgeSuperPointsEqual_fu_616              |areWedgeSuperPointsEqual             |        0|   2|   1037|   1036|    0|
    |dcmp_64ns_64ns_1_2_no_dsp_1_U171                 |dcmp_64ns_64ns_1_2_no_dsp_1          |        0|   0|      0|      0|    0|
    |grp_getSolveNextPatchPairWhileCondition_fu_628   |getSolveNextPatchPairWhileCondition  |        0|   0|     75|    231|    0|
    |grp_makePatch_alignedToLine_fu_572               |makePatch_alignedToLine              |        3|  23|  25792|  24823|    0|
    |grp_makeThirdPatch_fu_512                        |makeThirdPatch                       |        3|  41|  45385|  45483|    0|
    |mul_33s_64s_64_2_1_U174                          |mul_33s_64s_64_2_1                   |        0|   2|    361|    178|    0|
    |sitodp_32ns_64_4_no_dsp_1_U175                   |sitodp_32ns_64_4_no_dsp_1            |        0|   0|      0|      0|    0|
    |sitodp_64ns_64_4_no_dsp_1_U172                   |sitodp_64ns_64_4_no_dsp_1            |        0|   0|      0|      0|    0|
    |sitodp_64s_64_4_no_dsp_1_U173                    |sitodp_64s_64_4_no_dsp_1             |        0|   0|      0|      0|    0|
    |grp_solveComplmentaryPatch_fu_539                |solveComplmentaryPatch               |        3|  27|  29930|  33178|    0|
    |grp_straightLineProjectorFromLayerIJtoK_fu_600   |straightLineProjectorFromLayerIJtoK  |        0|   2|  14463|  11082|    0|
    |grp_straightLineProjectorFromLayerIJtoK_fu_1642  |straightLineProjectorFromLayerIJtoK  |        0|   2|  14463|  11082|    0|
    |grp_straightLineProjectorFromLayerIJtoK_fu_1651  |straightLineProjectorFromLayerIJtoK  |        0|   2|  14463|  11082|    0|
    |urem_11ns_4ns_11_15_seq_1_U167                   |urem_11ns_4ns_11_15_seq_1            |        0|   0|    142|     62|    0|
    |urem_11ns_4ns_11_15_seq_1_U168                   |urem_11ns_4ns_11_15_seq_1            |        0|   0|    142|     62|    0|
    +-------------------------------------------------+-------------------------------------+---------+----+-------+-------+-----+
    |Total                                            |                                     |        9| 101| 146253| 138299|    0|
    +-------------------------------------------------+-------------------------------------+---------+----+-------+-------+-----+

    * DSP: 
    +-------------------------------+--------------------------+-----------+
    |            Instance           |          Module          | Expression|
    +-------------------------------+--------------------------+-----------+
    |mul_mul_18ns_20ns_37_4_1_U169  |mul_mul_18ns_20ns_37_4_1  |    i0 * i1|
    |mul_mul_18ns_20ns_37_4_1_U170  |mul_mul_18ns_20ns_37_4_1  |    i0 * i1|
    +-------------------------------+--------------------------+-----------+

    * Memory: 
    N/A

    * FIFO: 
    N/A

    * Expression: 
    +-----------------------------------+----------+----+---+----+------------+------------+
    |           Variable Name           | Operation| DSP| FF| LUT| Bitwidth P0| Bitwidth P1|
    +-----------------------------------+----------+----+---+----+------------+------------+
    |add_ln534_1_fu_768_p2              |         +|   0|  0|  19|          12|           7|
    |add_ln534_2_fu_778_p2              |         +|   0|  0|  19|          12|           7|
    |add_ln534_fu_758_p2                |         +|   0|  0|  19|          12|           7|
    |add_ln718_fu_724_p2                |         +|   0|  0|  39|          32|           1|
    |add_ln763_1_fu_702_p2              |         +|   0|  0|  19|          12|           6|
    |add_ln763_fu_738_p2                |         +|   0|  0|  19|          12|           6|
    |add_ln764_fu_713_p2                |         +|   0|  0|  19|          12|           7|
    |add_ln788_fu_804_p2                |         +|   0|  0|  10|           3|           1|
    |add_ln814_1_fu_937_p2              |         +|   0|  0|  17|          21|          21|
    |add_ln814_2_fu_947_p2              |         +|   0|  0|  17|          21|          21|
    |add_ln814_fu_881_p2                |         +|   0|  0|  25|          18|          18|
    |add_ln824_1_fu_1023_p2             |         +|   0|  0|  17|          21|          21|
    |add_ln824_2_fu_1033_p2             |         +|   0|  0|  17|          21|          21|
    |add_ln824_fu_975_p2                |         +|   0|  0|  25|          18|          10|
    |add_ln841_fu_1104_p2               |         +|   0|  0|  19|          12|           6|
    |add_ln842_fu_1121_p2               |         +|   0|  0|  19|          12|           6|
    |add_ln867_1_fu_1259_p2             |         +|   0|  0|  19|          12|           6|
    |add_ln867_fu_1248_p2               |         +|   0|  0|  19|          12|           6|
    |add_ln886_fu_748_p2                |         +|   0|  0|  19|          12|           6|
    |grp_fu_646_p2                      |         +|   0|  0|  15|           8|           2|
    |lastPatchIndex_1_fu_1074_p2        |         +|   0|  0|  12|           5|           2|
    |thirdLastPatchIndex_fu_793_p2      |         +|   0|  0|  15|           8|           3|
    |ret_1_fu_1154_p2                   |         -|   0|  0|  40|          33|          33|
    |ret_fu_1140_p2                     |         -|   0|  0|  40|          33|          33|
    |sub_ln763_fu_696_p2                |         -|   0|  0|  19|          12|          12|
    |sub_ln841_fu_1098_p2               |         -|   0|  0|  19|          12|          12|
    |sub_ln867_fu_1242_p2               |         -|   0|  0|  19|          12|          12|
    |and_ln812_1_fu_860_p2              |       and|   0|  0|   2|           1|           1|
    |and_ln812_fu_854_p2                |       and|   0|  0|   2|           1|           1|
    |and_ln886_fu_827_p2                |       and|   0|  0|   2|           1|           1|
    |ap_block_state198_on_subcall_done  |       and|   0|  0|   2|           1|           1|
    |icmp_ln783_fu_788_p2               |      icmp|   0|  0|  11|           8|           2|
    |icmp_ln788_fu_798_p2               |      icmp|   0|  0|   8|           3|           3|
    |icmp_ln803_fu_821_p2               |      icmp|   0|  0|  20|          32|           1|
    |icmp_ln812_fu_848_p2               |      icmp|   0|  0|  20|          32|          24|
    |icmp_ln815_fu_903_p2               |      icmp|   0|  0|  20|          32|           1|
    |icmp_ln857_fu_1213_p2              |      icmp|   0|  0|  20|          32|           5|
    |icmp_ln878_1_fu_1160_p2            |      icmp|   0|  0|  20|          33|          33|
    |icmp_ln878_fu_1056_p2              |      icmp|   0|  0|  20|          32|          27|
    |icmp_ln886_1_fu_842_p2             |      icmp|   0|  0|  20|          32|          27|
    |icmp_ln886_fu_810_p2               |      icmp|   0|  0|  20|          32|          32|
    |squarePatch_alternate2_fu_815_p2   |      icmp|   0|  0|  20|          32|           1|
    |notChoppedPatch_fu_831_p2          |        or|   0|  0|   2|           1|           1|
    |or_ln815_fu_970_p2                 |        or|   0|  0|   2|           1|           1|
    |or_ln841_fu_1110_p2                |        or|   0|  0|  12|           1|          12|
    |select_ln824_fu_1062_p3            |    select|   0|  0|  32|           1|          32|
    |white_space_height_fu_1166_p3      |    select|   0|  0|  33|           1|          33|
    |xor_ln812_fu_836_p2                |       xor|   0|  0|   2|           1|           2|
    +-----------------------------------+----------+----+---+----+------------+------------+
    |Total                              |          |   0|  0| 845|         720|         534|
    +-----------------------------------+----------+----+---+----+------------+------------+

    * Multiplexer: 
    +----------------------------------------------------------+------+-----------+-----+-----------+
    |                           Name                           |  LUT | Input Size| Bits| Total Bits|
    +----------------------------------------------------------+------+-----------+-----+-----------+
    |GDarrayDecoded_address0                                   |    20|          4|   12|         48|
    |GDarrayDecoded_ce0                                        |    20|          4|    1|          4|
    |GDn_points_address0                                       |    26|          5|    3|         15|
    |GDn_points_ce0                                            |    26|          5|    1|          5|
    |agg_tmp119_0_reg_355                                      |     9|          2|   32|         64|
    |ap_NS_fsm                                                 |  1055|        199|    1|        199|
    |ap_phi_mux_repeat_original_ph_phi_fu_333_p4               |     9|          2|    1|          2|
    |complementary_apexZ0_0_reg_477                            |     9|          2|   32|         64|
    |counterUpshift_0_reg_421                                  |     9|          2|   32|         64|
    |counter_0_reg_409                                         |     9|          2|   32|         64|
    |current_z_top_index_0_reg_397                             |     9|          2|   32|         64|
    |grp_fu_1628_ce                                            |    20|          4|    1|          4|
    |grp_fu_1628_opcode                                        |    14|          3|    5|         15|
    |grp_fu_1628_p0                                            |    14|          3|   64|        192|
    |grp_fu_1628_p1                                            |    14|          3|   64|        192|
    |grp_fu_1632_ce                                            |     9|          2|    1|          2|
    |grp_fu_1635_ce                                            |     9|          2|    1|          2|
    |grp_fu_1638_ce                                            |     9|          2|    1|          2|
    |grp_fu_1660_ce                                            |     9|          2|    1|          2|
    |grp_makePatch_alignedToLine_fu_572_apexZ0                 |    14|          3|   32|         96|
    |grp_makePatch_alignedToLine_fu_572_leftRight              |    14|          3|    1|          3|
    |grp_makePatch_alignedToLine_fu_572_p_read                 |    14|          3|   32|         96|
    |grp_makePatch_alignedToLine_fu_572_z_top                  |    14|          3|   32|         96|
    |grp_straightLineProjectorFromLayerIJtoK_fu_1642_ap_ce     |     9|          2|    1|          2|
    |grp_straightLineProjectorFromLayerIJtoK_fu_1642_ap_start  |     9|          2|    1|          2|
    |grp_straightLineProjectorFromLayerIJtoK_fu_1651_ap_ce     |     9|          2|    1|          2|
    |grp_straightLineProjectorFromLayerIJtoK_fu_1651_ap_start  |     9|          2|    1|          2|
    |grp_straightLineProjectorFromLayerIJtoK_fu_600_ap_ce      |     9|          2|    1|          2|
    |grp_straightLineProjectorFromLayerIJtoK_fu_600_ap_start   |     9|          2|    1|          2|
    |grp_straightLineProjectorFromLayerIJtoK_fu_600_i          |     9|          2|    3|          6|
    |grp_straightLineProjectorFromLayerIJtoK_fu_600_j          |     9|          2|   32|         64|
    |grp_straightLineProjectorFromLayerIJtoK_fu_600_k          |     9|          2|    3|          6|
    |grp_straightLineProjectorFromLayerIJtoK_fu_600_z_i        |    20|          4|   32|        128|
    |grp_straightLineProjectorFromLayerIJtoK_fu_600_z_j        |     9|          2|   32|         64|
    |i_reg_317                                                 |     9|          2|    3|          6|
    |lastPatchIndex_0_reg_365                                  |     9|          2|    5|         10|
    |n_patches_o                                               |    20|          4|    8|         32|
    |n_patches_o_ap_vld                                        |    20|          4|    1|          4|
    |patches_parameters_address0                               |    59|         11|   12|        132|
    |patches_parameters_address1                               |    43|          8|   12|         96|
    |patches_parameters_ce0                                    |    31|          6|    1|          6|
    |patches_parameters_ce1                                    |    20|          4|    1|          4|
    |patches_parameters_d0                                     |    20|          4|   32|        128|
    |patches_parameters_we0                                    |    20|          4|    1|          4|
    |patches_parameters_we1                                    |     9|          2|    1|          2|
    |patches_superpoints_address0                              |    37|          7|   12|         84|
    |patches_superpoints_address1                              |    20|          4|   12|         48|
    |patches_superpoints_ce0                                   |    31|          6|    1|          6|
    |patches_superpoints_ce1                                   |    20|          4|    1|          4|
    |patches_superpoints_d0                                    |    20|          4|   64|        256|
    |patches_superpoints_we0                                   |    20|          4|    1|          4|
    |ppl_assign_0_reg_467                                      |     9|          2|   32|         64|
    |previous_white_space_height_0_reg_385                     |     9|          2|   64|        128|
    |previous_z_top_min_V_0_reg_433                            |     9|          2|   32|         64|
    |reg_658                                                   |     9|          2|   32|         64|
    |reg_665                                                   |     9|          2|   32|         64|
    |repeat_original_reg_342                                   |     9|          2|    1|          2|
    |white_space_height_0_reg_375                              |     9|          2|   64|        128|
    |z_top_min_0_reg_445                                       |     9|          2|   32|         64|
    |z_top_min_2_ph_reg_456                                    |     9|          2|   32|         64|
    |z_top_min_2_reg_487                                       |     9|          2|   32|         64|
    +----------------------------------------------------------+------+-----------+-----+-----------+
    |Total                                                     |  1963|        386| 1043|       3107|
    +----------------------------------------------------------+------+-----------+-----+-----------+

    * Register: 
    +-------------------------------------------------------------+-----+----+-----+-----------+
    |                             Name                            |  FF | LUT| Bits| Const Bits|
    +-------------------------------------------------------------+-----+----+-----+-----------+
    |add_ln718_reg_1389                                           |   32|   0|   32|          0|
    |add_ln788_reg_1437                                           |    3|   0|    3|          0|
    |add_ln814_reg_1464                                           |   11|   0|   18|          7|
    |agg_tmp119_0_reg_355                                         |   32|   0|   32|          0|
    |and_ln812_1_reg_1460                                         |    1|   0|    1|          0|
    |ap_CS_fsm                                                    |  198|   0|  198|          0|
    |complementary_apexZ0_0_reg_477                               |   32|   0|   32|          0|
    |counterUpshift_0_reg_421                                     |   32|   0|   32|          0|
    |counter_0_reg_409                                            |   32|   0|   32|          0|
    |current_z_top_index_0_reg_397                                |   32|   0|   32|          0|
    |grp_areWedgeSuperPointsEqual_fu_616_ap_start_reg             |    1|   0|    1|          0|
    |grp_getSolveNextPatchPairWhileCondition_fu_628_ap_start_reg  |    1|   0|    1|          0|
    |grp_makePatch_alignedToLine_fu_572_ap_start_reg              |    1|   0|    1|          0|
    |grp_makeThirdPatch_fu_512_ap_start_reg                       |    1|   0|    1|          0|
    |grp_solveComplmentaryPatch_fu_539_ap_start_reg               |    1|   0|    1|          0|
    |grp_straightLineProjectorFromLayerIJtoK_fu_600_ap_start_reg  |    1|   0|    1|          0|
    |i_reg_317                                                    |    3|   0|    3|          0|
    |icmp_ln783_reg_1424                                          |    1|   0|    1|          0|
    |icmp_ln788_reg_1433                                          |    1|   0|    1|          0|
    |icmp_ln803_reg_1455                                          |    1|   0|    1|          0|
    |icmp_ln815_reg_1475                                          |    1|   0|    1|          0|
    |icmp_ln886_reg_1445                                          |    1|   0|    1|          0|
    |lastPatchIndex_0_reg_365                                     |    5|   0|    5|          0|
    |lastPatchIndex_1_reg_1533                                    |    5|   0|    5|          0|
    |madeComplementaryPatch_reg_498                               |    1|   0|    1|          0|
    |nPatchesAtOriginal_reg_1348                                  |    8|   0|    8|          0|
    |or_ln815_reg_1497                                            |    1|   0|    1|          0|
    |patches_parameters_addr_2_reg_1399                           |    9|   0|   12|          3|
    |patches_parameters_addr_3_reg_1404                           |    9|   0|   12|          3|
    |patches_parameters_addr_4_reg_1409                           |    9|   0|   12|          3|
    |patches_parameters_addr_5_reg_1414                           |    9|   0|   12|          3|
    |patches_parameters_addr_6_reg_1419                           |    9|   0|   12|          3|
    |ppl_assign4_reg_1342                                         |   32|   0|   32|          0|
    |ppl_assign_0_reg_467                                         |   32|   0|   32|          0|
    |ppl_assign_s_reg_1527                                        |   32|   0|   32|          0|
    |previous_white_space_height_0_reg_385                        |   64|   0|   64|          0|
    |previous_z_top_min_V_0_reg_433                               |   32|   0|   32|          0|
    |ref_tmp1_reg_1623                                            |   32|   0|   32|          0|
    |reg_652                                                      |    8|   0|    8|          0|
    |reg_658                                                      |   32|   0|   32|          0|
    |reg_665                                                      |   32|   0|   32|          0|
    |repeat_original_ph_reg_329                                   |    1|   0|    1|          0|
    |repeat_original_reg_342                                      |    1|   0|    1|          0|
    |squarePatch_alternate2_reg_1450                              |    1|   0|    1|          0|
    |sub_ln763_reg_1360                                           |    9|   0|   12|          3|
    |thirdLastPatchIndex_reg_1428                                 |    8|   0|    8|          0|
    |tmp_5_reg_1511                                               |    9|   0|    9|          0|
    |tmp_reg_1394                                                 |    8|   0|   15|          7|
    |tmp_s_reg_1560                                               |    1|   0|    1|          0|
    |trunc_ln69_reg_1490                                          |   32|   0|   32|          0|
    |trunc_ln763_reg_1355                                         |    5|   0|    5|          0|
    |trunc_ln867_reg_1608                                         |    5|   0|    5|          0|
    |white_space_height_0_reg_375                                 |   64|   0|   64|          0|
    |white_space_height_reg_1550                                  |   33|   0|   33|          0|
    |z_top_min_0_reg_445                                          |   32|   0|   32|          0|
    |z_top_min_2_ph_reg_456                                       |   32|   0|   32|          0|
    |z_top_min_2_reg_487                                          |   32|   0|   32|          0|
    +-------------------------------------------------------------+-----+----+-----+-----------+
    |Total                                                        | 1053|   0| 1085|         32|
    +-------------------------------------------------------------+-----+----+-----+-----------+



================================================================
== Interface
================================================================
* Summary: 
+------------------------------+-----+-----+------------+---------------------+--------------+
|           RTL Ports          | Dir | Bits|  Protocol  |    Source Object    |    C Type    |
+------------------------------+-----+-----+------------+---------------------+--------------+
|ap_clk                        |   in|    1|  ap_ctrl_hs|   solveNextPatchPair|  return value|
|ap_rst                        |   in|    1|  ap_ctrl_hs|   solveNextPatchPair|  return value|
|ap_start                      |   in|    1|  ap_ctrl_hs|   solveNextPatchPair|  return value|
|ap_done                       |  out|    1|  ap_ctrl_hs|   solveNextPatchPair|  return value|
|ap_idle                       |  out|    1|  ap_ctrl_hs|   solveNextPatchPair|  return value|
|ap_ready                      |  out|    1|  ap_ctrl_hs|   solveNextPatchPair|  return value|
|ap_return_0                   |  out|   32|  ap_ctrl_hs|   solveNextPatchPair|  return value|
|ap_return_1                   |  out|   32|  ap_ctrl_hs|   solveNextPatchPair|  return value|
|ap_return_2                   |  out|   32|  ap_ctrl_hs|   solveNextPatchPair|  return value|
|ap_return_3                   |  out|   32|  ap_ctrl_hs|   solveNextPatchPair|  return value|
|ap_return_4                   |  out|   32|  ap_ctrl_hs|   solveNextPatchPair|  return value|
|ap_return_5                   |  out|   32|  ap_ctrl_hs|   solveNextPatchPair|  return value|
|ap_return_6                   |  out|   32|  ap_ctrl_hs|   solveNextPatchPair|  return value|
|n_patches_i                   |   in|    8|     ap_ovld|            n_patches|       pointer|
|n_patches_o                   |  out|    8|     ap_ovld|            n_patches|       pointer|
|n_patches_o_ap_vld            |  out|    1|     ap_ovld|            n_patches|       pointer|
|GDn_points_address0           |  out|    3|   ap_memory|           GDn_points|         array|
|GDn_points_ce0                |  out|    1|   ap_memory|           GDn_points|         array|
|GDn_points_q0                 |   in|   32|   ap_memory|           GDn_points|         array|
|patches_superpoints_address0  |  out|   12|   ap_memory|  patches_superpoints|         array|
|patches_superpoints_ce0       |  out|    1|   ap_memory|  patches_superpoints|         array|
|patches_superpoints_we0       |  out|    1|   ap_memory|  patches_superpoints|         array|
|patches_superpoints_d0        |  out|   64|   ap_memory|  patches_superpoints|         array|
|patches_superpoints_q0        |   in|   64|   ap_memory|  patches_superpoints|         array|
|patches_superpoints_address1  |  out|   12|   ap_memory|  patches_superpoints|         array|
|patches_superpoints_ce1       |  out|    1|   ap_memory|  patches_superpoints|         array|
|patches_superpoints_q1        |   in|   64|   ap_memory|  patches_superpoints|         array|
|apexZ0                        |   in|   32|     ap_none|               apexZ0|        scalar|
|ppl                           |   in|   32|     ap_none|                  ppl|        scalar|
|p_read1                       |   in|   32|     ap_none|              p_read1|        scalar|
|p_read4                       |   in|   32|     ap_none|              p_read4|        scalar|
|z_top_max_read                |   in|   32|     ap_none|       z_top_max_read|        scalar|
|p_read7                       |   in|   32|     ap_none|              p_read7|        scalar|
|GDarrayDecoded_address0       |  out|   12|   ap_memory|       GDarrayDecoded|         array|
|GDarrayDecoded_ce0            |  out|    1|   ap_memory|       GDarrayDecoded|         array|
|GDarrayDecoded_q0             |   in|   32|   ap_memory|       GDarrayDecoded|         array|
|patches_parameters_address0   |  out|   12|   ap_memory|   patches_parameters|         array|
|patches_parameters_ce0        |  out|    1|   ap_memory|   patches_parameters|         array|
|patches_parameters_we0        |  out|    1|   ap_memory|   patches_parameters|         array|
|patches_parameters_d0         |  out|   32|   ap_memory|   patches_parameters|         array|
|patches_parameters_q0         |   in|   32|   ap_memory|   patches_parameters|         array|
|patches_parameters_address1   |  out|   12|   ap_memory|   patches_parameters|         array|
|patches_parameters_ce1        |  out|    1|   ap_memory|   patches_parameters|         array|
|patches_parameters_we1        |  out|    1|   ap_memory|   patches_parameters|         array|
|patches_parameters_d1         |  out|   32|   ap_memory|   patches_parameters|         array|
|patches_parameters_q1         |   in|   32|   ap_memory|   patches_parameters|         array|
+------------------------------+-----+-----+------------+---------------------+--------------+

