

================================================================
== Vitis HLS Report for 'solveComplmentaryPatch'
================================================================
* Date:           Sat Jul 27 22:50:39 2024

* Version:        2020.2 (Build 3064766 on Wed Nov 18 09:12:45 MST 2020)
* Project:        PatchMaker_tanishGit
* Solution:       solutionSC2 (Vivado IP Flow Target)
* Product family: virtexuplus
* Target device:  xcvu19p-fsvb3824-2-e


================================================================
== Performance Estimates
================================================================
+ Timing: 
    * Summary: 
    +--------+---------+----------+------------+
    |  Clock |  Target | Estimated| Uncertainty|
    +--------+---------+----------+------------+
    |ap_clk  |  5.00 ns|  3.636 ns|     1.35 ns|
    +--------+---------+----------+------------+

+ Latency: 
    * Summary: 
    +---------+---------+----------+----------+-----+-----+---------+
    |  Latency (cycles) |  Latency (absolute) |  Interval | Pipeline|
    |   min   |   max   |    min   |    max   | min | max |   Type  |
    +---------+---------+----------+----------+-----+-----+---------+
    |        ?|        ?|         ?|         ?|    ?|    ?|     none|
    +---------+---------+----------+----------+-----+-----+---------+

    + Detail: 
        * Instance: 
        +------------------------------------------------+-------------------------------------+---------+---------+-----------+-----------+-----+-----+---------+
        |                                                |                                     |  Latency (cycles) |   Latency (absolute)  |  Interval | Pipeline|
        |                    Instance                    |                Module               |   min   |   max   |    min    |    max    | min | max |   Type  |
        +------------------------------------------------+-------------------------------------+---------+---------+-----------+-----------+-----+-----+---------+
        |grp_makePatch_alignedToLine_fu_699              |makePatch_alignedToLine              |        ?|        ?|          ?|          ?|    ?|    ?|     none|
        |grp_areWedgeSuperPointsEqual_fu_722             |areWedgeSuperPointsEqual             |       18|       18|  90.000 ns|  90.000 ns|    2|    2|      yes|
        |grp_delete_patch_fu_734                         |delete_patch                         |        ?|        ?|          ?|          ?|    ?|    ?|     none|
        |grp_get_index_from_z_fu_746                     |get_index_from_z                     |        ?|        ?|          ?|          ?|    ?|    ?|     none|
        |grp_straightLineProjectorFromLayerIJtoK_fu_760  |straightLineProjectorFromLayerIJtoK  |        3|        3|  15.000 ns|  15.000 ns|    1|    1|      yes|
        +------------------------------------------------+-------------------------------------+---------+---------+-----------+-----------+-----+-----+---------+

        * Loop: 
        +-----------------------------------------------------+---------+---------+----------+-----------+-----------+-------+----------+
        |                                                     |  Latency (cycles) | Iteration|  Initiation Interval  |  Trip |          |
        |                      Loop Name                      |   min   |   max   |  Latency |  achieved |   target  | Count | Pipelined|
        +-----------------------------------------------------+---------+---------+----------+-----------+-----------+-------+----------+
        |- solveComplmentaryPatch_fillCurrent_z_i_index       |        ?|        ?|         ?|          -|          -|      5|        no|
        |- solveComplmentaryPatch_fillNew_z_i_index0          |        5|        5|         2|          1|          1|      5|       yes|
        |- solveComplmentaryPatch_fillNew_z_i_index1          |        5|        5|         2|          1|          1|      5|       yes|
        |- solveComplmentaryPatch_fillNew_z_i_index2          |        5|        5|         2|          1|          1|      5|       yes|
        |- solveComplmentaryPatch_fillNew_z_i_index3          |        5|        5|         2|          1|          1|      5|       yes|
        |- solveComplmentaryPatch_fillNew_z_i_index4          |       11|       11|         8|          1|          1|      5|       yes|
        |- solveComplmentaryPatch_fillNew_z_i_index5          |        6|        6|         3|          1|          1|      5|       yes|
        |- solveComplmentaryPatch_fillNew_z_i_atTop           |        8|        8|         6|          1|          1|      4|       yes|
        |- solveComplmentaryPatch_findlayerWithSmallestShift  |        4|        4|         2|          1|          1|      4|       yes|
        |- solveComplmentaryPatch_superpointEqualCheck_2      |       39|      119|        20|         20|          1|  1 ~ 5|       yes|
        +-----------------------------------------------------+---------+---------+----------+-----------+-----------+-------+----------+



================================================================
== Utilization Estimates
================================================================
* Summary: 
+---------------------+---------+------+---------+---------+-----+
|         Name        | BRAM_18K|  DSP |    FF   |   LUT   | URAM|
+---------------------+---------+------+---------+---------+-----+
|DSP                  |        -|     -|        -|        -|    -|
|Expression           |        -|     -|        0|     2117|    -|
|FIFO                 |        -|     -|        -|        -|    -|
|Instance             |        3|    18|    13221|    17163|    -|
|Memory               |        0|     -|       48|       51|    -|
|Multiplexer          |        -|     -|        -|     1313|    -|
|Register             |        -|     -|     1839|      128|    -|
+---------------------+---------+------+---------+---------+-----+
|Total                |        3|    18|    15108|    20772|    0|
+---------------------+---------+------+---------+---------+-----+
|Available SLR        |     1080|   960|  2042880|  1021440|   80|
+---------------------+---------+------+---------+---------+-----+
|Utilization SLR (%)  |       ~0|     1|       ~0|        2|    0|
+---------------------+---------+------+---------+---------+-----+
|Available            |     4320|  3840|  8171520|  4085760|  320|
+---------------------+---------+------+---------+---------+-----+
|Utilization (%)      |       ~0|    ~0|       ~0|       ~0|    0|
+---------------------+---------+------+---------+---------+-----+

+ Detail: 
    * Instance: 
    +-------------------------------------+-----------------------------+---------+----+-------+-------+-----+
    |               Instance              |            Module           | BRAM_18K| DSP|   FF  |  LUT  | URAM|
    +-------------------------------------+-----------------------------+---------+----+-------+-------+-----+
    |grp_areWedgeSuperPointsEqual_fu_722  |areWedgeSuperPointsEqual     |        0|   2|    962|    989|    0|
    |grp_delete_patch_fu_734              |delete_patch                 |        0|   0|    174|    988|    0|
    |fcmp_32ns_32ns_1_2_no_dsp_1_U96      |fcmp_32ns_32ns_1_2_no_dsp_1  |        0|   0|      0|      0|    0|
    |grp_get_index_from_z_fu_746          |get_index_from_z             |        0|   0|    204|    347|    0|
    |grp_makePatch_alignedToLine_fu_699   |makePatch_alignedToLine      |        3|  16|  11881|  14799|    0|
    |mux_42_32_1_1_U97                    |mux_42_32_1_1                |        0|   0|      0|     20|    0|
    |mux_42_32_1_1_U98                    |mux_42_32_1_1                |        0|   0|      0|     20|    0|
    |sitofp_32ns_32_3_no_dsp_1_U95        |sitofp_32ns_32_3_no_dsp_1    |        0|   0|      0|      0|    0|
    +-------------------------------------+-----------------------------+---------+----+-------+-------+-----+
    |Total                                |                             |        3|  18|  13221|  17163|    0|
    +-------------------------------------+-----------------------------+---------+----+-------+-------+-----+

    * DSP: 
    N/A

    * Memory: 
    +---------------------+------------------------------------------+---------+----+----+-----+------+-----+------+-------------+
    |        Memory       |                  Module                  | BRAM_18K| FF | LUT| URAM| Words| Bits| Banks| W*Bits*Banks|
    +---------------------+------------------------------------------+---------+----+----+-----+------+-----+------+-------------+
    |current_z_i_index_U  |solveComplmentaryPatch_current_z_i_index  |        0|   8|   9|    0|     5|    8|     1|           40|
    |new_z_i_V_U          |solveComplmentaryPatch_new_z_i_V          |        0|  32|  33|    0|     5|   32|     1|          160|
    |new_z_i_index_U      |solveComplmentaryPatch_new_z_i_index      |        0|   8|   9|    0|     5|    8|     1|           40|
    +---------------------+------------------------------------------+---------+----+----+-----+------+-----+------+-------------+
    |Total                |                                          |        0|  48|  51|    0|    15|   48|     3|          240|
    +---------------------+------------------------------------------+---------+----+----+-----+------+-----+------+-------------+

    * FIFO: 
    N/A

    * Expression: 
    +-------------------------------------+----------+----+---+-----+------------+------------+
    |            Variable Name            | Operation| DSP| FF| LUT | Bitwidth P0| Bitwidth P1|
    +-------------------------------------+----------+----+---+-----+------------+------------+
    |add_ln1110_fu_817_p2                 |         +|   0|  0|   10|           3|           1|
    |add_ln1115_fu_837_p2                 |         +|   0|  0|   16|           9|           1|
    |add_ln1117_fu_842_p2                 |         +|   0|  0|   10|           3|           1|
    |add_ln1127_fu_881_p2                 |         +|   0|  0|   39|          32|           1|
    |add_ln1128_fu_886_p2                 |         +|   0|  0|   16|           9|           2|
    |add_ln1130_fu_913_p2                 |         +|   0|  0|   10|           3|           1|
    |add_ln1132_fu_930_p2                 |         +|   0|  0|   15|           8|           2|
    |add_ln1137_fu_866_p2                 |         +|   0|  0|   39|          32|           1|
    |add_ln1138_fu_871_p2                 |         +|   0|  0|   16|           9|           1|
    |add_ln1140_fu_896_p2                 |         +|   0|  0|   10|           3|           1|
    |add_ln1149_fu_955_p2                 |         +|   0|  0|   10|           3|           1|
    |add_ln1151_1_fu_987_p2               |         +|   0|  0|   15|           8|           2|
    |add_ln1155_fu_1002_p2                |         +|   0|  0|   10|           3|           1|
    |add_ln1162_fu_1188_p2                |         +|   0|  0|   10|           3|           1|
    |add_ln1175_fu_1236_p2                |         +|   0|  0|   10|           3|           1|
    |add_ln1183_fu_1279_p2                |         +|   0|  0|   10|           3|           1|
    |add_ln1207_fu_1383_p2                |         +|   0|  0|   19|          12|          12|
    |add_ln1212_fu_1444_p2                |         +|   0|  0|   19|          12|          11|
    |add_ln1217_fu_1462_p2                |         +|   0|  0|   19|          12|          11|
    |add_ln1236_fu_1596_p2                |         +|   0|  0|   15|           8|           2|
    |add_ln1268_fu_1657_p2                |         +|   0|  0|   19|          12|           6|
    |add_ln1269_fu_1674_p2                |         +|   0|  0|   19|          12|           6|
    |add_ln1300_fu_1744_p2                |         +|   0|  0|   10|           3|           1|
    |add_ln1320_fu_1794_p2                |         +|   0|  0|   39|          32|           2|
    |add_ln341_fu_1106_p2                 |         +|   0|  0|   16|           9|           8|
    |grp_fu_783_p2                        |         +|   0|  0|   15|           8|           1|
    |grp_fu_790_p2                        |         +|   0|  0|   39|          32|           2|
    |lastPatchIdx_fu_1607_p2              |         +|   0|  0|   15|           8|           2|
    |thirdLastPatchIdx_fu_1732_p2         |         +|   0|  0|   15|           8|           3|
    |ret_4_fu_1475_p2                     |         -|   0|  0|   40|          33|          33|
    |ret_5_fu_1518_p2                     |         -|   0|  0|   40|          33|          33|
    |ret_6_fu_1561_p2                     |         -|   0|  0|   40|          33|          33|
    |ret_7_fu_1692_p2                     |         -|   0|  0|   40|          33|          33|
    |ret_8_fu_1705_p2                     |         -|   0|  0|   40|          33|          33|
    |ret_fu_1411_p2                       |         -|   0|  0|   40|          33|          33|
    |sub_ln1185_fu_1312_p2                |         -|   0|  0|   40|          33|          33|
    |sub_ln1268_fu_1651_p2                |         -|   0|  0|   19|          12|          12|
    |sub_ln1311_fu_1120_p2                |         -|   0|  0|   15|           7|           8|
    |sub_ln180_1_fu_1317_p2               |         -|   0|  0|   40|           1|          33|
    |sub_ln180_2_fu_1480_p2               |         -|   0|  0|   40|           1|          33|
    |sub_ln180_3_fu_1523_p2               |         -|   0|  0|   40|           1|          33|
    |sub_ln180_fu_1416_p2                 |         -|   0|  0|   40|           1|          33|
    |and_ln1157_fu_1058_p2                |       and|   0|  0|    2|           1|           1|
    |ap_block_state51_on_subcall_done     |       and|   0|  0|    2|           1|           1|
    |icmp_ln1108_fu_827_p2                |      icmp|   0|  0|    8|           3|           3|
    |icmp_ln1117_fu_848_p2                |      icmp|   0|  0|    8|           3|           3|
    |icmp_ln1130_fu_919_p2                |      icmp|   0|  0|    8|           3|           3|
    |icmp_ln1140_fu_902_p2                |      icmp|   0|  0|    8|           3|           3|
    |icmp_ln1146_fu_941_p2                |      icmp|   0|  0|   20|          32|          32|
    |icmp_ln1149_fu_961_p2                |      icmp|   0|  0|    8|           3|           3|
    |icmp_ln1151_fu_981_p2                |      icmp|   0|  0|   20|          32|          32|
    |icmp_ln1155_fu_1008_p2               |      icmp|   0|  0|    8|           3|           3|
    |icmp_ln1157_1_fu_1046_p2             |      icmp|   0|  0|   16|          23|           1|
    |icmp_ln1157_fu_1040_p2               |      icmp|   0|  0|   11|           8|           2|
    |icmp_ln1162_fu_1194_p2               |      icmp|   0|  0|    8|           3|           3|
    |icmp_ln1170_fu_1230_p2               |      icmp|   0|  0|    8|           3|           3|
    |icmp_ln1183_fu_1285_p2               |      icmp|   0|  0|    9|           3|           4|
    |icmp_ln1185_fu_1343_p2               |      icmp|   0|  0|   29|          64|          64|
    |icmp_ln1205_fu_1438_p2               |      icmp|   0|  0|   20|          33|           1|
    |icmp_ln1210_fu_1502_p2               |      icmp|   0|  0|   20|          33|           1|
    |icmp_ln1215_fu_1545_p2               |      icmp|   0|  0|   20|          33|           1|
    |icmp_ln1237_fu_1582_p2               |      icmp|   0|  0|   11|           8|           8|
    |icmp_ln1290_fu_1627_p2               |      icmp|   0|  0|   10|           6|           1|
    |icmp_ln1300_fu_1738_p2               |      icmp|   0|  0|    8|           3|           3|
    |icmp_ln870_fu_833_p2                 |      icmp|   0|  0|   20|          32|          32|
    |icmp_ln878_fu_1711_p2                |      icmp|   0|  0|   20|          33|          33|
    |r_V_fu_1145_p2                       |      lshr|   0|  0|  163|          55|          55|
    |or_ln1157_fu_1052_p2                 |        or|   0|  0|    2|           1|           1|
    |or_ln1164_fu_1215_p2                 |        or|   0|  0|   12|          12|           1|
    |or_ln1268_fu_1663_p2                 |        or|   0|  0|   12|           1|          12|
    |data_V_fu_1068_p3                    |    select|   0|  0|   31|           1|           1|
    |layerSMin_1_fu_1360_p3               |    select|   0|  0|   63|           1|          64|
    |layerWithSmallestShift_1_fu_1352_p3  |    select|   0|  0|    8|           1|           8|
    |lhs_2_fu_1454_p3                     |    select|   0|  0|   32|           1|          32|
    |lhs_3_fu_1508_p3                     |    select|   0|  0|   32|           1|          32|
    |lhs_4_fu_1551_p3                     |    select|   0|  0|   32|           1|          32|
    |new_z_i_index_d1                     |    select|   0|  0|    8|           1|           8|
    |select_ln1146_fu_947_p3              |    select|   0|  0|   32|           1|          32|
    |select_ln1151_fu_993_p3              |    select|   0|  0|    8|           1|           8|
    |select_ln1220_fu_1590_p3             |    select|   0|  0|   32|           1|          32|
    |select_ln1274_fu_1717_p3             |    select|   0|  0|   33|           1|          33|
    |select_ln180_1_fu_1331_p3            |    select|   0|  0|   33|           1|          33|
    |select_ln180_2_fu_1494_p3            |    select|   0|  0|   33|           1|          33|
    |select_ln180_3_fu_1537_p3            |    select|   0|  0|   33|           1|          33|
    |select_ln180_fu_1430_p3              |    select|   0|  0|   33|           1|          33|
    |ush_fu_1129_p3                       |    select|   0|  0|    9|           1|           9|
    |r_V_1_fu_1151_p2                     |       shl|   0|  0|  163|          55|          55|
    |ap_enable_pp0                        |       xor|   0|  0|    2|           1|           2|
    |ap_enable_pp1                        |       xor|   0|  0|    2|           1|           2|
    |ap_enable_pp2                        |       xor|   0|  0|    2|           1|           2|
    |ap_enable_pp3                        |       xor|   0|  0|    2|           1|           2|
    |ap_enable_pp4                        |       xor|   0|  0|    2|           1|           2|
    |ap_enable_pp5                        |       xor|   0|  0|    2|           1|           2|
    |ap_enable_pp6                        |       xor|   0|  0|    2|           1|           2|
    |ap_enable_pp7                        |       xor|   0|  0|    2|           1|           2|
    |ap_enable_reg_pp0_iter1              |       xor|   0|  0|    2|           2|           1|
    |ap_enable_reg_pp1_iter1              |       xor|   0|  0|    2|           2|           1|
    |ap_enable_reg_pp2_iter1              |       xor|   0|  0|    2|           2|           1|
    |ap_enable_reg_pp3_iter1              |       xor|   0|  0|    2|           2|           1|
    |ap_enable_reg_pp4_iter1              |       xor|   0|  0|    2|           2|           1|
    |ap_enable_reg_pp5_iter1              |       xor|   0|  0|    2|           2|           1|
    |ap_enable_reg_pp6_iter1              |       xor|   0|  0|    2|           2|           1|
    |ap_enable_reg_pp7_iter1              |       xor|   0|  0|    2|           2|           1|
    +-------------------------------------+----------+----+---+-----+------------+------------+
    |Total                                |          |   0|  0| 2117|        1089|        1281|
    +-------------------------------------+----------+----+---+-----+------------+------------+

    * Multiplexer: 
    +----------------------------------------------------+-----+-----------+-----+-----------+
    |                        Name                        | LUT | Input Size| Bits| Total Bits|
    +----------------------------------------------------+-----+-----------+-----+-----------+
    |GDarrayDecoded_address0                             |   37|          7|   12|         84|
    |GDarrayDecoded_ce0                                  |   20|          4|    1|          4|
    |GDn_points_address0                                 |   26|          5|    3|         15|
    |GDn_points_ce0                                      |   20|          4|    1|          4|
    |ap_NS_fsm                                           |  364|         78|    1|         78|
    |ap_enable_reg_pp0_iter1                             |   14|          3|    1|          3|
    |ap_enable_reg_pp1_iter1                             |   14|          3|    1|          3|
    |ap_enable_reg_pp2_iter1                             |   14|          3|    1|          3|
    |ap_enable_reg_pp3_iter1                             |   14|          3|    1|          3|
    |ap_enable_reg_pp4_iter1                             |    9|          2|    1|          2|
    |ap_enable_reg_pp4_iter7                             |    9|          2|    1|          2|
    |ap_enable_reg_pp5_iter1                             |    9|          2|    1|          2|
    |ap_enable_reg_pp5_iter2                             |    9|          2|    1|          2|
    |ap_enable_reg_pp6_iter1                             |    9|          2|    1|          2|
    |ap_enable_reg_pp6_iter5                             |    9|          2|    1|          2|
    |ap_enable_reg_pp7_iter1                             |   14|          3|    1|          3|
    |ap_phi_mux_current_z_top_index_0_phi_fu_680_p6      |    9|          2|   32|         64|
    |ap_phi_mux_empty_73_phi_fu_528_p4                   |    9|          2|    9|         18|
    |ap_phi_mux_i_7_phi_fu_611_p4                        |    9|          2|    3|          6|
    |ap_phi_mux_i_8_phi_fu_623_p4                        |    9|          2|    3|          6|
    |ap_phi_mux_z_top_min_4_phi_fu_691_p6                |    9|          2|   32|         64|
    |ap_return_0                                         |    9|          2|   64|        128|
    |ap_return_1                                         |    9|          2|    8|         16|
    |ap_return_2                                         |    9|          2|   32|         64|
    |ap_return_3                                         |    9|          2|   32|         64|
    |ap_return_4                                         |    9|          2|   32|         64|
    |ap_return_5                                         |    9|          2|   32|         64|
    |ap_return_6                                         |    9|          2|   64|        128|
    |ap_return_7                                         |    9|          2|   32|         64|
    |counterUpshift_0_reg_566                            |    9|          2|   32|         64|
    |counter_0_reg_556                                   |    9|          2|   32|         64|
    |current_z_i_index_address0                          |   26|          5|    3|         15|
    |current_z_top_index_0_reg_677                       |    9|          2|   32|         64|
    |empty_73_reg_525                                    |    9|          2|    9|         18|
    |empty_76_reg_576                                    |    9|          2|   10|         20|
    |grp_delete_patch_fu_734_index                       |   14|          3|    9|         27|
    |grp_get_index_from_z_fu_746_layer                   |   14|          3|    3|          9|
    |grp_get_index_from_z_fu_746_z_value                 |   14|          3|   32|         96|
    |grp_makePatch_alignedToLine_fu_699_p_read           |   14|          3|   32|         96|
    |grp_makePatch_alignedToLine_fu_699_z_top            |   14|          3|   32|         96|
    |grp_straightLineProjectorFromLayerIJtoK_fu_760_j    |   14|          3|    3|          9|
    |grp_straightLineProjectorFromLayerIJtoK_fu_760_k    |   14|          3|    3|          9|
    |grp_straightLineProjectorFromLayerIJtoK_fu_760_z_j  |   14|          3|   32|         96|
    |i_10_reg_665                                        |    9|          2|    3|          6|
    |i_2_reg_514                                         |    9|          2|    3|          6|
    |i_3_reg_545                                         |    9|          2|    3|          6|
    |i_4_reg_534                                         |    9|          2|    3|          6|
    |i_5_reg_585                                         |    9|          2|    3|          6|
    |i_6_reg_596                                         |    9|          2|    3|          6|
    |i_7_reg_607                                         |    9|          2|    3|          6|
    |i_8_reg_619                                         |    9|          2|    3|          6|
    |i_9_reg_630                                         |    9|          2|    3|          6|
    |i_reg_502                                           |    9|          2|    3|          6|
    |layerSMin_reg_641                                   |    9|          2|   64|        128|
    |layerWithSmallestShift_reg_653                      |    9|          2|    8|         16|
    |n_patches_o                                         |   14|          3|    8|         24|
    |n_patches_o_ap_vld                                  |   14|          3|    1|          3|
    |new_z_i_V_address0                                  |   14|          3|    3|          9|
    |new_z_i_index_address0                              |   31|          6|    3|         18|
    |new_z_i_index_address1                              |   20|          4|    3|         12|
    |new_z_i_index_d0                                    |   20|          4|    8|         32|
    |patches_parameters_address0                         |   20|          4|   12|         48|
    |patches_parameters_address1                         |   14|          3|   12|         36|
    |patches_parameters_ce0                              |   20|          4|    1|          4|
    |patches_parameters_ce1                              |   14|          3|    1|          3|
    |patches_parameters_d0                               |   14|          3|   32|         96|
    |patches_parameters_we0                              |   14|          3|    1|          3|
    |patches_superpoints_address0                        |   20|          4|   12|         48|
    |patches_superpoints_address1                        |   14|          3|   12|         36|
    |patches_superpoints_ce0                             |   20|          4|    1|          4|
    |patches_superpoints_ce1                             |   14|          3|    1|          3|
    |patches_superpoints_d0                              |   14|          3|   64|        192|
    |patches_superpoints_we0                             |   14|          3|    1|          3|
    |z_top_min_4_reg_688                                 |    9|          2|   32|         64|
    +----------------------------------------------------+-----+-----------+-----+-----------+
    |Total                                               | 1313|        279|  978|       2487|
    +----------------------------------------------------+-----+-----------+-----+-----------+

    * Register: 
    +-------------------------------------------------------------+----+----+-----+-----------+
    |                             Name                            | FF | LUT| Bits| Const Bits|
    +-------------------------------------------------------------+----+----+-----+-----------+
    |add_ln1110_reg_1864                                          |   3|   0|    3|          0|
    |add_ln1115_reg_1883                                          |   9|   0|    9|          0|
    |add_ln1127_reg_1926                                          |  32|   0|   32|          0|
    |add_ln1137_reg_1916                                          |  32|   0|   32|          0|
    |add_ln1162_reg_2049                                          |   3|   0|    3|          0|
    |add_ln1175_reg_2107                                          |   3|   0|    3|          0|
    |add_ln1175_reg_2107_pp6_iter1_reg                            |   3|   0|    3|          0|
    |add_ln1300_reg_2297                                          |   3|   0|    3|          0|
    |agg_tmp7_reg_1888                                            |  32|   0|   32|          0|
    |ap_CS_fsm                                                    |  77|   0|   77|          0|
    |ap_enable_reg_pp0_iter0                                      |   1|   0|    1|          0|
    |ap_enable_reg_pp0_iter1                                      |   1|   0|    1|          0|
    |ap_enable_reg_pp1_iter0                                      |   1|   0|    1|          0|
    |ap_enable_reg_pp1_iter1                                      |   1|   0|    1|          0|
    |ap_enable_reg_pp2_iter0                                      |   1|   0|    1|          0|
    |ap_enable_reg_pp2_iter1                                      |   1|   0|    1|          0|
    |ap_enable_reg_pp3_iter0                                      |   1|   0|    1|          0|
    |ap_enable_reg_pp3_iter1                                      |   1|   0|    1|          0|
    |ap_enable_reg_pp4_iter0                                      |   1|   0|    1|          0|
    |ap_enable_reg_pp4_iter1                                      |   1|   0|    1|          0|
    |ap_enable_reg_pp4_iter2                                      |   1|   0|    1|          0|
    |ap_enable_reg_pp4_iter3                                      |   1|   0|    1|          0|
    |ap_enable_reg_pp4_iter4                                      |   1|   0|    1|          0|
    |ap_enable_reg_pp4_iter5                                      |   1|   0|    1|          0|
    |ap_enable_reg_pp4_iter6                                      |   1|   0|    1|          0|
    |ap_enable_reg_pp4_iter7                                      |   1|   0|    1|          0|
    |ap_enable_reg_pp5_iter0                                      |   1|   0|    1|          0|
    |ap_enable_reg_pp5_iter1                                      |   1|   0|    1|          0|
    |ap_enable_reg_pp5_iter2                                      |   1|   0|    1|          0|
    |ap_enable_reg_pp6_iter0                                      |   1|   0|    1|          0|
    |ap_enable_reg_pp6_iter1                                      |   1|   0|    1|          0|
    |ap_enable_reg_pp6_iter2                                      |   1|   0|    1|          0|
    |ap_enable_reg_pp6_iter3                                      |   1|   0|    1|          0|
    |ap_enable_reg_pp6_iter4                                      |   1|   0|    1|          0|
    |ap_enable_reg_pp6_iter5                                      |   1|   0|    1|          0|
    |ap_enable_reg_pp7_iter0                                      |   1|   0|    1|          0|
    |ap_enable_reg_pp7_iter1                                      |   1|   0|    1|          0|
    |ap_return_0_preg                                             |  64|   0|   64|          0|
    |ap_return_1_preg                                             |   8|   0|    8|          0|
    |ap_return_2_preg                                             |  32|   0|   32|          0|
    |ap_return_3_preg                                             |  32|   0|   32|          0|
    |ap_return_4_preg                                             |  32|   0|   32|          0|
    |ap_return_5_preg                                             |  32|   0|   32|          0|
    |ap_return_6_preg                                             |  64|   0|   64|          0|
    |ap_return_7_preg                                             |  32|   0|   32|          0|
    |conv_reg_2032                                                |  32|   0|   32|          0|
    |conv_reg_2032_pp4_iter5_reg                                  |  32|   0|   32|          0|
    |counterUpshift_0_reg_566                                     |  32|   0|   32|          0|
    |counter_0_reg_556                                            |  32|   0|   32|          0|
    |current_z_top_index_0_reg_677                                |  32|   0|   32|          0|
    |empty_73_reg_525                                             |   9|   0|    9|          0|
    |empty_76_reg_576                                             |  10|   0|   10|          0|
    |grp_areWedgeSuperPointsEqual_fu_722_ap_start_reg             |   1|   0|    1|          0|
    |grp_delete_patch_fu_734_ap_start_reg                         |   1|   0|    1|          0|
    |grp_get_index_from_z_fu_746_ap_start_reg                     |   1|   0|    1|          0|
    |grp_makePatch_alignedToLine_fu_699_ap_start_reg              |   1|   0|    1|          0|
    |grp_straightLineProjectorFromLayerIJtoK_fu_760_ap_start_reg  |   1|   0|    1|          0|
    |i_10_reg_665                                                 |   3|   0|    3|          0|
    |i_2_cast_reg_1902                                            |   3|   0|   64|         61|
    |i_2_reg_514                                                  |   3|   0|    3|          0|
    |i_3_cast_reg_1969                                            |   3|   0|   64|         61|
    |i_3_reg_545                                                  |   3|   0|    3|          0|
    |i_4_cast_reg_1945                                            |   3|   0|   64|         61|
    |i_4_reg_534                                                  |   3|   0|    3|          0|
    |i_5_reg_585                                                  |   3|   0|    3|          0|
    |i_6_reg_596                                                  |   3|   0|    3|          0|
    |i_7_cast_reg_2058                                            |   3|   0|   64|         61|
    |i_7_cast_reg_2058_pp5_iter1_reg                              |   3|   0|   64|         61|
    |i_7_reg_607                                                  |   3|   0|    3|          0|
    |i_8_reg_619                                                  |   3|   0|    3|          0|
    |i_9_reg_630                                                  |   3|   0|    3|          0|
    |i_reg_502                                                    |   3|   0|    3|          0|
    |icmp_ln1117_reg_1898                                         |   1|   0|    1|          0|
    |icmp_ln1130_reg_1965                                         |   1|   0|    1|          0|
    |icmp_ln1140_reg_1941                                         |   1|   0|    1|          0|
    |icmp_ln1149_reg_1992                                         |   1|   0|    1|          0|
    |icmp_ln1155_reg_2012                                         |   1|   0|    1|          0|
    |icmp_ln1162_reg_2054                                         |   1|   0|    1|          0|
    |icmp_ln1162_reg_2054_pp5_iter1_reg                           |   1|   0|    1|          0|
    |icmp_ln1170_reg_2103                                         |   1|   0|    1|          0|
    |icmp_ln1183_reg_2141                                         |   1|   0|    1|          0|
    |icmp_ln1237_reg_2230                                         |   1|   0|    1|          0|
    |icmp_ln1290_reg_2264                                         |   1|   0|    1|          0|
    |icmp_ln1300_reg_2293                                         |   1|   0|    1|          0|
    |icmp_ln870_reg_1879                                          |   1|   0|    1|          0|
    |lastPatchIdx_reg_2251                                        |   8|   0|    8|          0|
    |layerSMin_reg_641                                            |  64|   0|   64|          0|
    |layerWithSmallestShift_reg_653                               |   8|   0|    8|          0|
    |lhs_2_reg_2192                                               |  32|   0|   32|          0|
    |lhs_3_reg_2203                                               |  32|   0|   32|          0|
    |lhs_4_reg_2209                                               |  32|   0|   32|          0|
    |lhs_reg_2181                                                 |  32|   0|   32|          0|
    |new_z_i_V_load_reg_2122                                      |  32|   0|   32|          0|
    |new_z_i_atTop_V_3_1_fu_232                                   |  32|   0|   32|          0|
    |new_z_i_atTop_V_3_2_fu_236                                   |  32|   0|   32|          0|
    |new_z_i_atTop_V_3_3_fu_240                                   |  32|   0|   32|          0|
    |new_z_i_atTop_V_3_4_fu_244                                   |  32|   0|   32|          0|
    |new_z_i_atTop_V_3_fu_228                                     |  32|   0|   32|          0|
    |new_z_i_index_addr_3_reg_1996                                |   3|   0|    3|          0|
    |new_z_i_index_addr_4_reg_2016                                |   3|   0|    3|          0|
    |new_z_i_index_load_1_reg_2022                                |   8|   0|    8|          0|
    |ppl_assign2_reg_2246                                         |  32|   0|   32|          0|
    |reg_808                                                      |   8|   0|    8|          0|
    |ret_6_reg_2215                                               |  33|   0|   33|          0|
    |select_ln1146_reg_1979                                       |  32|   0|   32|          0|
    |select_ln1220_reg_2234                                       |  32|   0|   32|          0|
    |sext_ln1130_reg_1931                                         |  10|   0|   10|          0|
    |sext_ln1183_reg_2127                                         |  33|   0|   33|          0|
    |sext_ln534_1_reg_2278                                        |  64|   0|   64|          0|
    |thirdLastPatchIdx_reg_2288                                   |   8|   0|    8|          0|
    |tmp_19_reg_2225                                              |   1|   0|    1|          0|
    |tmp_21_cast_reg_2170                                         |  11|   0|   12|          1|
    |tmp_23_reg_2038                                              |   8|   0|    8|          0|
    |tmp_24_reg_2044                                              |  23|   0|   23|          0|
    |tmp_8_reg_2150                                               |  32|   0|   32|          0|
    |tmp_reg_1912                                                 |   1|   0|    1|          0|
    |trunc_ln1172_reg_2118                                        |   2|   0|    2|          0|
    |trunc_ln1192_reg_2165                                        |   2|   0|    2|          0|
    |trunc_ln1268_reg_2259                                        |   5|   0|    5|          0|
    |trunc_ln534_reg_2145                                         |   2|   0|    2|          0|
    |z_top_min_4_reg_688                                          |  32|   0|   32|          0|
    |zext_ln1104_reg_1858                                         |   8|   0|    9|          1|
    |zext_ln1108_reg_1870                                         |   3|   0|   64|         61|
    |zext_ln1140_reg_1921                                         |   9|   0|   10|          1|
    |zext_ln1256_reg_2241                                         |   8|   0|    9|          1|
    |zext_ln1293_reg_2283                                         |   8|   0|    9|          1|
    |icmp_ln1155_reg_2012                                         |  64|  32|    1|          0|
    |icmp_ln1170_reg_2103                                         |  64|  32|    1|          0|
    |new_z_i_index_addr_4_reg_2016                                |  64|  32|    3|          0|
    |trunc_ln1172_reg_2118                                        |  64|  32|    2|          0|
    +-------------------------------------------------------------+----+----+-----+-----------+
    |Total                                                        |1839| 128| 1961|        371|
    +-------------------------------------------------------------+----+----+-----+-----------+



================================================================
== Interface
================================================================
* Summary: 
+--------------------------------------------------------+-----+-----+------------+-------------------------+--------------+
|                        RTL Ports                       | Dir | Bits|  Protocol  |      Source Object      |    C Type    |
+--------------------------------------------------------+-----+-----+------------+-------------------------+--------------+
|ap_clk                                                  |   in|    1|  ap_ctrl_hs|   solveComplmentaryPatch|  return value|
|ap_rst                                                  |   in|    1|  ap_ctrl_hs|   solveComplmentaryPatch|  return value|
|ap_start                                                |   in|    1|  ap_ctrl_hs|   solveComplmentaryPatch|  return value|
|ap_done                                                 |  out|    1|  ap_ctrl_hs|   solveComplmentaryPatch|  return value|
|ap_idle                                                 |  out|    1|  ap_ctrl_hs|   solveComplmentaryPatch|  return value|
|ap_ready                                                |  out|    1|  ap_ctrl_hs|   solveComplmentaryPatch|  return value|
|ap_return_0                                             |  out|   64|  ap_ctrl_hs|   solveComplmentaryPatch|  return value|
|ap_return_1                                             |  out|    8|  ap_ctrl_hs|   solveComplmentaryPatch|  return value|
|ap_return_2                                             |  out|   32|  ap_ctrl_hs|   solveComplmentaryPatch|  return value|
|ap_return_3                                             |  out|   32|  ap_ctrl_hs|   solveComplmentaryPatch|  return value|
|ap_return_4                                             |  out|   32|  ap_ctrl_hs|   solveComplmentaryPatch|  return value|
|ap_return_5                                             |  out|   32|  ap_ctrl_hs|   solveComplmentaryPatch|  return value|
|ap_return_6                                             |  out|   64|  ap_ctrl_hs|   solveComplmentaryPatch|  return value|
|ap_return_7                                             |  out|   32|  ap_ctrl_hs|   solveComplmentaryPatch|  return value|
|grp_straightLineProjectorFromLayerIJtoK_fu_613_p_din1   |  out|   32|  ap_ctrl_hs|   solveComplmentaryPatch|  return value|
|grp_straightLineProjectorFromLayerIJtoK_fu_613_p_din2   |  out|   32|  ap_ctrl_hs|   solveComplmentaryPatch|  return value|
|grp_straightLineProjectorFromLayerIJtoK_fu_613_p_din3   |  out|    3|  ap_ctrl_hs|   solveComplmentaryPatch|  return value|
|grp_straightLineProjectorFromLayerIJtoK_fu_613_p_din4   |  out|    3|  ap_ctrl_hs|   solveComplmentaryPatch|  return value|
|grp_straightLineProjectorFromLayerIJtoK_fu_613_p_din5   |  out|    3|  ap_ctrl_hs|   solveComplmentaryPatch|  return value|
|grp_straightLineProjectorFromLayerIJtoK_fu_613_p_dout0  |   in|   32|  ap_ctrl_hs|   solveComplmentaryPatch|  return value|
|grp_straightLineProjectorFromLayerIJtoK_fu_613_p_ce     |  out|    1|  ap_ctrl_hs|   solveComplmentaryPatch|  return value|
|grp_straightLineProjectorFromLayerIJtoK_fu_613_p_start  |  out|    1|  ap_ctrl_hs|   solveComplmentaryPatch|  return value|
|grp_straightLineProjectorFromLayerIJtoK_fu_613_p_ready  |   in|    1|  ap_ctrl_hs|   solveComplmentaryPatch|  return value|
|grp_straightLineProjectorFromLayerIJtoK_fu_613_p_done   |   in|    1|  ap_ctrl_hs|   solveComplmentaryPatch|  return value|
|grp_straightLineProjectorFromLayerIJtoK_fu_613_p_idle   |   in|    1|  ap_ctrl_hs|   solveComplmentaryPatch|  return value|
|grp_fu_1631_p_din0                                      |  out|   33|  ap_ctrl_hs|   solveComplmentaryPatch|  return value|
|grp_fu_1631_p_din1                                      |  out|   64|  ap_ctrl_hs|   solveComplmentaryPatch|  return value|
|grp_fu_1631_p_dout0                                     |   in|   64|  ap_ctrl_hs|   solveComplmentaryPatch|  return value|
|grp_fu_1631_p_ce                                        |  out|    1|  ap_ctrl_hs|   solveComplmentaryPatch|  return value|
|n_patches_i                                             |   in|    8|     ap_ovld|                n_patches|       pointer|
|n_patches_o                                             |  out|    8|     ap_ovld|                n_patches|       pointer|
|n_patches_o_ap_vld                                      |  out|    1|     ap_ovld|                n_patches|       pointer|
|GDn_points_address0                                     |  out|    3|   ap_memory|               GDn_points|         array|
|GDn_points_ce0                                          |  out|    1|   ap_memory|               GDn_points|         array|
|GDn_points_q0                                           |   in|   32|   ap_memory|               GDn_points|         array|
|patches_superpoints_address0                            |  out|   12|   ap_memory|      patches_superpoints|         array|
|patches_superpoints_ce0                                 |  out|    1|   ap_memory|      patches_superpoints|         array|
|patches_superpoints_we0                                 |  out|    1|   ap_memory|      patches_superpoints|         array|
|patches_superpoints_d0                                  |  out|   64|   ap_memory|      patches_superpoints|         array|
|patches_superpoints_q0                                  |   in|   64|   ap_memory|      patches_superpoints|         array|
|patches_superpoints_address1                            |  out|   12|   ap_memory|      patches_superpoints|         array|
|patches_superpoints_ce1                                 |  out|    1|   ap_memory|      patches_superpoints|         array|
|patches_superpoints_q1                                  |   in|   64|   ap_memory|      patches_superpoints|         array|
|ppl                                                     |   in|   32|     ap_none|                      ppl|        scalar|
|nPatchesAtOriginal                                      |   in|    8|     ap_none|       nPatchesAtOriginal|        scalar|
|previous_z_top_min_read                                 |   in|   32|     ap_none|  previous_z_top_min_read|        scalar|
|complementary_apexZ0                                    |   in|   32|     ap_none|     complementary_apexZ0|        scalar|
|white_space_height_read                                 |   in|   64|     ap_none|  white_space_height_read|        scalar|
|original_c                                              |   in|   32|     ap_none|               original_c|        scalar|
|original_d                                              |   in|   32|     ap_none|               original_d|        scalar|
|p_read12                                                |   in|   32|     ap_none|                 p_read12|        scalar|
|p_read13                                                |   in|   32|     ap_none|                 p_read13|        scalar|
|z_top_min_read                                          |   in|   32|     ap_none|           z_top_min_read|        scalar|
|GDarrayDecoded_address0                                 |  out|   12|   ap_memory|           GDarrayDecoded|         array|
|GDarrayDecoded_ce0                                      |  out|    1|   ap_memory|           GDarrayDecoded|         array|
|GDarrayDecoded_q0                                       |   in|   32|   ap_memory|           GDarrayDecoded|         array|
|patches_parameters_address0                             |  out|   12|   ap_memory|       patches_parameters|         array|
|patches_parameters_ce0                                  |  out|    1|   ap_memory|       patches_parameters|         array|
|patches_parameters_we0                                  |  out|    1|   ap_memory|       patches_parameters|         array|
|patches_parameters_d0                                   |  out|   32|   ap_memory|       patches_parameters|         array|
|patches_parameters_q0                                   |   in|   32|   ap_memory|       patches_parameters|         array|
|patches_parameters_address1                             |  out|   12|   ap_memory|       patches_parameters|         array|
|patches_parameters_ce1                                  |  out|    1|   ap_memory|       patches_parameters|         array|
|patches_parameters_q1                                   |   in|   32|   ap_memory|       patches_parameters|         array|
+--------------------------------------------------------+-----+-----+------------+-------------------------+--------------+

