

================================================================
== Vitis HLS Report for 'straightLineProjectorFromLayerIJtoK'
================================================================
* Date:           Sat Jun 27 14:15:43 2020

* Version:        2020.2 (Build 3064766 on Wed Nov 18 09:12:45 MST 2020)
* Project:        PatchMaker_tanishGit
* Solution:       solutionSC2 (Vivado IP Flow Target)
* Product family: virtexuplus
* Target device:  xcvu19p-fsvb3824-2-e


================================================================
== Performance Estimates
================================================================
+ Timing: 
    * Summary: 
    +--------+---------+----------+------------+
    |  Clock |  Target | Estimated| Uncertainty|
    +--------+---------+----------+------------+
    |ap_clk  |  5.00 ns|  3.170 ns|     1.35 ns|
    +--------+---------+----------+------------+

+ Latency: 
    * Summary: 
    +---------+---------+----------+----------+-----+-----+---------+
    |  Latency (cycles) |  Latency (absolute) |  Interval | Pipeline|
    |   min   |   max   |    min   |    max   | min | max |   Type  |
    +---------+---------+----------+----------+-----+-----+---------+
    |       63|       63|  0.315 us|  0.315 us|    1|    1|      yes|
    +---------+---------+----------+----------+-----+-----+---------+

    + Detail: 
        * Instance: 
        N/A

        * Loop: 
        N/A



================================================================
== Utilization Estimates
================================================================
* Summary: 
+---------------------+---------+------+---------+---------+-----+
|         Name        | BRAM_18K|  DSP |    FF   |   LUT   | URAM|
+---------------------+---------+------+---------+---------+-----+
|DSP                  |        -|     -|        -|        -|    -|
|Expression           |        -|     -|        0|      273|    -|
|FIFO                 |        -|     -|        -|        -|    -|
|Instance             |        -|     2|    14012|    10744|    -|
|Memory               |        0|     -|       32|       33|    -|
|Multiplexer          |        -|     -|        -|        -|    -|
|Register             |        -|     -|      419|       32|    -|
+---------------------+---------+------+---------+---------+-----+
|Total                |        0|     2|    14463|    11082|    0|
+---------------------+---------+------+---------+---------+-----+
|Available SLR        |     1080|   960|  2042880|  1021440|   80|
+---------------------+---------+------+---------+---------+-----+
|Utilization SLR (%)  |        0|    ~0|       ~0|        1|    0|
+---------------------+---------+------+---------+---------+-----+
|Available            |     4320|  3840|  8171520|  4085760|  320|
+---------------------+---------+------+---------+---------+-----+
|Utilization (%)      |        0|    ~0|       ~0|       ~0|    0|
+---------------------+---------+------+---------+---------+-----+

+ Detail: 
    * Instance: 
    +--------------------------+-----------------------+---------+----+------+------+-----+
    |         Instance         |         Module        | BRAM_18K| DSP|  FF  |  LUT | URAM|
    +--------------------------+-----------------------+---------+----+------+------+-----+
    |mul_26s_32s_57_1_1_U3     |mul_26s_32s_57_1_1     |        0|   1|     0|    20|    0|
    |mul_26s_32s_57_1_1_U4     |mul_26s_32s_57_1_1     |        0|   1|     0|    20|    0|
    |sdiv_57ns_26s_32_61_1_U5  |sdiv_57ns_26s_32_61_1  |        0|   0|  7006|  5352|    0|
    |sdiv_57ns_26s_32_61_1_U6  |sdiv_57ns_26s_32_61_1  |        0|   0|  7006|  5352|    0|
    +--------------------------+-----------------------+---------+----+------+------+-----+
    |Total                     |                       |        0|   2| 14012| 10744|    0|
    +--------------------------+-----------------------+---------+----+------+------+-----+

    * DSP: 
    N/A

    * Memory: 
    +---------+-------------------------------------------+---------+----+----+-----+------+-----+------+-------------+
    |  Memory |                   Module                  | BRAM_18K| FF | LUT| URAM| Words| Bits| Banks| W*Bits*Banks|
    +---------+-------------------------------------------+---------+----+----+-----+------+-----+------+-------------+
    |radii_U  |straightLineProjectorFromLayerIJtoK_radii  |        0|  32|  33|    0|     5|   25|     1|          125|
    +---------+-------------------------------------------+---------+----+----+-----+------+-----+------+-------------+
    |Total    |                                           |        0|  32|  33|    0|     5|   25|     1|          125|
    +---------+-------------------------------------------+---------+----+----+-----+------+-----+------+-------------+

    * FIFO: 
    N/A

    * Expression: 
    +----------------------+----------+----+---+----+------------+------------+
    |     Variable Name    | Operation| DSP| FF| LUT| Bitwidth P0| Bitwidth P1|
    +----------------------+----------+----+---+----+------------+------------+
    |add_ln123_fu_103_p2   |         +|   0|  0|  10|           3|           2|
    |add_ln131_fu_120_p2   |         +|   0|  0|  10|           3|           2|
    |add_ln139_fu_137_p2   |         +|   0|  0|  10|           3|           2|
    |add_ln69_fu_235_p2    |         +|   0|  0|  32|          32|          32|
    |ap_return             |         -|   0|  0|  32|          32|          32|
    |sub_ln1345_fu_181_p2  |         -|   0|  0|  33|          26|          26|
    |sub_ln1364_fu_187_p2  |         -|   0|  0|  33|          26|          26|
    |icmp_ln117_fu_97_p2   |      icmp|   0|  0|   8|           3|           1|
    |icmp_ln125_fu_114_p2  |      icmp|   0|  0|  20|          32|           1|
    |icmp_ln133_fu_131_p2  |      icmp|   0|  0|   8|           3|           1|
    |radius_i_1_fu_148_p3  |    select|   0|  0|  25|           1|           1|
    |radius_j_1_fu_159_p3  |    select|   0|  0|  25|           1|           1|
    |radius_k_1_fu_170_p3  |    select|   0|  0|  25|           1|           1|
    |ap_enable_pp0         |       xor|   0|  0|   2|           1|           2|
    +----------------------+----------+----+---+----+------------+------------+
    |Total                 |          |   0|  0| 273|         167|         130|
    +----------------------+----------+----+---+----+------------+------------+

    * Multiplexer: 
    N/A

    * Register: 
    +----------------------------------+----+----+-----+-----------+
    |               Name               | FF | LUT| Bits| Const Bits|
    +----------------------------------+----+----+-----+-----------+
    |ap_CS_fsm                         |   1|   0|    1|          0|
    |ap_enable_reg_pp0_iter1           |   1|   0|    1|          0|
    |ap_enable_reg_pp0_iter10          |   1|   0|    1|          0|
    |ap_enable_reg_pp0_iter11          |   1|   0|    1|          0|
    |ap_enable_reg_pp0_iter12          |   1|   0|    1|          0|
    |ap_enable_reg_pp0_iter13          |   1|   0|    1|          0|
    |ap_enable_reg_pp0_iter14          |   1|   0|    1|          0|
    |ap_enable_reg_pp0_iter15          |   1|   0|    1|          0|
    |ap_enable_reg_pp0_iter16          |   1|   0|    1|          0|
    |ap_enable_reg_pp0_iter17          |   1|   0|    1|          0|
    |ap_enable_reg_pp0_iter18          |   1|   0|    1|          0|
    |ap_enable_reg_pp0_iter19          |   1|   0|    1|          0|
    |ap_enable_reg_pp0_iter2           |   1|   0|    1|          0|
    |ap_enable_reg_pp0_iter20          |   1|   0|    1|          0|
    |ap_enable_reg_pp0_iter21          |   1|   0|    1|          0|
    |ap_enable_reg_pp0_iter22          |   1|   0|    1|          0|
    |ap_enable_reg_pp0_iter23          |   1|   0|    1|          0|
    |ap_enable_reg_pp0_iter24          |   1|   0|    1|          0|
    |ap_enable_reg_pp0_iter25          |   1|   0|    1|          0|
    |ap_enable_reg_pp0_iter26          |   1|   0|    1|          0|
    |ap_enable_reg_pp0_iter27          |   1|   0|    1|          0|
    |ap_enable_reg_pp0_iter28          |   1|   0|    1|          0|
    |ap_enable_reg_pp0_iter29          |   1|   0|    1|          0|
    |ap_enable_reg_pp0_iter3           |   1|   0|    1|          0|
    |ap_enable_reg_pp0_iter30          |   1|   0|    1|          0|
    |ap_enable_reg_pp0_iter31          |   1|   0|    1|          0|
    |ap_enable_reg_pp0_iter32          |   1|   0|    1|          0|
    |ap_enable_reg_pp0_iter33          |   1|   0|    1|          0|
    |ap_enable_reg_pp0_iter34          |   1|   0|    1|          0|
    |ap_enable_reg_pp0_iter35          |   1|   0|    1|          0|
    |ap_enable_reg_pp0_iter36          |   1|   0|    1|          0|
    |ap_enable_reg_pp0_iter37          |   1|   0|    1|          0|
    |ap_enable_reg_pp0_iter38          |   1|   0|    1|          0|
    |ap_enable_reg_pp0_iter39          |   1|   0|    1|          0|
    |ap_enable_reg_pp0_iter4           |   1|   0|    1|          0|
    |ap_enable_reg_pp0_iter40          |   1|   0|    1|          0|
    |ap_enable_reg_pp0_iter41          |   1|   0|    1|          0|
    |ap_enable_reg_pp0_iter42          |   1|   0|    1|          0|
    |ap_enable_reg_pp0_iter43          |   1|   0|    1|          0|
    |ap_enable_reg_pp0_iter44          |   1|   0|    1|          0|
    |ap_enable_reg_pp0_iter45          |   1|   0|    1|          0|
    |ap_enable_reg_pp0_iter46          |   1|   0|    1|          0|
    |ap_enable_reg_pp0_iter47          |   1|   0|    1|          0|
    |ap_enable_reg_pp0_iter48          |   1|   0|    1|          0|
    |ap_enable_reg_pp0_iter49          |   1|   0|    1|          0|
    |ap_enable_reg_pp0_iter5           |   1|   0|    1|          0|
    |ap_enable_reg_pp0_iter50          |   1|   0|    1|          0|
    |ap_enable_reg_pp0_iter51          |   1|   0|    1|          0|
    |ap_enable_reg_pp0_iter52          |   1|   0|    1|          0|
    |ap_enable_reg_pp0_iter53          |   1|   0|    1|          0|
    |ap_enable_reg_pp0_iter54          |   1|   0|    1|          0|
    |ap_enable_reg_pp0_iter55          |   1|   0|    1|          0|
    |ap_enable_reg_pp0_iter56          |   1|   0|    1|          0|
    |ap_enable_reg_pp0_iter57          |   1|   0|    1|          0|
    |ap_enable_reg_pp0_iter58          |   1|   0|    1|          0|
    |ap_enable_reg_pp0_iter59          |   1|   0|    1|          0|
    |ap_enable_reg_pp0_iter6           |   1|   0|    1|          0|
    |ap_enable_reg_pp0_iter60          |   1|   0|    1|          0|
    |ap_enable_reg_pp0_iter61          |   1|   0|    1|          0|
    |ap_enable_reg_pp0_iter62          |   1|   0|    1|          0|
    |ap_enable_reg_pp0_iter63          |   1|   0|    1|          0|
    |ap_enable_reg_pp0_iter7           |   1|   0|    1|          0|
    |ap_enable_reg_pp0_iter8           |   1|   0|    1|          0|
    |ap_enable_reg_pp0_iter9           |   1|   0|    1|          0|
    |icmp_ln117_reg_257                |   1|   0|    1|          0|
    |icmp_ln125_reg_267                |   1|   0|    1|          0|
    |icmp_ln133_reg_277                |   1|   0|    1|          0|
    |mul_ln1364_1_reg_302              |  57|   0|   57|          0|
    |mul_ln1364_reg_297                |  57|   0|   57|          0|
    |sub_ln1345_reg_287                |  26|   0|   26|          0|
    |sub_ln1364_reg_292                |  26|   0|   26|          0|
    |sub_ln1364_reg_292_pp0_iter2_reg  |  26|   0|   26|          0|
    |z_i_read_reg_251                  |  32|   0|   32|          0|
    |z_j_read_reg_246                  |  32|   0|   32|          0|
    |z_j_read_reg_246_pp0_iter1_reg    |  32|   0|   32|          0|
    |z_i_read_reg_251                  |  64|  32|   32|          0|
    +----------------------------------+----+----+-----+-----------+
    |Total                             | 419|  32|  387|          0|
    +----------------------------------+----+----+-----+-----------+



================================================================
== Interface
================================================================
* Summary: 
+-----------+-----+-----+------------+-------------------------------------+--------------+
| RTL Ports | Dir | Bits|  Protocol  |            Source Object            |    C Type    |
+-----------+-----+-----+------------+-------------------------------------+--------------+
|ap_clk     |   in|    1|  ap_ctrl_hs|  straightLineProjectorFromLayerIJtoK|  return value|
|ap_rst     |   in|    1|  ap_ctrl_hs|  straightLineProjectorFromLayerIJtoK|  return value|
|ap_start   |   in|    1|  ap_ctrl_hs|  straightLineProjectorFromLayerIJtoK|  return value|
|ap_done    |  out|    1|  ap_ctrl_hs|  straightLineProjectorFromLayerIJtoK|  return value|
|ap_idle    |  out|    1|  ap_ctrl_hs|  straightLineProjectorFromLayerIJtoK|  return value|
|ap_ready   |  out|    1|  ap_ctrl_hs|  straightLineProjectorFromLayerIJtoK|  return value|
|ap_ce      |   in|    1|  ap_ctrl_hs|  straightLineProjectorFromLayerIJtoK|  return value|
|ap_return  |  out|   32|  ap_ctrl_hs|  straightLineProjectorFromLayerIJtoK|  return value|
|z_i        |   in|   32|     ap_none|                                  z_i|        scalar|
|z_j        |   in|   32|     ap_none|                                  z_j|        scalar|
|i          |   in|    3|     ap_none|                                    i|        scalar|
|j          |   in|   32|     ap_none|                                    j|        scalar|
|k          |   in|    3|     ap_none|                                    k|        scalar|
+-----------+-----+-----+------------+-------------------------------------+--------------+

