

================================================================
== Vitis HLS Report for 'wedgePatch_init'
================================================================
* Date:           Sat Jun 27 14:15:48 2020

* Version:        2020.2 (Build 3064766 on Wed Nov 18 09:12:45 MST 2020)
* Project:        PatchMaker_tanishGit
* Solution:       solutionSC2 (Vivado IP Flow Target)
* Product family: virtexuplus
* Target device:  xcvu19p-fsvb3824-2-e


================================================================
== Performance Estimates
================================================================
+ Timing: 
    * Summary: 
    +--------+---------+----------+------------+
    |  Clock |  Target | Estimated| Uncertainty|
    +--------+---------+----------+------------+
    |ap_clk  |  5.00 ns|  3.484 ns|     1.35 ns|
    +--------+---------+----------+------------+

+ Latency: 
    * Summary: 
    +---------+---------+----------+----------+-----+-----+---------+
    |  Latency (cycles) |  Latency (absolute) |  Interval | Pipeline|
    |   min   |   max   |    min   |    max   | min | max |   Type  |
    +---------+---------+----------+----------+-----+-----+---------+
    |        ?|        ?|         ?|         ?|    ?|    ?|     none|
    +---------+---------+----------+----------+-----+-----+---------+

    + Detail: 
        * Instance: 
        +----------------------------------+-----------------------+---------+---------+----------+----------+-----+-----+---------+
        |                                  |                       |  Latency (cycles) |  Latency (absolute) |  Interval | Pipeline|
        |             Instance             |         Module        |   min   |   max   |    min   |    max   | min | max |   Type  |
        +----------------------------------+-----------------------+---------+---------+----------+----------+-----+-----+---------+
        |grp_getParallelograms_fu_240      |getParallelograms      |        ?|        ?|         ?|         ?|    ?|    ?|     none|
        |grp_get_acceptanceCorners_fu_250  |get_acceptanceCorners  |        ?|        ?|         ?|         ?|    ?|    ?|     none|
        +----------------------------------+-----------------------+---------+---------+----------+----------+-----+-----+---------+

        * Loop: 
        +---------------------------------------------------------------------------------------+---------+---------+----------+-----------+-----------+------+----------+
        |                                                                                       |  Latency (cycles) | Iteration|  Initiation Interval  | Trip |          |
        |                                       Loop Name                                       |   min   |   max   |  Latency |  achieved |   target  | Count| Pipelined|
        +---------------------------------------------------------------------------------------+---------+---------+----------+-----------+-----------+------+----------+
        |- wedgePatch_init_perSuperpoint_wedgePatch_init_perPoint_wedgePatch_init_perParameter  |      161|      161|         3|          1|          1|   160|       yes|
        +---------------------------------------------------------------------------------------+---------+---------+----------+-----------+-----------+------+----------+



================================================================
== Utilization Estimates
================================================================
* Summary: 
+---------------------+---------+------+---------+---------+-----+
|         Name        | BRAM_18K|  DSP |    FF   |   LUT   | URAM|
+---------------------+---------+------+---------+---------+-----+
|DSP                  |        -|     -|        -|        -|    -|
|Expression           |        -|     -|        0|      151|    -|
|FIFO                 |        -|     -|        -|        -|    -|
|Instance             |        0|     2|    15593|    12885|    -|
|Memory               |        -|     -|        -|        -|    -|
|Multiplexer          |        -|     -|        -|      365|    -|
|Register             |        -|     -|       59|        -|    -|
+---------------------+---------+------+---------+---------+-----+
|Total                |        0|     2|    15652|    13401|    0|
+---------------------+---------+------+---------+---------+-----+
|Available SLR        |     1080|   960|  2042880|  1021440|   80|
+---------------------+---------+------+---------+---------+-----+
|Utilization SLR (%)  |        0|    ~0|       ~0|        1|    0|
+---------------------+---------+------+---------+---------+-----+
|Available            |     4320|  3840|  8171520|  4085760|  320|
+---------------------+---------+------+---------+---------+-----+
|Utilization (%)      |        0|    ~0|       ~0|       ~0|    0|
+---------------------+---------+------+---------+---------+-----+

+ Detail: 
    * Instance: 
    +----------------------------------+-----------------------+---------+----+-------+-------+-----+
    |             Instance             |         Module        | BRAM_18K| DSP|   FF  |  LUT  | URAM|
    +----------------------------------+-----------------------+---------+----+-------+-------+-----+
    |grp_getParallelograms_fu_240      |getParallelograms      |        0|   2|  15209|  12036|    0|
    |grp_get_acceptanceCorners_fu_250  |get_acceptanceCorners  |        0|   0|    384|    849|    0|
    +----------------------------------+-----------------------+---------+----+-------+-------+-----+
    |Total                             |                       |        0|   2|  15593|  12885|    0|
    +----------------------------------+-----------------------+---------+----+-------+-------+-----+

    * DSP: 
    N/A

    * Memory: 
    N/A

    * FIFO: 
    N/A

    * Expression: 
    +-------------------------+----------+----+---+----+------------+------------+
    |      Variable Name      | Operation| DSP| FF| LUT| Bitwidth P0| Bitwidth P1|
    +-------------------------+----------+----+---+----+------------+------------+
    |add_ln90_fu_256_p2       |         +|   0|  0|  15|           8|           1|
    |add_ln94_1_fu_348_p2     |         +|   0|  0|  14|           7|           1|
    |add_ln94_fu_314_p2       |         +|   0|  0|  12|           5|           1|
    |add_ln97_fu_342_p2       |         +|   0|  0|   9|           2|           1|
    |add_ln99_1_fu_391_p2     |         +|   0|  0|  15|           8|           8|
    |add_ln99_fu_376_p2       |         +|   0|  0|  15|           8|           8|
    |i_2_fu_268_p2            |         +|   0|  0|  10|           3|           1|
    |and_ln90_fu_308_p2       |       and|   0|  0|   2|           1|           1|
    |icmp_ln90_fu_262_p2      |      icmp|   0|  0|  11|           8|           8|
    |icmp_ln94_fu_274_p2      |      icmp|   0|  0|  10|           7|           6|
    |icmp_ln97_fu_302_p2      |      icmp|   0|  0|   8|           2|           3|
    |or_ln94_fu_320_p2        |        or|   0|  0|   2|           1|           1|
    |select_ln90_1_fu_288_p3  |    select|   0|  0|   3|           1|           3|
    |select_ln90_fu_280_p3    |    select|   0|  0|   5|           1|           1|
    |select_ln94_1_fu_334_p3  |    select|   0|  0|   5|           1|           5|
    |select_ln94_2_fu_354_p3  |    select|   0|  0|   7|           1|           1|
    |select_ln94_fu_326_p3    |    select|   0|  0|   2|           1|           1|
    |ap_enable_pp0            |       xor|   0|  0|   2|           1|           2|
    |ap_enable_reg_pp0_iter1  |       xor|   0|  0|   2|           2|           1|
    |xor_ln90_fu_296_p2       |       xor|   0|  0|   2|           1|           2|
    +-------------------------+----------+----+---+----+------------+------------+
    |Total                    |          |   0|  0| 151|          69|          56|
    +-------------------------+----------+----+---+----+------------+------------+

    * Multiplexer: 
    +----------------------------+----+-----------+-----+-----------+
    |            Name            | LUT| Input Size| Bits| Total Bits|
    +----------------------------+----+-----------+-----+-----------+
    |a_reg_218                   |   9|          2|    5|         10|
    |ap_NS_fsm                   |  54|         10|    1|         10|
    |ap_enable_reg_pp0_iter1     |   9|          2|    1|          2|
    |ap_enable_reg_pp0_iter2     |   9|          2|    1|          2|
    |ap_phi_mux_a_phi_fu_222_p4  |   9|          2|    5|         10|
    |ap_phi_mux_i_phi_fu_200_p4  |   9|          2|    3|          6|
    |b_reg_229                   |   9|          2|    2|          4|
    |i_reg_196                   |   9|          2|    3|          6|
    |indvar_flatten13_reg_185    |   9|          2|    8|         16|
    |indvar_flatten_reg_207      |   9|          2|    7|         14|
    |wp_parameters_address0      |  31|          6|    7|         42|
    |wp_parameters_address1      |  31|          6|    7|         42|
    |wp_parameters_ce0           |  20|          4|    1|          4|
    |wp_parameters_ce1           |  20|          4|    1|          4|
    |wp_parameters_d0            |  20|          4|   32|        128|
    |wp_parameters_d1            |  31|          6|   32|        192|
    |wp_parameters_we0           |  20|          4|    1|          4|
    |wp_parameters_we1           |  20|          4|    1|          4|
    |wp_superpoints_address0     |  14|          3|    8|         24|
    |wp_superpoints_ce0          |  14|          3|    1|          3|
    |wp_superpoints_ce1          |   9|          2|    1|          2|
    +----------------------------+----+-----------+-----+-----------+
    |Total                       | 365|         74|  128|        529|
    +----------------------------+----+-----------+-----+-----------+

    * Register: 
    +-----------------------------------------------+---+----+-----+-----------+
    |                      Name                     | FF| LUT| Bits| Const Bits|
    +-----------------------------------------------+---+----+-----+-----------+
    |a_reg_218                                      |  5|   0|    5|          0|
    |ap_CS_fsm                                      |  9|   0|    9|          0|
    |ap_enable_reg_pp0_iter0                        |  1|   0|    1|          0|
    |ap_enable_reg_pp0_iter1                        |  1|   0|    1|          0|
    |ap_enable_reg_pp0_iter2                        |  1|   0|    1|          0|
    |b_reg_229                                      |  2|   0|    2|          0|
    |grp_getParallelograms_fu_240_ap_start_reg      |  1|   0|    1|          0|
    |grp_get_acceptanceCorners_fu_250_ap_start_reg  |  1|   0|    1|          0|
    |i_reg_196                                      |  3|   0|    3|          0|
    |icmp_ln90_reg_412                              |  1|   0|    1|          0|
    |icmp_ln90_reg_412_pp0_iter1_reg                |  1|   0|    1|          0|
    |indvar_flatten13_reg_185                       |  8|   0|    8|          0|
    |indvar_flatten_reg_207                         |  7|   0|    7|          0|
    |select_ln90_1_reg_416                          |  3|   0|    3|          0|
    |select_ln94_1_reg_427                          |  5|   0|    5|          0|
    |select_ln94_reg_422                            |  2|   0|    2|          0|
    |zext_ln99_2_reg_443                            |  8|   0|   64|         56|
    +-----------------------------------------------+---+----+-----+-----------+
    |Total                                          | 59|   0|  115|         56|
    +-----------------------------------------------+---+----+-----+-----------+



================================================================
== Interface
================================================================
* Summary: 
+-------------------------+-----+-----+------------+-----------------+--------------+
|        RTL Ports        | Dir | Bits|  Protocol  |  Source Object  |    C Type    |
+-------------------------+-----+-----+------------+-----------------+--------------+
|ap_clk                   |   in|    1|  ap_ctrl_hs|  wedgePatch_init|  return value|
|ap_rst                   |   in|    1|  ap_ctrl_hs|  wedgePatch_init|  return value|
|ap_start                 |   in|    1|  ap_ctrl_hs|  wedgePatch_init|  return value|
|ap_done                  |  out|    1|  ap_ctrl_hs|  wedgePatch_init|  return value|
|ap_idle                  |  out|    1|  ap_ctrl_hs|  wedgePatch_init|  return value|
|ap_ready                 |  out|    1|  ap_ctrl_hs|  wedgePatch_init|  return value|
|wp_superpoints_address0  |  out|    8|   ap_memory|   wp_superpoints|         array|
|wp_superpoints_ce0       |  out|    1|   ap_memory|   wp_superpoints|         array|
|wp_superpoints_we0       |  out|    1|   ap_memory|   wp_superpoints|         array|
|wp_superpoints_d0        |  out|   32|   ap_memory|   wp_superpoints|         array|
|wp_superpoints_q0        |   in|   32|   ap_memory|   wp_superpoints|         array|
|wp_superpoints_address1  |  out|    8|   ap_memory|   wp_superpoints|         array|
|wp_superpoints_ce1       |  out|    1|   ap_memory|   wp_superpoints|         array|
|wp_superpoints_q1        |   in|   32|   ap_memory|   wp_superpoints|         array|
|wp_parameters_address0   |  out|    7|   ap_memory|    wp_parameters|         array|
|wp_parameters_ce0        |  out|    1|   ap_memory|    wp_parameters|         array|
|wp_parameters_we0        |  out|    1|   ap_memory|    wp_parameters|         array|
|wp_parameters_d0         |  out|   32|   ap_memory|    wp_parameters|         array|
|wp_parameters_q0         |   in|   32|   ap_memory|    wp_parameters|         array|
|wp_parameters_address1   |  out|    7|   ap_memory|    wp_parameters|         array|
|wp_parameters_ce1        |  out|    1|   ap_memory|    wp_parameters|         array|
|wp_parameters_we1        |  out|    1|   ap_memory|    wp_parameters|         array|
|wp_parameters_d1         |  out|   32|   ap_memory|    wp_parameters|         array|
|wp_parameters_q1         |   in|   32|   ap_memory|    wp_parameters|         array|
|superpointsI_address0    |  out|    8|   ap_memory|     superpointsI|         array|
|superpointsI_ce0         |  out|    1|   ap_memory|     superpointsI|         array|
|superpointsI_q0          |   in|   32|   ap_memory|     superpointsI|         array|
|apexZ0I                  |   in|   32|     ap_none|          apexZ0I|        scalar|
+-------------------------+-----+-----+------------+-----------------+--------------+

