==============================================================
Vitis HLS - High-Level Synthesis from C, C++ and OpenCL v2020.2 (64-bit)
Copyright 1986-2020 Xilinx, Inc. All Rights Reserved.
==============================================================
INFO: [SYN 201-201] Setting up clock 'default' with a period of 3ns.
INFO: [HLS 200-10] Setting target device to 'xcvu19p-fsvb3824-2-e'
INFO: [HLS 200-1505] Using flow_target 'vivado'
INFO: [HLS 200-1510] Running: set_part xcvu19p-fsvb3824-2-e 
INFO: [HLS 200-1510] Running: create_clock -period 3 -name default 
INFO: [SYN 201-201] Setting up clock 'default' with a period of 3ns.
INFO: [HLS 200-1510] Running: csynth_design 
INFO: [HLS 200-111] Finished File checks and directory preparation: CPU user time: 0 seconds. CPU system time: 0 seconds. Elapsed time: 0.209 seconds; current allocated memory: 871.704 MB.
INFO: [HLS 200-10] Analyzing design file 'patchMaker.cpp' ... 
WARNING: [HLS 207-5510] 'Resource pragma' is deprecated, and it will be removed in future release. It is suggested to replace it with 'bind_op/bind_storage pragma'.: C:/Xilinx/Vitis_HLS/2020.2/common/technology/autopilot/hls_hotbm_apfixed.h:117:9
WARNING: [HLS 207-5510] 'Resource pragma' is deprecated, and it will be removed in future release. It is suggested to replace it with 'bind_op/bind_storage pragma'.: C:/Xilinx/Vitis_HLS/2020.2/common/technology/autopilot/hls_hotbm_apfixed.h:118:9
WARNING: [HLS 207-5510] 'Resource pragma' is deprecated, and it will be removed in future release. It is suggested to replace it with 'bind_op/bind_storage pragma'.: C:/Xilinx/Vitis_HLS/2020.2/common/technology/autopilot/hls_hotbm_apfixed.h:119:9
WARNING: [HLS 207-5510] 'Resource pragma' is deprecated, and it will be removed in future release. It is suggested to replace it with 'bind_op/bind_storage pragma'.: C:/Xilinx/Vitis_HLS/2020.2/common/technology/autopilot/hls_hotbm_apfixed.h:120:9
WARNING: [HLS 207-5510] 'Resource pragma' is deprecated, and it will be removed in future release. It is suggested to replace it with 'bind_op/bind_storage pragma'.: C:/Xilinx/Vitis_HLS/2020.2/common/technology/autopilot/hls_hotbm_apfixed.h:121:9
WARNING: [HLS 207-5510] 'Resource pragma' is deprecated, and it will be removed in future release. It is suggested to replace it with 'bind_op/bind_storage pragma'.: C:/Xilinx/Vitis_HLS/2020.2/common/technology/autopilot/hls_hotbm_apfixed.h:151:9
WARNING: [HLS 207-5510] 'Resource pragma' is deprecated, and it will be removed in future release. It is suggested to replace it with 'bind_op/bind_storage pragma'.: C:/Xilinx/Vitis_HLS/2020.2/common/technology/autopilot/hls_hotbm_apfixed.h:152:9
WARNING: [HLS 207-5510] 'Resource pragma' is deprecated, and it will be removed in future release. It is suggested to replace it with 'bind_op/bind_storage pragma'.: C:/Xilinx/Vitis_HLS/2020.2/common/technology/autopilot/hls_hotbm_apfixed.h:153:9
WARNING: [HLS 207-5510] 'Resource pragma' is deprecated, and it will be removed in future release. It is suggested to replace it with 'bind_op/bind_storage pragma'.: C:/Xilinx/Vitis_HLS/2020.2/common/technology/autopilot/hls_hotbm_apfixed.h:154:9
WARNING: [HLS 207-5510] 'Resource pragma' is deprecated, and it will be removed in future release. It is suggested to replace it with 'bind_op/bind_storage pragma'.: C:/Xilinx/Vitis_HLS/2020.2/common/technology/autopilot/hls_hotbm_apfixed.h:155:9
WARNING: [HLS 207-5510] 'Resource pragma' is deprecated, and it will be removed in future release. It is suggested to replace it with 'bind_op/bind_storage pragma'.: C:/Xilinx/Vitis_HLS/2020.2/common/technology/autopilot/hls_hotbm_apfixed.h:156:9
WARNING: [HLS 207-5510] 'Resource pragma' is deprecated, and it will be removed in future release. It is suggested to replace it with 'bind_op/bind_storage pragma'.: C:/Xilinx/Vitis_HLS/2020.2/common/technology/autopilot/hls_hotbm_apfixed.h:157:9
WARNING: [HLS 207-5510] 'Resource pragma' is deprecated, and it will be removed in future release. It is suggested to replace it with 'bind_op/bind_storage pragma'.: C:/Xilinx/Vitis_HLS/2020.2/common/technology/autopilot/hls_hotbm_apfixed.h:158:9
WARNING: [HLS 207-5510] 'Resource pragma' is deprecated, and it will be removed in future release. It is suggested to replace it with 'bind_op/bind_storage pragma'.: C:/Xilinx/Vitis_HLS/2020.2/common/technology/autopilot/hls_hotbm_apfixed.h:159:9
WARNING: [HLS 207-5510] 'Resource pragma' is deprecated, and it will be removed in future release. It is suggested to replace it with 'bind_op/bind_storage pragma'.: C:/Xilinx/Vitis_HLS/2020.2/common/technology/autopilot/hls_hotbm_apfixed.h:160:9
WARNING: [HLS 207-5510] 'Resource pragma' is deprecated, and it will be removed in future release. It is suggested to replace it with 'bind_op/bind_storage pragma'.: C:/Xilinx/Vitis_HLS/2020.2/common/technology/autopilot/hls_hotbm_apfixed.h:210:9
WARNING: [HLS 207-5510] 'Resource pragma' is deprecated, and it will be removed in future release. It is suggested to replace it with 'bind_op/bind_storage pragma'.: C:/Xilinx/Vitis_HLS/2020.2/common/technology/autopilot/hls_hotbm_apfixed.h:211:9
WARNING: [HLS 207-5510] 'Resource pragma' is deprecated, and it will be removed in future release. It is suggested to replace it with 'bind_op/bind_storage pragma'.: C:/Xilinx/Vitis_HLS/2020.2/common/technology/autopilot/hls_hotbm_apfixed.h:212:9
WARNING: [HLS 207-5510] 'Resource pragma' is deprecated, and it will be removed in future release. It is suggested to replace it with 'bind_op/bind_storage pragma'.: C:/Xilinx/Vitis_HLS/2020.2/common/technology/autopilot/hls_hotbm_apfixed.h:239:9
WARNING: [HLS 207-5510] 'Resource pragma' is deprecated, and it will be removed in future release. It is suggested to replace it with 'bind_op/bind_storage pragma'.: C:/Xilinx/Vitis_HLS/2020.2/common/technology/autopilot/hls_hotbm_apfixed.h:240:9
WARNING: [HLS 207-5510] 'Resource pragma' is deprecated, and it will be removed in future release. It is suggested to replace it with 'bind_op/bind_storage pragma'.: C:/Xilinx/Vitis_HLS/2020.2/common/technology/autopilot/hls_hotbm_apfixed.h:241:9
WARNING: [HLS 207-5510] 'Resource pragma' is deprecated, and it will be removed in future release. It is suggested to replace it with 'bind_op/bind_storage pragma'.: C:/Xilinx/Vitis_HLS/2020.2/common/technology/autopilot/hls_hotbm_apfixed.h:242:9
WARNING: [HLS 207-5510] 'Resource pragma' is deprecated, and it will be removed in future release. It is suggested to replace it with 'bind_op/bind_storage pragma'.: C:/Xilinx/Vitis_HLS/2020.2/common/technology/autopilot/hls_hotbm_apfixed.h:243:9
WARNING: [HLS 207-5510] 'Resource pragma' is deprecated, and it will be removed in future release. It is suggested to replace it with 'bind_op/bind_storage pragma'.: C:/Xilinx/Vitis_HLS/2020.2/common/technology/autopilot/hls_hotbm_apfixed.h:244:9
WARNING: [HLS 207-5510] 'Resource pragma' is deprecated, and it will be removed in future release. It is suggested to replace it with 'bind_op/bind_storage pragma'.: C:/Xilinx/Vitis_HLS/2020.2/common/technology/autopilot/hls_hotbm_apfixed.h:280:9
WARNING: [HLS 207-5510] 'Resource pragma' is deprecated, and it will be removed in future release. It is suggested to replace it with 'bind_op/bind_storage pragma'.: C:/Xilinx/Vitis_HLS/2020.2/common/technology/autopilot/hls_hotbm_apfixed.h:281:9
WARNING: [HLS 207-5512] 'ON' in '#pragma HLS INLINE' is ignored: patchMaker.cpp:25:20
WARNING: [HLS 207-5301] unused parameter 'n_patches': patchMaker.cpp:495:61
WARNING: [HLS 207-5512] 'ON' in '#pragma HLS INLINE' is ignored: patchMaker.cpp:620:20
WARNING: [HLS 207-5072] result of comparison of constant 256 with expression of type 'uint8_t' (aka 'unsigned char') is always true: patchMaker.cpp:695:24
WARNING: [HLS 207-5301] unused parameter 'GDn_points': patchMaker.cpp:708:105
WARNING: [HLS 207-5301] unused parameter 'ppl': patchMaker.cpp:881:58
WARNING: [HLS 207-5301] unused parameter 'n_patches': patchMaker.cpp:881:72
WARNING: [HLS 207-5301] unused parameter 'repeat_patch': patchMaker.cpp:1435:154
WARNING: [HLS 207-5301] unused parameter 'repeat_original': patchMaker.cpp:1435:174
INFO: [HLS 200-111] Finished Source Code Analysis and Preprocessing: CPU user time: 2 seconds. CPU system time: 1 seconds. Elapsed time: 39.113 seconds; current allocated memory: 94.989 MB.
INFO: [HLS 200-777] Using interface defaults for 'Vivado' flow target.
INFO: [HLS 214-131] Inlining function 'decodePHIcoordinate(long long)' into 'MPSQ(int, unsigned char&, long long (*) [256], int*, hls::stream<long long, 0>&)' (patchMaker.cpp:932:39)
INFO: [HLS 214-131] Inlining function 'hls::stream<long long, 0>::write(long long const&)' into 'MPSQ(int, unsigned char&, long long (*) [256], int*, hls::stream<long long, 0>&)' (patchMaker.cpp:995:24)
INFO: [HLS 214-131] Inlining function 'hls::stream<long long, 0>::write(long long const&)' into 'MPSQ(int, unsigned char&, long long (*) [256], int*, hls::stream<long long, 0>&)' (patchMaker.cpp:983:24)
INFO: [HLS 214-131] Inlining function 'decodeZcoordinate(long long)' into 'MPSQ(int, unsigned char&, long long (*) [256], int*, hls::stream<long long, 0>&)' (patchMaker.cpp:933:39)
INFO: [HLS 214-186] Unrolling loop 'getIndexFromZ_returnMinVal' (patchMaker.cpp:799:5) in function 'get_index_from_z' completely with a factor of 256 (patchMaker.cpp:799:5)
INFO: [HLS 214-186] Unrolling loop 'VITIS_LOOP_788_7' (patchMaker.cpp:788:23) in function 'get_index_from_z' completely with a factor of 2 (patchMaker.cpp:788:23)
INFO: [HLS 214-186] Unrolling loop 'VITIS_LOOP_780_6' (patchMaker.cpp:780:23) in function 'get_index_from_z' completely with a factor of 4 (patchMaker.cpp:780:23)
INFO: [HLS 214-186] Unrolling loop 'VITIS_LOOP_772_5' (patchMaker.cpp:772:23) in function 'get_index_from_z' completely with a factor of 8 (patchMaker.cpp:772:23)
INFO: [HLS 214-186] Unrolling loop 'VITIS_LOOP_764_4' (patchMaker.cpp:764:23) in function 'get_index_from_z' completely with a factor of 16 (patchMaker.cpp:764:23)
INFO: [HLS 214-186] Unrolling loop 'VITIS_LOOP_756_3' (patchMaker.cpp:756:23) in function 'get_index_from_z' completely with a factor of 32 (patchMaker.cpp:756:23)
INFO: [HLS 214-186] Unrolling loop 'VITIS_LOOP_748_2' (patchMaker.cpp:748:23) in function 'get_index_from_z' completely with a factor of 64 (patchMaker.cpp:748:23)
INFO: [HLS 214-186] Unrolling loop 'VITIS_LOOP_740_1' (patchMaker.cpp:740:23) in function 'get_index_from_z' completely with a factor of 128 (patchMaker.cpp:740:23)
INFO: [HLS 214-186] Unrolling loop 'getIndexFromZ_setDiffArrayCOPY' (patchMaker.cpp:732:5) in function 'get_index_from_z' completely with a factor of 256 (patchMaker.cpp:732:5)
INFO: [HLS 214-186] Unrolling loop 'getIndexFromZ_setDiffArray' (patchMaker.cpp:723:5) in function 'get_index_from_z' completely with a factor of 256 (patchMaker.cpp:723:5)
INFO: [HLS 214-248] complete partitioned array 'GDn_points' on dimension 1 (patchMaker.cpp:883:37)
INFO: [HLS 200-111] Finished Compiling Optimization and Transform: CPU user time: 12 seconds. CPU system time: 0 seconds. Elapsed time: 23.393 seconds; current allocated memory: 114.282 MB.
INFO: [HLS 200-111] Finished Checking Pragmas: CPU user time: 0 seconds. CPU system time: 0 seconds. Elapsed time: 0.019 seconds; current allocated memory: 114.282 MB.
INFO: [HLS 200-10] Starting code transformations ...
INFO: [HLS 200-111] Finished Standard Transforms: CPU user time: 3 seconds. CPU system time: 0 seconds. Elapsed time: 4.138 seconds; current allocated memory: 118.886 MB.
INFO: [HLS 200-10] Checking synthesizability ...
INFO: [HLS 200-111] Finished Checking Synthesizability: CPU user time: 4 seconds. CPU system time: 0 seconds. Elapsed time: 3.65 seconds; current allocated memory: 120.361 MB.
INFO: [XFORM 203-510] Pipelining loop 'initGDarrayDecoded_perPoint' (patchMaker.cpp:927) in function 'MPSQ' automatically.
INFO: [XFORM 203-510] Pipelining loop 'finalSPOutput_writeDummy_perPoint1234' (patchMaker.cpp:974) in function 'MPSQ' automatically.
INFO: [XFORM 203-510] Pipelining loop 'finalSPOutput_writeDummy_perPoint' (patchMaker.cpp:974) in function 'MPSQ' automatically.
INFO: [XFORM 203-101] Partitioning array 'GDarrayDecoded' (patchMaker.cpp:908) in dimension 1 completely.
INFO: [XFORM 203-101] Partitioning array 'diffArray' (patchMaker.cpp:715) in dimension 1 completely.
INFO: [XFORM 203-101] Partitioning array 'diffArrayCOPY' (patchMaker.cpp:716) in dimension 1 completely.
WARNING: [HLS 200-914] Completely partitioning array 'GDarrayDecoded' (patchMaker.cpp:908) accessed through non-constant indices on dimension 1 (patchMaker.cpp:933:13), which may result in long runtime and suboptimal QoR due to large multiplexers. Please consider wrapping the array access into a function or using a register file core instead.
INFO: [XFORM 203-101] Partitioning array 'GDarrayDecoded' (patchMaker.cpp:908) in dimension 2 completely.
INFO: [XFORM 203-101] Partitioning array 'GDarrayDecoded' (patchMaker.cpp:908) in dimension 3 completely.
INFO: [HLS 200-111] Finished Loop, function and other optimizations: CPU user time: 11 seconds. CPU system time: 0 seconds. Elapsed time: 12.351 seconds; current allocated memory: 173.856 MB.
INFO: [XFORM 203-541] Flattening a loop nest 'initGDarrayDecoded_perLayer' (patchMaker.cpp:921:17) in function 'MPSQ'.
INFO: [XFORM 203-541] Flattening a loop nest 'finalSPOutput_writeDummy_perSuperpoint1234' (patchMaker.cpp:977:14) in function 'MPSQ'.
INFO: [XFORM 203-541] Flattening a loop nest 'finalSPOutput_writeDummy_perSuperpoint' (patchMaker.cpp:989:14) in function 'MPSQ'.
INFO: [HLS 200-111] Finished Architecture Synthesis: CPU user time: 5 seconds. CPU system time: 0 seconds. Elapsed time: 4.913 seconds; current allocated memory: 220.030 MB.
INFO: [HLS 200-10] Starting hardware synthesis ...
INFO: [HLS 200-10] Synthesizing 'MPSQ' ...
INFO: [HLS 200-10] ----------------------------------------------------------------
INFO: [HLS 200-42] -- Implementing module 'get_index_from_z' 
INFO: [HLS 200-10] ----------------------------------------------------------------
INFO: [SCHED 204-11] Starting scheduling ...
INFO: [SCHED 204-11] Finished scheduling.
INFO: [HLS 200-111] Finished Scheduling: CPU user time: 6 seconds. CPU system time: 0 seconds. Elapsed time: 6.617 seconds; current allocated memory: 227.205 MB.
INFO: [BIND 205-100] Starting micro-architecture generation ...
INFO: [BIND 205-101] Performing variable lifetime analysis.
INFO: [BIND 205-101] Exploring resource sharing.
INFO: [BIND 205-101] Binding ...
INFO: [BIND 205-100] Finished micro-architecture generation.
INFO: [HLS 200-111] Finished Binding: CPU user time: 4 seconds. CPU system time: 0 seconds. Elapsed time: 4.801 seconds; current allocated memory: 234.658 MB.
INFO: [HLS 200-10] ----------------------------------------------------------------
INFO: [HLS 200-42] -- Implementing module 'MPSQ' 
INFO: [HLS 200-10] ----------------------------------------------------------------
INFO: [SCHED 204-11] Starting scheduling ...
INFO: [SCHED 204-61] Pipelining loop 'initGDarrayDecoded_perLayer_initGDarrayDecoded_perPoint'.
INFO: [HLS 200-1470] Pipelining result : Target II = 1, Final II = 1, Depth = 3, loop 'initGDarrayDecoded_perLayer_initGDarrayDecoded_perPoint'
INFO: [SCHED 204-61] Pipelining loop 'finalSPOutput_writeDummy_perSuperpoint1234_finalSPOutput_writeDummy_perPoint1234'.
INFO: [HLS 200-1470] Pipelining result : Target II = 1, Final II = 1, Depth = 2, loop 'finalSPOutput_writeDummy_perSuperpoint1234_finalSPOutput_writeDummy_perPoint1234'
INFO: [SCHED 204-61] Pipelining loop 'finalSPOutput_writeDummy_perSuperpoint_finalSPOutput_writeDummy_perPoint'.
INFO: [HLS 200-1470] Pipelining result : Target II = 1, Final II = 1, Depth = 2, loop 'finalSPOutput_writeDummy_perSuperpoint_finalSPOutput_writeDummy_perPoint'
INFO: [SCHED 204-11] Finished scheduling.
INFO: [HLS 200-111] Finished Scheduling: CPU user time: 7 seconds. CPU system time: 0 seconds. Elapsed time: 8.928 seconds; current allocated memory: 237.294 MB.
INFO: [BIND 205-100] Starting micro-architecture generation ...
INFO: [BIND 205-101] Performing variable lifetime analysis.
INFO: [BIND 205-101] Exploring resource sharing.
INFO: [BIND 205-101] Binding ...
INFO: [BIND 205-100] Finished micro-architecture generation.
INFO: [HLS 200-111] Finished Binding: CPU user time: 2 seconds. CPU system time: 1 seconds. Elapsed time: 2.573 seconds; current allocated memory: 241.175 MB.
INFO: [HLS 200-10] ----------------------------------------------------------------
INFO: [HLS 200-10] -- Generating RTL for module 'get_index_from_z' 
INFO: [HLS 200-10] ----------------------------------------------------------------
INFO: [RTGEN 206-104] Estimated max fanout for 'get_index_from_z' is 8192 from HDL expression: (1'b1 == ap_CS_fsm_state1)
INFO: [RTGEN 206-100] Finished creating RTL model for 'get_index_from_z'.
INFO: [HLS 200-111] Finished Creating RTL model: CPU user time: 6 seconds. CPU system time: 0 seconds. Elapsed time: 6.527 seconds; current allocated memory: 256.356 MB.
INFO: [HLS 200-10] ----------------------------------------------------------------
INFO: [HLS 200-10] -- Generating RTL for module 'MPSQ' 
INFO: [HLS 200-10] ----------------------------------------------------------------
INFO: [RTGEN 206-500] Setting interface mode on port 'MPSQ/ppl' to 'ap_none'.
INFO: [RTGEN 206-500] Setting interface mode on port 'MPSQ/n_patches' to 'ap_none'.
INFO: [RTGEN 206-500] Setting interface mode on port 'MPSQ/GDarray' to 'ap_memory'.
INFO: [RTGEN 206-500] Setting interface mode on port 'MPSQ/GDn_points_0' to 'ap_none'.
INFO: [RTGEN 206-500] Setting interface mode on port 'MPSQ/GDn_points_1' to 'ap_none'.
INFO: [RTGEN 206-500] Setting interface mode on port 'MPSQ/GDn_points_2' to 'ap_none'.
INFO: [RTGEN 206-500] Setting interface mode on port 'MPSQ/GDn_points_3' to 'ap_none'.
INFO: [RTGEN 206-500] Setting interface mode on port 'MPSQ/GDn_points_4' to 'ap_none'.
INFO: [RTGEN 206-500] Setting interface mode on port 'MPSQ/output_patch_stream_V' to 'ap_fifo'.
INFO: [RTGEN 206-500] Setting interface mode on function 'MPSQ' to 'ap_ctrl_hs'.
WARNING: [RTGEN 206-101] Port 'MPSQ/ppl' has no fanin or fanout and is left dangling.
               Please use C simulation to confirm this function argument can be read from or written to.
WARNING: [RTGEN 206-101] Port 'MPSQ/n_patches' has no fanin or fanout and is left dangling.
               Please use C simulation to confirm this function argument can be read from or written to.
WARNING: [RTGEN 206-101] Port 'MPSQ/GDn_points_0' has no fanin or fanout and is left dangling.
               Please use C simulation to confirm this function argument can be read from or written to.
WARNING: [RTGEN 206-101] Port 'MPSQ/GDn_points_1' has no fanin or fanout and is left dangling.
               Please use C simulation to confirm this function argument can be read from or written to.
WARNING: [RTGEN 206-101] Port 'MPSQ/GDn_points_2' has no fanin or fanout and is left dangling.
               Please use C simulation to confirm this function argument can be read from or written to.
WARNING: [RTGEN 206-101] Port 'MPSQ/GDn_points_3' has no fanin or fanout and is left dangling.
               Please use C simulation to confirm this function argument can be read from or written to.
WARNING: [RTGEN 206-101] Port 'MPSQ/GDn_points_4' has no fanin or fanout and is left dangling.
               Please use C simulation to confirm this function argument can be read from or written to.
INFO: [RTGEN 206-100] Finished creating RTL model for 'MPSQ'.
INFO: [HLS 200-111] Finished Creating RTL model: CPU user time: 16 seconds. CPU system time: 3 seconds. Elapsed time: 22.355 seconds; current allocated memory: 295.953 MB.
INFO: [HLS 200-111] Finished Generating all RTL models: CPU user time: 11 seconds. CPU system time: 2 seconds. Elapsed time: 13.926 seconds; current allocated memory: 311.333 MB.
INFO: [VHDL 208-304] Generating VHDL RTL for MPSQ.
INFO: [VLOG 209-307] Generating Verilog RTL for MPSQ.
INFO: [HLS 200-790] **** Loop Constraint Status: All loop constraints were satisfied.
INFO: [HLS 200-789] **** Estimated Fmax: 458.30 MHz
INFO: [HLS 200-111] Finished Command csynth_design CPU user time: 89 seconds. CPU system time: 7 seconds. Elapsed time: 154.184 seconds; current allocated memory: 313.265 MB.
INFO: [HLS 200-112] Total CPU user time: 92 seconds. Total CPU system time: 8 seconds. Total elapsed time: 157.781 seconds; peak allocated memory: 871.704 MB.
==============================================================
Vitis HLS - High-Level Synthesis from C, C++ and OpenCL v2020.2 (64-bit)
Copyright 1986-2020 Xilinx, Inc. All Rights Reserved.
==============================================================
INFO: [SYN 201-201] Setting up clock 'default' with a period of 3ns.
INFO: [HLS 200-10] Setting target device to 'xcvu19p-fsvb3824-2-e'
INFO: [HLS 200-1505] Using flow_target 'vivado'
INFO: [HLS 200-1510] Running: set_part xcvu19p-fsvb3824-2-e 
INFO: [HLS 200-1510] Running: create_clock -period 3 -name default 
INFO: [SYN 201-201] Setting up clock 'default' with a period of 3ns.
INFO: [HLS 200-1510] Running: cosim_design 
INFO: [COSIM 212-47] Using XSIM for RTL simulation.
INFO: [COSIM 212-14] Instrumenting C test bench ...
INFO: [COSIM 212-302] Starting C TB testing ... 
INFO: [COSIM 212-333] Generating C post check test bench ...
INFO: [COSIM 212-12] Generating RTL test bench ...
INFO: [COSIM 212-1] *** C/RTL co-simulation file generation completed. ***
INFO: [COSIM 212-323] Starting verilog simulation. 
INFO: [COSIM 212-15] Starting XSIM ...
INFO: [COSIM 212-316] Starting C post checking ...
INFO: [COSIM 212-1000] *** C/RTL co-simulation finished: PASS ***
INFO: [COSIM 212-211] II is measurable only when transaction number is greater than 1 in RTL simulation. Otherwise, they will be marked as all NA. If user wants to calculate them, please make sure there are at least 2 transactions in RTL simulation.
INFO: [HLS 200-111] Finished Command cosim_design CPU user time: 3 seconds. CPU system time: 1 seconds. Elapsed time: 126.959 seconds; current allocated memory: 97.826 MB.
==============================================================
Vitis HLS - High-Level Synthesis from C, C++ and OpenCL v2020.2 (64-bit)
Copyright 1986-2020 Xilinx, Inc. All Rights Reserved.
==============================================================
INFO: [SYN 201-201] Setting up clock 'default' with a period of 3ns.
INFO: [HLS 200-10] Setting target device to 'xcvu19p-fsvb3824-2-e'
INFO: [HLS 200-1505] Using flow_target 'vivado'
INFO: [HLS 200-1510] Running: set_part xcvu19p-fsvb3824-2-e 
INFO: [HLS 200-1510] Running: create_clock -period 3 -name default 
INFO: [HLS 200-1510] Running: csynth_design 
INFO: [HLS 200-111] Finished File checks and directory preparation: CPU user time: 0 seconds. CPU system time: 0 seconds. Elapsed time: 0.145 seconds; current allocated memory: 871.690 MB.
INFO: [HLS 200-10] Analyzing design file 'patchMaker.cpp' ... 
WARNING: [HLS 207-5510] 'Resource pragma' is deprecated, and it will be removed in future release. It is suggested to replace it with 'bind_op/bind_storage pragma'.: C:/Xilinx/Vitis_HLS/2020.2/common/technology/autopilot/hls_hotbm_apfixed.h:117:9
WARNING: [HLS 207-5510] 'Resource pragma' is deprecated, and it will be removed in future release. It is suggested to replace it with 'bind_op/bind_storage pragma'.: C:/Xilinx/Vitis_HLS/2020.2/common/technology/autopilot/hls_hotbm_apfixed.h:118:9
WARNING: [HLS 207-5510] 'Resource pragma' is deprecated, and it will be removed in future release. It is suggested to replace it with 'bind_op/bind_storage pragma'.: C:/Xilinx/Vitis_HLS/2020.2/common/technology/autopilot/hls_hotbm_apfixed.h:119:9
WARNING: [HLS 207-5510] 'Resource pragma' is deprecated, and it will be removed in future release. It is suggested to replace it with 'bind_op/bind_storage pragma'.: C:/Xilinx/Vitis_HLS/2020.2/common/technology/autopilot/hls_hotbm_apfixed.h:120:9
WARNING: [HLS 207-5510] 'Resource pragma' is deprecated, and it will be removed in future release. It is suggested to replace it with 'bind_op/bind_storage pragma'.: C:/Xilinx/Vitis_HLS/2020.2/common/technology/autopilot/hls_hotbm_apfixed.h:121:9
WARNING: [HLS 207-5510] 'Resource pragma' is deprecated, and it will be removed in future release. It is suggested to replace it with 'bind_op/bind_storage pragma'.: C:/Xilinx/Vitis_HLS/2020.2/common/technology/autopilot/hls_hotbm_apfixed.h:151:9
WARNING: [HLS 207-5510] 'Resource pragma' is deprecated, and it will be removed in future release. It is suggested to replace it with 'bind_op/bind_storage pragma'.: C:/Xilinx/Vitis_HLS/2020.2/common/technology/autopilot/hls_hotbm_apfixed.h:152:9
WARNING: [HLS 207-5510] 'Resource pragma' is deprecated, and it will be removed in future release. It is suggested to replace it with 'bind_op/bind_storage pragma'.: C:/Xilinx/Vitis_HLS/2020.2/common/technology/autopilot/hls_hotbm_apfixed.h:153:9
WARNING: [HLS 207-5510] 'Resource pragma' is deprecated, and it will be removed in future release. It is suggested to replace it with 'bind_op/bind_storage pragma'.: C:/Xilinx/Vitis_HLS/2020.2/common/technology/autopilot/hls_hotbm_apfixed.h:154:9
WARNING: [HLS 207-5510] 'Resource pragma' is deprecated, and it will be removed in future release. It is suggested to replace it with 'bind_op/bind_storage pragma'.: C:/Xilinx/Vitis_HLS/2020.2/common/technology/autopilot/hls_hotbm_apfixed.h:155:9
WARNING: [HLS 207-5510] 'Resource pragma' is deprecated, and it will be removed in future release. It is suggested to replace it with 'bind_op/bind_storage pragma'.: C:/Xilinx/Vitis_HLS/2020.2/common/technology/autopilot/hls_hotbm_apfixed.h:156:9
WARNING: [HLS 207-5510] 'Resource pragma' is deprecated, and it will be removed in future release. It is suggested to replace it with 'bind_op/bind_storage pragma'.: C:/Xilinx/Vitis_HLS/2020.2/common/technology/autopilot/hls_hotbm_apfixed.h:157:9
WARNING: [HLS 207-5510] 'Resource pragma' is deprecated, and it will be removed in future release. It is suggested to replace it with 'bind_op/bind_storage pragma'.: C:/Xilinx/Vitis_HLS/2020.2/common/technology/autopilot/hls_hotbm_apfixed.h:158:9
WARNING: [HLS 207-5510] 'Resource pragma' is deprecated, and it will be removed in future release. It is suggested to replace it with 'bind_op/bind_storage pragma'.: C:/Xilinx/Vitis_HLS/2020.2/common/technology/autopilot/hls_hotbm_apfixed.h:159:9
WARNING: [HLS 207-5510] 'Resource pragma' is deprecated, and it will be removed in future release. It is suggested to replace it with 'bind_op/bind_storage pragma'.: C:/Xilinx/Vitis_HLS/2020.2/common/technology/autopilot/hls_hotbm_apfixed.h:160:9
WARNING: [HLS 207-5510] 'Resource pragma' is deprecated, and it will be removed in future release. It is suggested to replace it with 'bind_op/bind_storage pragma'.: C:/Xilinx/Vitis_HLS/2020.2/common/technology/autopilot/hls_hotbm_apfixed.h:210:9
WARNING: [HLS 207-5510] 'Resource pragma' is deprecated, and it will be removed in future release. It is suggested to replace it with 'bind_op/bind_storage pragma'.: C:/Xilinx/Vitis_HLS/2020.2/common/technology/autopilot/hls_hotbm_apfixed.h:211:9
WARNING: [HLS 207-5510] 'Resource pragma' is deprecated, and it will be removed in future release. It is suggested to replace it with 'bind_op/bind_storage pragma'.: C:/Xilinx/Vitis_HLS/2020.2/common/technology/autopilot/hls_hotbm_apfixed.h:212:9
WARNING: [HLS 207-5510] 'Resource pragma' is deprecated, and it will be removed in future release. It is suggested to replace it with 'bind_op/bind_storage pragma'.: C:/Xilinx/Vitis_HLS/2020.2/common/technology/autopilot/hls_hotbm_apfixed.h:239:9
WARNING: [HLS 207-5510] 'Resource pragma' is deprecated, and it will be removed in future release. It is suggested to replace it with 'bind_op/bind_storage pragma'.: C:/Xilinx/Vitis_HLS/2020.2/common/technology/autopilot/hls_hotbm_apfixed.h:240:9
WARNING: [HLS 207-5510] 'Resource pragma' is deprecated, and it will be removed in future release. It is suggested to replace it with 'bind_op/bind_storage pragma'.: C:/Xilinx/Vitis_HLS/2020.2/common/technology/autopilot/hls_hotbm_apfixed.h:241:9
WARNING: [HLS 207-5510] 'Resource pragma' is deprecated, and it will be removed in future release. It is suggested to replace it with 'bind_op/bind_storage pragma'.: C:/Xilinx/Vitis_HLS/2020.2/common/technology/autopilot/hls_hotbm_apfixed.h:242:9
WARNING: [HLS 207-5510] 'Resource pragma' is deprecated, and it will be removed in future release. It is suggested to replace it with 'bind_op/bind_storage pragma'.: C:/Xilinx/Vitis_HLS/2020.2/common/technology/autopilot/hls_hotbm_apfixed.h:243:9
WARNING: [HLS 207-5510] 'Resource pragma' is deprecated, and it will be removed in future release. It is suggested to replace it with 'bind_op/bind_storage pragma'.: C:/Xilinx/Vitis_HLS/2020.2/common/technology/autopilot/hls_hotbm_apfixed.h:244:9
WARNING: [HLS 207-5510] 'Resource pragma' is deprecated, and it will be removed in future release. It is suggested to replace it with 'bind_op/bind_storage pragma'.: C:/Xilinx/Vitis_HLS/2020.2/common/technology/autopilot/hls_hotbm_apfixed.h:280:9
WARNING: [HLS 207-5510] 'Resource pragma' is deprecated, and it will be removed in future release. It is suggested to replace it with 'bind_op/bind_storage pragma'.: C:/Xilinx/Vitis_HLS/2020.2/common/technology/autopilot/hls_hotbm_apfixed.h:281:9
WARNING: [HLS 207-5512] 'ON' in '#pragma HLS INLINE' is ignored: patchMaker.cpp:25:20
WARNING: [HLS 207-5301] unused parameter 'n_patches': patchMaker.cpp:495:61
WARNING: [HLS 207-5512] 'ON' in '#pragma HLS INLINE' is ignored: patchMaker.cpp:620:20
WARNING: [HLS 207-5072] result of comparison of constant 256 with expression of type 'uint8_t' (aka 'unsigned char') is always true: patchMaker.cpp:695:24
WARNING: [HLS 207-5301] unused parameter 'GDn_points': patchMaker.cpp:708:105
WARNING: [HLS 207-5301] unused parameter 'ppl': patchMaker.cpp:881:58
WARNING: [HLS 207-5301] unused parameter 'n_patches': patchMaker.cpp:881:72
WARNING: [HLS 207-5301] unused parameter 'repeat_patch': patchMaker.cpp:1435:154
WARNING: [HLS 207-5301] unused parameter 'repeat_original': patchMaker.cpp:1435:174
INFO: [HLS 200-111] Finished Source Code Analysis and Preprocessing: CPU user time: 2 seconds. CPU system time: 1 seconds. Elapsed time: 38.551 seconds; current allocated memory: 95.035 MB.
INFO: [HLS 200-777] Using interface defaults for 'Vivado' flow target.
INFO: [HLS 214-131] Inlining function 'decodePHIcoordinate(long long)' into 'MPSQ(int, unsigned char&, long long (*) [256], int*, hls::stream<long long, 0>&)' (patchMaker.cpp:932:39)
INFO: [HLS 214-131] Inlining function 'hls::stream<long long, 0>::write(long long const&)' into 'MPSQ(int, unsigned char&, long long (*) [256], int*, hls::stream<long long, 0>&)' (patchMaker.cpp:995:24)
INFO: [HLS 214-131] Inlining function 'hls::stream<long long, 0>::write(long long const&)' into 'MPSQ(int, unsigned char&, long long (*) [256], int*, hls::stream<long long, 0>&)' (patchMaker.cpp:983:24)
INFO: [HLS 214-131] Inlining function 'decodeZcoordinate(long long)' into 'MPSQ(int, unsigned char&, long long (*) [256], int*, hls::stream<long long, 0>&)' (patchMaker.cpp:933:39)
INFO: [HLS 214-186] Unrolling loop 'getIndexFromZ_returnMinVal' (patchMaker.cpp:799:5) in function 'get_index_from_z' completely with a factor of 256 (patchMaker.cpp:799:5)
INFO: [HLS 214-186] Unrolling loop 'VITIS_LOOP_788_7' (patchMaker.cpp:788:23) in function 'get_index_from_z' completely with a factor of 2 (patchMaker.cpp:788:23)
INFO: [HLS 214-186] Unrolling loop 'VITIS_LOOP_780_6' (patchMaker.cpp:780:23) in function 'get_index_from_z' completely with a factor of 4 (patchMaker.cpp:780:23)
INFO: [HLS 214-186] Unrolling loop 'VITIS_LOOP_772_5' (patchMaker.cpp:772:23) in function 'get_index_from_z' completely with a factor of 8 (patchMaker.cpp:772:23)
INFO: [HLS 214-186] Unrolling loop 'VITIS_LOOP_764_4' (patchMaker.cpp:764:23) in function 'get_index_from_z' completely with a factor of 16 (patchMaker.cpp:764:23)
INFO: [HLS 214-186] Unrolling loop 'VITIS_LOOP_756_3' (patchMaker.cpp:756:23) in function 'get_index_from_z' completely with a factor of 32 (patchMaker.cpp:756:23)
INFO: [HLS 214-186] Unrolling loop 'VITIS_LOOP_748_2' (patchMaker.cpp:748:23) in function 'get_index_from_z' completely with a factor of 64 (patchMaker.cpp:748:23)
INFO: [HLS 214-186] Unrolling loop 'VITIS_LOOP_740_1' (patchMaker.cpp:740:23) in function 'get_index_from_z' completely with a factor of 128 (patchMaker.cpp:740:23)
INFO: [HLS 214-186] Unrolling loop 'getIndexFromZ_setDiffArrayCOPY' (patchMaker.cpp:732:5) in function 'get_index_from_z' completely with a factor of 256 (patchMaker.cpp:732:5)
INFO: [HLS 214-186] Unrolling loop 'getIndexFromZ_setDiffArray' (patchMaker.cpp:723:5) in function 'get_index_from_z' completely with a factor of 256 (patchMaker.cpp:723:5)
INFO: [HLS 214-248] complete partitioned array 'GDn_points' on dimension 1 (patchMaker.cpp:883:37)
INFO: [HLS 200-111] Finished Compiling Optimization and Transform: CPU user time: 12 seconds. CPU system time: 0 seconds. Elapsed time: 24.728 seconds; current allocated memory: 114.297 MB.
INFO: [HLS 200-111] Finished Checking Pragmas: CPU user time: 0 seconds. CPU system time: 0 seconds. Elapsed time: 0.019 seconds; current allocated memory: 114.297 MB.
INFO: [HLS 200-10] Starting code transformations ...
INFO: [HLS 200-111] Finished Standard Transforms: CPU user time: 4 seconds. CPU system time: 0 seconds. Elapsed time: 4.183 seconds; current allocated memory: 118.901 MB.
INFO: [HLS 200-10] Checking synthesizability ...
INFO: [HLS 200-111] Finished Checking Synthesizability: CPU user time: 3 seconds. CPU system time: 0 seconds. Elapsed time: 3.828 seconds; current allocated memory: 120.375 MB.
INFO: [XFORM 203-510] Pipelining loop 'initGDarrayDecoded_perPoint' (patchMaker.cpp:927) in function 'MPSQ' automatically.
INFO: [XFORM 203-510] Pipelining loop 'finalSPOutput_writeDummy_perPoint1234' (patchMaker.cpp:974) in function 'MPSQ' automatically.
INFO: [XFORM 203-510] Pipelining loop 'finalSPOutput_writeDummy_perPoint' (patchMaker.cpp:974) in function 'MPSQ' automatically.
INFO: [XFORM 203-101] Partitioning array 'GDarrayDecoded' (patchMaker.cpp:908) in dimension 1 completely.
INFO: [XFORM 203-101] Partitioning array 'diffArray' (patchMaker.cpp:715) in dimension 1 completely.
INFO: [XFORM 203-101] Partitioning array 'diffArrayCOPY' (patchMaker.cpp:716) in dimension 1 completely.
WARNING: [HLS 200-914] Completely partitioning array 'GDarrayDecoded' (patchMaker.cpp:908) accessed through non-constant indices on dimension 1 (patchMaker.cpp:933:13), which may result in long runtime and suboptimal QoR due to large multiplexers. Please consider wrapping the array access into a function or using a register file core instead.
INFO: [XFORM 203-101] Partitioning array 'GDarrayDecoded' (patchMaker.cpp:908) in dimension 2 completely.
INFO: [XFORM 203-101] Partitioning array 'GDarrayDecoded' (patchMaker.cpp:908) in dimension 3 completely.
INFO: [HLS 200-111] Finished Loop, function and other optimizations: CPU user time: 11 seconds. CPU system time: 0 seconds. Elapsed time: 14.216 seconds; current allocated memory: 173.870 MB.
INFO: [XFORM 203-541] Flattening a loop nest 'initGDarrayDecoded_perLayer' (patchMaker.cpp:921:17) in function 'MPSQ'.
INFO: [XFORM 203-541] Flattening a loop nest 'finalSPOutput_writeDummy_perSuperpoint1234' (patchMaker.cpp:977:14) in function 'MPSQ'.
INFO: [XFORM 203-541] Flattening a loop nest 'finalSPOutput_writeDummy_perSuperpoint' (patchMaker.cpp:989:14) in function 'MPSQ'.
INFO: [HLS 200-111] Finished Architecture Synthesis: CPU user time: 5 seconds. CPU system time: 0 seconds. Elapsed time: 5.066 seconds; current allocated memory: 220.015 MB.
INFO: [HLS 200-10] Starting hardware synthesis ...
INFO: [HLS 200-10] Synthesizing 'MPSQ' ...
INFO: [HLS 200-10] ----------------------------------------------------------------
INFO: [HLS 200-42] -- Implementing module 'get_index_from_z' 
INFO: [HLS 200-10] ----------------------------------------------------------------
INFO: [SCHED 204-11] Starting scheduling ...
INFO: [SCHED 204-11] Finished scheduling.
INFO: [HLS 200-111] Finished Scheduling: CPU user time: 6 seconds. CPU system time: 0 seconds. Elapsed time: 6.485 seconds; current allocated memory: 227.190 MB.
INFO: [BIND 205-100] Starting micro-architecture generation ...
INFO: [BIND 205-101] Performing variable lifetime analysis.
INFO: [BIND 205-101] Exploring resource sharing.
INFO: [BIND 205-101] Binding ...
INFO: [BIND 205-100] Finished micro-architecture generation.
INFO: [HLS 200-111] Finished Binding: CPU user time: 4 seconds. CPU system time: 0 seconds. Elapsed time: 5.182 seconds; current allocated memory: 234.673 MB.
INFO: [HLS 200-10] ----------------------------------------------------------------
INFO: [HLS 200-42] -- Implementing module 'MPSQ' 
INFO: [HLS 200-10] ----------------------------------------------------------------
INFO: [SCHED 204-11] Starting scheduling ...
INFO: [SCHED 204-61] Pipelining loop 'initGDarrayDecoded_perLayer_initGDarrayDecoded_perPoint'.
INFO: [HLS 200-1470] Pipelining result : Target II = 1, Final II = 1, Depth = 3, loop 'initGDarrayDecoded_perLayer_initGDarrayDecoded_perPoint'
INFO: [SCHED 204-61] Pipelining loop 'finalSPOutput_writeDummy_perSuperpoint1234_finalSPOutput_writeDummy_perPoint1234'.
INFO: [HLS 200-1470] Pipelining result : Target II = 1, Final II = 1, Depth = 2, loop 'finalSPOutput_writeDummy_perSuperpoint1234_finalSPOutput_writeDummy_perPoint1234'
INFO: [SCHED 204-61] Pipelining loop 'finalSPOutput_writeDummy_perSuperpoint_finalSPOutput_writeDummy_perPoint'.
INFO: [HLS 200-1470] Pipelining result : Target II = 1, Final II = 1, Depth = 2, loop 'finalSPOutput_writeDummy_perSuperpoint_finalSPOutput_writeDummy_perPoint'
INFO: [SCHED 204-11] Finished scheduling.
INFO: [HLS 200-111] Finished Scheduling: CPU user time: 7 seconds. CPU system time: 0 seconds. Elapsed time: 11.462 seconds; current allocated memory: 237.309 MB.
INFO: [BIND 205-100] Starting micro-architecture generation ...
INFO: [BIND 205-101] Performing variable lifetime analysis.
INFO: [BIND 205-101] Exploring resource sharing.
INFO: [BIND 205-101] Binding ...
INFO: [BIND 205-100] Finished micro-architecture generation.
INFO: [HLS 200-111] Finished Binding: CPU user time: 2 seconds. CPU system time: 0 seconds. Elapsed time: 3.207 seconds; current allocated memory: 241.190 MB.
INFO: [HLS 200-10] ----------------------------------------------------------------
INFO: [HLS 200-10] -- Generating RTL for module 'get_index_from_z' 
INFO: [HLS 200-10] ----------------------------------------------------------------
INFO: [RTGEN 206-104] Estimated max fanout for 'get_index_from_z' is 8192 from HDL expression: (1'b1 == ap_CS_fsm_state1)
INFO: [RTGEN 206-100] Finished creating RTL model for 'get_index_from_z'.
INFO: [HLS 200-111] Finished Creating RTL model: CPU user time: 7 seconds. CPU system time: 0 seconds. Elapsed time: 6.965 seconds; current allocated memory: 256.371 MB.
INFO: [HLS 200-10] ----------------------------------------------------------------
INFO: [HLS 200-10] -- Generating RTL for module 'MPSQ' 
INFO: [HLS 200-10] ----------------------------------------------------------------
INFO: [RTGEN 206-500] Setting interface mode on port 'MPSQ/ppl' to 'ap_none'.
INFO: [RTGEN 206-500] Setting interface mode on port 'MPSQ/n_patches' to 'ap_none'.
INFO: [RTGEN 206-500] Setting interface mode on port 'MPSQ/GDarray' to 'ap_memory'.
INFO: [RTGEN 206-500] Setting interface mode on port 'MPSQ/GDn_points_0' to 'ap_none'.
INFO: [RTGEN 206-500] Setting interface mode on port 'MPSQ/GDn_points_1' to 'ap_none'.
INFO: [RTGEN 206-500] Setting interface mode on port 'MPSQ/GDn_points_2' to 'ap_none'.
INFO: [RTGEN 206-500] Setting interface mode on port 'MPSQ/GDn_points_3' to 'ap_none'.
INFO: [RTGEN 206-500] Setting interface mode on port 'MPSQ/GDn_points_4' to 'ap_none'.
INFO: [RTGEN 206-500] Setting interface mode on port 'MPSQ/output_patch_stream_V' to 'ap_fifo'.
INFO: [RTGEN 206-500] Setting interface mode on function 'MPSQ' to 'ap_ctrl_hs'.
WARNING: [RTGEN 206-101] Port 'MPSQ/ppl' has no fanin or fanout and is left dangling.
               Please use C simulation to confirm this function argument can be read from or written to.
WARNING: [RTGEN 206-101] Port 'MPSQ/n_patches' has no fanin or fanout and is left dangling.
               Please use C simulation to confirm this function argument can be read from or written to.
WARNING: [RTGEN 206-101] Port 'MPSQ/GDn_points_0' has no fanin or fanout and is left dangling.
               Please use C simulation to confirm this function argument can be read from or written to.
WARNING: [RTGEN 206-101] Port 'MPSQ/GDn_points_1' has no fanin or fanout and is left dangling.
               Please use C simulation to confirm this function argument can be read from or written to.
WARNING: [RTGEN 206-101] Port 'MPSQ/GDn_points_2' has no fanin or fanout and is left dangling.
               Please use C simulation to confirm this function argument can be read from or written to.
WARNING: [RTGEN 206-101] Port 'MPSQ/GDn_points_3' has no fanin or fanout and is left dangling.
               Please use C simulation to confirm this function argument can be read from or written to.
WARNING: [RTGEN 206-101] Port 'MPSQ/GDn_points_4' has no fanin or fanout and is left dangling.
               Please use C simulation to confirm this function argument can be read from or written to.
INFO: [RTGEN 206-100] Finished creating RTL model for 'MPSQ'.
INFO: [HLS 200-111] Finished Creating RTL model: CPU user time: 16 seconds. CPU system time: 4 seconds. Elapsed time: 24.056 seconds; current allocated memory: 295.937 MB.
INFO: [HLS 200-111] Finished Generating all RTL models: CPU user time: 11 seconds. CPU system time: 2 seconds. Elapsed time: 14.46 seconds; current allocated memory: 311.362 MB.
INFO: [VHDL 208-304] Generating VHDL RTL for MPSQ.
INFO: [VLOG 209-307] Generating Verilog RTL for MPSQ.
INFO: [HLS 200-790] **** Loop Constraint Status: All loop constraints were satisfied.
INFO: [HLS 200-789] **** Estimated Fmax: 458.30 MHz
INFO: [HLS 200-111] Finished Command csynth_design CPU user time: 90 seconds. CPU system time: 7 seconds. Elapsed time: 163.107 seconds; current allocated memory: 313.265 MB.
INFO: [HLS 200-112] Total CPU user time: 92 seconds. Total CPU system time: 8 seconds. Total elapsed time: 166.081 seconds; peak allocated memory: 871.690 MB.
==============================================================
Vitis HLS - High-Level Synthesis from C, C++ and OpenCL v2020.2 (64-bit)
Copyright 1986-2020 Xilinx, Inc. All Rights Reserved.
==============================================================
INFO: [SYN 201-201] Setting up clock 'default' with a period of 3ns.
INFO: [HLS 200-10] Setting target device to 'xcvu19p-fsvb3824-2-e'
INFO: [HLS 200-1505] Using flow_target 'vivado'
INFO: [HLS 200-1510] Running: set_part xcvu19p-fsvb3824-2-e 
INFO: [HLS 200-1510] Running: create_clock -period 3 -name default 
INFO: [HLS 200-1510] Running: csynth_design 
INFO: [HLS 200-111] Finished File checks and directory preparation: CPU user time: 0 seconds. CPU system time: 0 seconds. Elapsed time: 0.249 seconds; current allocated memory: 871.690 MB.
INFO: [HLS 200-10] Analyzing design file 'patchMaker.cpp' ... 
WARNING: [HLS 207-5510] 'Resource pragma' is deprecated, and it will be removed in future release. It is suggested to replace it with 'bind_op/bind_storage pragma'.: C:/Xilinx/Vitis_HLS/2020.2/common/technology/autopilot/hls_hotbm_apfixed.h:117:9
WARNING: [HLS 207-5510] 'Resource pragma' is deprecated, and it will be removed in future release. It is suggested to replace it with 'bind_op/bind_storage pragma'.: C:/Xilinx/Vitis_HLS/2020.2/common/technology/autopilot/hls_hotbm_apfixed.h:118:9
WARNING: [HLS 207-5510] 'Resource pragma' is deprecated, and it will be removed in future release. It is suggested to replace it with 'bind_op/bind_storage pragma'.: C:/Xilinx/Vitis_HLS/2020.2/common/technology/autopilot/hls_hotbm_apfixed.h:119:9
WARNING: [HLS 207-5510] 'Resource pragma' is deprecated, and it will be removed in future release. It is suggested to replace it with 'bind_op/bind_storage pragma'.: C:/Xilinx/Vitis_HLS/2020.2/common/technology/autopilot/hls_hotbm_apfixed.h:120:9
WARNING: [HLS 207-5510] 'Resource pragma' is deprecated, and it will be removed in future release. It is suggested to replace it with 'bind_op/bind_storage pragma'.: C:/Xilinx/Vitis_HLS/2020.2/common/technology/autopilot/hls_hotbm_apfixed.h:121:9
WARNING: [HLS 207-5510] 'Resource pragma' is deprecated, and it will be removed in future release. It is suggested to replace it with 'bind_op/bind_storage pragma'.: C:/Xilinx/Vitis_HLS/2020.2/common/technology/autopilot/hls_hotbm_apfixed.h:151:9
WARNING: [HLS 207-5510] 'Resource pragma' is deprecated, and it will be removed in future release. It is suggested to replace it with 'bind_op/bind_storage pragma'.: C:/Xilinx/Vitis_HLS/2020.2/common/technology/autopilot/hls_hotbm_apfixed.h:152:9
WARNING: [HLS 207-5510] 'Resource pragma' is deprecated, and it will be removed in future release. It is suggested to replace it with 'bind_op/bind_storage pragma'.: C:/Xilinx/Vitis_HLS/2020.2/common/technology/autopilot/hls_hotbm_apfixed.h:153:9
WARNING: [HLS 207-5510] 'Resource pragma' is deprecated, and it will be removed in future release. It is suggested to replace it with 'bind_op/bind_storage pragma'.: C:/Xilinx/Vitis_HLS/2020.2/common/technology/autopilot/hls_hotbm_apfixed.h:154:9
WARNING: [HLS 207-5510] 'Resource pragma' is deprecated, and it will be removed in future release. It is suggested to replace it with 'bind_op/bind_storage pragma'.: C:/Xilinx/Vitis_HLS/2020.2/common/technology/autopilot/hls_hotbm_apfixed.h:155:9
WARNING: [HLS 207-5510] 'Resource pragma' is deprecated, and it will be removed in future release. It is suggested to replace it with 'bind_op/bind_storage pragma'.: C:/Xilinx/Vitis_HLS/2020.2/common/technology/autopilot/hls_hotbm_apfixed.h:156:9
WARNING: [HLS 207-5510] 'Resource pragma' is deprecated, and it will be removed in future release. It is suggested to replace it with 'bind_op/bind_storage pragma'.: C:/Xilinx/Vitis_HLS/2020.2/common/technology/autopilot/hls_hotbm_apfixed.h:157:9
WARNING: [HLS 207-5510] 'Resource pragma' is deprecated, and it will be removed in future release. It is suggested to replace it with 'bind_op/bind_storage pragma'.: C:/Xilinx/Vitis_HLS/2020.2/common/technology/autopilot/hls_hotbm_apfixed.h:158:9
WARNING: [HLS 207-5510] 'Resource pragma' is deprecated, and it will be removed in future release. It is suggested to replace it with 'bind_op/bind_storage pragma'.: C:/Xilinx/Vitis_HLS/2020.2/common/technology/autopilot/hls_hotbm_apfixed.h:159:9
WARNING: [HLS 207-5510] 'Resource pragma' is deprecated, and it will be removed in future release. It is suggested to replace it with 'bind_op/bind_storage pragma'.: C:/Xilinx/Vitis_HLS/2020.2/common/technology/autopilot/hls_hotbm_apfixed.h:160:9
WARNING: [HLS 207-5510] 'Resource pragma' is deprecated, and it will be removed in future release. It is suggested to replace it with 'bind_op/bind_storage pragma'.: C:/Xilinx/Vitis_HLS/2020.2/common/technology/autopilot/hls_hotbm_apfixed.h:210:9
WARNING: [HLS 207-5510] 'Resource pragma' is deprecated, and it will be removed in future release. It is suggested to replace it with 'bind_op/bind_storage pragma'.: C:/Xilinx/Vitis_HLS/2020.2/common/technology/autopilot/hls_hotbm_apfixed.h:211:9
WARNING: [HLS 207-5510] 'Resource pragma' is deprecated, and it will be removed in future release. It is suggested to replace it with 'bind_op/bind_storage pragma'.: C:/Xilinx/Vitis_HLS/2020.2/common/technology/autopilot/hls_hotbm_apfixed.h:212:9
WARNING: [HLS 207-5510] 'Resource pragma' is deprecated, and it will be removed in future release. It is suggested to replace it with 'bind_op/bind_storage pragma'.: C:/Xilinx/Vitis_HLS/2020.2/common/technology/autopilot/hls_hotbm_apfixed.h:239:9
WARNING: [HLS 207-5510] 'Resource pragma' is deprecated, and it will be removed in future release. It is suggested to replace it with 'bind_op/bind_storage pragma'.: C:/Xilinx/Vitis_HLS/2020.2/common/technology/autopilot/hls_hotbm_apfixed.h:240:9
WARNING: [HLS 207-5510] 'Resource pragma' is deprecated, and it will be removed in future release. It is suggested to replace it with 'bind_op/bind_storage pragma'.: C:/Xilinx/Vitis_HLS/2020.2/common/technology/autopilot/hls_hotbm_apfixed.h:241:9
WARNING: [HLS 207-5510] 'Resource pragma' is deprecated, and it will be removed in future release. It is suggested to replace it with 'bind_op/bind_storage pragma'.: C:/Xilinx/Vitis_HLS/2020.2/common/technology/autopilot/hls_hotbm_apfixed.h:242:9
WARNING: [HLS 207-5510] 'Resource pragma' is deprecated, and it will be removed in future release. It is suggested to replace it with 'bind_op/bind_storage pragma'.: C:/Xilinx/Vitis_HLS/2020.2/common/technology/autopilot/hls_hotbm_apfixed.h:243:9
WARNING: [HLS 207-5510] 'Resource pragma' is deprecated, and it will be removed in future release. It is suggested to replace it with 'bind_op/bind_storage pragma'.: C:/Xilinx/Vitis_HLS/2020.2/common/technology/autopilot/hls_hotbm_apfixed.h:244:9
WARNING: [HLS 207-5510] 'Resource pragma' is deprecated, and it will be removed in future release. It is suggested to replace it with 'bind_op/bind_storage pragma'.: C:/Xilinx/Vitis_HLS/2020.2/common/technology/autopilot/hls_hotbm_apfixed.h:280:9
WARNING: [HLS 207-5510] 'Resource pragma' is deprecated, and it will be removed in future release. It is suggested to replace it with 'bind_op/bind_storage pragma'.: C:/Xilinx/Vitis_HLS/2020.2/common/technology/autopilot/hls_hotbm_apfixed.h:281:9
WARNING: [HLS 207-5512] 'ON' in '#pragma HLS INLINE' is ignored: patchMaker.cpp:25:20
WARNING: [HLS 207-5301] unused parameter 'n_patches': patchMaker.cpp:495:61
WARNING: [HLS 207-5512] 'ON' in '#pragma HLS INLINE' is ignored: patchMaker.cpp:620:20
WARNING: [HLS 207-5301] unused parameter 'GDn_points': patchMaker.cpp:708:105
WARNING: [HLS 207-5301] unused parameter 'ppl': patchMaker.cpp:881:58
WARNING: [HLS 207-5301] unused parameter 'n_patches': patchMaker.cpp:881:72
WARNING: [HLS 207-5301] unused parameter 'repeat_patch': patchMaker.cpp:1435:154
WARNING: [HLS 207-5301] unused parameter 'repeat_original': patchMaker.cpp:1435:174
INFO: [HLS 200-111] Finished Source Code Analysis and Preprocessing: CPU user time: 2 seconds. CPU system time: 1 seconds. Elapsed time: 39.012 seconds; current allocated memory: 95.018 MB.
INFO: [HLS 200-777] Using interface defaults for 'Vivado' flow target.
INFO: [HLS 214-131] Inlining function 'decodePHIcoordinate(long long)' into 'MPSQ(int, unsigned char&, long long (*) [256], int*, hls::stream<long long, 0>&)' (patchMaker.cpp:932:39)
INFO: [HLS 214-131] Inlining function 'hls::stream<long long, 0>::write(long long const&)' into 'MPSQ(int, unsigned char&, long long (*) [256], int*, hls::stream<long long, 0>&)' (patchMaker.cpp:995:24)
INFO: [HLS 214-131] Inlining function 'hls::stream<long long, 0>::write(long long const&)' into 'MPSQ(int, unsigned char&, long long (*) [256], int*, hls::stream<long long, 0>&)' (patchMaker.cpp:983:24)
INFO: [HLS 214-131] Inlining function 'decodeZcoordinate(long long)' into 'MPSQ(int, unsigned char&, long long (*) [256], int*, hls::stream<long long, 0>&)' (patchMaker.cpp:933:39)
INFO: [HLS 214-186] Unrolling loop 'getIndexFromZ_returnMinVal' (patchMaker.cpp:799:5) in function 'get_index_from_z' completely with a factor of 256 (patchMaker.cpp:799:5)
INFO: [HLS 214-186] Unrolling loop 'VITIS_LOOP_788_7' (patchMaker.cpp:788:23) in function 'get_index_from_z' completely with a factor of 2 (patchMaker.cpp:788:23)
INFO: [HLS 214-186] Unrolling loop 'VITIS_LOOP_780_6' (patchMaker.cpp:780:23) in function 'get_index_from_z' completely with a factor of 4 (patchMaker.cpp:780:23)
INFO: [HLS 214-186] Unrolling loop 'VITIS_LOOP_772_5' (patchMaker.cpp:772:23) in function 'get_index_from_z' completely with a factor of 8 (patchMaker.cpp:772:23)
INFO: [HLS 214-186] Unrolling loop 'VITIS_LOOP_764_4' (patchMaker.cpp:764:23) in function 'get_index_from_z' completely with a factor of 16 (patchMaker.cpp:764:23)
INFO: [HLS 214-186] Unrolling loop 'VITIS_LOOP_756_3' (patchMaker.cpp:756:23) in function 'get_index_from_z' completely with a factor of 32 (patchMaker.cpp:756:23)
INFO: [HLS 214-186] Unrolling loop 'VITIS_LOOP_748_2' (patchMaker.cpp:748:23) in function 'get_index_from_z' completely with a factor of 64 (patchMaker.cpp:748:23)
INFO: [HLS 214-186] Unrolling loop 'VITIS_LOOP_740_1' (patchMaker.cpp:740:23) in function 'get_index_from_z' completely with a factor of 128 (patchMaker.cpp:740:23)
INFO: [HLS 214-186] Unrolling loop 'getIndexFromZ_setDiffArrayCOPY' (patchMaker.cpp:732:5) in function 'get_index_from_z' completely with a factor of 256 (patchMaker.cpp:732:5)
INFO: [HLS 214-186] Unrolling loop 'getIndexFromZ_setDiffArray' (patchMaker.cpp:723:5) in function 'get_index_from_z' completely with a factor of 256 (patchMaker.cpp:723:5)
INFO: [HLS 214-248] complete partitioned array 'GDn_points' on dimension 1 (patchMaker.cpp:883:37)
INFO: [HLS 200-111] Finished Compiling Optimization and Transform: CPU user time: 12 seconds. CPU system time: 0 seconds. Elapsed time: 26.107 seconds; current allocated memory: 114.279 MB.
INFO: [HLS 200-111] Finished Checking Pragmas: CPU user time: 0 seconds. CPU system time: 0 seconds. Elapsed time: 0.019 seconds; current allocated memory: 114.280 MB.
INFO: [HLS 200-10] Starting code transformations ...
INFO: [HLS 200-111] Finished Standard Transforms: CPU user time: 4 seconds. CPU system time: 0 seconds. Elapsed time: 4.867 seconds; current allocated memory: 118.883 MB.
INFO: [HLS 200-10] Checking synthesizability ...
INFO: [HLS 200-111] Finished Checking Synthesizability: CPU user time: 3 seconds. CPU system time: 0 seconds. Elapsed time: 4.352 seconds; current allocated memory: 120.358 MB.
INFO: [XFORM 203-510] Pipelining loop 'initGDarrayDecoded_perPoint' (patchMaker.cpp:927) in function 'MPSQ' automatically.
INFO: [XFORM 203-510] Pipelining loop 'finalSPOutput_writeDummy_perPoint1234' (patchMaker.cpp:974) in function 'MPSQ' automatically.
INFO: [XFORM 203-510] Pipelining loop 'finalSPOutput_writeDummy_perPoint' (patchMaker.cpp:974) in function 'MPSQ' automatically.
INFO: [XFORM 203-101] Partitioning array 'GDarrayDecoded' (patchMaker.cpp:908) in dimension 1 completely.
INFO: [XFORM 203-101] Partitioning array 'diffArray' (patchMaker.cpp:715) in dimension 1 completely.
INFO: [XFORM 203-101] Partitioning array 'diffArrayCOPY' (patchMaker.cpp:716) in dimension 1 completely.
WARNING: [HLS 200-914] Completely partitioning array 'GDarrayDecoded' (patchMaker.cpp:908) accessed through non-constant indices on dimension 1 (patchMaker.cpp:933:13), which may result in long runtime and suboptimal QoR due to large multiplexers. Please consider wrapping the array access into a function or using a register file core instead.
INFO: [XFORM 203-101] Partitioning array 'GDarrayDecoded' (patchMaker.cpp:908) in dimension 2 completely.
INFO: [XFORM 203-101] Partitioning array 'GDarrayDecoded' (patchMaker.cpp:908) in dimension 3 completely.
INFO: [HLS 200-111] Finished Loop, function and other optimizations: CPU user time: 12 seconds. CPU system time: 0 seconds. Elapsed time: 14.991 seconds; current allocated memory: 173.853 MB.
INFO: [XFORM 203-541] Flattening a loop nest 'initGDarrayDecoded_perLayer' (patchMaker.cpp:921:17) in function 'MPSQ'.
INFO: [XFORM 203-541] Flattening a loop nest 'finalSPOutput_writeDummy_perSuperpoint1234' (patchMaker.cpp:977:14) in function 'MPSQ'.
INFO: [XFORM 203-541] Flattening a loop nest 'finalSPOutput_writeDummy_perSuperpoint' (patchMaker.cpp:989:14) in function 'MPSQ'.
INFO: [HLS 200-111] Finished Architecture Synthesis: CPU user time: 4 seconds. CPU system time: 0 seconds. Elapsed time: 4.795 seconds; current allocated memory: 219.998 MB.
INFO: [HLS 200-10] Starting hardware synthesis ...
INFO: [HLS 200-10] Synthesizing 'MPSQ' ...
INFO: [HLS 200-10] ----------------------------------------------------------------
INFO: [HLS 200-42] -- Implementing module 'get_index_from_z' 
INFO: [HLS 200-10] ----------------------------------------------------------------
INFO: [SCHED 204-11] Starting scheduling ...
INFO: [SCHED 204-11] Finished scheduling.
INFO: [HLS 200-111] Finished Scheduling: CPU user time: 7 seconds. CPU system time: 0 seconds. Elapsed time: 7.007 seconds; current allocated memory: 227.173 MB.
INFO: [BIND 205-100] Starting micro-architecture generation ...
INFO: [BIND 205-101] Performing variable lifetime analysis.
INFO: [BIND 205-101] Exploring resource sharing.
INFO: [BIND 205-101] Binding ...
INFO: [BIND 205-100] Finished micro-architecture generation.
INFO: [HLS 200-111] Finished Binding: CPU user time: 4 seconds. CPU system time: 0 seconds. Elapsed time: 5.694 seconds; current allocated memory: 234.655 MB.
INFO: [HLS 200-10] ----------------------------------------------------------------
INFO: [HLS 200-42] -- Implementing module 'MPSQ' 
INFO: [HLS 200-10] ----------------------------------------------------------------
INFO: [SCHED 204-11] Starting scheduling ...
INFO: [SCHED 204-61] Pipelining loop 'initGDarrayDecoded_perLayer_initGDarrayDecoded_perPoint'.
INFO: [HLS 200-1470] Pipelining result : Target II = 1, Final II = 1, Depth = 3, loop 'initGDarrayDecoded_perLayer_initGDarrayDecoded_perPoint'
INFO: [SCHED 204-61] Pipelining loop 'finalSPOutput_writeDummy_perSuperpoint1234_finalSPOutput_writeDummy_perPoint1234'.
INFO: [HLS 200-1470] Pipelining result : Target II = 1, Final II = 1, Depth = 2, loop 'finalSPOutput_writeDummy_perSuperpoint1234_finalSPOutput_writeDummy_perPoint1234'
INFO: [SCHED 204-61] Pipelining loop 'finalSPOutput_writeDummy_perSuperpoint_finalSPOutput_writeDummy_perPoint'.
INFO: [HLS 200-1470] Pipelining result : Target II = 1, Final II = 1, Depth = 2, loop 'finalSPOutput_writeDummy_perSuperpoint_finalSPOutput_writeDummy_perPoint'
INFO: [SCHED 204-11] Finished scheduling.
INFO: [HLS 200-111] Finished Scheduling: CPU user time: 8 seconds. CPU system time: 0 seconds. Elapsed time: 10.496 seconds; current allocated memory: 237.292 MB.
INFO: [BIND 205-100] Starting micro-architecture generation ...
INFO: [BIND 205-101] Performing variable lifetime analysis.
INFO: [BIND 205-101] Exploring resource sharing.
INFO: [BIND 205-101] Binding ...
INFO: [BIND 205-100] Finished micro-architecture generation.
INFO: [HLS 200-111] Finished Binding: CPU user time: 2 seconds. CPU system time: 0 seconds. Elapsed time: 3.897 seconds; current allocated memory: 241.173 MB.
INFO: [HLS 200-10] ----------------------------------------------------------------
INFO: [HLS 200-10] -- Generating RTL for module 'get_index_from_z' 
INFO: [HLS 200-10] ----------------------------------------------------------------
INFO: [RTGEN 206-104] Estimated max fanout for 'get_index_from_z' is 8192 from HDL expression: (1'b1 == ap_CS_fsm_state1)
INFO: [RTGEN 206-100] Finished creating RTL model for 'get_index_from_z'.
INFO: [HLS 200-111] Finished Creating RTL model: CPU user time: 6 seconds. CPU system time: 1 seconds. Elapsed time: 8.141 seconds; current allocated memory: 256.354 MB.
INFO: [HLS 200-10] ----------------------------------------------------------------
INFO: [HLS 200-10] -- Generating RTL for module 'MPSQ' 
INFO: [HLS 200-10] ----------------------------------------------------------------
INFO: [RTGEN 206-500] Setting interface mode on port 'MPSQ/ppl' to 'ap_none'.
INFO: [RTGEN 206-500] Setting interface mode on port 'MPSQ/n_patches' to 'ap_none'.
INFO: [RTGEN 206-500] Setting interface mode on port 'MPSQ/GDarray' to 'ap_memory'.
INFO: [RTGEN 206-500] Setting interface mode on port 'MPSQ/GDn_points_0' to 'ap_none'.
INFO: [RTGEN 206-500] Setting interface mode on port 'MPSQ/GDn_points_1' to 'ap_none'.
INFO: [RTGEN 206-500] Setting interface mode on port 'MPSQ/GDn_points_2' to 'ap_none'.
INFO: [RTGEN 206-500] Setting interface mode on port 'MPSQ/GDn_points_3' to 'ap_none'.
INFO: [RTGEN 206-500] Setting interface mode on port 'MPSQ/GDn_points_4' to 'ap_none'.
INFO: [RTGEN 206-500] Setting interface mode on port 'MPSQ/output_patch_stream_V' to 'ap_fifo'.
INFO: [RTGEN 206-500] Setting interface mode on function 'MPSQ' to 'ap_ctrl_hs'.
WARNING: [RTGEN 206-101] Port 'MPSQ/ppl' has no fanin or fanout and is left dangling.
               Please use C simulation to confirm this function argument can be read from or written to.
WARNING: [RTGEN 206-101] Port 'MPSQ/n_patches' has no fanin or fanout and is left dangling.
               Please use C simulation to confirm this function argument can be read from or written to.
WARNING: [RTGEN 206-101] Port 'MPSQ/GDn_points_0' has no fanin or fanout and is left dangling.
               Please use C simulation to confirm this function argument can be read from or written to.
WARNING: [RTGEN 206-101] Port 'MPSQ/GDn_points_1' has no fanin or fanout and is left dangling.
               Please use C simulation to confirm this function argument can be read from or written to.
WARNING: [RTGEN 206-101] Port 'MPSQ/GDn_points_2' has no fanin or fanout and is left dangling.
               Please use C simulation to confirm this function argument can be read from or written to.
WARNING: [RTGEN 206-101] Port 'MPSQ/GDn_points_3' has no fanin or fanout and is left dangling.
               Please use C simulation to confirm this function argument can be read from or written to.
WARNING: [RTGEN 206-101] Port 'MPSQ/GDn_points_4' has no fanin or fanout and is left dangling.
               Please use C simulation to confirm this function argument can be read from or written to.
INFO: [RTGEN 206-100] Finished creating RTL model for 'MPSQ'.
INFO: [HLS 200-111] Finished Creating RTL model: CPU user time: 18 seconds. CPU system time: 3 seconds. Elapsed time: 25.212 seconds; current allocated memory: 295.921 MB.
INFO: [HLS 200-111] Finished Generating all RTL models: CPU user time: 11 seconds. CPU system time: 2 seconds. Elapsed time: 15.887 seconds; current allocated memory: 311.347 MB.
INFO: [VHDL 208-304] Generating VHDL RTL for MPSQ.
INFO: [VLOG 209-307] Generating Verilog RTL for MPSQ.
INFO: [HLS 200-790] **** Loop Constraint Status: All loop constraints were satisfied.
INFO: [HLS 200-789] **** Estimated Fmax: 458.30 MHz
INFO: [HLS 200-111] Finished Command csynth_design CPU user time: 93 seconds. CPU system time: 7 seconds. Elapsed time: 171.405 seconds; current allocated memory: 313.250 MB.
INFO: [HLS 200-112] Total CPU user time: 95 seconds. Total CPU system time: 8 seconds. Total elapsed time: 175.103 seconds; peak allocated memory: 871.690 MB.
==============================================================
Vitis HLS - High-Level Synthesis from C, C++ and OpenCL v2020.2 (64-bit)
Copyright 1986-2020 Xilinx, Inc. All Rights Reserved.
==============================================================
INFO: [SYN 201-201] Setting up clock 'default' with a period of 3ns.
INFO: [HLS 200-10] Setting target device to 'xcvu19p-fsvb3824-2-e'
INFO: [HLS 200-1505] Using flow_target 'vivado'
INFO: [HLS 200-1510] Running: set_part xcvu19p-fsvb3824-2-e 
INFO: [HLS 200-1510] Running: create_clock -period 3 -name default 
INFO: [HLS 200-1510] Running: csynth_design 
INFO: [HLS 200-111] Finished File checks and directory preparation: CPU user time: 0 seconds. CPU system time: 0 seconds. Elapsed time: 0.197 seconds; current allocated memory: 871.690 MB.
INFO: [HLS 200-10] Analyzing design file 'patchMaker.cpp' ... 
WARNING: [HLS 207-5510] 'Resource pragma' is deprecated, and it will be removed in future release. It is suggested to replace it with 'bind_op/bind_storage pragma'.: C:/Xilinx/Vitis_HLS/2020.2/common/technology/autopilot/hls_hotbm_apfixed.h:117:9
WARNING: [HLS 207-5510] 'Resource pragma' is deprecated, and it will be removed in future release. It is suggested to replace it with 'bind_op/bind_storage pragma'.: C:/Xilinx/Vitis_HLS/2020.2/common/technology/autopilot/hls_hotbm_apfixed.h:118:9
WARNING: [HLS 207-5510] 'Resource pragma' is deprecated, and it will be removed in future release. It is suggested to replace it with 'bind_op/bind_storage pragma'.: C:/Xilinx/Vitis_HLS/2020.2/common/technology/autopilot/hls_hotbm_apfixed.h:119:9
WARNING: [HLS 207-5510] 'Resource pragma' is deprecated, and it will be removed in future release. It is suggested to replace it with 'bind_op/bind_storage pragma'.: C:/Xilinx/Vitis_HLS/2020.2/common/technology/autopilot/hls_hotbm_apfixed.h:120:9
WARNING: [HLS 207-5510] 'Resource pragma' is deprecated, and it will be removed in future release. It is suggested to replace it with 'bind_op/bind_storage pragma'.: C:/Xilinx/Vitis_HLS/2020.2/common/technology/autopilot/hls_hotbm_apfixed.h:121:9
WARNING: [HLS 207-5510] 'Resource pragma' is deprecated, and it will be removed in future release. It is suggested to replace it with 'bind_op/bind_storage pragma'.: C:/Xilinx/Vitis_HLS/2020.2/common/technology/autopilot/hls_hotbm_apfixed.h:151:9
WARNING: [HLS 207-5510] 'Resource pragma' is deprecated, and it will be removed in future release. It is suggested to replace it with 'bind_op/bind_storage pragma'.: C:/Xilinx/Vitis_HLS/2020.2/common/technology/autopilot/hls_hotbm_apfixed.h:152:9
WARNING: [HLS 207-5510] 'Resource pragma' is deprecated, and it will be removed in future release. It is suggested to replace it with 'bind_op/bind_storage pragma'.: C:/Xilinx/Vitis_HLS/2020.2/common/technology/autopilot/hls_hotbm_apfixed.h:153:9
WARNING: [HLS 207-5510] 'Resource pragma' is deprecated, and it will be removed in future release. It is suggested to replace it with 'bind_op/bind_storage pragma'.: C:/Xilinx/Vitis_HLS/2020.2/common/technology/autopilot/hls_hotbm_apfixed.h:154:9
WARNING: [HLS 207-5510] 'Resource pragma' is deprecated, and it will be removed in future release. It is suggested to replace it with 'bind_op/bind_storage pragma'.: C:/Xilinx/Vitis_HLS/2020.2/common/technology/autopilot/hls_hotbm_apfixed.h:155:9
WARNING: [HLS 207-5510] 'Resource pragma' is deprecated, and it will be removed in future release. It is suggested to replace it with 'bind_op/bind_storage pragma'.: C:/Xilinx/Vitis_HLS/2020.2/common/technology/autopilot/hls_hotbm_apfixed.h:156:9
WARNING: [HLS 207-5510] 'Resource pragma' is deprecated, and it will be removed in future release. It is suggested to replace it with 'bind_op/bind_storage pragma'.: C:/Xilinx/Vitis_HLS/2020.2/common/technology/autopilot/hls_hotbm_apfixed.h:157:9
WARNING: [HLS 207-5510] 'Resource pragma' is deprecated, and it will be removed in future release. It is suggested to replace it with 'bind_op/bind_storage pragma'.: C:/Xilinx/Vitis_HLS/2020.2/common/technology/autopilot/hls_hotbm_apfixed.h:158:9
WARNING: [HLS 207-5510] 'Resource pragma' is deprecated, and it will be removed in future release. It is suggested to replace it with 'bind_op/bind_storage pragma'.: C:/Xilinx/Vitis_HLS/2020.2/common/technology/autopilot/hls_hotbm_apfixed.h:159:9
WARNING: [HLS 207-5510] 'Resource pragma' is deprecated, and it will be removed in future release. It is suggested to replace it with 'bind_op/bind_storage pragma'.: C:/Xilinx/Vitis_HLS/2020.2/common/technology/autopilot/hls_hotbm_apfixed.h:160:9
WARNING: [HLS 207-5510] 'Resource pragma' is deprecated, and it will be removed in future release. It is suggested to replace it with 'bind_op/bind_storage pragma'.: C:/Xilinx/Vitis_HLS/2020.2/common/technology/autopilot/hls_hotbm_apfixed.h:210:9
WARNING: [HLS 207-5510] 'Resource pragma' is deprecated, and it will be removed in future release. It is suggested to replace it with 'bind_op/bind_storage pragma'.: C:/Xilinx/Vitis_HLS/2020.2/common/technology/autopilot/hls_hotbm_apfixed.h:211:9
WARNING: [HLS 207-5510] 'Resource pragma' is deprecated, and it will be removed in future release. It is suggested to replace it with 'bind_op/bind_storage pragma'.: C:/Xilinx/Vitis_HLS/2020.2/common/technology/autopilot/hls_hotbm_apfixed.h:212:9
WARNING: [HLS 207-5510] 'Resource pragma' is deprecated, and it will be removed in future release. It is suggested to replace it with 'bind_op/bind_storage pragma'.: C:/Xilinx/Vitis_HLS/2020.2/common/technology/autopilot/hls_hotbm_apfixed.h:239:9
WARNING: [HLS 207-5510] 'Resource pragma' is deprecated, and it will be removed in future release. It is suggested to replace it with 'bind_op/bind_storage pragma'.: C:/Xilinx/Vitis_HLS/2020.2/common/technology/autopilot/hls_hotbm_apfixed.h:240:9
WARNING: [HLS 207-5510] 'Resource pragma' is deprecated, and it will be removed in future release. It is suggested to replace it with 'bind_op/bind_storage pragma'.: C:/Xilinx/Vitis_HLS/2020.2/common/technology/autopilot/hls_hotbm_apfixed.h:241:9
WARNING: [HLS 207-5510] 'Resource pragma' is deprecated, and it will be removed in future release. It is suggested to replace it with 'bind_op/bind_storage pragma'.: C:/Xilinx/Vitis_HLS/2020.2/common/technology/autopilot/hls_hotbm_apfixed.h:242:9
WARNING: [HLS 207-5510] 'Resource pragma' is deprecated, and it will be removed in future release. It is suggested to replace it with 'bind_op/bind_storage pragma'.: C:/Xilinx/Vitis_HLS/2020.2/common/technology/autopilot/hls_hotbm_apfixed.h:243:9
WARNING: [HLS 207-5510] 'Resource pragma' is deprecated, and it will be removed in future release. It is suggested to replace it with 'bind_op/bind_storage pragma'.: C:/Xilinx/Vitis_HLS/2020.2/common/technology/autopilot/hls_hotbm_apfixed.h:244:9
WARNING: [HLS 207-5510] 'Resource pragma' is deprecated, and it will be removed in future release. It is suggested to replace it with 'bind_op/bind_storage pragma'.: C:/Xilinx/Vitis_HLS/2020.2/common/technology/autopilot/hls_hotbm_apfixed.h:280:9
WARNING: [HLS 207-5510] 'Resource pragma' is deprecated, and it will be removed in future release. It is suggested to replace it with 'bind_op/bind_storage pragma'.: C:/Xilinx/Vitis_HLS/2020.2/common/technology/autopilot/hls_hotbm_apfixed.h:281:9
WARNING: [HLS 207-5512] 'ON' in '#pragma HLS INLINE' is ignored: patchMaker.cpp:25:20
WARNING: [HLS 207-5301] unused parameter 'n_patches': patchMaker.cpp:495:61
WARNING: [HLS 207-5512] 'ON' in '#pragma HLS INLINE' is ignored: patchMaker.cpp:620:20
WARNING: [HLS 207-5301] unused parameter 'GDn_points': patchMaker.cpp:708:105
ERROR: [HLS 207-4965] control may reach end of non-void function: patchMaker.cpp:826:1
WARNING: [HLS 207-5301] unused parameter 'ppl': patchMaker.cpp:881:58
WARNING: [HLS 207-5301] unused parameter 'n_patches': patchMaker.cpp:881:72
WARNING: [HLS 207-5301] unused parameter 'repeat_patch': patchMaker.cpp:1435:154
WARNING: [HLS 207-5301] unused parameter 'repeat_original': patchMaker.cpp:1435:174
INFO: [HLS 200-111] Finished Command csynth_design CPU user time: 2 seconds. CPU system time: 1 seconds. Elapsed time: 39 seconds; current allocated memory: 95.029 MB.
INFO: [HLS 200-112] Total CPU user time: 4 seconds. Total CPU system time: 2 seconds. Total elapsed time: 43.046 seconds; peak allocated memory: 871.690 MB.
==============================================================
Vitis HLS - High-Level Synthesis from C, C++ and OpenCL v2020.2 (64-bit)
Copyright 1986-2020 Xilinx, Inc. All Rights Reserved.
==============================================================
INFO: [SYN 201-201] Setting up clock 'default' with a period of 3ns.
INFO: [HLS 200-10] Setting target device to 'xcvu19p-fsvb3824-2-e'
INFO: [HLS 200-1505] Using flow_target 'vivado'
INFO: [HLS 200-1510] Running: set_part xcvu19p-fsvb3824-2-e 
INFO: [HLS 200-1510] Running: create_clock -period 3 -name default 
INFO: [HLS 200-1510] Running: csynth_design 
INFO: [HLS 200-111] Finished File checks and directory preparation: CPU user time: 0 seconds. CPU system time: 0 seconds. Elapsed time: 0.135 seconds; current allocated memory: 871.690 MB.
INFO: [HLS 200-10] Analyzing design file 'patchMaker.cpp' ... 
WARNING: [HLS 207-5510] 'Resource pragma' is deprecated, and it will be removed in future release. It is suggested to replace it with 'bind_op/bind_storage pragma'.: C:/Xilinx/Vitis_HLS/2020.2/common/technology/autopilot/hls_hotbm_apfixed.h:117:9
WARNING: [HLS 207-5510] 'Resource pragma' is deprecated, and it will be removed in future release. It is suggested to replace it with 'bind_op/bind_storage pragma'.: C:/Xilinx/Vitis_HLS/2020.2/common/technology/autopilot/hls_hotbm_apfixed.h:118:9
WARNING: [HLS 207-5510] 'Resource pragma' is deprecated, and it will be removed in future release. It is suggested to replace it with 'bind_op/bind_storage pragma'.: C:/Xilinx/Vitis_HLS/2020.2/common/technology/autopilot/hls_hotbm_apfixed.h:119:9
WARNING: [HLS 207-5510] 'Resource pragma' is deprecated, and it will be removed in future release. It is suggested to replace it with 'bind_op/bind_storage pragma'.: C:/Xilinx/Vitis_HLS/2020.2/common/technology/autopilot/hls_hotbm_apfixed.h:120:9
WARNING: [HLS 207-5510] 'Resource pragma' is deprecated, and it will be removed in future release. It is suggested to replace it with 'bind_op/bind_storage pragma'.: C:/Xilinx/Vitis_HLS/2020.2/common/technology/autopilot/hls_hotbm_apfixed.h:121:9
WARNING: [HLS 207-5510] 'Resource pragma' is deprecated, and it will be removed in future release. It is suggested to replace it with 'bind_op/bind_storage pragma'.: C:/Xilinx/Vitis_HLS/2020.2/common/technology/autopilot/hls_hotbm_apfixed.h:151:9
WARNING: [HLS 207-5510] 'Resource pragma' is deprecated, and it will be removed in future release. It is suggested to replace it with 'bind_op/bind_storage pragma'.: C:/Xilinx/Vitis_HLS/2020.2/common/technology/autopilot/hls_hotbm_apfixed.h:152:9
WARNING: [HLS 207-5510] 'Resource pragma' is deprecated, and it will be removed in future release. It is suggested to replace it with 'bind_op/bind_storage pragma'.: C:/Xilinx/Vitis_HLS/2020.2/common/technology/autopilot/hls_hotbm_apfixed.h:153:9
WARNING: [HLS 207-5510] 'Resource pragma' is deprecated, and it will be removed in future release. It is suggested to replace it with 'bind_op/bind_storage pragma'.: C:/Xilinx/Vitis_HLS/2020.2/common/technology/autopilot/hls_hotbm_apfixed.h:154:9
WARNING: [HLS 207-5510] 'Resource pragma' is deprecated, and it will be removed in future release. It is suggested to replace it with 'bind_op/bind_storage pragma'.: C:/Xilinx/Vitis_HLS/2020.2/common/technology/autopilot/hls_hotbm_apfixed.h:155:9
WARNING: [HLS 207-5510] 'Resource pragma' is deprecated, and it will be removed in future release. It is suggested to replace it with 'bind_op/bind_storage pragma'.: C:/Xilinx/Vitis_HLS/2020.2/common/technology/autopilot/hls_hotbm_apfixed.h:156:9
WARNING: [HLS 207-5510] 'Resource pragma' is deprecated, and it will be removed in future release. It is suggested to replace it with 'bind_op/bind_storage pragma'.: C:/Xilinx/Vitis_HLS/2020.2/common/technology/autopilot/hls_hotbm_apfixed.h:157:9
WARNING: [HLS 207-5510] 'Resource pragma' is deprecated, and it will be removed in future release. It is suggested to replace it with 'bind_op/bind_storage pragma'.: C:/Xilinx/Vitis_HLS/2020.2/common/technology/autopilot/hls_hotbm_apfixed.h:158:9
WARNING: [HLS 207-5510] 'Resource pragma' is deprecated, and it will be removed in future release. It is suggested to replace it with 'bind_op/bind_storage pragma'.: C:/Xilinx/Vitis_HLS/2020.2/common/technology/autopilot/hls_hotbm_apfixed.h:159:9
WARNING: [HLS 207-5510] 'Resource pragma' is deprecated, and it will be removed in future release. It is suggested to replace it with 'bind_op/bind_storage pragma'.: C:/Xilinx/Vitis_HLS/2020.2/common/technology/autopilot/hls_hotbm_apfixed.h:160:9
WARNING: [HLS 207-5510] 'Resource pragma' is deprecated, and it will be removed in future release. It is suggested to replace it with 'bind_op/bind_storage pragma'.: C:/Xilinx/Vitis_HLS/2020.2/common/technology/autopilot/hls_hotbm_apfixed.h:210:9
WARNING: [HLS 207-5510] 'Resource pragma' is deprecated, and it will be removed in future release. It is suggested to replace it with 'bind_op/bind_storage pragma'.: C:/Xilinx/Vitis_HLS/2020.2/common/technology/autopilot/hls_hotbm_apfixed.h:211:9
WARNING: [HLS 207-5510] 'Resource pragma' is deprecated, and it will be removed in future release. It is suggested to replace it with 'bind_op/bind_storage pragma'.: C:/Xilinx/Vitis_HLS/2020.2/common/technology/autopilot/hls_hotbm_apfixed.h:212:9
WARNING: [HLS 207-5510] 'Resource pragma' is deprecated, and it will be removed in future release. It is suggested to replace it with 'bind_op/bind_storage pragma'.: C:/Xilinx/Vitis_HLS/2020.2/common/technology/autopilot/hls_hotbm_apfixed.h:239:9
WARNING: [HLS 207-5510] 'Resource pragma' is deprecated, and it will be removed in future release. It is suggested to replace it with 'bind_op/bind_storage pragma'.: C:/Xilinx/Vitis_HLS/2020.2/common/technology/autopilot/hls_hotbm_apfixed.h:240:9
WARNING: [HLS 207-5510] 'Resource pragma' is deprecated, and it will be removed in future release. It is suggested to replace it with 'bind_op/bind_storage pragma'.: C:/Xilinx/Vitis_HLS/2020.2/common/technology/autopilot/hls_hotbm_apfixed.h:241:9
WARNING: [HLS 207-5510] 'Resource pragma' is deprecated, and it will be removed in future release. It is suggested to replace it with 'bind_op/bind_storage pragma'.: C:/Xilinx/Vitis_HLS/2020.2/common/technology/autopilot/hls_hotbm_apfixed.h:242:9
WARNING: [HLS 207-5510] 'Resource pragma' is deprecated, and it will be removed in future release. It is suggested to replace it with 'bind_op/bind_storage pragma'.: C:/Xilinx/Vitis_HLS/2020.2/common/technology/autopilot/hls_hotbm_apfixed.h:243:9
WARNING: [HLS 207-5510] 'Resource pragma' is deprecated, and it will be removed in future release. It is suggested to replace it with 'bind_op/bind_storage pragma'.: C:/Xilinx/Vitis_HLS/2020.2/common/technology/autopilot/hls_hotbm_apfixed.h:244:9
WARNING: [HLS 207-5510] 'Resource pragma' is deprecated, and it will be removed in future release. It is suggested to replace it with 'bind_op/bind_storage pragma'.: C:/Xilinx/Vitis_HLS/2020.2/common/technology/autopilot/hls_hotbm_apfixed.h:280:9
WARNING: [HLS 207-5510] 'Resource pragma' is deprecated, and it will be removed in future release. It is suggested to replace it with 'bind_op/bind_storage pragma'.: C:/Xilinx/Vitis_HLS/2020.2/common/technology/autopilot/hls_hotbm_apfixed.h:281:9
WARNING: [HLS 207-5512] 'ON' in '#pragma HLS INLINE' is ignored: patchMaker.cpp:25:20
WARNING: [HLS 207-5301] unused parameter 'n_patches': patchMaker.cpp:495:61
WARNING: [HLS 207-5512] 'ON' in '#pragma HLS INLINE' is ignored: patchMaker.cpp:620:20
WARNING: [HLS 207-5301] unused parameter 'GDn_points': patchMaker.cpp:708:105
WARNING: [HLS 207-5301] unused parameter 'ppl': patchMaker.cpp:883:58
WARNING: [HLS 207-5301] unused parameter 'n_patches': patchMaker.cpp:883:72
WARNING: [HLS 207-5301] unused parameter 'repeat_patch': patchMaker.cpp:1437:154
WARNING: [HLS 207-5301] unused parameter 'repeat_original': patchMaker.cpp:1437:174
INFO: [HLS 200-111] Finished Source Code Analysis and Preprocessing: CPU user time: 2 seconds. CPU system time: 1 seconds. Elapsed time: 38.911 seconds; current allocated memory: 95.018 MB.
INFO: [HLS 200-777] Using interface defaults for 'Vivado' flow target.
INFO: [HLS 214-131] Inlining function 'decodePHIcoordinate(long long)' into 'MPSQ(int, unsigned char&, long long (*) [256], int*, hls::stream<long long, 0>&)' (patchMaker.cpp:934:39)
INFO: [HLS 214-131] Inlining function 'hls::stream<long long, 0>::write(long long const&)' into 'MPSQ(int, unsigned char&, long long (*) [256], int*, hls::stream<long long, 0>&)' (patchMaker.cpp:997:24)
INFO: [HLS 214-131] Inlining function 'hls::stream<long long, 0>::write(long long const&)' into 'MPSQ(int, unsigned char&, long long (*) [256], int*, hls::stream<long long, 0>&)' (patchMaker.cpp:985:24)
INFO: [HLS 214-131] Inlining function 'decodeZcoordinate(long long)' into 'MPSQ(int, unsigned char&, long long (*) [256], int*, hls::stream<long long, 0>&)' (patchMaker.cpp:935:39)
INFO: [HLS 214-186] Unrolling loop 'getIndexFromZ_returnMinVal' (patchMaker.cpp:799:5) in function 'get_index_from_z' completely with a factor of 256 (patchMaker.cpp:799:5)
INFO: [HLS 214-186] Unrolling loop 'VITIS_LOOP_788_7' (patchMaker.cpp:788:23) in function 'get_index_from_z' completely with a factor of 2 (patchMaker.cpp:788:23)
INFO: [HLS 214-186] Unrolling loop 'VITIS_LOOP_780_6' (patchMaker.cpp:780:23) in function 'get_index_from_z' completely with a factor of 4 (patchMaker.cpp:780:23)
INFO: [HLS 214-186] Unrolling loop 'VITIS_LOOP_772_5' (patchMaker.cpp:772:23) in function 'get_index_from_z' completely with a factor of 8 (patchMaker.cpp:772:23)
INFO: [HLS 214-186] Unrolling loop 'VITIS_LOOP_764_4' (patchMaker.cpp:764:23) in function 'get_index_from_z' completely with a factor of 16 (patchMaker.cpp:764:23)
INFO: [HLS 214-186] Unrolling loop 'VITIS_LOOP_756_3' (patchMaker.cpp:756:23) in function 'get_index_from_z' completely with a factor of 32 (patchMaker.cpp:756:23)
INFO: [HLS 214-186] Unrolling loop 'VITIS_LOOP_748_2' (patchMaker.cpp:748:23) in function 'get_index_from_z' completely with a factor of 64 (patchMaker.cpp:748:23)
INFO: [HLS 214-186] Unrolling loop 'VITIS_LOOP_740_1' (patchMaker.cpp:740:23) in function 'get_index_from_z' completely with a factor of 128 (patchMaker.cpp:740:23)
INFO: [HLS 214-186] Unrolling loop 'getIndexFromZ_setDiffArrayCOPY' (patchMaker.cpp:732:5) in function 'get_index_from_z' completely with a factor of 256 (patchMaker.cpp:732:5)
INFO: [HLS 214-186] Unrolling loop 'getIndexFromZ_setDiffArray' (patchMaker.cpp:723:5) in function 'get_index_from_z' completely with a factor of 256 (patchMaker.cpp:723:5)
INFO: [HLS 214-248] complete partitioned array 'GDn_points' on dimension 1 (patchMaker.cpp:885:37)
INFO: [HLS 200-111] Finished Compiling Optimization and Transform: CPU user time: 12 seconds. CPU system time: 0 seconds. Elapsed time: 24.669 seconds; current allocated memory: 114.443 MB.
INFO: [HLS 200-111] Finished Checking Pragmas: CPU user time: 0 seconds. CPU system time: 0 seconds. Elapsed time: 0.022 seconds; current allocated memory: 114.444 MB.
INFO: [HLS 200-10] Starting code transformations ...
INFO: [HLS 200-111] Finished Standard Transforms: CPU user time: 110 seconds. CPU system time: 0 seconds. Elapsed time: 110.732 seconds; current allocated memory: 118.961 MB.
INFO: [HLS 200-10] Checking synthesizability ...
INFO: [HLS 200-111] Finished Checking Synthesizability: CPU user time: 89 seconds. CPU system time: 0 seconds. Elapsed time: 89.684 seconds; current allocated memory: 120.286 MB.
INFO: [XFORM 203-510] Pipelining loop 'initGDarrayDecoded_perPoint' (patchMaker.cpp:929) in function 'MPSQ' automatically.
INFO: [XFORM 203-510] Pipelining loop 'finalSPOutput_writeDummy_perPoint1234' (patchMaker.cpp:976) in function 'MPSQ' automatically.
INFO: [XFORM 203-510] Pipelining loop 'finalSPOutput_writeDummy_perPoint' (patchMaker.cpp:976) in function 'MPSQ' automatically.
INFO: [XFORM 203-101] Partitioning array 'GDarrayDecoded' (patchMaker.cpp:910) in dimension 1 completely.
INFO: [XFORM 203-101] Partitioning array 'diffArray' (patchMaker.cpp:715) in dimension 1 completely.
INFO: [XFORM 203-101] Partitioning array 'diffArrayCOPY' (patchMaker.cpp:716) in dimension 1 completely.
WARNING: [HLS 200-914] Completely partitioning array 'GDarrayDecoded' (patchMaker.cpp:910) accessed through non-constant indices on dimension 1 (patchMaker.cpp:935:13), which may result in long runtime and suboptimal QoR due to large multiplexers. Please consider wrapping the array access into a function or using a register file core instead.
INFO: [XFORM 203-101] Partitioning array 'GDarrayDecoded' (patchMaker.cpp:910) in dimension 2 completely.
INFO: [XFORM 203-101] Partitioning array 'GDarrayDecoded' (patchMaker.cpp:910) in dimension 3 completely.
INFO: [XFORM 203-401] Performing if-conversion on hyperblock to (patchMaker.cpp:804:5) in function 'get_index_from_z'... converting 257 basic blocks.
INFO: [HLS 200-111] Finished Loop, function and other optimizations: CPU user time: 102 seconds. CPU system time: 0 seconds. Elapsed time: 103.375 seconds; current allocated memory: 172.796 MB.
INFO: [XFORM 203-541] Flattening a loop nest 'initGDarrayDecoded_perLayer' (patchMaker.cpp:923:17) in function 'MPSQ'.
INFO: [XFORM 203-541] Flattening a loop nest 'finalSPOutput_writeDummy_perSuperpoint1234' (patchMaker.cpp:979:14) in function 'MPSQ'.
INFO: [XFORM 203-541] Flattening a loop nest 'finalSPOutput_writeDummy_perSuperpoint' (patchMaker.cpp:991:14) in function 'MPSQ'.
INFO: [HLS 200-111] Finished Architecture Synthesis: CPU user time: 6 seconds. CPU system time: 0 seconds. Elapsed time: 5.853 seconds; current allocated memory: 224.627 MB.
INFO: [HLS 200-10] Starting hardware synthesis ...
INFO: [HLS 200-10] Synthesizing 'MPSQ' ...
INFO: [HLS 200-10] ----------------------------------------------------------------
INFO: [HLS 200-42] -- Implementing module 'get_index_from_z' 
INFO: [HLS 200-10] ----------------------------------------------------------------
INFO: [SCHED 204-11] Starting scheduling ...
INFO: [SCHED 204-11] Finished scheduling.
INFO: [HLS 200-111] Finished Scheduling: CPU user time: 14 seconds. CPU system time: 0 seconds. Elapsed time: 15.275 seconds; current allocated memory: 232.520 MB.
INFO: [BIND 205-100] Starting micro-architecture generation ...
INFO: [BIND 205-101] Performing variable lifetime analysis.
INFO: [BIND 205-101] Exploring resource sharing.
INFO: [BIND 205-101] Binding ...
INFO: [BIND 205-100] Finished micro-architecture generation.
INFO: [HLS 200-111] Finished Binding: CPU user time: 4 seconds. CPU system time: 1 seconds. Elapsed time: 4.695 seconds; current allocated memory: 249.577 MB.
INFO: [HLS 200-10] ----------------------------------------------------------------
INFO: [HLS 200-42] -- Implementing module 'MPSQ' 
INFO: [HLS 200-10] ----------------------------------------------------------------
INFO: [SCHED 204-11] Starting scheduling ...
INFO: [SCHED 204-61] Pipelining loop 'initGDarrayDecoded_perLayer_initGDarrayDecoded_perPoint'.
INFO: [HLS 200-1470] Pipelining result : Target II = 1, Final II = 1, Depth = 3, loop 'initGDarrayDecoded_perLayer_initGDarrayDecoded_perPoint'
INFO: [SCHED 204-61] Pipelining loop 'finalSPOutput_writeDummy_perSuperpoint1234_finalSPOutput_writeDummy_perPoint1234'.
INFO: [HLS 200-1470] Pipelining result : Target II = 1, Final II = 1, Depth = 2, loop 'finalSPOutput_writeDummy_perSuperpoint1234_finalSPOutput_writeDummy_perPoint1234'
INFO: [SCHED 204-61] Pipelining loop 'finalSPOutput_writeDummy_perSuperpoint_finalSPOutput_writeDummy_perPoint'.
INFO: [HLS 200-1470] Pipelining result : Target II = 1, Final II = 1, Depth = 2, loop 'finalSPOutput_writeDummy_perSuperpoint_finalSPOutput_writeDummy_perPoint'
INFO: [SCHED 204-11] Finished scheduling.
INFO: [HLS 200-111] Finished Scheduling: CPU user time: 6 seconds. CPU system time: 0 seconds. Elapsed time: 7.492 seconds; current allocated memory: 253.227 MB.
INFO: [BIND 205-100] Starting micro-architecture generation ...
INFO: [BIND 205-101] Performing variable lifetime analysis.
INFO: [BIND 205-101] Exploring resource sharing.
INFO: [BIND 205-101] Binding ...
INFO: [BIND 205-100] Finished micro-architecture generation.
INFO: [HLS 200-111] Finished Binding: CPU user time: 2 seconds. CPU system time: 0 seconds. Elapsed time: 2.863 seconds; current allocated memory: 257.107 MB.
INFO: [HLS 200-10] ----------------------------------------------------------------
INFO: [HLS 200-10] -- Generating RTL for module 'get_index_from_z' 
INFO: [HLS 200-10] ----------------------------------------------------------------
INFO: [RTGEN 206-104] Estimated max fanout for 'get_index_from_z' is 8192 from HDL expression: (1'b1 == ap_CS_fsm_state1)
INFO: [RTGEN 206-100] Finished creating RTL model for 'get_index_from_z'.
INFO: [HLS 200-111] Finished Creating RTL model: CPU user time: 8 seconds. CPU system time: 0 seconds. Elapsed time: 8.319 seconds; current allocated memory: 279.618 MB.
INFO: [HLS 200-10] ----------------------------------------------------------------
INFO: [HLS 200-10] -- Generating RTL for module 'MPSQ' 
INFO: [HLS 200-10] ----------------------------------------------------------------
INFO: [RTGEN 206-500] Setting interface mode on port 'MPSQ/ppl' to 'ap_none'.
INFO: [RTGEN 206-500] Setting interface mode on port 'MPSQ/n_patches' to 'ap_none'.
INFO: [RTGEN 206-500] Setting interface mode on port 'MPSQ/GDarray' to 'ap_memory'.
INFO: [RTGEN 206-500] Setting interface mode on port 'MPSQ/GDn_points_0' to 'ap_none'.
INFO: [RTGEN 206-500] Setting interface mode on port 'MPSQ/GDn_points_1' to 'ap_none'.
INFO: [RTGEN 206-500] Setting interface mode on port 'MPSQ/GDn_points_2' to 'ap_none'.
INFO: [RTGEN 206-500] Setting interface mode on port 'MPSQ/GDn_points_3' to 'ap_none'.
INFO: [RTGEN 206-500] Setting interface mode on port 'MPSQ/GDn_points_4' to 'ap_none'.
INFO: [RTGEN 206-500] Setting interface mode on port 'MPSQ/output_patch_stream_V' to 'ap_fifo'.
INFO: [RTGEN 206-500] Setting interface mode on function 'MPSQ' to 'ap_ctrl_hs'.
WARNING: [RTGEN 206-101] Port 'MPSQ/ppl' has no fanin or fanout and is left dangling.
               Please use C simulation to confirm this function argument can be read from or written to.
WARNING: [RTGEN 206-101] Port 'MPSQ/n_patches' has no fanin or fanout and is left dangling.
               Please use C simulation to confirm this function argument can be read from or written to.
WARNING: [RTGEN 206-101] Port 'MPSQ/GDn_points_0' has no fanin or fanout and is left dangling.
               Please use C simulation to confirm this function argument can be read from or written to.
WARNING: [RTGEN 206-101] Port 'MPSQ/GDn_points_1' has no fanin or fanout and is left dangling.
               Please use C simulation to confirm this function argument can be read from or written to.
WARNING: [RTGEN 206-101] Port 'MPSQ/GDn_points_2' has no fanin or fanout and is left dangling.
               Please use C simulation to confirm this function argument can be read from or written to.
WARNING: [RTGEN 206-101] Port 'MPSQ/GDn_points_3' has no fanin or fanout and is left dangling.
               Please use C simulation to confirm this function argument can be read from or written to.
WARNING: [RTGEN 206-101] Port 'MPSQ/GDn_points_4' has no fanin or fanout and is left dangling.
               Please use C simulation to confirm this function argument can be read from or written to.
INFO: [RTGEN 206-100] Finished creating RTL model for 'MPSQ'.
INFO: [HLS 200-111] Finished Creating RTL model: CPU user time: 14 seconds. CPU system time: 3 seconds. Elapsed time: 19.583 seconds; current allocated memory: 314.366 MB.
INFO: [HLS 200-111] Finished Generating all RTL models: CPU user time: 9 seconds. CPU system time: 2 seconds. Elapsed time: 13.402 seconds; current allocated memory: 329.791 MB.
INFO: [VHDL 208-304] Generating VHDL RTL for MPSQ.
INFO: [VLOG 209-307] Generating Verilog RTL for MPSQ.
INFO: [HLS 200-790] **** Loop Constraint Status: All loop constraints were satisfied.
INFO: [HLS 200-789] **** Estimated Fmax: 460.41 MHz
INFO: [HLS 200-111] Finished Command csynth_design CPU user time: 378 seconds. CPU system time: 7 seconds. Elapsed time: 446.04 seconds; current allocated memory: 331.697 MB.
INFO: [HLS 200-112] Total CPU user time: 380 seconds. Total CPU system time: 8 seconds. Total elapsed time: 449.825 seconds; peak allocated memory: 871.690 MB.
