0
343434343434343434343434343434343434343434343434343434343434343434343434343434343434343434343434343434343434343434343434343434343434343434343434343434343434343400000000000000000000000000000000000000000000000000000000000000000000000000000000The maximum depth reached by any of the 1 hls::stream() instances in the design is 0

C:\Users\rapiduser\Desktop\tanishGitHub\tanishPatchMakerHLS\PatchMaker_tanishGit\solutionLC\sim\verilog>set PATH= 

C:\Users\rapiduser\Desktop\tanishGitHub\tanishPatchMakerHLS\PatchMaker_tanishGit\solutionLC\sim\verilog>call C:/Xilinx/Vivado/2020.2/bin/xelab xil_defaultlib.apatb_MPSQ_top glbl -prj MPSQ.prj -L smartconnect_v1_0 -L axi_protocol_checker_v1_1_12 -L axi_protocol_checker_v1_1_13 -L axis_protocol_checker_v1_1_11 -L axis_protocol_checker_v1_1_12 -L xil_defaultlib -L unisims_ver -L xpm  -L floating_point_v7_0_18 -L floating_point_v7_1_11 --lib "ieee_proposed=./ieee_proposed" -s MPSQ  
Vivado Simulator 2020.2
Copyright 1986-1999, 2001-2020 Xilinx, Inc. All Rights Reserved.
Running: C:/Xilinx/Vivado/2020.2/bin/unwrapped/win64.o/xelab.exe xil_defaultlib.apatb_MPSQ_top glbl -prj MPSQ.prj -L smartconnect_v1_0 -L axi_protocol_checker_v1_1_12 -L axi_protocol_checker_v1_1_13 -L axis_protocol_checker_v1_1_11 -L axis_protocol_checker_v1_1_12 -L xil_defaultlib -L unisims_ver -L xpm -L floating_point_v7_0_18 -L floating_point_v7_1_11 --lib ieee_proposed=./ieee_proposed -s MPSQ 
INFO: [VRFC 10-2263] Analyzing SystemVerilog file "C:/Users/rapiduser/Desktop/tanishGitHub/tanishPatchMakerHLS/PatchMaker_tanishGit/solutionLC/sim/verilog/glbl.v" into library work
INFO: [VRFC 10-311] analyzing module glbl
INFO: [VRFC 10-2263] Analyzing SystemVerilog file "C:/Users/rapiduser/Desktop/tanishGitHub/tanishPatchMakerHLS/PatchMaker_tanishGit/solutionLC/sim/verilog/AESL_autofifo_output_patch_stream_V.v" into library xil_defaultlib
INFO: [VRFC 10-311] analyzing module AESL_autofifo_output_patch_stream_V
INFO: [VRFC 10-2263] Analyzing SystemVerilog file "C:/Users/rapiduser/Desktop/tanishGitHub/tanishPatchMakerHLS/PatchMaker_tanishGit/solutionLC/sim/verilog/AESL_automem_GDarray.v" into library xil_defaultlib
INFO: [VRFC 10-311] analyzing module AESL_automem_GDarray
INFO: [VRFC 10-2263] Analyzing SystemVerilog file "C:/Users/rapiduser/Desktop/tanishGitHub/tanishPatchMakerHLS/PatchMaker_tanishGit/solutionLC/sim/verilog/MPSQ.autotb.v" into library xil_defaultlib
INFO: [VRFC 10-311] analyzing module apatb_MPSQ_top
INFO: [VRFC 10-2263] Analyzing SystemVerilog file "C:/Users/rapiduser/Desktop/tanishGitHub/tanishPatchMakerHLS/PatchMaker_tanishGit/solutionLC/sim/verilog/MPSQ.v" into library xil_defaultlib
INFO: [VRFC 10-311] analyzing module MPSQ
INFO: [VRFC 10-2263] Analyzing SystemVerilog file "C:/Users/rapiduser/Desktop/tanishGitHub/tanishPatchMakerHLS/PatchMaker_tanishGit/solutionLC/sim/verilog/MPSQ_get_index_from_z.v" into library xil_defaultlib
INFO: [VRFC 10-311] analyzing module MPSQ_get_index_from_z
INFO: [VRFC 10-2263] Analyzing SystemVerilog file "C:/Users/rapiduser/Desktop/tanishGitHub/tanishPatchMakerHLS/PatchMaker_tanishGit/solutionLC/sim/verilog/csv_file_dump.sv" into library xil_defaultlib
INFO: [VRFC 10-2263] Analyzing SystemVerilog file "C:/Users/rapiduser/Desktop/tanishGitHub/tanishPatchMakerHLS/PatchMaker_tanishGit/solutionLC/sim/verilog/dataflow_monitor.sv" into library xil_defaultlib
INFO: [VRFC 10-311] analyzing module dataflow_monitor
INFO: [VRFC 10-2263] Analyzing SystemVerilog file "C:/Users/rapiduser/Desktop/tanishGitHub/tanishPatchMakerHLS/PatchMaker_tanishGit/solutionLC/sim/verilog/df_fifo_interface.sv" into library xil_defaultlib
WARNING: [VRFC 10-3609] overwriting previous definition of interface 'df_fifo_intf' [C:/Users/rapiduser/Desktop/tanishGitHub/tanishPatchMakerHLS/PatchMaker_tanishGit/solutionLC/sim/verilog/df_fifo_interface.sv:4]
INFO: [VRFC 10-2263] Analyzing SystemVerilog file "C:/Users/rapiduser/Desktop/tanishGitHub/tanishPatchMakerHLS/PatchMaker_tanishGit/solutionLC/sim/verilog/df_fifo_monitor.sv" into library xil_defaultlib
WARNING: [VRFC 10-3609] overwriting previous definition of interface 'df_fifo_intf' [C:/Users/rapiduser/Desktop/tanishGitHub/tanishPatchMakerHLS/PatchMaker_tanishGit/solutionLC/sim/verilog/df_fifo_interface.sv:4]
INFO: [VRFC 10-2263] Analyzing SystemVerilog file "C:/Users/rapiduser/Desktop/tanishGitHub/tanishPatchMakerHLS/PatchMaker_tanishGit/solutionLC/sim/verilog/df_process_interface.sv" into library xil_defaultlib
WARNING: [VRFC 10-3609] overwriting previous definition of interface 'df_process_intf' [C:/Users/rapiduser/Desktop/tanishGitHub/tanishPatchMakerHLS/PatchMaker_tanishGit/solutionLC/sim/verilog/df_process_interface.sv:4]
INFO: [VRFC 10-2263] Analyzing SystemVerilog file "C:/Users/rapiduser/Desktop/tanishGitHub/tanishPatchMakerHLS/PatchMaker_tanishGit/solutionLC/sim/verilog/df_process_monitor.sv" into library xil_defaultlib
WARNING: [VRFC 10-3609] overwriting previous definition of interface 'df_process_intf' [C:/Users/rapiduser/Desktop/tanishGitHub/tanishPatchMakerHLS/PatchMaker_tanishGit/solutionLC/sim/verilog/df_process_interface.sv:4]
INFO: [VRFC 10-2263] Analyzing SystemVerilog file "C:/Users/rapiduser/Desktop/tanishGitHub/tanishPatchMakerHLS/PatchMaker_tanishGit/solutionLC/sim/verilog/dump_file_agent.sv" into library xil_defaultlib
INFO: [VRFC 10-2263] Analyzing SystemVerilog file "C:/Users/rapiduser/Desktop/tanishGitHub/tanishPatchMakerHLS/PatchMaker_tanishGit/solutionLC/sim/verilog/nodf_module_interface.sv" into library xil_defaultlib
WARNING: [VRFC 10-3609] overwriting previous definition of interface 'nodf_module_intf' [C:/Users/rapiduser/Desktop/tanishGitHub/tanishPatchMakerHLS/PatchMaker_tanishGit/solutionLC/sim/verilog/nodf_module_interface.sv:4]
INFO: [VRFC 10-2263] Analyzing SystemVerilog file "C:/Users/rapiduser/Desktop/tanishGitHub/tanishPatchMakerHLS/PatchMaker_tanishGit/solutionLC/sim/verilog/nodf_module_monitor.sv" into library xil_defaultlib
WARNING: [VRFC 10-3609] overwriting previous definition of interface 'nodf_module_intf' [C:/Users/rapiduser/Desktop/tanishGitHub/tanishPatchMakerHLS/PatchMaker_tanishGit/solutionLC/sim/verilog/nodf_module_interface.sv:4]
INFO: [VRFC 10-2263] Analyzing SystemVerilog file "C:/Users/rapiduser/Desktop/tanishGitHub/tanishPatchMakerHLS/PatchMaker_tanishGit/solutionLC/sim/verilog/sample_agent.sv" into library xil_defaultlib
INFO: [VRFC 10-2263] Analyzing SystemVerilog file "C:/Users/rapiduser/Desktop/tanishGitHub/tanishPatchMakerHLS/PatchMaker_tanishGit/solutionLC/sim/verilog/sample_manager.sv" into library xil_defaultlib
Starting static elaboration
Pass Through NonSizing Optimizer
Completed static elaboration
Starting simulation data flow analysis
Completed simulation data flow analysis
Time Resolution for simulation is 1ps
Compiling package xil_defaultlib.$unit_dataflow_monitor_sv
Compiling module xil_defaultlib.MPSQ_get_index_from_z
Compiling module xil_defaultlib.MPSQ
Compiling module xil_defaultlib.AESL_automem_GDarray
Compiling module xil_defaultlib.AESL_autofifo_output_patch_strea...
Compiling module xil_defaultlib.nodf_module_intf
Compiling module xil_defaultlib.dataflow_monitor_1
Compiling module xil_defaultlib.apatb_MPSQ_top
Compiling module work.glbl
Built simulation snapshot MPSQ

****** Webtalk v2020.2 (64-bit)
  **** SW Build 3064766 on Wed Nov 18 09:12:45 MST 2020
  **** IP Build 3064653 on Wed Nov 18 14:17:31 MST 2020
    ** Copyright 1986-2020 Xilinx, Inc. All Rights Reserved.

source C:/Users/rapiduser/Desktop/tanishGitHub/tanishPatchMakerHLS/PatchMaker_tanishGit/solutionLC/sim/verilog/xsim.dir/MPSQ/webtalk/xsim_webtalk.tcl -notrace
INFO: [Common 17-206] Exiting Webtalk at Wed Aug  7 22:21:16 2024...

****** xsim v2020.2 (64-bit)
  **** SW Build 3064766 on Wed Nov 18 09:12:45 MST 2020
  **** IP Build 3064653 on Wed Nov 18 14:17:31 MST 2020
    ** Copyright 1986-2020 Xilinx, Inc. All Rights Reserved.

source xsim.dir/MPSQ/xsim_script.tcl
# xsim {MPSQ} -autoloadwcfg -tclbatch {MPSQ.tcl}
Vivado Simulator 2020.2
Time resolution is 1 ps
source MPSQ.tcl
## run all
////////////////////////////////////////////////////////////////////////////////////
// Inter-Transaction Progress: Completed Transaction / Total Transaction
// Intra-Transaction Progress: Measured Latency / Latency Estimation * 100%
//
// RTL Simulation : "Inter-Transaction Progress" ["Intra-Transaction Progress"] @ "Simulation Time"
////////////////////////////////////////////////////////////////////////////////////
// RTL Simulation : 0 / 1 [0.00%] @ "107000"
// RTL Simulation : 1 / 1 [100.00%] @ "4526000"
////////////////////////////////////////////////////////////////////////////////////
$finish called at time : 4537500 ps : File "C:/Users/rapiduser/Desktop/tanishGitHub/tanishPatchMakerHLS/PatchMaker_tanishGit/solutionLC/sim/verilog/MPSQ.autotb.v" Line 324
## quit
INFO: [Common 17-206] Exiting xsim at Wed Aug  7 22:21:34 2024...
0
343434343434343434343434343434343434343434343434343434343434343434343434343434343434343434343434343434343434343434343434343434343434343434343434343434343434343400000000000000000000000000000000000000000000000000000000000000000000000000000000The maximum depth reached by any of the 1 hls::stream() instances in the design is 0
