

================================================================
== Synthesis Summary Report of 'MPSQ'
================================================================
+ General Information: 
    * Date:           Wed Aug  7 18:22:13 2024
    * Version:        2020.2 (Build 3064766 on Wed Nov 18 09:12:45 MST 2020)
    * Project:        PatchMaker_tanishGit
    * Solution:       solutionSC6 (Vivado IP Flow Target)
    * Product family: virtexuplus
    * Target device:  xcvu19p-fsvb3824-2-e
    

+ Performance & Resource Estimates: 
    
    PS: '+' for module; 'o' for loop; '*' for dataflow
    +-------------------------------------------------------------------------------------+------+-------+---------+-----------+----------+---------+------+----------+------+----+-------------+------------+-----+
    |                                       Modules                                       | Issue|       | Latency |  Latency  | Iteration|         | Trip |          |      |    |             |            |     |
    |                                       & Loops                                       | Type | Slack | (cycles)|    (ns)   |  Latency | Interval| Count| Pipelined| BRAM | DSP|      FF     |     LUT    | URAM|
    +-------------------------------------------------------------------------------------+------+-------+---------+-----------+----------+---------+------+----------+------+----+-------------+------------+-----+
    |+ MPSQ                                                                               |     -|  -0.01|     1471|  4.413e+03|         -|     1472|     -|        no|     -|   -|  19598 (~0%)|  54055 (1%)|    -|
    | + grp_get_index_from_z_fu_1708                                                      |     -|  -0.01|       23|     69.000|         -|       23|     -|        no|     -|   -|  11310 (~0%)|  53717 (1%)|    -|
    | o initGDarrayDecoded_perLayer_initGDarrayDecoded_perPoint                           |     -|  -2.19|     1281|  3.843e+03|         3|        1|  1280|       yes|     -|   -|            -|           -|    -|
    | o finalSPOutput_writeDummy_perSuperpoint1234_finalSPOutput_writeDummy_perPoint1234  |     -|  -2.19|       80|    240.000|         2|        1|    80|       yes|     -|   -|            -|           -|    -|
    | o finalSPOutput_writeDummy_perSuperpoint_finalSPOutput_writeDummy_perPoint          |     -|  -2.19|       80|    240.000|         2|        1|    80|       yes|     -|   -|            -|           -|    -|
    +-------------------------------------------------------------------------------------+------+-------+---------+-----------+----------+---------+------+----------+------+----+-------------+------------+-----+

